
                         MODELLER 9.19, 2017/07/19, r11078

     PROTEIN STRUCTURE MODELLING BY SATISFACTION OF SPATIAL RESTRAINTS


                     Copyright(c) 1989-2017 Andrej Sali
                            All Rights Reserved

                             Written by A. Sali
                               with help from
              B. Webb, M.S. Madhusudhan, M-Y. Shen, G.Q. Dong,
          M.A. Marti-Renom, N. Eswar, F. Alber, M. Topf, B. Oliva,
             A. Fiser, R. Sanchez, B. Yerkovich, A. Badretdinov,
                     F. Melo, J.P. Overington, E. Feyfant
                 University of California, San Francisco, USA
                    Rockefeller University, New York, USA
                      Harvard University, Cambridge, USA
                   Imperial Cancer Research Fund, London, UK
              Birkbeck College, University of London, London, UK


Kind, OS, HostName, Kernel, Processor: 4, Linux german-xps 4.14.6-041406-generic x86_64
Date and time of compilation         : 2017/07/19 15:03:51
MODELLER executable type             : x86_64-intel8
Job starting time (YY/MM/DD HH:MM:SS): 2018/02/20 13:04:19

openf___224_> Open           $(LIB)/restyp.lib
openf___224_> Open           ${MODINSTALL9v19}/modlib/resgrp.lib
rdresgr_266_> Number of residue groups:        2
openf___224_> Open           ${MODINSTALL9v19}/modlib/sstruc.lib

Dynamically allocated memory at   amaxlibraries [B,KiB,MiB]:       191566     187.076     0.183

Dynamically allocated memory at   amaxlibraries [B,KiB,MiB]:       192094     187.592     0.183
openf___224_> Open           ${MODINSTALL9v19}/modlib/resdih.lib

Dynamically allocated memory at   amaxlibraries [B,KiB,MiB]:       240694     235.053     0.230
rdrdih__263_> Number of dihedral angle types         :        9
              Maximal number of dihedral angle optima:        3
              Dihedral angle names                   :  Alph Phi Psi Omeg chi1 chi2 chi3 chi4 chi5
openf___224_> Open           ${MODINSTALL9v19}/modlib/radii.lib

Dynamically allocated memory at   amaxlibraries [B,KiB,MiB]:       253994     248.041     0.242
openf___224_> Open           ${MODINSTALL9v19}/modlib/radii14.lib
openf___224_> Open           ${MODINSTALL9v19}/modlib/af_mnchdef.lib
rdwilmo_274_> Mainchain residue conformation classes:  APBLE
openf___224_> Open           ${MODINSTALL9v19}/modlib/mnch.lib
rdclass_257_> Number of classes:        5
openf___224_> Open           ${MODINSTALL9v19}/modlib/mnch1.lib
openf___224_> Open           ${MODINSTALL9v19}/modlib/mnch2.lib
openf___224_> Open           ${MODINSTALL9v19}/modlib/mnch3.lib
openf___224_> Open           ${MODINSTALL9v19}/modlib/xs4.mat
rdrrwgh_268_> Number of residue types:       21
openf___224_> Open           /home/german/labo/18/egfr/model/5EM8_A/to_model_5EM8_A

Dynamically allocated memory at   amaxalignment [B,KiB,MiB]:       265487     259.265     0.253

Dynamically allocated memory at   amaxalignment [B,KiB,MiB]:       266937     260.681     0.255

Dynamically allocated memory at   amaxalignment [B,KiB,MiB]:       269837     263.513     0.257

Dynamically allocated memory at   amaxalignment [B,KiB,MiB]:       275637     269.177     0.263

Dynamically allocated memory at   amaxalignment [B,KiB,MiB]:       392693     383.489     0.375

Dynamically allocated memory at    amaxsequence [B,KiB,MiB]:       393901     384.669     0.376

Dynamically allocated memory at    amaxsequence [B,KiB,MiB]:       395005     385.747     0.377

Read the alignment from file       : /home/german/labo/18/egfr/model/5EM8_A/to_model_5EM8_A
Total number of alignment positions:   308

  #  Code        #_Res #_Segm PDB_code    Name
-------------------------------------------------------------------------------
  1     5EM8_A     303      1      5EM8_A
  2  5EM8_A_fu     277      1
check_a_343_> >> BEGINNING OF COMMAND
openf___224_> Open           ./5EM8_A.pdb

Dynamically allocated memory at amaxcoordinates [B,KiB,MiB]:       487630     476.201     0.465

Dynamically allocated memory at    amaxsequence [B,KiB,MiB]:       487630     476.201     0.465

Dynamically allocated memory at amaxcoordinates [B,KiB,MiB]:       487801     476.368     0.465

Dynamically allocated memory at amaxcoordinates [B,KiB,MiB]:       488651     477.198     0.466

Dynamically allocated memory at amaxcoordinates [B,KiB,MiB]:       489909     478.427     0.467

Dynamically allocated memory at amaxcoordinates [B,KiB,MiB]:       491813     480.286     0.469

Dynamically allocated memory at    amaxsequence [B,KiB,MiB]:       491813     480.286     0.469

Dynamically allocated memory at amaxcoordinates [B,KiB,MiB]:       491903     480.374     0.469

Dynamically allocated memory at amaxcoordinates [B,KiB,MiB]:       494759     483.163     0.472

Dynamically allocated memory at    amaxsequence [B,KiB,MiB]:       494759     483.163     0.472

Dynamically allocated memory at amaxcoordinates [B,KiB,MiB]:       494894     483.295     0.472

Dynamically allocated memory at amaxcoordinates [B,KiB,MiB]:       499178     487.479     0.476

Dynamically allocated memory at    amaxsequence [B,KiB,MiB]:       499178     487.479     0.476

Dynamically allocated memory at amaxcoordinates [B,KiB,MiB]:       499376     487.672     0.476

Dynamically allocated memory at amaxcoordinates [B,KiB,MiB]:       505802     493.947     0.482

Dynamically allocated memory at    amaxsequence [B,KiB,MiB]:       505802     493.947     0.482

Dynamically allocated memory at amaxcoordinates [B,KiB,MiB]:       506099     494.237     0.483

Dynamically allocated memory at amaxcoordinates [B,KiB,MiB]:       515721     503.634     0.492

Dynamically allocated memory at    amaxsequence [B,KiB,MiB]:       515721     503.634     0.492

Dynamically allocated memory at amaxcoordinates [B,KiB,MiB]:       516171     504.073     0.492

Dynamically allocated memory at amaxcoordinates [B,KiB,MiB]:       530621     518.185     0.506

Dynamically allocated memory at    amaxsequence [B,KiB,MiB]:       530621     518.185     0.506

Dynamically allocated memory at amaxcoordinates [B,KiB,MiB]:       531296     518.844     0.507

Dynamically allocated memory at amaxcoordinates [B,KiB,MiB]:       552954     539.994     0.527

Dynamically allocated memory at    amaxsequence [B,KiB,MiB]:       552954     539.994     0.527

Dynamically allocated memory at amaxcoordinates [B,KiB,MiB]:       553962     540.979     0.528

Dynamically allocated memory at amaxcoordinates [B,KiB,MiB]:       586466     572.721     0.559

Dynamically allocated memory at   amaxstructure [B,KiB,MiB]:       586160     572.422     0.559

check_ali___> Checking the sequence-structure alignment. 

Implied intrachain target CA(i)-CA(i+1) distances longer than  8.0 angstroms:

ALN_POS  TMPL  RID1  RID2  NAM1  NAM2     DIST
----------------------------------------------
     54     1  746   750      E     A   10.403
END OF TABLE
check_a_344_> << END OF COMMAND
openf___224_> Open           ${LIB}/top_heav.lib
read_to_681_> topology.submodel read from topology file:        3
openf___224_> Open           ${LIB}/par.lib

Dynamically allocated memory at  amaxparameters [B,KiB,MiB]:       725412     708.410     0.692

Dynamically allocated memory at  amaxparameters [B,KiB,MiB]:       727012     709.973     0.693

Dynamically allocated memory at  amaxparameters [B,KiB,MiB]:       730992     713.859     0.697

Dynamically allocated memory at  amaxparameters [B,KiB,MiB]:       732992     715.812     0.699

Dynamically allocated memory at  amaxparameters [B,KiB,MiB]:       735992     718.742     0.702

Dynamically allocated memory at  amaxparameters [B,KiB,MiB]:       740492     723.137     0.706

Dynamically allocated memory at  amaxparameters [B,KiB,MiB]:       746064     728.578     0.712

Dynamically allocated memory at  amaxparameters [B,KiB,MiB]:       748864     731.312     0.714

Dynamically allocated memory at  amaxparameters [B,KiB,MiB]:       753064     735.414     0.718

Dynamically allocated memory at  amaxparameters [B,KiB,MiB]:       759364     741.566     0.724

Dynamically allocated memory at  amaxparameters [B,KiB,MiB]:       762136     744.273     0.727

Dynamically allocated memory at  amaxparameters [B,KiB,MiB]:       763536     745.641     0.728
read_pa_232_> parameters    BONDS   ANGLS  DIHEDS IMPROPS    MODE
                              227     561     661     112       0

Dynamically allocated memory at       amaxmodel [B,KiB,MiB]:       806868     787.957     0.769

Dynamically allocated memory at       amaxmodel [B,KiB,MiB]:      1026584    1002.523     0.979

Dynamically allocated memory at       amaxmodel [B,KiB,MiB]:      1059568    1034.734     1.010

mkilst______> segment topology constructed from sequence and RTF:
              segments residues atoms bonds angles dihedrals impropers:
                     1      277  2223  2273      0         0       925

Dynamically allocated memory at       amaxmodel [B,KiB,MiB]:      1154892    1127.824     1.101

patch_______> segment topology patched using RTF:     1  ;  LEU  ;  NTER
              segments residues atoms bonds angles dihedrals impropers:
                     1      277  2223  2273   3074      3654       925


Dynamically allocated memory at       amaxmodel [B,KiB,MiB]:      1246988    1217.762     1.189
patch_______> segment topology patched using RTF:   277  ;  LEU  ;  CTER
              segments residues atoms bonds angles dihedrals impropers:
                     1      277  2224  2274   3076      3656       926

genseg______> segment topology constructed from sequence and RTF:
              segments residues atoms bonds angles dihedrals impropers:
                     1      277  2224  2274   3076      3656       926
transfe_506_> MODEL is an average of all templates.
transfe_511_> Number of templates for coordinate transfer:        1
              After transferring coordinates of the equivalent template atoms,
              there are defined, undefined atoms in MODEL:     2177       47
openf___224_> Open           5EM8_A_full.ini
wrpdb___568_> Residues, atoms, selected atoms:      277     2224     2224
make_re_417_> Restraint type to be calculated:  stereo

Dynamically allocated memory at  amaxrestraints [B,KiB,MiB]:      1354037    1322.302     1.291

Dynamically allocated memory at  amaxrestraints [B,KiB,MiB]:      1362229    1330.302     1.299

Dynamically allocated memory at  amaxrestraints [B,KiB,MiB]:      1378613    1346.302     1.315

Dynamically allocated memory at  amaxrestraints [B,KiB,MiB]:      1411381    1378.302     1.346

Dynamically allocated memory at  amaxrestraints [B,KiB,MiB]:      1444149    1410.302     1.377

Dynamically allocated memory at  amaxrestraints [B,KiB,MiB]:      1509685    1474.302     1.440

Dynamically allocated memory at  amaxrestraints [B,KiB,MiB]:      1542453    1506.302     1.471

Dynamically allocated memory at  amaxrestraints [B,KiB,MiB]:      1575221    1538.302     1.502

Dynamically allocated memory at  amaxrestraints [B,KiB,MiB]:      1640757    1602.302     1.565

Dynamically allocated memory at  amaxrestraints [B,KiB,MiB]:      1771829    1730.302     1.690

Dynamically allocated memory at  amaxrestraints [B,KiB,MiB]:      1837365    1794.302     1.752

Dynamically allocated memory at  amaxrestraints [B,KiB,MiB]:      1902901    1858.302     1.815

Dynamically allocated memory at  amaxrestraints [B,KiB,MiB]:      2033973    1986.302     1.940

Dynamically allocated memory at  amaxrestraints [B,KiB,MiB]:      2296117    2242.302     2.190
r_stere_606_> Stereochemical restraints were constructed from RTF & PRMF.
              Added bond,angle,dihedral,improper restraints  :     2274    3076    3497     912
              Total number of restraints before, now         :        0     9759
make_re_422_> Number of previous, current restraints         :        0     9759
make_re_423_> Number of previous, current selected restraints:        0     9759
make_re_417_> Restraint type to be calculated:  phi-psi_binormal

Dynamically allocated memory at   amaxstructure [B,KiB,MiB]:      2456761    2399.181     2.343
openf___224_> Open           ${MODINSTALL9v19}/modlib/mnch1.bin
openf___224_> Open           ${MODINSTALL9v19}/modlib/mnch1.mdt
getdata_643_> Protein accepted:  5EM8_A
getdata_289_> Proteins (all/accepted):        1        1

Dynamically allocated memory at  amaxrestraints [B,KiB,MiB]:      2587849    2527.196     2.468
make_re_422_> Number of previous, current restraints         :     9759    10034
make_re_423_> Number of previous, current selected restraints:     9759    10034
make_re_417_> Restraint type to be calculated:  omega_dihedral

Dynamically allocated memory at   amaxstructure [B,KiB,MiB]:      2587849    2527.196     2.468
openf___224_> Open           ${MODINSTALL9v19}/modlib/omega.bin
openf___224_> Open           ${MODINSTALL9v19}/modlib/omega.mdt
getdata_643_> Protein accepted:  5EM8_A
getdata_289_> Proteins (all/accepted):        1        1
omgdel__425_> Unselected all O C +N +CA dihedrals:      290
              (This is to avoid clashes between STEREO
              and OMEGA_DIHEDRAL restraints)
make_re_422_> Number of previous, current restraints         :    10034    10310
make_re_423_> Number of previous, current selected restraints:    10034    10020
make_re_417_> Restraint type to be calculated:  chi1_dihedral

Dynamically allocated memory at   amaxstructure [B,KiB,MiB]:      2587849    2527.196     2.468
openf___224_> Open           ${MODINSTALL9v19}/modlib/chi1234.bin
openf___224_> Open           ${MODINSTALL9v19}/modlib/chi1.mdt
getdata_643_> Protein accepted:  5EM8_A
getdata_289_> Proteins (all/accepted):        1        1

Dynamically allocated memory at  amaxrestraints [B,KiB,MiB]:      2718921    2655.196     2.593
make_re_422_> Number of previous, current restraints         :    10310    10554
make_re_423_> Number of previous, current selected restraints:    10020    10264
make_re_417_> Restraint type to be calculated:  chi2_dihedral

Dynamically allocated memory at   amaxstructure [B,KiB,MiB]:      2718921    2655.196     2.593
openf___224_> Open           ${MODINSTALL9v19}/modlib/chi1234.bin
openf___224_> Open           ${MODINSTALL9v19}/modlib/chi2.mdt
getdata_643_> Protein accepted:  5EM8_A
getdata_289_> Proteins (all/accepted):        1        1
make_re_422_> Number of previous, current restraints         :    10554    10746
make_re_423_> Number of previous, current selected restraints:    10264    10456
make_re_417_> Restraint type to be calculated:  chi3_dihedral

Dynamically allocated memory at   amaxstructure [B,KiB,MiB]:      2718921    2655.196     2.593
openf___224_> Open           ${MODINSTALL9v19}/modlib/chi1234.bin
openf___224_> Open           ${MODINSTALL9v19}/modlib/chi3.mdt
getdata_643_> Protein accepted:  5EM8_A
getdata_289_> Proteins (all/accepted):        1        1
make_re_422_> Number of previous, current restraints         :    10746    10835
make_re_423_> Number of previous, current selected restraints:    10456    10545
make_re_417_> Restraint type to be calculated:  chi4_dihedral

Dynamically allocated memory at   amaxstructure [B,KiB,MiB]:      2718921    2655.196     2.593
openf___224_> Open           ${MODINSTALL9v19}/modlib/chi1234.bin
openf___224_> Open           ${MODINSTALL9v19}/modlib/chi4.mdt
mdtrsr__446W> A potential that relies on one protein is used, yet you have at
              least one known structure available. MDT, not library, potential is used.
getdata_643_> Protein accepted:  5EM8_A
getdata_289_> Proteins (all/accepted):        1        1
make_re_422_> Number of previous, current restraints         :    10835    10872
make_re_423_> Number of previous, current selected restraints:    10545    10582
make_re_417_> Restraint type to be calculated:  DISTANCE

Dynamically allocated memory at amaxhash_contac [B,KiB,MiB]:      3359397    3280.661     3.204
make_re_422_> Number of previous, current restraints         :    10872    16313
make_re_423_> Number of previous, current selected restraints:    10582    16023
make_re_417_> Restraint type to be calculated:  DISTANCE

Dynamically allocated memory at  amaxrestraints [B,KiB,MiB]:      3621541    3536.661     3.454

Dynamically allocated memory at  amaxrestraints [B,KiB,MiB]:      3883685    3792.661     3.704

Dynamically allocated memory at  amaxrestraints [B,KiB,MiB]:      4407973    4304.661     4.204
make_re_422_> Number of previous, current restraints         :    16313    21794
make_re_423_> Number of previous, current selected restraints:    16023    21504
make_re_417_> Restraint type to be calculated:  DISTANCE

Dynamically allocated memory at  amaxrestraints [B,KiB,MiB]:      4670117    4560.661     4.454
make_re_422_> Number of previous, current restraints         :    21794    26189
make_re_423_> Number of previous, current selected restraints:    21504    25899
make_re_417_> Restraint type to be calculated:  DISTANCE
make_re_422_> Number of previous, current restraints         :    26189    28959
make_re_423_> Number of previous, current selected restraints:    25899    28669
0 atoms in HETATM/BLK residues constrained
to protein atoms within 2.30 angstroms
and protein CA atoms within 10.00 angstroms
make_re_417_> Restraint type to be calculated:  DISTANCE
make_re_422_> Number of previous, current restraints         :    28959    28959
make_re_423_> Number of previous, current selected restraints:    28669    28669
make_re_417_> Restraint type to be calculated:  DISTANCE
make_re_422_> Number of previous, current restraints         :    28959    28959
make_re_423_> Number of previous, current selected restraints:    28669    28669
make_re_417_> Restraint type to be calculated:  DISTANCE
make_re_422_> Number of previous, current restraints         :    28959    28959
make_re_423_> Number of previous, current selected restraints:    28669    28669
make_re_417_> Restraint type to be calculated:  DISTANCE
make_re_422_> Number of previous, current restraints         :    28959    28959
make_re_423_> Number of previous, current selected restraints:    28669    28669
0 atoms in residues without defined topology
constrained to be rigid bodies
make_re_417_> Restraint type to be calculated:  DISTANCE
make_re_422_> Number of previous, current restraints         :    28959    28959
make_re_423_> Number of previous, current selected restraints:    28669    28669
rmdupl__427_>     1736 redundant cosine dihedral restraints were unselected.
condens_443_> Restraints marked for deletion were removed.
              Total number of restraints before, now:    28959    26933
openf___224_> Open           5EM8_A_full.rsr
openf___224_> Open           5EM8_A_full.rsr

Dynamically allocated memory at  amaxrestraints [B,KiB,MiB]:      4710489    4600.087     4.492
rdcsr2__307_> Number of restraints read    :    26933
              Number of excluded pairs read:        0
              Number of pseudo atoms read  :        0
rdcsrs__304_> Restraints in memory, selected restraints:    26933    26933
              Explicitly excluded atom pairs in memory :        0
              Pseudo atoms in memory                   :        0
95 (of 2224 total) atoms selected for optimization
openf___224_> Open           5EM8_A_full.ini

Dynamically allocated memory at       amaxmodel [B,KiB,MiB]:      4710513    4600.110     4.492
read_mo_297_> Segments, residues, atoms:        1      277     2224
read_mo_298_> Segment:        1     1   277     2224
randomi_498_> Atoms,selected atoms,random_seed,amplitude:     2224       95        1        4.0000
randomi_496_> Amplitude is > 0; randomization is done.
pick_re_612_> Number of MODEL atoms, selected restraints;       95      650
pick_re_612_> Number of MODEL atoms, selected restraints;       95      754
pick_re_612_> Number of MODEL atoms, selected restraints;       95      799
pick_re_612_> Number of MODEL atoms, selected restraints;       95      815
pick_re_612_> Number of MODEL atoms, selected restraints;       95      862
pick_re_612_> Number of MODEL atoms, selected restraints;       95      953
pick_re_612_> Number of MODEL atoms, selected restraints;       95      992
pick_re_612_> Number of MODEL atoms, selected restraints;       95     1239

Dynamically allocated memory at  amaxrestraints [B,KiB,MiB]:      5056469    4937.958     4.822
pick_re_612_> Number of MODEL atoms, selected restraints;       95     1282
pick_re_612_> Number of MODEL atoms, selected restraints;       95     1282
pick_re_612_> Number of MODEL atoms, selected restraints;       95     1282
iupac_m_487_> NH1/2 swapped:     -177.8035        3     3
iupac_m_486_> OE1/2 will be swapped:     -119.2206        7     7
iupac_m_486_> OE1/2 will be swapped:      167.8678        9     9
iupac_m_486_> OE1/2 will be swapped:      148.2005       32    32
iupac_m_486_> OE1/2 will be swapped:     -180.0000       44    44
iupac_m_487_> NH1/2 swapped:      180.0000       46    46
iupac_m_486_> OE1/2 will be swapped:     -160.5621       47    47
iupac_m_486_> OE1/2 will be swapped:     -172.1342       56    56
iupac_m_483_> CD1/2 CE1/2 swapped:      -90.1074       99    99
iupac_m_397W> Atoms were not swapped because of the uncertainty of how to handle the H atom.
iupac_m_486_> OE1/2 will be swapped:     -170.0635      127   127
iupac_m_486_> OE1/2 will be swapped:     -180.0000      163   163
iupac_m_486_> OE1/2 will be swapped:     -179.9802      164   164
iupac_m_486_> OE1/2 will be swapped:      169.0821      170   170
iupac_m_487_> NH1/2 swapped:      179.9558      187   187
iupac_m_483_> CD1/2 CE1/2 swapped:       90.7048      198   198
iupac_m_397W> Atoms were not swapped because of the uncertainty of how to handle the H atom.
iupac_m_484W> Dihedral still outside +-90:      -91.3360
iupac_m_483_> CD1/2 CE1/2 swapped:       92.1644      213   213
iupac_m_397W> Atoms were not swapped because of the uncertainty of how to handle the H atom.
iupac_m_484W> Dihedral still outside +-90:      -90.8741
iupac_m_486_> OE1/2 will be swapped:     -175.1644      229   229
iupac_m_487_> NH1/2 swapped:     -179.8176      256   256
iupac_m_487_> NH1/2 swapped:     -179.6655      260   260
iupac_m_486_> OE1/2 will be swapped:      116.3573      265   265
iupac_m_487_> NH1/2 swapped:      178.9334      271   271
iupac_m_487_> NH1/2 swapped:     -179.3571      275   275


>> ENERGY; Differences between the model's features and restraints:
Number of all residues in MODEL                   :      277
Number of all, selected real atoms                :     2224      95
Number of all, selected pseudo atoms              :        0       0
Number of all static, selected restraints         :    26933    1282
COVALENT_CYS                                      :        F
NONBONDED_SEL_ATOMS                               :        1
Number of non-bonded pairs (excluding 1-2,1-3,1-4):      187
Dynamic pairs routine                             : 5, NATM_SEL x NATM double loop
Atomic shift for contacts update (UPDATE_DYNAMIC) :    0.390
LENNARD_JONES_SWITCH                              :    6.500   7.500
COULOMB_JONES_SWITCH                              :    6.500   7.500
RESIDUE_SPAN_RANGE                                :        0   99999
NLOGN_USE                                         :       15
CONTACT_SHELL                                     :    4.000
DYNAMIC_PAIRS,_SPHERE,_COULOMB,_LENNARD,_MODELLER :        T       T       F       F       F
SPHERE_STDV                                       :    0.050
RADII_FACTOR                                      :    0.820
Current energy                                    :          83.0851





Summary of the restraint violations: 

   NUM     ... number of restraints.
   NUMVI   ... number of restraints with RVIOL > VIOL_REPORT_CUT[i].
   RVIOL   ... relative difference from the best value.
   NUMVP   ... number of restraints with -Ln(pdf) > VIOL_REPORT_CUT2[i].
   RMS_1   ... RMS(feature, minimally_violated_basis_restraint, NUMB).
   RMS_2   ... RMS(feature, best_value, NUMB).
   MOL.PDF ... scaled contribution to -Ln(Molecular pdf).

 #                     RESTRAINT_GROUP      NUM   NUMVI  NUMVP   RMS_1   RMS_2         MOL.PDF     S_i
------------------------------------------------------------------------------------------------------
 1 Bond length potential              :      98       0      0   0.008   0.008      1.5332       1.000
 2 Bond angle potential               :     134       0      2   2.832   2.832      19.276       1.000
 3 Stereochemical cosine torsion poten:      51       0      1  49.580  49.580      18.950       1.000
 4 Stereochemical improper torsion pot:      32       0      1   2.377   2.377      3.1658       1.000
 5 Soft-sphere overlap restraints     :     187       0      1   0.012   0.012      3.3692       1.000
 6 Lennard-Jones 6-12 potential       :       0       0      0   0.000   0.000      0.0000       1.000
 7 Coulomb point-point electrostatic p:       0       0      0   0.000   0.000      0.0000       1.000
 8 H-bonding potential                :       0       0      0   0.000   0.000      0.0000       1.000
 9 Distance restraints 1 (CA-CA)      :     284       0      0   0.105   0.105      2.6843       1.000
10 Distance restraints 2 (N-O)        :     301       0      0   0.139   0.139      4.8233       1.000
11 Mainchain Phi dihedral restraints  :       0       0      0   0.000   0.000      0.0000       1.000
12 Mainchain Psi dihedral restraints  :       0       0      0   0.000   0.000      0.0000       1.000
13 Mainchain Omega dihedral restraints:      14       0      0   3.782   3.782      2.3617       1.000
14 Sidechain Chi_1 dihedral restraints:      10       0      0  32.198  32.198    -0.79174       1.000
15 Sidechain Chi_2 dihedral restraints:      10       0      0  52.904  52.904      1.5876       1.000
16 Sidechain Chi_3 dihedral restraints:       6       0      0  26.833  26.833      2.9038       1.000
17 Sidechain Chi_4 dihedral restraints:       3       0      0  96.064  96.064      2.0168       1.000
18 Disulfide distance restraints      :       0       0      0   0.000   0.000      0.0000       1.000
19 Disulfide angle restraints         :       0       0      0   0.000   0.000      0.0000       1.000
20 Disulfide dihedral angle restraints:       0       0      0   0.000   0.000      0.0000       1.000
21 Lower bound distance restraints    :       0       0      0   0.000   0.000      0.0000       1.000
22 Upper bound distance restraints    :       0       0      0   0.000   0.000      0.0000       1.000
23 Distance restraints 3 (SDCH-MNCH)  :     214       0      0   0.391   0.391      4.4595       1.000
24 Sidechain Chi_5 dihedral restraints:       0       0      0   0.000   0.000      0.0000       1.000
25 Phi/Psi pair of dihedral restraints:      16       0      1  32.167  33.150      7.5907       1.000
26 Distance restraints 4 (SDCH-SDCH)  :     109       0      1   0.864   0.864      9.1555       1.000
27 Distance restraints 5 (X-Y)        :       0       0      0   0.000   0.000      0.0000       1.000
28 NMR distance restraints 6 (X-Y)    :       0       0      0   0.000   0.000      0.0000       1.000
29 NMR distance restraints 7 (X-Y)    :       0       0      0   0.000   0.000      0.0000       1.000
30 Minimal distance restraints        :       0       0      0   0.000   0.000      0.0000       1.000
31 Non-bonded restraints              :       0       0      0   0.000   0.000      0.0000       1.000
32 Atomic accessibility restraints    :       0       0      0   0.000   0.000      0.0000       1.000
33 Atomic density restraints          :       0       0      0   0.000   0.000      0.0000       1.000
34 Absolute position restraints       :       0       0      0   0.000   0.000      0.0000       1.000
35 Dihedral angle difference restraint:       0       0      0   0.000   0.000      0.0000       1.000
36 GBSA implicit solvent potential    :       0       0      0   0.000   0.000      0.0000       1.000
37 EM density fitting potential       :       0       0      0   0.000   0.000      0.0000       1.000
38 SAXS restraints                    :       0       0      0   0.000   0.000      0.0000       1.000
39 Symmetry restraints                :       0       0      0   0.000   0.000      0.0000       1.000



openf___224_> Open           5EM8_A_full.V99990001
# Heavy relative violation of each residue is written to: 5EM8_A_full.V99990001
# The profile is NOT normalized by the number of restraints.
# The profiles are smoothed over a window of residues:    1
# The sum of all numbers in the file:    1060.8239



List of the violated restraints:
   A restraint is violated when the relative difference
   from the best value (RVIOL) is larger than CUTOFF.

   ICSR   ... index of a restraint in the current set.
   RESNO  ... residue numbers of the first two atoms.
   ATM    ... IUPAC atom names of the first two atoms.
   FEAT   ... the value of the feature in the model.
   restr  ... the mean of the basis restraint with the smallest
              difference from the model (local minimum).
   viol   ... difference from the local minimum.
   rviol  ... relative difference from the local minimum.
   RESTR  ... the best value (global minimum).
   VIOL   ... difference from the best value.
   RVIOL  ... relative difference from the best value.



report______> Distribution of short non-bonded contacts:

  serious non-bonded atom clash:   168  354   1.995
  serious non-bonded atom clash:   338  368   1.364
  serious non-bonded atom clash:   339  368   2.284
  serious non-bonded atom clash:   340  368   1.558
  serious non-bonded atom clash:   340  369   2.211
  serious non-bonded atom clash:   341  368   2.200
  serious non-bonded atom clash:   341  369   1.745
  serious non-bonded atom clash:   341  375   1.497
  serious non-bonded atom clash:   341  376   2.139
  serious non-bonded atom clash:   342  368   2.125
  serious non-bonded atom clash:   342  369   0.758
  serious non-bonded atom clash:   342  370   1.819
  serious non-bonded atom clash:   342  375   0.956
  serious non-bonded atom clash:   342  376   2.078
  serious non-bonded atom clash:   343  369   2.220
  serious non-bonded atom clash:   343  375   1.766
  serious non-bonded atom clash:   345  370   1.783
  serious non-bonded atom clash:   345  371   2.053
  serious non-bonded atom clash:   346  639   1.909
  serious non-bonded atom clash:   346  640   1.629
  serious non-bonded atom clash:   346  641   1.712
  serious non-bonded atom clash:   347  375   1.861
  serious non-bonded atom clash:   347  376   1.832
  serious non-bonded atom clash:   348  376   2.196
  serious non-bonded atom clash:   361  380   2.039
  serious non-bonded atom clash:   361  381   1.233
  serious non-bonded atom clash:   361  383   2.296
  serious non-bonded atom clash:   362  381   2.192
  serious non-bonded atom clash:   362  382   2.253
  serious non-bonded atom clash:   362  383   1.875
  serious non-bonded atom clash:   362  387   1.290
  serious non-bonded atom clash:   362  388   2.050
  serious non-bonded atom clash:   362  389   1.649
  serious non-bonded atom clash:   363  380   2.282
  serious non-bonded atom clash:   363  382   1.640
  serious non-bonded atom clash:   363  383   1.666
  serious non-bonded atom clash:   363  387   1.333
  serious non-bonded atom clash:   363  388   1.404
  serious non-bonded atom clash:   364  380   1.702
  serious non-bonded atom clash:   364  382   0.736
  serious non-bonded atom clash:   364  383   1.786
  serious non-bonded atom clash:   365  387   1.732
  serious non-bonded atom clash:   365  388   0.653
  serious non-bonded atom clash:   367  392   2.174
  serious non-bonded atom clash:  1282 1301   1.475
  serious non-bonded atom clash:  1283 1300   1.320
  serious non-bonded atom clash:  1283 1301   0.634
  serious non-bonded atom clash:  1283 1302   2.145
  serious non-bonded atom clash:  1284 1299   1.931
  serious non-bonded atom clash:  1284 1300   0.778
  serious non-bonded atom clash:  1284 1301   1.457
  serious non-bonded atom clash:  1284 1302   2.005
  serious non-bonded atom clash:  1285 1299   1.594
  serious non-bonded atom clash:  1285 1300   1.628
  serious non-bonded atom clash:  1285 1301   2.153
  serious non-bonded atom clash:  1285 1302   2.169
  serious non-bonded atom clash:  1286 1300   1.629

DISTANCE1:  0.00 2.10 2.20 2.30 2.40 2.50 2.60 2.70 2.80 2.90 3.00 3.10 3.20 3.30 3.40
DISTANCE2:  2.10 2.20 2.30 2.40 2.50 2.60 2.70 2.80 2.90 3.00 3.10 3.20 3.30 3.40 3.50
FREQUENCY:    42    9    6    5   13    9   15   41   85  107  138  164  259  333  378


<< end of ENERGY.
openf___224_> Open           5EM8_A_full.B99990001.pdb
wrpdb___568_> Residues, atoms, selected atoms:      277     2224     2224

>> Summary of successfully produced models:
Filename                          molpdf
----------------------------------------
5EM8_A_full.B99990001.pdb       83.08509


Dynamically allocated memory at          finish [B,KiB,MiB]:      5056469    4937.958     4.822
Starting time                                            : 2018/02/20 13:04:19
Closing time                                             : 2018/02/20 13:04:22
Total CPU time [seconds]                                 :       3.33
