
                         MODELLER 9.19, 2017/07/19, r11078

     PROTEIN STRUCTURE MODELLING BY SATISFACTION OF SPATIAL RESTRAINTS


                     Copyright(c) 1989-2017 Andrej Sali
                            All Rights Reserved

                             Written by A. Sali
                               with help from
              B. Webb, M.S. Madhusudhan, M-Y. Shen, G.Q. Dong,
          M.A. Marti-Renom, N. Eswar, F. Alber, M. Topf, B. Oliva,
             A. Fiser, R. Sanchez, B. Yerkovich, A. Badretdinov,
                     F. Melo, J.P. Overington, E. Feyfant
                 University of California, San Francisco, USA
                    Rockefeller University, New York, USA
                      Harvard University, Cambridge, USA
                   Imperial Cancer Research Fund, London, UK
              Birkbeck College, University of London, London, UK


Kind, OS, HostName, Kernel, Processor: 4, Linux german-xps 4.14.6-041406-generic x86_64
Date and time of compilation         : 2017/07/19 15:03:51
MODELLER executable type             : x86_64-intel8
Job starting time (YY/MM/DD HH:MM:SS): 2018/02/20 13:04:22

openf___224_> Open           $(LIB)/restyp.lib
openf___224_> Open           ${MODINSTALL9v19}/modlib/resgrp.lib
rdresgr_266_> Number of residue groups:        2
openf___224_> Open           ${MODINSTALL9v19}/modlib/sstruc.lib

Dynamically allocated memory at   amaxlibraries [B,KiB,MiB]:       191566     187.076     0.183

Dynamically allocated memory at   amaxlibraries [B,KiB,MiB]:       192094     187.592     0.183
openf___224_> Open           ${MODINSTALL9v19}/modlib/resdih.lib

Dynamically allocated memory at   amaxlibraries [B,KiB,MiB]:       240694     235.053     0.230
rdrdih__263_> Number of dihedral angle types         :        9
              Maximal number of dihedral angle optima:        3
              Dihedral angle names                   :  Alph Phi Psi Omeg chi1 chi2 chi3 chi4 chi5
openf___224_> Open           ${MODINSTALL9v19}/modlib/radii.lib

Dynamically allocated memory at   amaxlibraries [B,KiB,MiB]:       253994     248.041     0.242
openf___224_> Open           ${MODINSTALL9v19}/modlib/radii14.lib
openf___224_> Open           ${MODINSTALL9v19}/modlib/af_mnchdef.lib
rdwilmo_274_> Mainchain residue conformation classes:  APBLE
openf___224_> Open           ${MODINSTALL9v19}/modlib/mnch.lib
rdclass_257_> Number of classes:        5
openf___224_> Open           ${MODINSTALL9v19}/modlib/mnch1.lib
openf___224_> Open           ${MODINSTALL9v19}/modlib/mnch2.lib
openf___224_> Open           ${MODINSTALL9v19}/modlib/mnch3.lib
openf___224_> Open           ${MODINSTALL9v19}/modlib/xs4.mat
rdrrwgh_268_> Number of residue types:       21
openf___224_> Open           /home/german/labo/18/egfr/model/5HG5_A/to_model_5HG5_A

Dynamically allocated memory at   amaxalignment [B,KiB,MiB]:       265487     259.265     0.253

Dynamically allocated memory at   amaxalignment [B,KiB,MiB]:       266937     260.681     0.255

Dynamically allocated memory at   amaxalignment [B,KiB,MiB]:       269837     263.513     0.257

Dynamically allocated memory at   amaxalignment [B,KiB,MiB]:       275637     269.177     0.263

Dynamically allocated memory at   amaxalignment [B,KiB,MiB]:       392693     383.489     0.375

Dynamically allocated memory at    amaxsequence [B,KiB,MiB]:       393897     384.665     0.376

Dynamically allocated memory at    amaxsequence [B,KiB,MiB]:       395001     385.743     0.377

Read the alignment from file       : /home/german/labo/18/egfr/model/5HG5_A/to_model_5HG5_A
Total number of alignment positions:   302

  #  Code        #_Res #_Segm PDB_code    Name
-------------------------------------------------------------------------------
  1     5HG5_A     302      1      5HG5_A
  2  5HG5_A_fu     277      1
check_a_343_> >> BEGINNING OF COMMAND
openf___224_> Open           ./5HG5_A.pdb

Dynamically allocated memory at amaxcoordinates [B,KiB,MiB]:       487326     475.904     0.465

Dynamically allocated memory at    amaxsequence [B,KiB,MiB]:       487326     475.904     0.465

Dynamically allocated memory at amaxcoordinates [B,KiB,MiB]:       487497     476.071     0.465

Dynamically allocated memory at amaxcoordinates [B,KiB,MiB]:       488347     476.901     0.466

Dynamically allocated memory at amaxcoordinates [B,KiB,MiB]:       489605     478.130     0.467

Dynamically allocated memory at amaxcoordinates [B,KiB,MiB]:       491509     479.989     0.469

Dynamically allocated memory at    amaxsequence [B,KiB,MiB]:       491509     479.989     0.469

Dynamically allocated memory at amaxcoordinates [B,KiB,MiB]:       491599     480.077     0.469

Dynamically allocated memory at amaxcoordinates [B,KiB,MiB]:       494455     482.866     0.472

Dynamically allocated memory at    amaxsequence [B,KiB,MiB]:       494455     482.866     0.472

Dynamically allocated memory at amaxcoordinates [B,KiB,MiB]:       494590     482.998     0.472

Dynamically allocated memory at amaxcoordinates [B,KiB,MiB]:       498874     487.182     0.476

Dynamically allocated memory at    amaxsequence [B,KiB,MiB]:       498874     487.182     0.476

Dynamically allocated memory at amaxcoordinates [B,KiB,MiB]:       499072     487.375     0.476

Dynamically allocated memory at amaxcoordinates [B,KiB,MiB]:       505498     493.650     0.482

Dynamically allocated memory at    amaxsequence [B,KiB,MiB]:       505498     493.650     0.482

Dynamically allocated memory at amaxcoordinates [B,KiB,MiB]:       505795     493.940     0.482

Dynamically allocated memory at amaxcoordinates [B,KiB,MiB]:       515417     503.337     0.492

Dynamically allocated memory at    amaxsequence [B,KiB,MiB]:       515417     503.337     0.492

Dynamically allocated memory at amaxcoordinates [B,KiB,MiB]:       515867     503.776     0.492

Dynamically allocated memory at amaxcoordinates [B,KiB,MiB]:       530317     517.888     0.506

Dynamically allocated memory at    amaxsequence [B,KiB,MiB]:       530317     517.888     0.506

Dynamically allocated memory at amaxcoordinates [B,KiB,MiB]:       530992     518.547     0.506

Dynamically allocated memory at amaxcoordinates [B,KiB,MiB]:       552650     539.697     0.527

Dynamically allocated memory at    amaxsequence [B,KiB,MiB]:       552650     539.697     0.527

Dynamically allocated memory at amaxcoordinates [B,KiB,MiB]:       553658     540.682     0.528

Dynamically allocated memory at amaxcoordinates [B,KiB,MiB]:       586162     572.424     0.559

Dynamically allocated memory at   amaxstructure [B,KiB,MiB]:       585847     572.116     0.559

check_ali___> Checking the sequence-structure alignment. 

Implied intrachain target CA(i)-CA(i+1) distances longer than  8.0 angstroms:

ALN_POS  TMPL  RID1  RID2  NAM1  NAM2     DIST
----------------------------------------------
END OF TABLE
check_a_344_> << END OF COMMAND
openf___224_> Open           ${LIB}/top_heav.lib
read_to_681_> topology.submodel read from topology file:        3
openf___224_> Open           ${LIB}/par.lib

Dynamically allocated memory at  amaxparameters [B,KiB,MiB]:       725099     708.104     0.692

Dynamically allocated memory at  amaxparameters [B,KiB,MiB]:       726699     709.667     0.693

Dynamically allocated memory at  amaxparameters [B,KiB,MiB]:       730679     713.554     0.697

Dynamically allocated memory at  amaxparameters [B,KiB,MiB]:       732679     715.507     0.699

Dynamically allocated memory at  amaxparameters [B,KiB,MiB]:       735679     718.437     0.702

Dynamically allocated memory at  amaxparameters [B,KiB,MiB]:       740179     722.831     0.706

Dynamically allocated memory at  amaxparameters [B,KiB,MiB]:       745751     728.272     0.711

Dynamically allocated memory at  amaxparameters [B,KiB,MiB]:       748551     731.007     0.714

Dynamically allocated memory at  amaxparameters [B,KiB,MiB]:       752751     735.108     0.718

Dynamically allocated memory at  amaxparameters [B,KiB,MiB]:       759051     741.261     0.724

Dynamically allocated memory at  amaxparameters [B,KiB,MiB]:       761823     743.968     0.727

Dynamically allocated memory at  amaxparameters [B,KiB,MiB]:       763223     745.335     0.728
read_pa_232_> parameters    BONDS   ANGLS  DIHEDS IMPROPS    MODE
                              227     561     661     112       0

Dynamically allocated memory at       amaxmodel [B,KiB,MiB]:       806555     787.651     0.769

Dynamically allocated memory at       amaxmodel [B,KiB,MiB]:      1027055    1002.983     0.979

Dynamically allocated memory at       amaxmodel [B,KiB,MiB]:      1060087    1035.241     1.011

mkilst______> segment topology constructed from sequence and RTF:
              segments residues atoms bonds angles dihedrals impropers:
                     1      277  2231  2281      0         0       924

Dynamically allocated memory at       amaxmodel [B,KiB,MiB]:      1155591    1128.507     1.102

patch_______> segment topology patched using RTF:     1  ;  LEU  ;  NTER
              segments residues atoms bonds angles dihedrals impropers:
                     1      277  2231  2281   3081      3660       924


Dynamically allocated memory at       amaxmodel [B,KiB,MiB]:      1247687    1218.444     1.190
patch_______> segment topology patched using RTF:   277  ;  LEU  ;  CTER
              segments residues atoms bonds angles dihedrals impropers:
                     1      277  2232  2282   3083      3662       925

genseg______> segment topology constructed from sequence and RTF:
              segments residues atoms bonds angles dihedrals impropers:
                     1      277  2232  2282   3083      3662       925
transfe_506_> MODEL is an average of all templates.
transfe_511_> Number of templates for coordinate transfer:        1
              After transferring coordinates of the equivalent template atoms,
              there are defined, undefined atoms in MODEL:     2231        1
openf___224_> Open           5HG5_A_full.ini
wrpdb___568_> Residues, atoms, selected atoms:      277     2232     2232
make_re_417_> Restraint type to be calculated:  stereo

Dynamically allocated memory at  amaxrestraints [B,KiB,MiB]:      1354736    1322.984     1.292

Dynamically allocated memory at  amaxrestraints [B,KiB,MiB]:      1362928    1330.984     1.300

Dynamically allocated memory at  amaxrestraints [B,KiB,MiB]:      1379312    1346.984     1.315

Dynamically allocated memory at  amaxrestraints [B,KiB,MiB]:      1412080    1378.984     1.347

Dynamically allocated memory at  amaxrestraints [B,KiB,MiB]:      1444848    1410.984     1.378

Dynamically allocated memory at  amaxrestraints [B,KiB,MiB]:      1510384    1474.984     1.440

Dynamically allocated memory at  amaxrestraints [B,KiB,MiB]:      1543152    1506.984     1.472

Dynamically allocated memory at  amaxrestraints [B,KiB,MiB]:      1575920    1538.984     1.503

Dynamically allocated memory at  amaxrestraints [B,KiB,MiB]:      1641456    1602.984     1.565

Dynamically allocated memory at  amaxrestraints [B,KiB,MiB]:      1772528    1730.984     1.690

Dynamically allocated memory at  amaxrestraints [B,KiB,MiB]:      1838064    1794.984     1.753

Dynamically allocated memory at  amaxrestraints [B,KiB,MiB]:      1903600    1858.984     1.815

Dynamically allocated memory at  amaxrestraints [B,KiB,MiB]:      2034672    1986.984     1.940

Dynamically allocated memory at  amaxrestraints [B,KiB,MiB]:      2296816    2242.984     2.190
r_stere_606_> Stereochemical restraints were constructed from RTF & PRMF.
              Added bond,angle,dihedral,improper restraints  :     2282    3083    3502     911
              Total number of restraints before, now         :        0     9778
make_re_422_> Number of previous, current restraints         :        0     9778
make_re_423_> Number of previous, current selected restraints:        0     9778
make_re_417_> Restraint type to be calculated:  phi-psi_binormal

Dynamically allocated memory at   amaxstructure [B,KiB,MiB]:      2457732    2400.129     2.344
openf___224_> Open           ${MODINSTALL9v19}/modlib/mnch1.bin
openf___224_> Open           ${MODINSTALL9v19}/modlib/mnch1.mdt
getdata_643_> Protein accepted:  5HG5_A
getdata_289_> Proteins (all/accepted):        1        1

Dynamically allocated memory at  amaxrestraints [B,KiB,MiB]:      2588820    2528.145     2.469
make_re_422_> Number of previous, current restraints         :     9778    10053
make_re_423_> Number of previous, current selected restraints:     9778    10053
make_re_417_> Restraint type to be calculated:  omega_dihedral

Dynamically allocated memory at   amaxstructure [B,KiB,MiB]:      2588820    2528.145     2.469
openf___224_> Open           ${MODINSTALL9v19}/modlib/omega.bin
openf___224_> Open           ${MODINSTALL9v19}/modlib/omega.mdt
getdata_643_> Protein accepted:  5HG5_A
getdata_289_> Proteins (all/accepted):        1        1
omgdel__425_> Unselected all O C +N +CA dihedrals:      290
              (This is to avoid clashes between STEREO
              and OMEGA_DIHEDRAL restraints)
make_re_422_> Number of previous, current restraints         :    10053    10329
make_re_423_> Number of previous, current selected restraints:    10053    10039
make_re_417_> Restraint type to be calculated:  chi1_dihedral

Dynamically allocated memory at   amaxstructure [B,KiB,MiB]:      2588820    2528.145     2.469
openf___224_> Open           ${MODINSTALL9v19}/modlib/chi1234.bin
openf___224_> Open           ${MODINSTALL9v19}/modlib/chi1.mdt
getdata_643_> Protein accepted:  5HG5_A
getdata_289_> Proteins (all/accepted):        1        1

Dynamically allocated memory at  amaxrestraints [B,KiB,MiB]:      2719892    2656.145     2.594
make_re_422_> Number of previous, current restraints         :    10329    10573
make_re_423_> Number of previous, current selected restraints:    10039    10283
make_re_417_> Restraint type to be calculated:  chi2_dihedral

Dynamically allocated memory at   amaxstructure [B,KiB,MiB]:      2719892    2656.145     2.594
openf___224_> Open           ${MODINSTALL9v19}/modlib/chi1234.bin
openf___224_> Open           ${MODINSTALL9v19}/modlib/chi2.mdt
getdata_643_> Protein accepted:  5HG5_A
getdata_289_> Proteins (all/accepted):        1        1
make_re_422_> Number of previous, current restraints         :    10573    10767
make_re_423_> Number of previous, current selected restraints:    10283    10477
make_re_417_> Restraint type to be calculated:  chi3_dihedral

Dynamically allocated memory at   amaxstructure [B,KiB,MiB]:      2719892    2656.145     2.594
openf___224_> Open           ${MODINSTALL9v19}/modlib/chi1234.bin
openf___224_> Open           ${MODINSTALL9v19}/modlib/chi3.mdt
getdata_643_> Protein accepted:  5HG5_A
getdata_289_> Proteins (all/accepted):        1        1
make_re_422_> Number of previous, current restraints         :    10767    10859
make_re_423_> Number of previous, current selected restraints:    10477    10569
make_re_417_> Restraint type to be calculated:  chi4_dihedral

Dynamically allocated memory at   amaxstructure [B,KiB,MiB]:      2719892    2656.145     2.594
openf___224_> Open           ${MODINSTALL9v19}/modlib/chi1234.bin
openf___224_> Open           ${MODINSTALL9v19}/modlib/chi4.mdt
mdtrsr__446W> A potential that relies on one protein is used, yet you have at
              least one known structure available. MDT, not library, potential is used.
getdata_643_> Protein accepted:  5HG5_A
getdata_289_> Proteins (all/accepted):        1        1
make_re_422_> Number of previous, current restraints         :    10859    10898
make_re_423_> Number of previous, current selected restraints:    10569    10608
make_re_417_> Restraint type to be calculated:  DISTANCE

Dynamically allocated memory at amaxhash_contac [B,KiB,MiB]:      3362672    3283.859     3.207

Dynamically allocated memory at  amaxrestraints [B,KiB,MiB]:      3624816    3539.859     3.457
make_re_422_> Number of previous, current restraints         :    10898    16424
make_re_423_> Number of previous, current selected restraints:    10608    16134
make_re_417_> Restraint type to be calculated:  DISTANCE

Dynamically allocated memory at  amaxrestraints [B,KiB,MiB]:      3886960    3795.859     3.707

Dynamically allocated memory at  amaxrestraints [B,KiB,MiB]:      4411248    4307.859     4.207
make_re_422_> Number of previous, current restraints         :    16424    21953
make_re_423_> Number of previous, current selected restraints:    16134    21663
make_re_417_> Restraint type to be calculated:  DISTANCE

Dynamically allocated memory at  amaxrestraints [B,KiB,MiB]:      4673392    4563.859     4.457
make_re_422_> Number of previous, current restraints         :    21953    26666
make_re_423_> Number of previous, current selected restraints:    21663    26376
make_re_417_> Restraint type to be calculated:  DISTANCE
make_re_422_> Number of previous, current restraints         :    26666    29550
make_re_423_> Number of previous, current selected restraints:    26376    29260
0 atoms in HETATM/BLK residues constrained
to protein atoms within 2.30 angstroms
and protein CA atoms within 10.00 angstroms
make_re_417_> Restraint type to be calculated:  DISTANCE
make_re_422_> Number of previous, current restraints         :    29550    29550
make_re_423_> Number of previous, current selected restraints:    29260    29260
make_re_417_> Restraint type to be calculated:  DISTANCE
make_re_422_> Number of previous, current restraints         :    29550    29550
make_re_423_> Number of previous, current selected restraints:    29260    29260
make_re_417_> Restraint type to be calculated:  DISTANCE
make_re_422_> Number of previous, current restraints         :    29550    29550
make_re_423_> Number of previous, current selected restraints:    29260    29260
make_re_417_> Restraint type to be calculated:  DISTANCE
make_re_422_> Number of previous, current restraints         :    29550    29550
make_re_423_> Number of previous, current selected restraints:    29260    29260
0 atoms in residues without defined topology
constrained to be rigid bodies
make_re_417_> Restraint type to be calculated:  DISTANCE
make_re_422_> Number of previous, current restraints         :    29550    29550
make_re_423_> Number of previous, current selected restraints:    29260    29260
rmdupl__427_>     1742 redundant cosine dihedral restraints were unselected.
condens_443_> Restraints marked for deletion were removed.
              Total number of restraints before, now:    29550    27518
openf___224_> Open           5HG5_A_full.rsr
openf___224_> Open           5HG5_A_full.rsr

Dynamically allocated memory at  amaxrestraints [B,KiB,MiB]:      4713805    4603.325     4.495
rdcsr2__307_> Number of restraints read    :    27518
              Number of excluded pairs read:        0
              Number of pseudo atoms read  :        0
rdcsrs__304_> Restraints in memory, selected restraints:    27518    27518
              Explicitly excluded atom pairs in memory :        0
              Pseudo atoms in memory                   :        0
27 (of 2232 total) atoms selected for optimization
openf___224_> Open           5HG5_A_full.ini

Dynamically allocated memory at       amaxmodel [B,KiB,MiB]:      4713829    4603.349     4.495
read_mo_297_> Segments, residues, atoms:        1      277     2232
read_mo_298_> Segment:        1     1   277     2232
randomi_498_> Atoms,selected atoms,random_seed,amplitude:     2232       27        1        4.0000
randomi_496_> Amplitude is > 0; randomization is done.
pick_re_612_> Number of MODEL atoms, selected restraints;       27      189
pick_re_612_> Number of MODEL atoms, selected restraints;       27      201
pick_re_612_> Number of MODEL atoms, selected restraints;       27      204
pick_re_612_> Number of MODEL atoms, selected restraints;       27      205
pick_re_612_> Number of MODEL atoms, selected restraints;       27      205
pick_re_612_> Number of MODEL atoms, selected restraints;       27      230
pick_re_612_> Number of MODEL atoms, selected restraints;       27      243
pick_re_612_> Number of MODEL atoms, selected restraints;       27      410

Dynamically allocated memory at  amaxrestraints [B,KiB,MiB]:      5059977    4941.384     4.826
pick_re_612_> Number of MODEL atoms, selected restraints;       27      437
pick_re_612_> Number of MODEL atoms, selected restraints;       27      437
pick_re_612_> Number of MODEL atoms, selected restraints;       27      437
iupac_m_487_> NH1/2 swapped:      179.6786        3     3
iupac_m_483_> CD1/2 CE1/2 swapped:       96.5819       10    10
iupac_m_397W> Atoms were not swapped because of the uncertainty of how to handle the H atom.
iupac_m_483_> CD1/2 CE1/2 swapped:       92.2905       21    21
iupac_m_397W> Atoms were not swapped because of the uncertainty of how to handle the H atom.
iupac_m_486_> OE1/2 will be swapped:     -124.3099       44    44
iupac_m_485_> OD1/2 will be swapped:     -178.1525       98    98
iupac_m_486_> OE1/2 will be swapped:      179.9802      127   127
iupac_m_485_> OD1/2 will be swapped:      166.4688      128   128
iupac_m_487_> NH1/2 swapped:      179.9720      130   130
iupac_m_487_> NH1/2 swapped:     -179.9657      134   134
iupac_m_485_> OD1/2 will be swapped:      179.6113      135   135
iupac_m_483_> CD1/2 CE1/2 swapped:     -100.1846      189   189
iupac_m_397W> Atoms were not swapped because of the uncertainty of how to handle the H atom.
iupac_m_485_> OD1/2 will be swapped:      168.4486      194   194
iupac_m_483_> CD1/2 CE1/2 swapped:      -91.6945      198   198
iupac_m_397W> Atoms were not swapped because of the uncertainty of how to handle the H atom.
iupac_m_486_> OE1/2 will be swapped:       95.2651      204   204
iupac_m_486_> OE1/2 will be swapped:     -174.1343      220   220
iupac_m_486_> OE1/2 will be swapped:     -139.2531      229   229
iupac_m_483_> CD1/2 CE1/2 swapped:     -127.1272      242   242
iupac_m_397W> Atoms were not swapped because of the uncertainty of how to handle the H atom.
iupac_m_485_> OD1/2 will be swapped:      160.9772      252   252
iupac_m_485_> OD1/2 will be swapped:      158.0602      254   254
iupac_m_487_> NH1/2 swapped:     -179.2134      256   256
iupac_m_487_> NH1/2 swapped:     -179.9441      271   271
iupac_m_485_> OD1/2 will be swapped:     -172.8860      272   272
iupac_m_487_> NH1/2 swapped:      180.0000      275   275
iupac_m_483_> CD1/2 CE1/2 swapped:       98.0684      276   276
iupac_m_397W> Atoms were not swapped because of the uncertainty of how to handle the H atom.


>> ENERGY; Differences between the model's features and restraints:
Number of all residues in MODEL                   :      277
Number of all, selected real atoms                :     2232      27
Number of all, selected pseudo atoms              :        0       0
Number of all static, selected restraints         :    27518     437
COVALENT_CYS                                      :        F
NONBONDED_SEL_ATOMS                               :        1
Number of non-bonded pairs (excluding 1-2,1-3,1-4):       58
Dynamic pairs routine                             : 5, NATM_SEL x NATM double loop
Atomic shift for contacts update (UPDATE_DYNAMIC) :    0.390
LENNARD_JONES_SWITCH                              :    6.500   7.500
COULOMB_JONES_SWITCH                              :    6.500   7.500
RESIDUE_SPAN_RANGE                                :        0   99999
NLOGN_USE                                         :       15
CONTACT_SHELL                                     :    4.000
DYNAMIC_PAIRS,_SPHERE,_COULOMB,_LENNARD,_MODELLER :        T       T       F       F       F
SPHERE_STDV                                       :    0.050
RADII_FACTOR                                      :    0.820
Current energy                                    :          19.0705





Summary of the restraint violations: 

   NUM     ... number of restraints.
   NUMVI   ... number of restraints with RVIOL > VIOL_REPORT_CUT[i].
   RVIOL   ... relative difference from the best value.
   NUMVP   ... number of restraints with -Ln(pdf) > VIOL_REPORT_CUT2[i].
   RMS_1   ... RMS(feature, minimally_violated_basis_restraint, NUMB).
   RMS_2   ... RMS(feature, best_value, NUMB).
   MOL.PDF ... scaled contribution to -Ln(Molecular pdf).

 #                     RESTRAINT_GROUP      NUM   NUMVI  NUMVP   RMS_1   RMS_2         MOL.PDF     S_i
------------------------------------------------------------------------------------------------------
 1 Bond length potential              :      27       0      0   0.003   0.003     0.83391E-01   1.000
 2 Bond angle potential               :      36       0      0   2.270   2.270      3.2215       1.000
 3 Stereochemical cosine torsion poten:      14       0      0  44.154  44.154      5.2133       1.000
 4 Stereochemical improper torsion pot:       9       0      0   2.709   2.709      1.1473       1.000
 5 Soft-sphere overlap restraints     :      58       0      0   0.002   0.002     0.25141E-01   1.000
 6 Lennard-Jones 6-12 potential       :       0       0      0   0.000   0.000      0.0000       1.000
 7 Coulomb point-point electrostatic p:       0       0      0   0.000   0.000      0.0000       1.000
 8 H-bonding potential                :       0       0      0   0.000   0.000      0.0000       1.000
 9 Distance restraints 1 (CA-CA)      :      93       0      0   0.128   0.128      1.6950       1.000
10 Distance restraints 2 (N-O)        :     102       0      0   0.106   0.106      1.0387       1.000
11 Mainchain Phi dihedral restraints  :       0       0      0   0.000   0.000      0.0000       1.000
12 Mainchain Psi dihedral restraints  :       0       0      0   0.000   0.000      0.0000       1.000
13 Mainchain Omega dihedral restraints:       3       0      0   4.294   4.294     0.65228       1.000
14 Sidechain Chi_1 dihedral restraints:       3       0      0  96.727  96.727     0.84927       1.000
15 Sidechain Chi_2 dihedral restraints:       3       0      0  68.995  68.995     0.33315       1.000
16 Sidechain Chi_3 dihedral restraints:       1       0      0   5.173   5.173     0.25808       1.000
17 Sidechain Chi_4 dihedral restraints:       1       0      0  93.500  93.500     0.72777       1.000
18 Disulfide distance restraints      :       0       0      0   0.000   0.000      0.0000       1.000
19 Disulfide angle restraints         :       0       0      0   0.000   0.000      0.0000       1.000
20 Disulfide dihedral angle restraints:       0       0      0   0.000   0.000      0.0000       1.000
21 Lower bound distance restraints    :       0       0      0   0.000   0.000      0.0000       1.000
22 Upper bound distance restraints    :       0       0      0   0.000   0.000      0.0000       1.000
23 Distance restraints 3 (SDCH-MNCH)  :      77       0      0   0.671   0.671     0.75514       1.000
24 Sidechain Chi_5 dihedral restraints:       0       0      0   0.000   0.000      0.0000       1.000
25 Phi/Psi pair of dihedral restraints:       3       0      0   9.955  18.215     0.10118       1.000
26 Distance restraints 4 (SDCH-SDCH)  :      65       0      0   0.616   0.616      2.9694       1.000
27 Distance restraints 5 (X-Y)        :       0       0      0   0.000   0.000      0.0000       1.000
28 NMR distance restraints 6 (X-Y)    :       0       0      0   0.000   0.000      0.0000       1.000
29 NMR distance restraints 7 (X-Y)    :       0       0      0   0.000   0.000      0.0000       1.000
30 Minimal distance restraints        :       0       0      0   0.000   0.000      0.0000       1.000
31 Non-bonded restraints              :       0       0      0   0.000   0.000      0.0000       1.000
32 Atomic accessibility restraints    :       0       0      0   0.000   0.000      0.0000       1.000
33 Atomic density restraints          :       0       0      0   0.000   0.000      0.0000       1.000
34 Absolute position restraints       :       0       0      0   0.000   0.000      0.0000       1.000
35 Dihedral angle difference restraint:       0       0      0   0.000   0.000      0.0000       1.000
36 GBSA implicit solvent potential    :       0       0      0   0.000   0.000      0.0000       1.000
37 EM density fitting potential       :       0       0      0   0.000   0.000      0.0000       1.000
38 SAXS restraints                    :       0       0      0   0.000   0.000      0.0000       1.000
39 Symmetry restraints                :       0       0      0   0.000   0.000      0.0000       1.000



openf___224_> Open           5HG5_A_full.V99990001
# Heavy relative violation of each residue is written to: 5HG5_A_full.V99990001
# The profile is NOT normalized by the number of restraints.
# The profiles are smoothed over a window of residues:    1
# The sum of all numbers in the file:     412.6120



List of the violated restraints:
   A restraint is violated when the relative difference
   from the best value (RVIOL) is larger than CUTOFF.

   ICSR   ... index of a restraint in the current set.
   RESNO  ... residue numbers of the first two atoms.
   ATM    ... IUPAC atom names of the first two atoms.
   FEAT   ... the value of the feature in the model.
   restr  ... the mean of the basis restraint with the smallest
              difference from the model (local minimum).
   viol   ... difference from the local minimum.
   rviol  ... relative difference from the local minimum.
   RESTR  ... the best value (global minimum).
   VIOL   ... difference from the best value.
   RVIOL  ... relative difference from the best value.



report______> Distribution of short non-bonded contacts:


DISTANCE1:  0.00 2.10 2.20 2.30 2.40 2.50 2.60 2.70 2.80 2.90 3.00 3.10 3.20 3.30 3.40
DISTANCE2:  2.10 2.20 2.30 2.40 2.50 2.60 2.70 2.80 2.90 3.00 3.10 3.20 3.30 3.40 3.50
FREQUENCY:     0    0    0    0    0    1    8   28   85  132  139  190  273  277  377


<< end of ENERGY.
openf___224_> Open           5HG5_A_full.B99990001.pdb
wrpdb___568_> Residues, atoms, selected atoms:      277     2232     2232

>> Summary of successfully produced models:
Filename                          molpdf
----------------------------------------
5HG5_A_full.B99990001.pdb       19.07052


Dynamically allocated memory at          finish [B,KiB,MiB]:      5059977    4941.384     4.826
Starting time                                            : 2018/02/20 13:04:22
Closing time                                             : 2018/02/20 13:04:25
Total CPU time [seconds]                                 :       2.29
