
                         MODELLER 9.19, 2017/07/19, r11078

     PROTEIN STRUCTURE MODELLING BY SATISFACTION OF SPATIAL RESTRAINTS


                     Copyright(c) 1989-2017 Andrej Sali
                            All Rights Reserved

                             Written by A. Sali
                               with help from
              B. Webb, M.S. Madhusudhan, M-Y. Shen, G.Q. Dong,
          M.A. Marti-Renom, N. Eswar, F. Alber, M. Topf, B. Oliva,
             A. Fiser, R. Sanchez, B. Yerkovich, A. Badretdinov,
                     F. Melo, J.P. Overington, E. Feyfant
                 University of California, San Francisco, USA
                    Rockefeller University, New York, USA
                      Harvard University, Cambridge, USA
                   Imperial Cancer Research Fund, London, UK
              Birkbeck College, University of London, London, UK


Kind, OS, HostName, Kernel, Processor: 4, Linux german-xps 4.14.6-041406-generic x86_64
Date and time of compilation         : 2017/07/19 15:03:51
MODELLER executable type             : x86_64-intel8
Job starting time (YY/MM/DD HH:MM:SS): 2018/02/20 13:01:15

openf___224_> Open           $(LIB)/restyp.lib
openf___224_> Open           ${MODINSTALL9v19}/modlib/resgrp.lib
rdresgr_266_> Number of residue groups:        2
openf___224_> Open           ${MODINSTALL9v19}/modlib/sstruc.lib

Dynamically allocated memory at   amaxlibraries [B,KiB,MiB]:       191566     187.076     0.183

Dynamically allocated memory at   amaxlibraries [B,KiB,MiB]:       192094     187.592     0.183
openf___224_> Open           ${MODINSTALL9v19}/modlib/resdih.lib

Dynamically allocated memory at   amaxlibraries [B,KiB,MiB]:       240694     235.053     0.230
rdrdih__263_> Number of dihedral angle types         :        9
              Maximal number of dihedral angle optima:        3
              Dihedral angle names                   :  Alph Phi Psi Omeg chi1 chi2 chi3 chi4 chi5
openf___224_> Open           ${MODINSTALL9v19}/modlib/radii.lib

Dynamically allocated memory at   amaxlibraries [B,KiB,MiB]:       253994     248.041     0.242
openf___224_> Open           ${MODINSTALL9v19}/modlib/radii14.lib
openf___224_> Open           ${MODINSTALL9v19}/modlib/af_mnchdef.lib
rdwilmo_274_> Mainchain residue conformation classes:  APBLE
openf___224_> Open           ${MODINSTALL9v19}/modlib/mnch.lib
rdclass_257_> Number of classes:        5
openf___224_> Open           ${MODINSTALL9v19}/modlib/mnch1.lib
openf___224_> Open           ${MODINSTALL9v19}/modlib/mnch2.lib
openf___224_> Open           ${MODINSTALL9v19}/modlib/mnch3.lib
openf___224_> Open           ${MODINSTALL9v19}/modlib/xs4.mat
rdrrwgh_268_> Number of residue types:       21
openf___224_> Open           /home/german/labo/18/egfr/model/3GOP_A/to_model_3GOP_A

Dynamically allocated memory at   amaxalignment [B,KiB,MiB]:       265487     259.265     0.253

Dynamically allocated memory at   amaxalignment [B,KiB,MiB]:       266937     260.681     0.255

Dynamically allocated memory at   amaxalignment [B,KiB,MiB]:       269837     263.513     0.257

Dynamically allocated memory at   amaxalignment [B,KiB,MiB]:       275637     269.177     0.263

Dynamically allocated memory at   amaxalignment [B,KiB,MiB]:       392693     383.489     0.375

Dynamically allocated memory at    amaxsequence [B,KiB,MiB]:       393889     384.657     0.376

Dynamically allocated memory at    amaxsequence [B,KiB,MiB]:       394993     385.735     0.377

Read the alignment from file       : /home/german/labo/18/egfr/model/3GOP_A/to_model_3GOP_A
Total number of alignment positions:   329

  #  Code        #_Res #_Segm PDB_code    Name
-------------------------------------------------------------------------------
  1     3GOP_A     300      1      3GOP_A
  2  3GOP_A_fu     277      1
check_a_343_> >> BEGINNING OF COMMAND
openf___224_> Open           ./3GOP_A.pdb

Dynamically allocated memory at amaxcoordinates [B,KiB,MiB]:       486718     475.311     0.464

Dynamically allocated memory at    amaxsequence [B,KiB,MiB]:       486718     475.311     0.464

Dynamically allocated memory at amaxcoordinates [B,KiB,MiB]:       486889     475.478     0.464

Dynamically allocated memory at amaxcoordinates [B,KiB,MiB]:       487739     476.308     0.465

Dynamically allocated memory at amaxcoordinates [B,KiB,MiB]:       488997     477.536     0.466

Dynamically allocated memory at amaxcoordinates [B,KiB,MiB]:       490901     479.396     0.468

Dynamically allocated memory at    amaxsequence [B,KiB,MiB]:       490901     479.396     0.468

Dynamically allocated memory at amaxcoordinates [B,KiB,MiB]:       490991     479.483     0.468

Dynamically allocated memory at amaxcoordinates [B,KiB,MiB]:       493847     482.272     0.471

Dynamically allocated memory at    amaxsequence [B,KiB,MiB]:       493847     482.272     0.471

Dynamically allocated memory at amaxcoordinates [B,KiB,MiB]:       493982     482.404     0.471

Dynamically allocated memory at amaxcoordinates [B,KiB,MiB]:       498266     486.588     0.475

Dynamically allocated memory at    amaxsequence [B,KiB,MiB]:       498266     486.588     0.475

Dynamically allocated memory at amaxcoordinates [B,KiB,MiB]:       498464     486.781     0.475

Dynamically allocated memory at amaxcoordinates [B,KiB,MiB]:       504890     493.057     0.482

Dynamically allocated memory at    amaxsequence [B,KiB,MiB]:       504890     493.057     0.482

Dynamically allocated memory at amaxcoordinates [B,KiB,MiB]:       505187     493.347     0.482

Dynamically allocated memory at amaxcoordinates [B,KiB,MiB]:       514809     502.743     0.491

Dynamically allocated memory at    amaxsequence [B,KiB,MiB]:       514809     502.743     0.491

Dynamically allocated memory at amaxcoordinates [B,KiB,MiB]:       515259     503.183     0.491

Dynamically allocated memory at amaxcoordinates [B,KiB,MiB]:       529709     517.294     0.505

Dynamically allocated memory at    amaxsequence [B,KiB,MiB]:       529709     517.294     0.505

Dynamically allocated memory at amaxcoordinates [B,KiB,MiB]:       530384     517.953     0.506

Dynamically allocated memory at amaxcoordinates [B,KiB,MiB]:       552042     539.104     0.526

Dynamically allocated memory at    amaxsequence [B,KiB,MiB]:       552042     539.104     0.526

Dynamically allocated memory at amaxcoordinates [B,KiB,MiB]:       553050     540.088     0.527

Dynamically allocated memory at amaxcoordinates [B,KiB,MiB]:       585554     571.830     0.558

Dynamically allocated memory at   amaxstructure [B,KiB,MiB]:       585221     571.505     0.558

check_ali___> Checking the sequence-structure alignment. 

Implied intrachain target CA(i)-CA(i+1) distances longer than  8.0 angstroms:

ALN_POS  TMPL  RID1  RID2  NAM1  NAM2     DIST
----------------------------------------------
END OF TABLE
check_a_344_> << END OF COMMAND
openf___224_> Open           ${LIB}/top_heav.lib
read_to_681_> topology.submodel read from topology file:        3
openf___224_> Open           ${LIB}/par.lib

Dynamically allocated memory at  amaxparameters [B,KiB,MiB]:       724473     707.493     0.691

Dynamically allocated memory at  amaxparameters [B,KiB,MiB]:       726073     709.056     0.692

Dynamically allocated memory at  amaxparameters [B,KiB,MiB]:       730053     712.942     0.696

Dynamically allocated memory at  amaxparameters [B,KiB,MiB]:       732053     714.896     0.698

Dynamically allocated memory at  amaxparameters [B,KiB,MiB]:       735053     717.825     0.701

Dynamically allocated memory at  amaxparameters [B,KiB,MiB]:       739553     722.220     0.705

Dynamically allocated memory at  amaxparameters [B,KiB,MiB]:       745125     727.661     0.711

Dynamically allocated memory at  amaxparameters [B,KiB,MiB]:       747925     730.396     0.713

Dynamically allocated memory at  amaxparameters [B,KiB,MiB]:       752125     734.497     0.717

Dynamically allocated memory at  amaxparameters [B,KiB,MiB]:       758425     740.649     0.723

Dynamically allocated memory at  amaxparameters [B,KiB,MiB]:       761197     743.356     0.726

Dynamically allocated memory at  amaxparameters [B,KiB,MiB]:       762597     744.724     0.727
read_pa_232_> parameters    BONDS   ANGLS  DIHEDS IMPROPS    MODE
                              227     561     661     112       0

Dynamically allocated memory at       amaxmodel [B,KiB,MiB]:       805929     787.040     0.769

Dynamically allocated memory at       amaxmodel [B,KiB,MiB]:      1025547    1001.511     0.978

Dynamically allocated memory at       amaxmodel [B,KiB,MiB]:      1058523    1033.714     1.009

mkilst______> segment topology constructed from sequence and RTF:
              segments residues atoms bonds angles dihedrals impropers:
                     1      277  2222  2272      0         0       925

Dynamically allocated memory at       amaxmodel [B,KiB,MiB]:      1153819    1126.776     1.100

patch_______> segment topology patched using RTF:     1  ;  LEU  ;  NTER
              segments residues atoms bonds angles dihedrals impropers:
                     1      277  2222  2272   3073      3653       925


Dynamically allocated memory at       amaxmodel [B,KiB,MiB]:      1245915    1216.714     1.188
patch_______> segment topology patched using RTF:   277  ;  LEU  ;  CTER
              segments residues atoms bonds angles dihedrals impropers:
                     1      277  2223  2273   3075      3655       926

genseg______> segment topology constructed from sequence and RTF:
              segments residues atoms bonds angles dihedrals impropers:
                     1      277  2223  2273   3075      3655       926
transfe_506_> MODEL is an average of all templates.
transfe_511_> Number of templates for coordinate transfer:        1
              After transferring coordinates of the equivalent template atoms,
              there are defined, undefined atoms in MODEL:     1979      244
openf___224_> Open           3GOP_A_full.ini
wrpdb___568_> Residues, atoms, selected atoms:      277     2223     2223
make_re_417_> Restraint type to be calculated:  stereo

Dynamically allocated memory at  amaxrestraints [B,KiB,MiB]:      1352964    1321.254     1.290

Dynamically allocated memory at  amaxrestraints [B,KiB,MiB]:      1361156    1329.254     1.298

Dynamically allocated memory at  amaxrestraints [B,KiB,MiB]:      1377540    1345.254     1.314

Dynamically allocated memory at  amaxrestraints [B,KiB,MiB]:      1410308    1377.254     1.345

Dynamically allocated memory at  amaxrestraints [B,KiB,MiB]:      1443076    1409.254     1.376

Dynamically allocated memory at  amaxrestraints [B,KiB,MiB]:      1508612    1473.254     1.439

Dynamically allocated memory at  amaxrestraints [B,KiB,MiB]:      1541380    1505.254     1.470

Dynamically allocated memory at  amaxrestraints [B,KiB,MiB]:      1574148    1537.254     1.501

Dynamically allocated memory at  amaxrestraints [B,KiB,MiB]:      1639684    1601.254     1.564

Dynamically allocated memory at  amaxrestraints [B,KiB,MiB]:      1770756    1729.254     1.689

Dynamically allocated memory at  amaxrestraints [B,KiB,MiB]:      1836292    1793.254     1.751

Dynamically allocated memory at  amaxrestraints [B,KiB,MiB]:      1901828    1857.254     1.814

Dynamically allocated memory at  amaxrestraints [B,KiB,MiB]:      2032900    1985.254     1.939

Dynamically allocated memory at  amaxrestraints [B,KiB,MiB]:      2295044    2241.254     2.189
r_stere_606_> Stereochemical restraints were constructed from RTF & PRMF.
              Added bond,angle,dihedral,improper restraints  :     2273    3075    3497     912
              Total number of restraints before, now         :        0     9757
make_re_422_> Number of previous, current restraints         :        0     9757
make_re_423_> Number of previous, current selected restraints:        0     9757
make_re_417_> Restraint type to be calculated:  phi-psi_binormal

Dynamically allocated memory at   amaxstructure [B,KiB,MiB]:      2455654    2398.100     2.342
openf___224_> Open           ${MODINSTALL9v19}/modlib/mnch1.bin
openf___224_> Open           ${MODINSTALL9v19}/modlib/mnch1.mdt
errdih__638_> Missing atoms in a dihedral, residue index, residue type:        5        1  LYS
errdih__638_> Missing atoms in a dihedral, residue index, residue type:        5        6  ARG
errdih__638_> Missing atoms in a dihedral, residue index, residue type:        5       59  LYS
errdih__638_> Missing atoms in a dihedral, residue index, residue type:        5       65  MET
errdih__638_> Missing atoms in a dihedral, residue index, residue type:        5       68  LYS
errdih__638_> Missing atoms in a dihedral, residue index, residue type:        5       71  LYS
errdih__638_> Missing atoms in a dihedral, residue index, residue type:        5       72  GLU
errdih__638_> Missing atoms in a dihedral, residue index, residue type:        5       76  GLU
errdih__638_> Missing atoms in a dihedral, residue index, residue type:        5      218  GLU
errdih__638_> Missing atoms in a dihedral, residue index, residue type:        5      291  ASP
errdih__638_> Missing atoms in a dihedral, residue index, residue type:        5      292  VAL
errdih__638_> Missing atoms in a dihedral, residue index, residue type:        5      300  ILE
errdih__638_> Missing atoms in a dihedral, residue index, residue type:        6        1  LYS
errdih__638_> Missing atoms in a dihedral, residue index, residue type:        6        6  ARG
errdih__638_> Missing atoms in a dihedral, residue index, residue type:        6       59  LYS
errdih__638_> Missing atoms in a dihedral, residue index, residue type:        6       65  MET
errdih__638_> Missing atoms in a dihedral, residue index, residue type:        6       68  LYS
errdih__638_> Missing atoms in a dihedral, residue index, residue type:        6       71  LYS
errdih__638_> Missing atoms in a dihedral, residue index, residue type:        6       72  GLU
errdih__638_> Missing atoms in a dihedral, residue index, residue type:        6       76  GLU
errdih__638_> Missing atoms in a dihedral, residue index, residue type:        6      218  GLU
errdih__638_> Missing atoms in a dihedral, residue index, residue type:        6      291  ASP
errdih__638_> Missing atoms in a dihedral, residue index, residue type:        6      300  ILE
errdih__638_> Missing atoms in a dihedral, residue index, residue type:        7        1  LYS
errdih__638_> Missing atoms in a dihedral, residue index, residue type:        7        6  ARG
errdih__638_> Missing atoms in a dihedral, residue index, residue type:        7       59  LYS
errdih__638_> Missing atoms in a dihedral, residue index, residue type:        7       65  MET
errdih__638_> Missing atoms in a dihedral, residue index, residue type:        7       68  LYS
errdih__638_> Missing atoms in a dihedral, residue index, residue type:        7       71  LYS
errdih__638_> Missing atoms in a dihedral, residue index, residue type:        7       72  GLU
errdih__638_> Missing atoms in a dihedral, residue index, residue type:        7       76  GLU
errdih__638_> Missing atoms in a dihedral, residue index, residue type:        7      218  GLU
errdih__638_> Missing atoms in a dihedral, residue index, residue type:        8        1  LYS
errdih__638_> Missing atoms in a dihedral, residue index, residue type:        8        6  ARG
errdih__638_> Missing atoms in a dihedral, residue index, residue type:        8       59  LYS
errdih__638_> Missing atoms in a dihedral, residue index, residue type:        8       68  LYS
errdih__638_> Missing atoms in a dihedral, residue index, residue type:        8       71  LYS
getdata_643_> Protein accepted:  3GOP_A
getdata_289_> Proteins (all/accepted):        1        1

Dynamically allocated memory at  amaxrestraints [B,KiB,MiB]:      2586742    2526.115     2.467
make_re_422_> Number of previous, current restraints         :     9757    10032
make_re_423_> Number of previous, current selected restraints:     9757    10032
make_re_417_> Restraint type to be calculated:  omega_dihedral

Dynamically allocated memory at   amaxstructure [B,KiB,MiB]:      2586742    2526.115     2.467
openf___224_> Open           ${MODINSTALL9v19}/modlib/omega.bin
openf___224_> Open           ${MODINSTALL9v19}/modlib/omega.mdt
getdata_643_> Protein accepted:  3GOP_A
getdata_289_> Proteins (all/accepted):        1        1
omgdel__425_> Unselected all O C +N +CA dihedrals:      290
              (This is to avoid clashes between STEREO
              and OMEGA_DIHEDRAL restraints)
make_re_422_> Number of previous, current restraints         :    10032    10308
make_re_423_> Number of previous, current selected restraints:    10032    10018
make_re_417_> Restraint type to be calculated:  chi1_dihedral

Dynamically allocated memory at   amaxstructure [B,KiB,MiB]:      2586742    2526.115     2.467
openf___224_> Open           ${MODINSTALL9v19}/modlib/chi1234.bin
openf___224_> Open           ${MODINSTALL9v19}/modlib/chi1.mdt
getdata_643_> Protein accepted:  3GOP_A
getdata_289_> Proteins (all/accepted):        1        1

Dynamically allocated memory at  amaxrestraints [B,KiB,MiB]:      2717814    2654.115     2.592
make_re_422_> Number of previous, current restraints         :    10308    10552
make_re_423_> Number of previous, current selected restraints:    10018    10262
make_re_417_> Restraint type to be calculated:  chi2_dihedral

Dynamically allocated memory at   amaxstructure [B,KiB,MiB]:      2717814    2654.115     2.592
openf___224_> Open           ${MODINSTALL9v19}/modlib/chi1234.bin
openf___224_> Open           ${MODINSTALL9v19}/modlib/chi2.mdt
getdata_643_> Protein accepted:  3GOP_A
getdata_289_> Proteins (all/accepted):        1        1
make_re_422_> Number of previous, current restraints         :    10552    10744
make_re_423_> Number of previous, current selected restraints:    10262    10454
make_re_417_> Restraint type to be calculated:  chi3_dihedral

Dynamically allocated memory at   amaxstructure [B,KiB,MiB]:      2717814    2654.115     2.592
openf___224_> Open           ${MODINSTALL9v19}/modlib/chi1234.bin
openf___224_> Open           ${MODINSTALL9v19}/modlib/chi3.mdt
getdata_643_> Protein accepted:  3GOP_A
getdata_289_> Proteins (all/accepted):        1        1
make_re_422_> Number of previous, current restraints         :    10744    10833
make_re_423_> Number of previous, current selected restraints:    10454    10543
make_re_417_> Restraint type to be calculated:  chi4_dihedral

Dynamically allocated memory at   amaxstructure [B,KiB,MiB]:      2717814    2654.115     2.592
openf___224_> Open           ${MODINSTALL9v19}/modlib/chi1234.bin
openf___224_> Open           ${MODINSTALL9v19}/modlib/chi4.mdt
mdtrsr__446W> A potential that relies on one protein is used, yet you have at
              least one known structure available. MDT, not library, potential is used.
getdata_643_> Protein accepted:  3GOP_A
getdata_289_> Proteins (all/accepted):        1        1
make_re_422_> Number of previous, current restraints         :    10833    10869
make_re_423_> Number of previous, current selected restraints:    10543    10579
make_re_417_> Restraint type to be calculated:  DISTANCE

Dynamically allocated memory at amaxhash_contac [B,KiB,MiB]:      3358002    3279.299     3.202
make_re_422_> Number of previous, current restraints         :    10869    15794
make_re_423_> Number of previous, current selected restraints:    10579    15504
make_re_417_> Restraint type to be calculated:  DISTANCE

Dynamically allocated memory at  amaxrestraints [B,KiB,MiB]:      3620146    3535.299     3.452

Dynamically allocated memory at  amaxrestraints [B,KiB,MiB]:      3882290    3791.299     3.702

Dynamically allocated memory at  amaxrestraints [B,KiB,MiB]:      4406578    4303.299     4.202
make_re_422_> Number of previous, current restraints         :    15794    20825
make_re_423_> Number of previous, current selected restraints:    15504    20535
make_re_417_> Restraint type to be calculated:  DISTANCE
make_re_422_> Number of previous, current restraints         :    20825    24848
make_re_423_> Number of previous, current selected restraints:    20535    24558
make_re_417_> Restraint type to be calculated:  DISTANCE

Dynamically allocated memory at  amaxrestraints [B,KiB,MiB]:      4668722    4559.299     4.452
make_re_422_> Number of previous, current restraints         :    24848    27358
make_re_423_> Number of previous, current selected restraints:    24558    27068
0 atoms in HETATM/BLK residues constrained
to protein atoms within 2.30 angstroms
and protein CA atoms within 10.00 angstroms
make_re_417_> Restraint type to be calculated:  DISTANCE
make_re_422_> Number of previous, current restraints         :    27358    27358
make_re_423_> Number of previous, current selected restraints:    27068    27068
make_re_417_> Restraint type to be calculated:  DISTANCE
make_re_422_> Number of previous, current restraints         :    27358    27358
make_re_423_> Number of previous, current selected restraints:    27068    27068
make_re_417_> Restraint type to be calculated:  DISTANCE
make_re_422_> Number of previous, current restraints         :    27358    27358
make_re_423_> Number of previous, current selected restraints:    27068    27068
make_re_417_> Restraint type to be calculated:  DISTANCE
make_re_422_> Number of previous, current restraints         :    27358    27358
make_re_423_> Number of previous, current selected restraints:    27068    27068
0 atoms in residues without defined topology
constrained to be rigid bodies
make_re_417_> Restraint type to be calculated:  DISTANCE
make_re_422_> Number of previous, current restraints         :    27358    27358
make_re_423_> Number of previous, current selected restraints:    27068    27068
rmdupl__427_>     1736 redundant cosine dihedral restraints were unselected.
condens_443_> Restraints marked for deletion were removed.
              Total number of restraints before, now:    27358    25332
openf___224_> Open           3GOP_A_full.rsr
openf___224_> Open           3GOP_A_full.rsr

Dynamically allocated memory at  amaxrestraints [B,KiB,MiB]:      4710067    4599.675     4.492
rdcsr2__307_> Number of restraints read    :    25332
              Number of excluded pairs read:        0
              Number of pseudo atoms read  :        0
rdcsrs__304_> Restraints in memory, selected restraints:    25332    25332
              Explicitly excluded atom pairs in memory :        0
              Pseudo atoms in memory                   :        0
454 (of 2223 total) atoms selected for optimization
openf___224_> Open           3GOP_A_full.ini

Dynamically allocated memory at       amaxmodel [B,KiB,MiB]:      4710091    4599.698     4.492
read_mo_297_> Segments, residues, atoms:        1      277     2223
read_mo_298_> Segment:        1     1   277     2223
randomi_498_> Atoms,selected atoms,random_seed,amplitude:     2223      454        1        4.0000
randomi_496_> Amplitude is > 0; randomization is done.
pick_re_612_> Number of MODEL atoms, selected restraints;      454     2954
pick_re_612_> Number of MODEL atoms, selected restraints;      454     3280
pick_re_612_> Number of MODEL atoms, selected restraints;      454     3485
pick_re_612_> Number of MODEL atoms, selected restraints;      454     3814
pick_re_612_> Number of MODEL atoms, selected restraints;      454     4484
pick_re_612_> Number of MODEL atoms, selected restraints;      454     4801
pick_re_612_> Number of MODEL atoms, selected restraints;      454     5214
pick_re_612_> Number of MODEL atoms, selected restraints;      454     6635

Dynamically allocated memory at  amaxrestraints [B,KiB,MiB]:      5056023    4937.522     4.822
pick_re_612_> Number of MODEL atoms, selected restraints;      454     6722
pick_re_612_> Number of MODEL atoms, selected restraints;      454     6743
pick_re_612_> Number of MODEL atoms, selected restraints;      454     6743
iupac_m_486_> OE1/2 will be swapped:      173.3445        7     7
iupac_m_483_> CD1/2 CE1/2 swapped:      -95.4852       10    10
iupac_m_397W> Atoms were not swapped because of the uncertainty of how to handle the H atom.
iupac_m_483_> CD1/2 CE1/2 swapped:       92.6033       25    25
iupac_m_397W> Atoms were not swapped because of the uncertainty of how to handle the H atom.
iupac_m_486_> OE1/2 will be swapped:      118.5443       34    34
iupac_m_487_> NH1/2 swapped:      177.6680       46    46
iupac_m_486_> OE1/2 will be swapped:     -180.0000       56    56
iupac_m_486_> OE1/2 will be swapped:      179.9558       60    60
iupac_m_485_> OD1/2 will be swapped:     -177.6480       68    68
iupac_m_486_> OE1/2 will be swapped:     -132.6620      102   102
iupac_m_486_> OE1/2 will be swapped:       98.7940      127   127
iupac_m_483_> CD1/2 CE1/2 swapped:      114.9636      154   154
iupac_m_397W> Atoms were not swapped because of the uncertainty of how to handle the H atom.
iupac_m_486_> OE1/2 will be swapped:      179.9604      163   163
iupac_m_486_> OE1/2 will be swapped:      180.0000      164   164
iupac_m_486_> OE1/2 will be swapped:     -179.9374      166   166
iupac_m_486_> OE1/2 will be swapped:     -180.0000      170   170
iupac_m_483_> CD1/2 CE1/2 swapped:      101.9354      213   213
iupac_m_397W> Atoms were not swapped because of the uncertainty of how to handle the H atom.
iupac_m_486_> OE1/2 will be swapped:      179.9802      220   220
iupac_m_485_> OD1/2 will be swapped:       96.1680      240   240
iupac_m_485_> OD1/2 will be swapped:     -134.7868      252   252
iupac_m_483_> CD1/2 CE1/2 swapped:      124.9245      259   259
iupac_m_397W> Atoms were not swapped because of the uncertainty of how to handle the H atom.
iupac_m_486_> OE1/2 will be swapped:       97.5499      265   265


>> ENERGY; Differences between the model's features and restraints:
Number of all residues in MODEL                   :      277
Number of all, selected real atoms                :     2223     454
Number of all, selected pseudo atoms              :        0       0
Number of all static, selected restraints         :    25332    6743
COVALENT_CYS                                      :        F
NONBONDED_SEL_ATOMS                               :        1
Number of non-bonded pairs (excluding 1-2,1-3,1-4):     1263
Dynamic pairs routine                             : 5, NATM_SEL x NATM double loop
Atomic shift for contacts update (UPDATE_DYNAMIC) :    0.390
LENNARD_JONES_SWITCH                              :    6.500   7.500
COULOMB_JONES_SWITCH                              :    6.500   7.500
RESIDUE_SPAN_RANGE                                :        0   99999
NLOGN_USE                                         :       15
CONTACT_SHELL                                     :    4.000
DYNAMIC_PAIRS,_SPHERE,_COULOMB,_LENNARD,_MODELLER :        T       T       F       F       F
SPHERE_STDV                                       :    0.050
RADII_FACTOR                                      :    0.820
Current energy                                    :         925.3339





Summary of the restraint violations: 

   NUM     ... number of restraints.
   NUMVI   ... number of restraints with RVIOL > VIOL_REPORT_CUT[i].
   RVIOL   ... relative difference from the best value.
   NUMVP   ... number of restraints with -Ln(pdf) > VIOL_REPORT_CUT2[i].
   RMS_1   ... RMS(feature, minimally_violated_basis_restraint, NUMB).
   RMS_2   ... RMS(feature, best_value, NUMB).
   MOL.PDF ... scaled contribution to -Ln(Molecular pdf).

 #                     RESTRAINT_GROUP      NUM   NUMVI  NUMVP   RMS_1   RMS_2         MOL.PDF     S_i
------------------------------------------------------------------------------------------------------
 1 Bond length potential              :     468       2      3   0.022   0.022      73.063       1.000
 2 Bond angle potential               :     636       6     12   3.476   3.476      151.02       1.000
 3 Stereochemical cosine torsion poten:     302       0     10  45.528  45.528      104.93       1.000
 4 Stereochemical improper torsion pot:     203       2      3   3.298   3.298      41.574       1.000
 5 Soft-sphere overlap restraints     :    1263      10     19   0.040   0.040      234.41       1.000
 6 Lennard-Jones 6-12 potential       :       0       0      0   0.000   0.000      0.0000       1.000
 7 Coulomb point-point electrostatic p:       0       0      0   0.000   0.000      0.0000       1.000
 8 H-bonding potential                :       0       0      0   0.000   0.000      0.0000       1.000
 9 Distance restraints 1 (CA-CA)      :    1613       5     10   0.319   0.319      95.195       1.000
10 Distance restraints 2 (N-O)        :    1606       1      6   0.312   0.312      69.500       1.000
11 Mainchain Phi dihedral restraints  :       0       0      0   0.000   0.000      0.0000       1.000
12 Mainchain Psi dihedral restraints  :       0       0      0   0.000   0.000      0.0000       1.000
13 Mainchain Omega dihedral restraints:      60       0      2   5.452   5.452      21.029       1.000
14 Sidechain Chi_1 dihedral restraints:      48       0      1  59.536  59.536      6.9778       1.000
15 Sidechain Chi_2 dihedral restraints:      36       0      1  65.743  65.743      9.7560       1.000
16 Sidechain Chi_3 dihedral restraints:      13       0      0  92.521  92.521      10.387       1.000
17 Sidechain Chi_4 dihedral restraints:       9       0      0  88.610  88.610      6.5342       1.000
18 Disulfide distance restraints      :       0       0      0   0.000   0.000      0.0000       1.000
19 Disulfide angle restraints         :       0       0      0   0.000   0.000      0.0000       1.000
20 Disulfide dihedral angle restraints:       0       0      0   0.000   0.000      0.0000       1.000
21 Lower bound distance restraints    :       0       0      0   0.000   0.000      0.0000       1.000
22 Upper bound distance restraints    :       0       0      0   0.000   0.000      0.0000       1.000
23 Distance restraints 3 (SDCH-MNCH)  :     889       0      0   0.561   0.561      26.457       1.000
24 Sidechain Chi_5 dihedral restraints:       0       0      0   0.000   0.000      0.0000       1.000
25 Phi/Psi pair of dihedral restraints:      64       6      6  22.798  61.325      7.8040       1.000
26 Distance restraints 4 (SDCH-SDCH)  :     796       0      0   0.861   0.861      66.697       1.000
27 Distance restraints 5 (X-Y)        :       0       0      0   0.000   0.000      0.0000       1.000
28 NMR distance restraints 6 (X-Y)    :       0       0      0   0.000   0.000      0.0000       1.000
29 NMR distance restraints 7 (X-Y)    :       0       0      0   0.000   0.000      0.0000       1.000
30 Minimal distance restraints        :       0       0      0   0.000   0.000      0.0000       1.000
31 Non-bonded restraints              :       0       0      0   0.000   0.000      0.0000       1.000
32 Atomic accessibility restraints    :       0       0      0   0.000   0.000      0.0000       1.000
33 Atomic density restraints          :       0       0      0   0.000   0.000      0.0000       1.000
34 Absolute position restraints       :       0       0      0   0.000   0.000      0.0000       1.000
35 Dihedral angle difference restraint:       0       0      0   0.000   0.000      0.0000       1.000
36 GBSA implicit solvent potential    :       0       0      0   0.000   0.000      0.0000       1.000
37 EM density fitting potential       :       0       0      0   0.000   0.000      0.0000       1.000
38 SAXS restraints                    :       0       0      0   0.000   0.000      0.0000       1.000
39 Symmetry restraints                :       0       0      0   0.000   0.000      0.0000       1.000



openf___224_> Open           3GOP_A_full.V99990001
# Heavy relative violation of each residue is written to: 3GOP_A_full.V99990001
# The profile is NOT normalized by the number of restraints.
# The profiles are smoothed over a window of residues:    1
# The sum of all numbers in the file:    7436.9717



List of the violated restraints:
   A restraint is violated when the relative difference
   from the best value (RVIOL) is larger than CUTOFF.

   ICSR   ... index of a restraint in the current set.
   RESNO  ... residue numbers of the first two atoms.
   ATM    ... IUPAC atom names of the first two atoms.
   FEAT   ... the value of the feature in the model.
   restr  ... the mean of the basis restraint with the smallest
              difference from the model (local minimum).
   viol   ... difference from the local minimum.
   rviol  ... relative difference from the local minimum.
   RESTR  ... the best value (global minimum).
   VIOL   ... difference from the best value.
   RVIOL  ... relative difference from the best value.


-------------------------------------------------------------------------------------------------

Feature  1                           : Bond length potential                   
List of the RVIOL violations larger than   :       4.5000

    #   ICSR  RESNO1/2 ATM1/2   INDATM1/2    FEAT   restr    viol   rviol   RESTR    VIOL   RVIOL
    1    174  22G  23T C   N     171  173    1.61    1.35    0.27    9.53    1.35    0.27    9.53
    2    178  23T  23T N   CA    173  174    1.68    1.43    0.25    8.35    1.43    0.25    8.35

-------------------------------------------------------------------------------------------------

Feature  2                           : Bond angle potential                    
List of the RVIOL violations larger than   :       4.5000

    #   ICSR  RESNO1/2 ATM1/2   INDATM1/2    FEAT   restr    viol   rviol   RESTR    VIOL   RVIOL
    1   2502  22G  23T C   N     171  173  151.57  120.00   31.57    7.18  120.00   31.57    7.18
    2   2504  23T  23T N   CA    173  174  141.52  113.50   28.03    7.54  113.50   28.03    7.54
    3   2505  23T  23T N   CA    173  174  126.42  107.00   19.42    5.58  107.00   19.42    5.58
    4   2507  23T  23T CA  CB    174  175  131.93  108.50   23.43    5.50  108.50   23.43    5.50
    5   2747  44E  45L C   N     346  348  145.22  120.00   25.22    5.73  120.00   25.22    5.73
    6   2750  45L  45L N   CA    348  349  131.72  107.00   24.72    7.11  107.00   24.72    7.11

-------------------------------------------------------------------------------------------------

Feature 25                           : Phi/Psi pair of dihedral restraints     
List of the RVIOL violations larger than   :       6.5000

    #   ICSR  RESNO1/2 ATM1/2   INDATM1/2    FEAT   restr    viol   rviol   RESTR    VIOL   RVIOL
    1   7748  17G  18S C   N     141  143  -76.66  -72.40   31.90    1.73  -64.10  141.54   11.05
    1         18S  18S N   CA    143  144 -175.98  152.40                  -35.00
    2   7750  19G  20A C   N     151  153 -149.90 -134.00   39.63    1.76  -62.50  161.50   31.11
    2         20A  20A N   CA    153  154 -176.70  147.00                  -40.90
    3   7776  45L  46R C   N     354  356  -39.42  -72.10   34.18    2.81  -63.00  168.67   21.29
    3         46R  46R N   CA    356  357  151.89  141.90                  -41.10
    4   7777  46R  47E C   N     365  367 -168.80 -117.80   61.64    1.82  -63.60 -178.20   29.93
    4         47E  47E N   CA    367  368  171.43  136.80                  -40.30
    5   7778  47E  48A C   N     374  376 -178.83 -134.00   49.32    1.12  -62.50 -168.95   37.40
    5         48A  48A N   CA    376  377  167.55  147.00                  -40.90
    6   7779  48A  49T C   N     379  381 -156.53 -124.80   48.37    1.52  -63.20  166.52   27.22
    6         49T  49T N   CA    381  382  180.00  143.50                  -42.10


report______> Distribution of short non-bonded contacts:

  serious non-bonded atom clash:   173  347   2.035
  serious non-bonded atom clash:   173 1245   2.256
  serious non-bonded atom clash:   215  292   2.062
  serious non-bonded atom clash:   216  290   2.261
  serious non-bonded atom clash:   216  291   1.547
  serious non-bonded atom clash:   216  292   0.618
  serious non-bonded atom clash:   216  293   1.974
  serious non-bonded atom clash:   270  273   2.115
  serious non-bonded atom clash:   271  284   2.217
  serious non-bonded atom clash:   272  282   2.117
  serious non-bonded atom clash:   272  284   1.969
  serious non-bonded atom clash:   274  280   1.302
  serious non-bonded atom clash:   278  284   1.072
  serious non-bonded atom clash:   279  282   1.729
  serious non-bonded atom clash:   279  284   0.500
  serious non-bonded atom clash:   334 1242   2.196
  serious non-bonded atom clash:   391  396   1.947

DISTANCE1:  0.00 2.10 2.20 2.30 2.40 2.50 2.60 2.70 2.80 2.90 3.00 3.10 3.20 3.30 3.40
DISTANCE2:  2.10 2.20 2.30 2.40 2.50 2.60 2.70 2.80 2.90 3.00 3.10 3.20 3.30 3.40 3.50
FREQUENCY:    11    3    3    4   10   13   28   50  105  154  182  217  238  315  346


<< end of ENERGY.
openf___224_> Open           3GOP_A_full.B99990001.pdb
wrpdb___568_> Residues, atoms, selected atoms:      277     2223     2223

>> Summary of successfully produced models:
Filename                          molpdf
----------------------------------------
3GOP_A_full.B99990001.pdb      925.33386


Dynamically allocated memory at          finish [B,KiB,MiB]:      5056023    4937.522     4.822
Starting time                                            : 2018/02/20 13:01:15
Closing time                                             : 2018/02/20 13:01:27
Total CPU time [seconds]                                 :      12.07
