
                         MODELLER 9.19, 2017/07/19, r11078

     PROTEIN STRUCTURE MODELLING BY SATISFACTION OF SPATIAL RESTRAINTS


                     Copyright(c) 1989-2017 Andrej Sali
                            All Rights Reserved

                             Written by A. Sali
                               with help from
              B. Webb, M.S. Madhusudhan, M-Y. Shen, G.Q. Dong,
          M.A. Marti-Renom, N. Eswar, F. Alber, M. Topf, B. Oliva,
             A. Fiser, R. Sanchez, B. Yerkovich, A. Badretdinov,
                     F. Melo, J.P. Overington, E. Feyfant
                 University of California, San Francisco, USA
                    Rockefeller University, New York, USA
                      Harvard University, Cambridge, USA
                   Imperial Cancer Research Fund, London, UK
              Birkbeck College, University of London, London, UK


Kind, OS, HostName, Kernel, Processor: 4, Linux german-xps 4.14.6-041406-generic x86_64
Date and time of compilation         : 2017/07/19 15:03:51
MODELLER executable type             : x86_64-intel8
Job starting time (YY/MM/DD HH:MM:SS): 2018/02/20 13:03:02

openf___224_> Open           $(LIB)/restyp.lib
openf___224_> Open           ${MODINSTALL9v19}/modlib/resgrp.lib
rdresgr_266_> Number of residue groups:        2
openf___224_> Open           ${MODINSTALL9v19}/modlib/sstruc.lib

Dynamically allocated memory at   amaxlibraries [B,KiB,MiB]:       191566     187.076     0.183

Dynamically allocated memory at   amaxlibraries [B,KiB,MiB]:       192094     187.592     0.183
openf___224_> Open           ${MODINSTALL9v19}/modlib/resdih.lib

Dynamically allocated memory at   amaxlibraries [B,KiB,MiB]:       240694     235.053     0.230
rdrdih__263_> Number of dihedral angle types         :        9
              Maximal number of dihedral angle optima:        3
              Dihedral angle names                   :  Alph Phi Psi Omeg chi1 chi2 chi3 chi4 chi5
openf___224_> Open           ${MODINSTALL9v19}/modlib/radii.lib

Dynamically allocated memory at   amaxlibraries [B,KiB,MiB]:       253994     248.041     0.242
openf___224_> Open           ${MODINSTALL9v19}/modlib/radii14.lib
openf___224_> Open           ${MODINSTALL9v19}/modlib/af_mnchdef.lib
rdwilmo_274_> Mainchain residue conformation classes:  APBLE
openf___224_> Open           ${MODINSTALL9v19}/modlib/mnch.lib
rdclass_257_> Number of classes:        5
openf___224_> Open           ${MODINSTALL9v19}/modlib/mnch1.lib
openf___224_> Open           ${MODINSTALL9v19}/modlib/mnch2.lib
openf___224_> Open           ${MODINSTALL9v19}/modlib/mnch3.lib
openf___224_> Open           ${MODINSTALL9v19}/modlib/xs4.mat
rdrrwgh_268_> Number of residue types:       21
openf___224_> Open           /home/german/labo/18/egfr/model/5C8K_A/to_model_5C8K_A

Dynamically allocated memory at   amaxalignment [B,KiB,MiB]:       265487     259.265     0.253

Dynamically allocated memory at   amaxalignment [B,KiB,MiB]:       266937     260.681     0.255

Dynamically allocated memory at   amaxalignment [B,KiB,MiB]:       269837     263.513     0.257

Dynamically allocated memory at   amaxalignment [B,KiB,MiB]:       275637     269.177     0.263

Dynamically allocated memory at   amaxalignment [B,KiB,MiB]:       392693     383.489     0.375

Dynamically allocated memory at    amaxsequence [B,KiB,MiB]:       393889     384.657     0.376

Dynamically allocated memory at    amaxsequence [B,KiB,MiB]:       394993     385.735     0.377

Read the alignment from file       : /home/german/labo/18/egfr/model/5C8K_A/to_model_5C8K_A
Total number of alignment positions:   317

  #  Code        #_Res #_Segm PDB_code    Name
-------------------------------------------------------------------------------
  1     5C8K_A     300      1      5C8K_A
  2  5C8K_A_fu     277      1
check_a_343_> >> BEGINNING OF COMMAND
openf___224_> Open           ./5C8K_A.pdb

Dynamically allocated memory at amaxcoordinates [B,KiB,MiB]:       486718     475.311     0.464

Dynamically allocated memory at    amaxsequence [B,KiB,MiB]:       486718     475.311     0.464

Dynamically allocated memory at amaxcoordinates [B,KiB,MiB]:       486889     475.478     0.464

Dynamically allocated memory at amaxcoordinates [B,KiB,MiB]:       487739     476.308     0.465

Dynamically allocated memory at amaxcoordinates [B,KiB,MiB]:       488997     477.536     0.466

Dynamically allocated memory at amaxcoordinates [B,KiB,MiB]:       490901     479.396     0.468

Dynamically allocated memory at    amaxsequence [B,KiB,MiB]:       490901     479.396     0.468

Dynamically allocated memory at amaxcoordinates [B,KiB,MiB]:       490991     479.483     0.468

Dynamically allocated memory at amaxcoordinates [B,KiB,MiB]:       493847     482.272     0.471

Dynamically allocated memory at    amaxsequence [B,KiB,MiB]:       493847     482.272     0.471

Dynamically allocated memory at amaxcoordinates [B,KiB,MiB]:       493982     482.404     0.471

Dynamically allocated memory at amaxcoordinates [B,KiB,MiB]:       498266     486.588     0.475

Dynamically allocated memory at    amaxsequence [B,KiB,MiB]:       498266     486.588     0.475

Dynamically allocated memory at amaxcoordinates [B,KiB,MiB]:       498464     486.781     0.475

Dynamically allocated memory at amaxcoordinates [B,KiB,MiB]:       504890     493.057     0.482

Dynamically allocated memory at    amaxsequence [B,KiB,MiB]:       504890     493.057     0.482

Dynamically allocated memory at amaxcoordinates [B,KiB,MiB]:       505187     493.347     0.482

Dynamically allocated memory at amaxcoordinates [B,KiB,MiB]:       514809     502.743     0.491

Dynamically allocated memory at    amaxsequence [B,KiB,MiB]:       514809     502.743     0.491

Dynamically allocated memory at amaxcoordinates [B,KiB,MiB]:       515259     503.183     0.491

Dynamically allocated memory at amaxcoordinates [B,KiB,MiB]:       529709     517.294     0.505

Dynamically allocated memory at    amaxsequence [B,KiB,MiB]:       529709     517.294     0.505

Dynamically allocated memory at amaxcoordinates [B,KiB,MiB]:       530384     517.953     0.506

Dynamically allocated memory at amaxcoordinates [B,KiB,MiB]:       552042     539.104     0.526

Dynamically allocated memory at    amaxsequence [B,KiB,MiB]:       552042     539.104     0.526

Dynamically allocated memory at amaxcoordinates [B,KiB,MiB]:       553050     540.088     0.527

Dynamically allocated memory at amaxcoordinates [B,KiB,MiB]:       585554     571.830     0.558

Dynamically allocated memory at   amaxstructure [B,KiB,MiB]:       585221     571.505     0.558

check_ali___> Checking the sequence-structure alignment. 

Implied intrachain target CA(i)-CA(i+1) distances longer than  8.0 angstroms:

ALN_POS  TMPL  RID1  RID2  NAM1  NAM2     DIST
----------------------------------------------
    179     1  860   876      K     V   13.914
END OF TABLE
check_a_344_> << END OF COMMAND
openf___224_> Open           ${LIB}/top_heav.lib
read_to_681_> topology.submodel read from topology file:        3
openf___224_> Open           ${LIB}/par.lib

Dynamically allocated memory at  amaxparameters [B,KiB,MiB]:       724473     707.493     0.691

Dynamically allocated memory at  amaxparameters [B,KiB,MiB]:       726073     709.056     0.692

Dynamically allocated memory at  amaxparameters [B,KiB,MiB]:       730053     712.942     0.696

Dynamically allocated memory at  amaxparameters [B,KiB,MiB]:       732053     714.896     0.698

Dynamically allocated memory at  amaxparameters [B,KiB,MiB]:       735053     717.825     0.701

Dynamically allocated memory at  amaxparameters [B,KiB,MiB]:       739553     722.220     0.705

Dynamically allocated memory at  amaxparameters [B,KiB,MiB]:       745125     727.661     0.711

Dynamically allocated memory at  amaxparameters [B,KiB,MiB]:       747925     730.396     0.713

Dynamically allocated memory at  amaxparameters [B,KiB,MiB]:       752125     734.497     0.717

Dynamically allocated memory at  amaxparameters [B,KiB,MiB]:       758425     740.649     0.723

Dynamically allocated memory at  amaxparameters [B,KiB,MiB]:       761197     743.356     0.726

Dynamically allocated memory at  amaxparameters [B,KiB,MiB]:       762597     744.724     0.727
read_pa_232_> parameters    BONDS   ANGLS  DIHEDS IMPROPS    MODE
                              227     561     661     112       0

Dynamically allocated memory at       amaxmodel [B,KiB,MiB]:       805929     787.040     0.769

Dynamically allocated memory at       amaxmodel [B,KiB,MiB]:      1026037    1001.989     0.979

Dynamically allocated memory at       amaxmodel [B,KiB,MiB]:      1059037    1034.216     1.010

mkilst______> segment topology constructed from sequence and RTF:
              segments residues atoms bonds angles dihedrals impropers:
                     1      277  2227  2277      0         0       924

Dynamically allocated memory at       amaxmodel [B,KiB,MiB]:      1154445    1127.388     1.101

patch_______> segment topology patched using RTF:     1  ;  LEU  ;  NTER
              segments residues atoms bonds angles dihedrals impropers:
                     1      277  2227  2277   3077      3657       924


Dynamically allocated memory at       amaxmodel [B,KiB,MiB]:      1246541    1217.325     1.189
patch_______> segment topology patched using RTF:   277  ;  LEU  ;  CTER
              segments residues atoms bonds angles dihedrals impropers:
                     1      277  2228  2278   3079      3659       925

genseg______> segment topology constructed from sequence and RTF:
              segments residues atoms bonds angles dihedrals impropers:
                     1      277  2228  2278   3079      3659       925
transfe_506_> MODEL is an average of all templates.
transfe_511_> Number of templates for coordinate transfer:        1
              After transferring coordinates of the equivalent template atoms,
              there are defined, undefined atoms in MODEL:     2093      135
openf___224_> Open           5C8K_A_full.ini
wrpdb___568_> Residues, atoms, selected atoms:      277     2228     2228
make_re_417_> Restraint type to be calculated:  stereo

Dynamically allocated memory at  amaxrestraints [B,KiB,MiB]:      1353590    1321.865     1.291

Dynamically allocated memory at  amaxrestraints [B,KiB,MiB]:      1361782    1329.865     1.299

Dynamically allocated memory at  amaxrestraints [B,KiB,MiB]:      1378166    1345.865     1.314

Dynamically allocated memory at  amaxrestraints [B,KiB,MiB]:      1410934    1377.865     1.346

Dynamically allocated memory at  amaxrestraints [B,KiB,MiB]:      1443702    1409.865     1.377

Dynamically allocated memory at  amaxrestraints [B,KiB,MiB]:      1509238    1473.865     1.439

Dynamically allocated memory at  amaxrestraints [B,KiB,MiB]:      1542006    1505.865     1.471

Dynamically allocated memory at  amaxrestraints [B,KiB,MiB]:      1574774    1537.865     1.502

Dynamically allocated memory at  amaxrestraints [B,KiB,MiB]:      1640310    1601.865     1.564

Dynamically allocated memory at  amaxrestraints [B,KiB,MiB]:      1771382    1729.865     1.689

Dynamically allocated memory at  amaxrestraints [B,KiB,MiB]:      1836918    1793.865     1.752

Dynamically allocated memory at  amaxrestraints [B,KiB,MiB]:      1902454    1857.865     1.814

Dynamically allocated memory at  amaxrestraints [B,KiB,MiB]:      2033526    1985.865     1.939

Dynamically allocated memory at  amaxrestraints [B,KiB,MiB]:      2295670    2241.865     2.189
r_stere_606_> Stereochemical restraints were constructed from RTF & PRMF.
              Added bond,angle,dihedral,improper restraints  :     2278    3079    3500     911
              Total number of restraints before, now         :        0     9768
make_re_422_> Number of previous, current restraints         :        0     9768
make_re_423_> Number of previous, current selected restraints:        0     9768
make_re_417_> Restraint type to be calculated:  phi-psi_binormal

Dynamically allocated memory at   amaxstructure [B,KiB,MiB]:      2456450    2398.877     2.343
openf___224_> Open           ${MODINSTALL9v19}/modlib/mnch1.bin
openf___224_> Open           ${MODINSTALL9v19}/modlib/mnch1.mdt
getdata_643_> Protein accepted:  5C8K_A
getdata_289_> Proteins (all/accepted):        1        1

Dynamically allocated memory at  amaxrestraints [B,KiB,MiB]:      2587538    2526.893     2.468
make_re_422_> Number of previous, current restraints         :     9768    10043
make_re_423_> Number of previous, current selected restraints:     9768    10043
make_re_417_> Restraint type to be calculated:  omega_dihedral

Dynamically allocated memory at   amaxstructure [B,KiB,MiB]:      2587538    2526.893     2.468
openf___224_> Open           ${MODINSTALL9v19}/modlib/omega.bin
openf___224_> Open           ${MODINSTALL9v19}/modlib/omega.mdt
getdata_643_> Protein accepted:  5C8K_A
getdata_289_> Proteins (all/accepted):        1        1
omgdel__425_> Unselected all O C +N +CA dihedrals:      290
              (This is to avoid clashes between STEREO
              and OMEGA_DIHEDRAL restraints)
make_re_422_> Number of previous, current restraints         :    10043    10319
make_re_423_> Number of previous, current selected restraints:    10043    10029
make_re_417_> Restraint type to be calculated:  chi1_dihedral

Dynamically allocated memory at   amaxstructure [B,KiB,MiB]:      2587538    2526.893     2.468
openf___224_> Open           ${MODINSTALL9v19}/modlib/chi1234.bin
openf___224_> Open           ${MODINSTALL9v19}/modlib/chi1.mdt
getdata_643_> Protein accepted:  5C8K_A
getdata_289_> Proteins (all/accepted):        1        1

Dynamically allocated memory at  amaxrestraints [B,KiB,MiB]:      2718610    2654.893     2.593
make_re_422_> Number of previous, current restraints         :    10319    10563
make_re_423_> Number of previous, current selected restraints:    10029    10273
make_re_417_> Restraint type to be calculated:  chi2_dihedral

Dynamically allocated memory at   amaxstructure [B,KiB,MiB]:      2718610    2654.893     2.593
openf___224_> Open           ${MODINSTALL9v19}/modlib/chi1234.bin
openf___224_> Open           ${MODINSTALL9v19}/modlib/chi2.mdt
getdata_643_> Protein accepted:  5C8K_A
getdata_289_> Proteins (all/accepted):        1        1
make_re_422_> Number of previous, current restraints         :    10563    10756
make_re_423_> Number of previous, current selected restraints:    10273    10466
make_re_417_> Restraint type to be calculated:  chi3_dihedral

Dynamically allocated memory at   amaxstructure [B,KiB,MiB]:      2718610    2654.893     2.593
openf___224_> Open           ${MODINSTALL9v19}/modlib/chi1234.bin
openf___224_> Open           ${MODINSTALL9v19}/modlib/chi3.mdt
getdata_643_> Protein accepted:  5C8K_A
getdata_289_> Proteins (all/accepted):        1        1
make_re_422_> Number of previous, current restraints         :    10756    10847
make_re_423_> Number of previous, current selected restraints:    10466    10557
make_re_417_> Restraint type to be calculated:  chi4_dihedral

Dynamically allocated memory at   amaxstructure [B,KiB,MiB]:      2718610    2654.893     2.593
openf___224_> Open           ${MODINSTALL9v19}/modlib/chi1234.bin
openf___224_> Open           ${MODINSTALL9v19}/modlib/chi4.mdt
mdtrsr__446W> A potential that relies on one protein is used, yet you have at
              least one known structure available. MDT, not library, potential is used.
getdata_643_> Protein accepted:  5C8K_A
getdata_289_> Proteins (all/accepted):        1        1
make_re_422_> Number of previous, current restraints         :    10847    10885
make_re_423_> Number of previous, current selected restraints:    10557    10595
make_re_417_> Restraint type to be calculated:  DISTANCE

Dynamically allocated memory at amaxhash_contac [B,KiB,MiB]:      3360238    3281.482     3.205
make_re_422_> Number of previous, current restraints         :    10885    16089
make_re_423_> Number of previous, current selected restraints:    10595    15799
make_re_417_> Restraint type to be calculated:  DISTANCE

Dynamically allocated memory at  amaxrestraints [B,KiB,MiB]:      3622382    3537.482     3.455

Dynamically allocated memory at  amaxrestraints [B,KiB,MiB]:      3884526    3793.482     3.705

Dynamically allocated memory at  amaxrestraints [B,KiB,MiB]:      4408814    4305.482     4.205
make_re_422_> Number of previous, current restraints         :    16089    21338
make_re_423_> Number of previous, current selected restraints:    15799    21048
make_re_417_> Restraint type to be calculated:  DISTANCE

Dynamically allocated memory at  amaxrestraints [B,KiB,MiB]:      4670958    4561.482     4.455
make_re_422_> Number of previous, current restraints         :    21338    25566
make_re_423_> Number of previous, current selected restraints:    21048    25276
make_re_417_> Restraint type to be calculated:  DISTANCE
make_re_422_> Number of previous, current restraints         :    25566    28309
make_re_423_> Number of previous, current selected restraints:    25276    28019
0 atoms in HETATM/BLK residues constrained
to protein atoms within 2.30 angstroms
and protein CA atoms within 10.00 angstroms
make_re_417_> Restraint type to be calculated:  DISTANCE
make_re_422_> Number of previous, current restraints         :    28309    28309
make_re_423_> Number of previous, current selected restraints:    28019    28019
make_re_417_> Restraint type to be calculated:  DISTANCE
make_re_422_> Number of previous, current restraints         :    28309    28309
make_re_423_> Number of previous, current selected restraints:    28019    28019
make_re_417_> Restraint type to be calculated:  DISTANCE
make_re_422_> Number of previous, current restraints         :    28309    28309
make_re_423_> Number of previous, current selected restraints:    28019    28019
make_re_417_> Restraint type to be calculated:  DISTANCE
make_re_422_> Number of previous, current restraints         :    28309    28309
make_re_423_> Number of previous, current selected restraints:    28019    28019
0 atoms in residues without defined topology
constrained to be rigid bodies
make_re_417_> Restraint type to be calculated:  DISTANCE
make_re_422_> Number of previous, current restraints         :    28309    28309
make_re_423_> Number of previous, current selected restraints:    28019    28019
rmdupl__427_>     1740 redundant cosine dihedral restraints were unselected.
condens_443_> Restraints marked for deletion were removed.
              Total number of restraints before, now:    28309    26279
openf___224_> Open           5C8K_A_full.rsr
openf___224_> Open           5C8K_A_full.rsr

Dynamically allocated memory at  amaxrestraints [B,KiB,MiB]:      4712133    4601.692     4.494
rdcsr2__307_> Number of restraints read    :    26279
              Number of excluded pairs read:        0
              Number of pseudo atoms read  :        0
rdcsrs__304_> Restraints in memory, selected restraints:    26279    26279
              Explicitly excluded atom pairs in memory :        0
              Pseudo atoms in memory                   :        0
191 (of 2228 total) atoms selected for optimization
openf___224_> Open           5C8K_A_full.ini

Dynamically allocated memory at       amaxmodel [B,KiB,MiB]:      4712157    4601.716     4.494
read_mo_297_> Segments, residues, atoms:        1      277     2228
read_mo_298_> Segment:        1     1   277     2228
randomi_498_> Atoms,selected atoms,random_seed,amplitude:     2228      191        1        4.0000
randomi_496_> Amplitude is > 0; randomization is done.
pick_re_612_> Number of MODEL atoms, selected restraints;      191     1095
pick_re_612_> Number of MODEL atoms, selected restraints;      191     1200
pick_re_612_> Number of MODEL atoms, selected restraints;      191     1254
pick_re_612_> Number of MODEL atoms, selected restraints;      191     1310
pick_re_612_> Number of MODEL atoms, selected restraints;      191     1422
pick_re_612_> Number of MODEL atoms, selected restraints;      191     1582
pick_re_612_> Number of MODEL atoms, selected restraints;      191     1918
pick_re_612_> Number of MODEL atoms, selected restraints;      191     2150

Dynamically allocated memory at  amaxrestraints [B,KiB,MiB]:      5058209    4939.657     4.824
pick_re_612_> Number of MODEL atoms, selected restraints;      191     2213
pick_re_612_> Number of MODEL atoms, selected restraints;      191     2213
pick_re_612_> Number of MODEL atoms, selected restraints;      191     2213
iupac_m_486_> OE1/2 will be swapped:     -134.3682        7     7
iupac_m_486_> OE1/2 will be swapped:      136.8466        9     9
iupac_m_486_> OE1/2 will be swapped:      -96.3945       34    34
iupac_m_486_> OE1/2 will be swapped:      164.3535       44    44
iupac_m_487_> NH1/2 swapped:     -179.9558       46    46
iupac_m_486_> OE1/2 will be swapped:      179.9802       47    47
iupac_m_486_> OE1/2 will be swapped:     -146.8854       56    56
iupac_m_486_> OE1/2 will be swapped:     -114.8328      102   102
iupac_m_486_> OE1/2 will be swapped:      174.2412      127   127
iupac_m_486_> OE1/2 will be swapped:      179.9558      163   163
iupac_m_486_> OE1/2 will be swapped:      -91.7481      170   170
iupac_m_487_> NH1/2 swapped:     -179.8231      187   187
iupac_m_486_> OE1/2 will be swapped:      169.1223      229   229
iupac_m_487_> NH1/2 swapped:     -179.7175      256   256
iupac_m_487_> NH1/2 swapped:      179.3990      260   260
iupac_m_486_> OE1/2 will be swapped:      113.2699      265   265
iupac_m_487_> NH1/2 swapped:      179.3000      271   271
iupac_m_487_> NH1/2 swapped:     -179.7684      275   275


>> ENERGY; Differences between the model's features and restraints:
Number of all residues in MODEL                   :      277
Number of all, selected real atoms                :     2228     191
Number of all, selected pseudo atoms              :        0       0
Number of all static, selected restraints         :    26279    2213
COVALENT_CYS                                      :        F
NONBONDED_SEL_ATOMS                               :        1
Number of non-bonded pairs (excluding 1-2,1-3,1-4):      502
Dynamic pairs routine                             : 5, NATM_SEL x NATM double loop
Atomic shift for contacts update (UPDATE_DYNAMIC) :    0.390
LENNARD_JONES_SWITCH                              :    6.500   7.500
COULOMB_JONES_SWITCH                              :    6.500   7.500
RESIDUE_SPAN_RANGE                                :        0   99999
NLOGN_USE                                         :       15
CONTACT_SHELL                                     :    4.000
DYNAMIC_PAIRS,_SPHERE,_COULOMB,_LENNARD,_MODELLER :        T       T       F       F       F
SPHERE_STDV                                       :    0.050
RADII_FACTOR                                      :    0.820
Current energy                                    :        2546.3083





Summary of the restraint violations: 

   NUM     ... number of restraints.
   NUMVI   ... number of restraints with RVIOL > VIOL_REPORT_CUT[i].
   RVIOL   ... relative difference from the best value.
   NUMVP   ... number of restraints with -Ln(pdf) > VIOL_REPORT_CUT2[i].
   RMS_1   ... RMS(feature, minimally_violated_basis_restraint, NUMB).
   RMS_2   ... RMS(feature, best_value, NUMB).
   MOL.PDF ... scaled contribution to -Ln(Molecular pdf).

 #                     RESTRAINT_GROUP      NUM   NUMVI  NUMVP   RMS_1   RMS_2         MOL.PDF     S_i
------------------------------------------------------------------------------------------------------
 1 Bond length potential              :     198       6      9   0.083   0.083      377.30       1.000
 2 Bond angle potential               :     268       8     18   6.138   6.138      194.00       1.000
 3 Stereochemical cosine torsion poten:     128       0      7  49.262  49.262      48.871       1.000
 4 Stereochemical improper torsion pot:      77       1      2   3.330   3.330      19.246       1.000
 5 Soft-sphere overlap restraints     :     502      12     20   0.073   0.073      314.62       1.000
 6 Lennard-Jones 6-12 potential       :       0       0      0   0.000   0.000      0.0000       1.000
 7 Coulomb point-point electrostatic p:       0       0      0   0.000   0.000      0.0000       1.000
 8 H-bonding potential                :       0       0      0   0.000   0.000      0.0000       1.000
 9 Distance restraints 1 (CA-CA)      :     467      40     64   1.455   1.455      931.11       1.000
10 Distance restraints 2 (N-O)        :     459      28     41   1.144   1.144      495.92       1.000
11 Mainchain Phi dihedral restraints  :       0       0      0   0.000   0.000      0.0000       1.000
12 Mainchain Psi dihedral restraints  :       0       0      0   0.000   0.000      0.0000       1.000
13 Mainchain Omega dihedral restraints:      25       1      1   8.905   8.905      23.379       1.000
14 Sidechain Chi_1 dihedral restraints:      19       0      2  50.453  50.453      12.944       1.000
15 Sidechain Chi_2 dihedral restraints:      18       0      1  74.267  74.267      7.0061       1.000
16 Sidechain Chi_3 dihedral restraints:      10       0      0 106.453 106.453      8.6248       1.000
17 Sidechain Chi_4 dihedral restraints:       6       0      0 101.277 101.277      3.7071       1.000
18 Disulfide distance restraints      :       0       0      0   0.000   0.000      0.0000       1.000
19 Disulfide angle restraints         :       0       0      0   0.000   0.000      0.0000       1.000
20 Disulfide dihedral angle restraints:       0       0      0   0.000   0.000      0.0000       1.000
21 Lower bound distance restraints    :       0       0      0   0.000   0.000      0.0000       1.000
22 Upper bound distance restraints    :       0       0      0   0.000   0.000      0.0000       1.000
23 Distance restraints 3 (SDCH-MNCH)  :     255       0      0   0.730   0.730      8.7322       1.000
24 Sidechain Chi_5 dihedral restraints:       0       0      0   0.000   0.000      0.0000       1.000
25 Phi/Psi pair of dihedral restraints:      27       9     10  48.079 103.060      74.964       1.000
26 Distance restraints 4 (SDCH-SDCH)  :     256       0      0   1.064   1.064      25.890       1.000
27 Distance restraints 5 (X-Y)        :       0       0      0   0.000   0.000      0.0000       1.000
28 NMR distance restraints 6 (X-Y)    :       0       0      0   0.000   0.000      0.0000       1.000
29 NMR distance restraints 7 (X-Y)    :       0       0      0   0.000   0.000      0.0000       1.000
30 Minimal distance restraints        :       0       0      0   0.000   0.000      0.0000       1.000
31 Non-bonded restraints              :       0       0      0   0.000   0.000      0.0000       1.000
32 Atomic accessibility restraints    :       0       0      0   0.000   0.000      0.0000       1.000
33 Atomic density restraints          :       0       0      0   0.000   0.000      0.0000       1.000
34 Absolute position restraints       :       0       0      0   0.000   0.000      0.0000       1.000
35 Dihedral angle difference restraint:       0       0      0   0.000   0.000      0.0000       1.000
36 GBSA implicit solvent potential    :       0       0      0   0.000   0.000      0.0000       1.000
37 EM density fitting potential       :       0       0      0   0.000   0.000      0.0000       1.000
38 SAXS restraints                    :       0       0      0   0.000   0.000      0.0000       1.000
39 Symmetry restraints                :       0       0      0   0.000   0.000      0.0000       1.000



openf___224_> Open           5C8K_A_full.V99990001
# Heavy relative violation of each residue is written to: 5C8K_A_full.V99990001
# The profile is NOT normalized by the number of restraints.
# The profiles are smoothed over a window of residues:    1
# The sum of all numbers in the file:    6648.6973



List of the violated restraints:
   A restraint is violated when the relative difference
   from the best value (RVIOL) is larger than CUTOFF.

   ICSR   ... index of a restraint in the current set.
   RESNO  ... residue numbers of the first two atoms.
   ATM    ... IUPAC atom names of the first two atoms.
   FEAT   ... the value of the feature in the model.
   restr  ... the mean of the basis restraint with the smallest
              difference from the model (local minimum).
   viol   ... difference from the local minimum.
   rviol  ... relative difference from the local minimum.
   RESTR  ... the best value (global minimum).
   VIOL   ... difference from the best value.
   RVIOL  ... relative difference from the best value.


-------------------------------------------------------------------------------------------------

Feature  1                           : Bond length potential                   
List of the RVIOL violations larger than   :       4.5000

    #   ICSR  RESNO1/2 ATM1/2   INDATM1/2    FEAT   restr    viol   rviol   RESTR    VIOL   RVIOL
    1   1396 173K 173K C   CA   1371 1365    2.29    1.49    0.80   23.16    1.49    0.80   23.16
    2   1397 173K 174V C   N    1371 1373    1.72    1.35    0.37   13.16    1.35    0.37   13.16
    3   1401 174V 174V N   CA   1373 1374    1.83    1.43    0.40   13.11    1.43    0.40   13.11
    4   1403 174V 174V C   CA   1378 1374    1.92    1.49    0.43   12.55    1.49    0.43   12.55
    5   1404 174V 175P C   N    1378 1380    1.68    1.30    0.38   11.29    1.30    0.38   11.29
    6   1408 175P 175P N   CA   1380 1381    1.67    1.43    0.23    7.61    1.43    0.23    7.61

-------------------------------------------------------------------------------------------------

Feature  2                           : Bond angle potential                    
List of the RVIOL violations larger than   :       4.5000

    #   ICSR  RESNO1/2 ATM1/2   INDATM1/2    FEAT   restr    viol   rviol   RESTR    VIOL   RVIOL
    1   4152 173K 173K N   CA   1364 1365  131.61  107.00   24.61    7.08  107.00   24.61    7.08
    2   4155 173K 173K CA  C    1365 1371  135.14  116.50   18.64    5.36  116.50   18.64    5.36
    3   4160 173K 174V C   N    1371 1373  159.51  120.00   39.51    8.98  120.00   39.51    8.98
    4   4163 174V 174V N   CA   1373 1374  146.03  107.00   39.03   11.22  107.00   39.03   11.22
    5   4170 174V 175P C   N    1378 1380  142.97  117.00   25.97    6.47  117.00   25.97    6.47

-------------------------------------------------------------------------------------------------

Feature  9                           : Distance restraints 1 (CA-CA)           
List of the RVIOL violations larger than   :       4.5000

    #   ICSR  RESNO1/2 ATM1/2   INDATM1/2    FEAT   restr    viol   rviol   RESTR    VIOL   RVIOL
    1   9944  56E 173K CA  CA    434 1365   15.99   12.22    3.77    4.87   12.22    3.77    4.87
    2   9971  57I 173K CA  CA    443 1365   17.58   13.66    3.92    6.04   13.66    3.92    6.04
    3   9998  58L 173K CA  CA    451 1365   18.17   13.49    4.68    6.98   13.49    4.68    6.98
    4  10020  59D 173K CA  CA    459 1365   14.47    9.69    4.78    7.97    9.69    4.78    7.97
    5  10052  60E 173K CA  CA    467 1365   13.90    9.78    4.12    7.69    9.78    4.12    7.69
    6  10081  61A 173K CA  CA    476 1365   17.01   12.52    4.49    8.05   12.52    4.49    8.05
    7  10108  62Y 173K CA  CA    481 1365   15.89   10.89    5.00    8.31   10.89    5.00    8.31
    8  10142  63V 173K CA  CA    493 1365   13.04    8.53    4.51    9.23    8.53    4.51    9.23
    9  10179  64M 173K CA  CA    500 1365   15.45   11.64    3.81    7.35   11.64    3.81    7.35
   10  10206  65A 173K CA  CA    508 1365   18.25   13.97    4.28    7.78   13.97    4.28    7.78
   11  10236  66S 173K CA  CA    513 1365   16.30   12.16    4.13    7.91   12.16    4.13    7.91
   12  10268  67V 173K CA  CA    519 1365   16.30   13.15    3.14    5.89   13.15    3.14    5.89
   13  12423 174V 217P CA  CA   1374 1731   17.98   13.41    4.57    8.24   13.41    4.57    8.24
   14  12424 174V 218A CA  CA   1374 1738   14.37    9.96    4.41    8.98    9.96    4.41    8.98
   15  12425 174V 219S CA  CA   1374 1743   16.22   11.85    4.37    7.39   11.85    4.37    7.39

-------------------------------------------------------------------------------------------------

Feature 10                           : Distance restraints 2 (N-O)             
List of the RVIOL violations larger than   :       4.5000

    #   ICSR  RESNO1/2 ATM1/2   INDATM1/2    FEAT   restr    viol   rviol   RESTR    VIOL   RVIOL
    1  14969  60E 173K N   O     466 1372   14.99   10.76    4.23    7.22   10.76    4.23    7.22
    2  15039  63V 173K N   O     492 1372   14.74    8.97    5.77   10.82    8.97    5.77   10.82
    3  15067  64M 173K N   O     499 1372   14.77   10.13    4.64    8.61   10.13    4.64    8.61
    4  16528 129R 173K N   O    1013 1372   13.25    9.75    3.50    5.71    9.75    3.50    5.71
    5  16539 130R 173K N   O    1024 1372   11.84    7.79    4.05    6.51    7.79    4.05    6.51
    6  16555 131L 173K N   O    1035 1372    9.22    5.38    3.85    7.17    5.38    3.85    7.17
    7  17198 173K  59D N   O    1364  465   12.15    8.53    3.62    5.78    8.53    3.62    5.78
    8  17199 173K  60E N   O    1364  474   13.17    9.64    3.53    6.21    9.64    3.53    6.21
    9  17200 173K  62Y N   O    1364  491   14.08   10.68    3.40    5.26   10.68    3.40    5.26
   10  17201 173K  63V N   O    1364  498   12.74    9.61    3.14    5.80    9.61    3.14    5.80
   11  17226 174V 218A N   O    1373 1741   15.27   10.74    4.54    8.09   10.74    4.54    8.09
   12  18196 218A 174V N   O    1737 1379   13.44    8.98    4.47    8.34    8.98    4.47    8.34
   13  18208 219S 174V N   O    1742 1379   13.32    9.50    3.81    6.24    9.50    3.81    6.24

-------------------------------------------------------------------------------------------------

Feature 13                           : Mainchain Omega dihedral restraints     
List of the RVIOL violations larger than   :       4.5000

    #   ICSR  RESNO1/2 ATM1/2   INDATM1/2    FEAT   restr    viol   rviol   RESTR    VIOL   RVIOL
    1   8188 175P 175P CA  C    1381 1385 -146.04 -180.00   33.96    6.79 -180.00   33.96    6.79

-------------------------------------------------------------------------------------------------

Feature 25                           : Phi/Psi pair of dihedral restraints     
List of the RVIOL violations larger than   :       6.5000

    #   ICSR  RESNO1/2 ATM1/2   INDATM1/2    FEAT   restr    viol   rviol   RESTR    VIOL   RVIOL
    1   7900 162A 163E C   N    1282 1284 -179.97 -117.80   71.94    2.11  -63.60 -172.75   31.16
    1        163E 163E N   CA   1284 1285  173.00  136.80                  -40.30
    2   7901 163E 164E C   N    1291 1293  133.12 -117.80  127.46    3.74  -63.60 -159.14   34.52
    2        164E 164E N   CA   1293 1294 -157.27  136.80                  -40.30
    3   7903 165K 166E C   N    1309 1311 -107.28 -117.80   24.94    1.37  -63.60  166.13   24.62
    3        166E 166E N   CA   1311 1312  159.41  136.80                  -40.30
    4   7904 166E 167Y C   N    1318 1320 -134.85 -124.30   22.89    0.90  -63.50  175.99   31.46
    4        167Y 167Y N   CA   1320 1321  155.72  135.40                  -43.40
    5   7905 167Y 168H C   N    1330 1332 -165.95 -125.60   71.90    1.91  -63.20  157.52   26.05
    5        168H 168H N   CA   1332 1333 -161.70  138.80                  -42.30
    6   7906 168H 169A C   N    1340 1342 -170.22 -134.00   37.97    0.91  -62.50 -166.54   37.41
    6        169A 169A N   CA   1342 1343  158.40  147.00                  -40.90
    7   7907 169A 170E C   N    1345 1347 -167.81 -117.80   85.95    3.06  -63.60  153.71   25.90
    7        170E 170E N   CA   1347 1348 -153.29  136.80                  -40.30
    8   7909 171G 172G C   N    1358 1360  118.89   78.70   70.74    1.17   82.20  132.36    8.19
    8        172G 172G N   CA   1360 1361  135.68 -166.10                    8.50
    9   7910 172G 173K C   N    1362 1364 -136.72  -62.90   96.90   16.69  -62.90   96.90   16.69
    9        173K 173K N   CA   1364 1365 -103.57  -40.80                  -40.80


report______> Distribution of short non-bonded contacts:

  serious non-bonded atom clash:  1023 1263   1.876
  serious non-bonded atom clash:  1033 1264   1.670
  serious non-bonded atom clash:  1034 1264   1.519
  serious non-bonded atom clash:  1063 1365   2.283
  serious non-bonded atom clash:  1063 1371   2.261
  serious non-bonded atom clash:  1373 1504   2.088

DISTANCE1:  0.00 2.10 2.20 2.30 2.40 2.50 2.60 2.70 2.80 2.90 3.00 3.10 3.20 3.30 3.40
DISTANCE2:  2.10 2.20 2.30 2.40 2.50 2.60 2.70 2.80 2.90 3.00 3.10 3.20 3.30 3.40 3.50
FREQUENCY:     4    0    2    1    5    5   19   52   92  119  139  179  270  342  354


<< end of ENERGY.
openf___224_> Open           5C8K_A_full.B99990001.pdb
wrpdb___568_> Residues, atoms, selected atoms:      277     2228     2228

>> Summary of successfully produced models:
Filename                          molpdf
----------------------------------------
5C8K_A_full.B99990001.pdb     2546.30835


Dynamically allocated memory at          finish [B,KiB,MiB]:      5058209    4939.657     4.824
Starting time                                            : 2018/02/20 13:03:02
Closing time                                             : 2018/02/20 13:03:19
Total CPU time [seconds]                                 :      16.50
