
                         MODELLER 9.19, 2017/07/19, r11078

     PROTEIN STRUCTURE MODELLING BY SATISFACTION OF SPATIAL RESTRAINTS


                     Copyright(c) 1989-2017 Andrej Sali
                            All Rights Reserved

                             Written by A. Sali
                               with help from
              B. Webb, M.S. Madhusudhan, M-Y. Shen, G.Q. Dong,
          M.A. Marti-Renom, N. Eswar, F. Alber, M. Topf, B. Oliva,
             A. Fiser, R. Sanchez, B. Yerkovich, A. Badretdinov,
                     F. Melo, J.P. Overington, E. Feyfant
                 University of California, San Francisco, USA
                    Rockefeller University, New York, USA
                      Harvard University, Cambridge, USA
                   Imperial Cancer Research Fund, London, UK
              Birkbeck College, University of London, London, UK


Kind, OS, HostName, Kernel, Processor: 4, Linux german-xps 4.14.6-041406-generic x86_64
Date and time of compilation         : 2017/07/19 15:03:51
MODELLER executable type             : x86_64-intel8
Job starting time (YY/MM/DD HH:MM:SS): 2018/02/20 13:01:05

openf___224_> Open           $(LIB)/restyp.lib
openf___224_> Open           ${MODINSTALL9v19}/modlib/resgrp.lib
rdresgr_266_> Number of residue groups:        2
openf___224_> Open           ${MODINSTALL9v19}/modlib/sstruc.lib

Dynamically allocated memory at   amaxlibraries [B,KiB,MiB]:       191566     187.076     0.183

Dynamically allocated memory at   amaxlibraries [B,KiB,MiB]:       192094     187.592     0.183
openf___224_> Open           ${MODINSTALL9v19}/modlib/resdih.lib

Dynamically allocated memory at   amaxlibraries [B,KiB,MiB]:       240694     235.053     0.230
rdrdih__263_> Number of dihedral angle types         :        9
              Maximal number of dihedral angle optima:        3
              Dihedral angle names                   :  Alph Phi Psi Omeg chi1 chi2 chi3 chi4 chi5
openf___224_> Open           ${MODINSTALL9v19}/modlib/radii.lib

Dynamically allocated memory at   amaxlibraries [B,KiB,MiB]:       253994     248.041     0.242
openf___224_> Open           ${MODINSTALL9v19}/modlib/radii14.lib
openf___224_> Open           ${MODINSTALL9v19}/modlib/af_mnchdef.lib
rdwilmo_274_> Mainchain residue conformation classes:  APBLE
openf___224_> Open           ${MODINSTALL9v19}/modlib/mnch.lib
rdclass_257_> Number of classes:        5
openf___224_> Open           ${MODINSTALL9v19}/modlib/mnch1.lib
openf___224_> Open           ${MODINSTALL9v19}/modlib/mnch2.lib
openf___224_> Open           ${MODINSTALL9v19}/modlib/mnch3.lib
openf___224_> Open           ${MODINSTALL9v19}/modlib/xs4.mat
rdrrwgh_268_> Number of residue types:       21
openf___224_> Open           /home/german/labo/18/egfr/model/2RGP_A/to_model_2RGP_A

Dynamically allocated memory at   amaxalignment [B,KiB,MiB]:       265487     259.265     0.253

Dynamically allocated memory at   amaxalignment [B,KiB,MiB]:       266937     260.681     0.255

Dynamically allocated memory at   amaxalignment [B,KiB,MiB]:       269837     263.513     0.257

Dynamically allocated memory at   amaxalignment [B,KiB,MiB]:       275637     269.177     0.263

Dynamically allocated memory at   amaxalignment [B,KiB,MiB]:       392693     383.489     0.375

Dynamically allocated memory at    amaxsequence [B,KiB,MiB]:       393825     384.595     0.376

Dynamically allocated memory at    amaxsequence [B,KiB,MiB]:       394929     385.673     0.377

Read the alignment from file       : /home/german/labo/18/egfr/model/2RGP_A/to_model_2RGP_A
Total number of alignment positions:   301

  #  Code        #_Res #_Segm PDB_code    Name
-------------------------------------------------------------------------------
  1     2RGP_A     284      1      2RGP_A
  2  2RGP_A_fu     277      1
check_a_343_> >> BEGINNING OF COMMAND
openf___224_> Open           ./2RGP_A.pdb

Dynamically allocated memory at amaxcoordinates [B,KiB,MiB]:       481854     470.561     0.460

Dynamically allocated memory at    amaxsequence [B,KiB,MiB]:       481854     470.561     0.460

Dynamically allocated memory at amaxcoordinates [B,KiB,MiB]:       482025     470.728     0.460

Dynamically allocated memory at amaxcoordinates [B,KiB,MiB]:       482875     471.558     0.461

Dynamically allocated memory at amaxcoordinates [B,KiB,MiB]:       484133     472.786     0.462

Dynamically allocated memory at amaxcoordinates [B,KiB,MiB]:       486037     474.646     0.464

Dynamically allocated memory at    amaxsequence [B,KiB,MiB]:       486037     474.646     0.464

Dynamically allocated memory at amaxcoordinates [B,KiB,MiB]:       486127     474.733     0.464

Dynamically allocated memory at amaxcoordinates [B,KiB,MiB]:       488983     477.522     0.466

Dynamically allocated memory at    amaxsequence [B,KiB,MiB]:       488983     477.522     0.466

Dynamically allocated memory at amaxcoordinates [B,KiB,MiB]:       489118     477.654     0.466

Dynamically allocated memory at amaxcoordinates [B,KiB,MiB]:       493402     481.838     0.471

Dynamically allocated memory at    amaxsequence [B,KiB,MiB]:       493402     481.838     0.471

Dynamically allocated memory at amaxcoordinates [B,KiB,MiB]:       493600     482.031     0.471

Dynamically allocated memory at amaxcoordinates [B,KiB,MiB]:       500026     488.307     0.477

Dynamically allocated memory at    amaxsequence [B,KiB,MiB]:       500026     488.307     0.477

Dynamically allocated memory at amaxcoordinates [B,KiB,MiB]:       500323     488.597     0.477

Dynamically allocated memory at amaxcoordinates [B,KiB,MiB]:       509945     497.993     0.486

Dynamically allocated memory at    amaxsequence [B,KiB,MiB]:       509945     497.993     0.486

Dynamically allocated memory at amaxcoordinates [B,KiB,MiB]:       510395     498.433     0.487

Dynamically allocated memory at amaxcoordinates [B,KiB,MiB]:       524845     512.544     0.501

Dynamically allocated memory at    amaxsequence [B,KiB,MiB]:       524845     512.544     0.501

Dynamically allocated memory at amaxcoordinates [B,KiB,MiB]:       525520     513.203     0.501

Dynamically allocated memory at amaxcoordinates [B,KiB,MiB]:       547178     534.354     0.522

Dynamically allocated memory at    amaxsequence [B,KiB,MiB]:       547178     534.354     0.522

Dynamically allocated memory at amaxcoordinates [B,KiB,MiB]:       548186     535.338     0.523

Dynamically allocated memory at amaxcoordinates [B,KiB,MiB]:       580690     567.080     0.554

Dynamically allocated memory at   amaxstructure [B,KiB,MiB]:       580213     566.614     0.553

check_ali___> Checking the sequence-structure alignment. 

Implied intrachain target CA(i)-CA(i+1) distances longer than  8.0 angstroms:

ALN_POS  TMPL  RID1  RID2  NAM1  NAM2     DIST
----------------------------------------------
    174     1  867   876      K     V   12.187
END OF TABLE
check_a_344_> << END OF COMMAND
openf___224_> Open           ${LIB}/top_heav.lib
read_to_681_> topology.submodel read from topology file:        3
openf___224_> Open           ${LIB}/par.lib

Dynamically allocated memory at  amaxparameters [B,KiB,MiB]:       719465     702.603     0.686

Dynamically allocated memory at  amaxparameters [B,KiB,MiB]:       721065     704.165     0.688

Dynamically allocated memory at  amaxparameters [B,KiB,MiB]:       725045     708.052     0.691

Dynamically allocated memory at  amaxparameters [B,KiB,MiB]:       727045     710.005     0.693

Dynamically allocated memory at  amaxparameters [B,KiB,MiB]:       730045     712.935     0.696

Dynamically allocated memory at  amaxparameters [B,KiB,MiB]:       734545     717.329     0.701

Dynamically allocated memory at  amaxparameters [B,KiB,MiB]:       740117     722.771     0.706

Dynamically allocated memory at  amaxparameters [B,KiB,MiB]:       742917     725.505     0.709

Dynamically allocated memory at  amaxparameters [B,KiB,MiB]:       747117     729.606     0.713

Dynamically allocated memory at  amaxparameters [B,KiB,MiB]:       753417     735.759     0.719

Dynamically allocated memory at  amaxparameters [B,KiB,MiB]:       756189     738.466     0.721

Dynamically allocated memory at  amaxparameters [B,KiB,MiB]:       757589     739.833     0.722
read_pa_232_> parameters    BONDS   ANGLS  DIHEDS IMPROPS    MODE
                              227     561     661     112       0

Dynamically allocated memory at       amaxmodel [B,KiB,MiB]:       800921     782.149     0.764

Dynamically allocated memory at       amaxmodel [B,KiB,MiB]:      1020637     996.716     0.973

Dynamically allocated memory at       amaxmodel [B,KiB,MiB]:      1053621    1028.927     1.005

mkilst______> segment topology constructed from sequence and RTF:
              segments residues atoms bonds angles dihedrals impropers:
                     1      277  2223  2273      0         0       925

Dynamically allocated memory at       amaxmodel [B,KiB,MiB]:      1148945    1122.017     1.096

patch_______> segment topology patched using RTF:     1  ;  LEU  ;  NTER
              segments residues atoms bonds angles dihedrals impropers:
                     1      277  2223  2273   3074      3654       925


Dynamically allocated memory at       amaxmodel [B,KiB,MiB]:      1241041    1211.954     1.184
patch_______> segment topology patched using RTF:   277  ;  LEU  ;  CTER
              segments residues atoms bonds angles dihedrals impropers:
                     1      277  2224  2274   3076      3656       926

genseg______> segment topology constructed from sequence and RTF:
              segments residues atoms bonds angles dihedrals impropers:
                     1      277  2224  2274   3076      3656       926
transfe_506_> MODEL is an average of all templates.
transfe_511_> Number of templates for coordinate transfer:        1
              After transferring coordinates of the equivalent template atoms,
              there are defined, undefined atoms in MODEL:     2096      128
openf___224_> Open           2RGP_A_full.ini
wrpdb___568_> Residues, atoms, selected atoms:      277     2224     2224
make_re_417_> Restraint type to be calculated:  stereo

Dynamically allocated memory at  amaxrestraints [B,KiB,MiB]:      1348090    1316.494     1.286

Dynamically allocated memory at  amaxrestraints [B,KiB,MiB]:      1356282    1324.494     1.293

Dynamically allocated memory at  amaxrestraints [B,KiB,MiB]:      1372666    1340.494     1.309

Dynamically allocated memory at  amaxrestraints [B,KiB,MiB]:      1405434    1372.494     1.340

Dynamically allocated memory at  amaxrestraints [B,KiB,MiB]:      1438202    1404.494     1.372

Dynamically allocated memory at  amaxrestraints [B,KiB,MiB]:      1503738    1468.494     1.434

Dynamically allocated memory at  amaxrestraints [B,KiB,MiB]:      1536506    1500.494     1.465

Dynamically allocated memory at  amaxrestraints [B,KiB,MiB]:      1569274    1532.494     1.497

Dynamically allocated memory at  amaxrestraints [B,KiB,MiB]:      1634810    1596.494     1.559

Dynamically allocated memory at  amaxrestraints [B,KiB,MiB]:      1765882    1724.494     1.684

Dynamically allocated memory at  amaxrestraints [B,KiB,MiB]:      1831418    1788.494     1.747

Dynamically allocated memory at  amaxrestraints [B,KiB,MiB]:      1896954    1852.494     1.809

Dynamically allocated memory at  amaxrestraints [B,KiB,MiB]:      2028026    1980.494     1.934

Dynamically allocated memory at  amaxrestraints [B,KiB,MiB]:      2290170    2236.494     2.184
r_stere_606_> Stereochemical restraints were constructed from RTF & PRMF.
              Added bond,angle,dihedral,improper restraints  :     2274    3076    3497     912
              Total number of restraints before, now         :        0     9759
make_re_422_> Number of previous, current restraints         :        0     9759
make_re_423_> Number of previous, current selected restraints:        0     9759
make_re_417_> Restraint type to be calculated:  phi-psi_binormal

Dynamically allocated memory at   amaxstructure [B,KiB,MiB]:      2450814    2393.373     2.337
openf___224_> Open           ${MODINSTALL9v19}/modlib/mnch1.bin
openf___224_> Open           ${MODINSTALL9v19}/modlib/mnch1.mdt
errdih__638_> Missing atoms in a dihedral, residue index, residue type:        5      283  GLU
errdih__638_> Missing atoms in a dihedral, residue index, residue type:        6      283  GLU
errdih__638_> Missing atoms in a dihedral, residue index, residue type:        7      283  GLU
getdata_643_> Protein accepted:  2RGP_A
getdata_289_> Proteins (all/accepted):        1        1

Dynamically allocated memory at  amaxrestraints [B,KiB,MiB]:      2581902    2521.389     2.462
make_re_422_> Number of previous, current restraints         :     9759    10034
make_re_423_> Number of previous, current selected restraints:     9759    10034
make_re_417_> Restraint type to be calculated:  omega_dihedral

Dynamically allocated memory at   amaxstructure [B,KiB,MiB]:      2581902    2521.389     2.462
openf___224_> Open           ${MODINSTALL9v19}/modlib/omega.bin
openf___224_> Open           ${MODINSTALL9v19}/modlib/omega.mdt
getdata_643_> Protein accepted:  2RGP_A
getdata_289_> Proteins (all/accepted):        1        1
omgdel__425_> Unselected all O C +N +CA dihedrals:      290
              (This is to avoid clashes between STEREO
              and OMEGA_DIHEDRAL restraints)
make_re_422_> Number of previous, current restraints         :    10034    10310
make_re_423_> Number of previous, current selected restraints:    10034    10020
make_re_417_> Restraint type to be calculated:  chi1_dihedral

Dynamically allocated memory at   amaxstructure [B,KiB,MiB]:      2581902    2521.389     2.462
openf___224_> Open           ${MODINSTALL9v19}/modlib/chi1234.bin
openf___224_> Open           ${MODINSTALL9v19}/modlib/chi1.mdt
getdata_643_> Protein accepted:  2RGP_A
getdata_289_> Proteins (all/accepted):        1        1

Dynamically allocated memory at  amaxrestraints [B,KiB,MiB]:      2712974    2649.389     2.587
make_re_422_> Number of previous, current restraints         :    10310    10554
make_re_423_> Number of previous, current selected restraints:    10020    10264
make_re_417_> Restraint type to be calculated:  chi2_dihedral

Dynamically allocated memory at   amaxstructure [B,KiB,MiB]:      2712974    2649.389     2.587
openf___224_> Open           ${MODINSTALL9v19}/modlib/chi1234.bin
openf___224_> Open           ${MODINSTALL9v19}/modlib/chi2.mdt
getdata_643_> Protein accepted:  2RGP_A
getdata_289_> Proteins (all/accepted):        1        1
make_re_422_> Number of previous, current restraints         :    10554    10746
make_re_423_> Number of previous, current selected restraints:    10264    10456
make_re_417_> Restraint type to be calculated:  chi3_dihedral

Dynamically allocated memory at   amaxstructure [B,KiB,MiB]:      2712974    2649.389     2.587
openf___224_> Open           ${MODINSTALL9v19}/modlib/chi1234.bin
openf___224_> Open           ${MODINSTALL9v19}/modlib/chi3.mdt
getdata_643_> Protein accepted:  2RGP_A
getdata_289_> Proteins (all/accepted):        1        1
make_re_422_> Number of previous, current restraints         :    10746    10835
make_re_423_> Number of previous, current selected restraints:    10456    10545
make_re_417_> Restraint type to be calculated:  chi4_dihedral

Dynamically allocated memory at   amaxstructure [B,KiB,MiB]:      2712974    2649.389     2.587
openf___224_> Open           ${MODINSTALL9v19}/modlib/chi1234.bin
openf___224_> Open           ${MODINSTALL9v19}/modlib/chi4.mdt
mdtrsr__446W> A potential that relies on one protein is used, yet you have at
              least one known structure available. MDT, not library, potential is used.
getdata_643_> Protein accepted:  2RGP_A
getdata_289_> Proteins (all/accepted):        1        1
make_re_422_> Number of previous, current restraints         :    10835    10872
make_re_423_> Number of previous, current selected restraints:    10545    10582
make_re_417_> Restraint type to be calculated:  DISTANCE

Dynamically allocated memory at amaxhash_contac [B,KiB,MiB]:      3353450    3274.854     3.198
make_re_422_> Number of previous, current restraints         :    10872    16208
make_re_423_> Number of previous, current selected restraints:    10582    15918
make_re_417_> Restraint type to be calculated:  DISTANCE

Dynamically allocated memory at  amaxrestraints [B,KiB,MiB]:      3615594    3530.854     3.448

Dynamically allocated memory at  amaxrestraints [B,KiB,MiB]:      3877738    3786.854     3.698

Dynamically allocated memory at  amaxrestraints [B,KiB,MiB]:      4402026    4298.854     4.198
make_re_422_> Number of previous, current restraints         :    16208    21511
make_re_423_> Number of previous, current selected restraints:    15918    21221
make_re_417_> Restraint type to be calculated:  DISTANCE

Dynamically allocated memory at  amaxrestraints [B,KiB,MiB]:      4664170    4554.854     4.448
make_re_422_> Number of previous, current restraints         :    21511    25800
make_re_423_> Number of previous, current selected restraints:    21221    25510
make_re_417_> Restraint type to be calculated:  DISTANCE
make_re_422_> Number of previous, current restraints         :    25800    28547
make_re_423_> Number of previous, current selected restraints:    25510    28257
0 atoms in HETATM/BLK residues constrained
to protein atoms within 2.30 angstroms
and protein CA atoms within 10.00 angstroms
make_re_417_> Restraint type to be calculated:  DISTANCE
make_re_422_> Number of previous, current restraints         :    28547    28547
make_re_423_> Number of previous, current selected restraints:    28257    28257
make_re_417_> Restraint type to be calculated:  DISTANCE
make_re_422_> Number of previous, current restraints         :    28547    28547
make_re_423_> Number of previous, current selected restraints:    28257    28257
make_re_417_> Restraint type to be calculated:  DISTANCE
make_re_422_> Number of previous, current restraints         :    28547    28547
make_re_423_> Number of previous, current selected restraints:    28257    28257
make_re_417_> Restraint type to be calculated:  DISTANCE
make_re_422_> Number of previous, current restraints         :    28547    28547
make_re_423_> Number of previous, current selected restraints:    28257    28257
0 atoms in residues without defined topology
constrained to be rigid bodies
make_re_417_> Restraint type to be calculated:  DISTANCE
make_re_422_> Number of previous, current restraints         :    28547    28547
make_re_423_> Number of previous, current selected restraints:    28257    28257
rmdupl__427_>     1736 redundant cosine dihedral restraints were unselected.
condens_443_> Restraints marked for deletion were removed.
              Total number of restraints before, now:    28547    26521
openf___224_> Open           2RGP_A_full.rsr
openf___224_> Open           2RGP_A_full.rsr

Dynamically allocated memory at  amaxrestraints [B,KiB,MiB]:      4710489    4600.087     4.492
rdcsr2__307_> Number of restraints read    :    26521
              Number of excluded pairs read:        0
              Number of pseudo atoms read  :        0
rdcsrs__304_> Restraints in memory, selected restraints:    26521    26521
              Explicitly excluded atom pairs in memory :        0
              Pseudo atoms in memory                   :        0
133 (of 2224 total) atoms selected for optimization
openf___224_> Open           2RGP_A_full.ini

Dynamically allocated memory at       amaxmodel [B,KiB,MiB]:      4710513    4600.110     4.492
read_mo_297_> Segments, residues, atoms:        1      277     2224
read_mo_298_> Segment:        1     1   277     2224
randomi_498_> Atoms,selected atoms,random_seed,amplitude:     2224      133        1        4.0000
randomi_496_> Amplitude is > 0; randomization is done.
pick_re_612_> Number of MODEL atoms, selected restraints;      133      627
pick_re_612_> Number of MODEL atoms, selected restraints;      133      642
pick_re_612_> Number of MODEL atoms, selected restraints;      133      658
pick_re_612_> Number of MODEL atoms, selected restraints;      133      675
pick_re_612_> Number of MODEL atoms, selected restraints;      133      702
pick_re_612_> Number of MODEL atoms, selected restraints;      133      715
pick_re_612_> Number of MODEL atoms, selected restraints;      133      717
pick_re_612_> Number of MODEL atoms, selected restraints;      133      780

Dynamically allocated memory at  amaxrestraints [B,KiB,MiB]:      5056469    4937.958     4.822
pick_re_612_> Number of MODEL atoms, selected restraints;      133      785
pick_re_612_> Number of MODEL atoms, selected restraints;      133      785
pick_re_612_> Number of MODEL atoms, selected restraints;      133      785
iupac_m_486_> OE1/2 will be swapped:     -175.0561        7     7
iupac_m_483_> CD1/2 CE1/2 swapped:      -96.7639       25    25
iupac_m_397W> Atoms were not swapped because of the uncertainty of how to handle the H atom.
iupac_m_486_> OE1/2 will be swapped:     -180.0000       32    32
iupac_m_486_> OE1/2 will be swapped:     -165.4273       34    34
iupac_m_486_> OE1/2 will be swapped:     -173.2669       44    44
iupac_m_487_> NH1/2 swapped:     -179.8813       46    46
iupac_m_486_> OE1/2 will be swapped:     -180.0000       47    47
iupac_m_486_> OE1/2 will be swapped:      179.6226       60    60
iupac_m_487_> NH1/2 swapped:      179.8155      101   101
iupac_m_486_> OE1/2 will be swapped:      176.8043      127   127
iupac_m_487_> NH1/2 swapped:     -179.7879      129   129
iupac_m_486_> OE1/2 will be swapped:     -172.7307      164   164
iupac_m_486_> OE1/2 will be swapped:      175.8189      170   170
iupac_m_483_> CD1/2 CE1/2 swapped:       91.1875      189   189
iupac_m_397W> Atoms were not swapped because of the uncertainty of how to handle the H atom.
iupac_m_484W> Dihedral still outside +-90:      -90.0005
iupac_m_483_> CD1/2 CE1/2 swapped:      101.9453      213   213
iupac_m_397W> Atoms were not swapped because of the uncertainty of how to handle the H atom.
iupac_m_486_> OE1/2 will be swapped:     -179.3932      220   220
iupac_m_483_> CD1/2 CE1/2 swapped:      118.8082      259   259
iupac_m_397W> Atoms were not swapped because of the uncertainty of how to handle the H atom.
iupac_m_483_> CD1/2 CE1/2 swapped:       91.2394      276   276
iupac_m_397W> Atoms were not swapped because of the uncertainty of how to handle the H atom.


>> ENERGY; Differences between the model's features and restraints:
Number of all residues in MODEL                   :      277
Number of all, selected real atoms                :     2224     133
Number of all, selected pseudo atoms              :        0       0
Number of all static, selected restraints         :    26521     785
COVALENT_CYS                                      :        F
NONBONDED_SEL_ATOMS                               :        1
Number of non-bonded pairs (excluding 1-2,1-3,1-4):      195
Dynamic pairs routine                             : 5, NATM_SEL x NATM double loop
Atomic shift for contacts update (UPDATE_DYNAMIC) :    0.390
LENNARD_JONES_SWITCH                              :    6.500   7.500
COULOMB_JONES_SWITCH                              :    6.500   7.500
RESIDUE_SPAN_RANGE                                :        0   99999
NLOGN_USE                                         :       15
CONTACT_SHELL                                     :    4.000
DYNAMIC_PAIRS,_SPHERE,_COULOMB,_LENNARD,_MODELLER :        T       T       F       F       F
SPHERE_STDV                                       :    0.050
RADII_FACTOR                                      :    0.820
Current energy                                    :         406.4734





Summary of the restraint violations: 

   NUM     ... number of restraints.
   NUMVI   ... number of restraints with RVIOL > VIOL_REPORT_CUT[i].
   RVIOL   ... relative difference from the best value.
   NUMVP   ... number of restraints with -Ln(pdf) > VIOL_REPORT_CUT2[i].
   RMS_1   ... RMS(feature, minimally_violated_basis_restraint, NUMB).
   RMS_2   ... RMS(feature, best_value, NUMB).
   MOL.PDF ... scaled contribution to -Ln(Molecular pdf).

 #                     RESTRAINT_GROUP      NUM   NUMVI  NUMVP   RMS_1   RMS_2         MOL.PDF     S_i
------------------------------------------------------------------------------------------------------
 1 Bond length potential              :     139       0      0   0.014   0.014      7.8792       1.000
 2 Bond angle potential               :     191       3      9   4.766   4.766      84.904       1.000
 3 Stereochemical cosine torsion poten:      81       0      7  57.134  57.134      41.737       1.000
 4 Stereochemical improper torsion pot:      56       2      2   3.656   3.656      25.136       1.000
 5 Soft-sphere overlap restraints     :     195       0      0   0.009   0.009      1.9199       1.000
 6 Lennard-Jones 6-12 potential       :       0       0      0   0.000   0.000      0.0000       1.000
 7 Coulomb point-point electrostatic p:       0       0      0   0.000   0.000      0.0000       1.000
 8 H-bonding potential                :       0       0      0   0.000   0.000      0.0000       1.000
 9 Distance restraints 1 (CA-CA)      :      61       2      5   1.344   1.344      42.614       1.000
10 Distance restraints 2 (N-O)        :      75       3      5   1.498   1.498      40.496       1.000
11 Mainchain Phi dihedral restraints  :       0       0      0   0.000   0.000      0.0000       1.000
12 Mainchain Psi dihedral restraints  :       0       0      0   0.000   0.000      0.0000       1.000
13 Mainchain Omega dihedral restraints:      21       2      2  37.012  37.012      20.499       1.000
14 Sidechain Chi_1 dihedral restraints:      13       0      1  84.054  84.054      8.9594       1.000
15 Sidechain Chi_2 dihedral restraints:      10       0      0  69.936  69.936      6.0761       1.000
16 Sidechain Chi_3 dihedral restraints:       7       0      0 105.972 105.972      6.6343       1.000
17 Sidechain Chi_4 dihedral restraints:       3       0      0 104.734 104.734      2.6765       1.000
18 Disulfide distance restraints      :       0       0      0   0.000   0.000      0.0000       1.000
19 Disulfide angle restraints         :       0       0      0   0.000   0.000      0.0000       1.000
20 Disulfide dihedral angle restraints:       0       0      0   0.000   0.000      0.0000       1.000
21 Lower bound distance restraints    :       0       0      0   0.000   0.000      0.0000       1.000
22 Upper bound distance restraints    :       0       0      0   0.000   0.000      0.0000       1.000
23 Distance restraints 3 (SDCH-MNCH)  :      57       0      0   0.786   0.786     0.71905       1.000
24 Sidechain Chi_5 dihedral restraints:       0       0      0   0.000   0.000      0.0000       1.000
25 Phi/Psi pair of dihedral restraints:      24      17     15  60.793 154.583      101.30       1.000
26 Distance restraints 4 (SDCH-SDCH)  :      47       0      3   1.990   1.990      14.927       1.000
27 Distance restraints 5 (X-Y)        :       0       0      0   0.000   0.000      0.0000       1.000
28 NMR distance restraints 6 (X-Y)    :       0       0      0   0.000   0.000      0.0000       1.000
29 NMR distance restraints 7 (X-Y)    :       0       0      0   0.000   0.000      0.0000       1.000
30 Minimal distance restraints        :       0       0      0   0.000   0.000      0.0000       1.000
31 Non-bonded restraints              :       0       0      0   0.000   0.000      0.0000       1.000
32 Atomic accessibility restraints    :       0       0      0   0.000   0.000      0.0000       1.000
33 Atomic density restraints          :       0       0      0   0.000   0.000      0.0000       1.000
34 Absolute position restraints       :       0       0      0   0.000   0.000      0.0000       1.000
35 Dihedral angle difference restraint:       0       0      0   0.000   0.000      0.0000       1.000
36 GBSA implicit solvent potential    :       0       0      0   0.000   0.000      0.0000       1.000
37 EM density fitting potential       :       0       0      0   0.000   0.000      0.0000       1.000
38 SAXS restraints                    :       0       0      0   0.000   0.000      0.0000       1.000
39 Symmetry restraints                :       0       0      0   0.000   0.000      0.0000       1.000



openf___224_> Open           2RGP_A_full.V99990001
# Heavy relative violation of each residue is written to: 2RGP_A_full.V99990001
# The profile is NOT normalized by the number of restraints.
# The profiles are smoothed over a window of residues:    1
# The sum of all numbers in the file:    5559.4448



List of the violated restraints:
   A restraint is violated when the relative difference
   from the best value (RVIOL) is larger than CUTOFF.

   ICSR   ... index of a restraint in the current set.
   RESNO  ... residue numbers of the first two atoms.
   ATM    ... IUPAC atom names of the first two atoms.
   FEAT   ... the value of the feature in the model.
   restr  ... the mean of the basis restraint with the smallest
              difference from the model (local minimum).
   viol   ... difference from the local minimum.
   rviol  ... relative difference from the local minimum.
   RESTR  ... the best value (global minimum).
   VIOL   ... difference from the best value.
   RVIOL  ... relative difference from the best value.


-------------------------------------------------------------------------------------------------

Feature  2                           : Bond angle potential                    
List of the RVIOL violations larger than   :       4.5000

    #   ICSR  RESNO1/2 ATM1/2   INDATM1/2    FEAT   restr    viol   rviol   RESTR    VIOL   RVIOL
    1   2786  47E  48A C   N     375  377  154.39  120.00   34.39    7.82  120.00   34.39    7.82

-------------------------------------------------------------------------------------------------

Feature  4                           : Stereochemical improper torsion potentia
List of the RVIOL violations larger than   :       4.5000

    #   ICSR  RESNO1/2 ATM1/2   INDATM1/2    FEAT   restr    viol   rviol   RESTR    VIOL   RVIOL
    1   6922  32E  32E C   CA    256  250   18.08    0.00   18.08    6.36    0.00   18.08    6.36
    2   6960  47E  47E C   CA    375  369   15.80    0.00   15.80    5.56    0.00   15.80    5.56

-------------------------------------------------------------------------------------------------

Feature  9                           : Distance restraints 1 (CA-CA)           
List of the RVIOL violations larger than   :       4.5000

    #   ICSR  RESNO1/2 ATM1/2   INDATM1/2    FEAT   restr    viol   rviol   RESTR    VIOL   RVIOL
    1  12532 173K 186H CA  CA   1361 1467   13.40   10.34    3.07    4.98   10.34    3.07    4.98

-------------------------------------------------------------------------------------------------

Feature 10                           : Distance restraints 2 (N-O)             
List of the RVIOL violations larger than   :       4.5000

    #   ICSR  RESNO1/2 ATM1/2   INDATM1/2    FEAT   restr    viol   rviol   RESTR    VIOL   RVIOL
    1  17344 173K 186H N   O    1360 1475   12.34    8.83    3.51    5.47    8.83    3.51    5.47
    2  17345 173K 187R N   O    1360 1486   11.34    8.63    2.71    4.71    8.63    2.71    4.71
    3  17631 187R 173K N   O    1476 1368   13.63   10.74    2.89    4.72   10.74    2.89    4.72

-------------------------------------------------------------------------------------------------

Feature 13                           : Mainchain Omega dihedral restraints     
List of the RVIOL violations larger than   :       4.5000

    #   ICSR  RESNO1/2 ATM1/2   INDATM1/2    FEAT   restr    viol   rviol   RESTR    VIOL   RVIOL
    1   8040  32E  32E CA  C     250  256 -148.89 -180.00   31.11    6.22 -180.00   31.11    6.22
    2   8181 173K 173K CA  C    1361 1367  -13.98 -179.18  165.20   38.39 -179.18  165.20   38.39

-------------------------------------------------------------------------------------------------

Feature 25                           : Phi/Psi pair of dihedral restraints     
List of the RVIOL violations larger than   :       6.5000

    #   ICSR  RESNO1/2 ATM1/2   INDATM1/2    FEAT   restr    viol   rviol   RESTR    VIOL   RVIOL
    1   7764  31P  32E C   N     247  249  179.97 -117.80   62.46    2.16  -63.60 -147.66   34.66
    1         32E  32E N   CA    249  250  142.13  136.80                  -40.30
    2   7766  33G  34E C   N     260  262  164.65 -117.80   80.91    2.49  -63.60 -152.88   34.59
    2         34E  34E N   CA    262  263  159.88  136.80                  -40.30
    3   7767  34E  35K C   N     269  271  149.37 -118.00  112.75    3.78  -62.90 -172.28   32.48
    3         35K  35K N   CA    271  272 -156.62  139.10                  -40.80
    4   7779  46R  47E C   N     366  368  180.00 -117.80   62.91    2.09  -63.60 -151.09   34.19
    4         47E  47E N   CA    368  369  146.23  136.80                  -40.30
    5   7780  47E  48A C   N     375  377 -177.66 -134.00   51.51    1.23  -62.50 -175.01   36.33
    5         48A  48A N   CA    377  378  174.33  147.00                  -40.90
    6   7781  48A  49T C   N     380  382 -130.46 -124.80   12.93    0.41  -63.20  176.13   27.01
    6         49T  49T N   CA    382  383  155.12  143.50                  -42.10
    7   7782  49T  50S C   N     387  389 -133.77 -136.60   21.34    1.02  -64.10  179.15   11.14
    7         50S  50S N   CA    389  390  130.05  151.20                  -35.00
    8   7783  50S  51P C   N     393  395  -62.92  -58.70   17.68    1.81  -64.50  165.15   12.41
    8         51P  51P N   CA    395  396  -47.66  -30.50                  147.20
    9   7785  52K  53A C   N     409  411   70.71  -62.50  140.66   28.40  -62.50  140.66   28.40
    9         53A  53A N   CA    411  412    4.28  -40.90                  -40.90
   10   7897 164E 165K C   N    1296 1298 -179.97 -118.00   72.70    2.42  -62.90 -175.89   30.73
   10        165K 165K N   CA   1298 1299  177.11  139.10                  -40.80
   11   7898 165K 166E C   N    1305 1307 -157.00 -117.80   59.46    1.99  -63.60  166.80   27.32
   11        166E 166E N   CA   1307 1308 -178.50  136.80                  -40.30
   12   7899 166E 167Y C   N    1314 1316  -77.37  -98.40   37.19    3.45  -63.50  141.81   21.80
   12        167Y 167Y N   CA   1316 1317   97.73  128.40                  -43.40
   13   7900 167Y 168H C   N    1326 1328 -126.54 -125.60   63.78    2.41  -63.20  131.40   20.52
   13        168H 168H N   CA   1328 1329 -157.43  138.80                  -42.30
   14   7901 168H 169A C   N    1336 1338  -92.55  -68.20   50.61    3.30  -62.50  132.87   23.36
   14        169A 169A N   CA   1338 1339 -170.33  145.30                  -40.90
   15   7902 169A 170E C   N    1341 1343  -67.51  -69.30   24.09    1.78  -63.60  158.83   20.97
   15        170E 170E N   CA   1343 1344  118.47  142.50                  -40.30
   16   7904 171G 172G C   N    1354 1356  158.89 -167.20   39.06    1.26   82.20  165.53   11.50
   16        172G 172G N   CA   1356 1357  155.20  174.60                    8.50
   17   7905 172G 173K C   N    1358 1360  -56.92  -62.90   26.88    3.21  -70.20  153.17   11.41
   17        173K 173K N   CA   1360 1361  -67.01  -40.80                  140.40


report______> Distribution of short non-bonded contacts:

  serious non-bonded atom clash:   367  370   2.120

DISTANCE1:  0.00 2.10 2.20 2.30 2.40 2.50 2.60 2.70 2.80 2.90 3.00 3.10 3.20 3.30 3.40
DISTANCE2:  2.10 2.20 2.30 2.40 2.50 2.60 2.70 2.80 2.90 3.00 3.10 3.20 3.30 3.40 3.50
FREQUENCY:     0    1    0    0    0    7   17   48   90  140  155  202  233  296  367


<< end of ENERGY.
openf___224_> Open           2RGP_A_full.B99990001.pdb
wrpdb___568_> Residues, atoms, selected atoms:      277     2224     2224

>> Summary of successfully produced models:
Filename                          molpdf
----------------------------------------
2RGP_A_full.B99990001.pdb      406.47345


Dynamically allocated memory at          finish [B,KiB,MiB]:      5056469    4937.958     4.822
Starting time                                            : 2018/02/20 13:01:05
Closing time                                             : 2018/02/20 13:01:09
Total CPU time [seconds]                                 :       4.75
