
                         MODELLER 9.19, 2017/07/19, r11078

     PROTEIN STRUCTURE MODELLING BY SATISFACTION OF SPATIAL RESTRAINTS


                     Copyright(c) 1989-2017 Andrej Sali
                            All Rights Reserved

                             Written by A. Sali
                               with help from
              B. Webb, M.S. Madhusudhan, M-Y. Shen, G.Q. Dong,
          M.A. Marti-Renom, N. Eswar, F. Alber, M. Topf, B. Oliva,
             A. Fiser, R. Sanchez, B. Yerkovich, A. Badretdinov,
                     F. Melo, J.P. Overington, E. Feyfant
                 University of California, San Francisco, USA
                    Rockefeller University, New York, USA
                      Harvard University, Cambridge, USA
                   Imperial Cancer Research Fund, London, UK
              Birkbeck College, University of London, London, UK


Kind, OS, HostName, Kernel, Processor: 4, Linux german-xps 4.14.6-041406-generic x86_64
Date and time of compilation         : 2017/07/19 15:03:51
MODELLER executable type             : x86_64-intel8
Job starting time (YY/MM/DD HH:MM:SS): 2018/02/20 13:01:27

openf___224_> Open           $(LIB)/restyp.lib
openf___224_> Open           ${MODINSTALL9v19}/modlib/resgrp.lib
rdresgr_266_> Number of residue groups:        2
openf___224_> Open           ${MODINSTALL9v19}/modlib/sstruc.lib

Dynamically allocated memory at   amaxlibraries [B,KiB,MiB]:       191566     187.076     0.183

Dynamically allocated memory at   amaxlibraries [B,KiB,MiB]:       192094     187.592     0.183
openf___224_> Open           ${MODINSTALL9v19}/modlib/resdih.lib

Dynamically allocated memory at   amaxlibraries [B,KiB,MiB]:       240694     235.053     0.230
rdrdih__263_> Number of dihedral angle types         :        9
              Maximal number of dihedral angle optima:        3
              Dihedral angle names                   :  Alph Phi Psi Omeg chi1 chi2 chi3 chi4 chi5
openf___224_> Open           ${MODINSTALL9v19}/modlib/radii.lib

Dynamically allocated memory at   amaxlibraries [B,KiB,MiB]:       253994     248.041     0.242
openf___224_> Open           ${MODINSTALL9v19}/modlib/radii14.lib
openf___224_> Open           ${MODINSTALL9v19}/modlib/af_mnchdef.lib
rdwilmo_274_> Mainchain residue conformation classes:  APBLE
openf___224_> Open           ${MODINSTALL9v19}/modlib/mnch.lib
rdclass_257_> Number of classes:        5
openf___224_> Open           ${MODINSTALL9v19}/modlib/mnch1.lib
openf___224_> Open           ${MODINSTALL9v19}/modlib/mnch2.lib
openf___224_> Open           ${MODINSTALL9v19}/modlib/mnch3.lib
openf___224_> Open           ${MODINSTALL9v19}/modlib/xs4.mat
rdrrwgh_268_> Number of residue types:       21
openf___224_> Open           /home/german/labo/18/egfr/model/3GT8_A/to_model_3GT8_A

Dynamically allocated memory at   amaxalignment [B,KiB,MiB]:       265487     259.265     0.253

Dynamically allocated memory at   amaxalignment [B,KiB,MiB]:       266937     260.681     0.255

Dynamically allocated memory at   amaxalignment [B,KiB,MiB]:       269837     263.513     0.257

Dynamically allocated memory at   amaxalignment [B,KiB,MiB]:       275637     269.177     0.263

Dynamically allocated memory at   amaxalignment [B,KiB,MiB]:       392693     383.489     0.375

Dynamically allocated memory at    amaxsequence [B,KiB,MiB]:       393853     384.622     0.376

Dynamically allocated memory at    amaxsequence [B,KiB,MiB]:       394957     385.700     0.377

Read the alignment from file       : /home/german/labo/18/egfr/model/3GT8_A/to_model_3GT8_A
Total number of alignment positions:   306

  #  Code        #_Res #_Segm PDB_code    Name
-------------------------------------------------------------------------------
  1     3GT8_A     291      1      3GT8_A
  2  3GT8_A_fu     277      1
check_a_343_> >> BEGINNING OF COMMAND
openf___224_> Open           ./3GT8_A.pdb

Dynamically allocated memory at amaxcoordinates [B,KiB,MiB]:       483982     472.639     0.462

Dynamically allocated memory at    amaxsequence [B,KiB,MiB]:       483982     472.639     0.462

Dynamically allocated memory at amaxcoordinates [B,KiB,MiB]:       484153     472.806     0.462

Dynamically allocated memory at amaxcoordinates [B,KiB,MiB]:       485003     473.636     0.463

Dynamically allocated memory at amaxcoordinates [B,KiB,MiB]:       486261     474.864     0.464

Dynamically allocated memory at amaxcoordinates [B,KiB,MiB]:       488165     476.724     0.466

Dynamically allocated memory at    amaxsequence [B,KiB,MiB]:       488165     476.724     0.466

Dynamically allocated memory at amaxcoordinates [B,KiB,MiB]:       488255     476.812     0.466

Dynamically allocated memory at amaxcoordinates [B,KiB,MiB]:       491111     479.601     0.468

Dynamically allocated memory at    amaxsequence [B,KiB,MiB]:       491111     479.601     0.468

Dynamically allocated memory at amaxcoordinates [B,KiB,MiB]:       491246     479.732     0.468

Dynamically allocated memory at amaxcoordinates [B,KiB,MiB]:       495530     483.916     0.473

Dynamically allocated memory at    amaxsequence [B,KiB,MiB]:       495530     483.916     0.473

Dynamically allocated memory at amaxcoordinates [B,KiB,MiB]:       495728     484.109     0.473

Dynamically allocated memory at amaxcoordinates [B,KiB,MiB]:       502154     490.385     0.479

Dynamically allocated memory at    amaxsequence [B,KiB,MiB]:       502154     490.385     0.479

Dynamically allocated memory at amaxcoordinates [B,KiB,MiB]:       502451     490.675     0.479

Dynamically allocated memory at amaxcoordinates [B,KiB,MiB]:       512073     500.071     0.488

Dynamically allocated memory at    amaxsequence [B,KiB,MiB]:       512073     500.071     0.488

Dynamically allocated memory at amaxcoordinates [B,KiB,MiB]:       512523     500.511     0.489

Dynamically allocated memory at amaxcoordinates [B,KiB,MiB]:       526973     514.622     0.503

Dynamically allocated memory at    amaxsequence [B,KiB,MiB]:       526973     514.622     0.503

Dynamically allocated memory at amaxcoordinates [B,KiB,MiB]:       527648     515.281     0.503

Dynamically allocated memory at amaxcoordinates [B,KiB,MiB]:       549306     536.432     0.524

Dynamically allocated memory at    amaxsequence [B,KiB,MiB]:       549306     536.432     0.524

Dynamically allocated memory at amaxcoordinates [B,KiB,MiB]:       550314     537.416     0.525

Dynamically allocated memory at amaxcoordinates [B,KiB,MiB]:       582818     569.158     0.556

Dynamically allocated memory at   amaxstructure [B,KiB,MiB]:       582404     568.754     0.555

check_ali___> Checking the sequence-structure alignment. 

Implied intrachain target CA(i)-CA(i+1) distances longer than  8.0 angstroms:

ALN_POS  TMPL  RID1  RID2  NAM1  NAM2     DIST
----------------------------------------------
END OF TABLE
check_a_344_> << END OF COMMAND
openf___224_> Open           ${LIB}/top_heav.lib
read_to_681_> topology.submodel read from topology file:        3
openf___224_> Open           ${LIB}/par.lib

Dynamically allocated memory at  amaxparameters [B,KiB,MiB]:       721656     704.742     0.688

Dynamically allocated memory at  amaxparameters [B,KiB,MiB]:       723256     706.305     0.690

Dynamically allocated memory at  amaxparameters [B,KiB,MiB]:       727236     710.191     0.694

Dynamically allocated memory at  amaxparameters [B,KiB,MiB]:       729236     712.145     0.695

Dynamically allocated memory at  amaxparameters [B,KiB,MiB]:       732236     715.074     0.698

Dynamically allocated memory at  amaxparameters [B,KiB,MiB]:       736736     719.469     0.703

Dynamically allocated memory at  amaxparameters [B,KiB,MiB]:       742308     724.910     0.708

Dynamically allocated memory at  amaxparameters [B,KiB,MiB]:       745108     727.645     0.711

Dynamically allocated memory at  amaxparameters [B,KiB,MiB]:       749308     731.746     0.715

Dynamically allocated memory at  amaxparameters [B,KiB,MiB]:       755608     737.898     0.721

Dynamically allocated memory at  amaxparameters [B,KiB,MiB]:       758380     740.605     0.723

Dynamically allocated memory at  amaxparameters [B,KiB,MiB]:       759780     741.973     0.725
read_pa_232_> parameters    BONDS   ANGLS  DIHEDS IMPROPS    MODE
                              227     561     661     112       0

Dynamically allocated memory at       amaxmodel [B,KiB,MiB]:       803112     784.289     0.766

Dynamically allocated memory at       amaxmodel [B,KiB,MiB]:      1023220     999.238     0.976

Dynamically allocated memory at       amaxmodel [B,KiB,MiB]:      1056236    1031.480     1.007

mkilst______> segment topology constructed from sequence and RTF:
              segments residues atoms bonds angles dihedrals impropers:
                     1      277  2227  2277      0         0       925

Dynamically allocated memory at       amaxmodel [B,KiB,MiB]:      1151656    1124.664     1.098

patch_______> segment topology patched using RTF:     1  ;  LEU  ;  NTER
              segments residues atoms bonds angles dihedrals impropers:
                     1      277  2227  2277   3078      3657       925


Dynamically allocated memory at       amaxmodel [B,KiB,MiB]:      1243752    1214.602     1.186
patch_______> segment topology patched using RTF:   277  ;  LEU  ;  CTER
              segments residues atoms bonds angles dihedrals impropers:
                     1      277  2228  2278   3080      3659       926

genseg______> segment topology constructed from sequence and RTF:
              segments residues atoms bonds angles dihedrals impropers:
                     1      277  2228  2278   3080      3659       926
transfe_506_> MODEL is an average of all templates.
transfe_511_> Number of templates for coordinate transfer:        1
              After transferring coordinates of the equivalent template atoms,
              there are defined, undefined atoms in MODEL:     2114      114
openf___224_> Open           3GT8_A_full.ini
wrpdb___568_> Residues, atoms, selected atoms:      277     2228     2228
make_re_417_> Restraint type to be calculated:  stereo

Dynamically allocated memory at  amaxrestraints [B,KiB,MiB]:      1350801    1319.142     1.288

Dynamically allocated memory at  amaxrestraints [B,KiB,MiB]:      1358993    1327.142     1.296

Dynamically allocated memory at  amaxrestraints [B,KiB,MiB]:      1375377    1343.142     1.312

Dynamically allocated memory at  amaxrestraints [B,KiB,MiB]:      1408145    1375.142     1.343

Dynamically allocated memory at  amaxrestraints [B,KiB,MiB]:      1440913    1407.142     1.374

Dynamically allocated memory at  amaxrestraints [B,KiB,MiB]:      1506449    1471.142     1.437

Dynamically allocated memory at  amaxrestraints [B,KiB,MiB]:      1539217    1503.142     1.468

Dynamically allocated memory at  amaxrestraints [B,KiB,MiB]:      1571985    1535.142     1.499

Dynamically allocated memory at  amaxrestraints [B,KiB,MiB]:      1637521    1599.142     1.562

Dynamically allocated memory at  amaxrestraints [B,KiB,MiB]:      1768593    1727.142     1.687

Dynamically allocated memory at  amaxrestraints [B,KiB,MiB]:      1834129    1791.142     1.749

Dynamically allocated memory at  amaxrestraints [B,KiB,MiB]:      1899665    1855.142     1.812

Dynamically allocated memory at  amaxrestraints [B,KiB,MiB]:      2030737    1983.142     1.937

Dynamically allocated memory at  amaxrestraints [B,KiB,MiB]:      2292881    2239.142     2.187
r_stere_606_> Stereochemical restraints were constructed from RTF & PRMF.
              Added bond,angle,dihedral,improper restraints  :     2278    3080    3499     912
              Total number of restraints before, now         :        0     9769
make_re_422_> Number of previous, current restraints         :        0     9769
make_re_423_> Number of previous, current selected restraints:        0     9769
make_re_417_> Restraint type to be calculated:  phi-psi_binormal

Dynamically allocated memory at   amaxstructure [B,KiB,MiB]:      2453661    2396.153     2.340
openf___224_> Open           ${MODINSTALL9v19}/modlib/mnch1.bin
openf___224_> Open           ${MODINSTALL9v19}/modlib/mnch1.mdt
getdata_643_> Protein accepted:  3GT8_A
getdata_289_> Proteins (all/accepted):        1        1

Dynamically allocated memory at  amaxrestraints [B,KiB,MiB]:      2584749    2524.169     2.465
make_re_422_> Number of previous, current restraints         :     9769    10044
make_re_423_> Number of previous, current selected restraints:     9769    10044
make_re_417_> Restraint type to be calculated:  omega_dihedral

Dynamically allocated memory at   amaxstructure [B,KiB,MiB]:      2584749    2524.169     2.465
openf___224_> Open           ${MODINSTALL9v19}/modlib/omega.bin
openf___224_> Open           ${MODINSTALL9v19}/modlib/omega.mdt
getdata_643_> Protein accepted:  3GT8_A
getdata_289_> Proteins (all/accepted):        1        1
omgdel__425_> Unselected all O C +N +CA dihedrals:      290
              (This is to avoid clashes between STEREO
              and OMEGA_DIHEDRAL restraints)
make_re_422_> Number of previous, current restraints         :    10044    10320
make_re_423_> Number of previous, current selected restraints:    10044    10030
make_re_417_> Restraint type to be calculated:  chi1_dihedral

Dynamically allocated memory at   amaxstructure [B,KiB,MiB]:      2584749    2524.169     2.465
openf___224_> Open           ${MODINSTALL9v19}/modlib/chi1234.bin
openf___224_> Open           ${MODINSTALL9v19}/modlib/chi1.mdt
getdata_643_> Protein accepted:  3GT8_A
getdata_289_> Proteins (all/accepted):        1        1

Dynamically allocated memory at  amaxrestraints [B,KiB,MiB]:      2715821    2652.169     2.590
make_re_422_> Number of previous, current restraints         :    10320    10564
make_re_423_> Number of previous, current selected restraints:    10030    10274
make_re_417_> Restraint type to be calculated:  chi2_dihedral

Dynamically allocated memory at   amaxstructure [B,KiB,MiB]:      2715821    2652.169     2.590
openf___224_> Open           ${MODINSTALL9v19}/modlib/chi1234.bin
openf___224_> Open           ${MODINSTALL9v19}/modlib/chi2.mdt
getdata_643_> Protein accepted:  3GT8_A
getdata_289_> Proteins (all/accepted):        1        1
make_re_422_> Number of previous, current restraints         :    10564    10757
make_re_423_> Number of previous, current selected restraints:    10274    10467
make_re_417_> Restraint type to be calculated:  chi3_dihedral

Dynamically allocated memory at   amaxstructure [B,KiB,MiB]:      2715821    2652.169     2.590
openf___224_> Open           ${MODINSTALL9v19}/modlib/chi1234.bin
openf___224_> Open           ${MODINSTALL9v19}/modlib/chi3.mdt
getdata_643_> Protein accepted:  3GT8_A
getdata_289_> Proteins (all/accepted):        1        1
make_re_422_> Number of previous, current restraints         :    10757    10847
make_re_423_> Number of previous, current selected restraints:    10467    10557
make_re_417_> Restraint type to be calculated:  chi4_dihedral

Dynamically allocated memory at   amaxstructure [B,KiB,MiB]:      2715821    2652.169     2.590
openf___224_> Open           ${MODINSTALL9v19}/modlib/chi1234.bin
openf___224_> Open           ${MODINSTALL9v19}/modlib/chi4.mdt
mdtrsr__446W> A potential that relies on one protein is used, yet you have at
              least one known structure available. MDT, not library, potential is used.
getdata_643_> Protein accepted:  3GT8_A
getdata_289_> Proteins (all/accepted):        1        1
make_re_422_> Number of previous, current restraints         :    10847    10885
make_re_423_> Number of previous, current selected restraints:    10557    10595
make_re_417_> Restraint type to be calculated:  DISTANCE

Dynamically allocated memory at amaxhash_contac [B,KiB,MiB]:      3357449    3278.759     3.202
make_re_422_> Number of previous, current restraints         :    10885    16254
make_re_423_> Number of previous, current selected restraints:    10595    15964
make_re_417_> Restraint type to be calculated:  DISTANCE

Dynamically allocated memory at  amaxrestraints [B,KiB,MiB]:      3619593    3534.759     3.452

Dynamically allocated memory at  amaxrestraints [B,KiB,MiB]:      3881737    3790.759     3.702

Dynamically allocated memory at  amaxrestraints [B,KiB,MiB]:      4406025    4302.759     4.202
make_re_422_> Number of previous, current restraints         :    16254    21626
make_re_423_> Number of previous, current selected restraints:    15964    21336
make_re_417_> Restraint type to be calculated:  DISTANCE

Dynamically allocated memory at  amaxrestraints [B,KiB,MiB]:      4668169    4558.759     4.452
make_re_422_> Number of previous, current restraints         :    21626    26093
make_re_423_> Number of previous, current selected restraints:    21336    25803
make_re_417_> Restraint type to be calculated:  DISTANCE
make_re_422_> Number of previous, current restraints         :    26093    28825
make_re_423_> Number of previous, current selected restraints:    25803    28535
0 atoms in HETATM/BLK residues constrained
to protein atoms within 2.30 angstroms
and protein CA atoms within 10.00 angstroms
make_re_417_> Restraint type to be calculated:  DISTANCE
make_re_422_> Number of previous, current restraints         :    28825    28825
make_re_423_> Number of previous, current selected restraints:    28535    28535
make_re_417_> Restraint type to be calculated:  DISTANCE
make_re_422_> Number of previous, current restraints         :    28825    28825
make_re_423_> Number of previous, current selected restraints:    28535    28535
make_re_417_> Restraint type to be calculated:  DISTANCE
make_re_422_> Number of previous, current restraints         :    28825    28825
make_re_423_> Number of previous, current selected restraints:    28535    28535
make_re_417_> Restraint type to be calculated:  DISTANCE
make_re_422_> Number of previous, current restraints         :    28825    28825
make_re_423_> Number of previous, current selected restraints:    28535    28535
0 atoms in residues without defined topology
constrained to be rigid bodies
make_re_417_> Restraint type to be calculated:  DISTANCE
make_re_422_> Number of previous, current restraints         :    28825    28825
make_re_423_> Number of previous, current selected restraints:    28535    28535
rmdupl__427_>     1738 redundant cosine dihedral restraints were unselected.
condens_443_> Restraints marked for deletion were removed.
              Total number of restraints before, now:    28825    26797
openf___224_> Open           3GT8_A_full.rsr
openf___224_> Open           3GT8_A_full.rsr

Dynamically allocated memory at  amaxrestraints [B,KiB,MiB]:      4712161    4601.720     4.494
rdcsr2__307_> Number of restraints read    :    26797
              Number of excluded pairs read:        0
              Number of pseudo atoms read  :        0
rdcsrs__304_> Restraints in memory, selected restraints:    26797    26797
              Explicitly excluded atom pairs in memory :        0
              Pseudo atoms in memory                   :        0
147 (of 2228 total) atoms selected for optimization
openf___224_> Open           3GT8_A_full.ini

Dynamically allocated memory at       amaxmodel [B,KiB,MiB]:      4712185    4601.743     4.494
read_mo_297_> Segments, residues, atoms:        1      277     2228
read_mo_298_> Segment:        1     1   277     2228
randomi_498_> Atoms,selected atoms,random_seed,amplitude:     2228      147        1        4.0000
randomi_496_> Amplitude is > 0; randomization is done.
pick_re_612_> Number of MODEL atoms, selected restraints;      147      751
pick_re_612_> Number of MODEL atoms, selected restraints;      147      789
pick_re_612_> Number of MODEL atoms, selected restraints;      147      817
pick_re_612_> Number of MODEL atoms, selected restraints;      147      849
pick_re_612_> Number of MODEL atoms, selected restraints;      147      880
pick_re_612_> Number of MODEL atoms, selected restraints;      147      925
pick_re_612_> Number of MODEL atoms, selected restraints;      147     1086
pick_re_612_> Number of MODEL atoms, selected restraints;      147     1277

Dynamically allocated memory at  amaxrestraints [B,KiB,MiB]:      5058237    4939.685     4.824
pick_re_612_> Number of MODEL atoms, selected restraints;      147     1304
pick_re_612_> Number of MODEL atoms, selected restraints;      147     1315
pick_re_612_> Number of MODEL atoms, selected restraints;      147     1315
iupac_m_487_> NH1/2 swapped:     -170.7648        3     3
iupac_m_483_> CD1/2 CE1/2 swapped:     -101.5453       10    10
iupac_m_397W> Atoms were not swapped because of the uncertainty of how to handle the H atom.
iupac_m_483_> CD1/2 CE1/2 swapped:       90.4354       25    25
iupac_m_397W> Atoms were not swapped because of the uncertainty of how to handle the H atom.
iupac_m_484W> Dihedral still outside +-90:      -90.2788
iupac_m_486_> OE1/2 will be swapped:     -112.1324       34    34
iupac_m_486_> OE1/2 will be swapped:      177.6941       44    44
iupac_m_486_> OE1/2 will be swapped:     -165.1931       47    47
iupac_m_483_> CD1/2 CE1/2 swapped:      112.6480       62    62
iupac_m_397W> Atoms were not swapped because of the uncertainty of how to handle the H atom.
iupac_m_483_> CD1/2 CE1/2 swapped:     -110.6455      111   111
iupac_m_397W> Atoms were not swapped because of the uncertainty of how to handle the H atom.
iupac_m_486_> OE1/2 will be swapped:      122.9877      127   127
iupac_m_486_> OE1/2 will be swapped:     -158.8686      170   170
iupac_m_483_> CD1/2 CE1/2 swapped:       99.3390      189   189
iupac_m_397W> Atoms were not swapped because of the uncertainty of how to handle the H atom.
iupac_m_486_> OE1/2 will be swapped:      119.7658      204   204
iupac_m_483_> CD1/2 CE1/2 swapped:      101.4619      213   213
iupac_m_397W> Atoms were not swapped because of the uncertainty of how to handle the H atom.
iupac_m_486_> OE1/2 will be swapped:     -118.2704      226   226
iupac_m_483_> CD1/2 CE1/2 swapped:      115.8179      259   259
iupac_m_397W> Atoms were not swapped because of the uncertainty of how to handle the H atom.
iupac_m_486_> OE1/2 will be swapped:      113.9899      261   261


>> ENERGY; Differences between the model's features and restraints:
Number of all residues in MODEL                   :      277
Number of all, selected real atoms                :     2228     147
Number of all, selected pseudo atoms              :        0       0
Number of all static, selected restraints         :    26797    1315
COVALENT_CYS                                      :        F
NONBONDED_SEL_ATOMS                               :        1
Number of non-bonded pairs (excluding 1-2,1-3,1-4):      247
Dynamic pairs routine                             : 5, NATM_SEL x NATM double loop
Atomic shift for contacts update (UPDATE_DYNAMIC) :    0.390
LENNARD_JONES_SWITCH                              :    6.500   7.500
COULOMB_JONES_SWITCH                              :    6.500   7.500
RESIDUE_SPAN_RANGE                                :        0   99999
NLOGN_USE                                         :       15
CONTACT_SHELL                                     :    4.000
DYNAMIC_PAIRS,_SPHERE,_COULOMB,_LENNARD,_MODELLER :        T       T       F       F       F
SPHERE_STDV                                       :    0.050
RADII_FACTOR                                      :    0.820
Current energy                                    :         147.2474





Summary of the restraint violations: 

   NUM     ... number of restraints.
   NUMVI   ... number of restraints with RVIOL > VIOL_REPORT_CUT[i].
   RVIOL   ... relative difference from the best value.
   NUMVP   ... number of restraints with -Ln(pdf) > VIOL_REPORT_CUT2[i].
   RMS_1   ... RMS(feature, minimally_violated_basis_restraint, NUMB).
   RMS_2   ... RMS(feature, best_value, NUMB).
   MOL.PDF ... scaled contribution to -Ln(Molecular pdf).

 #                     RESTRAINT_GROUP      NUM   NUMVI  NUMVP   RMS_1   RMS_2         MOL.PDF     S_i
------------------------------------------------------------------------------------------------------
 1 Bond length potential              :     151       0      0   0.006   0.006      1.2218       1.000
 2 Bond angle potential               :     203       0      0   2.171   2.171      18.637       1.000
 3 Stereochemical cosine torsion poten:      88       0      2  52.107  52.107      39.412       1.000
 4 Stereochemical improper torsion pot:      58       0      0   1.625   1.625      2.9025       1.000
 5 Soft-sphere overlap restraints     :     247       0      0   0.001   0.001     0.35254E-01   1.000
 6 Lennard-Jones 6-12 potential       :       0       0      0   0.000   0.000      0.0000       1.000
 7 Coulomb point-point electrostatic p:       0       0      0   0.000   0.000      0.0000       1.000
 8 H-bonding potential                :       0       0      0   0.000   0.000      0.0000       1.000
 9 Distance restraints 1 (CA-CA)      :     234       0      0   0.147   0.147      5.1431       1.000
10 Distance restraints 2 (N-O)        :     239       0      0   0.136   0.136      3.9213       1.000
11 Mainchain Phi dihedral restraints  :       0       0      0   0.000   0.000      0.0000       1.000
12 Mainchain Psi dihedral restraints  :       0       0      0   0.000   0.000      0.0000       1.000
13 Mainchain Omega dihedral restraints:      19       0      0   3.605   3.605      2.9125       1.000
14 Sidechain Chi_1 dihedral restraints:      15       0      0  82.500  82.500      4.7001       1.000
15 Sidechain Chi_2 dihedral restraints:      14       0      1  80.412  80.412      8.9756       1.000
16 Sidechain Chi_3 dihedral restraints:       9       0      0 109.717 109.717      8.3011       1.000
17 Sidechain Chi_4 dihedral restraints:       4       0      0  76.525  76.525      3.1374       1.000
18 Disulfide distance restraints      :       0       0      0   0.000   0.000      0.0000       1.000
19 Disulfide angle restraints         :       0       0      0   0.000   0.000      0.0000       1.000
20 Disulfide dihedral angle restraints:       0       0      0   0.000   0.000      0.0000       1.000
21 Lower bound distance restraints    :       0       0      0   0.000   0.000      0.0000       1.000
22 Upper bound distance restraints    :       0       0      0   0.000   0.000      0.0000       1.000
23 Distance restraints 3 (SDCH-MNCH)  :     140       0      0   0.330   0.330     0.69582       1.000
24 Sidechain Chi_5 dihedral restraints:       0       0      0   0.000   0.000      0.0000       1.000
25 Phi/Psi pair of dihedral restraints:      20      13      4  28.837 139.771      28.519       1.000
26 Distance restraints 4 (SDCH-SDCH)  :     121       0      0   1.085   1.085      18.733       1.000
27 Distance restraints 5 (X-Y)        :       0       0      0   0.000   0.000      0.0000       1.000
28 NMR distance restraints 6 (X-Y)    :       0       0      0   0.000   0.000      0.0000       1.000
29 NMR distance restraints 7 (X-Y)    :       0       0      0   0.000   0.000      0.0000       1.000
30 Minimal distance restraints        :       0       0      0   0.000   0.000      0.0000       1.000
31 Non-bonded restraints              :       0       0      0   0.000   0.000      0.0000       1.000
32 Atomic accessibility restraints    :       0       0      0   0.000   0.000      0.0000       1.000
33 Atomic density restraints          :       0       0      0   0.000   0.000      0.0000       1.000
34 Absolute position restraints       :       0       0      0   0.000   0.000      0.0000       1.000
35 Dihedral angle difference restraint:       0       0      0   0.000   0.000      0.0000       1.000
36 GBSA implicit solvent potential    :       0       0      0   0.000   0.000      0.0000       1.000
37 EM density fitting potential       :       0       0      0   0.000   0.000      0.0000       1.000
38 SAXS restraints                    :       0       0      0   0.000   0.000      0.0000       1.000
39 Symmetry restraints                :       0       0      0   0.000   0.000      0.0000       1.000



openf___224_> Open           3GT8_A_full.V99990001
# Heavy relative violation of each residue is written to: 3GT8_A_full.V99990001
# The profile is NOT normalized by the number of restraints.
# The profiles are smoothed over a window of residues:    1
# The sum of all numbers in the file:    4319.0430



List of the violated restraints:
   A restraint is violated when the relative difference
   from the best value (RVIOL) is larger than CUTOFF.

   ICSR   ... index of a restraint in the current set.
   RESNO  ... residue numbers of the first two atoms.
   ATM    ... IUPAC atom names of the first two atoms.
   FEAT   ... the value of the feature in the model.
   restr  ... the mean of the basis restraint with the smallest
              difference from the model (local minimum).
   viol   ... difference from the local minimum.
   rviol  ... relative difference from the local minimum.
   RESTR  ... the best value (global minimum).
   VIOL   ... difference from the best value.
   RVIOL  ... relative difference from the best value.


-------------------------------------------------------------------------------------------------

Feature 25                           : Phi/Psi pair of dihedral restraints     
List of the RVIOL violations larger than   :       6.5000

    #   ICSR  RESNO1/2 ATM1/2   INDATM1/2    FEAT   restr    viol   rviol   RESTR    VIOL   RVIOL
    1   7902 161G 162A C   N    1273 1275  179.97 -134.00   55.51    1.36  -62.50 -176.38   36.20
    1        162A 162A N   CA   1275 1276  178.02  147.00                  -40.90
    2   7903 162A 163E C   N    1278 1280  -89.02  -69.30   25.75    1.44  -63.60  162.64   23.11
    2        163E 163E N   CA   1280 1281  159.06  142.50                  -40.30
    3   7904 163E 164E C   N    1287 1289 -126.96 -117.80   10.53    0.31  -63.60 -171.34   28.73
    3        164E 164E N   CA   1289 1290  142.00  136.80                  -40.30
    4   7905 164E 165K C   N    1296 1298   53.53   56.60    6.86    0.73  -62.90  137.56   23.99
    4        165K 165K N   CA   1298 1299   32.46   38.60                  -40.80
    5   7906 165K 166E C   N    1305 1307 -141.30 -117.80   53.31    2.12  -63.60  155.81   25.07
    5        166E 166E N   CA   1307 1308 -175.36  136.80                  -40.30
    6   7907 166E 167Y C   N    1314 1316  -64.98  -98.40   35.69    1.74  -63.50  175.69   27.95
    6        167Y 167Y N   CA   1316 1317  140.92  128.40                  -43.40
    7   7908 167Y 168H C   N    1326 1328  -95.81  -67.60   33.27    2.02  -63.20  163.35   22.54
    7        168H 168H N   CA   1328 1329  157.64  140.00                  -42.30
    8   7909 168H 169A C   N    1336 1338 -146.89 -134.00   13.07    0.51  -62.50 -166.43   36.24
    8        169A 169A N   CA   1338 1339  144.90  147.00                  -40.90
    9   7910 169A 170E C   N    1341 1343 -117.77 -117.80    6.39    0.32  -63.60 -175.36   27.68
    9        170E 170E N   CA   1343 1344  143.19  136.80                  -40.30
   10   7911 170E 171G C   N    1350 1352 -169.26 -167.20   31.08    1.24   82.20  173.29   12.96
   10        171G 171G N   CA   1352 1353  143.59  174.60                    8.50
   11   7912 171G 172G C   N    1354 1356 -164.94 -167.20   11.27    0.41   82.20 -168.22   14.14
   11        172G 172G N   CA   1356 1357  163.56  174.60                    8.50
   12   7913 172G 173K C   N    1358 1360 -118.22 -118.00    0.30    0.01  -62.90 -171.80   27.73
   12        173K 173K N   CA   1360 1361  139.31  139.10                  -40.80
   13   7915 174V 175P C   N    1374 1376  -77.52  -58.70   56.53    3.44  -64.50  125.08   10.03
   13        175P 175P N   CA   1376 1377   22.80  -30.50                  147.20


report______> Distribution of short non-bonded contacts:

  serious non-bonded atom clash:   379 1279   2.037
  serious non-bonded atom clash:   385  636   2.230

DISTANCE1:  0.00 2.10 2.20 2.30 2.40 2.50 2.60 2.70 2.80 2.90 3.00 3.10 3.20 3.30 3.40
DISTANCE2:  2.10 2.20 2.30 2.40 2.50 2.60 2.70 2.80 2.90 3.00 3.10 3.20 3.30 3.40 3.50
FREQUENCY:     1    0    1    0    4    8   22   38   79  161  160  237  232  287  349


<< end of ENERGY.
openf___224_> Open           3GT8_A_full.B99990001.pdb
wrpdb___568_> Residues, atoms, selected atoms:      277     2228     2228

>> Summary of successfully produced models:
Filename                          molpdf
----------------------------------------
3GT8_A_full.B99990001.pdb      147.24741


Dynamically allocated memory at          finish [B,KiB,MiB]:      5058237    4939.685     4.824
Starting time                                            : 2018/02/20 13:01:27
Closing time                                             : 2018/02/20 13:01:32
Total CPU time [seconds]                                 :       4.87
