
                         MODELLER 9.19, 2017/07/19, r11078

     PROTEIN STRUCTURE MODELLING BY SATISFACTION OF SPATIAL RESTRAINTS


                     Copyright(c) 1989-2017 Andrej Sali
                            All Rights Reserved

                             Written by A. Sali
                               with help from
              B. Webb, M.S. Madhusudhan, M-Y. Shen, G.Q. Dong,
          M.A. Marti-Renom, N. Eswar, F. Alber, M. Topf, B. Oliva,
             A. Fiser, R. Sanchez, B. Yerkovich, A. Badretdinov,
                     F. Melo, J.P. Overington, E. Feyfant
                 University of California, San Francisco, USA
                    Rockefeller University, New York, USA
                      Harvard University, Cambridge, USA
                   Imperial Cancer Research Fund, London, UK
              Birkbeck College, University of London, London, UK


Kind, OS, HostName, Kernel, Processor: 4, Linux german-xps 4.14.6-041406-generic x86_64
Date and time of compilation         : 2017/07/19 15:03:51
MODELLER executable type             : x86_64-intel8
Job starting time (YY/MM/DD HH:MM:SS): 2018/02/20 13:02:46

openf___224_> Open           $(LIB)/restyp.lib
openf___224_> Open           ${MODINSTALL9v19}/modlib/resgrp.lib
rdresgr_266_> Number of residue groups:        2
openf___224_> Open           ${MODINSTALL9v19}/modlib/sstruc.lib

Dynamically allocated memory at   amaxlibraries [B,KiB,MiB]:       191566     187.076     0.183

Dynamically allocated memory at   amaxlibraries [B,KiB,MiB]:       192094     187.592     0.183
openf___224_> Open           ${MODINSTALL9v19}/modlib/resdih.lib

Dynamically allocated memory at   amaxlibraries [B,KiB,MiB]:       240694     235.053     0.230
rdrdih__263_> Number of dihedral angle types         :        9
              Maximal number of dihedral angle optima:        3
              Dihedral angle names                   :  Alph Phi Psi Omeg chi1 chi2 chi3 chi4 chi5
openf___224_> Open           ${MODINSTALL9v19}/modlib/radii.lib

Dynamically allocated memory at   amaxlibraries [B,KiB,MiB]:       253994     248.041     0.242
openf___224_> Open           ${MODINSTALL9v19}/modlib/radii14.lib
openf___224_> Open           ${MODINSTALL9v19}/modlib/af_mnchdef.lib
rdwilmo_274_> Mainchain residue conformation classes:  APBLE
openf___224_> Open           ${MODINSTALL9v19}/modlib/mnch.lib
rdclass_257_> Number of classes:        5
openf___224_> Open           ${MODINSTALL9v19}/modlib/mnch1.lib
openf___224_> Open           ${MODINSTALL9v19}/modlib/mnch2.lib
openf___224_> Open           ${MODINSTALL9v19}/modlib/mnch3.lib
openf___224_> Open           ${MODINSTALL9v19}/modlib/xs4.mat
rdrrwgh_268_> Number of residue types:       21
openf___224_> Open           /home/german/labo/18/egfr/model/4R5S_A/to_model_4R5S_A

Dynamically allocated memory at   amaxalignment [B,KiB,MiB]:       265487     259.265     0.253

Dynamically allocated memory at   amaxalignment [B,KiB,MiB]:       266937     260.681     0.255

Dynamically allocated memory at   amaxalignment [B,KiB,MiB]:       269837     263.513     0.257

Dynamically allocated memory at   amaxalignment [B,KiB,MiB]:       275637     269.177     0.263

Dynamically allocated memory at   amaxalignment [B,KiB,MiB]:       392693     383.489     0.375

Dynamically allocated memory at    amaxsequence [B,KiB,MiB]:       393885     384.653     0.376

Dynamically allocated memory at    amaxsequence [B,KiB,MiB]:       394989     385.731     0.377

Read the alignment from file       : /home/german/labo/18/egfr/model/4R5S_A/to_model_4R5S_A
Total number of alignment positions:   308

  #  Code        #_Res #_Segm PDB_code    Name
-------------------------------------------------------------------------------
  1     4R5S_A     299      1      4R5S_A
  2  4R5S_A_fu     277      1
check_a_343_> >> BEGINNING OF COMMAND
openf___224_> Open           ./4R5S_A.pdb

Dynamically allocated memory at amaxcoordinates [B,KiB,MiB]:       486414     475.014     0.464

Dynamically allocated memory at    amaxsequence [B,KiB,MiB]:       486414     475.014     0.464

Dynamically allocated memory at amaxcoordinates [B,KiB,MiB]:       486585     475.181     0.464

Dynamically allocated memory at amaxcoordinates [B,KiB,MiB]:       487435     476.011     0.465

Dynamically allocated memory at amaxcoordinates [B,KiB,MiB]:       488693     477.239     0.466

Dynamically allocated memory at amaxcoordinates [B,KiB,MiB]:       490597     479.099     0.468

Dynamically allocated memory at    amaxsequence [B,KiB,MiB]:       490597     479.099     0.468

Dynamically allocated memory at amaxcoordinates [B,KiB,MiB]:       490687     479.187     0.468

Dynamically allocated memory at amaxcoordinates [B,KiB,MiB]:       493543     481.976     0.471

Dynamically allocated memory at    amaxsequence [B,KiB,MiB]:       493543     481.976     0.471

Dynamically allocated memory at amaxcoordinates [B,KiB,MiB]:       493678     482.107     0.471

Dynamically allocated memory at amaxcoordinates [B,KiB,MiB]:       497962     486.291     0.475

Dynamically allocated memory at    amaxsequence [B,KiB,MiB]:       497962     486.291     0.475

Dynamically allocated memory at amaxcoordinates [B,KiB,MiB]:       498160     486.484     0.475

Dynamically allocated memory at amaxcoordinates [B,KiB,MiB]:       504586     492.760     0.481

Dynamically allocated memory at    amaxsequence [B,KiB,MiB]:       504586     492.760     0.481

Dynamically allocated memory at amaxcoordinates [B,KiB,MiB]:       504883     493.050     0.481

Dynamically allocated memory at amaxcoordinates [B,KiB,MiB]:       514505     502.446     0.491

Dynamically allocated memory at    amaxsequence [B,KiB,MiB]:       514505     502.446     0.491

Dynamically allocated memory at amaxcoordinates [B,KiB,MiB]:       514955     502.886     0.491

Dynamically allocated memory at amaxcoordinates [B,KiB,MiB]:       529405     516.997     0.505

Dynamically allocated memory at    amaxsequence [B,KiB,MiB]:       529405     516.997     0.505

Dynamically allocated memory at amaxcoordinates [B,KiB,MiB]:       530080     517.656     0.506

Dynamically allocated memory at amaxcoordinates [B,KiB,MiB]:       551738     538.807     0.526

Dynamically allocated memory at    amaxsequence [B,KiB,MiB]:       551738     538.807     0.526

Dynamically allocated memory at amaxcoordinates [B,KiB,MiB]:       552746     539.791     0.527

Dynamically allocated memory at amaxcoordinates [B,KiB,MiB]:       585250     571.533     0.558

Dynamically allocated memory at   amaxstructure [B,KiB,MiB]:       584908     571.199     0.558

check_ali___> Checking the sequence-structure alignment. 

Implied intrachain target CA(i)-CA(i+1) distances longer than  8.0 angstroms:

ALN_POS  TMPL  RID1  RID2  NAM1  NAM2     DIST
----------------------------------------------
END OF TABLE
check_a_344_> << END OF COMMAND
openf___224_> Open           ${LIB}/top_heav.lib
read_to_681_> topology.submodel read from topology file:        3
openf___224_> Open           ${LIB}/par.lib

Dynamically allocated memory at  amaxparameters [B,KiB,MiB]:       724160     707.188     0.691

Dynamically allocated memory at  amaxparameters [B,KiB,MiB]:       725760     708.750     0.692

Dynamically allocated memory at  amaxparameters [B,KiB,MiB]:       729740     712.637     0.696

Dynamically allocated memory at  amaxparameters [B,KiB,MiB]:       731740     714.590     0.698

Dynamically allocated memory at  amaxparameters [B,KiB,MiB]:       734740     717.520     0.701

Dynamically allocated memory at  amaxparameters [B,KiB,MiB]:       739240     721.914     0.705

Dynamically allocated memory at  amaxparameters [B,KiB,MiB]:       744812     727.355     0.710

Dynamically allocated memory at  amaxparameters [B,KiB,MiB]:       747612     730.090     0.713

Dynamically allocated memory at  amaxparameters [B,KiB,MiB]:       751812     734.191     0.717

Dynamically allocated memory at  amaxparameters [B,KiB,MiB]:       758112     740.344     0.723

Dynamically allocated memory at  amaxparameters [B,KiB,MiB]:       760884     743.051     0.726

Dynamically allocated memory at  amaxparameters [B,KiB,MiB]:       762284     744.418     0.727
read_pa_232_> parameters    BONDS   ANGLS  DIHEDS IMPROPS    MODE
                              227     561     661     112       0

Dynamically allocated memory at       amaxmodel [B,KiB,MiB]:       805616     786.734     0.768

Dynamically allocated memory at       amaxmodel [B,KiB,MiB]:      1025626    1001.588     0.978

Dynamically allocated memory at       amaxmodel [B,KiB,MiB]:      1058634    1033.822     1.010

mkilst______> segment topology constructed from sequence and RTF:
              segments residues atoms bonds angles dihedrals impropers:
                     1      277  2226  2276      0         0       925

Dynamically allocated memory at       amaxmodel [B,KiB,MiB]:      1154042    1126.994     1.101

patch_______> segment topology patched using RTF:     1  ;  LEU  ;  NTER
              segments residues atoms bonds angles dihedrals impropers:
                     1      277  2226  2276   3077      3657       925


Dynamically allocated memory at       amaxmodel [B,KiB,MiB]:      1246138    1216.932     1.188
patch_______> segment topology patched using RTF:   277  ;  LEU  ;  CTER
              segments residues atoms bonds angles dihedrals impropers:
                     1      277  2227  2277   3079      3659       926

genseg______> segment topology constructed from sequence and RTF:
              segments residues atoms bonds angles dihedrals impropers:
                     1      277  2227  2277   3079      3659       926
transfe_506_> MODEL is an average of all templates.
transfe_511_> Number of templates for coordinate transfer:        1
              After transferring coordinates of the equivalent template atoms,
              there are defined, undefined atoms in MODEL:     2143       84
openf___224_> Open           4R5S_A_full.ini
wrpdb___568_> Residues, atoms, selected atoms:      277     2227     2227
make_re_417_> Restraint type to be calculated:  stereo

Dynamically allocated memory at  amaxrestraints [B,KiB,MiB]:      1353187    1321.472     1.290

Dynamically allocated memory at  amaxrestraints [B,KiB,MiB]:      1361379    1329.472     1.298

Dynamically allocated memory at  amaxrestraints [B,KiB,MiB]:      1377763    1345.472     1.314

Dynamically allocated memory at  amaxrestraints [B,KiB,MiB]:      1410531    1377.472     1.345

Dynamically allocated memory at  amaxrestraints [B,KiB,MiB]:      1443299    1409.472     1.376

Dynamically allocated memory at  amaxrestraints [B,KiB,MiB]:      1508835    1473.472     1.439

Dynamically allocated memory at  amaxrestraints [B,KiB,MiB]:      1541603    1505.472     1.470

Dynamically allocated memory at  amaxrestraints [B,KiB,MiB]:      1574371    1537.472     1.501

Dynamically allocated memory at  amaxrestraints [B,KiB,MiB]:      1639907    1601.472     1.564

Dynamically allocated memory at  amaxrestraints [B,KiB,MiB]:      1770979    1729.472     1.689

Dynamically allocated memory at  amaxrestraints [B,KiB,MiB]:      1836515    1793.472     1.751

Dynamically allocated memory at  amaxrestraints [B,KiB,MiB]:      1902051    1857.472     1.814

Dynamically allocated memory at  amaxrestraints [B,KiB,MiB]:      2033123    1985.472     1.939

Dynamically allocated memory at  amaxrestraints [B,KiB,MiB]:      2295267    2241.472     2.189
r_stere_606_> Stereochemical restraints were constructed from RTF & PRMF.
              Added bond,angle,dihedral,improper restraints  :     2277    3079    3499     912
              Total number of restraints before, now         :        0     9767
make_re_422_> Number of previous, current restraints         :        0     9767
make_re_423_> Number of previous, current selected restraints:        0     9767
make_re_417_> Restraint type to be calculated:  phi-psi_binormal

Dynamically allocated memory at   amaxstructure [B,KiB,MiB]:      2456013    2398.450     2.342
openf___224_> Open           ${MODINSTALL9v19}/modlib/mnch1.bin
openf___224_> Open           ${MODINSTALL9v19}/modlib/mnch1.mdt
errdih__638_> Missing atoms in a dihedral, residue index, residue type:        5       40  GLU
errdih__638_> Missing atoms in a dihedral, residue index, residue type:        5       53  GLU
errdih__638_> Missing atoms in a dihedral, residue index, residue type:        5      164  LYS
errdih__638_> Missing atoms in a dihedral, residue index, residue type:        5      281  ARG
errdih__638_> Missing atoms in a dihedral, residue index, residue type:        5      283  HIS
errdih__638_> Missing atoms in a dihedral, residue index, residue type:        5      286  GLU
errdih__638_> Missing atoms in a dihedral, residue index, residue type:        5      288  MET
errdih__638_> Missing atoms in a dihedral, residue index, residue type:        5      290  ASP
errdih__638_> Missing atoms in a dihedral, residue index, residue type:        6       40  GLU
errdih__638_> Missing atoms in a dihedral, residue index, residue type:        6       53  GLU
errdih__638_> Missing atoms in a dihedral, residue index, residue type:        6      164  LYS
errdih__638_> Missing atoms in a dihedral, residue index, residue type:        6      281  ARG
errdih__638_> Missing atoms in a dihedral, residue index, residue type:        6      283  HIS
errdih__638_> Missing atoms in a dihedral, residue index, residue type:        6      286  GLU
errdih__638_> Missing atoms in a dihedral, residue index, residue type:        6      288  MET
errdih__638_> Missing atoms in a dihedral, residue index, residue type:        6      290  ASP
errdih__638_> Missing atoms in a dihedral, residue index, residue type:        7       40  GLU
errdih__638_> Missing atoms in a dihedral, residue index, residue type:        7       53  GLU
errdih__638_> Missing atoms in a dihedral, residue index, residue type:        7      164  LYS
errdih__638_> Missing atoms in a dihedral, residue index, residue type:        7      281  ARG
errdih__638_> Missing atoms in a dihedral, residue index, residue type:        7      286  GLU
errdih__638_> Missing atoms in a dihedral, residue index, residue type:        7      288  MET
errdih__638_> Missing atoms in a dihedral, residue index, residue type:        8      164  LYS
errdih__638_> Missing atoms in a dihedral, residue index, residue type:        8      281  ARG
getdata_643_> Protein accepted:  4R5S_A
getdata_289_> Proteins (all/accepted):        1        1

Dynamically allocated memory at  amaxrestraints [B,KiB,MiB]:      2587101    2526.466     2.467
make_re_422_> Number of previous, current restraints         :     9767    10042
make_re_423_> Number of previous, current selected restraints:     9767    10042
make_re_417_> Restraint type to be calculated:  omega_dihedral

Dynamically allocated memory at   amaxstructure [B,KiB,MiB]:      2587101    2526.466     2.467
openf___224_> Open           ${MODINSTALL9v19}/modlib/omega.bin
openf___224_> Open           ${MODINSTALL9v19}/modlib/omega.mdt
getdata_643_> Protein accepted:  4R5S_A
getdata_289_> Proteins (all/accepted):        1        1
omgdel__425_> Unselected all O C +N +CA dihedrals:      290
              (This is to avoid clashes between STEREO
              and OMEGA_DIHEDRAL restraints)
make_re_422_> Number of previous, current restraints         :    10042    10318
make_re_423_> Number of previous, current selected restraints:    10042    10028
make_re_417_> Restraint type to be calculated:  chi1_dihedral

Dynamically allocated memory at   amaxstructure [B,KiB,MiB]:      2587101    2526.466     2.467
openf___224_> Open           ${MODINSTALL9v19}/modlib/chi1234.bin
openf___224_> Open           ${MODINSTALL9v19}/modlib/chi1.mdt
getdata_643_> Protein accepted:  4R5S_A
getdata_289_> Proteins (all/accepted):        1        1

Dynamically allocated memory at  amaxrestraints [B,KiB,MiB]:      2718173    2654.466     2.592
make_re_422_> Number of previous, current restraints         :    10318    10562
make_re_423_> Number of previous, current selected restraints:    10028    10272
make_re_417_> Restraint type to be calculated:  chi2_dihedral

Dynamically allocated memory at   amaxstructure [B,KiB,MiB]:      2718173    2654.466     2.592
openf___224_> Open           ${MODINSTALL9v19}/modlib/chi1234.bin
openf___224_> Open           ${MODINSTALL9v19}/modlib/chi2.mdt
getdata_643_> Protein accepted:  4R5S_A
getdata_289_> Proteins (all/accepted):        1        1
make_re_422_> Number of previous, current restraints         :    10562    10754
make_re_423_> Number of previous, current selected restraints:    10272    10464
make_re_417_> Restraint type to be calculated:  chi3_dihedral

Dynamically allocated memory at   amaxstructure [B,KiB,MiB]:      2718173    2654.466     2.592
openf___224_> Open           ${MODINSTALL9v19}/modlib/chi1234.bin
openf___224_> Open           ${MODINSTALL9v19}/modlib/chi3.mdt
getdata_643_> Protein accepted:  4R5S_A
getdata_289_> Proteins (all/accepted):        1        1
make_re_422_> Number of previous, current restraints         :    10754    10844
make_re_423_> Number of previous, current selected restraints:    10464    10554
make_re_417_> Restraint type to be calculated:  chi4_dihedral

Dynamically allocated memory at   amaxstructure [B,KiB,MiB]:      2718173    2654.466     2.592
openf___224_> Open           ${MODINSTALL9v19}/modlib/chi1234.bin
openf___224_> Open           ${MODINSTALL9v19}/modlib/chi4.mdt
mdtrsr__446W> A potential that relies on one protein is used, yet you have at
              least one known structure available. MDT, not library, potential is used.
getdata_643_> Protein accepted:  4R5S_A
getdata_289_> Proteins (all/accepted):        1        1
make_re_422_> Number of previous, current restraints         :    10844    10882
make_re_423_> Number of previous, current selected restraints:    10554    10592
make_re_417_> Restraint type to be calculated:  DISTANCE

Dynamically allocated memory at amaxhash_contac [B,KiB,MiB]:      3359513    3280.774     3.204
make_re_422_> Number of previous, current restraints         :    10882    16251
make_re_423_> Number of previous, current selected restraints:    10592    15961
make_re_417_> Restraint type to be calculated:  DISTANCE

Dynamically allocated memory at  amaxrestraints [B,KiB,MiB]:      3621657    3536.774     3.454

Dynamically allocated memory at  amaxrestraints [B,KiB,MiB]:      3883801    3792.774     3.704

Dynamically allocated memory at  amaxrestraints [B,KiB,MiB]:      4408089    4304.774     4.204
make_re_422_> Number of previous, current restraints         :    16251    21696
make_re_423_> Number of previous, current selected restraints:    15961    21406
make_re_417_> Restraint type to be calculated:  DISTANCE

Dynamically allocated memory at  amaxrestraints [B,KiB,MiB]:      4670233    4560.774     4.454
make_re_422_> Number of previous, current restraints         :    21696    26436
make_re_423_> Number of previous, current selected restraints:    21406    26146
make_re_417_> Restraint type to be calculated:  DISTANCE
make_re_422_> Number of previous, current restraints         :    26436    29040
make_re_423_> Number of previous, current selected restraints:    26146    28750
0 atoms in HETATM/BLK residues constrained
to protein atoms within 2.30 angstroms
and protein CA atoms within 10.00 angstroms
make_re_417_> Restraint type to be calculated:  DISTANCE
make_re_422_> Number of previous, current restraints         :    29040    29040
make_re_423_> Number of previous, current selected restraints:    28750    28750
make_re_417_> Restraint type to be calculated:  DISTANCE
make_re_422_> Number of previous, current restraints         :    29040    29040
make_re_423_> Number of previous, current selected restraints:    28750    28750
make_re_417_> Restraint type to be calculated:  DISTANCE
make_re_422_> Number of previous, current restraints         :    29040    29040
make_re_423_> Number of previous, current selected restraints:    28750    28750
make_re_417_> Restraint type to be calculated:  DISTANCE
make_re_422_> Number of previous, current restraints         :    29040    29040
make_re_423_> Number of previous, current selected restraints:    28750    28750
0 atoms in residues without defined topology
constrained to be rigid bodies
make_re_417_> Restraint type to be calculated:  DISTANCE
make_re_422_> Number of previous, current restraints         :    29040    29040
make_re_423_> Number of previous, current selected restraints:    28750    28750
rmdupl__427_>     1737 redundant cosine dihedral restraints were unselected.
condens_443_> Restraints marked for deletion were removed.
              Total number of restraints before, now:    29040    27013
openf___224_> Open           4R5S_A_full.rsr
openf___224_> Open           4R5S_A_full.rsr

Dynamically allocated memory at  amaxrestraints [B,KiB,MiB]:      4711755    4601.323     4.493
rdcsr2__307_> Number of restraints read    :    27013
              Number of excluded pairs read:        0
              Number of pseudo atoms read  :        0
rdcsrs__304_> Restraints in memory, selected restraints:    27013    27013
              Explicitly excluded atom pairs in memory :        0
              Pseudo atoms in memory                   :        0
122 (of 2227 total) atoms selected for optimization
openf___224_> Open           4R5S_A_full.ini

Dynamically allocated memory at       amaxmodel [B,KiB,MiB]:      4711779    4601.347     4.494
read_mo_297_> Segments, residues, atoms:        1      277     2227
read_mo_298_> Segment:        1     1   277     2227
randomi_498_> Atoms,selected atoms,random_seed,amplitude:     2227      122        1        4.0000
randomi_496_> Amplitude is > 0; randomization is done.
pick_re_612_> Number of MODEL atoms, selected restraints;      122      790
pick_re_612_> Number of MODEL atoms, selected restraints;      122      897
pick_re_612_> Number of MODEL atoms, selected restraints;      122      951
pick_re_612_> Number of MODEL atoms, selected restraints;      122     1002
pick_re_612_> Number of MODEL atoms, selected restraints;      122     1099
pick_re_612_> Number of MODEL atoms, selected restraints;      122     1260
pick_re_612_> Number of MODEL atoms, selected restraints;      122     1549
pick_re_612_> Number of MODEL atoms, selected restraints;      122     1798

Dynamically allocated memory at  amaxrestraints [B,KiB,MiB]:      5057807    4939.265     4.824
pick_re_612_> Number of MODEL atoms, selected restraints;      122     1839
pick_re_612_> Number of MODEL atoms, selected restraints;      122     1839
pick_re_612_> Number of MODEL atoms, selected restraints;      122     1839
iupac_m_487_> NH1/2 swapped:      177.7471        3     3
iupac_m_486_> OE1/2 will be swapped:      139.8914        9     9
iupac_m_486_> OE1/2 will be swapped:     -179.9802       34    34
iupac_m_486_> OE1/2 will be swapped:     -179.9604       47    47
iupac_m_486_> OE1/2 will be swapped:     -171.6993      127   127
iupac_m_487_> NH1/2 swapped:     -179.9657      130   130
iupac_m_487_> NH1/2 swapped:     -179.8002      134   134
iupac_m_486_> OE1/2 will be swapped:      -92.6548      163   163
iupac_m_486_> OE1/2 will be swapped:     -169.4825      164   164
iupac_m_486_> OE1/2 will be swapped:      179.9802      166   166
iupac_m_483_> CD1/2 CE1/2 swapped:       90.0262      167   167
iupac_m_397W> Atoms were not swapped because of the uncertainty of how to handle the H atom.
iupac_m_486_> OE1/2 will be swapped:      180.0000      170   170
iupac_m_486_> OE1/2 will be swapped:     -105.1985      220   220
iupac_m_487_> NH1/2 swapped:     -179.4811      230   230
iupac_m_485_> OD1/2 will be swapped:      -90.0911      240   240
iupac_m_484W> Dihedral still outside +-90:       90.6473
iupac_m_487_> NH1/2 swapped:     -179.6190      260   260
iupac_m_486_> OE1/2 will be swapped:      128.4312      265   265


>> ENERGY; Differences between the model's features and restraints:
Number of all residues in MODEL                   :      277
Number of all, selected real atoms                :     2227     122
Number of all, selected pseudo atoms              :        0       0
Number of all static, selected restraints         :    27013    1839
COVALENT_CYS                                      :        F
NONBONDED_SEL_ATOMS                               :        1
Number of non-bonded pairs (excluding 1-2,1-3,1-4):      231
Dynamic pairs routine                             : 5, NATM_SEL x NATM double loop
Atomic shift for contacts update (UPDATE_DYNAMIC) :    0.390
LENNARD_JONES_SWITCH                              :    6.500   7.500
COULOMB_JONES_SWITCH                              :    6.500   7.500
RESIDUE_SPAN_RANGE                                :        0   99999
NLOGN_USE                                         :       15
CONTACT_SHELL                                     :    4.000
DYNAMIC_PAIRS,_SPHERE,_COULOMB,_LENNARD,_MODELLER :        T       T       F       F       F
SPHERE_STDV                                       :    0.050
RADII_FACTOR                                      :    0.820
Current energy                                    :         507.6429





Summary of the restraint violations: 

   NUM     ... number of restraints.
   NUMVI   ... number of restraints with RVIOL > VIOL_REPORT_CUT[i].
   RVIOL   ... relative difference from the best value.
   NUMVP   ... number of restraints with -Ln(pdf) > VIOL_REPORT_CUT2[i].
   RMS_1   ... RMS(feature, minimally_violated_basis_restraint, NUMB).
   RMS_2   ... RMS(feature, best_value, NUMB).
   MOL.PDF ... scaled contribution to -Ln(Molecular pdf).

 #                     RESTRAINT_GROUP      NUM   NUMVI  NUMVP   RMS_1   RMS_2         MOL.PDF     S_i
------------------------------------------------------------------------------------------------------
 1 Bond length potential              :     126       5     12   0.044   0.044      72.595       1.000
 2 Bond angle potential               :     170       3     10   7.589   7.589      226.82       1.000
 3 Stereochemical cosine torsion poten:      82       0      2  46.791  46.791      31.949       1.000
 4 Stereochemical improper torsion pot:      43       0      1   2.527   2.527      8.0479       1.000
 5 Soft-sphere overlap restraints     :     231       0      0   0.008   0.008      1.6425       1.000
 6 Lennard-Jones 6-12 potential       :       0       0      0   0.000   0.000      0.0000       1.000
 7 Coulomb point-point electrostatic p:       0       0      0   0.000   0.000      0.0000       1.000
 8 H-bonding potential                :       0       0      0   0.000   0.000      0.0000       1.000
 9 Distance restraints 1 (CA-CA)      :     444       0      5   0.349   0.349      41.464       1.000
10 Distance restraints 2 (N-O)        :     423       0      1   0.264   0.264      18.741       1.000
11 Mainchain Phi dihedral restraints  :       0       0      0   0.000   0.000      0.0000       1.000
12 Mainchain Psi dihedral restraints  :       0       0      0   0.000   0.000      0.0000       1.000
13 Mainchain Omega dihedral restraints:      16       0      0   5.236   5.236      5.1734       1.000
14 Sidechain Chi_1 dihedral restraints:      13       0      1  75.044  75.044      5.9786       1.000
15 Sidechain Chi_2 dihedral restraints:      12       0      0  56.294  56.294     0.38661       1.000
16 Sidechain Chi_3 dihedral restraints:       6       0      0  58.244  58.244      2.4941       1.000
17 Sidechain Chi_4 dihedral restraints:       4       0      0  75.399  75.399      3.8723       1.000
18 Disulfide distance restraints      :       0       0      0   0.000   0.000      0.0000       1.000
19 Disulfide angle restraints         :       0       0      0   0.000   0.000      0.0000       1.000
20 Disulfide dihedral angle restraints:       0       0      0   0.000   0.000      0.0000       1.000
21 Lower bound distance restraints    :       0       0      0   0.000   0.000      0.0000       1.000
22 Upper bound distance restraints    :       0       0      0   0.000   0.000      0.0000       1.000
23 Distance restraints 3 (SDCH-MNCH)  :     250       0      0   0.645   0.645      6.0872       1.000
24 Sidechain Chi_5 dihedral restraints:       0       0      0   0.000   0.000      0.0000       1.000
25 Phi/Psi pair of dihedral restraints:      17       5      4  52.321 100.663      70.440       1.000
26 Distance restraints 4 (SDCH-SDCH)  :     233       0      0   0.749   0.749      11.948       1.000
27 Distance restraints 5 (X-Y)        :       0       0      0   0.000   0.000      0.0000       1.000
28 NMR distance restraints 6 (X-Y)    :       0       0      0   0.000   0.000      0.0000       1.000
29 NMR distance restraints 7 (X-Y)    :       0       0      0   0.000   0.000      0.0000       1.000
30 Minimal distance restraints        :       0       0      0   0.000   0.000      0.0000       1.000
31 Non-bonded restraints              :       0       0      0   0.000   0.000      0.0000       1.000
32 Atomic accessibility restraints    :       0       0      0   0.000   0.000      0.0000       1.000
33 Atomic density restraints          :       0       0      0   0.000   0.000      0.0000       1.000
34 Absolute position restraints       :       0       0      0   0.000   0.000      0.0000       1.000
35 Dihedral angle difference restraint:       0       0      0   0.000   0.000      0.0000       1.000
36 GBSA implicit solvent potential    :       0       0      0   0.000   0.000      0.0000       1.000
37 EM density fitting potential       :       0       0      0   0.000   0.000      0.0000       1.000
38 SAXS restraints                    :       0       0      0   0.000   0.000      0.0000       1.000
39 Symmetry restraints                :       0       0      0   0.000   0.000      0.0000       1.000



openf___224_> Open           4R5S_A_full.V99990001
# Heavy relative violation of each residue is written to: 4R5S_A_full.V99990001
# The profile is NOT normalized by the number of restraints.
# The profiles are smoothed over a window of residues:    1
# The sum of all numbers in the file:    2764.6526



List of the violated restraints:
   A restraint is violated when the relative difference
   from the best value (RVIOL) is larger than CUTOFF.

   ICSR   ... index of a restraint in the current set.
   RESNO  ... residue numbers of the first two atoms.
   ATM    ... IUPAC atom names of the first two atoms.
   FEAT   ... the value of the feature in the model.
   restr  ... the mean of the basis restraint with the smallest
              difference from the model (local minimum).
   viol   ... difference from the local minimum.
   rviol  ... relative difference from the local minimum.
   RESTR  ... the best value (global minimum).
   VIOL   ... difference from the best value.
   RVIOL  ... relative difference from the best value.


-------------------------------------------------------------------------------------------------

Feature  1                           : Bond length potential                   
List of the RVIOL violations larger than   :       4.5000

    #   ICSR  RESNO1/2 ATM1/2   INDATM1/2    FEAT   restr    viol   rviol   RESTR    VIOL   RVIOL
    1   1379 170E 171G C   N    1353 1355    1.48    1.35    0.14    4.88    1.35    0.14    4.88
    2   1380 171G 171G N   CA   1355 1356    1.59    1.43    0.16    5.43    1.43    0.16    5.43
    3   1382 171G 171G C   CA   1357 1356    1.65    1.49    0.16    4.70    1.49    0.16    4.70
    4   1386 172G 172G C   CA   1361 1360    1.65    1.49    0.16    4.52    1.49    0.16    4.52
    5   1395 173K 173K C   CA   1370 1364    1.65    1.49    0.16    4.71    1.49    0.16    4.71

-------------------------------------------------------------------------------------------------

Feature  2                           : Bond angle potential                    
List of the RVIOL violations larger than   :       4.5000

    #   ICSR  RESNO1/2 ATM1/2   INDATM1/2    FEAT   restr    viol   rviol   RESTR    VIOL   RVIOL
    1   4145 172G 172G N   CA   1359 1360  123.11  107.00   16.11    4.63  107.00   16.11    4.63

-------------------------------------------------------------------------------------------------

Feature 25                           : Phi/Psi pair of dihedral restraints     
List of the RVIOL violations larger than   :       6.5000

    #   ICSR  RESNO1/2 ATM1/2   INDATM1/2    FEAT   restr    viol   rviol   RESTR    VIOL   RVIOL
    1   7909 169A 170E C   N    1344 1346 -180.00  -63.60  119.42   17.57  -63.60  119.42   17.57
    1        170E 170E N   CA   1346 1347  -13.62  -40.30                  -40.30
    2   7910 170E 171G C   N    1353 1355  168.93 -167.20   27.26    0.87   82.20  175.82   12.41
    2        171G 171G N   CA   1355 1356  161.44  174.60                    8.50
    3   7911 171G 172G C   N    1357 1359  176.90 -167.20   15.92    0.32   82.20 -169.50   13.47
    3        172G 172G N   CA   1359 1360  173.80  174.60                    8.50
    4   7912 172G 173K C   N    1361 1363 -172.91 -118.00   64.15    2.13  -62.90 -176.45   30.30
    4        173K 173K N   CA   1363 1364  172.27  139.10                  -40.80
    5   7915 175P 176I C   N    1384 1386   84.11  -63.40  148.72   25.92 -120.60 -131.83    9.60
    5        176I 176I N   CA   1386 1387  -62.52  -43.60                  130.30


report______> Distribution of short non-bonded contacts:

  serious non-bonded atom clash:   162  169   2.298
  serious non-bonded atom clash:   246  267   2.160
  serious non-bonded atom clash:   266  284   2.258
  serious non-bonded atom clash:   268  284   2.080
  serious non-bonded atom clash:   367  381   2.299
  serious non-bonded atom clash:   392  411   2.298
  serious non-bonded atom clash:   406  409   2.298
  serious non-bonded atom clash:   537  541   2.299
  serious non-bonded atom clash:   537  548   2.298
  serious non-bonded atom clash:   630  643   2.300
  serious non-bonded atom clash:  1214 1217   2.296
  serious non-bonded atom clash:  1254 1281   1.747
  serious non-bonded atom clash:  1254 1282   1.784
  serious non-bonded atom clash:  1255 1281   1.873
  serious non-bonded atom clash:  1255 1282   1.363
  serious non-bonded atom clash:  1255 1283   2.234
  serious non-bonded atom clash:  1255 1284   2.229
  serious non-bonded atom clash:  1305 1486   2.065
  serious non-bonded atom clash:  1306 1486   1.654
  serious non-bonded atom clash:  1307 1485   1.429
  serious non-bonded atom clash:  1307 1486   0.998
  serious non-bonded atom clash:  1307 1487   1.725

DISTANCE1:  0.00 2.10 2.20 2.30 2.40 2.50 2.60 2.70 2.80 2.90 3.00 3.10 3.20 3.30 3.40
DISTANCE2:  2.10 2.20 2.30 2.40 2.50 2.60 2.70 2.80 2.90 3.00 3.10 3.20 3.30 3.40 3.50
FREQUENCY:    10    1   11    9   10   25   29   84  118  152  193  254  278  330  352


<< end of ENERGY.
openf___224_> Open           4R5S_A_full.B99990001.pdb
wrpdb___568_> Residues, atoms, selected atoms:      277     2227     2227

>> Summary of successfully produced models:
Filename                          molpdf
----------------------------------------
4R5S_A_full.B99990001.pdb      507.64288


Dynamically allocated memory at          finish [B,KiB,MiB]:      5057807    4939.265     4.824
Starting time                                            : 2018/02/20 13:02:46
Closing time                                             : 2018/02/20 13:02:50
Total CPU time [seconds]                                 :       4.09
