
                         MODELLER 9.19, 2017/07/19, r11078

     PROTEIN STRUCTURE MODELLING BY SATISFACTION OF SPATIAL RESTRAINTS


                     Copyright(c) 1989-2017 Andrej Sali
                            All Rights Reserved

                             Written by A. Sali
                               with help from
              B. Webb, M.S. Madhusudhan, M-Y. Shen, G.Q. Dong,
          M.A. Marti-Renom, N. Eswar, F. Alber, M. Topf, B. Oliva,
             A. Fiser, R. Sanchez, B. Yerkovich, A. Badretdinov,
                     F. Melo, J.P. Overington, E. Feyfant
                 University of California, San Francisco, USA
                    Rockefeller University, New York, USA
                      Harvard University, Cambridge, USA
                   Imperial Cancer Research Fund, London, UK
              Birkbeck College, University of London, London, UK


Kind, OS, HostName, Kernel, Processor: 4, Linux german-xps 4.14.6-041406-generic x86_64
Date and time of compilation         : 2017/07/19 15:03:51
MODELLER executable type             : x86_64-intel8
Job starting time (YY/MM/DD HH:MM:SS): 2018/02/20 13:04:32

openf___224_> Open           $(LIB)/restyp.lib
openf___224_> Open           ${MODINSTALL9v19}/modlib/resgrp.lib
rdresgr_266_> Number of residue groups:        2
openf___224_> Open           ${MODINSTALL9v19}/modlib/sstruc.lib

Dynamically allocated memory at   amaxlibraries [B,KiB,MiB]:       191566     187.076     0.183

Dynamically allocated memory at   amaxlibraries [B,KiB,MiB]:       192094     187.592     0.183
openf___224_> Open           ${MODINSTALL9v19}/modlib/resdih.lib

Dynamically allocated memory at   amaxlibraries [B,KiB,MiB]:       240694     235.053     0.230
rdrdih__263_> Number of dihedral angle types         :        9
              Maximal number of dihedral angle optima:        3
              Dihedral angle names                   :  Alph Phi Psi Omeg chi1 chi2 chi3 chi4 chi5
openf___224_> Open           ${MODINSTALL9v19}/modlib/radii.lib

Dynamically allocated memory at   amaxlibraries [B,KiB,MiB]:       253994     248.041     0.242
openf___224_> Open           ${MODINSTALL9v19}/modlib/radii14.lib
openf___224_> Open           ${MODINSTALL9v19}/modlib/af_mnchdef.lib
rdwilmo_274_> Mainchain residue conformation classes:  APBLE
openf___224_> Open           ${MODINSTALL9v19}/modlib/mnch.lib
rdclass_257_> Number of classes:        5
openf___224_> Open           ${MODINSTALL9v19}/modlib/mnch1.lib
openf___224_> Open           ${MODINSTALL9v19}/modlib/mnch2.lib
openf___224_> Open           ${MODINSTALL9v19}/modlib/mnch3.lib
openf___224_> Open           ${MODINSTALL9v19}/modlib/xs4.mat
rdrrwgh_268_> Number of residue types:       21
openf___224_> Open           /home/german/labo/18/egfr/model/5HIC_A/to_model_5HIC_A

Dynamically allocated memory at   amaxalignment [B,KiB,MiB]:       265487     259.265     0.253

Dynamically allocated memory at   amaxalignment [B,KiB,MiB]:       266937     260.681     0.255

Dynamically allocated memory at   amaxalignment [B,KiB,MiB]:       269837     263.513     0.257

Dynamically allocated memory at   amaxalignment [B,KiB,MiB]:       275637     269.177     0.263

Dynamically allocated memory at   amaxalignment [B,KiB,MiB]:       392693     383.489     0.375

Dynamically allocated memory at    amaxsequence [B,KiB,MiB]:       393897     384.665     0.376

Dynamically allocated memory at    amaxsequence [B,KiB,MiB]:       395001     385.743     0.377

Read the alignment from file       : /home/german/labo/18/egfr/model/5HIC_A/to_model_5HIC_A
Total number of alignment positions:   318

  #  Code        #_Res #_Segm PDB_code    Name
-------------------------------------------------------------------------------
  1     5HIC_A     302      1      5HIC_A
  2  5HIC_A_fu     277      1
check_a_343_> >> BEGINNING OF COMMAND
openf___224_> Open           ./5HIC_A.pdb

Dynamically allocated memory at amaxcoordinates [B,KiB,MiB]:       487326     475.904     0.465

Dynamically allocated memory at    amaxsequence [B,KiB,MiB]:       487326     475.904     0.465

Dynamically allocated memory at amaxcoordinates [B,KiB,MiB]:       487497     476.071     0.465

Dynamically allocated memory at amaxcoordinates [B,KiB,MiB]:       488347     476.901     0.466

Dynamically allocated memory at amaxcoordinates [B,KiB,MiB]:       489605     478.130     0.467

Dynamically allocated memory at amaxcoordinates [B,KiB,MiB]:       491509     479.989     0.469

Dynamically allocated memory at    amaxsequence [B,KiB,MiB]:       491509     479.989     0.469

Dynamically allocated memory at amaxcoordinates [B,KiB,MiB]:       491599     480.077     0.469

Dynamically allocated memory at amaxcoordinates [B,KiB,MiB]:       494455     482.866     0.472

Dynamically allocated memory at    amaxsequence [B,KiB,MiB]:       494455     482.866     0.472

Dynamically allocated memory at amaxcoordinates [B,KiB,MiB]:       494590     482.998     0.472

Dynamically allocated memory at amaxcoordinates [B,KiB,MiB]:       498874     487.182     0.476

Dynamically allocated memory at    amaxsequence [B,KiB,MiB]:       498874     487.182     0.476

Dynamically allocated memory at amaxcoordinates [B,KiB,MiB]:       499072     487.375     0.476

Dynamically allocated memory at amaxcoordinates [B,KiB,MiB]:       505498     493.650     0.482

Dynamically allocated memory at    amaxsequence [B,KiB,MiB]:       505498     493.650     0.482

Dynamically allocated memory at amaxcoordinates [B,KiB,MiB]:       505795     493.940     0.482

Dynamically allocated memory at amaxcoordinates [B,KiB,MiB]:       515417     503.337     0.492

Dynamically allocated memory at    amaxsequence [B,KiB,MiB]:       515417     503.337     0.492

Dynamically allocated memory at amaxcoordinates [B,KiB,MiB]:       515867     503.776     0.492

Dynamically allocated memory at amaxcoordinates [B,KiB,MiB]:       530317     517.888     0.506

Dynamically allocated memory at    amaxsequence [B,KiB,MiB]:       530317     517.888     0.506

Dynamically allocated memory at amaxcoordinates [B,KiB,MiB]:       530992     518.547     0.506

Dynamically allocated memory at amaxcoordinates [B,KiB,MiB]:       552650     539.697     0.527

Dynamically allocated memory at    amaxsequence [B,KiB,MiB]:       552650     539.697     0.527

Dynamically allocated memory at amaxcoordinates [B,KiB,MiB]:       553658     540.682     0.528

Dynamically allocated memory at amaxcoordinates [B,KiB,MiB]:       586162     572.424     0.559

Dynamically allocated memory at   amaxstructure [B,KiB,MiB]:       585847     572.116     0.559

check_ali___> Checking the sequence-structure alignment. 

Implied intrachain target CA(i)-CA(i+1) distances longer than  8.0 angstroms:

ALN_POS  TMPL  RID1  RID2  NAM1  NAM2     DIST
----------------------------------------------
END OF TABLE
check_a_344_> << END OF COMMAND
openf___224_> Open           ${LIB}/top_heav.lib
read_to_681_> topology.submodel read from topology file:        3
openf___224_> Open           ${LIB}/par.lib

Dynamically allocated memory at  amaxparameters [B,KiB,MiB]:       725099     708.104     0.692

Dynamically allocated memory at  amaxparameters [B,KiB,MiB]:       726699     709.667     0.693

Dynamically allocated memory at  amaxparameters [B,KiB,MiB]:       730679     713.554     0.697

Dynamically allocated memory at  amaxparameters [B,KiB,MiB]:       732679     715.507     0.699

Dynamically allocated memory at  amaxparameters [B,KiB,MiB]:       735679     718.437     0.702

Dynamically allocated memory at  amaxparameters [B,KiB,MiB]:       740179     722.831     0.706

Dynamically allocated memory at  amaxparameters [B,KiB,MiB]:       745751     728.272     0.711

Dynamically allocated memory at  amaxparameters [B,KiB,MiB]:       748551     731.007     0.714

Dynamically allocated memory at  amaxparameters [B,KiB,MiB]:       752751     735.108     0.718

Dynamically allocated memory at  amaxparameters [B,KiB,MiB]:       759051     741.261     0.724

Dynamically allocated memory at  amaxparameters [B,KiB,MiB]:       761823     743.968     0.727

Dynamically allocated memory at  amaxparameters [B,KiB,MiB]:       763223     745.335     0.728
read_pa_232_> parameters    BONDS   ANGLS  DIHEDS IMPROPS    MODE
                              227     561     661     112       0

Dynamically allocated memory at       amaxmodel [B,KiB,MiB]:       806555     787.651     0.769

Dynamically allocated memory at       amaxmodel [B,KiB,MiB]:      1026663    1002.601     0.979

Dynamically allocated memory at       amaxmodel [B,KiB,MiB]:      1059663    1034.827     1.011

mkilst______> segment topology constructed from sequence and RTF:
              segments residues atoms bonds angles dihedrals impropers:
                     1      277  2227  2277      0         0       924

Dynamically allocated memory at       amaxmodel [B,KiB,MiB]:      1155071    1127.999     1.102

patch_______> segment topology patched using RTF:     1  ;  LEU  ;  NTER
              segments residues atoms bonds angles dihedrals impropers:
                     1      277  2227  2277   3077      3657       924


Dynamically allocated memory at       amaxmodel [B,KiB,MiB]:      1247167    1217.937     1.189
patch_______> segment topology patched using RTF:   277  ;  LEU  ;  CTER
              segments residues atoms bonds angles dihedrals impropers:
                     1      277  2228  2278   3079      3659       925

genseg______> segment topology constructed from sequence and RTF:
              segments residues atoms bonds angles dihedrals impropers:
                     1      277  2228  2278   3079      3659       925
transfe_506_> MODEL is an average of all templates.
transfe_511_> Number of templates for coordinate transfer:        1
              After transferring coordinates of the equivalent template atoms,
              there are defined, undefined atoms in MODEL:     2101      127
openf___224_> Open           5HIC_A_full.ini
wrpdb___568_> Residues, atoms, selected atoms:      277     2228     2228
make_re_417_> Restraint type to be calculated:  stereo

Dynamically allocated memory at  amaxrestraints [B,KiB,MiB]:      1354216    1322.477     1.291

Dynamically allocated memory at  amaxrestraints [B,KiB,MiB]:      1362408    1330.477     1.299

Dynamically allocated memory at  amaxrestraints [B,KiB,MiB]:      1378792    1346.477     1.315

Dynamically allocated memory at  amaxrestraints [B,KiB,MiB]:      1411560    1378.477     1.346

Dynamically allocated memory at  amaxrestraints [B,KiB,MiB]:      1444328    1410.477     1.377

Dynamically allocated memory at  amaxrestraints [B,KiB,MiB]:      1509864    1474.477     1.440

Dynamically allocated memory at  amaxrestraints [B,KiB,MiB]:      1542632    1506.477     1.471

Dynamically allocated memory at  amaxrestraints [B,KiB,MiB]:      1575400    1538.477     1.502

Dynamically allocated memory at  amaxrestraints [B,KiB,MiB]:      1640936    1602.477     1.565

Dynamically allocated memory at  amaxrestraints [B,KiB,MiB]:      1772008    1730.477     1.690

Dynamically allocated memory at  amaxrestraints [B,KiB,MiB]:      1837544    1794.477     1.752

Dynamically allocated memory at  amaxrestraints [B,KiB,MiB]:      1903080    1858.477     1.815

Dynamically allocated memory at  amaxrestraints [B,KiB,MiB]:      2034152    1986.477     1.940

Dynamically allocated memory at  amaxrestraints [B,KiB,MiB]:      2296296    2242.477     2.190
r_stere_606_> Stereochemical restraints were constructed from RTF & PRMF.
              Added bond,angle,dihedral,improper restraints  :     2278    3079    3500     911
              Total number of restraints before, now         :        0     9768
make_re_422_> Number of previous, current restraints         :        0     9768
make_re_423_> Number of previous, current selected restraints:        0     9768
make_re_417_> Restraint type to be calculated:  phi-psi_binormal

Dynamically allocated memory at   amaxstructure [B,KiB,MiB]:      2457076    2399.488     2.343
openf___224_> Open           ${MODINSTALL9v19}/modlib/mnch1.bin
openf___224_> Open           ${MODINSTALL9v19}/modlib/mnch1.mdt
getdata_643_> Protein accepted:  5HIC_A
getdata_289_> Proteins (all/accepted):        1        1

Dynamically allocated memory at  amaxrestraints [B,KiB,MiB]:      2588164    2527.504     2.468
make_re_422_> Number of previous, current restraints         :     9768    10043
make_re_423_> Number of previous, current selected restraints:     9768    10043
make_re_417_> Restraint type to be calculated:  omega_dihedral

Dynamically allocated memory at   amaxstructure [B,KiB,MiB]:      2588164    2527.504     2.468
openf___224_> Open           ${MODINSTALL9v19}/modlib/omega.bin
openf___224_> Open           ${MODINSTALL9v19}/modlib/omega.mdt
getdata_643_> Protein accepted:  5HIC_A
getdata_289_> Proteins (all/accepted):        1        1
omgdel__425_> Unselected all O C +N +CA dihedrals:      290
              (This is to avoid clashes between STEREO
              and OMEGA_DIHEDRAL restraints)
make_re_422_> Number of previous, current restraints         :    10043    10319
make_re_423_> Number of previous, current selected restraints:    10043    10029
make_re_417_> Restraint type to be calculated:  chi1_dihedral

Dynamically allocated memory at   amaxstructure [B,KiB,MiB]:      2588164    2527.504     2.468
openf___224_> Open           ${MODINSTALL9v19}/modlib/chi1234.bin
openf___224_> Open           ${MODINSTALL9v19}/modlib/chi1.mdt
getdata_643_> Protein accepted:  5HIC_A
getdata_289_> Proteins (all/accepted):        1        1

Dynamically allocated memory at  amaxrestraints [B,KiB,MiB]:      2719236    2655.504     2.593
make_re_422_> Number of previous, current restraints         :    10319    10563
make_re_423_> Number of previous, current selected restraints:    10029    10273
make_re_417_> Restraint type to be calculated:  chi2_dihedral

Dynamically allocated memory at   amaxstructure [B,KiB,MiB]:      2719236    2655.504     2.593
openf___224_> Open           ${MODINSTALL9v19}/modlib/chi1234.bin
openf___224_> Open           ${MODINSTALL9v19}/modlib/chi2.mdt
getdata_643_> Protein accepted:  5HIC_A
getdata_289_> Proteins (all/accepted):        1        1
make_re_422_> Number of previous, current restraints         :    10563    10756
make_re_423_> Number of previous, current selected restraints:    10273    10466
make_re_417_> Restraint type to be calculated:  chi3_dihedral

Dynamically allocated memory at   amaxstructure [B,KiB,MiB]:      2719236    2655.504     2.593
openf___224_> Open           ${MODINSTALL9v19}/modlib/chi1234.bin
openf___224_> Open           ${MODINSTALL9v19}/modlib/chi3.mdt
getdata_643_> Protein accepted:  5HIC_A
getdata_289_> Proteins (all/accepted):        1        1
make_re_422_> Number of previous, current restraints         :    10756    10847
make_re_423_> Number of previous, current selected restraints:    10466    10557
make_re_417_> Restraint type to be calculated:  chi4_dihedral

Dynamically allocated memory at   amaxstructure [B,KiB,MiB]:      2719236    2655.504     2.593
openf___224_> Open           ${MODINSTALL9v19}/modlib/chi1234.bin
openf___224_> Open           ${MODINSTALL9v19}/modlib/chi4.mdt
mdtrsr__446W> A potential that relies on one protein is used, yet you have at
              least one known structure available. MDT, not library, potential is used.
getdata_643_> Protein accepted:  5HIC_A
getdata_289_> Proteins (all/accepted):        1        1
make_re_422_> Number of previous, current restraints         :    10847    10885
make_re_423_> Number of previous, current selected restraints:    10557    10595
make_re_417_> Restraint type to be calculated:  DISTANCE

Dynamically allocated memory at amaxhash_contac [B,KiB,MiB]:      3360864    3282.094     3.205
make_re_422_> Number of previous, current restraints         :    10885    16135
make_re_423_> Number of previous, current selected restraints:    10595    15845
make_re_417_> Restraint type to be calculated:  DISTANCE

Dynamically allocated memory at  amaxrestraints [B,KiB,MiB]:      3623008    3538.094     3.455

Dynamically allocated memory at  amaxrestraints [B,KiB,MiB]:      3885152    3794.094     3.705

Dynamically allocated memory at  amaxrestraints [B,KiB,MiB]:      4409440    4306.094     4.205
make_re_422_> Number of previous, current restraints         :    16135    21448
make_re_423_> Number of previous, current selected restraints:    15845    21158
make_re_417_> Restraint type to be calculated:  DISTANCE

Dynamically allocated memory at  amaxrestraints [B,KiB,MiB]:      4671584    4562.094     4.455
make_re_422_> Number of previous, current restraints         :    21448    25622
make_re_423_> Number of previous, current selected restraints:    21158    25332
make_re_417_> Restraint type to be calculated:  DISTANCE
make_re_422_> Number of previous, current restraints         :    25622    28346
make_re_423_> Number of previous, current selected restraints:    25332    28056
0 atoms in HETATM/BLK residues constrained
to protein atoms within 2.30 angstroms
and protein CA atoms within 10.00 angstroms
make_re_417_> Restraint type to be calculated:  DISTANCE
make_re_422_> Number of previous, current restraints         :    28346    28346
make_re_423_> Number of previous, current selected restraints:    28056    28056
make_re_417_> Restraint type to be calculated:  DISTANCE
make_re_422_> Number of previous, current restraints         :    28346    28346
make_re_423_> Number of previous, current selected restraints:    28056    28056
make_re_417_> Restraint type to be calculated:  DISTANCE
make_re_422_> Number of previous, current restraints         :    28346    28346
make_re_423_> Number of previous, current selected restraints:    28056    28056
make_re_417_> Restraint type to be calculated:  DISTANCE
make_re_422_> Number of previous, current restraints         :    28346    28346
make_re_423_> Number of previous, current selected restraints:    28056    28056
0 atoms in residues without defined topology
constrained to be rigid bodies
make_re_417_> Restraint type to be calculated:  DISTANCE
make_re_422_> Number of previous, current restraints         :    28346    28346
make_re_423_> Number of previous, current selected restraints:    28056    28056
rmdupl__427_>     1740 redundant cosine dihedral restraints were unselected.
condens_443_> Restraints marked for deletion were removed.
              Total number of restraints before, now:    28346    26316
openf___224_> Open           5HIC_A_full.rsr
openf___224_> Open           5HIC_A_full.rsr

Dynamically allocated memory at  amaxrestraints [B,KiB,MiB]:      4712133    4601.692     4.494
rdcsr2__307_> Number of restraints read    :    26316
              Number of excluded pairs read:        0
              Number of pseudo atoms read  :        0
rdcsrs__304_> Restraints in memory, selected restraints:    26316    26316
              Explicitly excluded atom pairs in memory :        0
              Pseudo atoms in memory                   :        0
181 (of 2228 total) atoms selected for optimization
openf___224_> Open           5HIC_A_full.ini

Dynamically allocated memory at       amaxmodel [B,KiB,MiB]:      4712157    4601.716     4.494
read_mo_297_> Segments, residues, atoms:        1      277     2228
read_mo_298_> Segment:        1     1   277     2228
randomi_498_> Atoms,selected atoms,random_seed,amplitude:     2228      181        1        4.0000
randomi_496_> Amplitude is > 0; randomization is done.
pick_re_612_> Number of MODEL atoms, selected restraints;      181     1067
pick_re_612_> Number of MODEL atoms, selected restraints;      181     1187
pick_re_612_> Number of MODEL atoms, selected restraints;      181     1249
pick_re_612_> Number of MODEL atoms, selected restraints;      181     1327
pick_re_612_> Number of MODEL atoms, selected restraints;      181     1431
pick_re_612_> Number of MODEL atoms, selected restraints;      181     1611
pick_re_612_> Number of MODEL atoms, selected restraints;      181     1930
pick_re_612_> Number of MODEL atoms, selected restraints;      181     2182

Dynamically allocated memory at  amaxrestraints [B,KiB,MiB]:      5058209    4939.657     4.824
pick_re_612_> Number of MODEL atoms, selected restraints;      181     2228
pick_re_612_> Number of MODEL atoms, selected restraints;      181     2233
pick_re_612_> Number of MODEL atoms, selected restraints;      181     2233
iupac_m_487_> NH1/2 swapped:      178.1803        3     3
iupac_m_486_> OE1/2 will be swapped:     -101.1728        7     7
iupac_m_483_> CD1/2 CE1/2 swapped:       90.0695       10    10
iupac_m_397W> Atoms were not swapped because of the uncertainty of how to handle the H atom.
iupac_m_484W> Dihedral still outside +-90:      -90.7535
iupac_m_486_> OE1/2 will be swapped:       98.3654       34    34
iupac_m_486_> OE1/2 will be swapped:     -149.0794       44    44
iupac_m_487_> NH1/2 swapped:     -180.0000       46    46
iupac_m_486_> OE1/2 will be swapped:      180.0000       47    47
iupac_m_486_> OE1/2 will be swapped:      158.0078       56    56
iupac_m_483_> CD1/2 CE1/2 swapped:      -90.6786       93    93
iupac_m_397W> Atoms were not swapped because of the uncertainty of how to handle the H atom.
iupac_m_483_> CD1/2 CE1/2 swapped:      -92.3830       99    99
iupac_m_397W> Atoms were not swapped because of the uncertainty of how to handle the H atom.
iupac_m_486_> OE1/2 will be swapped:     -128.0846      102   102
iupac_m_486_> OE1/2 will be swapped:      170.3781      127   127
iupac_m_486_> OE1/2 will be swapped:     -180.0000      163   163
iupac_m_486_> OE1/2 will be swapped:      180.0000      164   164
iupac_m_487_> NH1/2 swapped:      179.9720      187   187
iupac_m_483_> CD1/2 CE1/2 swapped:      -92.0365      189   189
iupac_m_397W> Atoms were not swapped because of the uncertainty of how to handle the H atom.
iupac_m_484W> Dihedral still outside +-90:       90.3747
iupac_m_486_> OE1/2 will be swapped:       96.1883      204   204
iupac_m_486_> OE1/2 will be swapped:      165.3976      229   229
iupac_m_487_> NH1/2 swapped:     -179.0755      256   256
iupac_m_487_> NH1/2 swapped:      180.0000      260   260
iupac_m_486_> OE1/2 will be swapped:      111.9107      265   265
iupac_m_487_> NH1/2 swapped:      179.3593      271   271
iupac_m_487_> NH1/2 swapped:      179.8381      275   275


>> ENERGY; Differences between the model's features and restraints:
Number of all residues in MODEL                   :      277
Number of all, selected real atoms                :     2228     181
Number of all, selected pseudo atoms              :        0       0
Number of all static, selected restraints         :    26316    2233
COVALENT_CYS                                      :        F
NONBONDED_SEL_ATOMS                               :        1
Number of non-bonded pairs (excluding 1-2,1-3,1-4):      580
Dynamic pairs routine                             : 5, NATM_SEL x NATM double loop
Atomic shift for contacts update (UPDATE_DYNAMIC) :    0.390
LENNARD_JONES_SWITCH                              :    6.500   7.500
COULOMB_JONES_SWITCH                              :    6.500   7.500
RESIDUE_SPAN_RANGE                                :        0   99999
NLOGN_USE                                         :       15
CONTACT_SHELL                                     :    4.000
DYNAMIC_PAIRS,_SPHERE,_COULOMB,_LENNARD,_MODELLER :        T       T       F       F       F
SPHERE_STDV                                       :    0.050
RADII_FACTOR                                      :    0.820
Current energy                                    :        1185.0950





Summary of the restraint violations: 

   NUM     ... number of restraints.
   NUMVI   ... number of restraints with RVIOL > VIOL_REPORT_CUT[i].
   RVIOL   ... relative difference from the best value.
   NUMVP   ... number of restraints with -Ln(pdf) > VIOL_REPORT_CUT2[i].
   RMS_1   ... RMS(feature, minimally_violated_basis_restraint, NUMB).
   RMS_2   ... RMS(feature, best_value, NUMB).
   MOL.PDF ... scaled contribution to -Ln(Molecular pdf).

 #                     RESTRAINT_GROUP      NUM   NUMVI  NUMVP   RMS_1   RMS_2         MOL.PDF     S_i
------------------------------------------------------------------------------------------------------
 1 Bond length potential              :     188      10     27   0.059   0.059      196.61       1.000
 2 Bond angle potential               :     255       9     23   7.529   7.529      296.77       1.000
 3 Stereochemical cosine torsion poten:     124       0      6  49.385  49.385      48.651       1.000
 4 Stereochemical improper torsion pot:      74       1      2   4.340   4.340      43.879       1.000
 5 Soft-sphere overlap restraints     :     580      13     23   0.068   0.068      314.42       1.000
 6 Lennard-Jones 6-12 potential       :       0       0      0   0.000   0.000      0.0000       1.000
 7 Coulomb point-point electrostatic p:       0       0      0   0.000   0.000      0.0000       1.000
 8 H-bonding potential                :       0       0      0   0.000   0.000      0.0000       1.000
 9 Distance restraints 1 (CA-CA)      :     486       5     20   0.525   0.525      106.52       1.000
10 Distance restraints 2 (N-O)        :     488       3      6   0.453   0.453      69.754       1.000
11 Mainchain Phi dihedral restraints  :       0       0      0   0.000   0.000      0.0000       1.000
12 Mainchain Psi dihedral restraints  :       0       0      0   0.000   0.000      0.0000       1.000
13 Mainchain Omega dihedral restraints:      24       1      2  10.011  10.011      28.367       1.000
14 Sidechain Chi_1 dihedral restraints:      18       0      1  72.081  72.081      7.9103       1.000
15 Sidechain Chi_2 dihedral restraints:      17       0      0  70.441  70.441      4.2254       1.000
16 Sidechain Chi_3 dihedral restraints:       9       0      0  73.627  73.627      5.6745       1.000
17 Sidechain Chi_4 dihedral restraints:       5       0      1  79.357  79.357      4.5386       1.000
18 Disulfide distance restraints      :       0       0      0   0.000   0.000      0.0000       1.000
19 Disulfide angle restraints         :       0       0      0   0.000   0.000      0.0000       1.000
20 Disulfide dihedral angle restraints:       0       0      0   0.000   0.000      0.0000       1.000
21 Lower bound distance restraints    :       0       0      0   0.000   0.000      0.0000       1.000
22 Upper bound distance restraints    :       0       0      0   0.000   0.000      0.0000       1.000
23 Distance restraints 3 (SDCH-MNCH)  :     260       0      0   0.617   0.617      4.5432       1.000
24 Sidechain Chi_5 dihedral restraints:       0       0      0   0.000   0.000      0.0000       1.000
25 Phi/Psi pair of dihedral restraints:      26       9      7  52.246 114.376      36.610       1.000
26 Distance restraints 4 (SDCH-SDCH)  :     259       0      0   0.884   0.884      16.622       1.000
27 Distance restraints 5 (X-Y)        :       0       0      0   0.000   0.000      0.0000       1.000
28 NMR distance restraints 6 (X-Y)    :       0       0      0   0.000   0.000      0.0000       1.000
29 NMR distance restraints 7 (X-Y)    :       0       0      0   0.000   0.000      0.0000       1.000
30 Minimal distance restraints        :       0       0      0   0.000   0.000      0.0000       1.000
31 Non-bonded restraints              :       0       0      0   0.000   0.000      0.0000       1.000
32 Atomic accessibility restraints    :       0       0      0   0.000   0.000      0.0000       1.000
33 Atomic density restraints          :       0       0      0   0.000   0.000      0.0000       1.000
34 Absolute position restraints       :       0       0      0   0.000   0.000      0.0000       1.000
35 Dihedral angle difference restraint:       0       0      0   0.000   0.000      0.0000       1.000
36 GBSA implicit solvent potential    :       0       0      0   0.000   0.000      0.0000       1.000
37 EM density fitting potential       :       0       0      0   0.000   0.000      0.0000       1.000
38 SAXS restraints                    :       0       0      0   0.000   0.000      0.0000       1.000
39 Symmetry restraints                :       0       0      0   0.000   0.000      0.0000       1.000



openf___224_> Open           5HIC_A_full.V99990001
# Heavy relative violation of each residue is written to: 5HIC_A_full.V99990001
# The profile is NOT normalized by the number of restraints.
# The profiles are smoothed over a window of residues:    1
# The sum of all numbers in the file:    5450.8994



List of the violated restraints:
   A restraint is violated when the relative difference
   from the best value (RVIOL) is larger than CUTOFF.

   ICSR   ... index of a restraint in the current set.
   RESNO  ... residue numbers of the first two atoms.
   ATM    ... IUPAC atom names of the first two atoms.
   FEAT   ... the value of the feature in the model.
   restr  ... the mean of the basis restraint with the smallest
              difference from the model (local minimum).
   viol   ... difference from the local minimum.
   rviol  ... relative difference from the local minimum.
   RESTR  ... the best value (global minimum).
   VIOL   ... difference from the best value.
   RVIOL  ... relative difference from the best value.


-------------------------------------------------------------------------------------------------

Feature  1                           : Bond length potential                   
List of the RVIOL violations larger than   :       4.5000

    #   ICSR  RESNO1/2 ATM1/2   INDATM1/2    FEAT   restr    viol   rviol   RESTR    VIOL   RVIOL
    1   1333 165K 166E C   N    1309 1311    1.49    1.35    0.15    5.21    1.35    0.15    5.21
    2   1341 166E 166E C   CA   1318 1312    1.66    1.49    0.17    4.98    1.49    0.17    4.98
    3   1354 167Y 167Y C   CA   1330 1321    1.65    1.49    0.16    4.78    1.49    0.16    4.78
    4   1379 170E 170E C   CA   1354 1348    1.65    1.49    0.16    4.54    1.49    0.16    4.54
    5   1381 171G 171G N   CA   1356 1357    1.62    1.43    0.19    6.27    1.43    0.19    6.27
    6   1383 171G 171G C   CA   1358 1357    1.67    1.49    0.18    5.20    1.49    0.18    5.20
    7   1385 172G 172G N   CA   1360 1361    1.68    1.43    0.25    8.38    1.43    0.25    8.38
    8   1387 172G 172G C   CA   1362 1361    1.81    1.49    0.32    9.18    1.49    0.32    9.18
    9   1388 172G 173K C   N    1362 1364    1.51    1.35    0.16    5.79    1.35    0.16    5.79
   10   1394 173K 173K N   CA   1364 1365    1.62    1.43    0.19    6.20    1.43    0.19    6.20

-------------------------------------------------------------------------------------------------

Feature  2                           : Bond angle potential                    
List of the RVIOL violations larger than   :       4.5000

    #   ICSR  RESNO1/2 ATM1/2   INDATM1/2    FEAT   restr    viol   rviol   RESTR    VIOL   RVIOL
    1   4075 165K 166E C   N    1309 1311  149.32  120.00   29.32    6.66  120.00   29.32    6.66
    2   4090 167Y 167Y N   CA   1320 1321  123.15  107.00   16.15    4.64  107.00   16.15    4.64
    3   4141 171G 171G N   CA   1356 1357  128.33  107.00   21.33    6.13  107.00   21.33    6.13
    4   4144 171G 172G C   N    1358 1360  168.10  120.00   48.09   10.93  120.00   48.09   10.93
    5   4146 172G 172G N   CA   1360 1361  143.73  107.00   36.73   10.56  107.00   36.73   10.56
    6   4149 172G 173K C   N    1362 1364  140.53  120.00   20.53    4.67  120.00   20.53    4.67

-------------------------------------------------------------------------------------------------

Feature  4                           : Stereochemical improper torsion potentia
List of the RVIOL violations larger than   :       4.5000

    #   ICSR  RESNO1/2 ATM1/2   INDATM1/2    FEAT   restr    viol   rviol   RESTR    VIOL   RVIOL
    1   7351 165K 165K C   CA   1309 1303   31.42    0.00   31.42   11.06    0.00   31.42   11.06

-------------------------------------------------------------------------------------------------

Feature 10                           : Distance restraints 2 (N-O)             
List of the RVIOL violations larger than   :       4.5000

    #   ICSR  RESNO1/2 ATM1/2   INDATM1/2    FEAT   restr    viol   rviol   RESTR    VIOL   RVIOL
    1  17320 174V  20A N   O    1373  157   14.99   10.56    4.42    6.87   10.56    4.42    6.87

-------------------------------------------------------------------------------------------------

Feature 25                           : Phi/Psi pair of dihedral restraints     
List of the RVIOL violations larger than   :       6.5000

    #   ICSR  RESNO1/2 ATM1/2   INDATM1/2    FEAT   restr    viol   rviol   RESTR    VIOL   RVIOL
    1   7902 164E 165K C   N    1300 1302  179.96 -118.00   89.37    4.51  -62.90  164.57   20.05
    1        165K 165K N   CA   1302 1303   74.78  139.10                  -40.80
    2   7903 165K 166E C   N    1309 1311  145.67 -117.80  117.92    3.50  -63.60 -170.30   32.55
    2        166E 166E N   CA   1311 1312 -155.48  136.80                  -40.30
    3   7904 166E 167Y C   N    1318 1320 -156.16 -124.30   32.56    2.21  -63.50 -162.41   35.84
    3        167Y 167Y N   CA   1320 1321  142.08  135.40                  -43.40
    4   7905 167Y 168H C   N    1330 1332 -179.72 -125.60   67.72    1.67  -63.20 -179.24   29.83
    4        168H 168H N   CA   1332 1333  179.51  138.80                  -42.30
    5   7906 168H 169A C   N    1340 1342 -172.00 -134.00   47.31    1.21  -62.50 -179.15   35.38
    5        169A 169A N   CA   1342 1343  175.17  147.00                  -40.90
    6   7907 169A 170E C   N    1345 1347 -172.24 -117.80   59.11    1.75  -63.60 -166.70   31.68
    6        170E 170E N   CA   1347 1348  159.82  136.80                  -40.30
    7   7908 170E 171G C   N    1354 1356  146.63 -167.20   46.79    0.74   82.20 -174.74   12.03
    7        171G 171G N   CA   1356 1357 -177.80  174.60                    8.50
    8   7910 172G 173K C   N    1362 1364 -155.25 -118.00   46.61    1.58  -62.90  177.91   28.60
    8        173K 173K N   CA   1364 1365  167.13  139.10                  -40.80
    9   7911 173K 174V C   N    1371 1373 -121.11 -125.40  168.46    8.27 -125.40  168.46    8.27
    9        174V 174V N   CA   1373 1374  -25.10  143.30                  143.30


report______> Distribution of short non-bonded contacts:

  serious non-bonded atom clash:   356  359   2.127
  serious non-bonded atom clash:  1030 1276   2.152
  serious non-bonded atom clash:  1032 1276   1.048
  serious non-bonded atom clash:  1032 1277   1.940
  serious non-bonded atom clash:  1032 1279   2.269
  serious non-bonded atom clash:  1360 1498   2.045
  serious non-bonded atom clash:  1360 1540   2.263
  serious non-bonded atom clash:  1361 1451   2.066

DISTANCE1:  0.00 2.10 2.20 2.30 2.40 2.50 2.60 2.70 2.80 2.90 3.00 3.10 3.20 3.30 3.40
DISTANCE2:  2.10 2.20 2.30 2.40 2.50 2.60 2.70 2.80 2.90 3.00 3.10 3.20 3.30 3.40 3.50
FREQUENCY:     4    2    2    4    2    9   16   51   96   89  148  188  239  338  396


<< end of ENERGY.
openf___224_> Open           5HIC_A_full.B99990001.pdb
wrpdb___568_> Residues, atoms, selected atoms:      277     2228     2228

>> Summary of successfully produced models:
Filename                          molpdf
----------------------------------------
5HIC_A_full.B99990001.pdb     1185.09497


Dynamically allocated memory at          finish [B,KiB,MiB]:      5058209    4939.657     4.824
Starting time                                            : 2018/02/20 13:04:32
Closing time                                             : 2018/02/20 13:04:41
Total CPU time [seconds]                                 :       8.85
