
                         MODELLER 9.19, 2017/07/19, r11078

     PROTEIN STRUCTURE MODELLING BY SATISFACTION OF SPATIAL RESTRAINTS


                     Copyright(c) 1989-2017 Andrej Sali
                            All Rights Reserved

                             Written by A. Sali
                               with help from
              B. Webb, M.S. Madhusudhan, M-Y. Shen, G.Q. Dong,
          M.A. Marti-Renom, N. Eswar, F. Alber, M. Topf, B. Oliva,
             A. Fiser, R. Sanchez, B. Yerkovich, A. Badretdinov,
                     F. Melo, J.P. Overington, E. Feyfant
                 University of California, San Francisco, USA
                    Rockefeller University, New York, USA
                      Harvard University, Cambridge, USA
                   Imperial Cancer Research Fund, London, UK
              Birkbeck College, University of London, London, UK


Kind, OS, HostName, Kernel, Processor: 4, Linux german-xps 4.14.6-041406-generic x86_64
Date and time of compilation         : 2017/07/19 15:03:51
MODELLER executable type             : x86_64-intel8
Job starting time (YY/MM/DD HH:MM:SS): 2018/02/20 13:02:50

openf___224_> Open           $(LIB)/restyp.lib
openf___224_> Open           ${MODINSTALL9v19}/modlib/resgrp.lib
rdresgr_266_> Number of residue groups:        2
openf___224_> Open           ${MODINSTALL9v19}/modlib/sstruc.lib

Dynamically allocated memory at   amaxlibraries [B,KiB,MiB]:       191566     187.076     0.183

Dynamically allocated memory at   amaxlibraries [B,KiB,MiB]:       192094     187.592     0.183
openf___224_> Open           ${MODINSTALL9v19}/modlib/resdih.lib

Dynamically allocated memory at   amaxlibraries [B,KiB,MiB]:       240694     235.053     0.230
rdrdih__263_> Number of dihedral angle types         :        9
              Maximal number of dihedral angle optima:        3
              Dihedral angle names                   :  Alph Phi Psi Omeg chi1 chi2 chi3 chi4 chi5
openf___224_> Open           ${MODINSTALL9v19}/modlib/radii.lib

Dynamically allocated memory at   amaxlibraries [B,KiB,MiB]:       253994     248.041     0.242
openf___224_> Open           ${MODINSTALL9v19}/modlib/radii14.lib
openf___224_> Open           ${MODINSTALL9v19}/modlib/af_mnchdef.lib
rdwilmo_274_> Mainchain residue conformation classes:  APBLE
openf___224_> Open           ${MODINSTALL9v19}/modlib/mnch.lib
rdclass_257_> Number of classes:        5
openf___224_> Open           ${MODINSTALL9v19}/modlib/mnch1.lib
openf___224_> Open           ${MODINSTALL9v19}/modlib/mnch2.lib
openf___224_> Open           ${MODINSTALL9v19}/modlib/mnch3.lib
openf___224_> Open           ${MODINSTALL9v19}/modlib/xs4.mat
rdrrwgh_268_> Number of residue types:       21
openf___224_> Open           /home/german/labo/18/egfr/model/4RJ4_A/to_model_4RJ4_A

Dynamically allocated memory at   amaxalignment [B,KiB,MiB]:       265487     259.265     0.253

Dynamically allocated memory at   amaxalignment [B,KiB,MiB]:       266937     260.681     0.255

Dynamically allocated memory at   amaxalignment [B,KiB,MiB]:       269837     263.513     0.257

Dynamically allocated memory at   amaxalignment [B,KiB,MiB]:       275637     269.177     0.263

Dynamically allocated memory at   amaxalignment [B,KiB,MiB]:       392693     383.489     0.375

Dynamically allocated memory at    amaxsequence [B,KiB,MiB]:       393885     384.653     0.376

Dynamically allocated memory at    amaxsequence [B,KiB,MiB]:       394989     385.731     0.377

Read the alignment from file       : /home/german/labo/18/egfr/model/4RJ4_A/to_model_4RJ4_A
Total number of alignment positions:   316

  #  Code        #_Res #_Segm PDB_code    Name
-------------------------------------------------------------------------------
  1     4RJ4_A     299      1      4RJ4_A
  2  4RJ4_A_fu     277      1
check_a_343_> >> BEGINNING OF COMMAND
openf___224_> Open           ./4RJ4_A.pdb

Dynamically allocated memory at amaxcoordinates [B,KiB,MiB]:       486414     475.014     0.464

Dynamically allocated memory at    amaxsequence [B,KiB,MiB]:       486414     475.014     0.464

Dynamically allocated memory at amaxcoordinates [B,KiB,MiB]:       486585     475.181     0.464

Dynamically allocated memory at amaxcoordinates [B,KiB,MiB]:       487435     476.011     0.465

Dynamically allocated memory at amaxcoordinates [B,KiB,MiB]:       488693     477.239     0.466

Dynamically allocated memory at amaxcoordinates [B,KiB,MiB]:       490597     479.099     0.468

Dynamically allocated memory at    amaxsequence [B,KiB,MiB]:       490597     479.099     0.468

Dynamically allocated memory at amaxcoordinates [B,KiB,MiB]:       490687     479.187     0.468

Dynamically allocated memory at amaxcoordinates [B,KiB,MiB]:       493543     481.976     0.471

Dynamically allocated memory at    amaxsequence [B,KiB,MiB]:       493543     481.976     0.471

Dynamically allocated memory at amaxcoordinates [B,KiB,MiB]:       493678     482.107     0.471

Dynamically allocated memory at amaxcoordinates [B,KiB,MiB]:       497962     486.291     0.475

Dynamically allocated memory at    amaxsequence [B,KiB,MiB]:       497962     486.291     0.475

Dynamically allocated memory at amaxcoordinates [B,KiB,MiB]:       498160     486.484     0.475

Dynamically allocated memory at amaxcoordinates [B,KiB,MiB]:       504586     492.760     0.481

Dynamically allocated memory at    amaxsequence [B,KiB,MiB]:       504586     492.760     0.481

Dynamically allocated memory at amaxcoordinates [B,KiB,MiB]:       504883     493.050     0.481

Dynamically allocated memory at amaxcoordinates [B,KiB,MiB]:       514505     502.446     0.491

Dynamically allocated memory at    amaxsequence [B,KiB,MiB]:       514505     502.446     0.491

Dynamically allocated memory at amaxcoordinates [B,KiB,MiB]:       514955     502.886     0.491

Dynamically allocated memory at amaxcoordinates [B,KiB,MiB]:       529405     516.997     0.505

Dynamically allocated memory at    amaxsequence [B,KiB,MiB]:       529405     516.997     0.505

Dynamically allocated memory at amaxcoordinates [B,KiB,MiB]:       530080     517.656     0.506

Dynamically allocated memory at amaxcoordinates [B,KiB,MiB]:       551738     538.807     0.526

Dynamically allocated memory at    amaxsequence [B,KiB,MiB]:       551738     538.807     0.526

Dynamically allocated memory at amaxcoordinates [B,KiB,MiB]:       552746     539.791     0.527

Dynamically allocated memory at amaxcoordinates [B,KiB,MiB]:       585250     571.533     0.558

Dynamically allocated memory at   amaxstructure [B,KiB,MiB]:       584908     571.199     0.558

check_ali___> Checking the sequence-structure alignment. 

Implied intrachain target CA(i)-CA(i+1) distances longer than  8.0 angstroms:

ALN_POS  TMPL  RID1  RID2  NAM1  NAM2     DIST
----------------------------------------------
     53     1  746   750      E     A   10.305
END OF TABLE
check_a_344_> << END OF COMMAND
openf___224_> Open           ${LIB}/top_heav.lib
read_to_681_> topology.submodel read from topology file:        3
openf___224_> Open           ${LIB}/par.lib

Dynamically allocated memory at  amaxparameters [B,KiB,MiB]:       724160     707.188     0.691

Dynamically allocated memory at  amaxparameters [B,KiB,MiB]:       725760     708.750     0.692

Dynamically allocated memory at  amaxparameters [B,KiB,MiB]:       729740     712.637     0.696

Dynamically allocated memory at  amaxparameters [B,KiB,MiB]:       731740     714.590     0.698

Dynamically allocated memory at  amaxparameters [B,KiB,MiB]:       734740     717.520     0.701

Dynamically allocated memory at  amaxparameters [B,KiB,MiB]:       739240     721.914     0.705

Dynamically allocated memory at  amaxparameters [B,KiB,MiB]:       744812     727.355     0.710

Dynamically allocated memory at  amaxparameters [B,KiB,MiB]:       747612     730.090     0.713

Dynamically allocated memory at  amaxparameters [B,KiB,MiB]:       751812     734.191     0.717

Dynamically allocated memory at  amaxparameters [B,KiB,MiB]:       758112     740.344     0.723

Dynamically allocated memory at  amaxparameters [B,KiB,MiB]:       760884     743.051     0.726

Dynamically allocated memory at  amaxparameters [B,KiB,MiB]:       762284     744.418     0.727
read_pa_232_> parameters    BONDS   ANGLS  DIHEDS IMPROPS    MODE
                              227     561     661     112       0

Dynamically allocated memory at       amaxmodel [B,KiB,MiB]:       805616     786.734     0.768

Dynamically allocated memory at       amaxmodel [B,KiB,MiB]:      1025724    1001.684     0.978

Dynamically allocated memory at       amaxmodel [B,KiB,MiB]:      1058724    1033.910     1.010

mkilst______> segment topology constructed from sequence and RTF:
              segments residues atoms bonds angles dihedrals impropers:
                     1      277  2227  2277      0         0       924

Dynamically allocated memory at       amaxmodel [B,KiB,MiB]:      1154132    1127.082     1.101

patch_______> segment topology patched using RTF:     1  ;  LEU  ;  NTER
              segments residues atoms bonds angles dihedrals impropers:
                     1      277  2227  2277   3077      3657       924


Dynamically allocated memory at       amaxmodel [B,KiB,MiB]:      1246228    1217.020     1.188
patch_______> segment topology patched using RTF:   277  ;  LEU  ;  CTER
              segments residues atoms bonds angles dihedrals impropers:
                     1      277  2228  2278   3079      3659       925

genseg______> segment topology constructed from sequence and RTF:
              segments residues atoms bonds angles dihedrals impropers:
                     1      277  2228  2278   3079      3659       925
transfe_506_> MODEL is an average of all templates.
transfe_511_> Number of templates for coordinate transfer:        1
              After transferring coordinates of the equivalent template atoms,
              there are defined, undefined atoms in MODEL:     2093      135
openf___224_> Open           4RJ4_A_full.ini
wrpdb___568_> Residues, atoms, selected atoms:      277     2228     2228
make_re_417_> Restraint type to be calculated:  stereo

Dynamically allocated memory at  amaxrestraints [B,KiB,MiB]:      1353277    1321.560     1.291

Dynamically allocated memory at  amaxrestraints [B,KiB,MiB]:      1361469    1329.560     1.298

Dynamically allocated memory at  amaxrestraints [B,KiB,MiB]:      1377853    1345.560     1.314

Dynamically allocated memory at  amaxrestraints [B,KiB,MiB]:      1410621    1377.560     1.345

Dynamically allocated memory at  amaxrestraints [B,KiB,MiB]:      1443389    1409.560     1.377

Dynamically allocated memory at  amaxrestraints [B,KiB,MiB]:      1508925    1473.560     1.439

Dynamically allocated memory at  amaxrestraints [B,KiB,MiB]:      1541693    1505.560     1.470

Dynamically allocated memory at  amaxrestraints [B,KiB,MiB]:      1574461    1537.560     1.502

Dynamically allocated memory at  amaxrestraints [B,KiB,MiB]:      1639997    1601.560     1.564

Dynamically allocated memory at  amaxrestraints [B,KiB,MiB]:      1771069    1729.560     1.689

Dynamically allocated memory at  amaxrestraints [B,KiB,MiB]:      1836605    1793.560     1.752

Dynamically allocated memory at  amaxrestraints [B,KiB,MiB]:      1902141    1857.560     1.814

Dynamically allocated memory at  amaxrestraints [B,KiB,MiB]:      2033213    1985.560     1.939

Dynamically allocated memory at  amaxrestraints [B,KiB,MiB]:      2295357    2241.560     2.189
r_stere_606_> Stereochemical restraints were constructed from RTF & PRMF.
              Added bond,angle,dihedral,improper restraints  :     2278    3079    3500     911
              Total number of restraints before, now         :        0     9768
make_re_422_> Number of previous, current restraints         :        0     9768
make_re_423_> Number of previous, current selected restraints:        0     9768
make_re_417_> Restraint type to be calculated:  phi-psi_binormal

Dynamically allocated memory at   amaxstructure [B,KiB,MiB]:      2456137    2398.571     2.342
openf___224_> Open           ${MODINSTALL9v19}/modlib/mnch1.bin
openf___224_> Open           ${MODINSTALL9v19}/modlib/mnch1.mdt
getdata_643_> Protein accepted:  4RJ4_A
getdata_289_> Proteins (all/accepted):        1        1

Dynamically allocated memory at  amaxrestraints [B,KiB,MiB]:      2587225    2526.587     2.467
make_re_422_> Number of previous, current restraints         :     9768    10043
make_re_423_> Number of previous, current selected restraints:     9768    10043
make_re_417_> Restraint type to be calculated:  omega_dihedral

Dynamically allocated memory at   amaxstructure [B,KiB,MiB]:      2587225    2526.587     2.467
openf___224_> Open           ${MODINSTALL9v19}/modlib/omega.bin
openf___224_> Open           ${MODINSTALL9v19}/modlib/omega.mdt
getdata_643_> Protein accepted:  4RJ4_A
getdata_289_> Proteins (all/accepted):        1        1
omgdel__425_> Unselected all O C +N +CA dihedrals:      290
              (This is to avoid clashes between STEREO
              and OMEGA_DIHEDRAL restraints)
make_re_422_> Number of previous, current restraints         :    10043    10319
make_re_423_> Number of previous, current selected restraints:    10043    10029
make_re_417_> Restraint type to be calculated:  chi1_dihedral

Dynamically allocated memory at   amaxstructure [B,KiB,MiB]:      2587225    2526.587     2.467
openf___224_> Open           ${MODINSTALL9v19}/modlib/chi1234.bin
openf___224_> Open           ${MODINSTALL9v19}/modlib/chi1.mdt
getdata_643_> Protein accepted:  4RJ4_A
getdata_289_> Proteins (all/accepted):        1        1

Dynamically allocated memory at  amaxrestraints [B,KiB,MiB]:      2718297    2654.587     2.592
make_re_422_> Number of previous, current restraints         :    10319    10563
make_re_423_> Number of previous, current selected restraints:    10029    10273
make_re_417_> Restraint type to be calculated:  chi2_dihedral

Dynamically allocated memory at   amaxstructure [B,KiB,MiB]:      2718297    2654.587     2.592
openf___224_> Open           ${MODINSTALL9v19}/modlib/chi1234.bin
openf___224_> Open           ${MODINSTALL9v19}/modlib/chi2.mdt
getdata_643_> Protein accepted:  4RJ4_A
getdata_289_> Proteins (all/accepted):        1        1
make_re_422_> Number of previous, current restraints         :    10563    10756
make_re_423_> Number of previous, current selected restraints:    10273    10466
make_re_417_> Restraint type to be calculated:  chi3_dihedral

Dynamically allocated memory at   amaxstructure [B,KiB,MiB]:      2718297    2654.587     2.592
openf___224_> Open           ${MODINSTALL9v19}/modlib/chi1234.bin
openf___224_> Open           ${MODINSTALL9v19}/modlib/chi3.mdt
getdata_643_> Protein accepted:  4RJ4_A
getdata_289_> Proteins (all/accepted):        1        1
make_re_422_> Number of previous, current restraints         :    10756    10847
make_re_423_> Number of previous, current selected restraints:    10466    10557
make_re_417_> Restraint type to be calculated:  chi4_dihedral

Dynamically allocated memory at   amaxstructure [B,KiB,MiB]:      2718297    2654.587     2.592
openf___224_> Open           ${MODINSTALL9v19}/modlib/chi1234.bin
openf___224_> Open           ${MODINSTALL9v19}/modlib/chi4.mdt
mdtrsr__446W> A potential that relies on one protein is used, yet you have at
              least one known structure available. MDT, not library, potential is used.
getdata_643_> Protein accepted:  4RJ4_A
getdata_289_> Proteins (all/accepted):        1        1
make_re_422_> Number of previous, current restraints         :    10847    10885
make_re_423_> Number of previous, current selected restraints:    10557    10595
make_re_417_> Restraint type to be calculated:  DISTANCE

Dynamically allocated memory at amaxhash_contac [B,KiB,MiB]:      3359925    3281.177     3.204
make_re_422_> Number of previous, current restraints         :    10885    16071
make_re_423_> Number of previous, current selected restraints:    10595    15781
make_re_417_> Restraint type to be calculated:  DISTANCE

Dynamically allocated memory at  amaxrestraints [B,KiB,MiB]:      3622069    3537.177     3.454

Dynamically allocated memory at  amaxrestraints [B,KiB,MiB]:      3884213    3793.177     3.704

Dynamically allocated memory at  amaxrestraints [B,KiB,MiB]:      4408501    4305.177     4.204
make_re_422_> Number of previous, current restraints         :    16071    21298
make_re_423_> Number of previous, current selected restraints:    15781    21008
make_re_417_> Restraint type to be calculated:  DISTANCE

Dynamically allocated memory at  amaxrestraints [B,KiB,MiB]:      4670645    4561.177     4.454
make_re_422_> Number of previous, current restraints         :    21298    25483
make_re_423_> Number of previous, current selected restraints:    21008    25193
make_re_417_> Restraint type to be calculated:  DISTANCE
make_re_422_> Number of previous, current restraints         :    25483    28175
make_re_423_> Number of previous, current selected restraints:    25193    27885
0 atoms in HETATM/BLK residues constrained
to protein atoms within 2.30 angstroms
and protein CA atoms within 10.00 angstroms
make_re_417_> Restraint type to be calculated:  DISTANCE
make_re_422_> Number of previous, current restraints         :    28175    28175
make_re_423_> Number of previous, current selected restraints:    27885    27885
make_re_417_> Restraint type to be calculated:  DISTANCE
make_re_422_> Number of previous, current restraints         :    28175    28175
make_re_423_> Number of previous, current selected restraints:    27885    27885
make_re_417_> Restraint type to be calculated:  DISTANCE
make_re_422_> Number of previous, current restraints         :    28175    28175
make_re_423_> Number of previous, current selected restraints:    27885    27885
make_re_417_> Restraint type to be calculated:  DISTANCE
make_re_422_> Number of previous, current restraints         :    28175    28175
make_re_423_> Number of previous, current selected restraints:    27885    27885
0 atoms in residues without defined topology
constrained to be rigid bodies
make_re_417_> Restraint type to be calculated:  DISTANCE
make_re_422_> Number of previous, current restraints         :    28175    28175
make_re_423_> Number of previous, current selected restraints:    27885    27885
rmdupl__427_>     1740 redundant cosine dihedral restraints were unselected.
condens_443_> Restraints marked for deletion were removed.
              Total number of restraints before, now:    28175    26145
openf___224_> Open           4RJ4_A_full.rsr
openf___224_> Open           4RJ4_A_full.rsr

Dynamically allocated memory at  amaxrestraints [B,KiB,MiB]:      4712133    4601.692     4.494
rdcsr2__307_> Number of restraints read    :    26145
              Number of excluded pairs read:        0
              Number of pseudo atoms read  :        0
rdcsrs__304_> Restraints in memory, selected restraints:    26145    26145
              Explicitly excluded atom pairs in memory :        0
              Pseudo atoms in memory                   :        0
189 (of 2228 total) atoms selected for optimization
openf___224_> Open           4RJ4_A_full.ini

Dynamically allocated memory at       amaxmodel [B,KiB,MiB]:      4712157    4601.716     4.494
read_mo_297_> Segments, residues, atoms:        1      277     2228
read_mo_298_> Segment:        1     1   277     2228
randomi_498_> Atoms,selected atoms,random_seed,amplitude:     2228      189        1        4.0000
randomi_496_> Amplitude is > 0; randomization is done.
pick_re_612_> Number of MODEL atoms, selected restraints;      189     1133
pick_re_612_> Number of MODEL atoms, selected restraints;      189     1247
pick_re_612_> Number of MODEL atoms, selected restraints;      189     1312
pick_re_612_> Number of MODEL atoms, selected restraints;      189     1379
pick_re_612_> Number of MODEL atoms, selected restraints;      189     1488
pick_re_612_> Number of MODEL atoms, selected restraints;      189     1663
pick_re_612_> Number of MODEL atoms, selected restraints;      189     1973
pick_re_612_> Number of MODEL atoms, selected restraints;      189     2227

Dynamically allocated memory at  amaxrestraints [B,KiB,MiB]:      5058209    4939.657     4.824
pick_re_612_> Number of MODEL atoms, selected restraints;      189     2267
pick_re_612_> Number of MODEL atoms, selected restraints;      189     2267
pick_re_612_> Number of MODEL atoms, selected restraints;      189     2267
iupac_m_487_> NH1/2 swapped:      178.7795        3     3
iupac_m_486_> OE1/2 will be swapped:     -143.5527        7     7
iupac_m_486_> OE1/2 will be swapped:      165.8409        9     9
iupac_m_483_> CD1/2 CE1/2 swapped:       91.2243       21    21
iupac_m_397W> Atoms were not swapped because of the uncertainty of how to handle the H atom.
iupac_m_486_> OE1/2 will be swapped:     -128.3515       34    34
iupac_m_486_> OE1/2 will be swapped:     -179.9604       44    44
iupac_m_487_> NH1/2 swapped:      179.9720       46    46
iupac_m_486_> OE1/2 will be swapped:      157.6082       47    47
iupac_m_486_> OE1/2 will be swapped:     -162.5335       56    56
iupac_m_483_> CD1/2 CE1/2 swapped:      -91.4078       62    62
iupac_m_397W> Atoms were not swapped because of the uncertainty of how to handle the H atom.
iupac_m_485_> OD1/2 will be swapped:      152.3773       98    98
iupac_m_486_> OE1/2 will be swapped:     -115.6067      102   102
iupac_m_486_> OE1/2 will be swapped:     -167.3583      127   127
iupac_m_485_> OD1/2 will be swapped:      169.3989      128   128
iupac_m_485_> OD1/2 will be swapped:     -165.5284      135   135
iupac_m_486_> OE1/2 will be swapped:     -179.9720      163   163
iupac_m_486_> OE1/2 will be swapped:      180.0000      164   164
iupac_m_487_> NH1/2 swapped:     -179.6528      187   187
iupac_m_483_> CD1/2 CE1/2 swapped:      -96.0626      189   189
iupac_m_397W> Atoms were not swapped because of the uncertainty of how to handle the H atom.
iupac_m_485_> OD1/2 will be swapped:      157.6636      194   194
iupac_m_483_> CD1/2 CE1/2 swapped:      -90.4196      213   213
iupac_m_397W> Atoms were not swapped because of the uncertainty of how to handle the H atom.
iupac_m_484W> Dihedral still outside +-90:       95.5875
iupac_m_485_> OD1/2 will be swapped:     -139.9762      214   214
iupac_m_486_> OE1/2 will be swapped:      167.4866      229   229
iupac_m_483_> CD1/2 CE1/2 swapped:     -127.2429      242   242
iupac_m_397W> Atoms were not swapped because of the uncertainty of how to handle the H atom.
iupac_m_485_> OD1/2 will be swapped:      174.9358      254   254
iupac_m_487_> NH1/2 swapped:     -179.4155      256   256
iupac_m_487_> NH1/2 swapped:      179.6129      260   260
iupac_m_486_> OE1/2 will be swapped:      114.1520      265   265
iupac_m_487_> NH1/2 swapped:      179.5546      271   271
iupac_m_485_> OD1/2 will be swapped:      179.7482      272   272
iupac_m_487_> NH1/2 swapped:     -178.9892      275   275
iupac_m_483_> CD1/2 CE1/2 swapped:       98.8311      276   276
iupac_m_397W> Atoms were not swapped because of the uncertainty of how to handle the H atom.


>> ENERGY; Differences between the model's features and restraints:
Number of all residues in MODEL                   :      277
Number of all, selected real atoms                :     2228     189
Number of all, selected pseudo atoms              :        0       0
Number of all static, selected restraints         :    26145    2267
COVALENT_CYS                                      :        F
NONBONDED_SEL_ATOMS                               :        1
Number of non-bonded pairs (excluding 1-2,1-3,1-4):      597
Dynamic pairs routine                             : 5, NATM_SEL x NATM double loop
Atomic shift for contacts update (UPDATE_DYNAMIC) :    0.390
LENNARD_JONES_SWITCH                              :    6.500   7.500
COULOMB_JONES_SWITCH                              :    6.500   7.500
RESIDUE_SPAN_RANGE                                :        0   99999
NLOGN_USE                                         :       15
CONTACT_SHELL                                     :    4.000
DYNAMIC_PAIRS,_SPHERE,_COULOMB,_LENNARD,_MODELLER :        T       T       F       F       F
SPHERE_STDV                                       :    0.050
RADII_FACTOR                                      :    0.820
Current energy                                    :        1170.1854





Summary of the restraint violations: 

   NUM     ... number of restraints.
   NUMVI   ... number of restraints with RVIOL > VIOL_REPORT_CUT[i].
   RVIOL   ... relative difference from the best value.
   NUMVP   ... number of restraints with -Ln(pdf) > VIOL_REPORT_CUT2[i].
   RMS_1   ... RMS(feature, minimally_violated_basis_restraint, NUMB).
   RMS_2   ... RMS(feature, best_value, NUMB).
   MOL.PDF ... scaled contribution to -Ln(Molecular pdf).

 #                     RESTRAINT_GROUP      NUM   NUMVI  NUMVP   RMS_1   RMS_2         MOL.PDF     S_i
------------------------------------------------------------------------------------------------------
 1 Bond length potential              :     197       8     26   0.058   0.058      198.97       1.000
 2 Bond angle potential               :     268       9     21   6.856   6.856      270.67       1.000
 3 Stereochemical cosine torsion poten:     134       0      5  47.652  47.652      48.433       1.000
 4 Stereochemical improper torsion pot:      76       1      3   4.503   4.503      50.305       1.000
 5 Soft-sphere overlap restraints     :     597      12     22   0.065   0.065      297.36       1.000
 6 Lennard-Jones 6-12 potential       :       0       0      0   0.000   0.000      0.0000       1.000
 7 Coulomb point-point electrostatic p:       0       0      0   0.000   0.000      0.0000       1.000
 8 H-bonding potential                :       0       0      0   0.000   0.000      0.0000       1.000
 9 Distance restraints 1 (CA-CA)      :     491       7     19   0.526   0.526      110.48       1.000
10 Distance restraints 2 (N-O)        :     477       2      4   0.405   0.405      54.221       1.000
11 Mainchain Phi dihedral restraints  :       0       0      0   0.000   0.000      0.0000       1.000
12 Mainchain Psi dihedral restraints  :       0       0      0   0.000   0.000      0.0000       1.000
13 Mainchain Omega dihedral restraints:      25       1      3   8.541   8.541      21.506       1.000
14 Sidechain Chi_1 dihedral restraints:      20       0      0  58.391  58.391      4.3972       1.000
15 Sidechain Chi_2 dihedral restraints:      18       0      1  57.170  57.170      8.7317       1.000
16 Sidechain Chi_3 dihedral restraints:      10       0      1  89.129  89.129      9.7254       1.000
17 Sidechain Chi_4 dihedral restraints:       5       0      1 111.131 111.131      6.8158       1.000
18 Disulfide distance restraints      :       0       0      0   0.000   0.000      0.0000       1.000
19 Disulfide angle restraints         :       0       0      0   0.000   0.000      0.0000       1.000
20 Disulfide dihedral angle restraints:       0       0      0   0.000   0.000      0.0000       1.000
21 Lower bound distance restraints    :       0       0      0   0.000   0.000      0.0000       1.000
22 Upper bound distance restraints    :       0       0      0   0.000   0.000      0.0000       1.000
23 Distance restraints 3 (SDCH-MNCH)  :     281       0      0   0.589   0.589      6.8654       1.000
24 Sidechain Chi_5 dihedral restraints:       0       0      0   0.000   0.000      0.0000       1.000
25 Phi/Psi pair of dihedral restraints:      27      10      8  53.341 105.011      46.761       1.000
26 Distance restraints 4 (SDCH-SDCH)  :     238       0      0   1.180   1.180      34.940       1.000
27 Distance restraints 5 (X-Y)        :       0       0      0   0.000   0.000      0.0000       1.000
28 NMR distance restraints 6 (X-Y)    :       0       0      0   0.000   0.000      0.0000       1.000
29 NMR distance restraints 7 (X-Y)    :       0       0      0   0.000   0.000      0.0000       1.000
30 Minimal distance restraints        :       0       0      0   0.000   0.000      0.0000       1.000
31 Non-bonded restraints              :       0       0      0   0.000   0.000      0.0000       1.000
32 Atomic accessibility restraints    :       0       0      0   0.000   0.000      0.0000       1.000
33 Atomic density restraints          :       0       0      0   0.000   0.000      0.0000       1.000
34 Absolute position restraints       :       0       0      0   0.000   0.000      0.0000       1.000
35 Dihedral angle difference restraint:       0       0      0   0.000   0.000      0.0000       1.000
36 GBSA implicit solvent potential    :       0       0      0   0.000   0.000      0.0000       1.000
37 EM density fitting potential       :       0       0      0   0.000   0.000      0.0000       1.000
38 SAXS restraints                    :       0       0      0   0.000   0.000      0.0000       1.000
39 Symmetry restraints                :       0       0      0   0.000   0.000      0.0000       1.000



openf___224_> Open           4RJ4_A_full.V99990001
# Heavy relative violation of each residue is written to: 4RJ4_A_full.V99990001
# The profile is NOT normalized by the number of restraints.
# The profiles are smoothed over a window of residues:    1
# The sum of all numbers in the file:    5686.6646



List of the violated restraints:
   A restraint is violated when the relative difference
   from the best value (RVIOL) is larger than CUTOFF.

   ICSR   ... index of a restraint in the current set.
   RESNO  ... residue numbers of the first two atoms.
   ATM    ... IUPAC atom names of the first two atoms.
   FEAT   ... the value of the feature in the model.
   restr  ... the mean of the basis restraint with the smallest
              difference from the model (local minimum).
   viol   ... difference from the local minimum.
   rviol  ... relative difference from the local minimum.
   RESTR  ... the best value (global minimum).
   VIOL   ... difference from the best value.
   RVIOL  ... relative difference from the best value.


-------------------------------------------------------------------------------------------------

Feature  1                           : Bond length potential                   
List of the RVIOL violations larger than   :       4.5000

    #   ICSR  RESNO1/2 ATM1/2   INDATM1/2    FEAT   restr    viol   rviol   RESTR    VIOL   RVIOL
    1   1333 165K 166E C   N    1309 1311    1.48    1.35    0.13    4.66    1.35    0.13    4.66
    2   1383 171G 171G C   CA   1358 1357    1.68    1.49    0.19    5.63    1.49    0.19    5.63
    3   1384 171G 172G C   N    1358 1360    1.53    1.35    0.18    6.53    1.35    0.18    6.53
    4   1385 172G 172G N   CA   1360 1361    1.83    1.43    0.40   13.11    1.43    0.40   13.11
    5   1387 172G 172G C   CA   1362 1361    1.83    1.49    0.34    9.90    1.49    0.34    9.90
    6   1388 172G 173K C   N    1362 1364    1.51    1.35    0.16    5.79    1.35    0.16    5.79
    7   1394 173K 173K N   CA   1364 1365    1.58    1.43    0.15    4.93    1.43    0.15    4.93
    8   1396 173K 173K C   CA   1371 1365    1.65    1.49    0.16    4.66    1.49    0.16    4.66

-------------------------------------------------------------------------------------------------

Feature  2                           : Bond angle potential                    
List of the RVIOL violations larger than   :       4.5000

    #   ICSR  RESNO1/2 ATM1/2   INDATM1/2    FEAT   restr    viol   rviol   RESTR    VIOL   RVIOL
    1   4075 165K 166E C   N    1309 1311  147.98  120.00   27.98    6.36  120.00   27.98    6.36
    2   4141 171G 171G N   CA   1356 1357  129.95  107.00   22.95    6.60  107.00   22.95    6.60
    3   4143 171G 171G CA  C    1357 1358  138.21  116.50   21.71    6.24  116.50   21.71    6.24
    4   4144 171G 172G C   N    1358 1360  142.51  120.00   22.51    5.12  120.00   22.51    5.12
    5   4146 172G 172G N   CA   1360 1361  144.16  107.00   37.16   10.68  107.00   37.16   10.68
    6   4149 172G 173K C   N    1362 1364  140.83  120.00   20.83    4.73  120.00   20.83    4.73

-------------------------------------------------------------------------------------------------

Feature  4                           : Stereochemical improper torsion potentia
List of the RVIOL violations larger than   :       4.5000

    #   ICSR  RESNO1/2 ATM1/2   INDATM1/2    FEAT   restr    viol   rviol   RESTR    VIOL   RVIOL
    1   7351 165K 165K C   CA   1309 1303   31.82    0.00   31.82   11.20    0.00   31.82   11.20

-------------------------------------------------------------------------------------------------

Feature 25                           : Phi/Psi pair of dihedral restraints     
List of the RVIOL violations larger than   :       6.5000

    #   ICSR  RESNO1/2 ATM1/2   INDATM1/2    FEAT   restr    viol   rviol   RESTR    VIOL   RVIOL
    1   7902 164E 165K C   N    1300 1302 -179.98 -118.00   88.17    4.44  -62.90  165.65   20.13
    1        165K 165K N   CA   1302 1303   76.39  139.10                  -40.80
    2   7903 165K 166E C   N    1309 1311  144.19 -117.80  117.86    3.48  -63.60 -167.75   32.98
    2        166E 166E N   CA   1311 1312 -157.74  136.80                  -40.30
    3   7904 166E 167Y C   N    1318 1320 -159.28 -124.30   35.10    2.55  -63.50 -157.61   36.75
    3        167Y 167Y N   CA   1320 1321  138.30  135.40                  -43.40
    4   7905 167Y 168H C   N    1330 1332 -158.82 -125.60   60.32    1.61  -63.20  160.22   26.06
    4        168H 168H N   CA   1332 1333 -170.85  138.80                  -42.30
    5   7906 168H 169A C   N    1340 1342 -149.83 -134.00   48.11    2.26  -62.50  153.87   29.83
    5        169A 169A N   CA   1342 1343 -167.58  147.00                  -40.90
    6   7907 169A 170E C   N    1345 1347 -139.41 -117.80   59.45    2.49  -63.60  148.35   23.96
    6        170E 170E N   CA   1347 1348 -167.82  136.80                  -40.30
    7   7908 170E 171G C   N    1354 1356 -152.36 -167.20   94.78    3.51   82.20  144.87   11.30
    7        171G 171G N   CA   1356 1357   80.98  174.60                    8.50
    8   7909 171G 172G C   N    1358 1360 -142.48 -167.20   45.33    1.26   82.20 -173.67   14.36
    8        172G 172G N   CA   1360 1361  136.61  174.60                    8.50
    9   7910 172G 173K C   N    1362 1364 -141.19 -118.00   36.72    1.35  -62.90  170.65   26.84
    9        173K 173K N   CA   1364 1365  167.57  139.10                  -40.80
   10   7911 173K 174V C   N    1371 1373 -133.72 -125.40  165.19    8.42 -125.40  165.19    8.42
   10        174V 174V N   CA   1373 1374  -21.68  143.30                  143.30


report______> Distribution of short non-bonded contacts:

  serious non-bonded atom clash:   168  354   1.286
  serious non-bonded atom clash:   338  368   1.357
  serious non-bonded atom clash:   339  368   2.267
  serious non-bonded atom clash:   340  368   1.248
  serious non-bonded atom clash:   340  369   1.977
  serious non-bonded atom clash:   341  368   1.943
  serious non-bonded atom clash:   341  369   1.370
  serious non-bonded atom clash:   341  375   1.309
  serious non-bonded atom clash:   341  376   2.117
  serious non-bonded atom clash:   342  368   2.055
  serious non-bonded atom clash:   342  369   0.608
  serious non-bonded atom clash:   342  370   1.413
  serious non-bonded atom clash:   342  375   1.267
  serious non-bonded atom clash:   342  376   2.267
  serious non-bonded atom clash:   343  369   2.147
  serious non-bonded atom clash:   343  370   2.099
  serious non-bonded atom clash:   343  375   1.894
  serious non-bonded atom clash:   344  370   2.231
  serious non-bonded atom clash:   344  371   2.104
  serious non-bonded atom clash:   344  373   2.239
  serious non-bonded atom clash:   345  370   1.849
  serious non-bonded atom clash:   345  371   1.474
  serious non-bonded atom clash:   345  372   1.261
  serious non-bonded atom clash:   345  373   1.227
  serious non-bonded atom clash:   346  639   1.704
  serious non-bonded atom clash:   346  640   2.197
  serious non-bonded atom clash:   346  641   2.115
  serious non-bonded atom clash:   347  375   1.426
  serious non-bonded atom clash:   347  376   1.491
  serious non-bonded atom clash:   348  376   1.879
  serious non-bonded atom clash:   349  375   1.866
  serious non-bonded atom clash:   349  376   2.081
  serious non-bonded atom clash:   358  381   1.952
  serious non-bonded atom clash:   359  380   2.293
  serious non-bonded atom clash:   359  381   1.912
  serious non-bonded atom clash:   360  380   1.336
  serious non-bonded atom clash:   360  381   1.752
  serious non-bonded atom clash:   360  382   1.504
  serious non-bonded atom clash:   360  383   2.181
  serious non-bonded atom clash:   361  380   2.253
  serious non-bonded atom clash:   361  382   2.007
  serious non-bonded atom clash:   362  382   1.819
  serious non-bonded atom clash:   366  381   1.554
  serious non-bonded atom clash:   367  381   1.410
  serious non-bonded atom clash:  1032 1276   2.022
  serious non-bonded atom clash:  1266 1269   2.124
  serious non-bonded atom clash:  1360 1498   2.270
  serious non-bonded atom clash:  1361 1451   2.164
  serious non-bonded atom clash:  1361 1498   2.205

DISTANCE1:  0.00 2.10 2.20 2.30 2.40 2.50 2.60 2.70 2.80 2.90 3.00 3.10 3.20 3.30 3.40
DISTANCE2:  2.10 2.20 2.30 2.40 2.50 2.60 2.70 2.80 2.90 3.00 3.10 3.20 3.30 3.40 3.50
FREQUENCY:    33    8    8    8   12   14   21   60   81  120  142  192  241  341  389


<< end of ENERGY.
openf___224_> Open           4RJ4_A_full.B99990001.pdb
wrpdb___568_> Residues, atoms, selected atoms:      277     2228     2228

>> Summary of successfully produced models:
Filename                          molpdf
----------------------------------------
4RJ4_A_full.B99990001.pdb     1170.18542


Dynamically allocated memory at          finish [B,KiB,MiB]:      5058209    4939.657     4.824
Starting time                                            : 2018/02/20 13:02:50
Closing time                                             : 2018/02/20 13:02:56
Total CPU time [seconds]                                 :       5.83
