
                         MODELLER 9.19, 2017/07/19, r11078

     PROTEIN STRUCTURE MODELLING BY SATISFACTION OF SPATIAL RESTRAINTS


                     Copyright(c) 1989-2017 Andrej Sali
                            All Rights Reserved

                             Written by A. Sali
                               with help from
              B. Webb, M.S. Madhusudhan, M-Y. Shen, G.Q. Dong,
          M.A. Marti-Renom, N. Eswar, F. Alber, M. Topf, B. Oliva,
             A. Fiser, R. Sanchez, B. Yerkovich, A. Badretdinov,
                     F. Melo, J.P. Overington, E. Feyfant
                 University of California, San Francisco, USA
                    Rockefeller University, New York, USA
                      Harvard University, Cambridge, USA
                   Imperial Cancer Research Fund, London, UK
              Birkbeck College, University of London, London, UK


Kind, OS, HostName, Kernel, Processor: 4, Linux german-xps 4.14.6-041406-generic x86_64
Date and time of compilation         : 2017/07/19 15:03:51
MODELLER executable type             : x86_64-intel8
Job starting time (YY/MM/DD HH:MM:SS): 2018/02/20 13:02:17

openf___224_> Open           $(LIB)/restyp.lib
openf___224_> Open           ${MODINSTALL9v19}/modlib/resgrp.lib
rdresgr_266_> Number of residue groups:        2
openf___224_> Open           ${MODINSTALL9v19}/modlib/sstruc.lib

Dynamically allocated memory at   amaxlibraries [B,KiB,MiB]:       191566     187.076     0.183

Dynamically allocated memory at   amaxlibraries [B,KiB,MiB]:       192094     187.592     0.183
openf___224_> Open           ${MODINSTALL9v19}/modlib/resdih.lib

Dynamically allocated memory at   amaxlibraries [B,KiB,MiB]:       240694     235.053     0.230
rdrdih__263_> Number of dihedral angle types         :        9
              Maximal number of dihedral angle optima:        3
              Dihedral angle names                   :  Alph Phi Psi Omeg chi1 chi2 chi3 chi4 chi5
openf___224_> Open           ${MODINSTALL9v19}/modlib/radii.lib

Dynamically allocated memory at   amaxlibraries [B,KiB,MiB]:       253994     248.041     0.242
openf___224_> Open           ${MODINSTALL9v19}/modlib/radii14.lib
openf___224_> Open           ${MODINSTALL9v19}/modlib/af_mnchdef.lib
rdwilmo_274_> Mainchain residue conformation classes:  APBLE
openf___224_> Open           ${MODINSTALL9v19}/modlib/mnch.lib
rdclass_257_> Number of classes:        5
openf___224_> Open           ${MODINSTALL9v19}/modlib/mnch1.lib
openf___224_> Open           ${MODINSTALL9v19}/modlib/mnch2.lib
openf___224_> Open           ${MODINSTALL9v19}/modlib/mnch3.lib
openf___224_> Open           ${MODINSTALL9v19}/modlib/xs4.mat
rdrrwgh_268_> Number of residue types:       21
openf___224_> Open           /home/german/labo/18/egfr/model/4I22_A/to_model_4I22_A

Dynamically allocated memory at   amaxalignment [B,KiB,MiB]:       265487     259.265     0.253

Dynamically allocated memory at   amaxalignment [B,KiB,MiB]:       266937     260.681     0.255

Dynamically allocated memory at   amaxalignment [B,KiB,MiB]:       269837     263.513     0.257

Dynamically allocated memory at   amaxalignment [B,KiB,MiB]:       275637     269.177     0.263

Dynamically allocated memory at   amaxalignment [B,KiB,MiB]:       392693     383.489     0.375

Dynamically allocated memory at    amaxsequence [B,KiB,MiB]:       393877     384.646     0.376

Dynamically allocated memory at    amaxsequence [B,KiB,MiB]:       394981     385.724     0.377

Read the alignment from file       : /home/german/labo/18/egfr/model/4I22_A/to_model_4I22_A
Total number of alignment positions:   315

  #  Code        #_Res #_Segm PDB_code    Name
-------------------------------------------------------------------------------
  1     4I22_A     297      1      4I22_A
  2  4I22_A_fu     277      1
check_a_343_> >> BEGINNING OF COMMAND
openf___224_> Open           ./4I22_A.pdb

Dynamically allocated memory at amaxcoordinates [B,KiB,MiB]:       485806     474.420     0.463

Dynamically allocated memory at    amaxsequence [B,KiB,MiB]:       485806     474.420     0.463

Dynamically allocated memory at amaxcoordinates [B,KiB,MiB]:       485977     474.587     0.463

Dynamically allocated memory at amaxcoordinates [B,KiB,MiB]:       486827     475.417     0.464

Dynamically allocated memory at amaxcoordinates [B,KiB,MiB]:       488085     476.646     0.465

Dynamically allocated memory at amaxcoordinates [B,KiB,MiB]:       489989     478.505     0.467

Dynamically allocated memory at    amaxsequence [B,KiB,MiB]:       489989     478.505     0.467

Dynamically allocated memory at amaxcoordinates [B,KiB,MiB]:       490079     478.593     0.467

Dynamically allocated memory at amaxcoordinates [B,KiB,MiB]:       492935     481.382     0.470

Dynamically allocated memory at    amaxsequence [B,KiB,MiB]:       492935     481.382     0.470

Dynamically allocated memory at amaxcoordinates [B,KiB,MiB]:       493070     481.514     0.470

Dynamically allocated memory at amaxcoordinates [B,KiB,MiB]:       497354     485.697     0.474

Dynamically allocated memory at    amaxsequence [B,KiB,MiB]:       497354     485.697     0.474

Dynamically allocated memory at amaxcoordinates [B,KiB,MiB]:       497552     485.891     0.475

Dynamically allocated memory at amaxcoordinates [B,KiB,MiB]:       503978     492.166     0.481

Dynamically allocated memory at    amaxsequence [B,KiB,MiB]:       503978     492.166     0.481

Dynamically allocated memory at amaxcoordinates [B,KiB,MiB]:       504275     492.456     0.481

Dynamically allocated memory at amaxcoordinates [B,KiB,MiB]:       513897     501.853     0.490

Dynamically allocated memory at    amaxsequence [B,KiB,MiB]:       513897     501.853     0.490

Dynamically allocated memory at amaxcoordinates [B,KiB,MiB]:       514347     502.292     0.491

Dynamically allocated memory at amaxcoordinates [B,KiB,MiB]:       528797     516.403     0.504

Dynamically allocated memory at    amaxsequence [B,KiB,MiB]:       528797     516.403     0.504

Dynamically allocated memory at amaxcoordinates [B,KiB,MiB]:       529472     517.062     0.505

Dynamically allocated memory at amaxcoordinates [B,KiB,MiB]:       551130     538.213     0.526

Dynamically allocated memory at    amaxsequence [B,KiB,MiB]:       551130     538.213     0.526

Dynamically allocated memory at amaxcoordinates [B,KiB,MiB]:       552138     539.197     0.527

Dynamically allocated memory at amaxcoordinates [B,KiB,MiB]:       584642     570.939     0.558

Dynamically allocated memory at   amaxstructure [B,KiB,MiB]:       584282     570.588     0.557

check_ali___> Checking the sequence-structure alignment. 

Implied intrachain target CA(i)-CA(i+1) distances longer than  8.0 angstroms:

ALN_POS  TMPL  RID1  RID2  NAM1  NAM2     DIST
----------------------------------------------
END OF TABLE
check_a_344_> << END OF COMMAND
openf___224_> Open           ${LIB}/top_heav.lib
read_to_681_> topology.submodel read from topology file:        3
openf___224_> Open           ${LIB}/par.lib

Dynamically allocated memory at  amaxparameters [B,KiB,MiB]:       723534     706.576     0.690

Dynamically allocated memory at  amaxparameters [B,KiB,MiB]:       725134     708.139     0.692

Dynamically allocated memory at  amaxparameters [B,KiB,MiB]:       729114     712.025     0.695

Dynamically allocated memory at  amaxparameters [B,KiB,MiB]:       731114     713.979     0.697

Dynamically allocated memory at  amaxparameters [B,KiB,MiB]:       734114     716.908     0.700

Dynamically allocated memory at  amaxparameters [B,KiB,MiB]:       738614     721.303     0.704

Dynamically allocated memory at  amaxparameters [B,KiB,MiB]:       744186     726.744     0.710

Dynamically allocated memory at  amaxparameters [B,KiB,MiB]:       746986     729.479     0.712

Dynamically allocated memory at  amaxparameters [B,KiB,MiB]:       751186     733.580     0.716

Dynamically allocated memory at  amaxparameters [B,KiB,MiB]:       757486     739.732     0.722

Dynamically allocated memory at  amaxparameters [B,KiB,MiB]:       760258     742.439     0.725

Dynamically allocated memory at  amaxparameters [B,KiB,MiB]:       761658     743.807     0.726
read_pa_232_> parameters    BONDS   ANGLS  DIHEDS IMPROPS    MODE
                              227     561     661     112       0

Dynamically allocated memory at       amaxmodel [B,KiB,MiB]:       804990     786.123     0.768

Dynamically allocated memory at       amaxmodel [B,KiB,MiB]:      1025490    1001.455     0.978

Dynamically allocated memory at       amaxmodel [B,KiB,MiB]:      1058522    1033.713     1.009

mkilst______> segment topology constructed from sequence and RTF:
              segments residues atoms bonds angles dihedrals impropers:
                     1      277  2231  2281      0         0       924

Dynamically allocated memory at       amaxmodel [B,KiB,MiB]:      1154026    1126.979     1.101

patch_______> segment topology patched using RTF:     1  ;  LEU  ;  NTER
              segments residues atoms bonds angles dihedrals impropers:
                     1      277  2231  2281   3081      3660       924


Dynamically allocated memory at       amaxmodel [B,KiB,MiB]:      1246122    1216.916     1.188
patch_______> segment topology patched using RTF:   277  ;  LEU  ;  CTER
              segments residues atoms bonds angles dihedrals impropers:
                     1      277  2232  2282   3083      3662       925

genseg______> segment topology constructed from sequence and RTF:
              segments residues atoms bonds angles dihedrals impropers:
                     1      277  2232  2282   3083      3662       925
transfe_506_> MODEL is an average of all templates.
transfe_511_> Number of templates for coordinate transfer:        1
              After transferring coordinates of the equivalent template atoms,
              there are defined, undefined atoms in MODEL:     2099      133
openf___224_> Open           4I22_A_full.ini
wrpdb___568_> Residues, atoms, selected atoms:      277     2232     2232
make_re_417_> Restraint type to be calculated:  stereo

Dynamically allocated memory at  amaxrestraints [B,KiB,MiB]:      1353171    1321.456     1.290

Dynamically allocated memory at  amaxrestraints [B,KiB,MiB]:      1361363    1329.456     1.298

Dynamically allocated memory at  amaxrestraints [B,KiB,MiB]:      1377747    1345.456     1.314

Dynamically allocated memory at  amaxrestraints [B,KiB,MiB]:      1410515    1377.456     1.345

Dynamically allocated memory at  amaxrestraints [B,KiB,MiB]:      1443283    1409.456     1.376

Dynamically allocated memory at  amaxrestraints [B,KiB,MiB]:      1508819    1473.456     1.439

Dynamically allocated memory at  amaxrestraints [B,KiB,MiB]:      1541587    1505.456     1.470

Dynamically allocated memory at  amaxrestraints [B,KiB,MiB]:      1574355    1537.456     1.501

Dynamically allocated memory at  amaxrestraints [B,KiB,MiB]:      1639891    1601.456     1.564

Dynamically allocated memory at  amaxrestraints [B,KiB,MiB]:      1770963    1729.456     1.689

Dynamically allocated memory at  amaxrestraints [B,KiB,MiB]:      1836499    1793.456     1.751

Dynamically allocated memory at  amaxrestraints [B,KiB,MiB]:      1902035    1857.456     1.814

Dynamically allocated memory at  amaxrestraints [B,KiB,MiB]:      2033107    1985.456     1.939

Dynamically allocated memory at  amaxrestraints [B,KiB,MiB]:      2295251    2241.456     2.189
r_stere_606_> Stereochemical restraints were constructed from RTF & PRMF.
              Added bond,angle,dihedral,improper restraints  :     2282    3083    3502     911
              Total number of restraints before, now         :        0     9778
make_re_422_> Number of previous, current restraints         :        0     9778
make_re_423_> Number of previous, current selected restraints:        0     9778
make_re_417_> Restraint type to be calculated:  phi-psi_binormal

Dynamically allocated memory at   amaxstructure [B,KiB,MiB]:      2456167    2398.601     2.342
openf___224_> Open           ${MODINSTALL9v19}/modlib/mnch1.bin
openf___224_> Open           ${MODINSTALL9v19}/modlib/mnch1.mdt
getdata_643_> Protein accepted:  4I22_A
getdata_289_> Proteins (all/accepted):        1        1

Dynamically allocated memory at  amaxrestraints [B,KiB,MiB]:      2587255    2526.616     2.467
make_re_422_> Number of previous, current restraints         :     9778    10053
make_re_423_> Number of previous, current selected restraints:     9778    10053
make_re_417_> Restraint type to be calculated:  omega_dihedral

Dynamically allocated memory at   amaxstructure [B,KiB,MiB]:      2587255    2526.616     2.467
openf___224_> Open           ${MODINSTALL9v19}/modlib/omega.bin
openf___224_> Open           ${MODINSTALL9v19}/modlib/omega.mdt
getdata_643_> Protein accepted:  4I22_A
getdata_289_> Proteins (all/accepted):        1        1
omgdel__425_> Unselected all O C +N +CA dihedrals:      290
              (This is to avoid clashes between STEREO
              and OMEGA_DIHEDRAL restraints)
make_re_422_> Number of previous, current restraints         :    10053    10329
make_re_423_> Number of previous, current selected restraints:    10053    10039
make_re_417_> Restraint type to be calculated:  chi1_dihedral

Dynamically allocated memory at   amaxstructure [B,KiB,MiB]:      2587255    2526.616     2.467
openf___224_> Open           ${MODINSTALL9v19}/modlib/chi1234.bin
openf___224_> Open           ${MODINSTALL9v19}/modlib/chi1.mdt
getdata_643_> Protein accepted:  4I22_A
getdata_289_> Proteins (all/accepted):        1        1

Dynamically allocated memory at  amaxrestraints [B,KiB,MiB]:      2718327    2654.616     2.592
make_re_422_> Number of previous, current restraints         :    10329    10573
make_re_423_> Number of previous, current selected restraints:    10039    10283
make_re_417_> Restraint type to be calculated:  chi2_dihedral

Dynamically allocated memory at   amaxstructure [B,KiB,MiB]:      2718327    2654.616     2.592
openf___224_> Open           ${MODINSTALL9v19}/modlib/chi1234.bin
openf___224_> Open           ${MODINSTALL9v19}/modlib/chi2.mdt
getdata_643_> Protein accepted:  4I22_A
getdata_289_> Proteins (all/accepted):        1        1
make_re_422_> Number of previous, current restraints         :    10573    10767
make_re_423_> Number of previous, current selected restraints:    10283    10477
make_re_417_> Restraint type to be calculated:  chi3_dihedral

Dynamically allocated memory at   amaxstructure [B,KiB,MiB]:      2718327    2654.616     2.592
openf___224_> Open           ${MODINSTALL9v19}/modlib/chi1234.bin
openf___224_> Open           ${MODINSTALL9v19}/modlib/chi3.mdt
getdata_643_> Protein accepted:  4I22_A
getdata_289_> Proteins (all/accepted):        1        1
make_re_422_> Number of previous, current restraints         :    10767    10859
make_re_423_> Number of previous, current selected restraints:    10477    10569
make_re_417_> Restraint type to be calculated:  chi4_dihedral

Dynamically allocated memory at   amaxstructure [B,KiB,MiB]:      2718327    2654.616     2.592
openf___224_> Open           ${MODINSTALL9v19}/modlib/chi1234.bin
openf___224_> Open           ${MODINSTALL9v19}/modlib/chi4.mdt
mdtrsr__446W> A potential that relies on one protein is used, yet you have at
              least one known structure available. MDT, not library, potential is used.
getdata_643_> Protein accepted:  4I22_A
getdata_289_> Proteins (all/accepted):        1        1
make_re_422_> Number of previous, current restraints         :    10859    10898
make_re_423_> Number of previous, current selected restraints:    10569    10608
make_re_417_> Restraint type to be calculated:  DISTANCE

Dynamically allocated memory at amaxhash_contac [B,KiB,MiB]:      3361107    3282.331     3.205
make_re_422_> Number of previous, current restraints         :    10898    16148
make_re_423_> Number of previous, current selected restraints:    10608    15858
make_re_417_> Restraint type to be calculated:  DISTANCE

Dynamically allocated memory at  amaxrestraints [B,KiB,MiB]:      3623251    3538.331     3.455

Dynamically allocated memory at  amaxrestraints [B,KiB,MiB]:      3885395    3794.331     3.705

Dynamically allocated memory at  amaxrestraints [B,KiB,MiB]:      4409683    4306.331     4.205
make_re_422_> Number of previous, current restraints         :    16148    21352
make_re_423_> Number of previous, current selected restraints:    15858    21062
make_re_417_> Restraint type to be calculated:  DISTANCE

Dynamically allocated memory at  amaxrestraints [B,KiB,MiB]:      4671827    4562.331     4.455
make_re_422_> Number of previous, current restraints         :    21352    25775
make_re_423_> Number of previous, current selected restraints:    21062    25485
make_re_417_> Restraint type to be calculated:  DISTANCE
make_re_422_> Number of previous, current restraints         :    25775    28577
make_re_423_> Number of previous, current selected restraints:    25485    28287
0 atoms in HETATM/BLK residues constrained
to protein atoms within 2.30 angstroms
and protein CA atoms within 10.00 angstroms
make_re_417_> Restraint type to be calculated:  DISTANCE
make_re_422_> Number of previous, current restraints         :    28577    28577
make_re_423_> Number of previous, current selected restraints:    28287    28287
make_re_417_> Restraint type to be calculated:  DISTANCE
make_re_422_> Number of previous, current restraints         :    28577    28577
make_re_423_> Number of previous, current selected restraints:    28287    28287
make_re_417_> Restraint type to be calculated:  DISTANCE
make_re_422_> Number of previous, current restraints         :    28577    28577
make_re_423_> Number of previous, current selected restraints:    28287    28287
make_re_417_> Restraint type to be calculated:  DISTANCE
make_re_422_> Number of previous, current restraints         :    28577    28577
make_re_423_> Number of previous, current selected restraints:    28287    28287
0 atoms in residues without defined topology
constrained to be rigid bodies
make_re_417_> Restraint type to be calculated:  DISTANCE
make_re_422_> Number of previous, current restraints         :    28577    28577
make_re_423_> Number of previous, current selected restraints:    28287    28287
rmdupl__427_>     1742 redundant cosine dihedral restraints were unselected.
condens_443_> Restraints marked for deletion were removed.
              Total number of restraints before, now:    28577    26545
openf___224_> Open           4I22_A_full.rsr
openf___224_> Open           4I22_A_full.rsr

Dynamically allocated memory at  amaxrestraints [B,KiB,MiB]:      4713805    4603.325     4.495
rdcsr2__307_> Number of restraints read    :    26545
              Number of excluded pairs read:        0
              Number of pseudo atoms read  :        0
rdcsrs__304_> Restraints in memory, selected restraints:    26545    26545
              Explicitly excluded atom pairs in memory :        0
              Pseudo atoms in memory                   :        0
164 (of 2232 total) atoms selected for optimization
openf___224_> Open           4I22_A_full.ini

Dynamically allocated memory at       amaxmodel [B,KiB,MiB]:      4713829    4603.349     4.495
read_mo_297_> Segments, residues, atoms:        1      277     2232
read_mo_298_> Segment:        1     1   277     2232
randomi_498_> Atoms,selected atoms,random_seed,amplitude:     2232      164        1        4.0000
randomi_496_> Amplitude is > 0; randomization is done.
pick_re_612_> Number of MODEL atoms, selected restraints;      164      899
pick_re_612_> Number of MODEL atoms, selected restraints;      164      965
pick_re_612_> Number of MODEL atoms, selected restraints;      164     1003
pick_re_612_> Number of MODEL atoms, selected restraints;      164     1055
pick_re_612_> Number of MODEL atoms, selected restraints;      164     1093
pick_re_612_> Number of MODEL atoms, selected restraints;      164     1169
pick_re_612_> Number of MODEL atoms, selected restraints;      164     1287
pick_re_612_> Number of MODEL atoms, selected restraints;      164     1457

Dynamically allocated memory at  amaxrestraints [B,KiB,MiB]:      5059977    4941.384     4.826
pick_re_612_> Number of MODEL atoms, selected restraints;      164     1497
pick_re_612_> Number of MODEL atoms, selected restraints;      164     1510
pick_re_612_> Number of MODEL atoms, selected restraints;      164     1510
iupac_m_487_> NH1/2 swapped:      180.0000        3     3
iupac_m_483_> CD1/2 CE1/2 swapped:       92.1680       10    10
iupac_m_397W> Atoms were not swapped because of the uncertainty of how to handle the H atom.
iupac_m_483_> CD1/2 CE1/2 swapped:     -101.0482       25    25
iupac_m_397W> Atoms were not swapped because of the uncertainty of how to handle the H atom.
iupac_m_486_> OE1/2 will be swapped:     -179.9802       47    47
iupac_m_486_> OE1/2 will be swapped:       93.3264       56    56
iupac_m_483_> CD1/2 CE1/2 swapped:      122.6638       62    62
iupac_m_397W> Atoms were not swapped because of the uncertainty of how to handle the H atom.
iupac_m_485_> OD1/2 will be swapped:      161.8662       68    68
iupac_m_483_> CD1/2 CE1/2 swapped:       92.6385       93    93
iupac_m_397W> Atoms were not swapped because of the uncertainty of how to handle the H atom.
iupac_m_485_> OD1/2 will be swapped:      166.2682       98    98
iupac_m_485_> OD1/2 will be swapped:      147.8113      105   105
iupac_m_487_> NH1/2 swapped:     -180.0000      129   129
iupac_m_487_> NH1/2 swapped:      180.0000      130   130
iupac_m_487_> NH1/2 swapped:      179.9477      134   134
iupac_m_487_> NH1/2 swapped:      179.4785      139   139
iupac_m_486_> OE1/2 will be swapped:      179.9802      163   163
iupac_m_486_> OE1/2 will be swapped:      175.1795      166   166
iupac_m_483_> CD1/2 CE1/2 swapped:       93.1562      167   167
iupac_m_397W> Atoms were not swapped because of the uncertainty of how to handle the H atom.
iupac_m_486_> OE1/2 will be swapped:     -178.2533      170   170
iupac_m_483_> CD1/2 CE1/2 swapped:      -90.5249      189   189
iupac_m_397W> Atoms were not swapped because of the uncertainty of how to handle the H atom.
iupac_m_485_> OD1/2 will be swapped:      170.4028      194   194
iupac_m_485_> OD1/2 will be swapped:     -158.2835      214   214
iupac_m_487_> NH1/2 swapped:     -179.9287      230   230
iupac_m_485_> OD1/2 will be swapped:     -148.1204      252   252
iupac_m_483_> CD1/2 CE1/2 swapped:      105.0914      266   266
iupac_m_397W> Atoms were not swapped because of the uncertainty of how to handle the H atom.
iupac_m_487_> NH1/2 swapped:      179.8991      271   271


>> ENERGY; Differences between the model's features and restraints:
Number of all residues in MODEL                   :      277
Number of all, selected real atoms                :     2232     164
Number of all, selected pseudo atoms              :        0       0
Number of all static, selected restraints         :    26545    1510
COVALENT_CYS                                      :        F
NONBONDED_SEL_ATOMS                               :        1
Number of non-bonded pairs (excluding 1-2,1-3,1-4):      294
Dynamic pairs routine                             : 5, NATM_SEL x NATM double loop
Atomic shift for contacts update (UPDATE_DYNAMIC) :    0.390
LENNARD_JONES_SWITCH                              :    6.500   7.500
COULOMB_JONES_SWITCH                              :    6.500   7.500
RESIDUE_SPAN_RANGE                                :        0   99999
NLOGN_USE                                         :       15
CONTACT_SHELL                                     :    4.000
DYNAMIC_PAIRS,_SPHERE,_COULOMB,_LENNARD,_MODELLER :        T       T       F       F       F
SPHERE_STDV                                       :    0.050
RADII_FACTOR                                      :    0.820
Current energy                                    :        1015.8368





Summary of the restraint violations: 

   NUM     ... number of restraints.
   NUMVI   ... number of restraints with RVIOL > VIOL_REPORT_CUT[i].
   RVIOL   ... relative difference from the best value.
   NUMVP   ... number of restraints with -Ln(pdf) > VIOL_REPORT_CUT2[i].
   RMS_1   ... RMS(feature, minimally_violated_basis_restraint, NUMB).
   RMS_2   ... RMS(feature, best_value, NUMB).
   MOL.PDF ... scaled contribution to -Ln(Molecular pdf).

 #                     RESTRAINT_GROUP      NUM   NUMVI  NUMVP   RMS_1   RMS_2         MOL.PDF     S_i
------------------------------------------------------------------------------------------------------
 1 Bond length potential              :     170      11     16   0.071   0.071      232.76       1.000
 2 Bond angle potential               :     232      17     25   9.600   9.600      418.40       1.000
 3 Stereochemical cosine torsion poten:     104       0      9  57.414  57.414      56.829       1.000
 4 Stereochemical improper torsion pot:      66       1      4   4.521   4.521      37.293       1.000
 5 Soft-sphere overlap restraints     :     294       0      2   0.017   0.017      9.4737       1.000
 6 Lennard-Jones 6-12 potential       :       0       0      0   0.000   0.000      0.0000       1.000
 7 Coulomb point-point electrostatic p:       0       0      0   0.000   0.000      0.0000       1.000
 8 H-bonding potential                :       0       0      0   0.000   0.000      0.0000       1.000
 9 Distance restraints 1 (CA-CA)      :     260       2      6   0.684   0.684      50.618       1.000
10 Distance restraints 2 (N-O)        :     256       1     16   0.879   0.879      68.713       1.000
11 Mainchain Phi dihedral restraints  :       0       0      0   0.000   0.000      0.0000       1.000
12 Mainchain Psi dihedral restraints  :       0       0      0   0.000   0.000      0.0000       1.000
13 Mainchain Omega dihedral restraints:      23       1      3   9.264   9.264      23.277       1.000
14 Sidechain Chi_1 dihedral restraints:      17       0      1  71.579  71.579      5.6807       1.000
15 Sidechain Chi_2 dihedral restraints:      15       0      0  93.713  93.713      5.0520       1.000
16 Sidechain Chi_3 dihedral restraints:       9       0      0 116.665 116.665      8.8715       1.000
17 Sidechain Chi_4 dihedral restraints:       4       0      0 129.265 129.265      3.6841       1.000
18 Disulfide distance restraints      :       0       0      0   0.000   0.000      0.0000       1.000
19 Disulfide angle restraints         :       0       0      0   0.000   0.000      0.0000       1.000
20 Disulfide dihedral angle restraints:       0       0      0   0.000   0.000      0.0000       1.000
21 Lower bound distance restraints    :       0       0      0   0.000   0.000      0.0000       1.000
22 Upper bound distance restraints    :       0       0      0   0.000   0.000      0.0000       1.000
23 Distance restraints 3 (SDCH-MNCH)  :     191       0      0   0.731   0.731      3.5960       1.000
24 Sidechain Chi_5 dihedral restraints:       0       0      0   0.000   0.000      0.0000       1.000
25 Phi/Psi pair of dihedral restraints:      25      15     11  48.489 132.282      79.845       1.000
26 Distance restraints 4 (SDCH-SDCH)  :     138       0      0   0.864   0.864      11.749       1.000
27 Distance restraints 5 (X-Y)        :       0       0      0   0.000   0.000      0.0000       1.000
28 NMR distance restraints 6 (X-Y)    :       0       0      0   0.000   0.000      0.0000       1.000
29 NMR distance restraints 7 (X-Y)    :       0       0      0   0.000   0.000      0.0000       1.000
30 Minimal distance restraints        :       0       0      0   0.000   0.000      0.0000       1.000
31 Non-bonded restraints              :       0       0      0   0.000   0.000      0.0000       1.000
32 Atomic accessibility restraints    :       0       0      0   0.000   0.000      0.0000       1.000
33 Atomic density restraints          :       0       0      0   0.000   0.000      0.0000       1.000
34 Absolute position restraints       :       0       0      0   0.000   0.000      0.0000       1.000
35 Dihedral angle difference restraint:       0       0      0   0.000   0.000      0.0000       1.000
36 GBSA implicit solvent potential    :       0       0      0   0.000   0.000      0.0000       1.000
37 EM density fitting potential       :       0       0      0   0.000   0.000      0.0000       1.000
38 SAXS restraints                    :       0       0      0   0.000   0.000      0.0000       1.000
39 Symmetry restraints                :       0       0      0   0.000   0.000      0.0000       1.000



openf___224_> Open           4I22_A_full.V99990001
# Heavy relative violation of each residue is written to: 4I22_A_full.V99990001
# The profile is NOT normalized by the number of restraints.
# The profiles are smoothed over a window of residues:    1
# The sum of all numbers in the file:    5574.3462



List of the violated restraints:
   A restraint is violated when the relative difference
   from the best value (RVIOL) is larger than CUTOFF.

   ICSR   ... index of a restraint in the current set.
   RESNO  ... residue numbers of the first two atoms.
   ATM    ... IUPAC atom names of the first two atoms.
   FEAT   ... the value of the feature in the model.
   restr  ... the mean of the basis restraint with the smallest
              difference from the model (local minimum).
   viol   ... difference from the local minimum.
   rviol  ... relative difference from the local minimum.
   RESTR  ... the best value (global minimum).
   VIOL   ... difference from the best value.
   RVIOL  ... relative difference from the best value.


-------------------------------------------------------------------------------------------------

Feature  1                           : Bond length potential                   
List of the RVIOL violations larger than   :       4.5000

    #   ICSR  RESNO1/2 ATM1/2   INDATM1/2    FEAT   restr    viol   rviol   RESTR    VIOL   RVIOL
    1    395  49T  50S C   N     387  389    1.64    1.35    0.30   10.54    1.35    0.30   10.54
    2    396  50S  50S CB  CA    391  390    1.80    1.54    0.26    7.27    1.54    0.26    7.27
    3    398  50S  50S N   CA    389  390    1.76    1.43    0.33   10.75    1.43    0.33   10.75
    4    400  50S  50S C   CA    393  390    1.74    1.49    0.25    7.26    1.49    0.25    7.26
    5    401  50S  51P C   N     393  395    1.49    1.30    0.19    5.76    1.30    0.19    5.76
    6    403  51P  51P C   CA    400  396    1.88    1.49    0.39   11.21    1.49    0.39   11.21
    7    405  51P  51P N   CA    395  396    1.63    1.43    0.20    6.57    1.43    0.20    6.57
    8    417  52K  52K C   CA    409  403    1.67    1.49    0.18    5.37    1.49    0.18    5.37
    9    424  54N  54N CB  CA    418  417    1.78    1.54    0.25    6.77    1.54    0.25    6.77
   10    425  54N  54N CG  CB    419  418    1.82    1.52    0.30    7.82    1.52    0.30    7.82
   11    428  54N  54N N   CA    416  417    1.57    1.43    0.14    4.75    1.43    0.14    4.75

-------------------------------------------------------------------------------------------------

Feature  2                           : Bond angle potential                    
List of the RVIOL violations larger than   :       4.5000

    #   ICSR  RESNO1/2 ATM1/2   INDATM1/2    FEAT   restr    viol   rviol   RESTR    VIOL   RVIOL
    1   2811  49T  50S C   N     387  389  179.69  120.00   59.69   13.56  120.00   59.69   13.56
    2   2814  50S  50S N   CA    389  390  126.12  107.00   19.12    5.50  107.00   19.12    5.50
    3   2815  50S  50S CA  CB    390  391  134.00  110.10   23.90    6.68  110.10   23.90    6.68
    4   2817  50S  50S CA  C     390  393  150.16  112.50   37.66    5.41  112.50   37.66    5.41
    5   2819  50S  51P C   N     393  395  137.76  117.00   20.77    5.17  117.00   20.77    5.17
    6   2822  51P  51P N   CA    395  396  145.65  108.20   37.45    8.51  108.20   37.45    8.51
    7   2834  52K  52K N   CA    402  403  124.35  107.00   17.35    4.99  107.00   17.35    4.99
    8   2845  53A  53A N   CA    411  412  146.16  107.00   39.17   11.26  107.00   39.17   11.26
    9   2847  53A  53A CA  C     412  414  137.84  116.50   21.34    6.14  116.50   21.34    6.14
   10   2853  54N  54N CA  CB    417  418  145.56  108.00   37.55    8.70  108.00   37.55    8.70

-------------------------------------------------------------------------------------------------

Feature  4                           : Stereochemical improper torsion potentia
List of the RVIOL violations larger than   :       4.5000

    #   ICSR  RESNO1/2 ATM1/2   INDATM1/2    FEAT   restr    viol   rviol   RESTR    VIOL   RVIOL
    1   6979  49T  49T C   CA    387  383   24.36    0.00   24.36    8.57    0.00   24.36    8.57

-------------------------------------------------------------------------------------------------

Feature 13                           : Mainchain Omega dihedral restraints     
List of the RVIOL violations larger than   :       4.5000

    #   ICSR  RESNO1/2 ATM1/2   INDATM1/2    FEAT   restr    viol   rviol   RESTR    VIOL   RVIOL
    1   8073  52K  52K CA  C     403  409 -144.37 -180.00   35.63    7.12 -180.00   35.63    7.12

-------------------------------------------------------------------------------------------------

Feature 25                           : Phi/Psi pair of dihedral restraints     
List of the RVIOL violations larger than   :       6.5000

    #   ICSR  RESNO1/2 ATM1/2   INDATM1/2    FEAT   restr    viol   rviol   RESTR    VIOL   RVIOL
    1   7794  48A  49T C   N     380  382  179.98 -124.80   63.25    3.82  -63.20 -166.10   20.59
    1         49T  49T N   CA    382  383  112.65  143.50                  -42.10
    2   7795  49T  50S C   N     387  389 -175.59 -136.60   88.42    5.00  -64.10  154.42   12.73
    2         50S  50S N   CA    389  390   71.84  151.20                  -35.00
    3   7797  51P  52K C   N     400  402 -165.51 -118.00   48.12    1.95   56.60  166.27   21.11
    3         52K  52K N   CA    402  403  131.51  139.10                   38.60
    4   7798  52K  53A C   N     409  411  -78.52  -62.50   46.71    8.51  -62.50   46.71    8.51
    4         53A  53A N   CA    411  412  -84.77  -40.90                  -40.90
    5   7799  53A  54N C   N     414  416  178.39  -63.20  119.40   18.72  -63.20  119.40   18.72
    5         54N  54N N   CA    416  417  -56.44  -41.10                  -41.10
    6   7908 162A 163E C   N    1282 1284  179.98 -117.80   73.26    2.15  -63.60 -174.66   30.89
    6        163E 163E N   CA   1284 1285  175.48  136.80                  -40.30
    7   7909 163E 164E C   N    1291 1293 -164.51 -117.80   51.69    1.52  -63.60 -170.19   30.84
    7        164E 164E N   CA   1293 1294  158.93  136.80                  -40.30
    8   7910 164E 165K C   N    1300 1302  -99.72 -118.00   46.82    1.96  -62.90  141.67   16.75
    8        165K 165K N   CA   1302 1303   96.00  139.10                  -40.80
    9   7911 165K 166E C   N    1309 1311 -176.99 -117.80   72.06    2.14  -63.60 -178.45   30.23
    9        166E 166E N   CA   1311 1312  177.91  136.80                  -40.30
   10   7912 166E 167Y C   N    1318 1320 -107.80  -98.40   25.09    2.46  -63.50  155.01   22.52
   10        167Y 167Y N   CA   1320 1321  105.14  128.40                  -43.40
   11   7913 167Y 168H C   N    1330 1332 -147.35 -125.60   37.92    1.00  -63.20  170.11   26.70
   11        168H 168H N   CA   1332 1333  169.86  138.80                  -42.30
   12   7915 169A 170E C   N    1345 1347 -156.43 -117.80   43.61    1.27  -63.60 -172.70   30.10
   12        170E 170E N   CA   1347 1348  157.03  136.80                  -40.30
   13   7916 170E 171G C   N    1354 1356  -73.83  -80.20   20.90    0.54   82.20 -146.52    6.94
   13        171G 171G N   CA   1356 1357  154.19  174.10                    8.50
   14   7917 171G 172G C   N    1358 1360   69.64   78.70    9.06    0.46   82.20  175.31    9.14
   14        172G 172G N   CA   1360 1361 -166.36 -166.10                    8.50
   15   7918 172G 173K C   N    1362 1364 -113.90 -118.00    4.10    0.16  -62.90 -172.92   22.05
   15        173K 173K N   CA   1364 1365  139.20  139.10                  -40.80


report______> Distribution of short non-bonded contacts:

  serious non-bonded atom clash:   373  636   2.112

DISTANCE1:  0.00 2.10 2.20 2.30 2.40 2.50 2.60 2.70 2.80 2.90 3.00 3.10 3.20 3.30 3.40
DISTANCE2:  2.10 2.20 2.30 2.40 2.50 2.60 2.70 2.80 2.90 3.00 3.10 3.20 3.30 3.40 3.50
FREQUENCY:     0    1    0    1    0    4   11   30  104  169  126  188  260  289  353


<< end of ENERGY.
openf___224_> Open           4I22_A_full.B99990001.pdb
wrpdb___568_> Residues, atoms, selected atoms:      277     2232     2232

>> Summary of successfully produced models:
Filename                          molpdf
----------------------------------------
4I22_A_full.B99990001.pdb     1015.83679


Dynamically allocated memory at          finish [B,KiB,MiB]:      5059977    4941.384     4.826
Starting time                                            : 2018/02/20 13:02:17
Closing time                                             : 2018/02/20 13:02:26
Total CPU time [seconds]                                 :       9.12
