
                         MODELLER 9.19, 2017/07/19, r11078

     PROTEIN STRUCTURE MODELLING BY SATISFACTION OF SPATIAL RESTRAINTS


                     Copyright(c) 1989-2017 Andrej Sali
                            All Rights Reserved

                             Written by A. Sali
                               with help from
              B. Webb, M.S. Madhusudhan, M-Y. Shen, G.Q. Dong,
          M.A. Marti-Renom, N. Eswar, F. Alber, M. Topf, B. Oliva,
             A. Fiser, R. Sanchez, B. Yerkovich, A. Badretdinov,
                     F. Melo, J.P. Overington, E. Feyfant
                 University of California, San Francisco, USA
                    Rockefeller University, New York, USA
                      Harvard University, Cambridge, USA
                   Imperial Cancer Research Fund, London, UK
              Birkbeck College, University of London, London, UK


Kind, OS, HostName, Kernel, Processor: 4, Linux german-xps 4.14.6-041406-generic x86_64
Date and time of compilation         : 2017/07/19 15:03:51
MODELLER executable type             : x86_64-intel8
Job starting time (YY/MM/DD HH:MM:SS): 2018/02/20 13:01:32

openf___224_> Open           $(LIB)/restyp.lib
openf___224_> Open           ${MODINSTALL9v19}/modlib/resgrp.lib
rdresgr_266_> Number of residue groups:        2
openf___224_> Open           ${MODINSTALL9v19}/modlib/sstruc.lib

Dynamically allocated memory at   amaxlibraries [B,KiB,MiB]:       191566     187.076     0.183

Dynamically allocated memory at   amaxlibraries [B,KiB,MiB]:       192094     187.592     0.183
openf___224_> Open           ${MODINSTALL9v19}/modlib/resdih.lib

Dynamically allocated memory at   amaxlibraries [B,KiB,MiB]:       240694     235.053     0.230
rdrdih__263_> Number of dihedral angle types         :        9
              Maximal number of dihedral angle optima:        3
              Dihedral angle names                   :  Alph Phi Psi Omeg chi1 chi2 chi3 chi4 chi5
openf___224_> Open           ${MODINSTALL9v19}/modlib/radii.lib

Dynamically allocated memory at   amaxlibraries [B,KiB,MiB]:       253994     248.041     0.242
openf___224_> Open           ${MODINSTALL9v19}/modlib/radii14.lib
openf___224_> Open           ${MODINSTALL9v19}/modlib/af_mnchdef.lib
rdwilmo_274_> Mainchain residue conformation classes:  APBLE
openf___224_> Open           ${MODINSTALL9v19}/modlib/mnch.lib
rdclass_257_> Number of classes:        5
openf___224_> Open           ${MODINSTALL9v19}/modlib/mnch1.lib
openf___224_> Open           ${MODINSTALL9v19}/modlib/mnch2.lib
openf___224_> Open           ${MODINSTALL9v19}/modlib/mnch3.lib
openf___224_> Open           ${MODINSTALL9v19}/modlib/xs4.mat
rdrrwgh_268_> Number of residue types:       21
openf___224_> Open           /home/german/labo/18/egfr/model/3IKA_A/to_model_3IKA_A

Dynamically allocated memory at   amaxalignment [B,KiB,MiB]:       265487     259.265     0.253

Dynamically allocated memory at   amaxalignment [B,KiB,MiB]:       266937     260.681     0.255

Dynamically allocated memory at   amaxalignment [B,KiB,MiB]:       269837     263.513     0.257

Dynamically allocated memory at   amaxalignment [B,KiB,MiB]:       275637     269.177     0.263

Dynamically allocated memory at   amaxalignment [B,KiB,MiB]:       392693     383.489     0.375

Dynamically allocated memory at    amaxsequence [B,KiB,MiB]:       393929     384.696     0.376

Dynamically allocated memory at    amaxsequence [B,KiB,MiB]:       395033     385.774     0.377

Read the alignment from file       : /home/german/labo/18/egfr/model/3IKA_A/to_model_3IKA_A
Total number of alignment positions:   310

  #  Code        #_Res #_Segm PDB_code    Name
-------------------------------------------------------------------------------
  1     3IKA_A     310      1      3IKA_A
  2  3IKA_A_fu     277      1
check_a_343_> >> BEGINNING OF COMMAND
openf___224_> Open           ./3IKA_A.pdb

Dynamically allocated memory at amaxcoordinates [B,KiB,MiB]:       489758     478.279     0.467

Dynamically allocated memory at    amaxsequence [B,KiB,MiB]:       489758     478.279     0.467

Dynamically allocated memory at amaxcoordinates [B,KiB,MiB]:       489929     478.446     0.467

Dynamically allocated memory at amaxcoordinates [B,KiB,MiB]:       490779     479.276     0.468

Dynamically allocated memory at amaxcoordinates [B,KiB,MiB]:       492037     480.505     0.469

Dynamically allocated memory at amaxcoordinates [B,KiB,MiB]:       493941     482.364     0.471

Dynamically allocated memory at    amaxsequence [B,KiB,MiB]:       493941     482.364     0.471

Dynamically allocated memory at amaxcoordinates [B,KiB,MiB]:       494031     482.452     0.471

Dynamically allocated memory at amaxcoordinates [B,KiB,MiB]:       496887     485.241     0.474

Dynamically allocated memory at    amaxsequence [B,KiB,MiB]:       496887     485.241     0.474

Dynamically allocated memory at amaxcoordinates [B,KiB,MiB]:       497022     485.373     0.474

Dynamically allocated memory at amaxcoordinates [B,KiB,MiB]:       501306     489.557     0.478

Dynamically allocated memory at    amaxsequence [B,KiB,MiB]:       501306     489.557     0.478

Dynamically allocated memory at amaxcoordinates [B,KiB,MiB]:       501504     489.750     0.478

Dynamically allocated memory at amaxcoordinates [B,KiB,MiB]:       507930     496.025     0.484

Dynamically allocated memory at    amaxsequence [B,KiB,MiB]:       507930     496.025     0.484

Dynamically allocated memory at amaxcoordinates [B,KiB,MiB]:       508227     496.315     0.485

Dynamically allocated memory at amaxcoordinates [B,KiB,MiB]:       517849     505.712     0.494

Dynamically allocated memory at    amaxsequence [B,KiB,MiB]:       517849     505.712     0.494

Dynamically allocated memory at amaxcoordinates [B,KiB,MiB]:       518299     506.151     0.494

Dynamically allocated memory at amaxcoordinates [B,KiB,MiB]:       532749     520.263     0.508

Dynamically allocated memory at    amaxsequence [B,KiB,MiB]:       532749     520.263     0.508

Dynamically allocated memory at amaxcoordinates [B,KiB,MiB]:       533424     520.922     0.509

Dynamically allocated memory at amaxcoordinates [B,KiB,MiB]:       555082     542.072     0.529

Dynamically allocated memory at    amaxsequence [B,KiB,MiB]:       555082     542.072     0.529

Dynamically allocated memory at amaxcoordinates [B,KiB,MiB]:       556090     543.057     0.530

Dynamically allocated memory at amaxcoordinates [B,KiB,MiB]:       588594     574.799     0.561

Dynamically allocated memory at   amaxstructure [B,KiB,MiB]:       588351     574.562     0.561

check_ali___> Checking the sequence-structure alignment. 

Implied intrachain target CA(i)-CA(i+1) distances longer than  8.0 angstroms:

ALN_POS  TMPL  RID1  RID2  NAM1  NAM2     DIST
----------------------------------------------
END OF TABLE
check_a_344_> << END OF COMMAND
openf___224_> Open           ${LIB}/top_heav.lib
read_to_681_> topology.submodel read from topology file:        3
openf___224_> Open           ${LIB}/par.lib

Dynamically allocated memory at  amaxparameters [B,KiB,MiB]:       727603     710.550     0.694

Dynamically allocated memory at  amaxparameters [B,KiB,MiB]:       729203     712.112     0.695

Dynamically allocated memory at  amaxparameters [B,KiB,MiB]:       733183     715.999     0.699

Dynamically allocated memory at  amaxparameters [B,KiB,MiB]:       735183     717.952     0.701

Dynamically allocated memory at  amaxparameters [B,KiB,MiB]:       738183     720.882     0.704

Dynamically allocated memory at  amaxparameters [B,KiB,MiB]:       742683     725.276     0.708

Dynamically allocated memory at  amaxparameters [B,KiB,MiB]:       748255     730.718     0.714

Dynamically allocated memory at  amaxparameters [B,KiB,MiB]:       751055     733.452     0.716

Dynamically allocated memory at  amaxparameters [B,KiB,MiB]:       755255     737.554     0.720

Dynamically allocated memory at  amaxparameters [B,KiB,MiB]:       761555     743.706     0.726

Dynamically allocated memory at  amaxparameters [B,KiB,MiB]:       764327     746.413     0.729

Dynamically allocated memory at  amaxparameters [B,KiB,MiB]:       765727     747.780     0.730
read_pa_232_> parameters    BONDS   ANGLS  DIHEDS IMPROPS    MODE
                              227     561     661     112       0

Dynamically allocated memory at       amaxmodel [B,KiB,MiB]:       809059     790.097     0.772

Dynamically allocated memory at       amaxmodel [B,KiB,MiB]:      1028873    1004.759     0.981

Dynamically allocated memory at       amaxmodel [B,KiB,MiB]:      1061849    1036.962     1.013

mkilst______> segment topology constructed from sequence and RTF:
              segments residues atoms bonds angles dihedrals impropers:
                     1      277  2224  2274      0         0       924

Dynamically allocated memory at       amaxmodel [B,KiB,MiB]:      1157173    1130.052     1.104

patch_______> segment topology patched using RTF:     1  ;  LEU  ;  NTER
              segments residues atoms bonds angles dihedrals impropers:
                     1      277  2224  2274   3074      3654       924


Dynamically allocated memory at       amaxmodel [B,KiB,MiB]:      1249269    1219.989     1.191
patch_______> segment topology patched using RTF:   277  ;  LEU  ;  CTER
              segments residues atoms bonds angles dihedrals impropers:
                     1      277  2225  2275   3076      3656       925

genseg______> segment topology constructed from sequence and RTF:
              segments residues atoms bonds angles dihedrals impropers:
                     1      277  2225  2275   3076      3656       925
transfe_506_> MODEL is an average of all templates.
transfe_511_> Number of templates for coordinate transfer:        1
              After transferring coordinates of the equivalent template atoms,
              there are defined, undefined atoms in MODEL:     2203       22
openf___224_> Open           3IKA_A_full.ini
wrpdb___568_> Residues, atoms, selected atoms:      277     2225     2225
make_re_417_> Restraint type to be calculated:  stereo

Dynamically allocated memory at  amaxrestraints [B,KiB,MiB]:      1356318    1324.529     1.293

Dynamically allocated memory at  amaxrestraints [B,KiB,MiB]:      1364510    1332.529     1.301

Dynamically allocated memory at  amaxrestraints [B,KiB,MiB]:      1380894    1348.529     1.317

Dynamically allocated memory at  amaxrestraints [B,KiB,MiB]:      1413662    1380.529     1.348

Dynamically allocated memory at  amaxrestraints [B,KiB,MiB]:      1446430    1412.529     1.379

Dynamically allocated memory at  amaxrestraints [B,KiB,MiB]:      1511966    1476.529     1.442

Dynamically allocated memory at  amaxrestraints [B,KiB,MiB]:      1544734    1508.529     1.473

Dynamically allocated memory at  amaxrestraints [B,KiB,MiB]:      1577502    1540.529     1.504

Dynamically allocated memory at  amaxrestraints [B,KiB,MiB]:      1643038    1604.529     1.567

Dynamically allocated memory at  amaxrestraints [B,KiB,MiB]:      1774110    1732.529     1.692

Dynamically allocated memory at  amaxrestraints [B,KiB,MiB]:      1839646    1796.529     1.754

Dynamically allocated memory at  amaxrestraints [B,KiB,MiB]:      1905182    1860.529     1.817

Dynamically allocated memory at  amaxrestraints [B,KiB,MiB]:      2036254    1988.529     1.942

Dynamically allocated memory at  amaxrestraints [B,KiB,MiB]:      2298398    2244.529     2.192
r_stere_606_> Stereochemical restraints were constructed from RTF & PRMF.
              Added bond,angle,dihedral,improper restraints  :     2275    3076    3498     911
              Total number of restraints before, now         :        0     9760
make_re_422_> Number of previous, current restraints         :        0     9760
make_re_423_> Number of previous, current selected restraints:        0     9760
make_re_417_> Restraint type to be calculated:  phi-psi_binormal

Dynamically allocated memory at   amaxstructure [B,KiB,MiB]:      2459076    2401.441     2.345
openf___224_> Open           ${MODINSTALL9v19}/modlib/mnch1.bin
openf___224_> Open           ${MODINSTALL9v19}/modlib/mnch1.mdt
errdih__638_> Missing atoms in a dihedral, residue index, residue type:        5      151  LYS
errdih__638_> Missing atoms in a dihedral, residue index, residue type:        5      170  GLU
errdih__638_> Missing atoms in a dihedral, residue index, residue type:        5      294  GLU
errdih__638_> Missing atoms in a dihedral, residue index, residue type:        5      300  VAL
errdih__638_> Missing atoms in a dihedral, residue index, residue type:        5      301  VAL
errdih__638_> Missing atoms in a dihedral, residue index, residue type:        5      306  TYR
errdih__638_> Missing atoms in a dihedral, residue index, residue type:        5      309  PRO
errdih__638_> Missing atoms in a dihedral, residue index, residue type:        6       53  ARG
errdih__638_> Missing atoms in a dihedral, residue index, residue type:        6       63  GLU
errdih__638_> Missing atoms in a dihedral, residue index, residue type:        6      151  LYS
errdih__638_> Missing atoms in a dihedral, residue index, residue type:        6      170  GLU
errdih__638_> Missing atoms in a dihedral, residue index, residue type:        6      194  ARG
errdih__638_> Missing atoms in a dihedral, residue index, residue type:        6      294  GLU
errdih__638_> Missing atoms in a dihedral, residue index, residue type:        6      295  GLU
errdih__638_> Missing atoms in a dihedral, residue index, residue type:        6      304  ASP
errdih__638_> Missing atoms in a dihedral, residue index, residue type:        6      306  TYR
errdih__638_> Missing atoms in a dihedral, residue index, residue type:        6      309  PRO
errdih__638_> Missing atoms in a dihedral, residue index, residue type:        7       53  ARG
errdih__638_> Missing atoms in a dihedral, residue index, residue type:        7       63  GLU
errdih__638_> Missing atoms in a dihedral, residue index, residue type:        7      151  LYS
errdih__638_> Missing atoms in a dihedral, residue index, residue type:        7      170  GLU
errdih__638_> Missing atoms in a dihedral, residue index, residue type:        7      194  ARG
errdih__638_> Missing atoms in a dihedral, residue index, residue type:        7      294  GLU
errdih__638_> Missing atoms in a dihedral, residue index, residue type:        7      295  GLU
errdih__638_> Missing atoms in a dihedral, residue index, residue type:        7      309  PRO
errdih__638_> Missing atoms in a dihedral, residue index, residue type:        8       53  ARG
errdih__638_> Missing atoms in a dihedral, residue index, residue type:        8      151  LYS
errdih__638_> Missing atoms in a dihedral, residue index, residue type:        8      194  ARG
getdata_643_> Protein accepted:  3IKA_A
getdata_289_> Proteins (all/accepted):        1        1

Dynamically allocated memory at  amaxrestraints [B,KiB,MiB]:      2590164    2529.457     2.470
make_re_422_> Number of previous, current restraints         :     9760    10035
make_re_423_> Number of previous, current selected restraints:     9760    10035
make_re_417_> Restraint type to be calculated:  omega_dihedral

Dynamically allocated memory at   amaxstructure [B,KiB,MiB]:      2590164    2529.457     2.470
openf___224_> Open           ${MODINSTALL9v19}/modlib/omega.bin
openf___224_> Open           ${MODINSTALL9v19}/modlib/omega.mdt
getdata_643_> Protein accepted:  3IKA_A
getdata_289_> Proteins (all/accepted):        1        1
omgdel__425_> Unselected all O C +N +CA dihedrals:      290
              (This is to avoid clashes between STEREO
              and OMEGA_DIHEDRAL restraints)
make_re_422_> Number of previous, current restraints         :    10035    10311
make_re_423_> Number of previous, current selected restraints:    10035    10021
make_re_417_> Restraint type to be calculated:  chi1_dihedral

Dynamically allocated memory at   amaxstructure [B,KiB,MiB]:      2590164    2529.457     2.470
openf___224_> Open           ${MODINSTALL9v19}/modlib/chi1234.bin
openf___224_> Open           ${MODINSTALL9v19}/modlib/chi1.mdt
getdata_643_> Protein accepted:  3IKA_A
getdata_289_> Proteins (all/accepted):        1        1

Dynamically allocated memory at  amaxrestraints [B,KiB,MiB]:      2721236    2657.457     2.595
make_re_422_> Number of previous, current restraints         :    10311    10555
make_re_423_> Number of previous, current selected restraints:    10021    10265
make_re_417_> Restraint type to be calculated:  chi2_dihedral

Dynamically allocated memory at   amaxstructure [B,KiB,MiB]:      2721236    2657.457     2.595
openf___224_> Open           ${MODINSTALL9v19}/modlib/chi1234.bin
openf___224_> Open           ${MODINSTALL9v19}/modlib/chi2.mdt
getdata_643_> Protein accepted:  3IKA_A
getdata_289_> Proteins (all/accepted):        1        1
make_re_422_> Number of previous, current restraints         :    10555    10748
make_re_423_> Number of previous, current selected restraints:    10265    10458
make_re_417_> Restraint type to be calculated:  chi3_dihedral

Dynamically allocated memory at   amaxstructure [B,KiB,MiB]:      2721236    2657.457     2.595
openf___224_> Open           ${MODINSTALL9v19}/modlib/chi1234.bin
openf___224_> Open           ${MODINSTALL9v19}/modlib/chi3.mdt
getdata_643_> Protein accepted:  3IKA_A
getdata_289_> Proteins (all/accepted):        1        1
make_re_422_> Number of previous, current restraints         :    10748    10838
make_re_423_> Number of previous, current selected restraints:    10458    10548
make_re_417_> Restraint type to be calculated:  chi4_dihedral

Dynamically allocated memory at   amaxstructure [B,KiB,MiB]:      2721236    2657.457     2.595
openf___224_> Open           ${MODINSTALL9v19}/modlib/chi1234.bin
openf___224_> Open           ${MODINSTALL9v19}/modlib/chi4.mdt
mdtrsr__446W> A potential that relies on one protein is used, yet you have at
              least one known structure available. MDT, not library, potential is used.
getdata_643_> Protein accepted:  3IKA_A
getdata_289_> Proteins (all/accepted):        1        1
make_re_422_> Number of previous, current restraints         :    10838    10875
make_re_423_> Number of previous, current selected restraints:    10548    10585
make_re_417_> Restraint type to be calculated:  DISTANCE

Dynamically allocated memory at amaxhash_contac [B,KiB,MiB]:      3362000    3283.203     3.206

Dynamically allocated memory at  amaxrestraints [B,KiB,MiB]:      3624144    3539.203     3.456
make_re_422_> Number of previous, current restraints         :    10875    16554
make_re_423_> Number of previous, current selected restraints:    10585    16264
make_re_417_> Restraint type to be calculated:  DISTANCE

Dynamically allocated memory at  amaxrestraints [B,KiB,MiB]:      4410576    4307.203     4.206
make_re_422_> Number of previous, current restraints         :    16554    22305
make_re_423_> Number of previous, current selected restraints:    16264    22015
make_re_417_> Restraint type to be calculated:  DISTANCE

Dynamically allocated memory at  amaxrestraints [B,KiB,MiB]:      4672720    4563.203     4.456
make_re_422_> Number of previous, current restraints         :    22305    27380
make_re_423_> Number of previous, current selected restraints:    22015    27090
make_re_417_> Restraint type to be calculated:  DISTANCE
make_re_422_> Number of previous, current restraints         :    27380    30162
make_re_423_> Number of previous, current selected restraints:    27090    29872
0 atoms in HETATM/BLK residues constrained
to protein atoms within 2.30 angstroms
and protein CA atoms within 10.00 angstroms
make_re_417_> Restraint type to be calculated:  DISTANCE
make_re_422_> Number of previous, current restraints         :    30162    30162
make_re_423_> Number of previous, current selected restraints:    29872    29872
make_re_417_> Restraint type to be calculated:  DISTANCE
make_re_422_> Number of previous, current restraints         :    30162    30162
make_re_423_> Number of previous, current selected restraints:    29872    29872
make_re_417_> Restraint type to be calculated:  DISTANCE
make_re_422_> Number of previous, current restraints         :    30162    30162
make_re_423_> Number of previous, current selected restraints:    29872    29872
make_re_417_> Restraint type to be calculated:  DISTANCE
make_re_422_> Number of previous, current restraints         :    30162    30162
make_re_423_> Number of previous, current selected restraints:    29872    29872
0 atoms in residues without defined topology
constrained to be rigid bodies
make_re_417_> Restraint type to be calculated:  DISTANCE
make_re_422_> Number of previous, current restraints         :    30162    30162
make_re_423_> Number of previous, current selected restraints:    29872    29872
rmdupl__427_>     1739 redundant cosine dihedral restraints were unselected.
condens_443_> Restraints marked for deletion were removed.
              Total number of restraints before, now:    30162    28133
openf___224_> Open           3IKA_A_full.rsr
openf___224_> Open           3IKA_A_full.rsr

Dynamically allocated memory at  amaxrestraints [B,KiB,MiB]:      4710867    4600.456     4.493

Dynamically allocated memory at  amaxrestraints [B,KiB,MiB]:      5497299    5368.456     5.243
rdcsr2__307_> Number of restraints read    :    28133
              Number of excluded pairs read:        0
              Number of pseudo atoms read  :        0
rdcsrs__304_> Restraints in memory, selected restraints:    28133    28133
              Explicitly excluded atom pairs in memory :        0
              Pseudo atoms in memory                   :        0
61 (of 2225 total) atoms selected for optimization
openf___224_> Open           3IKA_A_full.ini

Dynamically allocated memory at       amaxmodel [B,KiB,MiB]:      5497323    5368.479     5.243
read_mo_297_> Segments, residues, atoms:        1      277     2225
read_mo_298_> Segment:        1     1   277     2225
randomi_498_> Atoms,selected atoms,random_seed,amplitude:     2225       61        1        4.0000
randomi_496_> Amplitude is > 0; randomization is done.
pick_re_612_> Number of MODEL atoms, selected restraints;       61      449
pick_re_612_> Number of MODEL atoms, selected restraints;       61      510
pick_re_612_> Number of MODEL atoms, selected restraints;       61      534
pick_re_612_> Number of MODEL atoms, selected restraints;       61      535
pick_re_612_> Number of MODEL atoms, selected restraints;       61      538
pick_re_612_> Number of MODEL atoms, selected restraints;       61      618
pick_re_612_> Number of MODEL atoms, selected restraints;       61      634
pick_re_612_> Number of MODEL atoms, selected restraints;       61      877

Dynamically allocated memory at  amaxrestraints [B,KiB,MiB]:      5843303    5706.351     5.573
pick_re_612_> Number of MODEL atoms, selected restraints;       61      924
pick_re_612_> Number of MODEL atoms, selected restraints;       61      924
pick_re_612_> Number of MODEL atoms, selected restraints;       61      924
iupac_m_486_> OE1/2 will be swapped:      170.8766        7     7
iupac_m_486_> OE1/2 will be swapped:      135.9784        9     9
iupac_m_483_> CD1/2 CE1/2 swapped:       96.6652       10    10
iupac_m_397W> Atoms were not swapped because of the uncertainty of how to handle the H atom.
iupac_m_486_> OE1/2 will be swapped:      145.0154       32    32
iupac_m_486_> OE1/2 will be swapped:     -157.2466       44    44
iupac_m_487_> NH1/2 swapped:      180.0000       46    46
iupac_m_486_> OE1/2 will be swapped:      180.0000       56    56
iupac_m_486_> OE1/2 will be swapped:      172.6143       60    60
iupac_m_487_> NH1/2 swapped:      179.8881       74    74
iupac_m_485_> OD1/2 will be swapped:      156.5851       98    98
iupac_m_485_> OD1/2 will be swapped:      170.5704      105   105
iupac_m_483_> CD1/2 CE1/2 swapped:      -94.1552      111   111
iupac_m_397W> Atoms were not swapped because of the uncertainty of how to handle the H atom.
iupac_m_486_> OE1/2 will be swapped:     -171.6539      127   127
iupac_m_487_> NH1/2 swapped:      179.6423      129   129
iupac_m_487_> NH1/2 swapped:     -179.9477      134   134
iupac_m_486_> OE1/2 will be swapped:      180.0000      163   163
iupac_m_486_> OE1/2 will be swapped:      166.7999      164   164
iupac_m_486_> OE1/2 will be swapped:     -126.3517      182   182
iupac_m_487_> NH1/2 swapped:      179.9657      187   187
iupac_m_483_> CD1/2 CE1/2 swapped:      -97.7079      189   189
iupac_m_397W> Atoms were not swapped because of the uncertainty of how to handle the H atom.
iupac_m_485_> OD1/2 will be swapped:     -177.3987      194   194
iupac_m_485_> OD1/2 will be swapped:      171.6952      214   214
iupac_m_486_> OE1/2 will be swapped:      147.4645      229   229
iupac_m_487_> NH1/2 swapped:      179.9093      230   230
iupac_m_485_> OD1/2 will be swapped:      174.3032      254   254
iupac_m_486_> OE1/2 will be swapped:     -174.2071      261   261
iupac_m_483_> CD1/2 CE1/2 swapped:       94.3595      266   266
iupac_m_397W> Atoms were not swapped because of the uncertainty of how to handle the H atom.


>> ENERGY; Differences between the model's features and restraints:
Number of all residues in MODEL                   :      277
Number of all, selected real atoms                :     2225      61
Number of all, selected pseudo atoms              :        0       0
Number of all static, selected restraints         :    28133     924
COVALENT_CYS                                      :        F
NONBONDED_SEL_ATOMS                               :        1
Number of non-bonded pairs (excluding 1-2,1-3,1-4):      130
Dynamic pairs routine                             : 5, NATM_SEL x NATM double loop
Atomic shift for contacts update (UPDATE_DYNAMIC) :    0.390
LENNARD_JONES_SWITCH                              :    6.500   7.500
COULOMB_JONES_SWITCH                              :    6.500   7.500
RESIDUE_SPAN_RANGE                                :        0   99999
NLOGN_USE                                         :       15
CONTACT_SHELL                                     :    4.000
DYNAMIC_PAIRS,_SPHERE,_COULOMB,_LENNARD,_MODELLER :        T       T       F       F       F
SPHERE_STDV                                       :    0.050
RADII_FACTOR                                      :    0.820
Current energy                                    :          55.7700





Summary of the restraint violations: 

   NUM     ... number of restraints.
   NUMVI   ... number of restraints with RVIOL > VIOL_REPORT_CUT[i].
   RVIOL   ... relative difference from the best value.
   NUMVP   ... number of restraints with -Ln(pdf) > VIOL_REPORT_CUT2[i].
   RMS_1   ... RMS(feature, minimally_violated_basis_restraint, NUMB).
   RMS_2   ... RMS(feature, best_value, NUMB).
   MOL.PDF ... scaled contribution to -Ln(Molecular pdf).

 #                     RESTRAINT_GROUP      NUM   NUMVI  NUMVP   RMS_1   RMS_2         MOL.PDF     S_i
------------------------------------------------------------------------------------------------------
 1 Bond length potential              :      61       0      0   0.005   0.005     0.35489       1.000
 2 Bond angle potential               :      81       0      0   1.638   1.638      3.7641       1.000
 3 Stereochemical cosine torsion poten:      31       0      1  50.531  50.531      13.765       1.000
 4 Stereochemical improper torsion pot:      20       0      0   1.708   1.708      1.1685       1.000
 5 Soft-sphere overlap restraints     :     130       0      0   0.004   0.004     0.27851       1.000
 6 Lennard-Jones 6-12 potential       :       0       0      0   0.000   0.000      0.0000       1.000
 7 Coulomb point-point electrostatic p:       0       0      0   0.000   0.000      0.0000       1.000
 8 H-bonding potential                :       0       0      0   0.000   0.000      0.0000       1.000
 9 Distance restraints 1 (CA-CA)      :     200       0      0   0.091   0.091      1.9042       1.000
10 Distance restraints 2 (N-O)        :     208       0      0   0.125   0.125      3.0064       1.000
11 Mainchain Phi dihedral restraints  :       0       0      0   0.000   0.000      0.0000       1.000
12 Mainchain Psi dihedral restraints  :       0       0      0   0.000   0.000      0.0000       1.000
13 Mainchain Omega dihedral restraints:       7       0      0   4.766   4.766      1.8751       1.000
14 Sidechain Chi_1 dihedral restraints:       7       0      0  90.925  90.925      1.5559       1.000
15 Sidechain Chi_2 dihedral restraints:       7       0      0  80.728  80.728      2.6149       1.000
16 Sidechain Chi_3 dihedral restraints:       3       0      0   4.783   4.783      1.3142       1.000
17 Sidechain Chi_4 dihedral restraints:       2       0      0  20.497  20.497      1.4096       1.000
18 Disulfide distance restraints      :       0       0      0   0.000   0.000      0.0000       1.000
19 Disulfide angle restraints         :       0       0      0   0.000   0.000      0.0000       1.000
20 Disulfide dihedral angle restraints:       0       0      0   0.000   0.000      0.0000       1.000
21 Lower bound distance restraints    :       0       0      0   0.000   0.000      0.0000       1.000
22 Upper bound distance restraints    :       0       0      0   0.000   0.000      0.0000       1.000
23 Distance restraints 3 (SDCH-MNCH)  :     176       0      0   0.775   0.775      4.2959       1.000
24 Sidechain Chi_5 dihedral restraints:       0       0      0   0.000   0.000      0.0000       1.000
25 Phi/Psi pair of dihedral restraints:       7       0      1  23.059  23.059      7.6453       1.000
26 Distance restraints 4 (SDCH-SDCH)  :     114       0      0   1.015   1.015      10.818       1.000
27 Distance restraints 5 (X-Y)        :       0       0      0   0.000   0.000      0.0000       1.000
28 NMR distance restraints 6 (X-Y)    :       0       0      0   0.000   0.000      0.0000       1.000
29 NMR distance restraints 7 (X-Y)    :       0       0      0   0.000   0.000      0.0000       1.000
30 Minimal distance restraints        :       0       0      0   0.000   0.000      0.0000       1.000
31 Non-bonded restraints              :       0       0      0   0.000   0.000      0.0000       1.000
32 Atomic accessibility restraints    :       0       0      0   0.000   0.000      0.0000       1.000
33 Atomic density restraints          :       0       0      0   0.000   0.000      0.0000       1.000
34 Absolute position restraints       :       0       0      0   0.000   0.000      0.0000       1.000
35 Dihedral angle difference restraint:       0       0      0   0.000   0.000      0.0000       1.000
36 GBSA implicit solvent potential    :       0       0      0   0.000   0.000      0.0000       1.000
37 EM density fitting potential       :       0       0      0   0.000   0.000      0.0000       1.000
38 SAXS restraints                    :       0       0      0   0.000   0.000      0.0000       1.000
39 Symmetry restraints                :       0       0      0   0.000   0.000      0.0000       1.000



openf___224_> Open           3IKA_A_full.V99990001
# Heavy relative violation of each residue is written to: 3IKA_A_full.V99990001
# The profile is NOT normalized by the number of restraints.
# The profiles are smoothed over a window of residues:    1
# The sum of all numbers in the file:     926.8119



List of the violated restraints:
   A restraint is violated when the relative difference
   from the best value (RVIOL) is larger than CUTOFF.

   ICSR   ... index of a restraint in the current set.
   RESNO  ... residue numbers of the first two atoms.
   ATM    ... IUPAC atom names of the first two atoms.
   FEAT   ... the value of the feature in the model.
   restr  ... the mean of the basis restraint with the smallest
              difference from the model (local minimum).
   viol   ... difference from the local minimum.
   rviol  ... relative difference from the local minimum.
   RESTR  ... the best value (global minimum).
   VIOL   ... difference from the best value.
   RVIOL  ... relative difference from the best value.



report______> Distribution of short non-bonded contacts:

  serious non-bonded atom clash:   522  524   2.298
  serious non-bonded atom clash:  1075 1078   2.294
  serious non-bonded atom clash:  1078 1113   2.265
  serious non-bonded atom clash:  1343 1481   2.059
  serious non-bonded atom clash:  1351 1484   1.578
  serious non-bonded atom clash:  1352 1484   1.138
  serious non-bonded atom clash:  1353 1484   1.970
  serious non-bonded atom clash:  1354 1483   2.058
  serious non-bonded atom clash:  1354 1484   2.095
  serious non-bonded atom clash:  1354 1485   1.705
  serious non-bonded atom clash:  1355 1485   2.085
  serious non-bonded atom clash:  1357 1485   2.246

DISTANCE1:  0.00 2.10 2.20 2.30 2.40 2.50 2.60 2.70 2.80 2.90 3.00 3.10 3.20 3.30 3.40
DISTANCE2:  2.10 2.20 2.30 2.40 2.50 2.60 2.70 2.80 2.90 3.00 3.10 3.20 3.30 3.40 3.50
FREQUENCY:     8    0    4    7   17   25   35   73  121  136  192  233  250  302  358


<< end of ENERGY.
openf___224_> Open           3IKA_A_full.B99990001.pdb
wrpdb___568_> Residues, atoms, selected atoms:      277     2225     2225

>> Summary of successfully produced models:
Filename                          molpdf
----------------------------------------
3IKA_A_full.B99990001.pdb       55.77003


Dynamically allocated memory at          finish [B,KiB,MiB]:      5843303    5706.351     5.573
Starting time                                            : 2018/02/20 13:01:32
Closing time                                             : 2018/02/20 13:01:35
Total CPU time [seconds]                                 :       2.76
