
                         MODELLER 9.19, 2017/07/19, r11078

     PROTEIN STRUCTURE MODELLING BY SATISFACTION OF SPATIAL RESTRAINTS


                     Copyright(c) 1989-2017 Andrej Sali
                            All Rights Reserved

                             Written by A. Sali
                               with help from
              B. Webb, M.S. Madhusudhan, M-Y. Shen, G.Q. Dong,
          M.A. Marti-Renom, N. Eswar, F. Alber, M. Topf, B. Oliva,
             A. Fiser, R. Sanchez, B. Yerkovich, A. Badretdinov,
                     F. Melo, J.P. Overington, E. Feyfant
                 University of California, San Francisco, USA
                    Rockefeller University, New York, USA
                      Harvard University, Cambridge, USA
                   Imperial Cancer Research Fund, London, UK
              Birkbeck College, University of London, London, UK


Kind, OS, HostName, Kernel, Processor: 4, Linux german-xps 4.14.6-041406-generic x86_64
Date and time of compilation         : 2017/07/19 15:03:51
MODELLER executable type             : x86_64-intel8
Job starting time (YY/MM/DD HH:MM:SS): 2018/02/20 13:00:42

openf___224_> Open           $(LIB)/restyp.lib
openf___224_> Open           ${MODINSTALL9v19}/modlib/resgrp.lib
rdresgr_266_> Number of residue groups:        2
openf___224_> Open           ${MODINSTALL9v19}/modlib/sstruc.lib

Dynamically allocated memory at   amaxlibraries [B,KiB,MiB]:       191566     187.076     0.183

Dynamically allocated memory at   amaxlibraries [B,KiB,MiB]:       192094     187.592     0.183
openf___224_> Open           ${MODINSTALL9v19}/modlib/resdih.lib

Dynamically allocated memory at   amaxlibraries [B,KiB,MiB]:       240694     235.053     0.230
rdrdih__263_> Number of dihedral angle types         :        9
              Maximal number of dihedral angle optima:        3
              Dihedral angle names                   :  Alph Phi Psi Omeg chi1 chi2 chi3 chi4 chi5
openf___224_> Open           ${MODINSTALL9v19}/modlib/radii.lib

Dynamically allocated memory at   amaxlibraries [B,KiB,MiB]:       253994     248.041     0.242
openf___224_> Open           ${MODINSTALL9v19}/modlib/radii14.lib
openf___224_> Open           ${MODINSTALL9v19}/modlib/af_mnchdef.lib
rdwilmo_274_> Mainchain residue conformation classes:  APBLE
openf___224_> Open           ${MODINSTALL9v19}/modlib/mnch.lib
rdclass_257_> Number of classes:        5
openf___224_> Open           ${MODINSTALL9v19}/modlib/mnch1.lib
openf___224_> Open           ${MODINSTALL9v19}/modlib/mnch2.lib
openf___224_> Open           ${MODINSTALL9v19}/modlib/mnch3.lib
openf___224_> Open           ${MODINSTALL9v19}/modlib/xs4.mat
rdrrwgh_268_> Number of residue types:       21
openf___224_> Open           /home/german/labo/18/egfr/model/2ITP_A/to_model_2ITP_A

Dynamically allocated memory at   amaxalignment [B,KiB,MiB]:       265487     259.265     0.253

Dynamically allocated memory at   amaxalignment [B,KiB,MiB]:       266937     260.681     0.255

Dynamically allocated memory at   amaxalignment [B,KiB,MiB]:       269837     263.513     0.257

Dynamically allocated memory at   amaxalignment [B,KiB,MiB]:       275637     269.177     0.263

Dynamically allocated memory at   amaxalignment [B,KiB,MiB]:       392693     383.489     0.375

Dynamically allocated memory at    amaxsequence [B,KiB,MiB]:       393909     384.677     0.376

Dynamically allocated memory at    amaxsequence [B,KiB,MiB]:       395013     385.755     0.377

Read the alignment from file       : /home/german/labo/18/egfr/model/2ITP_A/to_model_2ITP_A
Total number of alignment positions:   305

  #  Code        #_Res #_Segm PDB_code    Name
-------------------------------------------------------------------------------
  1     2ITP_A     305      1      2ITP_A
  2  2ITP_A_fu     277      1
check_a_343_> >> BEGINNING OF COMMAND
openf___224_> Open           ./2ITP_A.pdb

Dynamically allocated memory at amaxcoordinates [B,KiB,MiB]:       488238     476.795     0.466

Dynamically allocated memory at    amaxsequence [B,KiB,MiB]:       488238     476.795     0.466

Dynamically allocated memory at amaxcoordinates [B,KiB,MiB]:       488409     476.962     0.466

Dynamically allocated memory at amaxcoordinates [B,KiB,MiB]:       489259     477.792     0.467

Dynamically allocated memory at amaxcoordinates [B,KiB,MiB]:       490517     479.021     0.468

Dynamically allocated memory at amaxcoordinates [B,KiB,MiB]:       492421     480.880     0.470

Dynamically allocated memory at    amaxsequence [B,KiB,MiB]:       492421     480.880     0.470

Dynamically allocated memory at amaxcoordinates [B,KiB,MiB]:       492511     480.968     0.470

Dynamically allocated memory at amaxcoordinates [B,KiB,MiB]:       495367     483.757     0.472

Dynamically allocated memory at    amaxsequence [B,KiB,MiB]:       495367     483.757     0.472

Dynamically allocated memory at amaxcoordinates [B,KiB,MiB]:       495502     483.889     0.473

Dynamically allocated memory at amaxcoordinates [B,KiB,MiB]:       499786     488.072     0.477

Dynamically allocated memory at    amaxsequence [B,KiB,MiB]:       499786     488.072     0.477

Dynamically allocated memory at amaxcoordinates [B,KiB,MiB]:       499984     488.266     0.477

Dynamically allocated memory at amaxcoordinates [B,KiB,MiB]:       506410     494.541     0.483

Dynamically allocated memory at    amaxsequence [B,KiB,MiB]:       506410     494.541     0.483

Dynamically allocated memory at amaxcoordinates [B,KiB,MiB]:       506707     494.831     0.483

Dynamically allocated memory at amaxcoordinates [B,KiB,MiB]:       516329     504.228     0.492

Dynamically allocated memory at    amaxsequence [B,KiB,MiB]:       516329     504.228     0.492

Dynamically allocated memory at amaxcoordinates [B,KiB,MiB]:       516779     504.667     0.493

Dynamically allocated memory at amaxcoordinates [B,KiB,MiB]:       531229     518.778     0.507

Dynamically allocated memory at    amaxsequence [B,KiB,MiB]:       531229     518.778     0.507

Dynamically allocated memory at amaxcoordinates [B,KiB,MiB]:       531904     519.438     0.507

Dynamically allocated memory at amaxcoordinates [B,KiB,MiB]:       553562     540.588     0.528

Dynamically allocated memory at    amaxsequence [B,KiB,MiB]:       553562     540.588     0.528

Dynamically allocated memory at amaxcoordinates [B,KiB,MiB]:       554570     541.572     0.529

Dynamically allocated memory at amaxcoordinates [B,KiB,MiB]:       587074     573.314     0.560

Dynamically allocated memory at   amaxstructure [B,KiB,MiB]:       586786     573.033     0.560

check_ali___> Checking the sequence-structure alignment. 

Implied intrachain target CA(i)-CA(i+1) distances longer than  8.0 angstroms:

ALN_POS  TMPL  RID1  RID2  NAM1  NAM2     DIST
----------------------------------------------
END OF TABLE
check_a_344_> << END OF COMMAND
openf___224_> Open           ${LIB}/top_heav.lib
read_to_681_> topology.submodel read from topology file:        3
openf___224_> Open           ${LIB}/par.lib

Dynamically allocated memory at  amaxparameters [B,KiB,MiB]:       726038     709.021     0.692

Dynamically allocated memory at  amaxparameters [B,KiB,MiB]:       727638     710.584     0.694

Dynamically allocated memory at  amaxparameters [B,KiB,MiB]:       731618     714.471     0.698

Dynamically allocated memory at  amaxparameters [B,KiB,MiB]:       733618     716.424     0.700

Dynamically allocated memory at  amaxparameters [B,KiB,MiB]:       736618     719.354     0.702

Dynamically allocated memory at  amaxparameters [B,KiB,MiB]:       741118     723.748     0.707

Dynamically allocated memory at  amaxparameters [B,KiB,MiB]:       746690     729.189     0.712

Dynamically allocated memory at  amaxparameters [B,KiB,MiB]:       749490     731.924     0.715

Dynamically allocated memory at  amaxparameters [B,KiB,MiB]:       753690     736.025     0.719

Dynamically allocated memory at  amaxparameters [B,KiB,MiB]:       759990     742.178     0.725

Dynamically allocated memory at  amaxparameters [B,KiB,MiB]:       762762     744.885     0.727

Dynamically allocated memory at  amaxparameters [B,KiB,MiB]:       764162     746.252     0.729
read_pa_232_> parameters    BONDS   ANGLS  DIHEDS IMPROPS    MODE
                              227     561     661     112       0

Dynamically allocated memory at       amaxmodel [B,KiB,MiB]:       807494     788.568     0.770

Dynamically allocated memory at       amaxmodel [B,KiB,MiB]:      1027406    1003.326     0.980

Dynamically allocated memory at       amaxmodel [B,KiB,MiB]:      1060422    1035.568     1.011

mkilst______> segment topology constructed from sequence and RTF:
              segments residues atoms bonds angles dihedrals impropers:
                     1      277  2225  2275      0         0       926

Dynamically allocated memory at       amaxmodel [B,KiB,MiB]:      1155862    1128.771     1.102

patch_______> segment topology patched using RTF:     1  ;  LEU  ;  NTER
              segments residues atoms bonds angles dihedrals impropers:
                     1      277  2225  2275   3077      3659       926


Dynamically allocated memory at       amaxmodel [B,KiB,MiB]:      1247958    1218.709     1.190
patch_______> segment topology patched using RTF:   277  ;  LEU  ;  CTER
              segments residues atoms bonds angles dihedrals impropers:
                     1      277  2226  2276   3079      3661       927

genseg______> segment topology constructed from sequence and RTF:
              segments residues atoms bonds angles dihedrals impropers:
                     1      277  2226  2276   3079      3661       927
transfe_506_> MODEL is an average of all templates.
transfe_511_> Number of templates for coordinate transfer:        1
              After transferring coordinates of the equivalent template atoms,
              there are defined, undefined atoms in MODEL:     2225        1
openf___224_> Open           2ITP_A_full.ini
wrpdb___568_> Residues, atoms, selected atoms:      277     2226     2226
make_re_417_> Restraint type to be calculated:  stereo

Dynamically allocated memory at  amaxrestraints [B,KiB,MiB]:      1355007    1323.249     1.292

Dynamically allocated memory at  amaxrestraints [B,KiB,MiB]:      1363199    1331.249     1.300

Dynamically allocated memory at  amaxrestraints [B,KiB,MiB]:      1379583    1347.249     1.316

Dynamically allocated memory at  amaxrestraints [B,KiB,MiB]:      1412351    1379.249     1.347

Dynamically allocated memory at  amaxrestraints [B,KiB,MiB]:      1445119    1411.249     1.378

Dynamically allocated memory at  amaxrestraints [B,KiB,MiB]:      1510655    1475.249     1.441

Dynamically allocated memory at  amaxrestraints [B,KiB,MiB]:      1543423    1507.249     1.472

Dynamically allocated memory at  amaxrestraints [B,KiB,MiB]:      1576191    1539.249     1.503

Dynamically allocated memory at  amaxrestraints [B,KiB,MiB]:      1641727    1603.249     1.566

Dynamically allocated memory at  amaxrestraints [B,KiB,MiB]:      1772799    1731.249     1.691

Dynamically allocated memory at  amaxrestraints [B,KiB,MiB]:      1838335    1795.249     1.753

Dynamically allocated memory at  amaxrestraints [B,KiB,MiB]:      1903871    1859.249     1.816

Dynamically allocated memory at  amaxrestraints [B,KiB,MiB]:      2034943    1987.249     1.941

Dynamically allocated memory at  amaxrestraints [B,KiB,MiB]:      2297087    2243.249     2.191
r_stere_606_> Stereochemical restraints were constructed from RTF & PRMF.
              Added bond,angle,dihedral,improper restraints  :     2276    3079    3501     913
              Total number of restraints before, now         :        0     9769
make_re_422_> Number of previous, current restraints         :        0     9769
make_re_423_> Number of previous, current selected restraints:        0     9769
make_re_417_> Restraint type to be calculated:  phi-psi_binormal

Dynamically allocated memory at   amaxstructure [B,KiB,MiB]:      2457799    2400.194     2.344
openf___224_> Open           ${MODINSTALL9v19}/modlib/mnch1.bin
openf___224_> Open           ${MODINSTALL9v19}/modlib/mnch1.mdt
getdata_643_> Protein accepted:  2ITP_A
getdata_289_> Proteins (all/accepted):        1        1

Dynamically allocated memory at  amaxrestraints [B,KiB,MiB]:      2588887    2528.210     2.469
make_re_422_> Number of previous, current restraints         :     9769    10044
make_re_423_> Number of previous, current selected restraints:     9769    10044
make_re_417_> Restraint type to be calculated:  omega_dihedral

Dynamically allocated memory at   amaxstructure [B,KiB,MiB]:      2588887    2528.210     2.469
openf___224_> Open           ${MODINSTALL9v19}/modlib/omega.bin
openf___224_> Open           ${MODINSTALL9v19}/modlib/omega.mdt
getdata_643_> Protein accepted:  2ITP_A
getdata_289_> Proteins (all/accepted):        1        1
omgdel__425_> Unselected all O C +N +CA dihedrals:      290
              (This is to avoid clashes between STEREO
              and OMEGA_DIHEDRAL restraints)
make_re_422_> Number of previous, current restraints         :    10044    10320
make_re_423_> Number of previous, current selected restraints:    10044    10030
make_re_417_> Restraint type to be calculated:  chi1_dihedral

Dynamically allocated memory at   amaxstructure [B,KiB,MiB]:      2588887    2528.210     2.469
openf___224_> Open           ${MODINSTALL9v19}/modlib/chi1234.bin
openf___224_> Open           ${MODINSTALL9v19}/modlib/chi1.mdt
getdata_643_> Protein accepted:  2ITP_A
getdata_289_> Proteins (all/accepted):        1        1

Dynamically allocated memory at  amaxrestraints [B,KiB,MiB]:      2719959    2656.210     2.594
make_re_422_> Number of previous, current restraints         :    10320    10565
make_re_423_> Number of previous, current selected restraints:    10030    10275
make_re_417_> Restraint type to be calculated:  chi2_dihedral

Dynamically allocated memory at   amaxstructure [B,KiB,MiB]:      2719959    2656.210     2.594
openf___224_> Open           ${MODINSTALL9v19}/modlib/chi1234.bin
openf___224_> Open           ${MODINSTALL9v19}/modlib/chi2.mdt
getdata_643_> Protein accepted:  2ITP_A
getdata_289_> Proteins (all/accepted):        1        1
make_re_422_> Number of previous, current restraints         :    10565    10757
make_re_423_> Number of previous, current selected restraints:    10275    10467
make_re_417_> Restraint type to be calculated:  chi3_dihedral

Dynamically allocated memory at   amaxstructure [B,KiB,MiB]:      2719959    2656.210     2.594
openf___224_> Open           ${MODINSTALL9v19}/modlib/chi1234.bin
openf___224_> Open           ${MODINSTALL9v19}/modlib/chi3.mdt
getdata_643_> Protein accepted:  2ITP_A
getdata_289_> Proteins (all/accepted):        1        1
make_re_422_> Number of previous, current restraints         :    10757    10846
make_re_423_> Number of previous, current selected restraints:    10467    10556
make_re_417_> Restraint type to be calculated:  chi4_dihedral

Dynamically allocated memory at   amaxstructure [B,KiB,MiB]:      2719959    2656.210     2.594
openf___224_> Open           ${MODINSTALL9v19}/modlib/chi1234.bin
openf___224_> Open           ${MODINSTALL9v19}/modlib/chi4.mdt
mdtrsr__446W> A potential that relies on one protein is used, yet you have at
              least one known structure available. MDT, not library, potential is used.
getdata_643_> Protein accepted:  2ITP_A
getdata_289_> Proteins (all/accepted):        1        1
make_re_422_> Number of previous, current restraints         :    10846    10883
make_re_423_> Number of previous, current selected restraints:    10556    10593
make_re_417_> Restraint type to be calculated:  DISTANCE

Dynamically allocated memory at amaxhash_contac [B,KiB,MiB]:      3361011    3282.237     3.205

Dynamically allocated memory at  amaxrestraints [B,KiB,MiB]:      3623155    3538.237     3.455
make_re_422_> Number of previous, current restraints         :    10883    16520
make_re_423_> Number of previous, current selected restraints:    10593    16230
make_re_417_> Restraint type to be calculated:  DISTANCE

Dynamically allocated memory at  amaxrestraints [B,KiB,MiB]:      4147443    4050.237     3.955

Dynamically allocated memory at  amaxrestraints [B,KiB,MiB]:      4409587    4306.237     4.205
make_re_422_> Number of previous, current restraints         :    16520    22226
make_re_423_> Number of previous, current selected restraints:    16230    21936
make_re_417_> Restraint type to be calculated:  DISTANCE

Dynamically allocated memory at  amaxrestraints [B,KiB,MiB]:      4671731    4562.237     4.455
make_re_422_> Number of previous, current restraints         :    22226    26935
make_re_423_> Number of previous, current selected restraints:    21936    26645
make_re_417_> Restraint type to be calculated:  DISTANCE
make_re_422_> Number of previous, current restraints         :    26935    29724
make_re_423_> Number of previous, current selected restraints:    26645    29434
0 atoms in HETATM/BLK residues constrained
to protein atoms within 2.30 angstroms
and protein CA atoms within 10.00 angstroms
make_re_417_> Restraint type to be calculated:  DISTANCE
make_re_422_> Number of previous, current restraints         :    29724    29724
make_re_423_> Number of previous, current selected restraints:    29434    29434
make_re_417_> Restraint type to be calculated:  DISTANCE
make_re_422_> Number of previous, current restraints         :    29724    29724
make_re_423_> Number of previous, current selected restraints:    29434    29434
make_re_417_> Restraint type to be calculated:  DISTANCE
make_re_422_> Number of previous, current restraints         :    29724    29724
make_re_423_> Number of previous, current selected restraints:    29434    29434
make_re_417_> Restraint type to be calculated:  DISTANCE
make_re_422_> Number of previous, current restraints         :    29724    29724
make_re_423_> Number of previous, current selected restraints:    29434    29434
0 atoms in residues without defined topology
constrained to be rigid bodies
make_re_417_> Restraint type to be calculated:  DISTANCE
make_re_422_> Number of previous, current restraints         :    29724    29724
make_re_423_> Number of previous, current selected restraints:    29434    29434
rmdupl__427_>     1737 redundant cosine dihedral restraints were unselected.
condens_443_> Restraints marked for deletion were removed.
              Total number of restraints before, now:    29724    27697
openf___224_> Open           2ITP_A_full.rsr
openf___224_> Open           2ITP_A_full.rsr

Dynamically allocated memory at  amaxrestraints [B,KiB,MiB]:      4711409    4600.985     4.493
rdcsr2__307_> Number of restraints read    :    27697
              Number of excluded pairs read:        0
              Number of pseudo atoms read  :        0
rdcsrs__304_> Restraints in memory, selected restraints:    27697    27697
              Explicitly excluded atom pairs in memory :        0
              Pseudo atoms in memory                   :        0
52 (of 2226 total) atoms selected for optimization
openf___224_> Open           2ITP_A_full.ini

Dynamically allocated memory at       amaxmodel [B,KiB,MiB]:      4711433    4601.009     4.493
read_mo_297_> Segments, residues, atoms:        1      277     2226
read_mo_298_> Segment:        1     1   277     2226
randomi_498_> Atoms,selected atoms,random_seed,amplitude:     2226       52        1        4.0000
randomi_496_> Amplitude is > 0; randomization is done.
pick_re_612_> Number of MODEL atoms, selected restraints;       52      343
pick_re_612_> Number of MODEL atoms, selected restraints;       52      385
pick_re_612_> Number of MODEL atoms, selected restraints;       52      401
pick_re_612_> Number of MODEL atoms, selected restraints;       52      403
pick_re_612_> Number of MODEL atoms, selected restraints;       52      403
pick_re_612_> Number of MODEL atoms, selected restraints;       52      474
pick_re_612_> Number of MODEL atoms, selected restraints;       52      485
pick_re_612_> Number of MODEL atoms, selected restraints;       52      699

Dynamically allocated memory at  amaxrestraints [B,KiB,MiB]:      5057437    4938.903     4.823
pick_re_612_> Number of MODEL atoms, selected restraints;       52      738
pick_re_612_> Number of MODEL atoms, selected restraints;       52      738
pick_re_612_> Number of MODEL atoms, selected restraints;       52      738
iupac_m_487_> NH1/2 swapped:     -179.6967        3     3
iupac_m_486_> OE1/2 will be swapped:      135.4985        9     9
iupac_m_483_> CD1/2 CE1/2 swapped:       94.6759       10    10
iupac_m_397W> Atoms were not swapped because of the uncertainty of how to handle the H atom.
iupac_m_483_> CD1/2 CE1/2 swapped:       92.1763       21    21
iupac_m_397W> Atoms were not swapped because of the uncertainty of how to handle the H atom.
iupac_m_486_> OE1/2 will be swapped:     -113.9546       60    60
iupac_m_485_> OD1/2 will be swapped:     -179.8813       98    98
iupac_m_483_> CD1/2 CE1/2 swapped:      -99.2326      111   111
iupac_m_397W> Atoms were not swapped because of the uncertainty of how to handle the H atom.
iupac_m_483_> CD1/2 CE1/2 swapped:       94.2578      125   125
iupac_m_397W> Atoms were not swapped because of the uncertainty of how to handle the H atom.
iupac_m_486_> OE1/2 will be swapped:      163.6067      127   127
iupac_m_485_> OD1/2 will be swapped:      174.5375      128   128
iupac_m_485_> OD1/2 will be swapped:      -97.2675      153   153
iupac_m_486_> OE1/2 will be swapped:      140.3857      163   163
iupac_m_486_> OE1/2 will be swapped:      159.3914      166   166
iupac_m_487_> NH1/2 swapped:      179.9209      187   187
iupac_m_483_> CD1/2 CE1/2 swapped:     -106.6455      189   189
iupac_m_397W> Atoms were not swapped because of the uncertainty of how to handle the H atom.
iupac_m_485_> OD1/2 will be swapped:      169.9714      194   194
iupac_m_483_> CD1/2 CE1/2 swapped:     -101.3752      198   198
iupac_m_397W> Atoms were not swapped because of the uncertainty of how to handle the H atom.
iupac_m_483_> CD1/2 CE1/2 swapped:      -92.5709      213   213
iupac_m_397W> Atoms were not swapped because of the uncertainty of how to handle the H atom.
iupac_m_485_> OD1/2 will be swapped:      178.0027      214   214
iupac_m_486_> OE1/2 will be swapped:      171.0508      229   229
iupac_m_483_> CD1/2 CE1/2 swapped:     -115.6946      242   242
iupac_m_397W> Atoms were not swapped because of the uncertainty of how to handle the H atom.
iupac_m_485_> OD1/2 will be swapped:      155.1106      254   254
iupac_m_487_> NH1/2 swapped:      178.2380      256   256
iupac_m_487_> NH1/2 swapped:      179.3912      260   260
iupac_m_486_> OE1/2 will be swapped:      125.1680      265   265
iupac_m_487_> NH1/2 swapped:      178.7994      271   271
iupac_m_485_> OD1/2 will be swapped:     -177.6596      272   272
iupac_m_487_> NH1/2 swapped:     -179.5594      275   275
iupac_m_483_> CD1/2 CE1/2 swapped:       99.2967      276   276
iupac_m_397W> Atoms were not swapped because of the uncertainty of how to handle the H atom.


>> ENERGY; Differences between the model's features and restraints:
Number of all residues in MODEL                   :      277
Number of all, selected real atoms                :     2226      52
Number of all, selected pseudo atoms              :        0       0
Number of all static, selected restraints         :    27697     738
COVALENT_CYS                                      :        F
NONBONDED_SEL_ATOMS                               :        1
Number of non-bonded pairs (excluding 1-2,1-3,1-4):      106
Dynamic pairs routine                             : 5, NATM_SEL x NATM double loop
Atomic shift for contacts update (UPDATE_DYNAMIC) :    0.390
LENNARD_JONES_SWITCH                              :    6.500   7.500
COULOMB_JONES_SWITCH                              :    6.500   7.500
RESIDUE_SPAN_RANGE                                :        0   99999
NLOGN_USE                                         :       15
CONTACT_SHELL                                     :    4.000
DYNAMIC_PAIRS,_SPHERE,_COULOMB,_LENNARD,_MODELLER :        T       T       F       F       F
SPHERE_STDV                                       :    0.050
RADII_FACTOR                                      :    0.820
Current energy                                    :          33.6107





Summary of the restraint violations: 

   NUM     ... number of restraints.
   NUMVI   ... number of restraints with RVIOL > VIOL_REPORT_CUT[i].
   RVIOL   ... relative difference from the best value.
   NUMVP   ... number of restraints with -Ln(pdf) > VIOL_REPORT_CUT2[i].
   RMS_1   ... RMS(feature, minimally_violated_basis_restraint, NUMB).
   RMS_2   ... RMS(feature, best_value, NUMB).
   MOL.PDF ... scaled contribution to -Ln(Molecular pdf).

 #                     RESTRAINT_GROUP      NUM   NUMVI  NUMVP   RMS_1   RMS_2         MOL.PDF     S_i
------------------------------------------------------------------------------------------------------
 1 Bond length potential              :      52       0      0   0.003   0.003     0.11781       1.000
 2 Bond angle potential               :      69       0      0   1.519   1.519      2.8180       1.000
 3 Stereochemical cosine torsion poten:      27       0      0  51.513  51.513      12.665       1.000
 4 Stereochemical improper torsion pot:      17       0      0   1.693   1.693     0.86330       1.000
 5 Soft-sphere overlap restraints     :     106       0      0   0.002   0.002     0.45907E-01   1.000
 6 Lennard-Jones 6-12 potential       :       0       0      0   0.000   0.000      0.0000       1.000
 7 Coulomb point-point electrostatic p:       0       0      0   0.000   0.000      0.0000       1.000
 8 H-bonding potential                :       0       0      0   0.000   0.000      0.0000       1.000
 9 Distance restraints 1 (CA-CA)      :     167       0      0   0.071   0.071     0.93944       1.000
10 Distance restraints 2 (N-O)        :     172       0      0   0.077   0.077     0.82022       1.000
11 Mainchain Phi dihedral restraints  :       0       0      0   0.000   0.000      0.0000       1.000
12 Mainchain Psi dihedral restraints  :       0       0      0   0.000   0.000      0.0000       1.000
13 Mainchain Omega dihedral restraints:       6       0      0   3.627   3.627     0.93087       1.000
14 Sidechain Chi_1 dihedral restraints:       6       0      0  59.757  59.757      1.1713       1.000
15 Sidechain Chi_2 dihedral restraints:       6       0      0  36.847  36.847     0.33838       1.000
16 Sidechain Chi_3 dihedral restraints:       2       0      0  12.338  12.338     0.44640       1.000
17 Sidechain Chi_4 dihedral restraints:       2       0      0  95.666  95.666      1.8608       1.000
18 Disulfide distance restraints      :       0       0      0   0.000   0.000      0.0000       1.000
19 Disulfide angle restraints         :       0       0      0   0.000   0.000      0.0000       1.000
20 Disulfide dihedral angle restraints:       0       0      0   0.000   0.000      0.0000       1.000
21 Lower bound distance restraints    :       0       0      0   0.000   0.000      0.0000       1.000
22 Upper bound distance restraints    :       0       0      0   0.000   0.000      0.0000       1.000
23 Distance restraints 3 (SDCH-MNCH)  :     116       0      0   0.791   0.791      4.3606       1.000
24 Sidechain Chi_5 dihedral restraints:       0       0      0   0.000   0.000      0.0000       1.000
25 Phi/Psi pair of dihedral restraints:       6       0      0  12.959  13.187     -1.3638       1.000
26 Distance restraints 4 (SDCH-SDCH)  :      90       0      0   0.956   0.956      7.5970       1.000
27 Distance restraints 5 (X-Y)        :       0       0      0   0.000   0.000      0.0000       1.000
28 NMR distance restraints 6 (X-Y)    :       0       0      0   0.000   0.000      0.0000       1.000
29 NMR distance restraints 7 (X-Y)    :       0       0      0   0.000   0.000      0.0000       1.000
30 Minimal distance restraints        :       0       0      0   0.000   0.000      0.0000       1.000
31 Non-bonded restraints              :       0       0      0   0.000   0.000      0.0000       1.000
32 Atomic accessibility restraints    :       0       0      0   0.000   0.000      0.0000       1.000
33 Atomic density restraints          :       0       0      0   0.000   0.000      0.0000       1.000
34 Absolute position restraints       :       0       0      0   0.000   0.000      0.0000       1.000
35 Dihedral angle difference restraint:       0       0      0   0.000   0.000      0.0000       1.000
36 GBSA implicit solvent potential    :       0       0      0   0.000   0.000      0.0000       1.000
37 EM density fitting potential       :       0       0      0   0.000   0.000      0.0000       1.000
38 SAXS restraints                    :       0       0      0   0.000   0.000      0.0000       1.000
39 Symmetry restraints                :       0       0      0   0.000   0.000      0.0000       1.000



openf___224_> Open           2ITP_A_full.V99990001
# Heavy relative violation of each residue is written to: 2ITP_A_full.V99990001
# The profile is NOT normalized by the number of restraints.
# The profiles are smoothed over a window of residues:    1
# The sum of all numbers in the file:     554.4653



List of the violated restraints:
   A restraint is violated when the relative difference
   from the best value (RVIOL) is larger than CUTOFF.

   ICSR   ... index of a restraint in the current set.
   RESNO  ... residue numbers of the first two atoms.
   ATM    ... IUPAC atom names of the first two atoms.
   FEAT   ... the value of the feature in the model.
   restr  ... the mean of the basis restraint with the smallest
              difference from the model (local minimum).
   viol   ... difference from the local minimum.
   rviol  ... relative difference from the local minimum.
   RESTR  ... the best value (global minimum).
   VIOL   ... difference from the best value.
   RVIOL  ... relative difference from the best value.



report______> Distribution of short non-bonded contacts:

  serious non-bonded atom clash:   250  259   2.298
  serious non-bonded atom clash:   263  273   2.297
  serious non-bonded atom clash:   519 1021   2.228
  serious non-bonded atom clash:   629  645   2.269

DISTANCE1:  0.00 2.10 2.20 2.30 2.40 2.50 2.60 2.70 2.80 2.90 3.00 3.10 3.20 3.30 3.40
DISTANCE2:  2.10 2.20 2.30 2.40 2.50 2.60 2.70 2.80 2.90 3.00 3.10 3.20 3.30 3.40 3.50
FREQUENCY:     0    0    4    4    3    9   35   69   87  131  163  208  238  301  340


<< end of ENERGY.
openf___224_> Open           2ITP_A_full.B99990001.pdb
wrpdb___568_> Residues, atoms, selected atoms:      277     2226     2226

>> Summary of successfully produced models:
Filename                          molpdf
----------------------------------------
2ITP_A_full.B99990001.pdb       33.61068


Dynamically allocated memory at          finish [B,KiB,MiB]:      5057437    4938.903     4.823
Starting time                                            : 2018/02/20 13:00:42
Closing time                                             : 2018/02/20 13:00:45
Total CPU time [seconds]                                 :       2.78
