
                         MODELLER 9.19, 2017/07/19, r11078

     PROTEIN STRUCTURE MODELLING BY SATISFACTION OF SPATIAL RESTRAINTS


                     Copyright(c) 1989-2017 Andrej Sali
                            All Rights Reserved

                             Written by A. Sali
                               with help from
              B. Webb, M.S. Madhusudhan, M-Y. Shen, G.Q. Dong,
          M.A. Marti-Renom, N. Eswar, F. Alber, M. Topf, B. Oliva,
             A. Fiser, R. Sanchez, B. Yerkovich, A. Badretdinov,
                     F. Melo, J.P. Overington, E. Feyfant
                 University of California, San Francisco, USA
                    Rockefeller University, New York, USA
                      Harvard University, Cambridge, USA
                   Imperial Cancer Research Fund, London, UK
              Birkbeck College, University of London, London, UK


Kind, OS, HostName, Kernel, Processor: 4, Linux german-xps 4.14.6-041406-generic x86_64
Date and time of compilation         : 2017/07/19 15:03:51
MODELLER executable type             : x86_64-intel8
Job starting time (YY/MM/DD HH:MM:SS): 2018/02/20 13:03:01

openf___224_> Open           $(LIB)/restyp.lib
openf___224_> Open           ${MODINSTALL9v19}/modlib/resgrp.lib
rdresgr_266_> Number of residue groups:        2
openf___224_> Open           ${MODINSTALL9v19}/modlib/sstruc.lib

Dynamically allocated memory at   amaxlibraries [B,KiB,MiB]:       191566     187.076     0.183

Dynamically allocated memory at   amaxlibraries [B,KiB,MiB]:       192094     187.592     0.183
openf___224_> Open           ${MODINSTALL9v19}/modlib/resdih.lib

Dynamically allocated memory at   amaxlibraries [B,KiB,MiB]:       240694     235.053     0.230
rdrdih__263_> Number of dihedral angle types         :        9
              Maximal number of dihedral angle optima:        3
              Dihedral angle names                   :  Alph Phi Psi Omeg chi1 chi2 chi3 chi4 chi5
openf___224_> Open           ${MODINSTALL9v19}/modlib/radii.lib

Dynamically allocated memory at   amaxlibraries [B,KiB,MiB]:       253994     248.041     0.242
openf___224_> Open           ${MODINSTALL9v19}/modlib/radii14.lib
openf___224_> Open           ${MODINSTALL9v19}/modlib/af_mnchdef.lib
rdwilmo_274_> Mainchain residue conformation classes:  APBLE
openf___224_> Open           ${MODINSTALL9v19}/modlib/mnch.lib
rdclass_257_> Number of classes:        5
openf___224_> Open           ${MODINSTALL9v19}/modlib/mnch1.lib
openf___224_> Open           ${MODINSTALL9v19}/modlib/mnch2.lib
openf___224_> Open           ${MODINSTALL9v19}/modlib/mnch3.lib
openf___224_> Open           ${MODINSTALL9v19}/modlib/xs4.mat
rdrrwgh_268_> Number of residue types:       21
openf___224_> Open           /home/german/labo/18/egfr/model/4ZJV_A/to_model_4ZJV_A

Dynamically allocated memory at   amaxalignment [B,KiB,MiB]:       265487     259.265     0.253

Dynamically allocated memory at   amaxalignment [B,KiB,MiB]:       266937     260.681     0.255

Dynamically allocated memory at   amaxalignment [B,KiB,MiB]:       269837     263.513     0.257

Dynamically allocated memory at   amaxalignment [B,KiB,MiB]:       275637     269.177     0.263

Dynamically allocated memory at   amaxalignment [B,KiB,MiB]:       392693     383.489     0.375

Dynamically allocated memory at    amaxsequence [B,KiB,MiB]:       393817     384.587     0.376

Dynamically allocated memory at    amaxsequence [B,KiB,MiB]:       394921     385.665     0.377

Read the alignment from file       : /home/german/labo/18/egfr/model/4ZJV_A/to_model_4ZJV_A
Total number of alignment positions:   283

  #  Code        #_Res #_Segm PDB_code    Name
-------------------------------------------------------------------------------
  1     4ZJV_A     282      1      4ZJV_A
  2  4ZJV_A_fu     277      1
check_a_343_> >> BEGINNING OF COMMAND
openf___224_> Open           ./4ZJV_A.pdb

Dynamically allocated memory at amaxcoordinates [B,KiB,MiB]:       481246     469.967     0.459

Dynamically allocated memory at    amaxsequence [B,KiB,MiB]:       481246     469.967     0.459

Dynamically allocated memory at amaxcoordinates [B,KiB,MiB]:       481417     470.134     0.459

Dynamically allocated memory at amaxcoordinates [B,KiB,MiB]:       482267     470.964     0.460

Dynamically allocated memory at amaxcoordinates [B,KiB,MiB]:       483525     472.192     0.461

Dynamically allocated memory at amaxcoordinates [B,KiB,MiB]:       485429     474.052     0.463

Dynamically allocated memory at    amaxsequence [B,KiB,MiB]:       485429     474.052     0.463

Dynamically allocated memory at amaxcoordinates [B,KiB,MiB]:       485519     474.140     0.463

Dynamically allocated memory at amaxcoordinates [B,KiB,MiB]:       488375     476.929     0.466

Dynamically allocated memory at    amaxsequence [B,KiB,MiB]:       488375     476.929     0.466

Dynamically allocated memory at amaxcoordinates [B,KiB,MiB]:       488510     477.061     0.466

Dynamically allocated memory at amaxcoordinates [B,KiB,MiB]:       492794     481.244     0.470

Dynamically allocated memory at    amaxsequence [B,KiB,MiB]:       492794     481.244     0.470

Dynamically allocated memory at amaxcoordinates [B,KiB,MiB]:       492992     481.438     0.470

Dynamically allocated memory at amaxcoordinates [B,KiB,MiB]:       499418     487.713     0.476

Dynamically allocated memory at    amaxsequence [B,KiB,MiB]:       499418     487.713     0.476

Dynamically allocated memory at amaxcoordinates [B,KiB,MiB]:       499715     488.003     0.477

Dynamically allocated memory at amaxcoordinates [B,KiB,MiB]:       509337     497.399     0.486

Dynamically allocated memory at    amaxsequence [B,KiB,MiB]:       509337     497.399     0.486

Dynamically allocated memory at amaxcoordinates [B,KiB,MiB]:       509787     497.839     0.486

Dynamically allocated memory at amaxcoordinates [B,KiB,MiB]:       524237     511.950     0.500

Dynamically allocated memory at    amaxsequence [B,KiB,MiB]:       524237     511.950     0.500

Dynamically allocated memory at amaxcoordinates [B,KiB,MiB]:       524912     512.609     0.501

Dynamically allocated memory at amaxcoordinates [B,KiB,MiB]:       546570     533.760     0.521

Dynamically allocated memory at    amaxsequence [B,KiB,MiB]:       546570     533.760     0.521

Dynamically allocated memory at amaxcoordinates [B,KiB,MiB]:       547578     534.744     0.522

Dynamically allocated memory at amaxcoordinates [B,KiB,MiB]:       580082     566.486     0.553

Dynamically allocated memory at   amaxstructure [B,KiB,MiB]:       579587     566.003     0.553

check_ali___> Checking the sequence-structure alignment. 

Implied intrachain target CA(i)-CA(i+1) distances longer than  8.0 angstroms:

ALN_POS  TMPL  RID1  RID2  NAM1  NAM2     DIST
----------------------------------------------
END OF TABLE
check_a_344_> << END OF COMMAND
openf___224_> Open           ${LIB}/top_heav.lib
read_to_681_> topology.submodel read from topology file:        3
openf___224_> Open           ${LIB}/par.lib

Dynamically allocated memory at  amaxparameters [B,KiB,MiB]:       718839     701.991     0.686

Dynamically allocated memory at  amaxparameters [B,KiB,MiB]:       720439     703.554     0.687

Dynamically allocated memory at  amaxparameters [B,KiB,MiB]:       724419     707.440     0.691

Dynamically allocated memory at  amaxparameters [B,KiB,MiB]:       726419     709.394     0.693

Dynamically allocated memory at  amaxparameters [B,KiB,MiB]:       729419     712.323     0.696

Dynamically allocated memory at  amaxparameters [B,KiB,MiB]:       733919     716.718     0.700

Dynamically allocated memory at  amaxparameters [B,KiB,MiB]:       739491     722.159     0.705

Dynamically allocated memory at  amaxparameters [B,KiB,MiB]:       742291     724.894     0.708

Dynamically allocated memory at  amaxparameters [B,KiB,MiB]:       746491     728.995     0.712

Dynamically allocated memory at  amaxparameters [B,KiB,MiB]:       752791     735.147     0.718

Dynamically allocated memory at  amaxparameters [B,KiB,MiB]:       755563     737.854     0.721

Dynamically allocated memory at  amaxparameters [B,KiB,MiB]:       756963     739.222     0.722
read_pa_232_> parameters    BONDS   ANGLS  DIHEDS IMPROPS    MODE
                              227     561     661     112       0

Dynamically allocated memory at       amaxmodel [B,KiB,MiB]:       800295     781.538     0.763

Dynamically allocated memory at       amaxmodel [B,KiB,MiB]:      1020011     996.104     0.973

Dynamically allocated memory at       amaxmodel [B,KiB,MiB]:      1052995    1028.315     1.004

mkilst______> segment topology constructed from sequence and RTF:
              segments residues atoms bonds angles dihedrals impropers:
                     1      277  2223  2273      0         0       925

Dynamically allocated memory at       amaxmodel [B,KiB,MiB]:      1148319    1121.405     1.095

patch_______> segment topology patched using RTF:     1  ;  LEU  ;  NTER
              segments residues atoms bonds angles dihedrals impropers:
                     1      277  2223  2273   3074      3654       925


Dynamically allocated memory at       amaxmodel [B,KiB,MiB]:      1240415    1211.343     1.183
patch_______> segment topology patched using RTF:   277  ;  LEU  ;  CTER
              segments residues atoms bonds angles dihedrals impropers:
                     1      277  2224  2274   3076      3656       926

genseg______> segment topology constructed from sequence and RTF:
              segments residues atoms bonds angles dihedrals impropers:
                     1      277  2224  2274   3076      3656       926
transfe_506_> MODEL is an average of all templates.
transfe_511_> Number of templates for coordinate transfer:        1
              After transferring coordinates of the equivalent template atoms,
              there are defined, undefined atoms in MODEL:     2210       14
openf___224_> Open           4ZJV_A_full.ini
wrpdb___568_> Residues, atoms, selected atoms:      277     2224     2224
make_re_417_> Restraint type to be calculated:  stereo

Dynamically allocated memory at  amaxrestraints [B,KiB,MiB]:      1347464    1315.883     1.285

Dynamically allocated memory at  amaxrestraints [B,KiB,MiB]:      1355656    1323.883     1.293

Dynamically allocated memory at  amaxrestraints [B,KiB,MiB]:      1372040    1339.883     1.308

Dynamically allocated memory at  amaxrestraints [B,KiB,MiB]:      1404808    1371.883     1.340

Dynamically allocated memory at  amaxrestraints [B,KiB,MiB]:      1437576    1403.883     1.371

Dynamically allocated memory at  amaxrestraints [B,KiB,MiB]:      1503112    1467.883     1.433

Dynamically allocated memory at  amaxrestraints [B,KiB,MiB]:      1535880    1499.883     1.465

Dynamically allocated memory at  amaxrestraints [B,KiB,MiB]:      1568648    1531.883     1.496

Dynamically allocated memory at  amaxrestraints [B,KiB,MiB]:      1634184    1595.883     1.558

Dynamically allocated memory at  amaxrestraints [B,KiB,MiB]:      1765256    1723.883     1.683

Dynamically allocated memory at  amaxrestraints [B,KiB,MiB]:      1830792    1787.883     1.746

Dynamically allocated memory at  amaxrestraints [B,KiB,MiB]:      1896328    1851.883     1.808

Dynamically allocated memory at  amaxrestraints [B,KiB,MiB]:      2027400    1979.883     1.933

Dynamically allocated memory at  amaxrestraints [B,KiB,MiB]:      2289544    2235.883     2.183
r_stere_606_> Stereochemical restraints were constructed from RTF & PRMF.
              Added bond,angle,dihedral,improper restraints  :     2274    3076    3497     912
              Total number of restraints before, now         :        0     9759
make_re_422_> Number of previous, current restraints         :        0     9759
make_re_423_> Number of previous, current selected restraints:        0     9759
make_re_417_> Restraint type to be calculated:  phi-psi_binormal

Dynamically allocated memory at   amaxstructure [B,KiB,MiB]:      2450188    2392.762     2.337
openf___224_> Open           ${MODINSTALL9v19}/modlib/mnch1.bin
openf___224_> Open           ${MODINSTALL9v19}/modlib/mnch1.mdt
errdih__638_> Missing atoms in a dihedral, residue index, residue type:        5       46  GLU
errdih__638_> Missing atoms in a dihedral, residue index, residue type:        6       46  GLU
errdih__638_> Missing atoms in a dihedral, residue index, residue type:        7       46  GLU
getdata_643_> Protein accepted:  4ZJV_A
getdata_289_> Proteins (all/accepted):        1        1

Dynamically allocated memory at  amaxrestraints [B,KiB,MiB]:      2581276    2520.777     2.462
make_re_422_> Number of previous, current restraints         :     9759    10034
make_re_423_> Number of previous, current selected restraints:     9759    10034
make_re_417_> Restraint type to be calculated:  omega_dihedral

Dynamically allocated memory at   amaxstructure [B,KiB,MiB]:      2581276    2520.777     2.462
openf___224_> Open           ${MODINSTALL9v19}/modlib/omega.bin
openf___224_> Open           ${MODINSTALL9v19}/modlib/omega.mdt
getdata_643_> Protein accepted:  4ZJV_A
getdata_289_> Proteins (all/accepted):        1        1
omgdel__425_> Unselected all O C +N +CA dihedrals:      290
              (This is to avoid clashes between STEREO
              and OMEGA_DIHEDRAL restraints)
make_re_422_> Number of previous, current restraints         :    10034    10310
make_re_423_> Number of previous, current selected restraints:    10034    10020
make_re_417_> Restraint type to be calculated:  chi1_dihedral

Dynamically allocated memory at   amaxstructure [B,KiB,MiB]:      2581276    2520.777     2.462
openf___224_> Open           ${MODINSTALL9v19}/modlib/chi1234.bin
openf___224_> Open           ${MODINSTALL9v19}/modlib/chi1.mdt
getdata_643_> Protein accepted:  4ZJV_A
getdata_289_> Proteins (all/accepted):        1        1

Dynamically allocated memory at  amaxrestraints [B,KiB,MiB]:      2712348    2648.777     2.587
make_re_422_> Number of previous, current restraints         :    10310    10554
make_re_423_> Number of previous, current selected restraints:    10020    10264
make_re_417_> Restraint type to be calculated:  chi2_dihedral

Dynamically allocated memory at   amaxstructure [B,KiB,MiB]:      2712348    2648.777     2.587
openf___224_> Open           ${MODINSTALL9v19}/modlib/chi1234.bin
openf___224_> Open           ${MODINSTALL9v19}/modlib/chi2.mdt
getdata_643_> Protein accepted:  4ZJV_A
getdata_289_> Proteins (all/accepted):        1        1
make_re_422_> Number of previous, current restraints         :    10554    10746
make_re_423_> Number of previous, current selected restraints:    10264    10456
make_re_417_> Restraint type to be calculated:  chi3_dihedral

Dynamically allocated memory at   amaxstructure [B,KiB,MiB]:      2712348    2648.777     2.587
openf___224_> Open           ${MODINSTALL9v19}/modlib/chi1234.bin
openf___224_> Open           ${MODINSTALL9v19}/modlib/chi3.mdt
getdata_643_> Protein accepted:  4ZJV_A
getdata_289_> Proteins (all/accepted):        1        1
make_re_422_> Number of previous, current restraints         :    10746    10835
make_re_423_> Number of previous, current selected restraints:    10456    10545
make_re_417_> Restraint type to be calculated:  chi4_dihedral

Dynamically allocated memory at   amaxstructure [B,KiB,MiB]:      2712348    2648.777     2.587
openf___224_> Open           ${MODINSTALL9v19}/modlib/chi1234.bin
openf___224_> Open           ${MODINSTALL9v19}/modlib/chi4.mdt
mdtrsr__446W> A potential that relies on one protein is used, yet you have at
              least one known structure available. MDT, not library, potential is used.
getdata_643_> Protein accepted:  4ZJV_A
getdata_289_> Proteins (all/accepted):        1        1
make_re_422_> Number of previous, current restraints         :    10835    10872
make_re_423_> Number of previous, current selected restraints:    10545    10582
make_re_417_> Restraint type to be calculated:  DISTANCE

Dynamically allocated memory at amaxhash_contac [B,KiB,MiB]:      3352824    3274.242     3.198

Dynamically allocated memory at  amaxrestraints [B,KiB,MiB]:      3614968    3530.242     3.448
make_re_422_> Number of previous, current restraints         :    10872    16549
make_re_423_> Number of previous, current selected restraints:    10582    16259
make_re_417_> Restraint type to be calculated:  DISTANCE

Dynamically allocated memory at  amaxrestraints [B,KiB,MiB]:      4139256    4042.242     3.948

Dynamically allocated memory at  amaxrestraints [B,KiB,MiB]:      4401400    4298.242     4.198
make_re_422_> Number of previous, current restraints         :    16549    22208
make_re_423_> Number of previous, current selected restraints:    16259    21918
make_re_417_> Restraint type to be calculated:  DISTANCE

Dynamically allocated memory at  amaxrestraints [B,KiB,MiB]:      4663544    4554.242     4.448
make_re_422_> Number of previous, current restraints         :    22208    26880
make_re_423_> Number of previous, current selected restraints:    21918    26590
make_re_417_> Restraint type to be calculated:  DISTANCE
make_re_422_> Number of previous, current restraints         :    26880    29681
make_re_423_> Number of previous, current selected restraints:    26590    29391
0 atoms in HETATM/BLK residues constrained
to protein atoms within 2.30 angstroms
and protein CA atoms within 10.00 angstroms
make_re_417_> Restraint type to be calculated:  DISTANCE
make_re_422_> Number of previous, current restraints         :    29681    29681
make_re_423_> Number of previous, current selected restraints:    29391    29391
make_re_417_> Restraint type to be calculated:  DISTANCE
make_re_422_> Number of previous, current restraints         :    29681    29681
make_re_423_> Number of previous, current selected restraints:    29391    29391
make_re_417_> Restraint type to be calculated:  DISTANCE
make_re_422_> Number of previous, current restraints         :    29681    29681
make_re_423_> Number of previous, current selected restraints:    29391    29391
make_re_417_> Restraint type to be calculated:  DISTANCE
make_re_422_> Number of previous, current restraints         :    29681    29681
make_re_423_> Number of previous, current selected restraints:    29391    29391
0 atoms in residues without defined topology
constrained to be rigid bodies
make_re_417_> Restraint type to be calculated:  DISTANCE
make_re_422_> Number of previous, current restraints         :    29681    29681
make_re_423_> Number of previous, current selected restraints:    29391    29391
rmdupl__427_>     1736 redundant cosine dihedral restraints were unselected.
condens_443_> Restraints marked for deletion were removed.
              Total number of restraints before, now:    29681    27655
openf___224_> Open           4ZJV_A_full.rsr
openf___224_> Open           4ZJV_A_full.rsr

Dynamically allocated memory at  amaxrestraints [B,KiB,MiB]:      4710489    4600.087     4.492
rdcsr2__307_> Number of restraints read    :    27655
              Number of excluded pairs read:        0
              Number of pseudo atoms read  :        0
rdcsrs__304_> Restraints in memory, selected restraints:    27655    27655
              Explicitly excluded atom pairs in memory :        0
              Pseudo atoms in memory                   :        0
9 (of 2224 total) atoms selected for optimization
openf___224_> Open           4ZJV_A_full.ini

Dynamically allocated memory at       amaxmodel [B,KiB,MiB]:      4710513    4600.110     4.492
read_mo_297_> Segments, residues, atoms:        1      277     2224
read_mo_298_> Segment:        1     1   277     2224
randomi_498_> Atoms,selected atoms,random_seed,amplitude:     2224        9        1        4.0000
randomi_496_> Amplitude is > 0; randomization is done.
pick_re_612_> Number of MODEL atoms, selected restraints;        9       40
pick_re_612_> Number of MODEL atoms, selected restraints;        9       40
pick_re_612_> Number of MODEL atoms, selected restraints;        9       40
pick_re_612_> Number of MODEL atoms, selected restraints;        9       40
pick_re_612_> Number of MODEL atoms, selected restraints;        9       40
pick_re_612_> Number of MODEL atoms, selected restraints;        9       40
pick_re_612_> Number of MODEL atoms, selected restraints;        9       40
pick_re_612_> Number of MODEL atoms, selected restraints;        9       40

Dynamically allocated memory at  amaxrestraints [B,KiB,MiB]:      5056469    4937.958     4.822
pick_re_612_> Number of MODEL atoms, selected restraints;        9       40
pick_re_612_> Number of MODEL atoms, selected restraints;        9       40
pick_re_612_> Number of MODEL atoms, selected restraints;        9       40
iupac_m_486_> OE1/2 will be swapped:     -115.8238       44    44
iupac_m_486_> OE1/2 will be swapped:      179.9374       47    47
iupac_m_486_> OE1/2 will be swapped:     -160.5144      127   127
iupac_m_483_> CD1/2 CE1/2 swapped:      -90.6805      189   189
iupac_m_397W> Atoms were not swapped because of the uncertainty of how to handle the H atom.
iupac_m_484W> Dihedral still outside +-90:       90.0750


>> ENERGY; Differences between the model's features and restraints:
Number of all residues in MODEL                   :      277
Number of all, selected real atoms                :     2224       9
Number of all, selected pseudo atoms              :        0       0
Number of all static, selected restraints         :    27655      40
COVALENT_CYS                                      :        F
NONBONDED_SEL_ATOMS                               :        1
Number of non-bonded pairs (excluding 1-2,1-3,1-4):       10
Dynamic pairs routine                             : 5, NATM_SEL x NATM double loop
Atomic shift for contacts update (UPDATE_DYNAMIC) :    0.390
LENNARD_JONES_SWITCH                              :    6.500   7.500
COULOMB_JONES_SWITCH                              :    6.500   7.500
RESIDUE_SPAN_RANGE                                :        0   99999
NLOGN_USE                                         :       15
CONTACT_SHELL                                     :    4.000
DYNAMIC_PAIRS,_SPHERE,_COULOMB,_LENNARD,_MODELLER :        T       T       F       F       F
SPHERE_STDV                                       :    0.050
RADII_FACTOR                                      :    0.820
Current energy                                    :         140.1986





Summary of the restraint violations: 

   NUM     ... number of restraints.
   NUMVI   ... number of restraints with RVIOL > VIOL_REPORT_CUT[i].
   RVIOL   ... relative difference from the best value.
   NUMVP   ... number of restraints with -Ln(pdf) > VIOL_REPORT_CUT2[i].
   RMS_1   ... RMS(feature, minimally_violated_basis_restraint, NUMB).
   RMS_2   ... RMS(feature, best_value, NUMB).
   MOL.PDF ... scaled contribution to -Ln(Molecular pdf).

 #                     RESTRAINT_GROUP      NUM   NUMVI  NUMVP   RMS_1   RMS_2         MOL.PDF     S_i
------------------------------------------------------------------------------------------------------
 1 Bond length potential              :      10       0      1   0.052   0.052      7.7513       1.000
 2 Bond angle potential               :      14       2      5  13.639  13.639      62.152       1.000
 3 Stereochemical cosine torsion poten:       4       0      1  84.050  84.050      3.8750       1.000
 4 Stereochemical improper torsion pot:       3       1      1  20.460  20.460      45.876       1.000
 5 Soft-sphere overlap restraints     :      10       0      0   0.010   0.010     0.11889       1.000
 6 Lennard-Jones 6-12 potential       :       0       0      0   0.000   0.000      0.0000       1.000
 7 Coulomb point-point electrostatic p:       0       0      0   0.000   0.000      0.0000       1.000
 8 H-bonding potential                :       0       0      0   0.000   0.000      0.0000       1.000
 9 Distance restraints 1 (CA-CA)      :       0       0      0   0.000   0.000      0.0000       1.000
10 Distance restraints 2 (N-O)        :       0       0      0   0.000   0.000      0.0000       1.000
11 Mainchain Phi dihedral restraints  :       0       0      0   0.000   0.000      0.0000       1.000
12 Mainchain Psi dihedral restraints  :       0       0      0   0.000   0.000      0.0000       1.000
13 Mainchain Omega dihedral restraints:       2       1      1  20.727  20.727      10.132       1.000
14 Sidechain Chi_1 dihedral restraints:       1       0      0  13.475  13.475     0.35884       1.000
15 Sidechain Chi_2 dihedral restraints:       1       0      0  96.298  96.298     0.71161       1.000
16 Sidechain Chi_3 dihedral restraints:       1       0      0 108.834 108.834     0.98919       1.000
17 Sidechain Chi_4 dihedral restraints:       1       0      0  14.543  14.543     0.34700       1.000
18 Disulfide distance restraints      :       0       0      0   0.000   0.000      0.0000       1.000
19 Disulfide angle restraints         :       0       0      0   0.000   0.000      0.0000       1.000
20 Disulfide dihedral angle restraints:       0       0      0   0.000   0.000      0.0000       1.000
21 Lower bound distance restraints    :       0       0      0   0.000   0.000      0.0000       1.000
22 Upper bound distance restraints    :       0       0      0   0.000   0.000      0.0000       1.000
23 Distance restraints 3 (SDCH-MNCH)  :       0       0      0   0.000   0.000      0.0000       1.000
24 Sidechain Chi_5 dihedral restraints:       0       0      0   0.000   0.000      0.0000       1.000
25 Phi/Psi pair of dihedral restraints:       3       1      1  47.038  47.038      7.8866       1.000
26 Distance restraints 4 (SDCH-SDCH)  :       0       0      0   0.000   0.000      0.0000       1.000
27 Distance restraints 5 (X-Y)        :       0       0      0   0.000   0.000      0.0000       1.000
28 NMR distance restraints 6 (X-Y)    :       0       0      0   0.000   0.000      0.0000       1.000
29 NMR distance restraints 7 (X-Y)    :       0       0      0   0.000   0.000      0.0000       1.000
30 Minimal distance restraints        :       0       0      0   0.000   0.000      0.0000       1.000
31 Non-bonded restraints              :       0       0      0   0.000   0.000      0.0000       1.000
32 Atomic accessibility restraints    :       0       0      0   0.000   0.000      0.0000       1.000
33 Atomic density restraints          :       0       0      0   0.000   0.000      0.0000       1.000
34 Absolute position restraints       :       0       0      0   0.000   0.000      0.0000       1.000
35 Dihedral angle difference restraint:       0       0      0   0.000   0.000      0.0000       1.000
36 GBSA implicit solvent potential    :       0       0      0   0.000   0.000      0.0000       1.000
37 EM density fitting potential       :       0       0      0   0.000   0.000      0.0000       1.000
38 SAXS restraints                    :       0       0      0   0.000   0.000      0.0000       1.000
39 Symmetry restraints                :       0       0      0   0.000   0.000      0.0000       1.000



openf___224_> Open           4ZJV_A_full.V99990001
# Heavy relative violation of each residue is written to: 4ZJV_A_full.V99990001
# The profile is NOT normalized by the number of restraints.
# The profiles are smoothed over a window of residues:    1
# The sum of all numbers in the file:     358.7919



List of the violated restraints:
   A restraint is violated when the relative difference
   from the best value (RVIOL) is larger than CUTOFF.

   ICSR   ... index of a restraint in the current set.
   RESNO  ... residue numbers of the first two atoms.
   ATM    ... IUPAC atom names of the first two atoms.
   FEAT   ... the value of the feature in the model.
   restr  ... the mean of the basis restraint with the smallest
              difference from the model (local minimum).
   viol   ... difference from the local minimum.
   rviol  ... relative difference from the local minimum.
   RESTR  ... the best value (global minimum).
   VIOL   ... difference from the best value.
   RVIOL  ... relative difference from the best value.


-------------------------------------------------------------------------------------------------

Feature 25                           : Phi/Psi pair of dihedral restraints     
List of the RVIOL violations larger than   :       6.5000

    #   ICSR  RESNO1/2 ATM1/2   INDATM1/2    FEAT   restr    viol   rviol   RESTR    VIOL   RVIOL
    1   7767  34E  35K C   N     269  271  -87.17  -62.90   75.49    8.80  -62.90   75.49    8.80
    1         35K  35K N   CA    271  272   30.68  -40.80                  -40.80


report______> Distribution of short non-bonded contacts:


DISTANCE1:  0.00 2.10 2.20 2.30 2.40 2.50 2.60 2.70 2.80 2.90 3.00 3.10 3.20 3.30 3.40
DISTANCE2:  2.10 2.20 2.30 2.40 2.50 2.60 2.70 2.80 2.90 3.00 3.10 3.20 3.30 3.40 3.50
FREQUENCY:     0    0    0    1    2    5   13   38   76  112  136  205  262  326  378


<< end of ENERGY.
openf___224_> Open           4ZJV_A_full.B99990001.pdb
wrpdb___568_> Residues, atoms, selected atoms:      277     2224     2224

>> Summary of successfully produced models:
Filename                          molpdf
----------------------------------------
4ZJV_A_full.B99990001.pdb      140.19859


Dynamically allocated memory at          finish [B,KiB,MiB]:      5056469    4937.958     4.822
Starting time                                            : 2018/02/20 13:03:01
Closing time                                             : 2018/02/20 13:03:02
Total CPU time [seconds]                                 :       1.68
