
                         MODELLER 9.19, 2017/07/19, r11078

     PROTEIN STRUCTURE MODELLING BY SATISFACTION OF SPATIAL RESTRAINTS


                     Copyright(c) 1989-2017 Andrej Sali
                            All Rights Reserved

                             Written by A. Sali
                               with help from
              B. Webb, M.S. Madhusudhan, M-Y. Shen, G.Q. Dong,
          M.A. Marti-Renom, N. Eswar, F. Alber, M. Topf, B. Oliva,
             A. Fiser, R. Sanchez, B. Yerkovich, A. Badretdinov,
                     F. Melo, J.P. Overington, E. Feyfant
                 University of California, San Francisco, USA
                    Rockefeller University, New York, USA
                      Harvard University, Cambridge, USA
                   Imperial Cancer Research Fund, London, UK
              Birkbeck College, University of London, London, UK


Kind, OS, HostName, Kernel, Processor: 4, Linux german-xps 4.14.6-041406-generic x86_64
Date and time of compilation         : 2017/07/19 15:03:51
MODELLER executable type             : x86_64-intel8
Job starting time (YY/MM/DD HH:MM:SS): 2018/02/20 13:04:12

openf___224_> Open           $(LIB)/restyp.lib
openf___224_> Open           ${MODINSTALL9v19}/modlib/resgrp.lib
rdresgr_266_> Number of residue groups:        2
openf___224_> Open           ${MODINSTALL9v19}/modlib/sstruc.lib

Dynamically allocated memory at   amaxlibraries [B,KiB,MiB]:       191566     187.076     0.183

Dynamically allocated memory at   amaxlibraries [B,KiB,MiB]:       192094     187.592     0.183
openf___224_> Open           ${MODINSTALL9v19}/modlib/resdih.lib

Dynamically allocated memory at   amaxlibraries [B,KiB,MiB]:       240694     235.053     0.230
rdrdih__263_> Number of dihedral angle types         :        9
              Maximal number of dihedral angle optima:        3
              Dihedral angle names                   :  Alph Phi Psi Omeg chi1 chi2 chi3 chi4 chi5
openf___224_> Open           ${MODINSTALL9v19}/modlib/radii.lib

Dynamically allocated memory at   amaxlibraries [B,KiB,MiB]:       253994     248.041     0.242
openf___224_> Open           ${MODINSTALL9v19}/modlib/radii14.lib
openf___224_> Open           ${MODINSTALL9v19}/modlib/af_mnchdef.lib
rdwilmo_274_> Mainchain residue conformation classes:  APBLE
openf___224_> Open           ${MODINSTALL9v19}/modlib/mnch.lib
rdclass_257_> Number of classes:        5
openf___224_> Open           ${MODINSTALL9v19}/modlib/mnch1.lib
openf___224_> Open           ${MODINSTALL9v19}/modlib/mnch2.lib
openf___224_> Open           ${MODINSTALL9v19}/modlib/mnch3.lib
openf___224_> Open           ${MODINSTALL9v19}/modlib/xs4.mat
rdrrwgh_268_> Number of residue types:       21
openf___224_> Open           /home/german/labo/18/egfr/model/5EM7_A/to_model_5EM7_A

Dynamically allocated memory at   amaxalignment [B,KiB,MiB]:       265487     259.265     0.253

Dynamically allocated memory at   amaxalignment [B,KiB,MiB]:       266937     260.681     0.255

Dynamically allocated memory at   amaxalignment [B,KiB,MiB]:       269837     263.513     0.257

Dynamically allocated memory at   amaxalignment [B,KiB,MiB]:       275637     269.177     0.263

Dynamically allocated memory at   amaxalignment [B,KiB,MiB]:       392693     383.489     0.375

Dynamically allocated memory at    amaxsequence [B,KiB,MiB]:       393889     384.657     0.376

Dynamically allocated memory at    amaxsequence [B,KiB,MiB]:       394993     385.735     0.377

Read the alignment from file       : /home/german/labo/18/egfr/model/5EM7_A/to_model_5EM7_A
Total number of alignment positions:   317

  #  Code        #_Res #_Segm PDB_code    Name
-------------------------------------------------------------------------------
  1     5EM7_A     300      1      5EM7_A
  2  5EM7_A_fu     277      1
check_a_343_> >> BEGINNING OF COMMAND
openf___224_> Open           ./5EM7_A.pdb

Dynamically allocated memory at amaxcoordinates [B,KiB,MiB]:       486718     475.311     0.464

Dynamically allocated memory at    amaxsequence [B,KiB,MiB]:       486718     475.311     0.464

Dynamically allocated memory at amaxcoordinates [B,KiB,MiB]:       486889     475.478     0.464

Dynamically allocated memory at amaxcoordinates [B,KiB,MiB]:       487739     476.308     0.465

Dynamically allocated memory at amaxcoordinates [B,KiB,MiB]:       488997     477.536     0.466

Dynamically allocated memory at amaxcoordinates [B,KiB,MiB]:       490901     479.396     0.468

Dynamically allocated memory at    amaxsequence [B,KiB,MiB]:       490901     479.396     0.468

Dynamically allocated memory at amaxcoordinates [B,KiB,MiB]:       490991     479.483     0.468

Dynamically allocated memory at amaxcoordinates [B,KiB,MiB]:       493847     482.272     0.471

Dynamically allocated memory at    amaxsequence [B,KiB,MiB]:       493847     482.272     0.471

Dynamically allocated memory at amaxcoordinates [B,KiB,MiB]:       493982     482.404     0.471

Dynamically allocated memory at amaxcoordinates [B,KiB,MiB]:       498266     486.588     0.475

Dynamically allocated memory at    amaxsequence [B,KiB,MiB]:       498266     486.588     0.475

Dynamically allocated memory at amaxcoordinates [B,KiB,MiB]:       498464     486.781     0.475

Dynamically allocated memory at amaxcoordinates [B,KiB,MiB]:       504890     493.057     0.482

Dynamically allocated memory at    amaxsequence [B,KiB,MiB]:       504890     493.057     0.482

Dynamically allocated memory at amaxcoordinates [B,KiB,MiB]:       505187     493.347     0.482

Dynamically allocated memory at amaxcoordinates [B,KiB,MiB]:       514809     502.743     0.491

Dynamically allocated memory at    amaxsequence [B,KiB,MiB]:       514809     502.743     0.491

Dynamically allocated memory at amaxcoordinates [B,KiB,MiB]:       515259     503.183     0.491

Dynamically allocated memory at amaxcoordinates [B,KiB,MiB]:       529709     517.294     0.505

Dynamically allocated memory at    amaxsequence [B,KiB,MiB]:       529709     517.294     0.505

Dynamically allocated memory at amaxcoordinates [B,KiB,MiB]:       530384     517.953     0.506

Dynamically allocated memory at amaxcoordinates [B,KiB,MiB]:       552042     539.104     0.526

Dynamically allocated memory at    amaxsequence [B,KiB,MiB]:       552042     539.104     0.526

Dynamically allocated memory at amaxcoordinates [B,KiB,MiB]:       553050     540.088     0.527

Dynamically allocated memory at amaxcoordinates [B,KiB,MiB]:       585554     571.830     0.558

Dynamically allocated memory at   amaxstructure [B,KiB,MiB]:       585221     571.505     0.558

check_ali___> Checking the sequence-structure alignment. 

Implied intrachain target CA(i)-CA(i+1) distances longer than  8.0 angstroms:

ALN_POS  TMPL  RID1  RID2  NAM1  NAM2     DIST
----------------------------------------------
     54     1  746   750      E     A    9.911
END OF TABLE
check_a_344_> << END OF COMMAND
openf___224_> Open           ${LIB}/top_heav.lib
read_to_681_> topology.submodel read from topology file:        3
openf___224_> Open           ${LIB}/par.lib

Dynamically allocated memory at  amaxparameters [B,KiB,MiB]:       724473     707.493     0.691

Dynamically allocated memory at  amaxparameters [B,KiB,MiB]:       726073     709.056     0.692

Dynamically allocated memory at  amaxparameters [B,KiB,MiB]:       730053     712.942     0.696

Dynamically allocated memory at  amaxparameters [B,KiB,MiB]:       732053     714.896     0.698

Dynamically allocated memory at  amaxparameters [B,KiB,MiB]:       735053     717.825     0.701

Dynamically allocated memory at  amaxparameters [B,KiB,MiB]:       739553     722.220     0.705

Dynamically allocated memory at  amaxparameters [B,KiB,MiB]:       745125     727.661     0.711

Dynamically allocated memory at  amaxparameters [B,KiB,MiB]:       747925     730.396     0.713

Dynamically allocated memory at  amaxparameters [B,KiB,MiB]:       752125     734.497     0.717

Dynamically allocated memory at  amaxparameters [B,KiB,MiB]:       758425     740.649     0.723

Dynamically allocated memory at  amaxparameters [B,KiB,MiB]:       761197     743.356     0.726

Dynamically allocated memory at  amaxparameters [B,KiB,MiB]:       762597     744.724     0.727
read_pa_232_> parameters    BONDS   ANGLS  DIHEDS IMPROPS    MODE
                              227     561     661     112       0

Dynamically allocated memory at       amaxmodel [B,KiB,MiB]:       805929     787.040     0.769

Dynamically allocated memory at       amaxmodel [B,KiB,MiB]:      1026037    1001.989     0.979

Dynamically allocated memory at       amaxmodel [B,KiB,MiB]:      1059037    1034.216     1.010

mkilst______> segment topology constructed from sequence and RTF:
              segments residues atoms bonds angles dihedrals impropers:
                     1      277  2227  2277      0         0       924

Dynamically allocated memory at       amaxmodel [B,KiB,MiB]:      1154445    1127.388     1.101

patch_______> segment topology patched using RTF:     1  ;  LEU  ;  NTER
              segments residues atoms bonds angles dihedrals impropers:
                     1      277  2227  2277   3077      3657       924


Dynamically allocated memory at       amaxmodel [B,KiB,MiB]:      1246541    1217.325     1.189
patch_______> segment topology patched using RTF:   277  ;  LEU  ;  CTER
              segments residues atoms bonds angles dihedrals impropers:
                     1      277  2228  2278   3079      3659       925

genseg______> segment topology constructed from sequence and RTF:
              segments residues atoms bonds angles dihedrals impropers:
                     1      277  2228  2278   3079      3659       925
transfe_506_> MODEL is an average of all templates.
transfe_511_> Number of templates for coordinate transfer:        1
              After transferring coordinates of the equivalent template atoms,
              there are defined, undefined atoms in MODEL:     2093      135
openf___224_> Open           5EM7_A_full.ini
wrpdb___568_> Residues, atoms, selected atoms:      277     2228     2228
make_re_417_> Restraint type to be calculated:  stereo

Dynamically allocated memory at  amaxrestraints [B,KiB,MiB]:      1353590    1321.865     1.291

Dynamically allocated memory at  amaxrestraints [B,KiB,MiB]:      1361782    1329.865     1.299

Dynamically allocated memory at  amaxrestraints [B,KiB,MiB]:      1378166    1345.865     1.314

Dynamically allocated memory at  amaxrestraints [B,KiB,MiB]:      1410934    1377.865     1.346

Dynamically allocated memory at  amaxrestraints [B,KiB,MiB]:      1443702    1409.865     1.377

Dynamically allocated memory at  amaxrestraints [B,KiB,MiB]:      1509238    1473.865     1.439

Dynamically allocated memory at  amaxrestraints [B,KiB,MiB]:      1542006    1505.865     1.471

Dynamically allocated memory at  amaxrestraints [B,KiB,MiB]:      1574774    1537.865     1.502

Dynamically allocated memory at  amaxrestraints [B,KiB,MiB]:      1640310    1601.865     1.564

Dynamically allocated memory at  amaxrestraints [B,KiB,MiB]:      1771382    1729.865     1.689

Dynamically allocated memory at  amaxrestraints [B,KiB,MiB]:      1836918    1793.865     1.752

Dynamically allocated memory at  amaxrestraints [B,KiB,MiB]:      1902454    1857.865     1.814

Dynamically allocated memory at  amaxrestraints [B,KiB,MiB]:      2033526    1985.865     1.939

Dynamically allocated memory at  amaxrestraints [B,KiB,MiB]:      2295670    2241.865     2.189
r_stere_606_> Stereochemical restraints were constructed from RTF & PRMF.
              Added bond,angle,dihedral,improper restraints  :     2278    3079    3500     911
              Total number of restraints before, now         :        0     9768
make_re_422_> Number of previous, current restraints         :        0     9768
make_re_423_> Number of previous, current selected restraints:        0     9768
make_re_417_> Restraint type to be calculated:  phi-psi_binormal

Dynamically allocated memory at   amaxstructure [B,KiB,MiB]:      2456450    2398.877     2.343
openf___224_> Open           ${MODINSTALL9v19}/modlib/mnch1.bin
openf___224_> Open           ${MODINSTALL9v19}/modlib/mnch1.mdt
getdata_643_> Protein accepted:  5EM7_A
getdata_289_> Proteins (all/accepted):        1        1

Dynamically allocated memory at  amaxrestraints [B,KiB,MiB]:      2587538    2526.893     2.468
make_re_422_> Number of previous, current restraints         :     9768    10043
make_re_423_> Number of previous, current selected restraints:     9768    10043
make_re_417_> Restraint type to be calculated:  omega_dihedral

Dynamically allocated memory at   amaxstructure [B,KiB,MiB]:      2587538    2526.893     2.468
openf___224_> Open           ${MODINSTALL9v19}/modlib/omega.bin
openf___224_> Open           ${MODINSTALL9v19}/modlib/omega.mdt
getdata_643_> Protein accepted:  5EM7_A
getdata_289_> Proteins (all/accepted):        1        1
omgdel__425_> Unselected all O C +N +CA dihedrals:      290
              (This is to avoid clashes between STEREO
              and OMEGA_DIHEDRAL restraints)
make_re_422_> Number of previous, current restraints         :    10043    10319
make_re_423_> Number of previous, current selected restraints:    10043    10029
make_re_417_> Restraint type to be calculated:  chi1_dihedral

Dynamically allocated memory at   amaxstructure [B,KiB,MiB]:      2587538    2526.893     2.468
openf___224_> Open           ${MODINSTALL9v19}/modlib/chi1234.bin
openf___224_> Open           ${MODINSTALL9v19}/modlib/chi1.mdt
getdata_643_> Protein accepted:  5EM7_A
getdata_289_> Proteins (all/accepted):        1        1

Dynamically allocated memory at  amaxrestraints [B,KiB,MiB]:      2718610    2654.893     2.593
make_re_422_> Number of previous, current restraints         :    10319    10563
make_re_423_> Number of previous, current selected restraints:    10029    10273
make_re_417_> Restraint type to be calculated:  chi2_dihedral

Dynamically allocated memory at   amaxstructure [B,KiB,MiB]:      2718610    2654.893     2.593
openf___224_> Open           ${MODINSTALL9v19}/modlib/chi1234.bin
openf___224_> Open           ${MODINSTALL9v19}/modlib/chi2.mdt
getdata_643_> Protein accepted:  5EM7_A
getdata_289_> Proteins (all/accepted):        1        1
make_re_422_> Number of previous, current restraints         :    10563    10756
make_re_423_> Number of previous, current selected restraints:    10273    10466
make_re_417_> Restraint type to be calculated:  chi3_dihedral

Dynamically allocated memory at   amaxstructure [B,KiB,MiB]:      2718610    2654.893     2.593
openf___224_> Open           ${MODINSTALL9v19}/modlib/chi1234.bin
openf___224_> Open           ${MODINSTALL9v19}/modlib/chi3.mdt
getdata_643_> Protein accepted:  5EM7_A
getdata_289_> Proteins (all/accepted):        1        1
make_re_422_> Number of previous, current restraints         :    10756    10847
make_re_423_> Number of previous, current selected restraints:    10466    10557
make_re_417_> Restraint type to be calculated:  chi4_dihedral

Dynamically allocated memory at   amaxstructure [B,KiB,MiB]:      2718610    2654.893     2.593
openf___224_> Open           ${MODINSTALL9v19}/modlib/chi1234.bin
openf___224_> Open           ${MODINSTALL9v19}/modlib/chi4.mdt
mdtrsr__446W> A potential that relies on one protein is used, yet you have at
              least one known structure available. MDT, not library, potential is used.
getdata_643_> Protein accepted:  5EM7_A
getdata_289_> Proteins (all/accepted):        1        1
make_re_422_> Number of previous, current restraints         :    10847    10885
make_re_423_> Number of previous, current selected restraints:    10557    10595
make_re_417_> Restraint type to be calculated:  DISTANCE

Dynamically allocated memory at amaxhash_contac [B,KiB,MiB]:      3360238    3281.482     3.205
make_re_422_> Number of previous, current restraints         :    10885    16114
make_re_423_> Number of previous, current selected restraints:    10595    15824
make_re_417_> Restraint type to be calculated:  DISTANCE

Dynamically allocated memory at  amaxrestraints [B,KiB,MiB]:      3622382    3537.482     3.455

Dynamically allocated memory at  amaxrestraints [B,KiB,MiB]:      3884526    3793.482     3.705

Dynamically allocated memory at  amaxrestraints [B,KiB,MiB]:      4408814    4305.482     4.205
make_re_422_> Number of previous, current restraints         :    16114    21406
make_re_423_> Number of previous, current selected restraints:    15824    21116
make_re_417_> Restraint type to be calculated:  DISTANCE

Dynamically allocated memory at  amaxrestraints [B,KiB,MiB]:      4670958    4561.482     4.455
make_re_422_> Number of previous, current restraints         :    21406    25510
make_re_423_> Number of previous, current selected restraints:    21116    25220
make_re_417_> Restraint type to be calculated:  DISTANCE
make_re_422_> Number of previous, current restraints         :    25510    28278
make_re_423_> Number of previous, current selected restraints:    25220    27988
0 atoms in HETATM/BLK residues constrained
to protein atoms within 2.30 angstroms
and protein CA atoms within 10.00 angstroms
make_re_417_> Restraint type to be calculated:  DISTANCE
make_re_422_> Number of previous, current restraints         :    28278    28278
make_re_423_> Number of previous, current selected restraints:    27988    27988
make_re_417_> Restraint type to be calculated:  DISTANCE
make_re_422_> Number of previous, current restraints         :    28278    28278
make_re_423_> Number of previous, current selected restraints:    27988    27988
make_re_417_> Restraint type to be calculated:  DISTANCE
make_re_422_> Number of previous, current restraints         :    28278    28278
make_re_423_> Number of previous, current selected restraints:    27988    27988
make_re_417_> Restraint type to be calculated:  DISTANCE
make_re_422_> Number of previous, current restraints         :    28278    28278
make_re_423_> Number of previous, current selected restraints:    27988    27988
0 atoms in residues without defined topology
constrained to be rigid bodies
make_re_417_> Restraint type to be calculated:  DISTANCE
make_re_422_> Number of previous, current restraints         :    28278    28278
make_re_423_> Number of previous, current selected restraints:    27988    27988
rmdupl__427_>     1740 redundant cosine dihedral restraints were unselected.
condens_443_> Restraints marked for deletion were removed.
              Total number of restraints before, now:    28278    26248
openf___224_> Open           5EM7_A_full.rsr
openf___224_> Open           5EM7_A_full.rsr

Dynamically allocated memory at  amaxrestraints [B,KiB,MiB]:      4712133    4601.692     4.494
rdcsr2__307_> Number of restraints read    :    26248
              Number of excluded pairs read:        0
              Number of pseudo atoms read  :        0
rdcsrs__304_> Restraints in memory, selected restraints:    26248    26248
              Explicitly excluded atom pairs in memory :        0
              Pseudo atoms in memory                   :        0
193 (of 2228 total) atoms selected for optimization
openf___224_> Open           5EM7_A_full.ini

Dynamically allocated memory at       amaxmodel [B,KiB,MiB]:      4712157    4601.716     4.494
read_mo_297_> Segments, residues, atoms:        1      277     2228
read_mo_298_> Segment:        1     1   277     2228
randomi_498_> Atoms,selected atoms,random_seed,amplitude:     2228      193        1        4.0000
randomi_496_> Amplitude is > 0; randomization is done.
pick_re_612_> Number of MODEL atoms, selected restraints;      193     1186
pick_re_612_> Number of MODEL atoms, selected restraints;      193     1321
pick_re_612_> Number of MODEL atoms, selected restraints;      193     1402
pick_re_612_> Number of MODEL atoms, selected restraints;      193     1486
pick_re_612_> Number of MODEL atoms, selected restraints;      193     1628
pick_re_612_> Number of MODEL atoms, selected restraints;      193     1822
pick_re_612_> Number of MODEL atoms, selected restraints;      193     2180
pick_re_612_> Number of MODEL atoms, selected restraints;      193     2490

Dynamically allocated memory at  amaxrestraints [B,KiB,MiB]:      5058209    4939.657     4.824
pick_re_612_> Number of MODEL atoms, selected restraints;      193     2536
pick_re_612_> Number of MODEL atoms, selected restraints;      193     2536
pick_re_612_> Number of MODEL atoms, selected restraints;      193     2536
iupac_m_486_> OE1/2 will be swapped:     -144.1742        9     9
iupac_m_483_> CD1/2 CE1/2 swapped:       95.6282       21    21
iupac_m_397W> Atoms were not swapped because of the uncertainty of how to handle the H atom.
iupac_m_483_> CD1/2 CE1/2 swapped:       95.5925       25    25
iupac_m_397W> Atoms were not swapped because of the uncertainty of how to handle the H atom.
iupac_m_486_> OE1/2 will be swapped:     -108.1056       32    32
iupac_m_486_> OE1/2 will be swapped:     -116.0228       34    34
iupac_m_486_> OE1/2 will be swapped:      179.9720       44    44
iupac_m_487_> NH1/2 swapped:      180.0000       46    46
iupac_m_486_> OE1/2 will be swapped:      122.3692       56    56
iupac_m_485_> OD1/2 will be swapped:      142.0790       98    98
iupac_m_483_> CD1/2 CE1/2 swapped:      -93.2105       99    99
iupac_m_397W> Atoms were not swapped because of the uncertainty of how to handle the H atom.
iupac_m_486_> OE1/2 will be swapped:     -137.0735      102   102
iupac_m_486_> OE1/2 will be swapped:     -166.2559      127   127
iupac_m_485_> OD1/2 will be swapped:      151.0262      128   128
iupac_m_485_> OD1/2 will be swapped:     -160.4053      135   135
iupac_m_486_> OE1/2 will be swapped:     -180.0000      163   163
iupac_m_486_> OE1/2 will be swapped:      179.9720      164   164
iupac_m_486_> OE1/2 will be swapped:     -179.9720      166   166
iupac_m_486_> OE1/2 will be swapped:     -179.3268      170   170
iupac_m_487_> NH1/2 swapped:      179.8733      187   187
iupac_m_483_> CD1/2 CE1/2 swapped:      -93.1150      189   189
iupac_m_397W> Atoms were not swapped because of the uncertainty of how to handle the H atom.
iupac_m_484W> Dihedral still outside +-90:       91.2967
iupac_m_485_> OD1/2 will be swapped:      172.5421      194   194
iupac_m_483_> CD1/2 CE1/2 swapped:      -91.1254      198   198
iupac_m_397W> Atoms were not swapped because of the uncertainty of how to handle the H atom.
iupac_m_483_> CD1/2 CE1/2 swapped:      -97.7484      213   213
iupac_m_397W> Atoms were not swapped because of the uncertainty of how to handle the H atom.
iupac_m_485_> OD1/2 will be swapped:     -150.1053      214   214
iupac_m_486_> OE1/2 will be swapped:      165.2528      229   229
iupac_m_483_> CD1/2 CE1/2 swapped:     -125.5503      242   242
iupac_m_397W> Atoms were not swapped because of the uncertainty of how to handle the H atom.
iupac_m_485_> OD1/2 will be swapped:      147.4811      254   254
iupac_m_487_> NH1/2 swapped:     -178.9991      256   256
iupac_m_486_> OE1/2 will be swapped:      115.5490      265   265
iupac_m_487_> NH1/2 swapped:      179.2710      271   271
iupac_m_485_> OD1/2 will be swapped:      172.8447      272   272
iupac_m_487_> NH1/2 swapped:     -179.5956      275   275
iupac_m_483_> CD1/2 CE1/2 swapped:       99.0337      276   276
iupac_m_397W> Atoms were not swapped because of the uncertainty of how to handle the H atom.


>> ENERGY; Differences between the model's features and restraints:
Number of all residues in MODEL                   :      277
Number of all, selected real atoms                :     2228     193
Number of all, selected pseudo atoms              :        0       0
Number of all static, selected restraints         :    26248    2536
COVALENT_CYS                                      :        F
NONBONDED_SEL_ATOMS                               :        1
Number of non-bonded pairs (excluding 1-2,1-3,1-4):      674
Dynamic pairs routine                             : 5, NATM_SEL x NATM double loop
Atomic shift for contacts update (UPDATE_DYNAMIC) :    0.390
LENNARD_JONES_SWITCH                              :    6.500   7.500
COULOMB_JONES_SWITCH                              :    6.500   7.500
RESIDUE_SPAN_RANGE                                :        0   99999
NLOGN_USE                                         :       15
CONTACT_SHELL                                     :    4.000
DYNAMIC_PAIRS,_SPHERE,_COULOMB,_LENNARD,_MODELLER :        T       T       F       F       F
SPHERE_STDV                                       :    0.050
RADII_FACTOR                                      :    0.820
Current energy                                    :        2223.7720





Summary of the restraint violations: 

   NUM     ... number of restraints.
   NUMVI   ... number of restraints with RVIOL > VIOL_REPORT_CUT[i].
   RVIOL   ... relative difference from the best value.
   NUMVP   ... number of restraints with -Ln(pdf) > VIOL_REPORT_CUT2[i].
   RMS_1   ... RMS(feature, minimally_violated_basis_restraint, NUMB).
   RMS_2   ... RMS(feature, best_value, NUMB).
   MOL.PDF ... scaled contribution to -Ln(Molecular pdf).

 #                     RESTRAINT_GROUP      NUM   NUMVI  NUMVP   RMS_1   RMS_2         MOL.PDF     S_i
------------------------------------------------------------------------------------------------------
 1 Bond length potential              :     201      24     28   0.081   0.081      381.47       1.000
 2 Bond angle potential               :     274      16     36   8.063   8.063      381.06       1.000
 3 Stereochemical cosine torsion poten:     135       0      7  50.525  50.525      49.413       1.000
 4 Stereochemical improper torsion pot:      78       2      3   5.552   5.552      59.136       1.000
 5 Soft-sphere overlap restraints     :     674      22     36   0.092   0.092      670.56       1.000
 6 Lennard-Jones 6-12 potential       :       0       0      0   0.000   0.000      0.0000       1.000
 7 Coulomb point-point electrostatic p:       0       0      0   0.000   0.000      0.0000       1.000
 8 H-bonding potential                :       0       0      0   0.000   0.000      0.0000       1.000
 9 Distance restraints 1 (CA-CA)      :     577      17     30   0.908   0.908      423.75       1.000
10 Distance restraints 2 (N-O)        :     564       6     16   0.548   0.548      126.99       1.000
11 Mainchain Phi dihedral restraints  :       0       0      0   0.000   0.000      0.0000       1.000
12 Mainchain Psi dihedral restraints  :       0       0      0   0.000   0.000      0.0000       1.000
13 Mainchain Omega dihedral restraints:      26       0      6   8.796   8.796      23.721       1.000
14 Sidechain Chi_1 dihedral restraints:      19       0      1  64.218  64.218      11.463       1.000
15 Sidechain Chi_2 dihedral restraints:      18       0      0  59.287  59.287      6.0831       1.000
16 Sidechain Chi_3 dihedral restraints:      10       0      1  84.342  84.342      6.1956       1.000
17 Sidechain Chi_4 dihedral restraints:       5       0      0 121.295 121.295      3.8167       1.000
18 Disulfide distance restraints      :       0       0      0   0.000   0.000      0.0000       1.000
19 Disulfide angle restraints         :       0       0      0   0.000   0.000      0.0000       1.000
20 Disulfide dihedral angle restraints:       0       0      0   0.000   0.000      0.0000       1.000
21 Lower bound distance restraints    :       0       0      0   0.000   0.000      0.0000       1.000
22 Upper bound distance restraints    :       0       0      0   0.000   0.000      0.0000       1.000
23 Distance restraints 3 (SDCH-MNCH)  :     315       0      0   0.756   0.756      10.708       1.000
24 Sidechain Chi_5 dihedral restraints:       0       0      0   0.000   0.000      0.0000       1.000
25 Phi/Psi pair of dihedral restraints:      28       7      9  44.310  93.100      36.504       1.000
26 Distance restraints 4 (SDCH-SDCH)  :     286       0      0   1.105   1.105      32.906       1.000
27 Distance restraints 5 (X-Y)        :       0       0      0   0.000   0.000      0.0000       1.000
28 NMR distance restraints 6 (X-Y)    :       0       0      0   0.000   0.000      0.0000       1.000
29 NMR distance restraints 7 (X-Y)    :       0       0      0   0.000   0.000      0.0000       1.000
30 Minimal distance restraints        :       0       0      0   0.000   0.000      0.0000       1.000
31 Non-bonded restraints              :       0       0      0   0.000   0.000      0.0000       1.000
32 Atomic accessibility restraints    :       0       0      0   0.000   0.000      0.0000       1.000
33 Atomic density restraints          :       0       0      0   0.000   0.000      0.0000       1.000
34 Absolute position restraints       :       0       0      0   0.000   0.000      0.0000       1.000
35 Dihedral angle difference restraint:       0       0      0   0.000   0.000      0.0000       1.000
36 GBSA implicit solvent potential    :       0       0      0   0.000   0.000      0.0000       1.000
37 EM density fitting potential       :       0       0      0   0.000   0.000      0.0000       1.000
38 SAXS restraints                    :       0       0      0   0.000   0.000      0.0000       1.000
39 Symmetry restraints                :       0       0      0   0.000   0.000      0.0000       1.000



openf___224_> Open           5EM7_A_full.V99990001
# Heavy relative violation of each residue is written to: 5EM7_A_full.V99990001
# The profile is NOT normalized by the number of restraints.
# The profiles are smoothed over a window of residues:    1
# The sum of all numbers in the file:    6095.9824



List of the violated restraints:
   A restraint is violated when the relative difference
   from the best value (RVIOL) is larger than CUTOFF.

   ICSR   ... index of a restraint in the current set.
   RESNO  ... residue numbers of the first two atoms.
   ATM    ... IUPAC atom names of the first two atoms.
   FEAT   ... the value of the feature in the model.
   restr  ... the mean of the basis restraint with the smallest
              difference from the model (local minimum).
   viol   ... difference from the local minimum.
   rviol  ... relative difference from the local minimum.
   RESTR  ... the best value (global minimum).
   VIOL   ... difference from the best value.
   RVIOL  ... relative difference from the best value.


-------------------------------------------------------------------------------------------------

Feature  1                           : Bond length potential                   
List of the RVIOL violations larger than   :       4.5000

    #   ICSR  RESNO1/2 ATM1/2   INDATM1/2    FEAT   restr    viol   rviol   RESTR    VIOL   RVIOL
    1   1342 166E 167Y C   N    1318 1320    1.57    1.35    0.22    7.96    1.35    0.22    7.96
    2   1352 167Y 167Y N   CA   1320 1321    1.63    1.43    0.20    6.57    1.43    0.20    6.57
    3   1354 167Y 167Y C   CA   1330 1321    1.73    1.49    0.24    6.88    1.49    0.24    6.88
    4   1355 167Y 168H C   N    1330 1332    1.50    1.35    0.15    5.36    1.35    0.15    5.36
    5   1362 168H 168H N   CA   1332 1333    1.61    1.43    0.18    6.03    1.43    0.18    6.03
    6   1364 168H 168H C   CA   1340 1333    1.71    1.49    0.22    6.33    1.49    0.22    6.33
    7   1365 168H 169A C   N    1340 1342    1.50    1.35    0.16    5.56    1.35    0.16    5.56
    8   1368 169A 169A N   CA   1342 1343    1.62    1.43    0.19    6.14    1.43    0.19    6.14
    9   1370 169A 169A C   CA   1345 1343    1.72    1.49    0.23    6.65    1.49    0.23    6.65
   10   1371 169A 170E C   N    1345 1347    1.51    1.35    0.16    5.78    1.35    0.16    5.78
   11   1377 170E 170E N   CA   1347 1348    1.62    1.43    0.19    6.23    1.43    0.19    6.23
   12   1379 170E 170E C   CA   1354 1348    1.72    1.49    0.23    6.79    1.49    0.23    6.79
   13   1380 170E 171G C   N    1354 1356    1.51    1.35    0.17    5.91    1.35    0.17    5.91
   14   1381 171G 171G N   CA   1356 1357    1.62    1.43    0.19    6.30    1.43    0.19    6.30
   15   1383 171G 171G C   CA   1358 1357    1.72    1.49    0.23    6.77    1.49    0.23    6.77
   16   1384 171G 172G C   N    1358 1360    1.51    1.35    0.16    5.77    1.35    0.16    5.77
   17   1385 172G 172G N   CA   1360 1361    1.68    1.43    0.25    8.28    1.43    0.25    8.28
   18   1387 172G 172G C   CA   1362 1361    1.78    1.49    0.29    8.40    1.49    0.29    8.40
   19   1389 173K 173K CB  CA   1366 1365    1.74    1.54    0.20    5.44    1.54    0.20    5.44
   20   1394 173K 173K N   CA   1364 1365    1.57    1.43    0.14    4.52    1.43    0.14    4.52
   21   1396 173K 173K C   CA   1371 1365    2.04    1.49    0.55   16.02    1.49    0.55   16.02
   22   1397 173K 174V C   N    1371 1373    1.56    1.35    0.21    7.56    1.35    0.21    7.56
   23   1401 174V 174V N   CA   1373 1374    1.65    1.43    0.22    7.33    1.43    0.22    7.33
   24   1403 174V 174V C   CA   1378 1374    1.68    1.49    0.19    5.55    1.49    0.19    5.55

-------------------------------------------------------------------------------------------------

Feature  2                           : Bond angle potential                    
List of the RVIOL violations larger than   :       4.5000

    #   ICSR  RESNO1/2 ATM1/2   INDATM1/2    FEAT   restr    viol   rviol   RESTR    VIOL   RVIOL
    1   4087 166E 167Y C   N    1318 1320  154.73  120.00   34.73    7.89  120.00   34.73    7.89
    2   4108 168H 168H N   CA   1332 1333  129.71  107.00   22.71    6.53  107.00   22.71    6.53
    3   4123 169A 169A N   CA   1342 1343  127.65  107.00   20.65    5.94  107.00   20.65    5.94
    4   4130 170E 170E N   CA   1347 1348  129.81  107.00   22.81    6.56  107.00   22.81    6.56
    5   4141 171G 171G N   CA   1356 1357  131.70  107.00   24.70    7.10  107.00   24.70    7.10
    6   4144 171G 172G C   N    1358 1360  141.18  120.00   21.18    4.81  120.00   21.18    4.81
    7   4146 172G 172G N   CA   1360 1361  128.75  107.00   21.75    6.25  107.00   21.75    6.25
    8   4152 173K 173K N   CA   1364 1365  131.90  107.00   24.90    7.16  107.00   24.90    7.16
    9   4155 173K 173K CA  C    1365 1371  132.35  116.50   15.85    4.56  116.50   15.85    4.56
   10   4156 173K 173K CB  CG   1366 1367  132.04  113.60   18.44    4.53  113.60   18.44    4.53
   11   4157 173K 173K CG  CD   1367 1368  140.15  113.60   26.55    6.52  113.60   26.55    6.52
   12   4159 173K 173K C   CA   1371 1365  131.28  108.00   23.27    5.39  108.00   23.27    5.39
   13   4163 174V 174V N   CA   1373 1374  136.21  107.00   29.21    8.40  107.00   29.21    8.40

-------------------------------------------------------------------------------------------------

Feature  9                           : Distance restraints 1 (CA-CA)           
List of the RVIOL violations larger than   :       4.5000

    #   ICSR  RESNO1/2 ATM1/2   INDATM1/2    FEAT   restr    viol   rviol   RESTR    VIOL   RVIOL
    1  12438 174V 217P CA  CA   1374 1731   16.31   13.28    3.03    5.47   13.28    3.03    5.47
    2  12439 174V 218A CA  CA   1374 1738   12.63    9.86    2.77    5.65    9.86    2.77    5.65

-------------------------------------------------------------------------------------------------

Feature 10                           : Distance restraints 2 (N-O)             
List of the RVIOL violations larger than   :       4.5000

    #   ICSR  RESNO1/2 ATM1/2   INDATM1/2    FEAT   restr    viol   rviol   RESTR    VIOL   RVIOL
    1  18259 218A 174V N   O    1737 1379   12.24    8.76    3.48    6.53    8.76    3.48    6.53

-------------------------------------------------------------------------------------------------

Feature 25                           : Phi/Psi pair of dihedral restraints     
List of the RVIOL violations larger than   :       6.5000

    #   ICSR  RESNO1/2 ATM1/2   INDATM1/2    FEAT   restr    viol   rviol   RESTR    VIOL   RVIOL
    1   7903 165K 166E C   N    1309 1311  179.96  -63.60  118.65   19.72  -63.60  118.65   19.72
    1        166E 166E N   CA   1311 1312  -63.09  -40.30                  -40.30
    2   7904 166E 167Y C   N    1318 1320  178.78 -124.30   59.22    4.83  -63.50 -159.36   27.68
    2        167Y 167Y N   CA   1320 1321  119.08  135.40                  -43.40
    3   7905 167Y 168H C   N    1330 1332  155.85 -125.60   90.45    2.32  -63.20 -165.47   32.77
    3        168H 168H N   CA   1332 1333 -176.36  138.80                  -42.30
    4   7906 168H 169A C   N    1340 1342 -131.23 -134.00   39.24    2.29  -62.50  149.67   28.21
    4        169A 169A N   CA   1342 1343 -173.86  147.00                  -40.90
    5   7907 169A 170E C   N    1345 1347 -144.79 -117.80   66.65    2.72  -63.60  146.51   23.96
    5        170E 170E N   CA   1347 1348 -162.25  136.80                  -40.30
    6   7909 171G 172G C   N    1358 1360  134.07   78.70   57.75    2.43   82.20  176.77   11.06
    6        172G 172G N   CA   1360 1361  177.49 -166.10                    8.50
    7   7910 172G 173K C   N    1362 1364 -153.17 -118.00   94.41    3.99  -62.90  129.23   21.94
    7        173K 173K N   CA   1364 1365 -133.28  139.10                  -40.80


report______> Distribution of short non-bonded contacts:

  serious non-bonded atom clash:   167  354   2.220
  serious non-bonded atom clash:   168  354   1.673
  serious non-bonded atom clash:   338  368   1.356
  serious non-bonded atom clash:   339  368   2.283
  serious non-bonded atom clash:   340  368   1.389
  serious non-bonded atom clash:   340  369   2.122
  serious non-bonded atom clash:   341  368   2.088
  serious non-bonded atom clash:   341  369   1.658
  serious non-bonded atom clash:   341  375   1.297
  serious non-bonded atom clash:   341  376   2.093
  serious non-bonded atom clash:   342  368   2.121
  serious non-bonded atom clash:   342  369   0.711
  serious non-bonded atom clash:   342  370   1.751
  serious non-bonded atom clash:   342  375   1.122
  serious non-bonded atom clash:   342  376   2.222
  serious non-bonded atom clash:   343  369   2.230
  serious non-bonded atom clash:   343  375   1.870
  serious non-bonded atom clash:   344  371   1.640
  serious non-bonded atom clash:   345  370   1.934
  serious non-bonded atom clash:   345  371   0.817
  serious non-bonded atom clash:   345  372   1.352
  serious non-bonded atom clash:   345  373   1.948
  serious non-bonded atom clash:   347  375   1.559
  serious non-bonded atom clash:   347  376   1.517
  serious non-bonded atom clash:   348  376   1.912
  serious non-bonded atom clash:   349  375   2.046
  serious non-bonded atom clash:   349  376   2.125
  serious non-bonded atom clash:   358  381   1.703
  serious non-bonded atom clash:   359  380   1.929
  serious non-bonded atom clash:   359  381   1.284
  serious non-bonded atom clash:   360  378   1.866
  serious non-bonded atom clash:   360  380   0.550
  serious non-bonded atom clash:   360  381   1.079
  serious non-bonded atom clash:   360  382   1.475
  serious non-bonded atom clash:   361  378   1.846
  serious non-bonded atom clash:   361  380   1.614
  serious non-bonded atom clash:   361  382   1.683
  serious non-bonded atom clash:   362  380   2.279
  serious non-bonded atom clash:   362  382   1.471
  serious non-bonded atom clash:   366  381   2.082
  serious non-bonded atom clash:   367  381   2.125
  serious non-bonded atom clash:  1266 1269   2.122
  serious non-bonded atom clash:  1364 1498   2.107
  serious non-bonded atom clash:  1365 1451   1.794
  serious non-bonded atom clash:  1365 1539   1.962
  serious non-bonded atom clash:  1366 1451   2.168
  serious non-bonded atom clash:  1371 1451   2.269

DISTANCE1:  0.00 2.10 2.20 2.30 2.40 2.50 2.60 2.70 2.80 2.90 3.00 3.10 3.20 3.30 3.40
DISTANCE2:  2.10 2.20 2.30 2.40 2.50 2.60 2.70 2.80 2.90 3.00 3.10 3.20 3.30 3.40 3.50
FREQUENCY:    34    7    6   11   11   18   22   58   93  112  137  183  249  376  387


<< end of ENERGY.
openf___224_> Open           5EM7_A_full.B99990001.pdb
wrpdb___568_> Residues, atoms, selected atoms:      277     2228     2228

>> Summary of successfully produced models:
Filename                          molpdf
----------------------------------------
5EM7_A_full.B99990001.pdb     2223.77197


Dynamically allocated memory at          finish [B,KiB,MiB]:      5058209    4939.657     4.824
Starting time                                            : 2018/02/20 13:04:12
Closing time                                             : 2018/02/20 13:04:19
Total CPU time [seconds]                                 :       6.97
