
                         MODELLER 9.19, 2017/07/19, r11078

     PROTEIN STRUCTURE MODELLING BY SATISFACTION OF SPATIAL RESTRAINTS


                     Copyright(c) 1989-2017 Andrej Sali
                            All Rights Reserved

                             Written by A. Sali
                               with help from
              B. Webb, M.S. Madhusudhan, M-Y. Shen, G.Q. Dong,
          M.A. Marti-Renom, N. Eswar, F. Alber, M. Topf, B. Oliva,
             A. Fiser, R. Sanchez, B. Yerkovich, A. Badretdinov,
                     F. Melo, J.P. Overington, E. Feyfant
                 University of California, San Francisco, USA
                    Rockefeller University, New York, USA
                      Harvard University, Cambridge, USA
                   Imperial Cancer Research Fund, London, UK
              Birkbeck College, University of London, London, UK


Kind, OS, HostName, Kernel, Processor: 4, Linux german-xps 4.14.6-041406-generic x86_64
Date and time of compilation         : 2017/07/19 15:03:51
MODELLER executable type             : x86_64-intel8
Job starting time (YY/MM/DD HH:MM:SS): 2018/02/20 13:02:36

openf___224_> Open           $(LIB)/restyp.lib
openf___224_> Open           ${MODINSTALL9v19}/modlib/resgrp.lib
rdresgr_266_> Number of residue groups:        2
openf___224_> Open           ${MODINSTALL9v19}/modlib/sstruc.lib

Dynamically allocated memory at   amaxlibraries [B,KiB,MiB]:       191566     187.076     0.183

Dynamically allocated memory at   amaxlibraries [B,KiB,MiB]:       192094     187.592     0.183
openf___224_> Open           ${MODINSTALL9v19}/modlib/resdih.lib

Dynamically allocated memory at   amaxlibraries [B,KiB,MiB]:       240694     235.053     0.230
rdrdih__263_> Number of dihedral angle types         :        9
              Maximal number of dihedral angle optima:        3
              Dihedral angle names                   :  Alph Phi Psi Omeg chi1 chi2 chi3 chi4 chi5
openf___224_> Open           ${MODINSTALL9v19}/modlib/radii.lib

Dynamically allocated memory at   amaxlibraries [B,KiB,MiB]:       253994     248.041     0.242
openf___224_> Open           ${MODINSTALL9v19}/modlib/radii14.lib
openf___224_> Open           ${MODINSTALL9v19}/modlib/af_mnchdef.lib
rdwilmo_274_> Mainchain residue conformation classes:  APBLE
openf___224_> Open           ${MODINSTALL9v19}/modlib/mnch.lib
rdclass_257_> Number of classes:        5
openf___224_> Open           ${MODINSTALL9v19}/modlib/mnch1.lib
openf___224_> Open           ${MODINSTALL9v19}/modlib/mnch2.lib
openf___224_> Open           ${MODINSTALL9v19}/modlib/mnch3.lib
openf___224_> Open           ${MODINSTALL9v19}/modlib/xs4.mat
rdrrwgh_268_> Number of residue types:       21
openf___224_> Open           /home/german/labo/18/egfr/model/4LI5_A/to_model_4LI5_A

Dynamically allocated memory at   amaxalignment [B,KiB,MiB]:       265487     259.265     0.253

Dynamically allocated memory at   amaxalignment [B,KiB,MiB]:       266937     260.681     0.255

Dynamically allocated memory at   amaxalignment [B,KiB,MiB]:       269837     263.513     0.257

Dynamically allocated memory at   amaxalignment [B,KiB,MiB]:       275637     269.177     0.263

Dynamically allocated memory at   amaxalignment [B,KiB,MiB]:       392693     383.489     0.375

Dynamically allocated memory at    amaxsequence [B,KiB,MiB]:       393913     384.681     0.376

Dynamically allocated memory at    amaxsequence [B,KiB,MiB]:       395017     385.759     0.377

Read the alignment from file       : /home/german/labo/18/egfr/model/4LI5_A/to_model_4LI5_A
Total number of alignment positions:   306

  #  Code        #_Res #_Segm PDB_code    Name
-------------------------------------------------------------------------------
  1     4LI5_A     306      1      4LI5_A
  2  4LI5_A_fu     277      1
check_a_343_> >> BEGINNING OF COMMAND
openf___224_> Open           ./4LI5_A.pdb

Dynamically allocated memory at amaxcoordinates [B,KiB,MiB]:       488542     477.092     0.466

Dynamically allocated memory at    amaxsequence [B,KiB,MiB]:       488542     477.092     0.466

Dynamically allocated memory at amaxcoordinates [B,KiB,MiB]:       488713     477.259     0.466

Dynamically allocated memory at amaxcoordinates [B,KiB,MiB]:       489563     478.089     0.467

Dynamically allocated memory at amaxcoordinates [B,KiB,MiB]:       490821     479.317     0.468

Dynamically allocated memory at amaxcoordinates [B,KiB,MiB]:       492725     481.177     0.470

Dynamically allocated memory at    amaxsequence [B,KiB,MiB]:       492725     481.177     0.470

Dynamically allocated memory at amaxcoordinates [B,KiB,MiB]:       492815     481.265     0.470

Dynamically allocated memory at amaxcoordinates [B,KiB,MiB]:       495671     484.054     0.473

Dynamically allocated memory at    amaxsequence [B,KiB,MiB]:       495671     484.054     0.473

Dynamically allocated memory at amaxcoordinates [B,KiB,MiB]:       495806     484.186     0.473

Dynamically allocated memory at amaxcoordinates [B,KiB,MiB]:       500090     488.369     0.477

Dynamically allocated memory at    amaxsequence [B,KiB,MiB]:       500090     488.369     0.477

Dynamically allocated memory at amaxcoordinates [B,KiB,MiB]:       500288     488.562     0.477

Dynamically allocated memory at amaxcoordinates [B,KiB,MiB]:       506714     494.838     0.483

Dynamically allocated memory at    amaxsequence [B,KiB,MiB]:       506714     494.838     0.483

Dynamically allocated memory at amaxcoordinates [B,KiB,MiB]:       507011     495.128     0.484

Dynamically allocated memory at amaxcoordinates [B,KiB,MiB]:       516633     504.524     0.493

Dynamically allocated memory at    amaxsequence [B,KiB,MiB]:       516633     504.524     0.493

Dynamically allocated memory at amaxcoordinates [B,KiB,MiB]:       517083     504.964     0.493

Dynamically allocated memory at amaxcoordinates [B,KiB,MiB]:       531533     519.075     0.507

Dynamically allocated memory at    amaxsequence [B,KiB,MiB]:       531533     519.075     0.507

Dynamically allocated memory at amaxcoordinates [B,KiB,MiB]:       532208     519.734     0.508

Dynamically allocated memory at amaxcoordinates [B,KiB,MiB]:       553866     540.885     0.528

Dynamically allocated memory at    amaxsequence [B,KiB,MiB]:       553866     540.885     0.528

Dynamically allocated memory at amaxcoordinates [B,KiB,MiB]:       554874     541.869     0.529

Dynamically allocated memory at amaxcoordinates [B,KiB,MiB]:       587378     573.611     0.560

Dynamically allocated memory at   amaxstructure [B,KiB,MiB]:       587099     573.339     0.560

check_ali___> Checking the sequence-structure alignment. 

Implied intrachain target CA(i)-CA(i+1) distances longer than  8.0 angstroms:

ALN_POS  TMPL  RID1  RID2  NAM1  NAM2     DIST
----------------------------------------------
END OF TABLE
check_a_344_> << END OF COMMAND
openf___224_> Open           ${LIB}/top_heav.lib
read_to_681_> topology.submodel read from topology file:        3
openf___224_> Open           ${LIB}/par.lib

Dynamically allocated memory at  amaxparameters [B,KiB,MiB]:       726351     709.327     0.693

Dynamically allocated memory at  amaxparameters [B,KiB,MiB]:       727951     710.890     0.694

Dynamically allocated memory at  amaxparameters [B,KiB,MiB]:       731931     714.776     0.698

Dynamically allocated memory at  amaxparameters [B,KiB,MiB]:       733931     716.729     0.700

Dynamically allocated memory at  amaxparameters [B,KiB,MiB]:       736931     719.659     0.703

Dynamically allocated memory at  amaxparameters [B,KiB,MiB]:       741431     724.054     0.707

Dynamically allocated memory at  amaxparameters [B,KiB,MiB]:       747003     729.495     0.712

Dynamically allocated memory at  amaxparameters [B,KiB,MiB]:       749803     732.229     0.715

Dynamically allocated memory at  amaxparameters [B,KiB,MiB]:       754003     736.331     0.719

Dynamically allocated memory at  amaxparameters [B,KiB,MiB]:       760303     742.483     0.725

Dynamically allocated memory at  amaxparameters [B,KiB,MiB]:       763075     745.190     0.728

Dynamically allocated memory at  amaxparameters [B,KiB,MiB]:       764475     746.558     0.729
read_pa_232_> parameters    BONDS   ANGLS  DIHEDS IMPROPS    MODE
                              227     561     661     112       0

Dynamically allocated memory at       amaxmodel [B,KiB,MiB]:       807807     788.874     0.770

Dynamically allocated memory at       amaxmodel [B,KiB,MiB]:      1027523    1003.440     0.980

Dynamically allocated memory at       amaxmodel [B,KiB,MiB]:      1060507    1035.651     1.011

mkilst______> segment topology constructed from sequence and RTF:
              segments residues atoms bonds angles dihedrals impropers:
                     1      277  2223  2273      0         0       925

Dynamically allocated memory at       amaxmodel [B,KiB,MiB]:      1155831    1128.741     1.102

patch_______> segment topology patched using RTF:     1  ;  LEU  ;  NTER
              segments residues atoms bonds angles dihedrals impropers:
                     1      277  2223  2273   3074      3654       925


Dynamically allocated memory at       amaxmodel [B,KiB,MiB]:      1247927    1218.679     1.190
patch_______> segment topology patched using RTF:   277  ;  LEU  ;  CTER
              segments residues atoms bonds angles dihedrals impropers:
                     1      277  2224  2274   3076      3656       926

genseg______> segment topology constructed from sequence and RTF:
              segments residues atoms bonds angles dihedrals impropers:
                     1      277  2224  2274   3076      3656       926
transfe_506_> MODEL is an average of all templates.
transfe_511_> Number of templates for coordinate transfer:        1
              After transferring coordinates of the equivalent template atoms,
              there are defined, undefined atoms in MODEL:     2223        1
openf___224_> Open           4LI5_A_full.ini
wrpdb___568_> Residues, atoms, selected atoms:      277     2224     2224
make_re_417_> Restraint type to be calculated:  stereo

Dynamically allocated memory at  amaxrestraints [B,KiB,MiB]:      1354976    1323.219     1.292

Dynamically allocated memory at  amaxrestraints [B,KiB,MiB]:      1363168    1331.219     1.300

Dynamically allocated memory at  amaxrestraints [B,KiB,MiB]:      1379552    1347.219     1.316

Dynamically allocated memory at  amaxrestraints [B,KiB,MiB]:      1412320    1379.219     1.347

Dynamically allocated memory at  amaxrestraints [B,KiB,MiB]:      1445088    1411.219     1.378

Dynamically allocated memory at  amaxrestraints [B,KiB,MiB]:      1510624    1475.219     1.441

Dynamically allocated memory at  amaxrestraints [B,KiB,MiB]:      1543392    1507.219     1.472

Dynamically allocated memory at  amaxrestraints [B,KiB,MiB]:      1576160    1539.219     1.503

Dynamically allocated memory at  amaxrestraints [B,KiB,MiB]:      1641696    1603.219     1.566

Dynamically allocated memory at  amaxrestraints [B,KiB,MiB]:      1772768    1731.219     1.691

Dynamically allocated memory at  amaxrestraints [B,KiB,MiB]:      1838304    1795.219     1.753

Dynamically allocated memory at  amaxrestraints [B,KiB,MiB]:      1903840    1859.219     1.816

Dynamically allocated memory at  amaxrestraints [B,KiB,MiB]:      2034912    1987.219     1.941

Dynamically allocated memory at  amaxrestraints [B,KiB,MiB]:      2297056    2243.219     2.191
r_stere_606_> Stereochemical restraints were constructed from RTF & PRMF.
              Added bond,angle,dihedral,improper restraints  :     2274    3076    3497     912
              Total number of restraints before, now         :        0     9759
make_re_422_> Number of previous, current restraints         :        0     9759
make_re_423_> Number of previous, current selected restraints:        0     9759
make_re_417_> Restraint type to be calculated:  phi-psi_binormal

Dynamically allocated memory at   amaxstructure [B,KiB,MiB]:      2457700    2400.098     2.344
openf___224_> Open           ${MODINSTALL9v19}/modlib/mnch1.bin
openf___224_> Open           ${MODINSTALL9v19}/modlib/mnch1.mdt
getdata_643_> Protein accepted:  4LI5_A
getdata_289_> Proteins (all/accepted):        1        1

Dynamically allocated memory at  amaxrestraints [B,KiB,MiB]:      2588788    2528.113     2.469
make_re_422_> Number of previous, current restraints         :     9759    10034
make_re_423_> Number of previous, current selected restraints:     9759    10034
make_re_417_> Restraint type to be calculated:  omega_dihedral

Dynamically allocated memory at   amaxstructure [B,KiB,MiB]:      2588788    2528.113     2.469
openf___224_> Open           ${MODINSTALL9v19}/modlib/omega.bin
openf___224_> Open           ${MODINSTALL9v19}/modlib/omega.mdt
getdata_643_> Protein accepted:  4LI5_A
getdata_289_> Proteins (all/accepted):        1        1
omgdel__425_> Unselected all O C +N +CA dihedrals:      290
              (This is to avoid clashes between STEREO
              and OMEGA_DIHEDRAL restraints)
make_re_422_> Number of previous, current restraints         :    10034    10310
make_re_423_> Number of previous, current selected restraints:    10034    10020
make_re_417_> Restraint type to be calculated:  chi1_dihedral

Dynamically allocated memory at   amaxstructure [B,KiB,MiB]:      2588788    2528.113     2.469
openf___224_> Open           ${MODINSTALL9v19}/modlib/chi1234.bin
openf___224_> Open           ${MODINSTALL9v19}/modlib/chi1.mdt
getdata_643_> Protein accepted:  4LI5_A
getdata_289_> Proteins (all/accepted):        1        1

Dynamically allocated memory at  amaxrestraints [B,KiB,MiB]:      2719860    2656.113     2.594
make_re_422_> Number of previous, current restraints         :    10310    10554
make_re_423_> Number of previous, current selected restraints:    10020    10264
make_re_417_> Restraint type to be calculated:  chi2_dihedral

Dynamically allocated memory at   amaxstructure [B,KiB,MiB]:      2719860    2656.113     2.594
openf___224_> Open           ${MODINSTALL9v19}/modlib/chi1234.bin
openf___224_> Open           ${MODINSTALL9v19}/modlib/chi2.mdt
getdata_643_> Protein accepted:  4LI5_A
getdata_289_> Proteins (all/accepted):        1        1
make_re_422_> Number of previous, current restraints         :    10554    10746
make_re_423_> Number of previous, current selected restraints:    10264    10456
make_re_417_> Restraint type to be calculated:  chi3_dihedral

Dynamically allocated memory at   amaxstructure [B,KiB,MiB]:      2719860    2656.113     2.594
openf___224_> Open           ${MODINSTALL9v19}/modlib/chi1234.bin
openf___224_> Open           ${MODINSTALL9v19}/modlib/chi3.mdt
getdata_643_> Protein accepted:  4LI5_A
getdata_289_> Proteins (all/accepted):        1        1
make_re_422_> Number of previous, current restraints         :    10746    10835
make_re_423_> Number of previous, current selected restraints:    10456    10545
make_re_417_> Restraint type to be calculated:  chi4_dihedral

Dynamically allocated memory at   amaxstructure [B,KiB,MiB]:      2719860    2656.113     2.594
openf___224_> Open           ${MODINSTALL9v19}/modlib/chi1234.bin
openf___224_> Open           ${MODINSTALL9v19}/modlib/chi4.mdt
mdtrsr__446W> A potential that relies on one protein is used, yet you have at
              least one known structure available. MDT, not library, potential is used.
getdata_643_> Protein accepted:  4LI5_A
getdata_289_> Proteins (all/accepted):        1        1
make_re_422_> Number of previous, current restraints         :    10835    10872
make_re_423_> Number of previous, current selected restraints:    10545    10582
make_re_417_> Restraint type to be calculated:  DISTANCE

Dynamically allocated memory at amaxhash_contac [B,KiB,MiB]:      3360336    3281.578     3.205

Dynamically allocated memory at  amaxrestraints [B,KiB,MiB]:      3622480    3537.578     3.455
make_re_422_> Number of previous, current restraints         :    10872    16518
make_re_423_> Number of previous, current selected restraints:    10582    16228
make_re_417_> Restraint type to be calculated:  DISTANCE

Dynamically allocated memory at  amaxrestraints [B,KiB,MiB]:      4146768    4049.578     3.955

Dynamically allocated memory at  amaxrestraints [B,KiB,MiB]:      4408912    4305.578     4.205
make_re_422_> Number of previous, current restraints         :    16518    22198
make_re_423_> Number of previous, current selected restraints:    16228    21908
make_re_417_> Restraint type to be calculated:  DISTANCE

Dynamically allocated memory at  amaxrestraints [B,KiB,MiB]:      4671056    4561.578     4.455
make_re_422_> Number of previous, current restraints         :    22198    26788
make_re_423_> Number of previous, current selected restraints:    21908    26498
make_re_417_> Restraint type to be calculated:  DISTANCE
make_re_422_> Number of previous, current restraints         :    26788    29591
make_re_423_> Number of previous, current selected restraints:    26498    29301
0 atoms in HETATM/BLK residues constrained
to protein atoms within 2.30 angstroms
and protein CA atoms within 10.00 angstroms
make_re_417_> Restraint type to be calculated:  DISTANCE
make_re_422_> Number of previous, current restraints         :    29591    29591
make_re_423_> Number of previous, current selected restraints:    29301    29301
make_re_417_> Restraint type to be calculated:  DISTANCE
make_re_422_> Number of previous, current restraints         :    29591    29591
make_re_423_> Number of previous, current selected restraints:    29301    29301
make_re_417_> Restraint type to be calculated:  DISTANCE
make_re_422_> Number of previous, current restraints         :    29591    29591
make_re_423_> Number of previous, current selected restraints:    29301    29301
make_re_417_> Restraint type to be calculated:  DISTANCE
make_re_422_> Number of previous, current restraints         :    29591    29591
make_re_423_> Number of previous, current selected restraints:    29301    29301
0 atoms in residues without defined topology
constrained to be rigid bodies
make_re_417_> Restraint type to be calculated:  DISTANCE
make_re_422_> Number of previous, current restraints         :    29591    29591
make_re_423_> Number of previous, current selected restraints:    29301    29301
rmdupl__427_>     1736 redundant cosine dihedral restraints were unselected.
condens_443_> Restraints marked for deletion were removed.
              Total number of restraints before, now:    29591    27565
openf___224_> Open           4LI5_A_full.rsr
openf___224_> Open           4LI5_A_full.rsr

Dynamically allocated memory at  amaxrestraints [B,KiB,MiB]:      4710489    4600.087     4.492
rdcsr2__307_> Number of restraints read    :    27565
              Number of excluded pairs read:        0
              Number of pseudo atoms read  :        0
rdcsrs__304_> Restraints in memory, selected restraints:    27565    27565
              Explicitly excluded atom pairs in memory :        0
              Pseudo atoms in memory                   :        0
88 (of 2224 total) atoms selected for optimization
openf___224_> Open           4LI5_A_full.ini

Dynamically allocated memory at       amaxmodel [B,KiB,MiB]:      4710513    4600.110     4.492
read_mo_297_> Segments, residues, atoms:        1      277     2224
read_mo_298_> Segment:        1     1   277     2224
randomi_498_> Atoms,selected atoms,random_seed,amplitude:     2224       88        1        4.0000
randomi_496_> Amplitude is > 0; randomization is done.
pick_re_612_> Number of MODEL atoms, selected restraints;       88      557
pick_re_612_> Number of MODEL atoms, selected restraints;       88      618
pick_re_612_> Number of MODEL atoms, selected restraints;       88      640
pick_re_612_> Number of MODEL atoms, selected restraints;       88      640
pick_re_612_> Number of MODEL atoms, selected restraints;       88      689
pick_re_612_> Number of MODEL atoms, selected restraints;       88      826
pick_re_612_> Number of MODEL atoms, selected restraints;       88      856
pick_re_612_> Number of MODEL atoms, selected restraints;       88     1147

Dynamically allocated memory at  amaxrestraints [B,KiB,MiB]:      5056469    4937.958     4.822
pick_re_612_> Number of MODEL atoms, selected restraints;       88     1185
pick_re_612_> Number of MODEL atoms, selected restraints;       88     1185
pick_re_612_> Number of MODEL atoms, selected restraints;       88     1185
iupac_m_487_> NH1/2 swapped:      179.8113       74    74
iupac_m_487_> NH1/2 swapped:      179.8629      129   129
iupac_m_487_> NH1/2 swapped:      178.2474      139   139
iupac_m_486_> OE1/2 will be swapped:      102.5238      204   204
iupac_m_486_> OE1/2 will be swapped:      -93.3273      226   226
iupac_m_487_> NH1/2 swapped:     -179.5472      230   230
iupac_m_487_> NH1/2 swapped:     -178.8355      256   256
iupac_m_487_> NH1/2 swapped:     -180.0000      271   271


>> ENERGY; Differences between the model's features and restraints:
Number of all residues in MODEL                   :      277
Number of all, selected real atoms                :     2224      88
Number of all, selected pseudo atoms              :        0       0
Number of all static, selected restraints         :    27565    1185
COVALENT_CYS                                      :        F
NONBONDED_SEL_ATOMS                               :        1
Number of non-bonded pairs (excluding 1-2,1-3,1-4):      138
Dynamic pairs routine                             : 5, NATM_SEL x NATM double loop
Atomic shift for contacts update (UPDATE_DYNAMIC) :    0.390
LENNARD_JONES_SWITCH                              :    6.500   7.500
COULOMB_JONES_SWITCH                              :    6.500   7.500
RESIDUE_SPAN_RANGE                                :        0   99999
NLOGN_USE                                         :       15
CONTACT_SHELL                                     :    4.000
DYNAMIC_PAIRS,_SPHERE,_COULOMB,_LENNARD,_MODELLER :        T       T       F       F       F
SPHERE_STDV                                       :    0.050
RADII_FACTOR                                      :    0.820
Current energy                                    :          37.1536





Summary of the restraint violations: 

   NUM     ... number of restraints.
   NUMVI   ... number of restraints with RVIOL > VIOL_REPORT_CUT[i].
   RVIOL   ... relative difference from the best value.
   NUMVP   ... number of restraints with -Ln(pdf) > VIOL_REPORT_CUT2[i].
   RMS_1   ... RMS(feature, minimally_violated_basis_restraint, NUMB).
   RMS_2   ... RMS(feature, best_value, NUMB).
   MOL.PDF ... scaled contribution to -Ln(Molecular pdf).

 #                     RESTRAINT_GROUP      NUM   NUMVI  NUMVP   RMS_1   RMS_2         MOL.PDF     S_i
------------------------------------------------------------------------------------------------------
 1 Bond length potential              :      89       0      0   0.004   0.004     0.36322       1.000
 2 Bond angle potential               :     119       0      0   1.576   1.576      5.5162       1.000
 3 Stereochemical cosine torsion poten:      52       0      0  46.363  46.363      19.511       1.000
 4 Stereochemical improper torsion pot:      34       0      0   1.212   1.212     0.89289       1.000
 5 Soft-sphere overlap restraints     :     138       0      0   0.000   0.000      0.0000       1.000
 6 Lennard-Jones 6-12 potential       :       0       0      0   0.000   0.000      0.0000       1.000
 7 Coulomb point-point electrostatic p:       0       0      0   0.000   0.000      0.0000       1.000
 8 H-bonding potential                :       0       0      0   0.000   0.000      0.0000       1.000
 9 Distance restraints 1 (CA-CA)      :     270       0      0   0.072   0.072      1.3239       1.000
10 Distance restraints 2 (N-O)        :     262       0      0   0.115   0.115      3.1328       1.000
11 Mainchain Phi dihedral restraints  :       0       0      0   0.000   0.000      0.0000       1.000
12 Mainchain Psi dihedral restraints  :       0       0      0   0.000   0.000      0.0000       1.000
13 Mainchain Omega dihedral restraints:      10       0      0   3.505   3.505      1.4490       1.000
14 Sidechain Chi_1 dihedral restraints:      10       0      0  37.938  37.938     -1.7852       1.000
15 Sidechain Chi_2 dihedral restraints:       9       0      0   5.594   5.594     -1.2269       1.000
16 Sidechain Chi_3 dihedral restraints:       4       0      0  84.454  84.454      3.4903       1.000
17 Sidechain Chi_4 dihedral restraints:       2       0      0  59.632  59.632     0.99962       1.000
18 Disulfide distance restraints      :       0       0      0   0.000   0.000      0.0000       1.000
19 Disulfide angle restraints         :       0       0      0   0.000   0.000      0.0000       1.000
20 Disulfide dihedral angle restraints:       0       0      0   0.000   0.000      0.0000       1.000
21 Lower bound distance restraints    :       0       0      0   0.000   0.000      0.0000       1.000
22 Upper bound distance restraints    :       0       0      0   0.000   0.000      0.0000       1.000
23 Distance restraints 3 (SDCH-MNCH)  :     175       0      0   0.359   0.359      3.2021       1.000
24 Sidechain Chi_5 dihedral restraints:       0       0      0   0.000   0.000      0.0000       1.000
25 Phi/Psi pair of dihedral restraints:      10       0      0  11.037  11.037     -3.3674       1.000
26 Distance restraints 4 (SDCH-SDCH)  :     139       0      0   0.463   0.463      3.6524       1.000
27 Distance restraints 5 (X-Y)        :       0       0      0   0.000   0.000      0.0000       1.000
28 NMR distance restraints 6 (X-Y)    :       0       0      0   0.000   0.000      0.0000       1.000
29 NMR distance restraints 7 (X-Y)    :       0       0      0   0.000   0.000      0.0000       1.000
30 Minimal distance restraints        :       0       0      0   0.000   0.000      0.0000       1.000
31 Non-bonded restraints              :       0       0      0   0.000   0.000      0.0000       1.000
32 Atomic accessibility restraints    :       0       0      0   0.000   0.000      0.0000       1.000
33 Atomic density restraints          :       0       0      0   0.000   0.000      0.0000       1.000
34 Absolute position restraints       :       0       0      0   0.000   0.000      0.0000       1.000
35 Dihedral angle difference restraint:       0       0      0   0.000   0.000      0.0000       1.000
36 GBSA implicit solvent potential    :       0       0      0   0.000   0.000      0.0000       1.000
37 EM density fitting potential       :       0       0      0   0.000   0.000      0.0000       1.000
38 SAXS restraints                    :       0       0      0   0.000   0.000      0.0000       1.000
39 Symmetry restraints                :       0       0      0   0.000   0.000      0.0000       1.000



openf___224_> Open           4LI5_A_full.V99990001
# Heavy relative violation of each residue is written to: 4LI5_A_full.V99990001
# The profile is NOT normalized by the number of restraints.
# The profiles are smoothed over a window of residues:    1
# The sum of all numbers in the file:     685.1237



List of the violated restraints:
   A restraint is violated when the relative difference
   from the best value (RVIOL) is larger than CUTOFF.

   ICSR   ... index of a restraint in the current set.
   RESNO  ... residue numbers of the first two atoms.
   ATM    ... IUPAC atom names of the first two atoms.
   FEAT   ... the value of the feature in the model.
   restr  ... the mean of the basis restraint with the smallest
              difference from the model (local minimum).
   viol   ... difference from the local minimum.
   rviol  ... relative difference from the local minimum.
   RESTR  ... the best value (global minimum).
   VIOL   ... difference from the best value.
   RVIOL  ... relative difference from the best value.



report______> Distribution of short non-bonded contacts:


DISTANCE1:  0.00 2.10 2.20 2.30 2.40 2.50 2.60 2.70 2.80 2.90 3.00 3.10 3.20 3.30 3.40
DISTANCE2:  2.10 2.20 2.30 2.40 2.50 2.60 2.70 2.80 2.90 3.00 3.10 3.20 3.30 3.40 3.50
FREQUENCY:     0    0    0    1    0    6    7   23   55  134  135  179  279  329  349


<< end of ENERGY.
openf___224_> Open           4LI5_A_full.B99990001.pdb
wrpdb___568_> Residues, atoms, selected atoms:      277     2224     2224

>> Summary of successfully produced models:
Filename                          molpdf
----------------------------------------
4LI5_A_full.B99990001.pdb       37.15364


Dynamically allocated memory at          finish [B,KiB,MiB]:      5056469    4937.958     4.822
Starting time                                            : 2018/02/20 13:02:36
Closing time                                             : 2018/02/20 13:02:39
Total CPU time [seconds]                                 :       3.33
