
                         MODELLER 9.19, 2017/07/19, r11078

     PROTEIN STRUCTURE MODELLING BY SATISFACTION OF SPATIAL RESTRAINTS


                     Copyright(c) 1989-2017 Andrej Sali
                            All Rights Reserved

                             Written by A. Sali
                               with help from
              B. Webb, M.S. Madhusudhan, M-Y. Shen, G.Q. Dong,
          M.A. Marti-Renom, N. Eswar, F. Alber, M. Topf, B. Oliva,
             A. Fiser, R. Sanchez, B. Yerkovich, A. Badretdinov,
                     F. Melo, J.P. Overington, E. Feyfant
                 University of California, San Francisco, USA
                    Rockefeller University, New York, USA
                      Harvard University, Cambridge, USA
                   Imperial Cancer Research Fund, London, UK
              Birkbeck College, University of London, London, UK


Kind, OS, HostName, Kernel, Processor: 4, Linux german-xps 4.14.6-041406-generic x86_64
Date and time of compilation         : 2017/07/19 15:03:51
MODELLER executable type             : x86_64-intel8
Job starting time (YY/MM/DD HH:MM:SS): 2018/02/20 13:02:56

openf___224_> Open           $(LIB)/restyp.lib
openf___224_> Open           ${MODINSTALL9v19}/modlib/resgrp.lib
rdresgr_266_> Number of residue groups:        2
openf___224_> Open           ${MODINSTALL9v19}/modlib/sstruc.lib

Dynamically allocated memory at   amaxlibraries [B,KiB,MiB]:       191566     187.076     0.183

Dynamically allocated memory at   amaxlibraries [B,KiB,MiB]:       192094     187.592     0.183
openf___224_> Open           ${MODINSTALL9v19}/modlib/resdih.lib

Dynamically allocated memory at   amaxlibraries [B,KiB,MiB]:       240694     235.053     0.230
rdrdih__263_> Number of dihedral angle types         :        9
              Maximal number of dihedral angle optima:        3
              Dihedral angle names                   :  Alph Phi Psi Omeg chi1 chi2 chi3 chi4 chi5
openf___224_> Open           ${MODINSTALL9v19}/modlib/radii.lib

Dynamically allocated memory at   amaxlibraries [B,KiB,MiB]:       253994     248.041     0.242
openf___224_> Open           ${MODINSTALL9v19}/modlib/radii14.lib
openf___224_> Open           ${MODINSTALL9v19}/modlib/af_mnchdef.lib
rdwilmo_274_> Mainchain residue conformation classes:  APBLE
openf___224_> Open           ${MODINSTALL9v19}/modlib/mnch.lib
rdclass_257_> Number of classes:        5
openf___224_> Open           ${MODINSTALL9v19}/modlib/mnch1.lib
openf___224_> Open           ${MODINSTALL9v19}/modlib/mnch2.lib
openf___224_> Open           ${MODINSTALL9v19}/modlib/mnch3.lib
openf___224_> Open           ${MODINSTALL9v19}/modlib/xs4.mat
rdrrwgh_268_> Number of residue types:       21
openf___224_> Open           /home/german/labo/18/egfr/model/4ZAU_A/to_model_4ZAU_A

Dynamically allocated memory at   amaxalignment [B,KiB,MiB]:       265487     259.265     0.253

Dynamically allocated memory at   amaxalignment [B,KiB,MiB]:       266937     260.681     0.255

Dynamically allocated memory at   amaxalignment [B,KiB,MiB]:       269837     263.513     0.257

Dynamically allocated memory at   amaxalignment [B,KiB,MiB]:       275637     269.177     0.263

Dynamically allocated memory at   amaxalignment [B,KiB,MiB]:       392693     383.489     0.375

Dynamically allocated memory at    amaxsequence [B,KiB,MiB]:       393821     384.591     0.376

Dynamically allocated memory at    amaxsequence [B,KiB,MiB]:       394925     385.669     0.377

Read the alignment from file       : /home/german/labo/18/egfr/model/4ZAU_A/to_model_4ZAU_A
Total number of alignment positions:   297

  #  Code        #_Res #_Segm PDB_code    Name
-------------------------------------------------------------------------------
  1     4ZAU_A     283      1      4ZAU_A
  2  4ZAU_A_fu     277      1
check_a_343_> >> BEGINNING OF COMMAND
openf___224_> Open           ./4ZAU_A.pdb

Dynamically allocated memory at amaxcoordinates [B,KiB,MiB]:       481550     470.264     0.459

Dynamically allocated memory at    amaxsequence [B,KiB,MiB]:       481550     470.264     0.459

Dynamically allocated memory at amaxcoordinates [B,KiB,MiB]:       481721     470.431     0.459

Dynamically allocated memory at amaxcoordinates [B,KiB,MiB]:       482571     471.261     0.460

Dynamically allocated memory at amaxcoordinates [B,KiB,MiB]:       483829     472.489     0.461

Dynamically allocated memory at amaxcoordinates [B,KiB,MiB]:       485733     474.349     0.463

Dynamically allocated memory at    amaxsequence [B,KiB,MiB]:       485733     474.349     0.463

Dynamically allocated memory at amaxcoordinates [B,KiB,MiB]:       485823     474.437     0.463

Dynamically allocated memory at amaxcoordinates [B,KiB,MiB]:       488679     477.226     0.466

Dynamically allocated memory at    amaxsequence [B,KiB,MiB]:       488679     477.226     0.466

Dynamically allocated memory at amaxcoordinates [B,KiB,MiB]:       488814     477.357     0.466

Dynamically allocated memory at amaxcoordinates [B,KiB,MiB]:       493098     481.541     0.470

Dynamically allocated memory at    amaxsequence [B,KiB,MiB]:       493098     481.541     0.470

Dynamically allocated memory at amaxcoordinates [B,KiB,MiB]:       493296     481.734     0.470

Dynamically allocated memory at amaxcoordinates [B,KiB,MiB]:       499722     488.010     0.477

Dynamically allocated memory at    amaxsequence [B,KiB,MiB]:       499722     488.010     0.477

Dynamically allocated memory at amaxcoordinates [B,KiB,MiB]:       500019     488.300     0.477

Dynamically allocated memory at amaxcoordinates [B,KiB,MiB]:       509641     497.696     0.486

Dynamically allocated memory at    amaxsequence [B,KiB,MiB]:       509641     497.696     0.486

Dynamically allocated memory at amaxcoordinates [B,KiB,MiB]:       510091     498.136     0.486

Dynamically allocated memory at amaxcoordinates [B,KiB,MiB]:       524541     512.247     0.500

Dynamically allocated memory at    amaxsequence [B,KiB,MiB]:       524541     512.247     0.500

Dynamically allocated memory at amaxcoordinates [B,KiB,MiB]:       525216     512.906     0.501

Dynamically allocated memory at amaxcoordinates [B,KiB,MiB]:       546874     534.057     0.522

Dynamically allocated memory at    amaxsequence [B,KiB,MiB]:       546874     534.057     0.522

Dynamically allocated memory at amaxcoordinates [B,KiB,MiB]:       547882     535.041     0.523

Dynamically allocated memory at amaxcoordinates [B,KiB,MiB]:       580386     566.783     0.553

Dynamically allocated memory at   amaxstructure [B,KiB,MiB]:       579900     566.309     0.553

check_ali___> Checking the sequence-structure alignment. 

Implied intrachain target CA(i)-CA(i+1) distances longer than  8.0 angstroms:

ALN_POS  TMPL  RID1  RID2  NAM1  NAM2     DIST
----------------------------------------------
END OF TABLE
check_a_344_> << END OF COMMAND
openf___224_> Open           ${LIB}/top_heav.lib
read_to_681_> topology.submodel read from topology file:        3
openf___224_> Open           ${LIB}/par.lib

Dynamically allocated memory at  amaxparameters [B,KiB,MiB]:       719152     702.297     0.686

Dynamically allocated memory at  amaxparameters [B,KiB,MiB]:       720752     703.859     0.687

Dynamically allocated memory at  amaxparameters [B,KiB,MiB]:       724732     707.746     0.691

Dynamically allocated memory at  amaxparameters [B,KiB,MiB]:       726732     709.699     0.693

Dynamically allocated memory at  amaxparameters [B,KiB,MiB]:       729732     712.629     0.696

Dynamically allocated memory at  amaxparameters [B,KiB,MiB]:       734232     717.023     0.700

Dynamically allocated memory at  amaxparameters [B,KiB,MiB]:       739804     722.465     0.706

Dynamically allocated memory at  amaxparameters [B,KiB,MiB]:       742604     725.199     0.708

Dynamically allocated memory at  amaxparameters [B,KiB,MiB]:       746804     729.301     0.712

Dynamically allocated memory at  amaxparameters [B,KiB,MiB]:       753104     735.453     0.718

Dynamically allocated memory at  amaxparameters [B,KiB,MiB]:       755876     738.160     0.721

Dynamically allocated memory at  amaxparameters [B,KiB,MiB]:       757276     739.527     0.722
read_pa_232_> parameters    BONDS   ANGLS  DIHEDS IMPROPS    MODE
                              227     561     661     112       0

Dynamically allocated memory at       amaxmodel [B,KiB,MiB]:       800608     781.844     0.764

Dynamically allocated memory at       amaxmodel [B,KiB,MiB]:      1020324     996.410     0.973

Dynamically allocated memory at       amaxmodel [B,KiB,MiB]:      1053308    1028.621     1.005

mkilst______> segment topology constructed from sequence and RTF:
              segments residues atoms bonds angles dihedrals impropers:
                     1      277  2223  2273      0         0       925

Dynamically allocated memory at       amaxmodel [B,KiB,MiB]:      1148632    1121.711     1.095

patch_______> segment topology patched using RTF:     1  ;  LEU  ;  NTER
              segments residues atoms bonds angles dihedrals impropers:
                     1      277  2223  2273   3074      3654       925


Dynamically allocated memory at       amaxmodel [B,KiB,MiB]:      1240728    1211.648     1.183
patch_______> segment topology patched using RTF:   277  ;  LEU  ;  CTER
              segments residues atoms bonds angles dihedrals impropers:
                     1      277  2224  2274   3076      3656       926

genseg______> segment topology constructed from sequence and RTF:
              segments residues atoms bonds angles dihedrals impropers:
                     1      277  2224  2274   3076      3656       926
transfe_506_> MODEL is an average of all templates.
transfe_511_> Number of templates for coordinate transfer:        1
              After transferring coordinates of the equivalent template atoms,
              there are defined, undefined atoms in MODEL:     2031      193
openf___224_> Open           4ZAU_A_full.ini
wrpdb___568_> Residues, atoms, selected atoms:      277     2224     2224
make_re_417_> Restraint type to be calculated:  stereo

Dynamically allocated memory at  amaxrestraints [B,KiB,MiB]:      1347777    1316.188     1.285

Dynamically allocated memory at  amaxrestraints [B,KiB,MiB]:      1355969    1324.188     1.293

Dynamically allocated memory at  amaxrestraints [B,KiB,MiB]:      1372353    1340.188     1.309

Dynamically allocated memory at  amaxrestraints [B,KiB,MiB]:      1405121    1372.188     1.340

Dynamically allocated memory at  amaxrestraints [B,KiB,MiB]:      1437889    1404.188     1.371

Dynamically allocated memory at  amaxrestraints [B,KiB,MiB]:      1503425    1468.188     1.434

Dynamically allocated memory at  amaxrestraints [B,KiB,MiB]:      1536193    1500.188     1.465

Dynamically allocated memory at  amaxrestraints [B,KiB,MiB]:      1568961    1532.188     1.496

Dynamically allocated memory at  amaxrestraints [B,KiB,MiB]:      1634497    1596.188     1.559

Dynamically allocated memory at  amaxrestraints [B,KiB,MiB]:      1765569    1724.188     1.684

Dynamically allocated memory at  amaxrestraints [B,KiB,MiB]:      1831105    1788.188     1.746

Dynamically allocated memory at  amaxrestraints [B,KiB,MiB]:      1896641    1852.188     1.809

Dynamically allocated memory at  amaxrestraints [B,KiB,MiB]:      2027713    1980.188     1.934

Dynamically allocated memory at  amaxrestraints [B,KiB,MiB]:      2289857    2236.188     2.184
r_stere_606_> Stereochemical restraints were constructed from RTF & PRMF.
              Added bond,angle,dihedral,improper restraints  :     2274    3076    3497     912
              Total number of restraints before, now         :        0     9759
make_re_422_> Number of previous, current restraints         :        0     9759
make_re_423_> Number of previous, current selected restraints:        0     9759
make_re_417_> Restraint type to be calculated:  phi-psi_binormal

Dynamically allocated memory at   amaxstructure [B,KiB,MiB]:      2450501    2393.067     2.337
openf___224_> Open           ${MODINSTALL9v19}/modlib/mnch1.bin
openf___224_> Open           ${MODINSTALL9v19}/modlib/mnch1.mdt
errdih__638_> Missing atoms in a dihedral, residue index, residue type:        5       11  LYS
errdih__638_> Missing atoms in a dihedral, residue index, residue type:        5       16  LYS
errdih__638_> Missing atoms in a dihedral, residue index, residue type:        5       17  LYS
errdih__638_> Missing atoms in a dihedral, residue index, residue type:        5       19  LYS
errdih__638_> Missing atoms in a dihedral, residue index, residue type:        5       26  PHE
errdih__638_> Missing atoms in a dihedral, residue index, residue type:        5       37  GLU
errdih__638_> Missing atoms in a dihedral, residue index, residue type:        5       40  LYS
errdih__638_> Missing atoms in a dihedral, residue index, residue type:        5       50  ASN
errdih__638_> Missing atoms in a dihedral, residue index, residue type:        5       52  GLU
errdih__638_> Missing atoms in a dihedral, residue index, residue type:        5       53  ILE
errdih__638_> Missing atoms in a dihedral, residue index, residue type:        5       70  ARG
errdih__638_> Missing atoms in a dihedral, residue index, residue type:        5       98  GLU
errdih__638_> Missing atoms in a dihedral, residue index, residue type:        5      100  LYS
errdih__638_> Missing atoms in a dihedral, residue index, residue type:        5      102  ASN
errdih__638_> Missing atoms in a dihedral, residue index, residue type:        5      126  ARG
errdih__638_> Missing atoms in a dihedral, residue index, residue type:        5      155  LEU
errdih__638_> Missing atoms in a dihedral, residue index, residue type:        5      157  GLU
errdih__638_> Missing atoms in a dihedral, residue index, residue type:        5      158  LYS
errdih__638_> Missing atoms in a dihedral, residue index, residue type:        5      159  GLU
errdih__638_> Missing atoms in a dihedral, residue index, residue type:        5      163  GLU
errdih__638_> Missing atoms in a dihedral, residue index, residue type:        5      164  LYS
errdih__638_> Missing atoms in a dihedral, residue index, residue type:        5      211  GLU
errdih__638_> Missing atoms in a dihedral, residue index, residue type:        5      218  LYS
errdih__638_> Missing atoms in a dihedral, residue index, residue type:        5      271  GLN
errdih__638_> Missing atoms in a dihedral, residue index, residue type:        6       11  LYS
errdih__638_> Missing atoms in a dihedral, residue index, residue type:        6       16  LYS
errdih__638_> Missing atoms in a dihedral, residue index, residue type:        6       17  LYS
errdih__638_> Missing atoms in a dihedral, residue index, residue type:        6       19  LYS
errdih__638_> Missing atoms in a dihedral, residue index, residue type:        6       26  PHE
errdih__638_> Missing atoms in a dihedral, residue index, residue type:        6       37  GLU
errdih__638_> Missing atoms in a dihedral, residue index, residue type:        6       40  LYS
errdih__638_> Missing atoms in a dihedral, residue index, residue type:        6       50  ASN
errdih__638_> Missing atoms in a dihedral, residue index, residue type:        6       52  GLU
errdih__638_> Missing atoms in a dihedral, residue index, residue type:        6       53  ILE
errdih__638_> Missing atoms in a dihedral, residue index, residue type:        6       70  ARG
errdih__638_> Missing atoms in a dihedral, residue index, residue type:        6       98  GLU
errdih__638_> Missing atoms in a dihedral, residue index, residue type:        6      100  LYS
errdih__638_> Missing atoms in a dihedral, residue index, residue type:        6      102  ASN
errdih__638_> Missing atoms in a dihedral, residue index, residue type:        6      126  ARG
errdih__638_> Missing atoms in a dihedral, residue index, residue type:        6      155  LEU
errdih__638_> Missing atoms in a dihedral, residue index, residue type:        6      157  GLU
errdih__638_> Missing atoms in a dihedral, residue index, residue type:        6      158  LYS
errdih__638_> Missing atoms in a dihedral, residue index, residue type:        6      159  GLU
errdih__638_> Missing atoms in a dihedral, residue index, residue type:        6      163  GLU
errdih__638_> Missing atoms in a dihedral, residue index, residue type:        6      164  LYS
errdih__638_> Missing atoms in a dihedral, residue index, residue type:        6      211  GLU
errdih__638_> Missing atoms in a dihedral, residue index, residue type:        6      218  LYS
errdih__638_> Missing atoms in a dihedral, residue index, residue type:        6      271  GLN
errdih__638_> Missing atoms in a dihedral, residue index, residue type:        7       11  LYS
errdih__638_> Missing atoms in a dihedral, residue index, residue type:        7       16  LYS
errdih__638_> Missing atoms in a dihedral, residue index, residue type:        7       17  LYS
errdih__638_> Missing atoms in a dihedral, residue index, residue type:        7       19  LYS
errdih__638_> Missing atoms in a dihedral, residue index, residue type:        7       37  GLU
errdih__638_> Missing atoms in a dihedral, residue index, residue type:        7       40  LYS
errdih__638_> Missing atoms in a dihedral, residue index, residue type:        7       51  LYS
errdih__638_> Missing atoms in a dihedral, residue index, residue type:        7       52  GLU
errdih__638_> Missing atoms in a dihedral, residue index, residue type:        7       70  ARG
errdih__638_> Missing atoms in a dihedral, residue index, residue type:        7       98  GLU
errdih__638_> Missing atoms in a dihedral, residue index, residue type:        7      100  LYS
errdih__638_> Missing atoms in a dihedral, residue index, residue type:        7      126  ARG
errdih__638_> Missing atoms in a dihedral, residue index, residue type:        7      157  GLU
errdih__638_> Missing atoms in a dihedral, residue index, residue type:        7      158  LYS
errdih__638_> Missing atoms in a dihedral, residue index, residue type:        7      159  GLU
errdih__638_> Missing atoms in a dihedral, residue index, residue type:        7      163  GLU
errdih__638_> Missing atoms in a dihedral, residue index, residue type:        7      164  LYS
errdih__638_> Missing atoms in a dihedral, residue index, residue type:        7      211  GLU
errdih__638_> Missing atoms in a dihedral, residue index, residue type:        7      218  LYS
errdih__638_> Missing atoms in a dihedral, residue index, residue type:        7      271  GLN
errdih__638_> Missing atoms in a dihedral, residue index, residue type:        8       11  LYS
errdih__638_> Missing atoms in a dihedral, residue index, residue type:        8       16  LYS
errdih__638_> Missing atoms in a dihedral, residue index, residue type:        8       17  LYS
errdih__638_> Missing atoms in a dihedral, residue index, residue type:        8       19  LYS
errdih__638_> Missing atoms in a dihedral, residue index, residue type:        8       40  LYS
errdih__638_> Missing atoms in a dihedral, residue index, residue type:        8       51  LYS
errdih__638_> Missing atoms in a dihedral, residue index, residue type:        8       70  ARG
errdih__638_> Missing atoms in a dihedral, residue index, residue type:        8      100  LYS
errdih__638_> Missing atoms in a dihedral, residue index, residue type:        8      125  ARG
errdih__638_> Missing atoms in a dihedral, residue index, residue type:        8      126  ARG
errdih__638_> Missing atoms in a dihedral, residue index, residue type:        8      158  LYS
errdih__638_> Missing atoms in a dihedral, residue index, residue type:        8      164  LYS
errdih__638_> Missing atoms in a dihedral, residue index, residue type:        8      218  LYS
getdata_643_> Protein accepted:  4ZAU_A
getdata_289_> Proteins (all/accepted):        1        1

Dynamically allocated memory at  amaxrestraints [B,KiB,MiB]:      2581589    2521.083     2.462
make_re_422_> Number of previous, current restraints         :     9759    10034
make_re_423_> Number of previous, current selected restraints:     9759    10034
make_re_417_> Restraint type to be calculated:  omega_dihedral

Dynamically allocated memory at   amaxstructure [B,KiB,MiB]:      2581589    2521.083     2.462
openf___224_> Open           ${MODINSTALL9v19}/modlib/omega.bin
openf___224_> Open           ${MODINSTALL9v19}/modlib/omega.mdt
getdata_643_> Protein accepted:  4ZAU_A
getdata_289_> Proteins (all/accepted):        1        1
omgdel__425_> Unselected all O C +N +CA dihedrals:      290
              (This is to avoid clashes between STEREO
              and OMEGA_DIHEDRAL restraints)
make_re_422_> Number of previous, current restraints         :    10034    10310
make_re_423_> Number of previous, current selected restraints:    10034    10020
make_re_417_> Restraint type to be calculated:  chi1_dihedral

Dynamically allocated memory at   amaxstructure [B,KiB,MiB]:      2581589    2521.083     2.462
openf___224_> Open           ${MODINSTALL9v19}/modlib/chi1234.bin
openf___224_> Open           ${MODINSTALL9v19}/modlib/chi1.mdt
getdata_643_> Protein accepted:  4ZAU_A
getdata_289_> Proteins (all/accepted):        1        1

Dynamically allocated memory at  amaxrestraints [B,KiB,MiB]:      2712661    2649.083     2.587
make_re_422_> Number of previous, current restraints         :    10310    10554
make_re_423_> Number of previous, current selected restraints:    10020    10264
make_re_417_> Restraint type to be calculated:  chi2_dihedral

Dynamically allocated memory at   amaxstructure [B,KiB,MiB]:      2712661    2649.083     2.587
openf___224_> Open           ${MODINSTALL9v19}/modlib/chi1234.bin
openf___224_> Open           ${MODINSTALL9v19}/modlib/chi2.mdt
getdata_643_> Protein accepted:  4ZAU_A
getdata_289_> Proteins (all/accepted):        1        1
make_re_422_> Number of previous, current restraints         :    10554    10746
make_re_423_> Number of previous, current selected restraints:    10264    10456
make_re_417_> Restraint type to be calculated:  chi3_dihedral

Dynamically allocated memory at   amaxstructure [B,KiB,MiB]:      2712661    2649.083     2.587
openf___224_> Open           ${MODINSTALL9v19}/modlib/chi1234.bin
openf___224_> Open           ${MODINSTALL9v19}/modlib/chi3.mdt
getdata_643_> Protein accepted:  4ZAU_A
getdata_289_> Proteins (all/accepted):        1        1
make_re_422_> Number of previous, current restraints         :    10746    10835
make_re_423_> Number of previous, current selected restraints:    10456    10545
make_re_417_> Restraint type to be calculated:  chi4_dihedral

Dynamically allocated memory at   amaxstructure [B,KiB,MiB]:      2712661    2649.083     2.587
openf___224_> Open           ${MODINSTALL9v19}/modlib/chi1234.bin
openf___224_> Open           ${MODINSTALL9v19}/modlib/chi4.mdt
mdtrsr__446W> A potential that relies on one protein is used, yet you have at
              least one known structure available. MDT, not library, potential is used.
getdata_643_> Protein accepted:  4ZAU_A
getdata_289_> Proteins (all/accepted):        1        1
make_re_422_> Number of previous, current restraints         :    10835    10872
make_re_423_> Number of previous, current selected restraints:    10545    10582
make_re_417_> Restraint type to be calculated:  DISTANCE

Dynamically allocated memory at amaxhash_contac [B,KiB,MiB]:      3353137    3274.548     3.198
make_re_422_> Number of previous, current restraints         :    10872    16155
make_re_423_> Number of previous, current selected restraints:    10582    15865
make_re_417_> Restraint type to be calculated:  DISTANCE

Dynamically allocated memory at  amaxrestraints [B,KiB,MiB]:      3615281    3530.548     3.448

Dynamically allocated memory at  amaxrestraints [B,KiB,MiB]:      3877425    3786.548     3.698

Dynamically allocated memory at  amaxrestraints [B,KiB,MiB]:      4401713    4298.548     4.198
make_re_422_> Number of previous, current restraints         :    16155    21463
make_re_423_> Number of previous, current selected restraints:    15865    21173
make_re_417_> Restraint type to be calculated:  DISTANCE

Dynamically allocated memory at  amaxrestraints [B,KiB,MiB]:      4663857    4554.548     4.448
make_re_422_> Number of previous, current restraints         :    21463    25614
make_re_423_> Number of previous, current selected restraints:    21173    25324
make_re_417_> Restraint type to be calculated:  DISTANCE
make_re_422_> Number of previous, current restraints         :    25614    28100
make_re_423_> Number of previous, current selected restraints:    25324    27810
0 atoms in HETATM/BLK residues constrained
to protein atoms within 2.30 angstroms
and protein CA atoms within 10.00 angstroms
make_re_417_> Restraint type to be calculated:  DISTANCE
make_re_422_> Number of previous, current restraints         :    28100    28100
make_re_423_> Number of previous, current selected restraints:    27810    27810
make_re_417_> Restraint type to be calculated:  DISTANCE
make_re_422_> Number of previous, current restraints         :    28100    28100
make_re_423_> Number of previous, current selected restraints:    27810    27810
make_re_417_> Restraint type to be calculated:  DISTANCE
make_re_422_> Number of previous, current restraints         :    28100    28100
make_re_423_> Number of previous, current selected restraints:    27810    27810
make_re_417_> Restraint type to be calculated:  DISTANCE
make_re_422_> Number of previous, current restraints         :    28100    28100
make_re_423_> Number of previous, current selected restraints:    27810    27810
0 atoms in residues without defined topology
constrained to be rigid bodies
make_re_417_> Restraint type to be calculated:  DISTANCE
make_re_422_> Number of previous, current restraints         :    28100    28100
make_re_423_> Number of previous, current selected restraints:    27810    27810
rmdupl__427_>     1736 redundant cosine dihedral restraints were unselected.
condens_443_> Restraints marked for deletion were removed.
              Total number of restraints before, now:    28100    26074
openf___224_> Open           4ZAU_A_full.rsr
openf___224_> Open           4ZAU_A_full.rsr

Dynamically allocated memory at  amaxrestraints [B,KiB,MiB]:      4710489    4600.087     4.492
rdcsr2__307_> Number of restraints read    :    26074
              Number of excluded pairs read:        0
              Number of pseudo atoms read  :        0
rdcsrs__304_> Restraints in memory, selected restraints:    26074    26074
              Explicitly excluded atom pairs in memory :        0
              Pseudo atoms in memory                   :        0
160 (of 2224 total) atoms selected for optimization
openf___224_> Open           4ZAU_A_full.ini

Dynamically allocated memory at       amaxmodel [B,KiB,MiB]:      4710513    4600.110     4.492
read_mo_297_> Segments, residues, atoms:        1      277     2224
read_mo_298_> Segment:        1     1   277     2224
randomi_498_> Atoms,selected atoms,random_seed,amplitude:     2224      160        1        4.0000
randomi_496_> Amplitude is > 0; randomization is done.
pick_re_612_> Number of MODEL atoms, selected restraints;      160     1020
pick_re_612_> Number of MODEL atoms, selected restraints;      160     1113
pick_re_612_> Number of MODEL atoms, selected restraints;      160     1161
pick_re_612_> Number of MODEL atoms, selected restraints;      160     1261
pick_re_612_> Number of MODEL atoms, selected restraints;      160     1361
pick_re_612_> Number of MODEL atoms, selected restraints;      160     1559
pick_re_612_> Number of MODEL atoms, selected restraints;      160     1751
pick_re_612_> Number of MODEL atoms, selected restraints;      160     1943

Dynamically allocated memory at  amaxrestraints [B,KiB,MiB]:      5056469    4937.958     4.822
pick_re_612_> Number of MODEL atoms, selected restraints;      160     2026
pick_re_612_> Number of MODEL atoms, selected restraints;      160     2026
pick_re_612_> Number of MODEL atoms, selected restraints;      160     2026
iupac_m_486_> OE1/2 will be swapped:     -140.8419        7     7
iupac_m_483_> CD1/2 CE1/2 swapped:       90.0045       21    21
iupac_m_397W> Atoms were not swapped because of the uncertainty of how to handle the H atom.
iupac_m_486_> OE1/2 will be swapped:      179.9515       32    32
iupac_m_486_> OE1/2 will be swapped:     -102.5419       34    34
iupac_m_486_> OE1/2 will be swapped:     -132.2692       44    44
iupac_m_487_> NH1/2 swapped:      179.9515       46    46
iupac_m_486_> OE1/2 will be swapped:     -179.9657       47    47
iupac_m_487_> NH1/2 swapped:     -180.0000       74    74
iupac_m_486_> OE1/2 will be swapped:     -179.9604      102   102
iupac_m_486_> OE1/2 will be swapped:      112.0527      127   127
iupac_m_487_> NH1/2 swapped:      180.0000      129   129
iupac_m_487_> NH1/2 swapped:      179.9720      130   130
iupac_m_486_> OE1/2 will be swapped:     -180.0000      163   163
iupac_m_486_> OE1/2 will be swapped:      179.9720      164   164
iupac_m_486_> OE1/2 will be swapped:       97.3919      166   166
iupac_m_486_> OE1/2 will be swapped:     -180.0000      170   170
iupac_m_486_> OE1/2 will be swapped:      179.9657      220   220
iupac_m_486_> OE1/2 will be swapped:     -128.5154      226   226
iupac_m_486_> OE1/2 will be swapped:      144.7992      229   229
iupac_m_487_> NH1/2 swapped:     -179.9344      230   230
iupac_m_486_> OE1/2 will be swapped:      116.4861      265   265


>> ENERGY; Differences between the model's features and restraints:
Number of all residues in MODEL                   :      277
Number of all, selected real atoms                :     2224     160
Number of all, selected pseudo atoms              :        0       0
Number of all static, selected restraints         :    26074    2026
COVALENT_CYS                                      :        F
NONBONDED_SEL_ATOMS                               :        1
Number of non-bonded pairs (excluding 1-2,1-3,1-4):      340
Dynamic pairs routine                             : 5, NATM_SEL x NATM double loop
Atomic shift for contacts update (UPDATE_DYNAMIC) :    0.390
LENNARD_JONES_SWITCH                              :    6.500   7.500
COULOMB_JONES_SWITCH                              :    6.500   7.500
RESIDUE_SPAN_RANGE                                :        0   99999
NLOGN_USE                                         :       15
CONTACT_SHELL                                     :    4.000
DYNAMIC_PAIRS,_SPHERE,_COULOMB,_LENNARD,_MODELLER :        T       T       F       F       F
SPHERE_STDV                                       :    0.050
RADII_FACTOR                                      :    0.820
Current energy                                    :         287.3858





Summary of the restraint violations: 

   NUM     ... number of restraints.
   NUMVI   ... number of restraints with RVIOL > VIOL_REPORT_CUT[i].
   RVIOL   ... relative difference from the best value.
   NUMVP   ... number of restraints with -Ln(pdf) > VIOL_REPORT_CUT2[i].
   RMS_1   ... RMS(feature, minimally_violated_basis_restraint, NUMB).
   RMS_2   ... RMS(feature, best_value, NUMB).
   MOL.PDF ... scaled contribution to -Ln(Molecular pdf).

 #                     RESTRAINT_GROUP      NUM   NUMVI  NUMVP   RMS_1   RMS_2         MOL.PDF     S_i
------------------------------------------------------------------------------------------------------
 1 Bond length potential              :     166       0      1   0.020   0.020      19.483       1.000
 2 Bond angle potential               :     228       0      5   2.985   2.985      38.004       1.000
 3 Stereochemical cosine torsion poten:     105       0      5  48.751  48.751      42.198       1.000
 4 Stereochemical improper torsion pot:      67       1      1   3.357   3.357      25.307       1.000
 5 Soft-sphere overlap restraints     :     340       0      1   0.009   0.009      3.1917       1.000
 6 Lennard-Jones 6-12 potential       :       0       0      0   0.000   0.000      0.0000       1.000
 7 Coulomb point-point electrostatic p:       0       0      0   0.000   0.000      0.0000       1.000
 8 H-bonding potential                :       0       0      0   0.000   0.000      0.0000       1.000
 9 Distance restraints 1 (CA-CA)      :     448       0      0   0.215   0.215      12.243       1.000
10 Distance restraints 2 (N-O)        :     451       1      3   0.353   0.353      26.972       1.000
11 Mainchain Phi dihedral restraints  :       0       0      0   0.000   0.000      0.0000       1.000
12 Mainchain Psi dihedral restraints  :       0       0      0   0.000   0.000      0.0000       1.000
13 Mainchain Omega dihedral restraints:      22       1      2  11.346  11.346      33.397       1.000
14 Sidechain Chi_1 dihedral restraints:      18       0      0  69.952  69.952      4.5234       1.000
15 Sidechain Chi_2 dihedral restraints:      17       0      0  68.386  68.386      7.1271       1.000
16 Sidechain Chi_3 dihedral restraints:       7       0      0  59.591  59.591      4.4039       1.000
17 Sidechain Chi_4 dihedral restraints:       4       0      0  73.215  73.215      2.8221       1.000
18 Disulfide distance restraints      :       0       0      0   0.000   0.000      0.0000       1.000
19 Disulfide angle restraints         :       0       0      0   0.000   0.000      0.0000       1.000
20 Disulfide dihedral angle restraints:       0       0      0   0.000   0.000      0.0000       1.000
21 Lower bound distance restraints    :       0       0      0   0.000   0.000      0.0000       1.000
22 Upper bound distance restraints    :       0       0      0   0.000   0.000      0.0000       1.000
23 Distance restraints 3 (SDCH-MNCH)  :     292       0      0   0.535   0.535      5.9421       1.000
24 Sidechain Chi_5 dihedral restraints:       0       0      0   0.000   0.000      0.0000       1.000
25 Phi/Psi pair of dihedral restraints:      25       5      8  38.683  71.764      52.766       1.000
26 Distance restraints 4 (SDCH-SDCH)  :     176       0      0   0.794   0.794      9.0048       1.000
27 Distance restraints 5 (X-Y)        :       0       0      0   0.000   0.000      0.0000       1.000
28 NMR distance restraints 6 (X-Y)    :       0       0      0   0.000   0.000      0.0000       1.000
29 NMR distance restraints 7 (X-Y)    :       0       0      0   0.000   0.000      0.0000       1.000
30 Minimal distance restraints        :       0       0      0   0.000   0.000      0.0000       1.000
31 Non-bonded restraints              :       0       0      0   0.000   0.000      0.0000       1.000
32 Atomic accessibility restraints    :       0       0      0   0.000   0.000      0.0000       1.000
33 Atomic density restraints          :       0       0      0   0.000   0.000      0.0000       1.000
34 Absolute position restraints       :       0       0      0   0.000   0.000      0.0000       1.000
35 Dihedral angle difference restraint:       0       0      0   0.000   0.000      0.0000       1.000
36 GBSA implicit solvent potential    :       0       0      0   0.000   0.000      0.0000       1.000
37 EM density fitting potential       :       0       0      0   0.000   0.000      0.0000       1.000
38 SAXS restraints                    :       0       0      0   0.000   0.000      0.0000       1.000
39 Symmetry restraints                :       0       0      0   0.000   0.000      0.0000       1.000



openf___224_> Open           4ZAU_A_full.V99990001
# Heavy relative violation of each residue is written to: 4ZAU_A_full.V99990001
# The profile is NOT normalized by the number of restraints.
# The profiles are smoothed over a window of residues:    1
# The sum of all numbers in the file:    3191.1672



List of the violated restraints:
   A restraint is violated when the relative difference
   from the best value (RVIOL) is larger than CUTOFF.

   ICSR   ... index of a restraint in the current set.
   RESNO  ... residue numbers of the first two atoms.
   ATM    ... IUPAC atom names of the first two atoms.
   FEAT   ... the value of the feature in the model.
   restr  ... the mean of the basis restraint with the smallest
              difference from the model (local minimum).
   viol   ... difference from the local minimum.
   rviol  ... relative difference from the local minimum.
   RESTR  ... the best value (global minimum).
   VIOL   ... difference from the best value.
   RVIOL  ... relative difference from the best value.


-------------------------------------------------------------------------------------------------

Feature 10                           : Distance restraints 2 (N-O)             
List of the RVIOL violations larger than   :       4.5000

    #   ICSR  RESNO1/2 ATM1/2   INDATM1/2    FEAT   restr    viol   rviol   RESTR    VIOL   RVIOL
    1  14817  54N  21F N   O     416  168   11.84    9.07    2.76    5.12    9.07    2.76    5.12

-------------------------------------------------------------------------------------------------

Feature 25                           : Phi/Psi pair of dihedral restraints     
List of the RVIOL violations larger than   :       6.5000

    #   ICSR  RESNO1/2 ATM1/2   INDATM1/2    FEAT   restr    viol   rviol   RESTR    VIOL   RVIOL
    1   7781  48A  49T C   N     380  382  179.98 -124.80  101.74    3.15  -63.20  146.83   25.25
    1         49T  49T N   CA    382  383 -131.05  143.50                  -42.10
    2   7784  51P  52K C   N     400  402 -167.05 -118.00   61.44    2.08  -62.90  176.98   29.12
    2         52K  52K N   CA    402  403  176.11  139.10                  -40.80
    3   7785  52K  53A C   N     409  411 -162.93 -134.00   42.28    1.32  -62.50  173.34   33.70
    3         53A  53A N   CA    411  412  177.82  147.00                  -40.90
    4   7786  53A  54N C   N     414  416 -135.76 -119.90   38.27    2.02  -63.20  160.60   17.32
    4         54N  54N N   CA    416  417  102.17  137.00                  -41.10
    5   7897 164E 165K C   N    1296 1298 -104.91  -62.90   55.38    6.92  -62.90   55.38    6.92
    5        165K 165K N   CA   1298 1299   -4.72  -40.80                  -40.80


report______> Distribution of short non-bonded contacts:

  serious non-bonded atom clash:   102  190   2.220
  serious non-bonded atom clash:   102  192   2.047
  serious non-bonded atom clash:   103  190   1.377
  serious non-bonded atom clash:   103  191   1.978
  serious non-bonded atom clash:   103  192   0.762
  serious non-bonded atom clash:   103  193   2.177
  serious non-bonded atom clash:   103  194   1.193
  serious non-bonded atom clash:   103  195   1.866
  serious non-bonded atom clash:   104  191   2.021
  serious non-bonded atom clash:   104  192   2.002
  serious non-bonded atom clash:   104  193   1.228
  serious non-bonded atom clash:   104  194   1.215
  serious non-bonded atom clash:   104  195   0.460
  serious non-bonded atom clash:   104  196   1.839
  serious non-bonded atom clash:   166  335   1.911
  serious non-bonded atom clash:   355  641   1.176
  serious non-bonded atom clash:   356  639   1.527
  serious non-bonded atom clash:   356  641   0.305
  serious non-bonded atom clash:   357  641   2.123
  serious non-bonded atom clash:   831  833   2.265
  serious non-bonded atom clash:  1028 1269   1.922
  serious non-bonded atom clash:  1028 1270   2.225
  serious non-bonded atom clash:  1028 1271   1.778
  serious non-bonded atom clash:  1028 1272   2.275
  serious non-bonded atom clash:  1029 1269   2.213
  serious non-bonded atom clash:  1029 1270   1.803
  serious non-bonded atom clash:  1029 1271   1.422
  serious non-bonded atom clash:  1029 1272   1.012
  serious non-bonded atom clash:  1029 1273   2.085
  serious non-bonded atom clash:  1030 1272   1.516
  serious non-bonded atom clash:  1031 1270   1.583
  serious non-bonded atom clash:  1031 1271   1.253
  serious non-bonded atom clash:  1031 1272   0.967
  serious non-bonded atom clash:  1031 1273   1.163
  serious non-bonded atom clash:  1031 1274   1.556
  serious non-bonded atom clash:  1270 1294   1.942
  serious non-bonded atom clash:  1274 1291   1.750

DISTANCE1:  0.00 2.10 2.20 2.30 2.40 2.50 2.60 2.70 2.80 2.90 3.00 3.10 3.20 3.30 3.40
DISTANCE2:  2.10 2.20 2.30 2.40 2.50 2.60 2.70 2.80 2.90 3.00 3.10 3.20 3.30 3.40 3.50
FREQUENCY:    30    2    5    9    5   14   32   59  104  146  140  207  271  311  314


<< end of ENERGY.
openf___224_> Open           4ZAU_A_full.B99990001.pdb
wrpdb___568_> Residues, atoms, selected atoms:      277     2224     2224

>> Summary of successfully produced models:
Filename                          molpdf
----------------------------------------
4ZAU_A_full.B99990001.pdb      287.38583


Dynamically allocated memory at          finish [B,KiB,MiB]:      5056469    4937.958     4.822
Starting time                                            : 2018/02/20 13:02:56
Closing time                                             : 2018/02/20 13:03:01
Total CPU time [seconds]                                 :       4.61
