
                         MODELLER 9.19, 2017/07/19, r11078

     PROTEIN STRUCTURE MODELLING BY SATISFACTION OF SPATIAL RESTRAINTS


                     Copyright(c) 1989-2017 Andrej Sali
                            All Rights Reserved

                             Written by A. Sali
                               with help from
              B. Webb, M.S. Madhusudhan, M-Y. Shen, G.Q. Dong,
          M.A. Marti-Renom, N. Eswar, F. Alber, M. Topf, B. Oliva,
             A. Fiser, R. Sanchez, B. Yerkovich, A. Badretdinov,
                     F. Melo, J.P. Overington, E. Feyfant
                 University of California, San Francisco, USA
                    Rockefeller University, New York, USA
                      Harvard University, Cambridge, USA
                   Imperial Cancer Research Fund, London, UK
              Birkbeck College, University of London, London, UK


Kind, OS, HostName, Kernel, Processor: 4, Linux german-xps 4.14.6-041406-generic x86_64
Date and time of compilation         : 2017/07/19 15:03:51
MODELLER executable type             : x86_64-intel8
Job starting time (YY/MM/DD HH:MM:SS): 2018/02/20 13:00:53

openf___224_> Open           $(LIB)/restyp.lib
openf___224_> Open           ${MODINSTALL9v19}/modlib/resgrp.lib
rdresgr_266_> Number of residue groups:        2
openf___224_> Open           ${MODINSTALL9v19}/modlib/sstruc.lib

Dynamically allocated memory at   amaxlibraries [B,KiB,MiB]:       191566     187.076     0.183

Dynamically allocated memory at   amaxlibraries [B,KiB,MiB]:       192094     187.592     0.183
openf___224_> Open           ${MODINSTALL9v19}/modlib/resdih.lib

Dynamically allocated memory at   amaxlibraries [B,KiB,MiB]:       240694     235.053     0.230
rdrdih__263_> Number of dihedral angle types         :        9
              Maximal number of dihedral angle optima:        3
              Dihedral angle names                   :  Alph Phi Psi Omeg chi1 chi2 chi3 chi4 chi5
openf___224_> Open           ${MODINSTALL9v19}/modlib/radii.lib

Dynamically allocated memory at   amaxlibraries [B,KiB,MiB]:       253994     248.041     0.242
openf___224_> Open           ${MODINSTALL9v19}/modlib/radii14.lib
openf___224_> Open           ${MODINSTALL9v19}/modlib/af_mnchdef.lib
rdwilmo_274_> Mainchain residue conformation classes:  APBLE
openf___224_> Open           ${MODINSTALL9v19}/modlib/mnch.lib
rdclass_257_> Number of classes:        5
openf___224_> Open           ${MODINSTALL9v19}/modlib/mnch1.lib
openf___224_> Open           ${MODINSTALL9v19}/modlib/mnch2.lib
openf___224_> Open           ${MODINSTALL9v19}/modlib/mnch3.lib
openf___224_> Open           ${MODINSTALL9v19}/modlib/xs4.mat
rdrrwgh_268_> Number of residue types:       21
openf___224_> Open           /home/german/labo/18/egfr/model/2ITZ_A/to_model_2ITZ_A

Dynamically allocated memory at   amaxalignment [B,KiB,MiB]:       265487     259.265     0.253

Dynamically allocated memory at   amaxalignment [B,KiB,MiB]:       266937     260.681     0.255

Dynamically allocated memory at   amaxalignment [B,KiB,MiB]:       269837     263.513     0.257

Dynamically allocated memory at   amaxalignment [B,KiB,MiB]:       275637     269.177     0.263

Dynamically allocated memory at   amaxalignment [B,KiB,MiB]:       392693     383.489     0.375

Dynamically allocated memory at    amaxsequence [B,KiB,MiB]:       393901     384.669     0.376

Dynamically allocated memory at    amaxsequence [B,KiB,MiB]:       395005     385.747     0.377

Read the alignment from file       : /home/german/labo/18/egfr/model/2ITZ_A/to_model_2ITZ_A
Total number of alignment positions:   313

  #  Code        #_Res #_Segm PDB_code    Name
-------------------------------------------------------------------------------
  1     2ITZ_A     303      1      2ITZ_A
  2  2ITZ_A_fu     277      1
check_a_343_> >> BEGINNING OF COMMAND
openf___224_> Open           ./2ITZ_A.pdb

Dynamically allocated memory at amaxcoordinates [B,KiB,MiB]:       487630     476.201     0.465

Dynamically allocated memory at    amaxsequence [B,KiB,MiB]:       487630     476.201     0.465

Dynamically allocated memory at amaxcoordinates [B,KiB,MiB]:       487801     476.368     0.465

Dynamically allocated memory at amaxcoordinates [B,KiB,MiB]:       488651     477.198     0.466

Dynamically allocated memory at amaxcoordinates [B,KiB,MiB]:       489909     478.427     0.467

Dynamically allocated memory at amaxcoordinates [B,KiB,MiB]:       491813     480.286     0.469

Dynamically allocated memory at    amaxsequence [B,KiB,MiB]:       491813     480.286     0.469

Dynamically allocated memory at amaxcoordinates [B,KiB,MiB]:       491903     480.374     0.469

Dynamically allocated memory at amaxcoordinates [B,KiB,MiB]:       494759     483.163     0.472

Dynamically allocated memory at    amaxsequence [B,KiB,MiB]:       494759     483.163     0.472

Dynamically allocated memory at amaxcoordinates [B,KiB,MiB]:       494894     483.295     0.472

Dynamically allocated memory at amaxcoordinates [B,KiB,MiB]:       499178     487.479     0.476

Dynamically allocated memory at    amaxsequence [B,KiB,MiB]:       499178     487.479     0.476

Dynamically allocated memory at amaxcoordinates [B,KiB,MiB]:       499376     487.672     0.476

Dynamically allocated memory at amaxcoordinates [B,KiB,MiB]:       505802     493.947     0.482

Dynamically allocated memory at    amaxsequence [B,KiB,MiB]:       505802     493.947     0.482

Dynamically allocated memory at amaxcoordinates [B,KiB,MiB]:       506099     494.237     0.483

Dynamically allocated memory at amaxcoordinates [B,KiB,MiB]:       515721     503.634     0.492

Dynamically allocated memory at    amaxsequence [B,KiB,MiB]:       515721     503.634     0.492

Dynamically allocated memory at amaxcoordinates [B,KiB,MiB]:       516171     504.073     0.492

Dynamically allocated memory at amaxcoordinates [B,KiB,MiB]:       530621     518.185     0.506

Dynamically allocated memory at    amaxsequence [B,KiB,MiB]:       530621     518.185     0.506

Dynamically allocated memory at amaxcoordinates [B,KiB,MiB]:       531296     518.844     0.507

Dynamically allocated memory at amaxcoordinates [B,KiB,MiB]:       552954     539.994     0.527

Dynamically allocated memory at    amaxsequence [B,KiB,MiB]:       552954     539.994     0.527

Dynamically allocated memory at amaxcoordinates [B,KiB,MiB]:       553962     540.979     0.528

Dynamically allocated memory at amaxcoordinates [B,KiB,MiB]:       586466     572.721     0.559

Dynamically allocated memory at   amaxstructure [B,KiB,MiB]:       586160     572.422     0.559
fndatmi_285W> Only      302 residues out of      303 contain atoms of type  CA
              (This is usually caused by non-standard residues, such
              as ligands, or by PDB files with missing atoms.)
fndatmi_285W> Only      302 residues out of      303 contain atoms of type  CA
              (This is usually caused by non-standard residues, such
              as ligands, or by PDB files with missing atoms.)

check_ali___> Checking the sequence-structure alignment. 

Implied intrachain target CA(i)-CA(i+1) distances longer than  8.0 angstroms:

ALN_POS  TMPL  RID1  RID2  NAM1  NAM2     DIST
----------------------------------------------
END OF TABLE
check_a_344_> << END OF COMMAND
openf___224_> Open           ${LIB}/top_heav.lib
read_to_681_> topology.submodel read from topology file:        3
openf___224_> Open           ${LIB}/par.lib

Dynamically allocated memory at  amaxparameters [B,KiB,MiB]:       725412     708.410     0.692

Dynamically allocated memory at  amaxparameters [B,KiB,MiB]:       727012     709.973     0.693

Dynamically allocated memory at  amaxparameters [B,KiB,MiB]:       730992     713.859     0.697

Dynamically allocated memory at  amaxparameters [B,KiB,MiB]:       732992     715.812     0.699

Dynamically allocated memory at  amaxparameters [B,KiB,MiB]:       735992     718.742     0.702

Dynamically allocated memory at  amaxparameters [B,KiB,MiB]:       740492     723.137     0.706

Dynamically allocated memory at  amaxparameters [B,KiB,MiB]:       746064     728.578     0.712

Dynamically allocated memory at  amaxparameters [B,KiB,MiB]:       748864     731.312     0.714

Dynamically allocated memory at  amaxparameters [B,KiB,MiB]:       753064     735.414     0.718

Dynamically allocated memory at  amaxparameters [B,KiB,MiB]:       759364     741.566     0.724

Dynamically allocated memory at  amaxparameters [B,KiB,MiB]:       762136     744.273     0.727

Dynamically allocated memory at  amaxparameters [B,KiB,MiB]:       763536     745.641     0.728
read_pa_232_> parameters    BONDS   ANGLS  DIHEDS IMPROPS    MODE
                              227     561     661     112       0

Dynamically allocated memory at       amaxmodel [B,KiB,MiB]:       806868     787.957     0.769

Dynamically allocated memory at       amaxmodel [B,KiB,MiB]:      1026878    1002.811     0.979

Dynamically allocated memory at       amaxmodel [B,KiB,MiB]:      1059886    1035.045     1.011

mkilst______> segment topology constructed from sequence and RTF:
              segments residues atoms bonds angles dihedrals impropers:
                     1      277  2226  2276      0         0       925

Dynamically allocated memory at       amaxmodel [B,KiB,MiB]:      1155294    1128.217     1.102

patch_______> segment topology patched using RTF:     1  ;  LEU  ;  NTER
              segments residues atoms bonds angles dihedrals impropers:
                     1      277  2226  2276   3077      3657       925


Dynamically allocated memory at       amaxmodel [B,KiB,MiB]:      1247390    1218.154     1.190
patch_______> segment topology patched using RTF:   277  ;  LEU  ;  CTER
              segments residues atoms bonds angles dihedrals impropers:
                     1      277  2227  2277   3079      3659       926

genseg______> segment topology constructed from sequence and RTF:
              segments residues atoms bonds angles dihedrals impropers:
                     1      277  2227  2277   3079      3659       926
fndatmi_285W> Only      302 residues out of      303 contain atoms of type  CA
              (This is usually caused by non-standard residues, such
              as ligands, or by PDB files with missing atoms.)
transfe_506_> MODEL is an average of all templates.
transfe_511_> Number of templates for coordinate transfer:        1
              After transferring coordinates of the equivalent template atoms,
              there are defined, undefined atoms in MODEL:     2140       87
openf___224_> Open           2ITZ_A_full.ini
wrpdb___568_> Residues, atoms, selected atoms:      277     2227     2227
make_re_417_> Restraint type to be calculated:  stereo

Dynamically allocated memory at  amaxrestraints [B,KiB,MiB]:      1354439    1322.694     1.292

Dynamically allocated memory at  amaxrestraints [B,KiB,MiB]:      1362631    1330.694     1.300

Dynamically allocated memory at  amaxrestraints [B,KiB,MiB]:      1379015    1346.694     1.315

Dynamically allocated memory at  amaxrestraints [B,KiB,MiB]:      1411783    1378.694     1.346

Dynamically allocated memory at  amaxrestraints [B,KiB,MiB]:      1444551    1410.694     1.378

Dynamically allocated memory at  amaxrestraints [B,KiB,MiB]:      1510087    1474.694     1.440

Dynamically allocated memory at  amaxrestraints [B,KiB,MiB]:      1542855    1506.694     1.471

Dynamically allocated memory at  amaxrestraints [B,KiB,MiB]:      1575623    1538.694     1.503

Dynamically allocated memory at  amaxrestraints [B,KiB,MiB]:      1641159    1602.694     1.565

Dynamically allocated memory at  amaxrestraints [B,KiB,MiB]:      1772231    1730.694     1.690

Dynamically allocated memory at  amaxrestraints [B,KiB,MiB]:      1837767    1794.694     1.753

Dynamically allocated memory at  amaxrestraints [B,KiB,MiB]:      1903303    1858.694     1.815

Dynamically allocated memory at  amaxrestraints [B,KiB,MiB]:      2034375    1986.694     1.940

Dynamically allocated memory at  amaxrestraints [B,KiB,MiB]:      2296519    2242.694     2.190
r_stere_606_> Stereochemical restraints were constructed from RTF & PRMF.
              Added bond,angle,dihedral,improper restraints  :     2277    3079    3499     912
              Total number of restraints before, now         :        0     9767
make_re_422_> Number of previous, current restraints         :        0     9767
make_re_423_> Number of previous, current selected restraints:        0     9767
make_re_417_> Restraint type to be calculated:  phi-psi_binormal

Dynamically allocated memory at   amaxstructure [B,KiB,MiB]:      2457265    2399.673     2.343
openf___224_> Open           ${MODINSTALL9v19}/modlib/mnch1.bin
openf___224_> Open           ${MODINSTALL9v19}/modlib/mnch1.mdt
errdih__638_> Missing atoms in a dihedral, residue index, residue type:        1      301  ILE
errdih__638_> Missing atoms in a dihedral, residue index, residue type:        2      303  GLN
errdih__638_> Missing atoms in a dihedral, residue index, residue type:        4      302  PRO
errdih__638_> Missing atoms in a dihedral, residue index, residue type:        5       27  PHE
errdih__638_> Missing atoms in a dihedral, residue index, residue type:        5      290  MET
errdih__638_> Missing atoms in a dihedral, residue index, residue type:        5      303  GLN
errdih__638_> Missing atoms in a dihedral, residue index, residue type:        6       27  PHE
errdih__638_> Missing atoms in a dihedral, residue index, residue type:        6      290  MET
errdih__638_> Missing atoms in a dihedral, residue index, residue type:        6      303  GLN
errdih__638_> Missing atoms in a dihedral, residue index, residue type:        7      290  MET
errdih__638_> Missing atoms in a dihedral, residue index, residue type:        7      303  GLN
getdata_643_> Protein accepted:  2ITZ_A
getdata_289_> Proteins (all/accepted):        1        1

Dynamically allocated memory at  amaxrestraints [B,KiB,MiB]:      2588353    2527.688     2.468
make_re_422_> Number of previous, current restraints         :     9767    10042
make_re_423_> Number of previous, current selected restraints:     9767    10042
make_re_417_> Restraint type to be calculated:  omega_dihedral

Dynamically allocated memory at   amaxstructure [B,KiB,MiB]:      2588353    2527.688     2.468
openf___224_> Open           ${MODINSTALL9v19}/modlib/omega.bin
openf___224_> Open           ${MODINSTALL9v19}/modlib/omega.mdt
getdata_643_> Protein accepted:  2ITZ_A
getdata_289_> Proteins (all/accepted):        1        1
omgdel__425_> Unselected all O C +N +CA dihedrals:      290
              (This is to avoid clashes between STEREO
              and OMEGA_DIHEDRAL restraints)
make_re_422_> Number of previous, current restraints         :    10042    10318
make_re_423_> Number of previous, current selected restraints:    10042    10028
make_re_417_> Restraint type to be calculated:  chi1_dihedral

Dynamically allocated memory at   amaxstructure [B,KiB,MiB]:      2588353    2527.688     2.468
openf___224_> Open           ${MODINSTALL9v19}/modlib/chi1234.bin
openf___224_> Open           ${MODINSTALL9v19}/modlib/chi1.mdt
getdata_643_> Protein accepted:  2ITZ_A
getdata_289_> Proteins (all/accepted):        1        1

Dynamically allocated memory at  amaxrestraints [B,KiB,MiB]:      2719425    2655.688     2.593
make_re_422_> Number of previous, current restraints         :    10318    10562
make_re_423_> Number of previous, current selected restraints:    10028    10272
make_re_417_> Restraint type to be calculated:  chi2_dihedral

Dynamically allocated memory at   amaxstructure [B,KiB,MiB]:      2719425    2655.688     2.593
openf___224_> Open           ${MODINSTALL9v19}/modlib/chi1234.bin
openf___224_> Open           ${MODINSTALL9v19}/modlib/chi2.mdt
getdata_643_> Protein accepted:  2ITZ_A
getdata_289_> Proteins (all/accepted):        1        1
make_re_422_> Number of previous, current restraints         :    10562    10754
make_re_423_> Number of previous, current selected restraints:    10272    10464
make_re_417_> Restraint type to be calculated:  chi3_dihedral

Dynamically allocated memory at   amaxstructure [B,KiB,MiB]:      2719425    2655.688     2.593
openf___224_> Open           ${MODINSTALL9v19}/modlib/chi1234.bin
openf___224_> Open           ${MODINSTALL9v19}/modlib/chi3.mdt
getdata_643_> Protein accepted:  2ITZ_A
getdata_289_> Proteins (all/accepted):        1        1
make_re_422_> Number of previous, current restraints         :    10754    10844
make_re_423_> Number of previous, current selected restraints:    10464    10554
make_re_417_> Restraint type to be calculated:  chi4_dihedral

Dynamically allocated memory at   amaxstructure [B,KiB,MiB]:      2719425    2655.688     2.593
openf___224_> Open           ${MODINSTALL9v19}/modlib/chi1234.bin
openf___224_> Open           ${MODINSTALL9v19}/modlib/chi4.mdt
mdtrsr__446W> A potential that relies on one protein is used, yet you have at
              least one known structure available. MDT, not library, potential is used.
getdata_643_> Protein accepted:  2ITZ_A
getdata_289_> Proteins (all/accepted):        1        1
make_re_422_> Number of previous, current restraints         :    10844    10882
make_re_423_> Number of previous, current selected restraints:    10554    10592
make_re_417_> Restraint type to be calculated:  DISTANCE

Dynamically allocated memory at amaxhash_contac [B,KiB,MiB]:      3360765    3281.997     3.205
make_re_422_> Number of previous, current restraints         :    10882    16293
make_re_423_> Number of previous, current selected restraints:    10592    16003
make_re_417_> Restraint type to be calculated:  DISTANCE

Dynamically allocated memory at  amaxrestraints [B,KiB,MiB]:      3622909    3537.997     3.455

Dynamically allocated memory at  amaxrestraints [B,KiB,MiB]:      3885053    3793.997     3.705

Dynamically allocated memory at  amaxrestraints [B,KiB,MiB]:      4409341    4305.997     4.205
make_re_422_> Number of previous, current restraints         :    16293    21772
make_re_423_> Number of previous, current selected restraints:    16003    21482
make_re_417_> Restraint type to be calculated:  DISTANCE

Dynamically allocated memory at  amaxrestraints [B,KiB,MiB]:      4671485    4561.997     4.455
make_re_422_> Number of previous, current restraints         :    21772    26226
make_re_423_> Number of previous, current selected restraints:    21482    25936
make_re_417_> Restraint type to be calculated:  DISTANCE
make_re_422_> Number of previous, current restraints         :    26226    28914
make_re_423_> Number of previous, current selected restraints:    25936    28624
0 atoms in HETATM/BLK residues constrained
to protein atoms within 2.30 angstroms
and protein CA atoms within 10.00 angstroms
make_re_417_> Restraint type to be calculated:  DISTANCE
make_re_422_> Number of previous, current restraints         :    28914    28914
make_re_423_> Number of previous, current selected restraints:    28624    28624
make_re_417_> Restraint type to be calculated:  DISTANCE
make_re_422_> Number of previous, current restraints         :    28914    28914
make_re_423_> Number of previous, current selected restraints:    28624    28624
make_re_417_> Restraint type to be calculated:  DISTANCE
make_re_422_> Number of previous, current restraints         :    28914    28914
make_re_423_> Number of previous, current selected restraints:    28624    28624
make_re_417_> Restraint type to be calculated:  DISTANCE
make_re_422_> Number of previous, current restraints         :    28914    28914
make_re_423_> Number of previous, current selected restraints:    28624    28624
0 atoms in residues without defined topology
constrained to be rigid bodies
make_re_417_> Restraint type to be calculated:  DISTANCE
make_re_422_> Number of previous, current restraints         :    28914    28914
make_re_423_> Number of previous, current selected restraints:    28624    28624
rmdupl__427_>     1737 redundant cosine dihedral restraints were unselected.
condens_443_> Restraints marked for deletion were removed.
              Total number of restraints before, now:    28914    26887
openf___224_> Open           2ITZ_A_full.rsr
openf___224_> Open           2ITZ_A_full.rsr

Dynamically allocated memory at  amaxrestraints [B,KiB,MiB]:      4711755    4601.323     4.493
rdcsr2__307_> Number of restraints read    :    26887
              Number of excluded pairs read:        0
              Number of pseudo atoms read  :        0
rdcsrs__304_> Restraints in memory, selected restraints:    26887    26887
              Explicitly excluded atom pairs in memory :        0
              Pseudo atoms in memory                   :        0
131 (of 2227 total) atoms selected for optimization
openf___224_> Open           2ITZ_A_full.ini

Dynamically allocated memory at       amaxmodel [B,KiB,MiB]:      4711779    4601.347     4.494
read_mo_297_> Segments, residues, atoms:        1      277     2227
read_mo_298_> Segment:        1     1   277     2227
randomi_498_> Atoms,selected atoms,random_seed,amplitude:     2227      131        1        4.0000
randomi_496_> Amplitude is > 0; randomization is done.
pick_re_612_> Number of MODEL atoms, selected restraints;      131      785
pick_re_612_> Number of MODEL atoms, selected restraints;      131      879
pick_re_612_> Number of MODEL atoms, selected restraints;      131      929
pick_re_612_> Number of MODEL atoms, selected restraints;      131      978
pick_re_612_> Number of MODEL atoms, selected restraints;      131     1081
pick_re_612_> Number of MODEL atoms, selected restraints;      131     1256
pick_re_612_> Number of MODEL atoms, selected restraints;      131     1562
pick_re_612_> Number of MODEL atoms, selected restraints;      131     1811

Dynamically allocated memory at  amaxrestraints [B,KiB,MiB]:      5057807    4939.265     4.824
pick_re_612_> Number of MODEL atoms, selected restraints;      131     1848
pick_re_612_> Number of MODEL atoms, selected restraints;      131     1849
pick_re_612_> Number of MODEL atoms, selected restraints;      131     1849
iupac_m_487_> NH1/2 swapped:      178.4435        3     3
iupac_m_483_> CD1/2 CE1/2 swapped:      137.7233       10    10
iupac_m_397W> Atoms were not swapped because of the uncertainty of how to handle the H atom.
iupac_m_486_> OE1/2 will be swapped:     -120.7192       32    32
iupac_m_486_> OE1/2 will be swapped:      177.4086       44    44
iupac_m_486_> OE1/2 will be swapped:     -122.2817       56    56
iupac_m_485_> OD1/2 will be swapped:      171.2446       98    98
iupac_m_486_> OE1/2 will be swapped:      174.7054      127   127
iupac_m_485_> OD1/2 will be swapped:      151.1637      128   128
iupac_m_487_> NH1/2 swapped:     -178.7532      134   134
iupac_m_485_> OD1/2 will be swapped:      -98.6906      153   153
iupac_m_486_> OE1/2 will be swapped:     -166.9778      163   163
iupac_m_486_> OE1/2 will be swapped:     -179.9515      164   164
iupac_m_486_> OE1/2 will be swapped:      179.9604      166   166
iupac_m_486_> OE1/2 will be swapped:      108.7403      170   170
iupac_m_483_> CD1/2 CE1/2 swapped:      -91.0911      213   213
iupac_m_397W> Atoms were not swapped because of the uncertainty of how to handle the H atom.
iupac_m_484W> Dihedral still outside +-90:       90.0897
iupac_m_485_> OD1/2 will be swapped:     -176.4823      214   214
iupac_m_486_> OE1/2 will be swapped:     -178.0498      229   229
iupac_m_483_> CD1/2 CE1/2 swapped:     -124.9164      242   242
iupac_m_397W> Atoms were not swapped because of the uncertainty of how to handle the H atom.
iupac_m_485_> OD1/2 will be swapped:      150.9725      254   254
iupac_m_487_> NH1/2 swapped:      179.4695      260   260
iupac_m_486_> OE1/2 will be swapped:      178.0031      261   261
iupac_m_486_> OE1/2 will be swapped:      125.3006      265   265
iupac_m_485_> OD1/2 will be swapped:     -171.9297      272   272
iupac_m_483_> CD1/2 CE1/2 swapped:      108.6383      276   276
iupac_m_397W> Atoms were not swapped because of the uncertainty of how to handle the H atom.


>> ENERGY; Differences between the model's features and restraints:
Number of all residues in MODEL                   :      277
Number of all, selected real atoms                :     2227     131
Number of all, selected pseudo atoms              :        0       0
Number of all static, selected restraints         :    26887    1849
COVALENT_CYS                                      :        F
NONBONDED_SEL_ATOMS                               :        1
Number of non-bonded pairs (excluding 1-2,1-3,1-4):      270
Dynamic pairs routine                             : 5, NATM_SEL x NATM double loop
Atomic shift for contacts update (UPDATE_DYNAMIC) :    0.390
LENNARD_JONES_SWITCH                              :    6.500   7.500
COULOMB_JONES_SWITCH                              :    6.500   7.500
RESIDUE_SPAN_RANGE                                :        0   99999
NLOGN_USE                                         :       15
CONTACT_SHELL                                     :    4.000
DYNAMIC_PAIRS,_SPHERE,_COULOMB,_LENNARD,_MODELLER :        T       T       F       F       F
SPHERE_STDV                                       :    0.050
RADII_FACTOR                                      :    0.820
Current energy                                    :         225.0089





Summary of the restraint violations: 

   NUM     ... number of restraints.
   NUMVI   ... number of restraints with RVIOL > VIOL_REPORT_CUT[i].
   RVIOL   ... relative difference from the best value.
   NUMVP   ... number of restraints with -Ln(pdf) > VIOL_REPORT_CUT2[i].
   RMS_1   ... RMS(feature, minimally_violated_basis_restraint, NUMB).
   RMS_2   ... RMS(feature, best_value, NUMB).
   MOL.PDF ... scaled contribution to -Ln(Molecular pdf).

 #                     RESTRAINT_GROUP      NUM   NUMVI  NUMVP   RMS_1   RMS_2         MOL.PDF     S_i
------------------------------------------------------------------------------------------------------
 1 Bond length potential              :     135       0      0   0.016   0.016      9.6265       1.000
 2 Bond angle potential               :     182       1      3   3.876   3.876      58.191       1.000
 3 Stereochemical cosine torsion poten:      86       0      2  46.365  46.365      32.058       1.000
 4 Stereochemical improper torsion pot:      46       1      1   4.431   4.431      31.292       1.000
 5 Soft-sphere overlap restraints     :     270       0      0   0.003   0.003     0.38261       1.000
 6 Lennard-Jones 6-12 potential       :       0       0      0   0.000   0.000      0.0000       1.000
 7 Coulomb point-point electrostatic p:       0       0      0   0.000   0.000      0.0000       1.000
 8 H-bonding potential                :       0       0      0   0.000   0.000      0.0000       1.000
 9 Distance restraints 1 (CA-CA)      :     439       0      0   0.118   0.118      5.5684       1.000
10 Distance restraints 2 (N-O)        :     421       0      1   0.209   0.209      14.251       1.000
11 Mainchain Phi dihedral restraints  :       0       0      0   0.000   0.000      0.0000       1.000
12 Mainchain Psi dihedral restraints  :       0       0      0   0.000   0.000      0.0000       1.000
13 Mainchain Omega dihedral restraints:      17       1      1   9.319   9.319      17.411       1.000
14 Sidechain Chi_1 dihedral restraints:      14       0      0  49.040  49.040      2.9889       1.000
15 Sidechain Chi_2 dihedral restraints:      13       0      0  24.596  24.596     0.11025       1.000
16 Sidechain Chi_3 dihedral restraints:       7       0      0  84.304  84.304      4.4610       1.000
17 Sidechain Chi_4 dihedral restraints:       4       0      0  94.379  94.379      3.3331       1.000
18 Disulfide distance restraints      :       0       0      0   0.000   0.000      0.0000       1.000
19 Disulfide angle restraints         :       0       0      0   0.000   0.000      0.0000       1.000
20 Disulfide dihedral angle restraints:       0       0      0   0.000   0.000      0.0000       1.000
21 Lower bound distance restraints    :       0       0      0   0.000   0.000      0.0000       1.000
22 Upper bound distance restraints    :       0       0      0   0.000   0.000      0.0000       1.000
23 Distance restraints 3 (SDCH-MNCH)  :     213       0      0   0.529   0.529      3.3897       1.000
24 Sidechain Chi_5 dihedral restraints:       0       0      0   0.000   0.000      0.0000       1.000
25 Phi/Psi pair of dihedral restraints:      18       5      5  45.077 105.350      25.524       1.000
26 Distance restraints 4 (SDCH-SDCH)  :     254       0      0   0.715   0.715      16.422       1.000
27 Distance restraints 5 (X-Y)        :       0       0      0   0.000   0.000      0.0000       1.000
28 NMR distance restraints 6 (X-Y)    :       0       0      0   0.000   0.000      0.0000       1.000
29 NMR distance restraints 7 (X-Y)    :       0       0      0   0.000   0.000      0.0000       1.000
30 Minimal distance restraints        :       0       0      0   0.000   0.000      0.0000       1.000
31 Non-bonded restraints              :       0       0      0   0.000   0.000      0.0000       1.000
32 Atomic accessibility restraints    :       0       0      0   0.000   0.000      0.0000       1.000
33 Atomic density restraints          :       0       0      0   0.000   0.000      0.0000       1.000
34 Absolute position restraints       :       0       0      0   0.000   0.000      0.0000       1.000
35 Dihedral angle difference restraint:       0       0      0   0.000   0.000      0.0000       1.000
36 GBSA implicit solvent potential    :       0       0      0   0.000   0.000      0.0000       1.000
37 EM density fitting potential       :       0       0      0   0.000   0.000      0.0000       1.000
38 SAXS restraints                    :       0       0      0   0.000   0.000      0.0000       1.000
39 Symmetry restraints                :       0       0      0   0.000   0.000      0.0000       1.000



openf___224_> Open           2ITZ_A_full.V99990001
# Heavy relative violation of each residue is written to: 2ITZ_A_full.V99990001
# The profile is NOT normalized by the number of restraints.
# The profiles are smoothed over a window of residues:    1
# The sum of all numbers in the file:    2642.4500



List of the violated restraints:
   A restraint is violated when the relative difference
   from the best value (RVIOL) is larger than CUTOFF.

   ICSR   ... index of a restraint in the current set.
   RESNO  ... residue numbers of the first two atoms.
   ATM    ... IUPAC atom names of the first two atoms.
   FEAT   ... the value of the feature in the model.
   restr  ... the mean of the basis restraint with the smallest
              difference from the model (local minimum).
   viol   ... difference from the local minimum.
   rviol  ... relative difference from the local minimum.
   RESTR  ... the best value (global minimum).
   VIOL   ... difference from the best value.
   RVIOL  ... relative difference from the best value.


-------------------------------------------------------------------------------------------------

Feature  4                           : Stereochemical improper torsion potentia
List of the RVIOL violations larger than   :       4.5000

    #   ICSR  RESNO1/2 ATM1/2   INDATM1/2    FEAT   restr    viol   rviol   RESTR    VIOL   RVIOL
    1   7376 169A 169A C   CA   1344 1342   28.19    0.00   28.19    9.92    0.00   28.19    9.92

-------------------------------------------------------------------------------------------------

Feature 13                           : Mainchain Omega dihedral restraints     
List of the RVIOL violations larger than   :       4.5000

    #   ICSR  RESNO1/2 ATM1/2   INDATM1/2    FEAT   restr    viol   rviol   RESTR    VIOL   RVIOL
    1   8184 169A 169A CA  C    1342 1344 -146.47 -180.00   33.53    6.70 -180.00   33.53    6.70

-------------------------------------------------------------------------------------------------

Feature 25                           : Phi/Psi pair of dihedral restraints     
List of the RVIOL violations larger than   :       6.5000

    #   ICSR  RESNO1/2 ATM1/2   INDATM1/2    FEAT   restr    viol   rviol   RESTR    VIOL   RVIOL
    1   7908 168H 169A C   N    1339 1341 -180.00 -134.00   58.75    3.29  -62.50 -168.39   28.99
    1        169A 169A N   CA   1341 1342  110.45  147.00                  -40.90
    2   7909 169A 170E C   N    1344 1346  120.15 -117.80  155.12    4.69  -63.60 -163.37   33.76
    2        170E 170E N   CA   1346 1347 -127.47  136.80                  -40.30
    3   7910 170E 171G C   N    1353 1355 -135.23 -167.20   32.10    0.55   82.20 -143.30   16.38
    3        171G 171G N   CA   1355 1356  171.70  174.60                    8.50
    4   7911 171G 172G C   N    1357 1359 -164.98 -167.20    2.95    0.11   82.20 -157.60   14.72
    4        172G 172G N   CA   1359 1360  176.54  174.60                    8.50
    5   7912 172G 173K C   N    1361 1363 -160.36 -118.00   56.93    1.97  -62.90  172.28   28.14
    5        173K 173K N   CA   1363 1364  177.14  139.10                  -40.80


report______> Distribution of short non-bonded contacts:

  serious non-bonded atom clash:   161  352   2.292
  serious non-bonded atom clash:   162  356   2.170
  serious non-bonded atom clash:   163  350   2.277
  serious non-bonded atom clash:   163  352   1.722
  serious non-bonded atom clash:   163  353   2.159
  serious non-bonded atom clash:   164  351   2.057
  serious non-bonded atom clash:   164  352   2.204
  serious non-bonded atom clash:   164  356   1.872
  serious non-bonded atom clash:   165  350   1.376
  serious non-bonded atom clash:   165  351   1.025
  serious non-bonded atom clash:   165  352   1.307
  serious non-bonded atom clash:   165  353   2.031
  serious non-bonded atom clash:   166  350   1.791
  serious non-bonded atom clash:   166  351   0.680
  serious non-bonded atom clash:   166  352   1.630
  serious non-bonded atom clash:  1065 1297   2.203
  serious non-bonded atom clash:  1066 1243   2.259
  serious non-bonded atom clash:  1067 1296   1.917
  serious non-bonded atom clash:  1067 1297   0.883
  serious non-bonded atom clash:  1255 1294   1.977

DISTANCE1:  0.00 2.10 2.20 2.30 2.40 2.50 2.60 2.70 2.80 2.90 3.00 3.10 3.20 3.30 3.40
DISTANCE2:  2.10 2.20 2.30 2.40 2.50 2.60 2.70 2.80 2.90 3.00 3.10 3.20 3.30 3.40 3.50
FREQUENCY:    13    2    5    6    8   10   18   59  118  140  179  210  255  309  374


<< end of ENERGY.
openf___224_> Open           2ITZ_A_full.B99990001.pdb
wrpdb___568_> Residues, atoms, selected atoms:      277     2227     2227

>> Summary of successfully produced models:
Filename                          molpdf
----------------------------------------
2ITZ_A_full.B99990001.pdb      225.00890


Dynamically allocated memory at          finish [B,KiB,MiB]:      5057807    4939.265     4.824
Starting time                                            : 2018/02/20 13:00:53
Closing time                                             : 2018/02/20 13:00:57
Total CPU time [seconds]                                 :       4.10
