
                         MODELLER 9.19, 2017/07/19, r11078

     PROTEIN STRUCTURE MODELLING BY SATISFACTION OF SPATIAL RESTRAINTS


                     Copyright(c) 1989-2017 Andrej Sali
                            All Rights Reserved

                             Written by A. Sali
                               with help from
              B. Webb, M.S. Madhusudhan, M-Y. Shen, G.Q. Dong,
          M.A. Marti-Renom, N. Eswar, F. Alber, M. Topf, B. Oliva,
             A. Fiser, R. Sanchez, B. Yerkovich, A. Badretdinov,
                     F. Melo, J.P. Overington, E. Feyfant
                 University of California, San Francisco, USA
                    Rockefeller University, New York, USA
                      Harvard University, Cambridge, USA
                   Imperial Cancer Research Fund, London, UK
              Birkbeck College, University of London, London, UK


Kind, OS, HostName, Kernel, Processor: 4, Linux german-xps 4.14.6-041406-generic x86_64
Date and time of compilation         : 2017/07/19 15:03:51
MODELLER executable type             : x86_64-intel8
Job starting time (YY/MM/DD HH:MM:SS): 2018/02/20 13:02:00

openf___224_> Open           $(LIB)/restyp.lib
openf___224_> Open           ${MODINSTALL9v19}/modlib/resgrp.lib
rdresgr_266_> Number of residue groups:        2
openf___224_> Open           ${MODINSTALL9v19}/modlib/sstruc.lib

Dynamically allocated memory at   amaxlibraries [B,KiB,MiB]:       191566     187.076     0.183

Dynamically allocated memory at   amaxlibraries [B,KiB,MiB]:       192094     187.592     0.183
openf___224_> Open           ${MODINSTALL9v19}/modlib/resdih.lib

Dynamically allocated memory at   amaxlibraries [B,KiB,MiB]:       240694     235.053     0.230
rdrdih__263_> Number of dihedral angle types         :        9
              Maximal number of dihedral angle optima:        3
              Dihedral angle names                   :  Alph Phi Psi Omeg chi1 chi2 chi3 chi4 chi5
openf___224_> Open           ${MODINSTALL9v19}/modlib/radii.lib

Dynamically allocated memory at   amaxlibraries [B,KiB,MiB]:       253994     248.041     0.242
openf___224_> Open           ${MODINSTALL9v19}/modlib/radii14.lib
openf___224_> Open           ${MODINSTALL9v19}/modlib/af_mnchdef.lib
rdwilmo_274_> Mainchain residue conformation classes:  APBLE
openf___224_> Open           ${MODINSTALL9v19}/modlib/mnch.lib
rdclass_257_> Number of classes:        5
openf___224_> Open           ${MODINSTALL9v19}/modlib/mnch1.lib
openf___224_> Open           ${MODINSTALL9v19}/modlib/mnch2.lib
openf___224_> Open           ${MODINSTALL9v19}/modlib/mnch3.lib
openf___224_> Open           ${MODINSTALL9v19}/modlib/xs4.mat
rdrrwgh_268_> Number of residue types:       21
openf___224_> Open           /home/german/labo/18/egfr/model/3W32_A/to_model_3W32_A

Dynamically allocated memory at   amaxalignment [B,KiB,MiB]:       265487     259.265     0.253

Dynamically allocated memory at   amaxalignment [B,KiB,MiB]:       266937     260.681     0.255

Dynamically allocated memory at   amaxalignment [B,KiB,MiB]:       269837     263.513     0.257

Dynamically allocated memory at   amaxalignment [B,KiB,MiB]:       275637     269.177     0.263

Dynamically allocated memory at   amaxalignment [B,KiB,MiB]:       392693     383.489     0.375

Dynamically allocated memory at    amaxsequence [B,KiB,MiB]:       393957     384.724     0.376

Dynamically allocated memory at    amaxsequence [B,KiB,MiB]:       395061     385.802     0.377

Read the alignment from file       : /home/german/labo/18/egfr/model/3W32_A/to_model_3W32_A
Total number of alignment positions:   317

  #  Code        #_Res #_Segm PDB_code    Name
-------------------------------------------------------------------------------
  1     3W32_A     317      1      3W32_A
  2  3W32_A_fu     277      1
check_a_343_> >> BEGINNING OF COMMAND
openf___224_> Open           ./3W32_A.pdb

Dynamically allocated memory at amaxcoordinates [B,KiB,MiB]:       491886     480.357     0.469

Dynamically allocated memory at    amaxsequence [B,KiB,MiB]:       491886     480.357     0.469

Dynamically allocated memory at amaxcoordinates [B,KiB,MiB]:       492057     480.524     0.469

Dynamically allocated memory at amaxcoordinates [B,KiB,MiB]:       492907     481.354     0.470

Dynamically allocated memory at amaxcoordinates [B,KiB,MiB]:       494165     482.583     0.471

Dynamically allocated memory at amaxcoordinates [B,KiB,MiB]:       496069     484.442     0.473

Dynamically allocated memory at    amaxsequence [B,KiB,MiB]:       496069     484.442     0.473

Dynamically allocated memory at amaxcoordinates [B,KiB,MiB]:       496159     484.530     0.473

Dynamically allocated memory at amaxcoordinates [B,KiB,MiB]:       499015     487.319     0.476

Dynamically allocated memory at    amaxsequence [B,KiB,MiB]:       499015     487.319     0.476

Dynamically allocated memory at amaxcoordinates [B,KiB,MiB]:       499150     487.451     0.476

Dynamically allocated memory at amaxcoordinates [B,KiB,MiB]:       503434     491.635     0.480

Dynamically allocated memory at    amaxsequence [B,KiB,MiB]:       503434     491.635     0.480

Dynamically allocated memory at amaxcoordinates [B,KiB,MiB]:       503632     491.828     0.480

Dynamically allocated memory at amaxcoordinates [B,KiB,MiB]:       510058     498.104     0.486

Dynamically allocated memory at    amaxsequence [B,KiB,MiB]:       510058     498.104     0.486

Dynamically allocated memory at amaxcoordinates [B,KiB,MiB]:       510355     498.394     0.487

Dynamically allocated memory at amaxcoordinates [B,KiB,MiB]:       519977     507.790     0.496

Dynamically allocated memory at    amaxsequence [B,KiB,MiB]:       519977     507.790     0.496

Dynamically allocated memory at amaxcoordinates [B,KiB,MiB]:       520427     508.229     0.496

Dynamically allocated memory at amaxcoordinates [B,KiB,MiB]:       534877     522.341     0.510

Dynamically allocated memory at    amaxsequence [B,KiB,MiB]:       534877     522.341     0.510

Dynamically allocated memory at amaxcoordinates [B,KiB,MiB]:       535552     523.000     0.511

Dynamically allocated memory at amaxcoordinates [B,KiB,MiB]:       557210     544.150     0.531

Dynamically allocated memory at    amaxsequence [B,KiB,MiB]:       557210     544.150     0.531

Dynamically allocated memory at amaxcoordinates [B,KiB,MiB]:       558218     545.135     0.532

Dynamically allocated memory at amaxcoordinates [B,KiB,MiB]:       590722     576.877     0.563

Dynamically allocated memory at   amaxstructure [B,KiB,MiB]:       590542     576.701     0.563

check_ali___> Checking the sequence-structure alignment. 

Implied intrachain target CA(i)-CA(i+1) distances longer than  8.0 angstroms:

ALN_POS  TMPL  RID1  RID2  NAM1  NAM2     DIST
----------------------------------------------
END OF TABLE
check_a_344_> << END OF COMMAND
openf___224_> Open           ${LIB}/top_heav.lib
read_to_681_> topology.submodel read from topology file:        3
openf___224_> Open           ${LIB}/par.lib

Dynamically allocated memory at  amaxparameters [B,KiB,MiB]:       729794     712.689     0.696

Dynamically allocated memory at  amaxparameters [B,KiB,MiB]:       731394     714.252     0.698

Dynamically allocated memory at  amaxparameters [B,KiB,MiB]:       735374     718.139     0.701

Dynamically allocated memory at  amaxparameters [B,KiB,MiB]:       737374     720.092     0.703

Dynamically allocated memory at  amaxparameters [B,KiB,MiB]:       740374     723.021     0.706

Dynamically allocated memory at  amaxparameters [B,KiB,MiB]:       744874     727.416     0.710

Dynamically allocated memory at  amaxparameters [B,KiB,MiB]:       750446     732.857     0.716

Dynamically allocated memory at  amaxparameters [B,KiB,MiB]:       753246     735.592     0.718

Dynamically allocated memory at  amaxparameters [B,KiB,MiB]:       757446     739.693     0.722

Dynamically allocated memory at  amaxparameters [B,KiB,MiB]:       763746     745.846     0.728

Dynamically allocated memory at  amaxparameters [B,KiB,MiB]:       766518     748.553     0.731

Dynamically allocated memory at  amaxparameters [B,KiB,MiB]:       767918     749.920     0.732
read_pa_232_> parameters    BONDS   ANGLS  DIHEDS IMPROPS    MODE
                              227     561     661     112       0

Dynamically allocated memory at       amaxmodel [B,KiB,MiB]:       811250     792.236     0.774

Dynamically allocated memory at       amaxmodel [B,KiB,MiB]:      1030966    1006.803     0.983

Dynamically allocated memory at       amaxmodel [B,KiB,MiB]:      1063950    1039.014     1.015

mkilst______> segment topology constructed from sequence and RTF:
              segments residues atoms bonds angles dihedrals impropers:
                     1      277  2223  2273      0         0       925

Dynamically allocated memory at       amaxmodel [B,KiB,MiB]:      1159274    1132.104     1.106

patch_______> segment topology patched using RTF:     1  ;  LEU  ;  NTER
              segments residues atoms bonds angles dihedrals impropers:
                     1      277  2223  2273   3074      3654       925


Dynamically allocated memory at       amaxmodel [B,KiB,MiB]:      1251370    1222.041     1.193
patch_______> segment topology patched using RTF:   277  ;  LEU  ;  CTER
              segments residues atoms bonds angles dihedrals impropers:
                     1      277  2224  2274   3076      3656       926

genseg______> segment topology constructed from sequence and RTF:
              segments residues atoms bonds angles dihedrals impropers:
                     1      277  2224  2274   3076      3656       926
transfe_506_> MODEL is an average of all templates.
transfe_511_> Number of templates for coordinate transfer:        1
              After transferring coordinates of the equivalent template atoms,
              there are defined, undefined atoms in MODEL:     2223        1
openf___224_> Open           3W32_A_full.ini
wrpdb___568_> Residues, atoms, selected atoms:      277     2224     2224
make_re_417_> Restraint type to be calculated:  stereo

Dynamically allocated memory at  amaxrestraints [B,KiB,MiB]:      1358419    1326.581     1.295

Dynamically allocated memory at  amaxrestraints [B,KiB,MiB]:      1366611    1334.581     1.303

Dynamically allocated memory at  amaxrestraints [B,KiB,MiB]:      1382995    1350.581     1.319

Dynamically allocated memory at  amaxrestraints [B,KiB,MiB]:      1415763    1382.581     1.350

Dynamically allocated memory at  amaxrestraints [B,KiB,MiB]:      1448531    1414.581     1.381

Dynamically allocated memory at  amaxrestraints [B,KiB,MiB]:      1514067    1478.581     1.444

Dynamically allocated memory at  amaxrestraints [B,KiB,MiB]:      1546835    1510.581     1.475

Dynamically allocated memory at  amaxrestraints [B,KiB,MiB]:      1579603    1542.581     1.506

Dynamically allocated memory at  amaxrestraints [B,KiB,MiB]:      1645139    1606.581     1.569

Dynamically allocated memory at  amaxrestraints [B,KiB,MiB]:      1776211    1734.581     1.694

Dynamically allocated memory at  amaxrestraints [B,KiB,MiB]:      1841747    1798.581     1.756

Dynamically allocated memory at  amaxrestraints [B,KiB,MiB]:      1907283    1862.581     1.819

Dynamically allocated memory at  amaxrestraints [B,KiB,MiB]:      2038355    1990.581     1.944

Dynamically allocated memory at  amaxrestraints [B,KiB,MiB]:      2300499    2246.581     2.194
r_stere_606_> Stereochemical restraints were constructed from RTF & PRMF.
              Added bond,angle,dihedral,improper restraints  :     2274    3076    3497     912
              Total number of restraints before, now         :        0     9759
make_re_422_> Number of previous, current restraints         :        0     9759
make_re_423_> Number of previous, current selected restraints:        0     9759
make_re_417_> Restraint type to be calculated:  phi-psi_binormal

Dynamically allocated memory at   amaxstructure [B,KiB,MiB]:      2461143    2403.460     2.347
openf___224_> Open           ${MODINSTALL9v19}/modlib/mnch1.bin
openf___224_> Open           ${MODINSTALL9v19}/modlib/mnch1.mdt
getdata_643_> Protein accepted:  3W32_A
getdata_289_> Proteins (all/accepted):        1        1

Dynamically allocated memory at  amaxrestraints [B,KiB,MiB]:      2592231    2531.476     2.472
make_re_422_> Number of previous, current restraints         :     9759    10034
make_re_423_> Number of previous, current selected restraints:     9759    10034
make_re_417_> Restraint type to be calculated:  omega_dihedral

Dynamically allocated memory at   amaxstructure [B,KiB,MiB]:      2592231    2531.476     2.472
openf___224_> Open           ${MODINSTALL9v19}/modlib/omega.bin
openf___224_> Open           ${MODINSTALL9v19}/modlib/omega.mdt
getdata_643_> Protein accepted:  3W32_A
getdata_289_> Proteins (all/accepted):        1        1
omgdel__425_> Unselected all O C +N +CA dihedrals:      290
              (This is to avoid clashes between STEREO
              and OMEGA_DIHEDRAL restraints)
make_re_422_> Number of previous, current restraints         :    10034    10310
make_re_423_> Number of previous, current selected restraints:    10034    10020
make_re_417_> Restraint type to be calculated:  chi1_dihedral

Dynamically allocated memory at   amaxstructure [B,KiB,MiB]:      2592231    2531.476     2.472
openf___224_> Open           ${MODINSTALL9v19}/modlib/chi1234.bin
openf___224_> Open           ${MODINSTALL9v19}/modlib/chi1.mdt
getdata_643_> Protein accepted:  3W32_A
getdata_289_> Proteins (all/accepted):        1        1

Dynamically allocated memory at  amaxrestraints [B,KiB,MiB]:      2723303    2659.476     2.597
make_re_422_> Number of previous, current restraints         :    10310    10554
make_re_423_> Number of previous, current selected restraints:    10020    10264
make_re_417_> Restraint type to be calculated:  chi2_dihedral

Dynamically allocated memory at   amaxstructure [B,KiB,MiB]:      2723303    2659.476     2.597
openf___224_> Open           ${MODINSTALL9v19}/modlib/chi1234.bin
openf___224_> Open           ${MODINSTALL9v19}/modlib/chi2.mdt
getdata_643_> Protein accepted:  3W32_A
getdata_289_> Proteins (all/accepted):        1        1
make_re_422_> Number of previous, current restraints         :    10554    10746
make_re_423_> Number of previous, current selected restraints:    10264    10456
make_re_417_> Restraint type to be calculated:  chi3_dihedral

Dynamically allocated memory at   amaxstructure [B,KiB,MiB]:      2723303    2659.476     2.597
openf___224_> Open           ${MODINSTALL9v19}/modlib/chi1234.bin
openf___224_> Open           ${MODINSTALL9v19}/modlib/chi3.mdt
getdata_643_> Protein accepted:  3W32_A
getdata_289_> Proteins (all/accepted):        1        1
make_re_422_> Number of previous, current restraints         :    10746    10835
make_re_423_> Number of previous, current selected restraints:    10456    10545
make_re_417_> Restraint type to be calculated:  chi4_dihedral

Dynamically allocated memory at   amaxstructure [B,KiB,MiB]:      2723303    2659.476     2.597
openf___224_> Open           ${MODINSTALL9v19}/modlib/chi1234.bin
openf___224_> Open           ${MODINSTALL9v19}/modlib/chi4.mdt
mdtrsr__446W> A potential that relies on one protein is used, yet you have at
              least one known structure available. MDT, not library, potential is used.
getdata_643_> Protein accepted:  3W32_A
getdata_289_> Proteins (all/accepted):        1        1
make_re_422_> Number of previous, current restraints         :    10835    10872
make_re_423_> Number of previous, current selected restraints:    10545    10582
make_re_417_> Restraint type to be calculated:  DISTANCE

Dynamically allocated memory at amaxhash_contac [B,KiB,MiB]:      3363779    3284.940     3.208

Dynamically allocated memory at  amaxrestraints [B,KiB,MiB]:      3625923    3540.940     3.458
make_re_422_> Number of previous, current restraints         :    10872    16570
make_re_423_> Number of previous, current selected restraints:    10582    16280
make_re_417_> Restraint type to be calculated:  DISTANCE

Dynamically allocated memory at  amaxrestraints [B,KiB,MiB]:      4150211    4052.940     3.958

Dynamically allocated memory at  amaxrestraints [B,KiB,MiB]:      4412355    4308.940     4.208
make_re_422_> Number of previous, current restraints         :    16570    22217
make_re_423_> Number of previous, current selected restraints:    16280    21927
make_re_417_> Restraint type to be calculated:  DISTANCE

Dynamically allocated memory at  amaxrestraints [B,KiB,MiB]:      4674499    4564.940     4.458
make_re_422_> Number of previous, current restraints         :    22217    26689
make_re_423_> Number of previous, current selected restraints:    21927    26399
make_re_417_> Restraint type to be calculated:  DISTANCE
make_re_422_> Number of previous, current restraints         :    26689    29593
make_re_423_> Number of previous, current selected restraints:    26399    29303
0 atoms in HETATM/BLK residues constrained
to protein atoms within 2.30 angstroms
and protein CA atoms within 10.00 angstroms
make_re_417_> Restraint type to be calculated:  DISTANCE
make_re_422_> Number of previous, current restraints         :    29593    29593
make_re_423_> Number of previous, current selected restraints:    29303    29303
make_re_417_> Restraint type to be calculated:  DISTANCE
make_re_422_> Number of previous, current restraints         :    29593    29593
make_re_423_> Number of previous, current selected restraints:    29303    29303
make_re_417_> Restraint type to be calculated:  DISTANCE
make_re_422_> Number of previous, current restraints         :    29593    29593
make_re_423_> Number of previous, current selected restraints:    29303    29303
make_re_417_> Restraint type to be calculated:  DISTANCE
make_re_422_> Number of previous, current restraints         :    29593    29593
make_re_423_> Number of previous, current selected restraints:    29303    29303
0 atoms in residues without defined topology
constrained to be rigid bodies
make_re_417_> Restraint type to be calculated:  DISTANCE
make_re_422_> Number of previous, current restraints         :    29593    29593
make_re_423_> Number of previous, current selected restraints:    29303    29303
rmdupl__427_>     1736 redundant cosine dihedral restraints were unselected.
condens_443_> Restraints marked for deletion were removed.
              Total number of restraints before, now:    29593    27567
openf___224_> Open           3W32_A_full.rsr
openf___224_> Open           3W32_A_full.rsr

Dynamically allocated memory at  amaxrestraints [B,KiB,MiB]:      4710489    4600.087     4.492
rdcsr2__307_> Number of restraints read    :    27567
              Number of excluded pairs read:        0
              Number of pseudo atoms read  :        0
rdcsrs__304_> Restraints in memory, selected restraints:    27567    27567
              Explicitly excluded atom pairs in memory :        0
              Pseudo atoms in memory                   :        0
16 (of 2224 total) atoms selected for optimization
openf___224_> Open           3W32_A_full.ini

Dynamically allocated memory at       amaxmodel [B,KiB,MiB]:      4710513    4600.110     4.492
read_mo_297_> Segments, residues, atoms:        1      277     2224
read_mo_298_> Segment:        1     1   277     2224
randomi_498_> Atoms,selected atoms,random_seed,amplitude:     2224       16        1        4.0000
randomi_496_> Amplitude is > 0; randomization is done.
pick_re_612_> Number of MODEL atoms, selected restraints;       16      110
pick_re_612_> Number of MODEL atoms, selected restraints;       16      119
pick_re_612_> Number of MODEL atoms, selected restraints;       16      119
pick_re_612_> Number of MODEL atoms, selected restraints;       16      119
pick_re_612_> Number of MODEL atoms, selected restraints;       16      119
pick_re_612_> Number of MODEL atoms, selected restraints;       16      120
pick_re_612_> Number of MODEL atoms, selected restraints;       16      120
pick_re_612_> Number of MODEL atoms, selected restraints;       16      253

Dynamically allocated memory at  amaxrestraints [B,KiB,MiB]:      5056469    4937.958     4.822
pick_re_612_> Number of MODEL atoms, selected restraints;       16      268
pick_re_612_> Number of MODEL atoms, selected restraints;       16      268
pick_re_612_> Number of MODEL atoms, selected restraints;       16      268
iupac_m_486_> OE1/2 will be swapped:      109.7061        7     7
iupac_m_486_> OE1/2 will be swapped:     -108.9227        9     9
iupac_m_483_> CD1/2 CE1/2 swapped:       98.0745       10    10
iupac_m_397W> Atoms were not swapped because of the uncertainty of how to handle the H atom.
iupac_m_483_> CD1/2 CE1/2 swapped:      134.0627       21    21
iupac_m_397W> Atoms were not swapped because of the uncertainty of how to handle the H atom.
iupac_m_483_> CD1/2 CE1/2 swapped:      -99.9689       25    25
iupac_m_397W> Atoms were not swapped because of the uncertainty of how to handle the H atom.
iupac_m_486_> OE1/2 will be swapped:     -140.8104       34    34
iupac_m_487_> NH1/2 swapped:      179.8209       46    46
iupac_m_486_> OE1/2 will be swapped:      154.6940       56    56
iupac_m_485_> OD1/2 will be swapped:     -128.7407       59    59
iupac_m_486_> OE1/2 will be swapped:     -167.8546       60    60
iupac_m_483_> CD1/2 CE1/2 swapped:      -99.3673       62    62
iupac_m_397W> Atoms were not swapped because of the uncertainty of how to handle the H atom.
iupac_m_483_> CD1/2 CE1/2 swapped:      130.4140       93    93
iupac_m_397W> Atoms were not swapped because of the uncertainty of how to handle the H atom.
iupac_m_485_> OD1/2 will be swapped:      153.6774       98    98
iupac_m_483_> CD1/2 CE1/2 swapped:      -91.5946      111   111
iupac_m_397W> Atoms were not swapped because of the uncertainty of how to handle the H atom.
iupac_m_483_> CD1/2 CE1/2 swapped:       91.1824      125   125
iupac_m_397W> Atoms were not swapped because of the uncertainty of how to handle the H atom.
iupac_m_484W> Dihedral still outside +-90:      -92.2367
iupac_m_485_> OD1/2 will be swapped:      147.6269      128   128
iupac_m_487_> NH1/2 swapped:      177.7903      129   129
iupac_m_487_> NH1/2 swapped:     -179.7643      130   130
iupac_m_485_> OD1/2 will be swapped:     -155.3707      135   135
iupac_m_483_> CD1/2 CE1/2 swapped:      -91.5833      154   154
iupac_m_397W> Atoms were not swapped because of the uncertainty of how to handle the H atom.
iupac_m_486_> OE1/2 will be swapped:      156.5064      163   163
iupac_m_486_> OE1/2 will be swapped:     -155.7048      164   164
iupac_m_483_> CD1/2 CE1/2 swapped:     -103.5209      167   167
iupac_m_397W> Atoms were not swapped because of the uncertainty of how to handle the H atom.
iupac_m_485_> OD1/2 will be swapped:      167.4005      194   194
iupac_m_483_> CD1/2 CE1/2 swapped:      -92.1203      198   198
iupac_m_397W> Atoms were not swapped because of the uncertainty of how to handle the H atom.
iupac_m_484W> Dihedral still outside +-90:       90.5644
iupac_m_486_> OE1/2 will be swapped:       92.6991      204   204
iupac_m_485_> OD1/2 will be swapped:     -157.6582      214   214
iupac_m_486_> OE1/2 will be swapped:     -148.5471      220   220
iupac_m_486_> OE1/2 will be swapped:      153.4345      226   226
iupac_m_487_> NH1/2 swapped:      179.3791      230   230
iupac_m_485_> OD1/2 will be swapped:      -95.8895      240   240
iupac_m_483_> CD1/2 CE1/2 swapped:     -128.8217      242   242
iupac_m_397W> Atoms were not swapped because of the uncertainty of how to handle the H atom.
iupac_m_485_> OD1/2 will be swapped:     -173.2750      252   252
iupac_m_487_> NH1/2 swapped:     -177.3227      256   256
iupac_m_486_> OE1/2 will be swapped:      172.7426      261   261
iupac_m_487_> NH1/2 swapped:     -179.9720      275   275
iupac_m_483_> CD1/2 CE1/2 swapped:       99.2705      276   276
iupac_m_397W> Atoms were not swapped because of the uncertainty of how to handle the H atom.


>> ENERGY; Differences between the model's features and restraints:
Number of all residues in MODEL                   :      277
Number of all, selected real atoms                :     2224      16
Number of all, selected pseudo atoms              :        0       0
Number of all static, selected restraints         :    27567     268
COVALENT_CYS                                      :        F
NONBONDED_SEL_ATOMS                               :        1
Number of non-bonded pairs (excluding 1-2,1-3,1-4):       29
Dynamic pairs routine                             : 5, NATM_SEL x NATM double loop
Atomic shift for contacts update (UPDATE_DYNAMIC) :    0.390
LENNARD_JONES_SWITCH                              :    6.500   7.500
COULOMB_JONES_SWITCH                              :    6.500   7.500
RESIDUE_SPAN_RANGE                                :        0   99999
NLOGN_USE                                         :       15
CONTACT_SHELL                                     :    4.000
DYNAMIC_PAIRS,_SPHERE,_COULOMB,_LENNARD,_MODELLER :        T       T       F       F       F
SPHERE_STDV                                       :    0.050
RADII_FACTOR                                      :    0.820
Current energy                                    :          16.5895





Summary of the restraint violations: 

   NUM     ... number of restraints.
   NUMVI   ... number of restraints with RVIOL > VIOL_REPORT_CUT[i].
   RVIOL   ... relative difference from the best value.
   NUMVP   ... number of restraints with -Ln(pdf) > VIOL_REPORT_CUT2[i].
   RMS_1   ... RMS(feature, minimally_violated_basis_restraint, NUMB).
   RMS_2   ... RMS(feature, best_value, NUMB).
   MOL.PDF ... scaled contribution to -Ln(Molecular pdf).

 #                     RESTRAINT_GROUP      NUM   NUMVI  NUMVP   RMS_1   RMS_2         MOL.PDF     S_i
------------------------------------------------------------------------------------------------------
 1 Bond length potential              :      16       0      0   0.005   0.005     0.77671E-01   1.000
 2 Bond angle potential               :      22       0      0   1.730   1.730      1.1143       1.000
 3 Stereochemical cosine torsion poten:       9       0      1  71.593  71.593      5.1856       1.000
 4 Stereochemical improper torsion pot:       6       0      0   2.201   2.201     0.48796       1.000
 5 Soft-sphere overlap restraints     :      29       0      0   0.000   0.000      0.0000       1.000
 6 Lennard-Jones 6-12 potential       :       0       0      0   0.000   0.000      0.0000       1.000
 7 Coulomb point-point electrostatic p:       0       0      0   0.000   0.000      0.0000       1.000
 8 H-bonding potential                :       0       0      0   0.000   0.000      0.0000       1.000
 9 Distance restraints 1 (CA-CA)      :      58       0      0   0.079   0.079     0.44109       1.000
10 Distance restraints 2 (N-O)        :      68       0      0   0.120   0.120     0.91130       1.000
11 Mainchain Phi dihedral restraints  :       0       0      0   0.000   0.000      0.0000       1.000
12 Mainchain Psi dihedral restraints  :       0       0      0   0.000   0.000      0.0000       1.000
13 Mainchain Omega dihedral restraints:       2       0      0   1.449   1.449     0.49523E-01   1.000
14 Sidechain Chi_1 dihedral restraints:       2       0      0  86.998  86.998     0.29851       1.000
15 Sidechain Chi_2 dihedral restraints:       2       0      0  91.349  91.349     0.31589       1.000
16 Sidechain Chi_3 dihedral restraints:       0       0      0   0.000   0.000      0.0000       1.000
17 Sidechain Chi_4 dihedral restraints:       0       0      0   0.000   0.000      0.0000       1.000
18 Disulfide distance restraints      :       0       0      0   0.000   0.000      0.0000       1.000
19 Disulfide angle restraints         :       0       0      0   0.000   0.000      0.0000       1.000
20 Disulfide dihedral angle restraints:       0       0      0   0.000   0.000      0.0000       1.000
21 Lower bound distance restraints    :       0       0      0   0.000   0.000      0.0000       1.000
22 Upper bound distance restraints    :       0       0      0   0.000   0.000      0.0000       1.000
23 Distance restraints 3 (SDCH-MNCH)  :      41       0      0   0.135   0.135     0.14848E-01   1.000
24 Sidechain Chi_5 dihedral restraints:       0       0      0   0.000   0.000      0.0000       1.000
25 Phi/Psi pair of dihedral restraints:       2       0      0  22.014  22.014     0.41135       1.000
26 Distance restraints 4 (SDCH-SDCH)  :      40       0      0   1.146   1.146      7.2814       1.000
27 Distance restraints 5 (X-Y)        :       0       0      0   0.000   0.000      0.0000       1.000
28 NMR distance restraints 6 (X-Y)    :       0       0      0   0.000   0.000      0.0000       1.000
29 NMR distance restraints 7 (X-Y)    :       0       0      0   0.000   0.000      0.0000       1.000
30 Minimal distance restraints        :       0       0      0   0.000   0.000      0.0000       1.000
31 Non-bonded restraints              :       0       0      0   0.000   0.000      0.0000       1.000
32 Atomic accessibility restraints    :       0       0      0   0.000   0.000      0.0000       1.000
33 Atomic density restraints          :       0       0      0   0.000   0.000      0.0000       1.000
34 Absolute position restraints       :       0       0      0   0.000   0.000      0.0000       1.000
35 Dihedral angle difference restraint:       0       0      0   0.000   0.000      0.0000       1.000
36 GBSA implicit solvent potential    :       0       0      0   0.000   0.000      0.0000       1.000
37 EM density fitting potential       :       0       0      0   0.000   0.000      0.0000       1.000
38 SAXS restraints                    :       0       0      0   0.000   0.000      0.0000       1.000
39 Symmetry restraints                :       0       0      0   0.000   0.000      0.0000       1.000



openf___224_> Open           3W32_A_full.V99990001
# Heavy relative violation of each residue is written to: 3W32_A_full.V99990001
# The profile is NOT normalized by the number of restraints.
# The profiles are smoothed over a window of residues:    1
# The sum of all numbers in the file:     256.7455



List of the violated restraints:
   A restraint is violated when the relative difference
   from the best value (RVIOL) is larger than CUTOFF.

   ICSR   ... index of a restraint in the current set.
   RESNO  ... residue numbers of the first two atoms.
   ATM    ... IUPAC atom names of the first two atoms.
   FEAT   ... the value of the feature in the model.
   restr  ... the mean of the basis restraint with the smallest
              difference from the model (local minimum).
   viol   ... difference from the local minimum.
   rviol  ... relative difference from the local minimum.
   RESTR  ... the best value (global minimum).
   VIOL   ... difference from the best value.
   RVIOL  ... relative difference from the best value.



report______> Distribution of short non-bonded contacts:


DISTANCE1:  0.00 2.10 2.20 2.30 2.40 2.50 2.60 2.70 2.80 2.90 3.00 3.10 3.20 3.30 3.40
DISTANCE2:  2.10 2.20 2.30 2.40 2.50 2.60 2.70 2.80 2.90 3.00 3.10 3.20 3.30 3.40 3.50
FREQUENCY:     0    0    0    0    1    3   10   31   89  123  123  183  264  326  377


<< end of ENERGY.
openf___224_> Open           3W32_A_full.B99990001.pdb
wrpdb___568_> Residues, atoms, selected atoms:      277     2224     2224

>> Summary of successfully produced models:
Filename                          molpdf
----------------------------------------
3W32_A_full.B99990001.pdb       16.58953


Dynamically allocated memory at          finish [B,KiB,MiB]:      5056469    4937.958     4.822
Starting time                                            : 2018/02/20 13:02:00
Closing time                                             : 2018/02/20 13:02:02
Total CPU time [seconds]                                 :       1.91
