
                         MODELLER 9.19, 2017/07/19, r11078

     PROTEIN STRUCTURE MODELLING BY SATISFACTION OF SPATIAL RESTRAINTS


                     Copyright(c) 1989-2017 Andrej Sali
                            All Rights Reserved

                             Written by A. Sali
                               with help from
              B. Webb, M.S. Madhusudhan, M-Y. Shen, G.Q. Dong,
          M.A. Marti-Renom, N. Eswar, F. Alber, M. Topf, B. Oliva,
             A. Fiser, R. Sanchez, B. Yerkovich, A. Badretdinov,
                     F. Melo, J.P. Overington, E. Feyfant
                 University of California, San Francisco, USA
                    Rockefeller University, New York, USA
                      Harvard University, Cambridge, USA
                   Imperial Cancer Research Fund, London, UK
              Birkbeck College, University of London, London, UK


Kind, OS, HostName, Kernel, Processor: 4, Linux german-xps 4.14.6-041406-generic x86_64
Date and time of compilation         : 2017/07/19 15:03:51
MODELLER executable type             : x86_64-intel8
Job starting time (YY/MM/DD HH:MM:SS): 2018/02/20 13:04:00

openf___224_> Open           $(LIB)/restyp.lib
openf___224_> Open           ${MODINSTALL9v19}/modlib/resgrp.lib
rdresgr_266_> Number of residue groups:        2
openf___224_> Open           ${MODINSTALL9v19}/modlib/sstruc.lib

Dynamically allocated memory at   amaxlibraries [B,KiB,MiB]:       191566     187.076     0.183

Dynamically allocated memory at   amaxlibraries [B,KiB,MiB]:       192094     187.592     0.183
openf___224_> Open           ${MODINSTALL9v19}/modlib/resdih.lib

Dynamically allocated memory at   amaxlibraries [B,KiB,MiB]:       240694     235.053     0.230
rdrdih__263_> Number of dihedral angle types         :        9
              Maximal number of dihedral angle optima:        3
              Dihedral angle names                   :  Alph Phi Psi Omeg chi1 chi2 chi3 chi4 chi5
openf___224_> Open           ${MODINSTALL9v19}/modlib/radii.lib

Dynamically allocated memory at   amaxlibraries [B,KiB,MiB]:       253994     248.041     0.242
openf___224_> Open           ${MODINSTALL9v19}/modlib/radii14.lib
openf___224_> Open           ${MODINSTALL9v19}/modlib/af_mnchdef.lib
rdwilmo_274_> Mainchain residue conformation classes:  APBLE
openf___224_> Open           ${MODINSTALL9v19}/modlib/mnch.lib
rdclass_257_> Number of classes:        5
openf___224_> Open           ${MODINSTALL9v19}/modlib/mnch1.lib
openf___224_> Open           ${MODINSTALL9v19}/modlib/mnch2.lib
openf___224_> Open           ${MODINSTALL9v19}/modlib/mnch3.lib
openf___224_> Open           ${MODINSTALL9v19}/modlib/xs4.mat
rdrrwgh_268_> Number of residue types:       21
openf___224_> Open           /home/german/labo/18/egfr/model/5EM5_A/to_model_5EM5_A

Dynamically allocated memory at   amaxalignment [B,KiB,MiB]:       265487     259.265     0.253

Dynamically allocated memory at   amaxalignment [B,KiB,MiB]:       266937     260.681     0.255

Dynamically allocated memory at   amaxalignment [B,KiB,MiB]:       269837     263.513     0.257

Dynamically allocated memory at   amaxalignment [B,KiB,MiB]:       275637     269.177     0.263

Dynamically allocated memory at   amaxalignment [B,KiB,MiB]:       392693     383.489     0.375

Dynamically allocated memory at    amaxsequence [B,KiB,MiB]:       393881     384.649     0.376

Dynamically allocated memory at    amaxsequence [B,KiB,MiB]:       394985     385.728     0.377

Read the alignment from file       : /home/german/labo/18/egfr/model/5EM5_A/to_model_5EM5_A
Total number of alignment positions:   318

  #  Code        #_Res #_Segm PDB_code    Name
-------------------------------------------------------------------------------
  1     5EM5_A     298      1      5EM5_A
  2  5EM5_A_fu     277      1
check_a_343_> >> BEGINNING OF COMMAND
openf___224_> Open           ./5EM5_A.pdb

Dynamically allocated memory at amaxcoordinates [B,KiB,MiB]:       486110     474.717     0.464

Dynamically allocated memory at    amaxsequence [B,KiB,MiB]:       486110     474.717     0.464

Dynamically allocated memory at amaxcoordinates [B,KiB,MiB]:       486281     474.884     0.464

Dynamically allocated memory at amaxcoordinates [B,KiB,MiB]:       487131     475.714     0.465

Dynamically allocated memory at amaxcoordinates [B,KiB,MiB]:       488389     476.942     0.466

Dynamically allocated memory at amaxcoordinates [B,KiB,MiB]:       490293     478.802     0.468

Dynamically allocated memory at    amaxsequence [B,KiB,MiB]:       490293     478.802     0.468

Dynamically allocated memory at amaxcoordinates [B,KiB,MiB]:       490383     478.890     0.468

Dynamically allocated memory at amaxcoordinates [B,KiB,MiB]:       493239     481.679     0.470

Dynamically allocated memory at    amaxsequence [B,KiB,MiB]:       493239     481.679     0.470

Dynamically allocated memory at amaxcoordinates [B,KiB,MiB]:       493374     481.811     0.471

Dynamically allocated memory at amaxcoordinates [B,KiB,MiB]:       497658     485.994     0.475

Dynamically allocated memory at    amaxsequence [B,KiB,MiB]:       497658     485.994     0.475

Dynamically allocated memory at amaxcoordinates [B,KiB,MiB]:       497856     486.188     0.475

Dynamically allocated memory at amaxcoordinates [B,KiB,MiB]:       504282     492.463     0.481

Dynamically allocated memory at    amaxsequence [B,KiB,MiB]:       504282     492.463     0.481

Dynamically allocated memory at amaxcoordinates [B,KiB,MiB]:       504579     492.753     0.481

Dynamically allocated memory at amaxcoordinates [B,KiB,MiB]:       514201     502.149     0.490

Dynamically allocated memory at    amaxsequence [B,KiB,MiB]:       514201     502.149     0.490

Dynamically allocated memory at amaxcoordinates [B,KiB,MiB]:       514651     502.589     0.491

Dynamically allocated memory at amaxcoordinates [B,KiB,MiB]:       529101     516.700     0.505

Dynamically allocated memory at    amaxsequence [B,KiB,MiB]:       529101     516.700     0.505

Dynamically allocated memory at amaxcoordinates [B,KiB,MiB]:       529776     517.359     0.505

Dynamically allocated memory at amaxcoordinates [B,KiB,MiB]:       551434     538.510     0.526

Dynamically allocated memory at    amaxsequence [B,KiB,MiB]:       551434     538.510     0.526

Dynamically allocated memory at amaxcoordinates [B,KiB,MiB]:       552442     539.494     0.527

Dynamically allocated memory at amaxcoordinates [B,KiB,MiB]:       584946     571.236     0.558

Dynamically allocated memory at   amaxstructure [B,KiB,MiB]:       584595     570.894     0.558

check_ali___> Checking the sequence-structure alignment. 

Implied intrachain target CA(i)-CA(i+1) distances longer than  8.0 angstroms:

ALN_POS  TMPL  RID1  RID2  NAM1  NAM2     DIST
----------------------------------------------
END OF TABLE
check_a_344_> << END OF COMMAND
openf___224_> Open           ${LIB}/top_heav.lib
read_to_681_> topology.submodel read from topology file:        3
openf___224_> Open           ${LIB}/par.lib

Dynamically allocated memory at  amaxparameters [B,KiB,MiB]:       723847     706.882     0.690

Dynamically allocated memory at  amaxparameters [B,KiB,MiB]:       725447     708.444     0.692

Dynamically allocated memory at  amaxparameters [B,KiB,MiB]:       729427     712.331     0.696

Dynamically allocated memory at  amaxparameters [B,KiB,MiB]:       731427     714.284     0.698

Dynamically allocated memory at  amaxparameters [B,KiB,MiB]:       734427     717.214     0.700

Dynamically allocated memory at  amaxparameters [B,KiB,MiB]:       738927     721.608     0.705

Dynamically allocated memory at  amaxparameters [B,KiB,MiB]:       744499     727.050     0.710

Dynamically allocated memory at  amaxparameters [B,KiB,MiB]:       747299     729.784     0.713

Dynamically allocated memory at  amaxparameters [B,KiB,MiB]:       751499     733.886     0.717

Dynamically allocated memory at  amaxparameters [B,KiB,MiB]:       757799     740.038     0.723

Dynamically allocated memory at  amaxparameters [B,KiB,MiB]:       760571     742.745     0.725

Dynamically allocated memory at  amaxparameters [B,KiB,MiB]:       761971     744.112     0.727
read_pa_232_> parameters    BONDS   ANGLS  DIHEDS IMPROPS    MODE
                              227     561     661     112       0

Dynamically allocated memory at       amaxmodel [B,KiB,MiB]:       805303     786.429     0.768

Dynamically allocated memory at       amaxmodel [B,KiB,MiB]:      1025411    1001.378     0.978

Dynamically allocated memory at       amaxmodel [B,KiB,MiB]:      1058411    1033.604     1.009

mkilst______> segment topology constructed from sequence and RTF:
              segments residues atoms bonds angles dihedrals impropers:
                     1      277  2227  2277      0         0       924

Dynamically allocated memory at       amaxmodel [B,KiB,MiB]:      1153819    1126.776     1.100

patch_______> segment topology patched using RTF:     1  ;  LEU  ;  NTER
              segments residues atoms bonds angles dihedrals impropers:
                     1      277  2227  2277   3077      3657       924


Dynamically allocated memory at       amaxmodel [B,KiB,MiB]:      1245915    1216.714     1.188
patch_______> segment topology patched using RTF:   277  ;  LEU  ;  CTER
              segments residues atoms bonds angles dihedrals impropers:
                     1      277  2228  2278   3079      3659       925

genseg______> segment topology constructed from sequence and RTF:
              segments residues atoms bonds angles dihedrals impropers:
                     1      277  2228  2278   3079      3659       925
transfe_506_> MODEL is an average of all templates.
transfe_511_> Number of templates for coordinate transfer:        1
              After transferring coordinates of the equivalent template atoms,
              there are defined, undefined atoms in MODEL:     2071      157
openf___224_> Open           5EM5_A_full.ini
wrpdb___568_> Residues, atoms, selected atoms:      277     2228     2228
make_re_417_> Restraint type to be calculated:  stereo

Dynamically allocated memory at  amaxrestraints [B,KiB,MiB]:      1352964    1321.254     1.290

Dynamically allocated memory at  amaxrestraints [B,KiB,MiB]:      1361156    1329.254     1.298

Dynamically allocated memory at  amaxrestraints [B,KiB,MiB]:      1377540    1345.254     1.314

Dynamically allocated memory at  amaxrestraints [B,KiB,MiB]:      1410308    1377.254     1.345

Dynamically allocated memory at  amaxrestraints [B,KiB,MiB]:      1443076    1409.254     1.376

Dynamically allocated memory at  amaxrestraints [B,KiB,MiB]:      1508612    1473.254     1.439

Dynamically allocated memory at  amaxrestraints [B,KiB,MiB]:      1541380    1505.254     1.470

Dynamically allocated memory at  amaxrestraints [B,KiB,MiB]:      1574148    1537.254     1.501

Dynamically allocated memory at  amaxrestraints [B,KiB,MiB]:      1639684    1601.254     1.564

Dynamically allocated memory at  amaxrestraints [B,KiB,MiB]:      1770756    1729.254     1.689

Dynamically allocated memory at  amaxrestraints [B,KiB,MiB]:      1836292    1793.254     1.751

Dynamically allocated memory at  amaxrestraints [B,KiB,MiB]:      1901828    1857.254     1.814

Dynamically allocated memory at  amaxrestraints [B,KiB,MiB]:      2032900    1985.254     1.939

Dynamically allocated memory at  amaxrestraints [B,KiB,MiB]:      2295044    2241.254     2.189
r_stere_606_> Stereochemical restraints were constructed from RTF & PRMF.
              Added bond,angle,dihedral,improper restraints  :     2278    3079    3500     911
              Total number of restraints before, now         :        0     9768
make_re_422_> Number of previous, current restraints         :        0     9768
make_re_423_> Number of previous, current selected restraints:        0     9768
make_re_417_> Restraint type to be calculated:  phi-psi_binormal

Dynamically allocated memory at   amaxstructure [B,KiB,MiB]:      2455824    2398.266     2.342
openf___224_> Open           ${MODINSTALL9v19}/modlib/mnch1.bin
openf___224_> Open           ${MODINSTALL9v19}/modlib/mnch1.mdt
getdata_643_> Protein accepted:  5EM5_A
getdata_289_> Proteins (all/accepted):        1        1

Dynamically allocated memory at  amaxrestraints [B,KiB,MiB]:      2586912    2526.281     2.467
make_re_422_> Number of previous, current restraints         :     9768    10043
make_re_423_> Number of previous, current selected restraints:     9768    10043
make_re_417_> Restraint type to be calculated:  omega_dihedral

Dynamically allocated memory at   amaxstructure [B,KiB,MiB]:      2586912    2526.281     2.467
openf___224_> Open           ${MODINSTALL9v19}/modlib/omega.bin
openf___224_> Open           ${MODINSTALL9v19}/modlib/omega.mdt
getdata_643_> Protein accepted:  5EM5_A
getdata_289_> Proteins (all/accepted):        1        1
omgdel__425_> Unselected all O C +N +CA dihedrals:      290
              (This is to avoid clashes between STEREO
              and OMEGA_DIHEDRAL restraints)
make_re_422_> Number of previous, current restraints         :    10043    10319
make_re_423_> Number of previous, current selected restraints:    10043    10029
make_re_417_> Restraint type to be calculated:  chi1_dihedral

Dynamically allocated memory at   amaxstructure [B,KiB,MiB]:      2586912    2526.281     2.467
openf___224_> Open           ${MODINSTALL9v19}/modlib/chi1234.bin
openf___224_> Open           ${MODINSTALL9v19}/modlib/chi1.mdt
getdata_643_> Protein accepted:  5EM5_A
getdata_289_> Proteins (all/accepted):        1        1

Dynamically allocated memory at  amaxrestraints [B,KiB,MiB]:      2717984    2654.281     2.592
make_re_422_> Number of previous, current restraints         :    10319    10563
make_re_423_> Number of previous, current selected restraints:    10029    10273
make_re_417_> Restraint type to be calculated:  chi2_dihedral

Dynamically allocated memory at   amaxstructure [B,KiB,MiB]:      2717984    2654.281     2.592
openf___224_> Open           ${MODINSTALL9v19}/modlib/chi1234.bin
openf___224_> Open           ${MODINSTALL9v19}/modlib/chi2.mdt
getdata_643_> Protein accepted:  5EM5_A
getdata_289_> Proteins (all/accepted):        1        1
make_re_422_> Number of previous, current restraints         :    10563    10756
make_re_423_> Number of previous, current selected restraints:    10273    10466
make_re_417_> Restraint type to be calculated:  chi3_dihedral

Dynamically allocated memory at   amaxstructure [B,KiB,MiB]:      2717984    2654.281     2.592
openf___224_> Open           ${MODINSTALL9v19}/modlib/chi1234.bin
openf___224_> Open           ${MODINSTALL9v19}/modlib/chi3.mdt
getdata_643_> Protein accepted:  5EM5_A
getdata_289_> Proteins (all/accepted):        1        1
make_re_422_> Number of previous, current restraints         :    10756    10847
make_re_423_> Number of previous, current selected restraints:    10466    10557
make_re_417_> Restraint type to be calculated:  chi4_dihedral

Dynamically allocated memory at   amaxstructure [B,KiB,MiB]:      2717984    2654.281     2.592
openf___224_> Open           ${MODINSTALL9v19}/modlib/chi1234.bin
openf___224_> Open           ${MODINSTALL9v19}/modlib/chi4.mdt
mdtrsr__446W> A potential that relies on one protein is used, yet you have at
              least one known structure available. MDT, not library, potential is used.
getdata_643_> Protein accepted:  5EM5_A
getdata_289_> Proteins (all/accepted):        1        1
make_re_422_> Number of previous, current restraints         :    10847    10885
make_re_423_> Number of previous, current selected restraints:    10557    10595
make_re_417_> Restraint type to be calculated:  DISTANCE

Dynamically allocated memory at amaxhash_contac [B,KiB,MiB]:      3359612    3280.871     3.204
make_re_422_> Number of previous, current restraints         :    10885    15949
make_re_423_> Number of previous, current selected restraints:    10595    15659
make_re_417_> Restraint type to be calculated:  DISTANCE

Dynamically allocated memory at  amaxrestraints [B,KiB,MiB]:      3621756    3536.871     3.454

Dynamically allocated memory at  amaxrestraints [B,KiB,MiB]:      3883900    3792.871     3.704

Dynamically allocated memory at  amaxrestraints [B,KiB,MiB]:      4408188    4304.871     4.204
make_re_422_> Number of previous, current restraints         :    15949    21078
make_re_423_> Number of previous, current selected restraints:    15659    20788
make_re_417_> Restraint type to be calculated:  DISTANCE
make_re_422_> Number of previous, current restraints         :    21078    25144
make_re_423_> Number of previous, current selected restraints:    20788    24854
make_re_417_> Restraint type to be calculated:  DISTANCE

Dynamically allocated memory at  amaxrestraints [B,KiB,MiB]:      4670332    4560.871     4.454
make_re_422_> Number of previous, current restraints         :    25144    27803
make_re_423_> Number of previous, current selected restraints:    24854    27513
0 atoms in HETATM/BLK residues constrained
to protein atoms within 2.30 angstroms
and protein CA atoms within 10.00 angstroms
make_re_417_> Restraint type to be calculated:  DISTANCE
make_re_422_> Number of previous, current restraints         :    27803    27803
make_re_423_> Number of previous, current selected restraints:    27513    27513
make_re_417_> Restraint type to be calculated:  DISTANCE
make_re_422_> Number of previous, current restraints         :    27803    27803
make_re_423_> Number of previous, current selected restraints:    27513    27513
make_re_417_> Restraint type to be calculated:  DISTANCE
make_re_422_> Number of previous, current restraints         :    27803    27803
make_re_423_> Number of previous, current selected restraints:    27513    27513
make_re_417_> Restraint type to be calculated:  DISTANCE
make_re_422_> Number of previous, current restraints         :    27803    27803
make_re_423_> Number of previous, current selected restraints:    27513    27513
0 atoms in residues without defined topology
constrained to be rigid bodies
make_re_417_> Restraint type to be calculated:  DISTANCE
make_re_422_> Number of previous, current restraints         :    27803    27803
make_re_423_> Number of previous, current selected restraints:    27513    27513
rmdupl__427_>     1740 redundant cosine dihedral restraints were unselected.
condens_443_> Restraints marked for deletion were removed.
              Total number of restraints before, now:    27803    25773
openf___224_> Open           5EM5_A_full.rsr
openf___224_> Open           5EM5_A_full.rsr

Dynamically allocated memory at  amaxrestraints [B,KiB,MiB]:      4712133    4601.692     4.494
rdcsr2__307_> Number of restraints read    :    25773
              Number of excluded pairs read:        0
              Number of pseudo atoms read  :        0
rdcsrs__304_> Restraints in memory, selected restraints:    25773    25773
              Explicitly excluded atom pairs in memory :        0
              Pseudo atoms in memory                   :        0
214 (of 2228 total) atoms selected for optimization
openf___224_> Open           5EM5_A_full.ini

Dynamically allocated memory at       amaxmodel [B,KiB,MiB]:      4712157    4601.716     4.494
read_mo_297_> Segments, residues, atoms:        1      277     2228
read_mo_298_> Segment:        1     1   277     2228
randomi_498_> Atoms,selected atoms,random_seed,amplitude:     2228      214        1        4.0000
randomi_496_> Amplitude is > 0; randomization is done.
pick_re_612_> Number of MODEL atoms, selected restraints;      214     1220
pick_re_612_> Number of MODEL atoms, selected restraints;      214     1349
pick_re_612_> Number of MODEL atoms, selected restraints;      214     1426
pick_re_612_> Number of MODEL atoms, selected restraints;      214     1503
pick_re_612_> Number of MODEL atoms, selected restraints;      214     1592
pick_re_612_> Number of MODEL atoms, selected restraints;      214     1789
pick_re_612_> Number of MODEL atoms, selected restraints;      214     2110
pick_re_612_> Number of MODEL atoms, selected restraints;      214     2360

Dynamically allocated memory at  amaxrestraints [B,KiB,MiB]:      5058209    4939.657     4.824
pick_re_612_> Number of MODEL atoms, selected restraints;      214     2405
pick_re_612_> Number of MODEL atoms, selected restraints;      214     2405
pick_re_612_> Number of MODEL atoms, selected restraints;      214     2405
iupac_m_487_> NH1/2 swapped:      178.7899        3     3
iupac_m_486_> OE1/2 will be swapped:     -135.2936        7     7
iupac_m_486_> OE1/2 will be swapped:      174.0731        9     9
iupac_m_486_> OE1/2 will be swapped:     -102.3238       32    32
iupac_m_486_> OE1/2 will be swapped:     -155.3501       34    34
iupac_m_486_> OE1/2 will be swapped:     -159.9809       44    44
iupac_m_487_> NH1/2 swapped:     -180.0000       46    46
iupac_m_486_> OE1/2 will be swapped:     -179.9720       47    47
iupac_m_486_> OE1/2 will be swapped:     -139.5232       56    56
iupac_m_485_> OD1/2 will be swapped:      155.9854       98    98
iupac_m_483_> CD1/2 CE1/2 swapped:      -95.8175       99    99
iupac_m_397W> Atoms were not swapped because of the uncertainty of how to handle the H atom.
iupac_m_486_> OE1/2 will be swapped:     -133.3039      102   102
iupac_m_486_> OE1/2 will be swapped:      174.0188      127   127
iupac_m_485_> OD1/2 will be swapped:      167.8792      128   128
iupac_m_485_> OD1/2 will be swapped:     -161.2933      135   135
iupac_m_483_> CD1/2 CE1/2 swapped:      -92.5289      154   154
iupac_m_397W> Atoms were not swapped because of the uncertainty of how to handle the H atom.
iupac_m_486_> OE1/2 will be swapped:      179.9657      163   163
iupac_m_486_> OE1/2 will be swapped:     -166.6099      164   164
iupac_m_486_> OE1/2 will be swapped:     -163.2339      166   166
iupac_m_487_> NH1/2 swapped:     -179.8481      187   187
iupac_m_483_> CD1/2 CE1/2 swapped:      -92.1876      189   189
iupac_m_397W> Atoms were not swapped because of the uncertainty of how to handle the H atom.
iupac_m_484W> Dihedral still outside +-90:       91.7300
iupac_m_485_> OD1/2 will be swapped:      155.8768      194   194
iupac_m_483_> CD1/2 CE1/2 swapped:      -91.0842      198   198
iupac_m_397W> Atoms were not swapped because of the uncertainty of how to handle the H atom.
iupac_m_486_> OE1/2 will be swapped:       92.0398      204   204
iupac_m_485_> OD1/2 will be swapped:     -144.1088      214   214
iupac_m_486_> OE1/2 will be swapped:      138.4716      229   229
iupac_m_483_> CD1/2 CE1/2 swapped:     -126.2061      242   242
iupac_m_397W> Atoms were not swapped because of the uncertainty of how to handle the H atom.
iupac_m_485_> OD1/2 will be swapped:      159.8889      254   254
iupac_m_487_> NH1/2 swapped:     -178.8893      256   256
iupac_m_487_> NH1/2 swapped:      179.1359      260   260
iupac_m_486_> OE1/2 will be swapped:      120.2132      265   265
iupac_m_487_> NH1/2 swapped:      179.4373      271   271
iupac_m_485_> OD1/2 will be swapped:     -168.7943      272   272
iupac_m_487_> NH1/2 swapped:     -179.6294      275   275
iupac_m_483_> CD1/2 CE1/2 swapped:       98.0530      276   276
iupac_m_397W> Atoms were not swapped because of the uncertainty of how to handle the H atom.


>> ENERGY; Differences between the model's features and restraints:
Number of all residues in MODEL                   :      277
Number of all, selected real atoms                :     2228     214
Number of all, selected pseudo atoms              :        0       0
Number of all static, selected restraints         :    25773    2405
COVALENT_CYS                                      :        F
NONBONDED_SEL_ATOMS                               :        1
Number of non-bonded pairs (excluding 1-2,1-3,1-4):      404
Dynamic pairs routine                             : 5, NATM_SEL x NATM double loop
Atomic shift for contacts update (UPDATE_DYNAMIC) :    0.390
LENNARD_JONES_SWITCH                              :    6.500   7.500
COULOMB_JONES_SWITCH                              :    6.500   7.500
RESIDUE_SPAN_RANGE                                :        0   99999
NLOGN_USE                                         :       15
CONTACT_SHELL                                     :    4.000
DYNAMIC_PAIRS,_SPHERE,_COULOMB,_LENNARD,_MODELLER :        T       T       F       F       F
SPHERE_STDV                                       :    0.050
RADII_FACTOR                                      :    0.820
Current energy                                    :         211.9718





Summary of the restraint violations: 

   NUM     ... number of restraints.
   NUMVI   ... number of restraints with RVIOL > VIOL_REPORT_CUT[i].
   RVIOL   ... relative difference from the best value.
   NUMVP   ... number of restraints with -Ln(pdf) > VIOL_REPORT_CUT2[i].
   RMS_1   ... RMS(feature, minimally_violated_basis_restraint, NUMB).
   RMS_2   ... RMS(feature, best_value, NUMB).
   MOL.PDF ... scaled contribution to -Ln(Molecular pdf).

 #                     RESTRAINT_GROUP      NUM   NUMVI  NUMVP   RMS_1   RMS_2         MOL.PDF     S_i
------------------------------------------------------------------------------------------------------
 1 Bond length potential              :     222       0      0   0.010   0.010      6.0090       1.000
 2 Bond angle potential               :     301       0      0   2.449   2.449      32.657       1.000
 3 Stereochemical cosine torsion poten:     144       0      5  48.001  48.001      54.534       1.000
 4 Stereochemical improper torsion pot:      85       1      1   2.348   2.348      13.226       1.000
 5 Soft-sphere overlap restraints     :     404       0      0   0.004   0.004     0.78866       1.000
 6 Lennard-Jones 6-12 potential       :       0       0      0   0.000   0.000      0.0000       1.000
 7 Coulomb point-point electrostatic p:       0       0      0   0.000   0.000      0.0000       1.000
 8 H-bonding potential                :       0       0      0   0.000   0.000      0.0000       1.000
 9 Distance restraints 1 (CA-CA)      :     505       0      0   0.079   0.079      2.7045       1.000
10 Distance restraints 2 (N-O)        :     500       0      3   0.217   0.217      19.356       1.000
11 Mainchain Phi dihedral restraints  :       0       0      0   0.000   0.000      0.0000       1.000
12 Mainchain Psi dihedral restraints  :       0       0      0   0.000   0.000      0.0000       1.000
13 Mainchain Omega dihedral restraints:      28       1      1   5.891   5.891      11.460       1.000
14 Sidechain Chi_1 dihedral restraints:      22       0      0  55.848  55.848      2.0000       1.000
15 Sidechain Chi_2 dihedral restraints:      21       0      0  68.759  68.759      2.3195       1.000
16 Sidechain Chi_3 dihedral restraints:      12       0      0  94.410  94.410      8.5726       1.000
17 Sidechain Chi_4 dihedral restraints:       6       0      0  89.992  89.992      4.3345       1.000
18 Disulfide distance restraints      :       0       0      0   0.000   0.000      0.0000       1.000
19 Disulfide angle restraints         :       0       0      0   0.000   0.000      0.0000       1.000
20 Disulfide dihedral angle restraints:       0       0      0   0.000   0.000      0.0000       1.000
21 Lower bound distance restraints    :       0       0      0   0.000   0.000      0.0000       1.000
22 Upper bound distance restraints    :       0       0      0   0.000   0.000      0.0000       1.000
23 Distance restraints 3 (SDCH-MNCH)  :     277       0      0   0.389   0.389      2.0518       1.000
24 Sidechain Chi_5 dihedral restraints:       0       0      0   0.000   0.000      0.0000       1.000
25 Phi/Psi pair of dihedral restraints:      30      11      6  43.391 113.509      36.342       1.000
26 Distance restraints 4 (SDCH-SDCH)  :     252       0      0   0.832   0.832      15.618       1.000
27 Distance restraints 5 (X-Y)        :       0       0      0   0.000   0.000      0.0000       1.000
28 NMR distance restraints 6 (X-Y)    :       0       0      0   0.000   0.000      0.0000       1.000
29 NMR distance restraints 7 (X-Y)    :       0       0      0   0.000   0.000      0.0000       1.000
30 Minimal distance restraints        :       0       0      0   0.000   0.000      0.0000       1.000
31 Non-bonded restraints              :       0       0      0   0.000   0.000      0.0000       1.000
32 Atomic accessibility restraints    :       0       0      0   0.000   0.000      0.0000       1.000
33 Atomic density restraints          :       0       0      0   0.000   0.000      0.0000       1.000
34 Absolute position restraints       :       0       0      0   0.000   0.000      0.0000       1.000
35 Dihedral angle difference restraint:       0       0      0   0.000   0.000      0.0000       1.000
36 GBSA implicit solvent potential    :       0       0      0   0.000   0.000      0.0000       1.000
37 EM density fitting potential       :       0       0      0   0.000   0.000      0.0000       1.000
38 SAXS restraints                    :       0       0      0   0.000   0.000      0.0000       1.000
39 Symmetry restraints                :       0       0      0   0.000   0.000      0.0000       1.000



openf___224_> Open           5EM5_A_full.V99990001
# Heavy relative violation of each residue is written to: 5EM5_A_full.V99990001
# The profile is NOT normalized by the number of restraints.
# The profiles are smoothed over a window of residues:    1
# The sum of all numbers in the file:    4591.3301



List of the violated restraints:
   A restraint is violated when the relative difference
   from the best value (RVIOL) is larger than CUTOFF.

   ICSR   ... index of a restraint in the current set.
   RESNO  ... residue numbers of the first two atoms.
   ATM    ... IUPAC atom names of the first two atoms.
   FEAT   ... the value of the feature in the model.
   restr  ... the mean of the basis restraint with the smallest
              difference from the model (local minimum).
   viol   ... difference from the local minimum.
   rviol  ... relative difference from the local minimum.
   RESTR  ... the best value (global minimum).
   VIOL   ... difference from the best value.
   RVIOL  ... relative difference from the best value.


-------------------------------------------------------------------------------------------------

Feature  4                           : Stereochemical improper torsion potentia
List of the RVIOL violations larger than   :       4.5000

    #   ICSR  RESNO1/2 ATM1/2   INDATM1/2    FEAT   restr    viol   rviol   RESTR    VIOL   RVIOL
    1   7345 163E 163E C   CA   1291 1285   15.21    0.00   15.21    5.35    0.00   15.21    5.35

-------------------------------------------------------------------------------------------------

Feature 13                           : Mainchain Omega dihedral restraints     
List of the RVIOL violations larger than   :       4.5000

    #   ICSR  RESNO1/2 ATM1/2   INDATM1/2    FEAT   restr    viol   rviol   RESTR    VIOL   RVIOL
    1   8176 163E 163E CA  C    1285 1291 -156.21 -180.00   23.79    4.76 -180.00   23.79    4.76

-------------------------------------------------------------------------------------------------

Feature 25                           : Phi/Psi pair of dihedral restraints     
List of the RVIOL violations larger than   :       6.5000

    #   ICSR  RESNO1/2 ATM1/2   INDATM1/2    FEAT   restr    viol   rviol   RESTR    VIOL   RVIOL
    1   7900 162A 163E C   N    1282 1284  179.96 -117.80   63.64    2.04  -63.60 -154.23   33.76
    1        163E 163E N   CA   1284 1285  150.05  136.80                  -40.30
    2   7901 163E 164E C   N    1291 1293   57.28  -63.60  132.57   22.71  -63.60  132.57   22.71
    2        164E 164E N   CA   1293 1294   14.12  -40.30                  -40.30
    3   7902 164E 165K C   N    1300 1302  166.86 -118.00   81.61    2.71  -62.90 -162.68   33.16
    3        165K 165K N   CA   1302 1303  170.96  139.10                  -40.80
    4   7903 165K 166E C   N    1309 1311 -171.26 -117.80   58.46    1.72  -63.60 -167.77   31.48
    4        166E 166E N   CA   1311 1312  160.44  136.80                  -40.30
    5   7904 166E 167Y C   N    1318 1320 -148.20 -124.30   42.08    1.68  -63.50  169.28   30.92
    5        167Y 167Y N   CA   1320 1321  170.03  135.40                  -43.40
    6   7905 167Y 168H C   N    1330 1332 -142.44 -125.60   49.27    1.52  -63.20  154.47   24.41
    6        168H 168H N   CA   1332 1333 -174.90  138.80                  -42.30
    7   7906 168H 169A C   N    1340 1342 -146.70 -134.00   26.19    1.07  -62.50  171.32   32.57
    7        169A 169A N   CA   1342 1343  169.91  147.00                  -40.90
    8   7907 169A 170E C   N    1345 1347  -85.88  -69.30   32.09    1.88  -63.60  151.37   21.43
    8        170E 170E N   CA   1347 1348  169.98  142.50                  -40.30
    9   7908 170E 171G C   N    1354 1356 -131.24 -167.20   38.22    1.07   82.20 -128.62   17.35
    9        171G 171G N   CA   1356 1357 -172.45  174.60                    8.50
   10   7909 171G 172G C   N    1358 1360 -152.44 -167.20   15.84    0.45   82.20 -147.30   15.68
   10        172G 172G N   CA   1360 1361 -179.66  174.60                    8.50
   11   7910 172G 173K C   N    1362 1364 -130.21 -118.00   22.78    0.88  -62.90  174.38   26.67
   11        173K 173K N   CA   1364 1365  158.33  139.10                  -40.80


report______> Distribution of short non-bonded contacts:

  serious non-bonded atom clash:   356  641   1.641
  serious non-bonded atom clash:   368  382   1.353
  serious non-bonded atom clash:   369  382   1.608
  serious non-bonded atom clash:   370  382   2.198
  serious non-bonded atom clash:   373  391   1.995
  serious non-bonded atom clash:   373  392   1.979
  serious non-bonded atom clash:   375  382   1.880
  serious non-bonded atom clash:   376  382   1.986

DISTANCE1:  0.00 2.10 2.20 2.30 2.40 2.50 2.60 2.70 2.80 2.90 3.00 3.10 3.20 3.30 3.40
DISTANCE2:  2.10 2.20 2.30 2.40 2.50 2.60 2.70 2.80 2.90 3.00 3.10 3.20 3.30 3.40 3.50
FREQUENCY:     7    1    0    0    1    1    5   51   55   81  119  150  229  342  371


<< end of ENERGY.
openf___224_> Open           5EM5_A_full.B99990001.pdb
wrpdb___568_> Residues, atoms, selected atoms:      277     2228     2228

>> Summary of successfully produced models:
Filename                          molpdf
----------------------------------------
5EM5_A_full.B99990001.pdb      211.97176


Dynamically allocated memory at          finish [B,KiB,MiB]:      5058209    4939.657     4.824
Starting time                                            : 2018/02/20 13:04:00
Closing time                                             : 2018/02/20 13:04:06
Total CPU time [seconds]                                 :       6.37
