
                         MODELLER 9.19, 2017/07/19, r11078

     PROTEIN STRUCTURE MODELLING BY SATISFACTION OF SPATIAL RESTRAINTS


                     Copyright(c) 1989-2017 Andrej Sali
                            All Rights Reserved

                             Written by A. Sali
                               with help from
              B. Webb, M.S. Madhusudhan, M-Y. Shen, G.Q. Dong,
          M.A. Marti-Renom, N. Eswar, F. Alber, M. Topf, B. Oliva,
             A. Fiser, R. Sanchez, B. Yerkovich, A. Badretdinov,
                     F. Melo, J.P. Overington, E. Feyfant
                 University of California, San Francisco, USA
                    Rockefeller University, New York, USA
                      Harvard University, Cambridge, USA
                   Imperial Cancer Research Fund, London, UK
              Birkbeck College, University of London, London, UK


Kind, OS, HostName, Kernel, Processor: 4, Linux german-xps 4.14.6-041406-generic x86_64
Date and time of compilation         : 2017/07/19 15:03:51
MODELLER executable type             : x86_64-intel8
Job starting time (YY/MM/DD HH:MM:SS): 2018/02/20 13:04:06

openf___224_> Open           $(LIB)/restyp.lib
openf___224_> Open           ${MODINSTALL9v19}/modlib/resgrp.lib
rdresgr_266_> Number of residue groups:        2
openf___224_> Open           ${MODINSTALL9v19}/modlib/sstruc.lib

Dynamically allocated memory at   amaxlibraries [B,KiB,MiB]:       191566     187.076     0.183

Dynamically allocated memory at   amaxlibraries [B,KiB,MiB]:       192094     187.592     0.183
openf___224_> Open           ${MODINSTALL9v19}/modlib/resdih.lib

Dynamically allocated memory at   amaxlibraries [B,KiB,MiB]:       240694     235.053     0.230
rdrdih__263_> Number of dihedral angle types         :        9
              Maximal number of dihedral angle optima:        3
              Dihedral angle names                   :  Alph Phi Psi Omeg chi1 chi2 chi3 chi4 chi5
openf___224_> Open           ${MODINSTALL9v19}/modlib/radii.lib

Dynamically allocated memory at   amaxlibraries [B,KiB,MiB]:       253994     248.041     0.242
openf___224_> Open           ${MODINSTALL9v19}/modlib/radii14.lib
openf___224_> Open           ${MODINSTALL9v19}/modlib/af_mnchdef.lib
rdwilmo_274_> Mainchain residue conformation classes:  APBLE
openf___224_> Open           ${MODINSTALL9v19}/modlib/mnch.lib
rdclass_257_> Number of classes:        5
openf___224_> Open           ${MODINSTALL9v19}/modlib/mnch1.lib
openf___224_> Open           ${MODINSTALL9v19}/modlib/mnch2.lib
openf___224_> Open           ${MODINSTALL9v19}/modlib/mnch3.lib
openf___224_> Open           ${MODINSTALL9v19}/modlib/xs4.mat
rdrrwgh_268_> Number of residue types:       21
openf___224_> Open           /home/german/labo/18/egfr/model/5EM6_A/to_model_5EM6_A

Dynamically allocated memory at   amaxalignment [B,KiB,MiB]:       265487     259.265     0.253

Dynamically allocated memory at   amaxalignment [B,KiB,MiB]:       266937     260.681     0.255

Dynamically allocated memory at   amaxalignment [B,KiB,MiB]:       269837     263.513     0.257

Dynamically allocated memory at   amaxalignment [B,KiB,MiB]:       275637     269.177     0.263

Dynamically allocated memory at   amaxalignment [B,KiB,MiB]:       392693     383.489     0.375

Dynamically allocated memory at    amaxsequence [B,KiB,MiB]:       393893     384.661     0.376

Dynamically allocated memory at    amaxsequence [B,KiB,MiB]:       394997     385.739     0.377

Read the alignment from file       : /home/german/labo/18/egfr/model/5EM6_A/to_model_5EM6_A
Total number of alignment positions:   318

  #  Code        #_Res #_Segm PDB_code    Name
-------------------------------------------------------------------------------
  1     5EM6_A     301      1      5EM6_A
  2  5EM6_A_fu     277      1
check_a_343_> >> BEGINNING OF COMMAND
openf___224_> Open           ./5EM6_A.pdb

Dynamically allocated memory at amaxcoordinates [B,KiB,MiB]:       487022     475.607     0.464

Dynamically allocated memory at    amaxsequence [B,KiB,MiB]:       487022     475.607     0.464

Dynamically allocated memory at amaxcoordinates [B,KiB,MiB]:       487193     475.774     0.465

Dynamically allocated memory at amaxcoordinates [B,KiB,MiB]:       488043     476.604     0.465

Dynamically allocated memory at amaxcoordinates [B,KiB,MiB]:       489301     477.833     0.467

Dynamically allocated memory at amaxcoordinates [B,KiB,MiB]:       491205     479.692     0.468

Dynamically allocated memory at    amaxsequence [B,KiB,MiB]:       491205     479.692     0.468

Dynamically allocated memory at amaxcoordinates [B,KiB,MiB]:       491295     479.780     0.469

Dynamically allocated memory at amaxcoordinates [B,KiB,MiB]:       494151     482.569     0.471

Dynamically allocated memory at    amaxsequence [B,KiB,MiB]:       494151     482.569     0.471

Dynamically allocated memory at amaxcoordinates [B,KiB,MiB]:       494286     482.701     0.471

Dynamically allocated memory at amaxcoordinates [B,KiB,MiB]:       498570     486.885     0.475

Dynamically allocated memory at    amaxsequence [B,KiB,MiB]:       498570     486.885     0.475

Dynamically allocated memory at amaxcoordinates [B,KiB,MiB]:       498768     487.078     0.476

Dynamically allocated memory at amaxcoordinates [B,KiB,MiB]:       505194     493.354     0.482

Dynamically allocated memory at    amaxsequence [B,KiB,MiB]:       505194     493.354     0.482

Dynamically allocated memory at amaxcoordinates [B,KiB,MiB]:       505491     493.644     0.482

Dynamically allocated memory at amaxcoordinates [B,KiB,MiB]:       515113     503.040     0.491

Dynamically allocated memory at    amaxsequence [B,KiB,MiB]:       515113     503.040     0.491

Dynamically allocated memory at amaxcoordinates [B,KiB,MiB]:       515563     503.479     0.492

Dynamically allocated memory at amaxcoordinates [B,KiB,MiB]:       530013     517.591     0.505

Dynamically allocated memory at    amaxsequence [B,KiB,MiB]:       530013     517.591     0.505

Dynamically allocated memory at amaxcoordinates [B,KiB,MiB]:       530688     518.250     0.506

Dynamically allocated memory at amaxcoordinates [B,KiB,MiB]:       552346     539.400     0.527

Dynamically allocated memory at    amaxsequence [B,KiB,MiB]:       552346     539.400     0.527

Dynamically allocated memory at amaxcoordinates [B,KiB,MiB]:       553354     540.385     0.528

Dynamically allocated memory at amaxcoordinates [B,KiB,MiB]:       585858     572.127     0.559

Dynamically allocated memory at   amaxstructure [B,KiB,MiB]:       585534     571.811     0.558

check_ali___> Checking the sequence-structure alignment. 

Implied intrachain target CA(i)-CA(i+1) distances longer than  8.0 angstroms:

ALN_POS  TMPL  RID1  RID2  NAM1  NAM2     DIST
----------------------------------------------
END OF TABLE
check_a_344_> << END OF COMMAND
openf___224_> Open           ${LIB}/top_heav.lib
read_to_681_> topology.submodel read from topology file:        3
openf___224_> Open           ${LIB}/par.lib

Dynamically allocated memory at  amaxparameters [B,KiB,MiB]:       724786     707.799     0.691

Dynamically allocated memory at  amaxparameters [B,KiB,MiB]:       726386     709.361     0.693

Dynamically allocated memory at  amaxparameters [B,KiB,MiB]:       730366     713.248     0.697

Dynamically allocated memory at  amaxparameters [B,KiB,MiB]:       732366     715.201     0.698

Dynamically allocated memory at  amaxparameters [B,KiB,MiB]:       735366     718.131     0.701

Dynamically allocated memory at  amaxparameters [B,KiB,MiB]:       739866     722.525     0.706

Dynamically allocated memory at  amaxparameters [B,KiB,MiB]:       745438     727.967     0.711

Dynamically allocated memory at  amaxparameters [B,KiB,MiB]:       748238     730.701     0.714

Dynamically allocated memory at  amaxparameters [B,KiB,MiB]:       752438     734.803     0.718

Dynamically allocated memory at  amaxparameters [B,KiB,MiB]:       758738     740.955     0.724

Dynamically allocated memory at  amaxparameters [B,KiB,MiB]:       761510     743.662     0.726

Dynamically allocated memory at  amaxparameters [B,KiB,MiB]:       762910     745.029     0.728
read_pa_232_> parameters    BONDS   ANGLS  DIHEDS IMPROPS    MODE
                              227     561     661     112       0

Dynamically allocated memory at       amaxmodel [B,KiB,MiB]:       806242     787.346     0.769

Dynamically allocated memory at       amaxmodel [B,KiB,MiB]:      1026350    1002.295     0.979

Dynamically allocated memory at       amaxmodel [B,KiB,MiB]:      1059350    1034.521     1.010

mkilst______> segment topology constructed from sequence and RTF:
              segments residues atoms bonds angles dihedrals impropers:
                     1      277  2227  2277      0         0       924

Dynamically allocated memory at       amaxmodel [B,KiB,MiB]:      1154758    1127.693     1.101

patch_______> segment topology patched using RTF:     1  ;  LEU  ;  NTER
              segments residues atoms bonds angles dihedrals impropers:
                     1      277  2227  2277   3077      3657       924


Dynamically allocated memory at       amaxmodel [B,KiB,MiB]:      1246854    1217.631     1.189
patch_______> segment topology patched using RTF:   277  ;  LEU  ;  CTER
              segments residues atoms bonds angles dihedrals impropers:
                     1      277  2228  2278   3079      3659       925

genseg______> segment topology constructed from sequence and RTF:
              segments residues atoms bonds angles dihedrals impropers:
                     1      277  2228  2278   3079      3659       925
transfe_506_> MODEL is an average of all templates.
transfe_511_> Number of templates for coordinate transfer:        1
              After transferring coordinates of the equivalent template atoms,
              there are defined, undefined atoms in MODEL:     2096      132
openf___224_> Open           5EM6_A_full.ini
wrpdb___568_> Residues, atoms, selected atoms:      277     2228     2228
make_re_417_> Restraint type to be calculated:  stereo

Dynamically allocated memory at  amaxrestraints [B,KiB,MiB]:      1353903    1322.171     1.291

Dynamically allocated memory at  amaxrestraints [B,KiB,MiB]:      1362095    1330.171     1.299

Dynamically allocated memory at  amaxrestraints [B,KiB,MiB]:      1378479    1346.171     1.315

Dynamically allocated memory at  amaxrestraints [B,KiB,MiB]:      1411247    1378.171     1.346

Dynamically allocated memory at  amaxrestraints [B,KiB,MiB]:      1444015    1410.171     1.377

Dynamically allocated memory at  amaxrestraints [B,KiB,MiB]:      1509551    1474.171     1.440

Dynamically allocated memory at  amaxrestraints [B,KiB,MiB]:      1542319    1506.171     1.471

Dynamically allocated memory at  amaxrestraints [B,KiB,MiB]:      1575087    1538.171     1.502

Dynamically allocated memory at  amaxrestraints [B,KiB,MiB]:      1640623    1602.171     1.565

Dynamically allocated memory at  amaxrestraints [B,KiB,MiB]:      1771695    1730.171     1.690

Dynamically allocated memory at  amaxrestraints [B,KiB,MiB]:      1837231    1794.171     1.752

Dynamically allocated memory at  amaxrestraints [B,KiB,MiB]:      1902767    1858.171     1.815

Dynamically allocated memory at  amaxrestraints [B,KiB,MiB]:      2033839    1986.171     1.940

Dynamically allocated memory at  amaxrestraints [B,KiB,MiB]:      2295983    2242.171     2.190
r_stere_606_> Stereochemical restraints were constructed from RTF & PRMF.
              Added bond,angle,dihedral,improper restraints  :     2278    3079    3500     911
              Total number of restraints before, now         :        0     9768
make_re_422_> Number of previous, current restraints         :        0     9768
make_re_423_> Number of previous, current selected restraints:        0     9768
make_re_417_> Restraint type to be calculated:  phi-psi_binormal

Dynamically allocated memory at   amaxstructure [B,KiB,MiB]:      2456763    2399.183     2.343
openf___224_> Open           ${MODINSTALL9v19}/modlib/mnch1.bin
openf___224_> Open           ${MODINSTALL9v19}/modlib/mnch1.mdt
getdata_643_> Protein accepted:  5EM6_A
getdata_289_> Proteins (all/accepted):        1        1

Dynamically allocated memory at  amaxrestraints [B,KiB,MiB]:      2587851    2527.198     2.468
make_re_422_> Number of previous, current restraints         :     9768    10043
make_re_423_> Number of previous, current selected restraints:     9768    10043
make_re_417_> Restraint type to be calculated:  omega_dihedral

Dynamically allocated memory at   amaxstructure [B,KiB,MiB]:      2587851    2527.198     2.468
openf___224_> Open           ${MODINSTALL9v19}/modlib/omega.bin
openf___224_> Open           ${MODINSTALL9v19}/modlib/omega.mdt
getdata_643_> Protein accepted:  5EM6_A
getdata_289_> Proteins (all/accepted):        1        1
omgdel__425_> Unselected all O C +N +CA dihedrals:      290
              (This is to avoid clashes between STEREO
              and OMEGA_DIHEDRAL restraints)
make_re_422_> Number of previous, current restraints         :    10043    10319
make_re_423_> Number of previous, current selected restraints:    10043    10029
make_re_417_> Restraint type to be calculated:  chi1_dihedral

Dynamically allocated memory at   amaxstructure [B,KiB,MiB]:      2587851    2527.198     2.468
openf___224_> Open           ${MODINSTALL9v19}/modlib/chi1234.bin
openf___224_> Open           ${MODINSTALL9v19}/modlib/chi1.mdt
getdata_643_> Protein accepted:  5EM6_A
getdata_289_> Proteins (all/accepted):        1        1

Dynamically allocated memory at  amaxrestraints [B,KiB,MiB]:      2718923    2655.198     2.593
make_re_422_> Number of previous, current restraints         :    10319    10563
make_re_423_> Number of previous, current selected restraints:    10029    10273
make_re_417_> Restraint type to be calculated:  chi2_dihedral

Dynamically allocated memory at   amaxstructure [B,KiB,MiB]:      2718923    2655.198     2.593
openf___224_> Open           ${MODINSTALL9v19}/modlib/chi1234.bin
openf___224_> Open           ${MODINSTALL9v19}/modlib/chi2.mdt
getdata_643_> Protein accepted:  5EM6_A
getdata_289_> Proteins (all/accepted):        1        1
make_re_422_> Number of previous, current restraints         :    10563    10756
make_re_423_> Number of previous, current selected restraints:    10273    10466
make_re_417_> Restraint type to be calculated:  chi3_dihedral

Dynamically allocated memory at   amaxstructure [B,KiB,MiB]:      2718923    2655.198     2.593
openf___224_> Open           ${MODINSTALL9v19}/modlib/chi1234.bin
openf___224_> Open           ${MODINSTALL9v19}/modlib/chi3.mdt
getdata_643_> Protein accepted:  5EM6_A
getdata_289_> Proteins (all/accepted):        1        1
make_re_422_> Number of previous, current restraints         :    10756    10847
make_re_423_> Number of previous, current selected restraints:    10466    10557
make_re_417_> Restraint type to be calculated:  chi4_dihedral

Dynamically allocated memory at   amaxstructure [B,KiB,MiB]:      2718923    2655.198     2.593
openf___224_> Open           ${MODINSTALL9v19}/modlib/chi1234.bin
openf___224_> Open           ${MODINSTALL9v19}/modlib/chi4.mdt
mdtrsr__446W> A potential that relies on one protein is used, yet you have at
              least one known structure available. MDT, not library, potential is used.
getdata_643_> Protein accepted:  5EM6_A
getdata_289_> Proteins (all/accepted):        1        1
make_re_422_> Number of previous, current restraints         :    10847    10885
make_re_423_> Number of previous, current selected restraints:    10557    10595
make_re_417_> Restraint type to be calculated:  DISTANCE

Dynamically allocated memory at amaxhash_contac [B,KiB,MiB]:      3360551    3281.788     3.205
make_re_422_> Number of previous, current restraints         :    10885    16092
make_re_423_> Number of previous, current selected restraints:    10595    15802
make_re_417_> Restraint type to be calculated:  DISTANCE

Dynamically allocated memory at  amaxrestraints [B,KiB,MiB]:      3622695    3537.788     3.455

Dynamically allocated memory at  amaxrestraints [B,KiB,MiB]:      3884839    3793.788     3.705

Dynamically allocated memory at  amaxrestraints [B,KiB,MiB]:      4409127    4305.788     4.205
make_re_422_> Number of previous, current restraints         :    16092    21343
make_re_423_> Number of previous, current selected restraints:    15802    21053
make_re_417_> Restraint type to be calculated:  DISTANCE

Dynamically allocated memory at  amaxrestraints [B,KiB,MiB]:      4671271    4561.788     4.455
make_re_422_> Number of previous, current restraints         :    21343    25487
make_re_423_> Number of previous, current selected restraints:    21053    25197
make_re_417_> Restraint type to be calculated:  DISTANCE
make_re_422_> Number of previous, current restraints         :    25487    28179
make_re_423_> Number of previous, current selected restraints:    25197    27889
0 atoms in HETATM/BLK residues constrained
to protein atoms within 2.30 angstroms
and protein CA atoms within 10.00 angstroms
make_re_417_> Restraint type to be calculated:  DISTANCE
make_re_422_> Number of previous, current restraints         :    28179    28179
make_re_423_> Number of previous, current selected restraints:    27889    27889
make_re_417_> Restraint type to be calculated:  DISTANCE
make_re_422_> Number of previous, current restraints         :    28179    28179
make_re_423_> Number of previous, current selected restraints:    27889    27889
make_re_417_> Restraint type to be calculated:  DISTANCE
make_re_422_> Number of previous, current restraints         :    28179    28179
make_re_423_> Number of previous, current selected restraints:    27889    27889
make_re_417_> Restraint type to be calculated:  DISTANCE
make_re_422_> Number of previous, current restraints         :    28179    28179
make_re_423_> Number of previous, current selected restraints:    27889    27889
0 atoms in residues without defined topology
constrained to be rigid bodies
make_re_417_> Restraint type to be calculated:  DISTANCE
make_re_422_> Number of previous, current restraints         :    28179    28179
make_re_423_> Number of previous, current selected restraints:    27889    27889
rmdupl__427_>     1740 redundant cosine dihedral restraints were unselected.
condens_443_> Restraints marked for deletion were removed.
              Total number of restraints before, now:    28179    26149
openf___224_> Open           5EM6_A_full.rsr
openf___224_> Open           5EM6_A_full.rsr

Dynamically allocated memory at  amaxrestraints [B,KiB,MiB]:      4712133    4601.692     4.494
rdcsr2__307_> Number of restraints read    :    26149
              Number of excluded pairs read:        0
              Number of pseudo atoms read  :        0
rdcsrs__304_> Restraints in memory, selected restraints:    26149    26149
              Explicitly excluded atom pairs in memory :        0
              Pseudo atoms in memory                   :        0
189 (of 2228 total) atoms selected for optimization
openf___224_> Open           5EM6_A_full.ini

Dynamically allocated memory at       amaxmodel [B,KiB,MiB]:      4712157    4601.716     4.494
read_mo_297_> Segments, residues, atoms:        1      277     2228
read_mo_298_> Segment:        1     1   277     2228
randomi_498_> Atoms,selected atoms,random_seed,amplitude:     2228      189        1        4.0000
randomi_496_> Amplitude is > 0; randomization is done.
pick_re_612_> Number of MODEL atoms, selected restraints;      189     1108
pick_re_612_> Number of MODEL atoms, selected restraints;      189     1234
pick_re_612_> Number of MODEL atoms, selected restraints;      189     1305
pick_re_612_> Number of MODEL atoms, selected restraints;      189     1391
pick_re_612_> Number of MODEL atoms, selected restraints;      189     1501
pick_re_612_> Number of MODEL atoms, selected restraints;      189     1710
pick_re_612_> Number of MODEL atoms, selected restraints;      189     2025
pick_re_612_> Number of MODEL atoms, selected restraints;      189     2274

Dynamically allocated memory at  amaxrestraints [B,KiB,MiB]:      5058209    4939.657     4.824
pick_re_612_> Number of MODEL atoms, selected restraints;      189     2321
pick_re_612_> Number of MODEL atoms, selected restraints;      189     2323
pick_re_612_> Number of MODEL atoms, selected restraints;      189     2323
iupac_m_486_> OE1/2 will be swapped:     -125.6862        7     7
iupac_m_486_> OE1/2 will be swapped:      135.6863        9     9
iupac_m_483_> CD1/2 CE1/2 swapped:       97.2992       21    21
iupac_m_397W> Atoms were not swapped because of the uncertainty of how to handle the H atom.
iupac_m_483_> CD1/2 CE1/2 swapped:       97.5638       25    25
iupac_m_397W> Atoms were not swapped because of the uncertainty of how to handle the H atom.
iupac_m_486_> OE1/2 will be swapped:     -169.8306       34    34
iupac_m_486_> OE1/2 will be swapped:     -126.7400       44    44
iupac_m_487_> NH1/2 swapped:     -179.9657       46    46
iupac_m_486_> OE1/2 will be swapped:      180.0000       47    47
iupac_m_486_> OE1/2 will be swapped:     -169.1703       56    56
iupac_m_485_> OD1/2 will be swapped:      155.5535       98    98
iupac_m_486_> OE1/2 will be swapped:     -122.7437      102   102
iupac_m_483_> CD1/2 CE1/2 swapped:      -95.9688      111   111
iupac_m_397W> Atoms were not swapped because of the uncertainty of how to handle the H atom.
iupac_m_486_> OE1/2 will be swapped:     -172.9165      127   127
iupac_m_485_> OD1/2 will be swapped:      145.5340      128   128
iupac_m_485_> OD1/2 will be swapped:     -162.1389      135   135
iupac_m_483_> CD1/2 CE1/2 swapped:      -90.5112      154   154
iupac_m_397W> Atoms were not swapped because of the uncertainty of how to handle the H atom.
iupac_m_486_> OE1/2 will be swapped:     -180.0000      163   163
iupac_m_486_> OE1/2 will be swapped:      180.0000      164   164
iupac_m_486_> OE1/2 will be swapped:     -171.8564      166   166
iupac_m_486_> OE1/2 will be swapped:     -138.7550      170   170
iupac_m_487_> NH1/2 swapped:     -179.8573      187   187
iupac_m_483_> CD1/2 CE1/2 swapped:      -93.2240      189   189
iupac_m_397W> Atoms were not swapped because of the uncertainty of how to handle the H atom.
iupac_m_484W> Dihedral still outside +-90:       90.3550
iupac_m_485_> OD1/2 will be swapped:      160.3494      194   194
iupac_m_483_> CD1/2 CE1/2 swapped:      -92.9828      198   198
iupac_m_397W> Atoms were not swapped because of the uncertainty of how to handle the H atom.
iupac_m_486_> OE1/2 will be swapped:       96.3450      204   204
iupac_m_483_> CD1/2 CE1/2 swapped:      -90.0061      213   213
iupac_m_397W> Atoms were not swapped because of the uncertainty of how to handle the H atom.
iupac_m_484W> Dihedral still outside +-90:       93.8593
iupac_m_485_> OD1/2 will be swapped:     -143.7037      214   214
iupac_m_486_> OE1/2 will be swapped:      168.2253      229   229
iupac_m_483_> CD1/2 CE1/2 swapped:     -123.3558      242   242
iupac_m_397W> Atoms were not swapped because of the uncertainty of how to handle the H atom.
iupac_m_485_> OD1/2 will be swapped:      175.2648      254   254
iupac_m_487_> NH1/2 swapped:     -179.3747      256   256
iupac_m_487_> NH1/2 swapped:      179.4619      260   260
iupac_m_486_> OE1/2 will be swapped:      112.0452      265   265
iupac_m_487_> NH1/2 swapped:      179.6417      271   271
iupac_m_485_> OD1/2 will be swapped:     -177.1887      272   272
iupac_m_487_> NH1/2 swapped:     -179.9441      275   275
iupac_m_483_> CD1/2 CE1/2 swapped:       98.5559      276   276
iupac_m_397W> Atoms were not swapped because of the uncertainty of how to handle the H atom.


>> ENERGY; Differences between the model's features and restraints:
Number of all residues in MODEL                   :      277
Number of all, selected real atoms                :     2228     189
Number of all, selected pseudo atoms              :        0       0
Number of all static, selected restraints         :    26149    2323
COVALENT_CYS                                      :        F
NONBONDED_SEL_ATOMS                               :        1
Number of non-bonded pairs (excluding 1-2,1-3,1-4):      593
Dynamic pairs routine                             : 5, NATM_SEL x NATM double loop
Atomic shift for contacts update (UPDATE_DYNAMIC) :    0.390
LENNARD_JONES_SWITCH                              :    6.500   7.500
COULOMB_JONES_SWITCH                              :    6.500   7.500
RESIDUE_SPAN_RANGE                                :        0   99999
NLOGN_USE                                         :       15
CONTACT_SHELL                                     :    4.000
DYNAMIC_PAIRS,_SPHERE,_COULOMB,_LENNARD,_MODELLER :        T       T       F       F       F
SPHERE_STDV                                       :    0.050
RADII_FACTOR                                      :    0.820
Current energy                                    :        1035.9001





Summary of the restraint violations: 

   NUM     ... number of restraints.
   NUMVI   ... number of restraints with RVIOL > VIOL_REPORT_CUT[i].
   RVIOL   ... relative difference from the best value.
   NUMVP   ... number of restraints with -Ln(pdf) > VIOL_REPORT_CUT2[i].
   RMS_1   ... RMS(feature, minimally_violated_basis_restraint, NUMB).
   RMS_2   ... RMS(feature, best_value, NUMB).
   MOL.PDF ... scaled contribution to -Ln(Molecular pdf).

 #                     RESTRAINT_GROUP      NUM   NUMVI  NUMVP   RMS_1   RMS_2         MOL.PDF     S_i
------------------------------------------------------------------------------------------------------
 1 Bond length potential              :     196       3     21   0.052   0.052      158.98       1.000
 2 Bond angle potential               :     266       6     16   5.971   5.971      204.58       1.000
 3 Stereochemical cosine torsion poten:     128       0      5  48.465  48.465      49.305       1.000
 4 Stereochemical improper torsion pot:      78       1      1   4.133   4.133      44.853       1.000
 5 Soft-sphere overlap restraints     :     593      14     18   0.064   0.064      282.69       1.000
 6 Lennard-Jones 6-12 potential       :       0       0      0   0.000   0.000      0.0000       1.000
 7 Coulomb point-point electrostatic p:       0       0      0   0.000   0.000      0.0000       1.000
 8 H-bonding potential                :       0       0      0   0.000   0.000      0.0000       1.000
 9 Distance restraints 1 (CA-CA)      :     514       8     21   0.543   0.543      125.79       1.000
10 Distance restraints 2 (N-O)        :     505       3      6   0.400   0.400      60.151       1.000
11 Mainchain Phi dihedral restraints  :       0       0      0   0.000   0.000      0.0000       1.000
12 Mainchain Psi dihedral restraints  :       0       0      0   0.000   0.000      0.0000       1.000
13 Mainchain Omega dihedral restraints:      25       1      4   8.987   8.987      23.811       1.000
14 Sidechain Chi_1 dihedral restraints:      19       0      0  80.160  80.160      6.3069       1.000
15 Sidechain Chi_2 dihedral restraints:      18       0      0  72.348  72.348      3.0494       1.000
16 Sidechain Chi_3 dihedral restraints:       9       0      0  91.484  91.484      6.3300       1.000
17 Sidechain Chi_4 dihedral restraints:       5       0      0  98.508  98.508      4.0697       1.000
18 Disulfide distance restraints      :       0       0      0   0.000   0.000      0.0000       1.000
19 Disulfide angle restraints         :       0       0      0   0.000   0.000      0.0000       1.000
20 Disulfide dihedral angle restraints:       0       0      0   0.000   0.000      0.0000       1.000
21 Lower bound distance restraints    :       0       0      0   0.000   0.000      0.0000       1.000
22 Upper bound distance restraints    :       0       0      0   0.000   0.000      0.0000       1.000
23 Distance restraints 3 (SDCH-MNCH)  :     269       0      0   0.631   0.631      5.9167       1.000
24 Sidechain Chi_5 dihedral restraints:       0       0      0   0.000   0.000      0.0000       1.000
25 Phi/Psi pair of dihedral restraints:      27       9      7  51.165 115.027      35.014       1.000
26 Distance restraints 4 (SDCH-SDCH)  :     264       0      0   0.991   0.991      25.048       1.000
27 Distance restraints 5 (X-Y)        :       0       0      0   0.000   0.000      0.0000       1.000
28 NMR distance restraints 6 (X-Y)    :       0       0      0   0.000   0.000      0.0000       1.000
29 NMR distance restraints 7 (X-Y)    :       0       0      0   0.000   0.000      0.0000       1.000
30 Minimal distance restraints        :       0       0      0   0.000   0.000      0.0000       1.000
31 Non-bonded restraints              :       0       0      0   0.000   0.000      0.0000       1.000
32 Atomic accessibility restraints    :       0       0      0   0.000   0.000      0.0000       1.000
33 Atomic density restraints          :       0       0      0   0.000   0.000      0.0000       1.000
34 Absolute position restraints       :       0       0      0   0.000   0.000      0.0000       1.000
35 Dihedral angle difference restraint:       0       0      0   0.000   0.000      0.0000       1.000
36 GBSA implicit solvent potential    :       0       0      0   0.000   0.000      0.0000       1.000
37 EM density fitting potential       :       0       0      0   0.000   0.000      0.0000       1.000
38 SAXS restraints                    :       0       0      0   0.000   0.000      0.0000       1.000
39 Symmetry restraints                :       0       0      0   0.000   0.000      0.0000       1.000



openf___224_> Open           5EM6_A_full.V99990001
# Heavy relative violation of each residue is written to: 5EM6_A_full.V99990001
# The profile is NOT normalized by the number of restraints.
# The profiles are smoothed over a window of residues:    1
# The sum of all numbers in the file:    5483.2051



List of the violated restraints:
   A restraint is violated when the relative difference
   from the best value (RVIOL) is larger than CUTOFF.

   ICSR   ... index of a restraint in the current set.
   RESNO  ... residue numbers of the first two atoms.
   ATM    ... IUPAC atom names of the first two atoms.
   FEAT   ... the value of the feature in the model.
   restr  ... the mean of the basis restraint with the smallest
              difference from the model (local minimum).
   viol   ... difference from the local minimum.
   rviol  ... relative difference from the local minimum.
   RESTR  ... the best value (global minimum).
   VIOL   ... difference from the best value.
   RVIOL  ... relative difference from the best value.


-------------------------------------------------------------------------------------------------

Feature  1                           : Bond length potential                   
List of the RVIOL violations larger than   :       4.5000

    #   ICSR  RESNO1/2 ATM1/2   INDATM1/2    FEAT   restr    viol   rviol   RESTR    VIOL   RVIOL
    1   1384 171G 172G C   N    1358 1360    1.54    1.35    0.20    7.06    1.35    0.20    7.06
    2   1385 172G 172G N   CA   1360 1361    1.82    1.43    0.39   12.77    1.43    0.39   12.77
    3   1387 172G 172G C   CA   1362 1361    1.83    1.49    0.34   10.02    1.49    0.34   10.02

-------------------------------------------------------------------------------------------------

Feature  2                           : Bond angle potential                    
List of the RVIOL violations larger than   :       4.5000

    #   ICSR  RESNO1/2 ATM1/2   INDATM1/2    FEAT   restr    viol   rviol   RESTR    VIOL   RVIOL
    1   4075 165K 166E C   N    1309 1311  141.29  120.00   21.29    4.84  120.00   21.29    4.84
    2   4141 171G 171G N   CA   1356 1357  130.19  107.00   23.19    6.67  107.00   23.19    6.67
    3   4144 171G 172G C   N    1358 1360  148.91  120.00   28.91    6.57  120.00   28.91    6.57
    4   4146 172G 172G N   CA   1360 1361  140.10  107.00   33.10    9.52  107.00   33.10    9.52

-------------------------------------------------------------------------------------------------

Feature  4                           : Stereochemical improper torsion potentia
List of the RVIOL violations larger than   :       4.5000

    #   ICSR  RESNO1/2 ATM1/2   INDATM1/2    FEAT   restr    viol   rviol   RESTR    VIOL   RVIOL
    1   7351 165K 165K C   CA   1309 1303   32.72    0.00   32.72   11.51    0.00   32.72   11.51

-------------------------------------------------------------------------------------------------

Feature 25                           : Phi/Psi pair of dihedral restraints     
List of the RVIOL violations larger than   :       6.5000

    #   ICSR  RESNO1/2 ATM1/2   INDATM1/2    FEAT   restr    viol   rviol   RESTR    VIOL   RVIOL
    1   7902 164E 165K C   N    1300 1302 -180.00 -118.00   84.98    4.25  -62.90  168.95   20.41
    1        165K 165K N   CA   1302 1303   80.98  139.10                  -40.80
    2   7903 165K 166E C   N    1309 1311  135.96 -117.80  116.26    3.42  -63.60 -149.88   35.93
    2        166E 166E N   CA   1311 1312 -175.98  136.80                  -40.30
    3   7904 166E 167Y C   N    1318 1320 -147.55 -124.30   23.62    1.63  -63.50 -164.01   35.23
    3        167Y 167Y N   CA   1320 1321  139.55  135.40                  -43.40
    4   7905 167Y 168H C   N    1330 1332 -172.02 -125.60   59.99    1.48  -63.20  178.04   29.09
    4        168H 168H N   CA   1332 1333  176.79  138.80                  -42.30
    5   7906 168H 169A C   N    1340 1342  177.60 -134.00   53.52    1.22  -62.50 -168.55   37.63
    5        169A 169A N   CA   1342 1343  169.84  147.00                  -40.90
    6   7907 169A 170E C   N    1345 1347 -167.75 -117.80   65.46    2.01  -63.60  174.97   28.93
    6        170E 170E N   CA   1347 1348  179.10  136.80                  -40.30
    7   7909 171G 172G C   N    1358 1360 -119.18  -80.20   52.65    3.76   82.20 -154.79   15.95
    7        172G 172G N   CA   1360 1361  138.70  174.10                    8.50
    8   7910 172G 173K C   N    1362 1364 -158.87 -118.00   50.27    1.69  -62.90  178.76   28.91
    8        173K 173K N   CA   1364 1365  168.38  139.10                  -40.80
    9   7911 173K 174V C   N    1371 1373 -128.24 -125.40  169.75    8.37 -125.40  169.75    8.37
    9        174V 174V N   CA   1373 1374  -46.98  143.30                  143.30


report______> Distribution of short non-bonded contacts:

  serious non-bonded atom clash:   168  357   1.930
  serious non-bonded atom clash:   168  358   2.064
  serious non-bonded atom clash:   168  366   2.161
  serious non-bonded atom clash:   168  367   2.194
  serious non-bonded atom clash:  1266 1269   2.105
  serious non-bonded atom clash:  1359 1498   2.279
  serious non-bonded atom clash:  1360 1498   2.130
  serious non-bonded atom clash:  1361 1451   2.122

DISTANCE1:  0.00 2.10 2.20 2.30 2.40 2.50 2.60 2.70 2.80 2.90 3.00 3.10 3.20 3.30 3.40
DISTANCE2:  2.10 2.20 2.30 2.40 2.50 2.60 2.70 2.80 2.90 3.00 3.10 3.20 3.30 3.40 3.50
FREQUENCY:     2    5    1    5    4    4   13   49   72  118  126  175  234  344  396


<< end of ENERGY.
openf___224_> Open           5EM6_A_full.B99990001.pdb
wrpdb___568_> Residues, atoms, selected atoms:      277     2228     2228

>> Summary of successfully produced models:
Filename                          molpdf
----------------------------------------
5EM6_A_full.B99990001.pdb     1035.90015


Dynamically allocated memory at          finish [B,KiB,MiB]:      5058209    4939.657     4.824
Starting time                                            : 2018/02/20 13:04:06
Closing time                                             : 2018/02/20 13:04:12
Total CPU time [seconds]                                 :       5.99
