
                         MODELLER 9.19, 2017/07/19, r11078

     PROTEIN STRUCTURE MODELLING BY SATISFACTION OF SPATIAL RESTRAINTS


                     Copyright(c) 1989-2017 Andrej Sali
                            All Rights Reserved

                             Written by A. Sali
                               with help from
              B. Webb, M.S. Madhusudhan, M-Y. Shen, G.Q. Dong,
          M.A. Marti-Renom, N. Eswar, F. Alber, M. Topf, B. Oliva,
             A. Fiser, R. Sanchez, B. Yerkovich, A. Badretdinov,
                     F. Melo, J.P. Overington, E. Feyfant
                 University of California, San Francisco, USA
                    Rockefeller University, New York, USA
                      Harvard University, Cambridge, USA
                   Imperial Cancer Research Fund, London, UK
              Birkbeck College, University of London, London, UK


Kind, OS, HostName, Kernel, Processor: 4, Linux german-xps 4.14.6-041406-generic x86_64
Date and time of compilation         : 2017/07/19 15:03:51
MODELLER executable type             : x86_64-intel8
Job starting time (YY/MM/DD HH:MM:SS): 2018/02/20 13:04:29

openf___224_> Open           $(LIB)/restyp.lib
openf___224_> Open           ${MODINSTALL9v19}/modlib/resgrp.lib
rdresgr_266_> Number of residue groups:        2
openf___224_> Open           ${MODINSTALL9v19}/modlib/sstruc.lib

Dynamically allocated memory at   amaxlibraries [B,KiB,MiB]:       191566     187.076     0.183

Dynamically allocated memory at   amaxlibraries [B,KiB,MiB]:       192094     187.592     0.183
openf___224_> Open           ${MODINSTALL9v19}/modlib/resdih.lib

Dynamically allocated memory at   amaxlibraries [B,KiB,MiB]:       240694     235.053     0.230
rdrdih__263_> Number of dihedral angle types         :        9
              Maximal number of dihedral angle optima:        3
              Dihedral angle names                   :  Alph Phi Psi Omeg chi1 chi2 chi3 chi4 chi5
openf___224_> Open           ${MODINSTALL9v19}/modlib/radii.lib

Dynamically allocated memory at   amaxlibraries [B,KiB,MiB]:       253994     248.041     0.242
openf___224_> Open           ${MODINSTALL9v19}/modlib/radii14.lib
openf___224_> Open           ${MODINSTALL9v19}/modlib/af_mnchdef.lib
rdwilmo_274_> Mainchain residue conformation classes:  APBLE
openf___224_> Open           ${MODINSTALL9v19}/modlib/mnch.lib
rdclass_257_> Number of classes:        5
openf___224_> Open           ${MODINSTALL9v19}/modlib/mnch1.lib
openf___224_> Open           ${MODINSTALL9v19}/modlib/mnch2.lib
openf___224_> Open           ${MODINSTALL9v19}/modlib/mnch3.lib
openf___224_> Open           ${MODINSTALL9v19}/modlib/xs4.mat
rdrrwgh_268_> Number of residue types:       21
openf___224_> Open           /home/german/labo/18/egfr/model/5HIB_A/to_model_5HIB_A

Dynamically allocated memory at   amaxalignment [B,KiB,MiB]:       265487     259.265     0.253

Dynamically allocated memory at   amaxalignment [B,KiB,MiB]:       266937     260.681     0.255

Dynamically allocated memory at   amaxalignment [B,KiB,MiB]:       269837     263.513     0.257

Dynamically allocated memory at   amaxalignment [B,KiB,MiB]:       275637     269.177     0.263

Dynamically allocated memory at   amaxalignment [B,KiB,MiB]:       392693     383.489     0.375

Dynamically allocated memory at    amaxsequence [B,KiB,MiB]:       393945     384.712     0.376

Dynamically allocated memory at    amaxsequence [B,KiB,MiB]:       395049     385.790     0.377

Read the alignment from file       : /home/german/labo/18/egfr/model/5HIB_A/to_model_5HIB_A
Total number of alignment positions:   319

  #  Code        #_Res #_Segm PDB_code    Name
-------------------------------------------------------------------------------
  1     5HIB_A     314      1      5HIB_A
  2  5HIB_A_fu     277      1
check_a_343_> >> BEGINNING OF COMMAND
openf___224_> Open           ./5HIB_A.pdb

Dynamically allocated memory at amaxcoordinates [B,KiB,MiB]:       490974     479.467     0.468

Dynamically allocated memory at    amaxsequence [B,KiB,MiB]:       490974     479.467     0.468

Dynamically allocated memory at amaxcoordinates [B,KiB,MiB]:       491145     479.634     0.468

Dynamically allocated memory at amaxcoordinates [B,KiB,MiB]:       491995     480.464     0.469

Dynamically allocated memory at amaxcoordinates [B,KiB,MiB]:       493253     481.692     0.470

Dynamically allocated memory at amaxcoordinates [B,KiB,MiB]:       495157     483.552     0.472

Dynamically allocated memory at    amaxsequence [B,KiB,MiB]:       495157     483.552     0.472

Dynamically allocated memory at amaxcoordinates [B,KiB,MiB]:       495247     483.640     0.472

Dynamically allocated memory at amaxcoordinates [B,KiB,MiB]:       498103     486.429     0.475

Dynamically allocated memory at    amaxsequence [B,KiB,MiB]:       498103     486.429     0.475

Dynamically allocated memory at amaxcoordinates [B,KiB,MiB]:       498238     486.561     0.475

Dynamically allocated memory at amaxcoordinates [B,KiB,MiB]:       502522     490.744     0.479

Dynamically allocated memory at    amaxsequence [B,KiB,MiB]:       502522     490.744     0.479

Dynamically allocated memory at amaxcoordinates [B,KiB,MiB]:       502720     490.938     0.479

Dynamically allocated memory at amaxcoordinates [B,KiB,MiB]:       509146     497.213     0.486

Dynamically allocated memory at    amaxsequence [B,KiB,MiB]:       509146     497.213     0.486

Dynamically allocated memory at amaxcoordinates [B,KiB,MiB]:       509443     497.503     0.486

Dynamically allocated memory at amaxcoordinates [B,KiB,MiB]:       519065     506.899     0.495

Dynamically allocated memory at    amaxsequence [B,KiB,MiB]:       519065     506.899     0.495

Dynamically allocated memory at amaxcoordinates [B,KiB,MiB]:       519515     507.339     0.495

Dynamically allocated memory at amaxcoordinates [B,KiB,MiB]:       533965     521.450     0.509

Dynamically allocated memory at    amaxsequence [B,KiB,MiB]:       533965     521.450     0.509

Dynamically allocated memory at amaxcoordinates [B,KiB,MiB]:       534640     522.109     0.510

Dynamically allocated memory at amaxcoordinates [B,KiB,MiB]:       556298     543.260     0.531

Dynamically allocated memory at    amaxsequence [B,KiB,MiB]:       556298     543.260     0.531

Dynamically allocated memory at amaxcoordinates [B,KiB,MiB]:       557306     544.244     0.531

Dynamically allocated memory at amaxcoordinates [B,KiB,MiB]:       589810     575.986     0.562

Dynamically allocated memory at   amaxstructure [B,KiB,MiB]:       589603     575.784     0.562

check_ali___> Checking the sequence-structure alignment. 

Implied intrachain target CA(i)-CA(i+1) distances longer than  8.0 angstroms:

ALN_POS  TMPL  RID1  RID2  NAM1  NAM2     DIST
----------------------------------------------
END OF TABLE
check_a_344_> << END OF COMMAND
openf___224_> Open           ${LIB}/top_heav.lib
read_to_681_> topology.submodel read from topology file:        3
openf___224_> Open           ${LIB}/par.lib

Dynamically allocated memory at  amaxparameters [B,KiB,MiB]:       728855     711.772     0.695

Dynamically allocated memory at  amaxparameters [B,KiB,MiB]:       730455     713.335     0.697

Dynamically allocated memory at  amaxparameters [B,KiB,MiB]:       734435     717.222     0.700

Dynamically allocated memory at  amaxparameters [B,KiB,MiB]:       736435     719.175     0.702

Dynamically allocated memory at  amaxparameters [B,KiB,MiB]:       739435     722.104     0.705

Dynamically allocated memory at  amaxparameters [B,KiB,MiB]:       743935     726.499     0.709

Dynamically allocated memory at  amaxparameters [B,KiB,MiB]:       749507     731.940     0.715

Dynamically allocated memory at  amaxparameters [B,KiB,MiB]:       752307     734.675     0.717

Dynamically allocated memory at  amaxparameters [B,KiB,MiB]:       756507     738.776     0.721

Dynamically allocated memory at  amaxparameters [B,KiB,MiB]:       762807     744.929     0.727

Dynamically allocated memory at  amaxparameters [B,KiB,MiB]:       765579     747.636     0.730

Dynamically allocated memory at  amaxparameters [B,KiB,MiB]:       766979     749.003     0.731
read_pa_232_> parameters    BONDS   ANGLS  DIHEDS IMPROPS    MODE
                              227     561     661     112       0

Dynamically allocated memory at       amaxmodel [B,KiB,MiB]:       810311     791.319     0.773

Dynamically allocated memory at       amaxmodel [B,KiB,MiB]:      1030419    1006.269     0.983

Dynamically allocated memory at       amaxmodel [B,KiB,MiB]:      1063419    1038.495     1.014

mkilst______> segment topology constructed from sequence and RTF:
              segments residues atoms bonds angles dihedrals impropers:
                     1      277  2227  2277      0         0       924

Dynamically allocated memory at       amaxmodel [B,KiB,MiB]:      1158827    1131.667     1.105

patch_______> segment topology patched using RTF:     1  ;  LEU  ;  NTER
              segments residues atoms bonds angles dihedrals impropers:
                     1      277  2227  2277   3077      3657       924


Dynamically allocated memory at       amaxmodel [B,KiB,MiB]:      1250923    1221.604     1.193
patch_______> segment topology patched using RTF:   277  ;  LEU  ;  CTER
              segments residues atoms bonds angles dihedrals impropers:
                     1      277  2228  2278   3079      3659       925

genseg______> segment topology constructed from sequence and RTF:
              segments residues atoms bonds angles dihedrals impropers:
                     1      277  2228  2278   3079      3659       925
transfe_506_> MODEL is an average of all templates.
transfe_511_> Number of templates for coordinate transfer:        1
              After transferring coordinates of the equivalent template atoms,
              there are defined, undefined atoms in MODEL:     2191       37
openf___224_> Open           5HIB_A_full.ini
wrpdb___568_> Residues, atoms, selected atoms:      277     2228     2228
make_re_417_> Restraint type to be calculated:  stereo

Dynamically allocated memory at  amaxrestraints [B,KiB,MiB]:      1357972    1326.145     1.295

Dynamically allocated memory at  amaxrestraints [B,KiB,MiB]:      1366164    1334.145     1.303

Dynamically allocated memory at  amaxrestraints [B,KiB,MiB]:      1382548    1350.145     1.319

Dynamically allocated memory at  amaxrestraints [B,KiB,MiB]:      1415316    1382.145     1.350

Dynamically allocated memory at  amaxrestraints [B,KiB,MiB]:      1448084    1414.145     1.381

Dynamically allocated memory at  amaxrestraints [B,KiB,MiB]:      1513620    1478.145     1.444

Dynamically allocated memory at  amaxrestraints [B,KiB,MiB]:      1546388    1510.145     1.475

Dynamically allocated memory at  amaxrestraints [B,KiB,MiB]:      1579156    1542.145     1.506

Dynamically allocated memory at  amaxrestraints [B,KiB,MiB]:      1644692    1606.145     1.569

Dynamically allocated memory at  amaxrestraints [B,KiB,MiB]:      1775764    1734.145     1.694

Dynamically allocated memory at  amaxrestraints [B,KiB,MiB]:      1841300    1798.145     1.756

Dynamically allocated memory at  amaxrestraints [B,KiB,MiB]:      1906836    1862.145     1.819

Dynamically allocated memory at  amaxrestraints [B,KiB,MiB]:      2037908    1990.145     1.944

Dynamically allocated memory at  amaxrestraints [B,KiB,MiB]:      2300052    2246.145     2.194
r_stere_606_> Stereochemical restraints were constructed from RTF & PRMF.
              Added bond,angle,dihedral,improper restraints  :     2278    3079    3500     911
              Total number of restraints before, now         :        0     9768
make_re_422_> Number of previous, current restraints         :        0     9768
make_re_423_> Number of previous, current selected restraints:        0     9768
make_re_417_> Restraint type to be calculated:  phi-psi_binormal

Dynamically allocated memory at   amaxstructure [B,KiB,MiB]:      2460832    2403.156     2.347
openf___224_> Open           ${MODINSTALL9v19}/modlib/mnch1.bin
openf___224_> Open           ${MODINSTALL9v19}/modlib/mnch1.mdt
getdata_643_> Protein accepted:  5HIB_A
getdata_289_> Proteins (all/accepted):        1        1

Dynamically allocated memory at  amaxrestraints [B,KiB,MiB]:      2591920    2531.172     2.472
make_re_422_> Number of previous, current restraints         :     9768    10043
make_re_423_> Number of previous, current selected restraints:     9768    10043
make_re_417_> Restraint type to be calculated:  omega_dihedral

Dynamically allocated memory at   amaxstructure [B,KiB,MiB]:      2591920    2531.172     2.472
openf___224_> Open           ${MODINSTALL9v19}/modlib/omega.bin
openf___224_> Open           ${MODINSTALL9v19}/modlib/omega.mdt
getdata_643_> Protein accepted:  5HIB_A
getdata_289_> Proteins (all/accepted):        1        1
omgdel__425_> Unselected all O C +N +CA dihedrals:      290
              (This is to avoid clashes between STEREO
              and OMEGA_DIHEDRAL restraints)
make_re_422_> Number of previous, current restraints         :    10043    10319
make_re_423_> Number of previous, current selected restraints:    10043    10029
make_re_417_> Restraint type to be calculated:  chi1_dihedral

Dynamically allocated memory at   amaxstructure [B,KiB,MiB]:      2591920    2531.172     2.472
openf___224_> Open           ${MODINSTALL9v19}/modlib/chi1234.bin
openf___224_> Open           ${MODINSTALL9v19}/modlib/chi1.mdt
getdata_643_> Protein accepted:  5HIB_A
getdata_289_> Proteins (all/accepted):        1        1

Dynamically allocated memory at  amaxrestraints [B,KiB,MiB]:      2722992    2659.172     2.597
make_re_422_> Number of previous, current restraints         :    10319    10563
make_re_423_> Number of previous, current selected restraints:    10029    10273
make_re_417_> Restraint type to be calculated:  chi2_dihedral

Dynamically allocated memory at   amaxstructure [B,KiB,MiB]:      2722992    2659.172     2.597
openf___224_> Open           ${MODINSTALL9v19}/modlib/chi1234.bin
openf___224_> Open           ${MODINSTALL9v19}/modlib/chi2.mdt
getdata_643_> Protein accepted:  5HIB_A
getdata_289_> Proteins (all/accepted):        1        1
make_re_422_> Number of previous, current restraints         :    10563    10756
make_re_423_> Number of previous, current selected restraints:    10273    10466
make_re_417_> Restraint type to be calculated:  chi3_dihedral

Dynamically allocated memory at   amaxstructure [B,KiB,MiB]:      2722992    2659.172     2.597
openf___224_> Open           ${MODINSTALL9v19}/modlib/chi1234.bin
openf___224_> Open           ${MODINSTALL9v19}/modlib/chi3.mdt
getdata_643_> Protein accepted:  5HIB_A
getdata_289_> Proteins (all/accepted):        1        1
make_re_422_> Number of previous, current restraints         :    10756    10847
make_re_423_> Number of previous, current selected restraints:    10466    10557
make_re_417_> Restraint type to be calculated:  chi4_dihedral

Dynamically allocated memory at   amaxstructure [B,KiB,MiB]:      2722992    2659.172     2.597
openf___224_> Open           ${MODINSTALL9v19}/modlib/chi1234.bin
openf___224_> Open           ${MODINSTALL9v19}/modlib/chi4.mdt
mdtrsr__446W> A potential that relies on one protein is used, yet you have at
              least one known structure available. MDT, not library, potential is used.
getdata_643_> Protein accepted:  5HIB_A
getdata_289_> Proteins (all/accepted):        1        1
make_re_422_> Number of previous, current restraints         :    10847    10885
make_re_423_> Number of previous, current selected restraints:    10557    10595
make_re_417_> Restraint type to be calculated:  DISTANCE

Dynamically allocated memory at amaxhash_contac [B,KiB,MiB]:      3364620    3285.762     3.209

Dynamically allocated memory at  amaxrestraints [B,KiB,MiB]:      3626764    3541.762     3.459
make_re_422_> Number of previous, current restraints         :    10885    16421
make_re_423_> Number of previous, current selected restraints:    10595    16131
make_re_417_> Restraint type to be calculated:  DISTANCE

Dynamically allocated memory at  amaxrestraints [B,KiB,MiB]:      3888908    3797.762     3.709

Dynamically allocated memory at  amaxrestraints [B,KiB,MiB]:      4413196    4309.762     4.209
make_re_422_> Number of previous, current restraints         :    16421    21988
make_re_423_> Number of previous, current selected restraints:    16131    21698
make_re_417_> Restraint type to be calculated:  DISTANCE

Dynamically allocated memory at  amaxrestraints [B,KiB,MiB]:      4675340    4565.762     4.459
make_re_422_> Number of previous, current restraints         :    21988    26434
make_re_423_> Number of previous, current selected restraints:    21698    26144
make_re_417_> Restraint type to be calculated:  DISTANCE
make_re_422_> Number of previous, current restraints         :    26434    29291
make_re_423_> Number of previous, current selected restraints:    26144    29001
0 atoms in HETATM/BLK residues constrained
to protein atoms within 2.30 angstroms
and protein CA atoms within 10.00 angstroms
make_re_417_> Restraint type to be calculated:  DISTANCE
make_re_422_> Number of previous, current restraints         :    29291    29291
make_re_423_> Number of previous, current selected restraints:    29001    29001
make_re_417_> Restraint type to be calculated:  DISTANCE
make_re_422_> Number of previous, current restraints         :    29291    29291
make_re_423_> Number of previous, current selected restraints:    29001    29001
make_re_417_> Restraint type to be calculated:  DISTANCE
make_re_422_> Number of previous, current restraints         :    29291    29291
make_re_423_> Number of previous, current selected restraints:    29001    29001
make_re_417_> Restraint type to be calculated:  DISTANCE
make_re_422_> Number of previous, current restraints         :    29291    29291
make_re_423_> Number of previous, current selected restraints:    29001    29001
0 atoms in residues without defined topology
constrained to be rigid bodies
make_re_417_> Restraint type to be calculated:  DISTANCE
make_re_422_> Number of previous, current restraints         :    29291    29291
make_re_423_> Number of previous, current selected restraints:    29001    29001
rmdupl__427_>     1740 redundant cosine dihedral restraints were unselected.
condens_443_> Restraints marked for deletion were removed.
              Total number of restraints before, now:    29291    27261
openf___224_> Open           5HIB_A_full.rsr
openf___224_> Open           5HIB_A_full.rsr

Dynamically allocated memory at  amaxrestraints [B,KiB,MiB]:      4712133    4601.692     4.494
rdcsr2__307_> Number of restraints read    :    27261
              Number of excluded pairs read:        0
              Number of pseudo atoms read  :        0
rdcsrs__304_> Restraints in memory, selected restraints:    27261    27261
              Explicitly excluded atom pairs in memory :        0
              Pseudo atoms in memory                   :        0
93 (of 2228 total) atoms selected for optimization
openf___224_> Open           5HIB_A_full.ini

Dynamically allocated memory at       amaxmodel [B,KiB,MiB]:      4712157    4601.716     4.494
read_mo_297_> Segments, residues, atoms:        1      277     2228
read_mo_298_> Segment:        1     1   277     2228
randomi_498_> Atoms,selected atoms,random_seed,amplitude:     2228       93        1        4.0000
randomi_496_> Amplitude is > 0; randomization is done.
pick_re_612_> Number of MODEL atoms, selected restraints;       93      673
pick_re_612_> Number of MODEL atoms, selected restraints;       93      753
pick_re_612_> Number of MODEL atoms, selected restraints;       93      781
pick_re_612_> Number of MODEL atoms, selected restraints;       93      794
pick_re_612_> Number of MODEL atoms, selected restraints;       93      900
pick_re_612_> Number of MODEL atoms, selected restraints;       93      993
pick_re_612_> Number of MODEL atoms, selected restraints;       93     1024
pick_re_612_> Number of MODEL atoms, selected restraints;       93     1270

Dynamically allocated memory at  amaxrestraints [B,KiB,MiB]:      5058209    4939.657     4.824
pick_re_612_> Number of MODEL atoms, selected restraints;       93     1313
pick_re_612_> Number of MODEL atoms, selected restraints;       93     1315
pick_re_612_> Number of MODEL atoms, selected restraints;       93     1315
iupac_m_486_> OE1/2 will be swapped:     -106.4781        7     7
iupac_m_486_> OE1/2 will be swapped:      145.2321        9     9
iupac_m_486_> OE1/2 will be swapped:     -121.2477       32    32
iupac_m_486_> OE1/2 will be swapped:      104.7147       34    34
iupac_m_486_> OE1/2 will be swapped:     -131.3773       44    44
iupac_m_486_> OE1/2 will be swapped:       99.1265       47    47
iupac_m_486_> OE1/2 will be swapped:      146.3137       56    56
iupac_m_486_> OE1/2 will be swapped:     -117.8597      102   102
iupac_m_486_> OE1/2 will be swapped:     -170.3204      127   127
iupac_m_483_> CD1/2 CE1/2 swapped:      -90.9646      154   154
iupac_m_397W> Atoms were not swapped because of the uncertainty of how to handle the H atom.
iupac_m_486_> OE1/2 will be swapped:      180.0000      163   163
iupac_m_486_> OE1/2 will be swapped:     -179.9720      164   164
iupac_m_486_> OE1/2 will be swapped:      136.0988      170   170
iupac_m_487_> NH1/2 swapped:      179.9441      187   187
iupac_m_486_> OE1/2 will be swapped:       94.3505      204   204
iupac_m_483_> CD1/2 CE1/2 swapped:      -93.4611      213   213
iupac_m_397W> Atoms were not swapped because of the uncertainty of how to handle the H atom.
iupac_m_484W> Dihedral still outside +-90:       91.3864
iupac_m_486_> OE1/2 will be swapped:     -100.2754      226   226
iupac_m_486_> OE1/2 will be swapped:      171.6300      229   229
iupac_m_487_> NH1/2 swapped:     -179.4335      256   256
iupac_m_487_> NH1/2 swapped:     -179.9344      260   260
iupac_m_486_> OE1/2 will be swapped:      106.6171      265   265
iupac_m_487_> NH1/2 swapped:      178.9411      271   271
iupac_m_487_> NH1/2 swapped:     -179.6083      275   275


>> ENERGY; Differences between the model's features and restraints:
Number of all residues in MODEL                   :      277
Number of all, selected real atoms                :     2228      93
Number of all, selected pseudo atoms              :        0       0
Number of all static, selected restraints         :    27261    1315
COVALENT_CYS                                      :        F
NONBONDED_SEL_ATOMS                               :        1
Number of non-bonded pairs (excluding 1-2,1-3,1-4):      141
Dynamic pairs routine                             : 5, NATM_SEL x NATM double loop
Atomic shift for contacts update (UPDATE_DYNAMIC) :    0.390
LENNARD_JONES_SWITCH                              :    6.500   7.500
COULOMB_JONES_SWITCH                              :    6.500   7.500
RESIDUE_SPAN_RANGE                                :        0   99999
NLOGN_USE                                         :       15
CONTACT_SHELL                                     :    4.000
DYNAMIC_PAIRS,_SPHERE,_COULOMB,_LENNARD,_MODELLER :        T       T       F       F       F
SPHERE_STDV                                       :    0.050
RADII_FACTOR                                      :    0.820
Current energy                                    :          53.9023





Summary of the restraint violations: 

   NUM     ... number of restraints.
   NUMVI   ... number of restraints with RVIOL > VIOL_REPORT_CUT[i].
   RVIOL   ... relative difference from the best value.
   NUMVP   ... number of restraints with -Ln(pdf) > VIOL_REPORT_CUT2[i].
   RMS_1   ... RMS(feature, minimally_violated_basis_restraint, NUMB).
   RMS_2   ... RMS(feature, best_value, NUMB).
   MOL.PDF ... scaled contribution to -Ln(Molecular pdf).

 #                     RESTRAINT_GROUP      NUM   NUMVI  NUMVP   RMS_1   RMS_2         MOL.PDF     S_i
------------------------------------------------------------------------------------------------------
 1 Bond length potential              :      95       0      0   0.006   0.006     0.88395       1.000
 2 Bond angle potential               :     128       0      0   1.645   1.645      6.0539       1.000
 3 Stereochemical cosine torsion poten:      49       0      0  46.576  46.576      18.386       1.000
 4 Stereochemical improper torsion pot:      36       0      0   1.230   1.230     0.96691       1.000
 5 Soft-sphere overlap restraints     :     141       0      0   0.000   0.000      0.0000       1.000
 6 Lennard-Jones 6-12 potential       :       0       0      0   0.000   0.000      0.0000       1.000
 7 Coulomb point-point electrostatic p:       0       0      0   0.000   0.000      0.0000       1.000
 8 H-bonding potential                :       0       0      0   0.000   0.000      0.0000       1.000
 9 Distance restraints 1 (CA-CA)      :     296       0      0   0.094   0.094      2.3961       1.000
10 Distance restraints 2 (N-O)        :     283       0      0   0.119   0.119      2.7104       1.000
11 Mainchain Phi dihedral restraints  :       0       0      0   0.000   0.000      0.0000       1.000
12 Mainchain Psi dihedral restraints  :       0       0      0   0.000   0.000      0.0000       1.000
13 Mainchain Omega dihedral restraints:      13       0      0   3.001   3.001      1.3803       1.000
14 Sidechain Chi_1 dihedral restraints:       9       0      0  34.575  34.575     -1.2355       1.000
15 Sidechain Chi_2 dihedral restraints:       9       0      0   9.707   9.707    -0.47584E-01   1.000
16 Sidechain Chi_3 dihedral restraints:       4       0      0  96.232  96.232      4.1963       1.000
17 Sidechain Chi_4 dihedral restraints:       2       0      0  49.682  49.682      1.1511       1.000
18 Disulfide distance restraints      :       0       0      0   0.000   0.000      0.0000       1.000
19 Disulfide angle restraints         :       0       0      0   0.000   0.000      0.0000       1.000
20 Disulfide dihedral angle restraints:       0       0      0   0.000   0.000      0.0000       1.000
21 Lower bound distance restraints    :       0       0      0   0.000   0.000      0.0000       1.000
22 Upper bound distance restraints    :       0       0      0   0.000   0.000      0.0000       1.000
23 Distance restraints 3 (SDCH-MNCH)  :     244       0      0   0.344   0.344      1.9721       1.000
24 Sidechain Chi_5 dihedral restraints:       0       0      0   0.000   0.000      0.0000       1.000
25 Phi/Psi pair of dihedral restraints:      14       0      3  27.238  32.435      8.2732       1.000
26 Distance restraints 4 (SDCH-SDCH)  :     133       0      0   0.682   0.682      6.8151       1.000
27 Distance restraints 5 (X-Y)        :       0       0      0   0.000   0.000      0.0000       1.000
28 NMR distance restraints 6 (X-Y)    :       0       0      0   0.000   0.000      0.0000       1.000
29 NMR distance restraints 7 (X-Y)    :       0       0      0   0.000   0.000      0.0000       1.000
30 Minimal distance restraints        :       0       0      0   0.000   0.000      0.0000       1.000
31 Non-bonded restraints              :       0       0      0   0.000   0.000      0.0000       1.000
32 Atomic accessibility restraints    :       0       0      0   0.000   0.000      0.0000       1.000
33 Atomic density restraints          :       0       0      0   0.000   0.000      0.0000       1.000
34 Absolute position restraints       :       0       0      0   0.000   0.000      0.0000       1.000
35 Dihedral angle difference restraint:       0       0      0   0.000   0.000      0.0000       1.000
36 GBSA implicit solvent potential    :       0       0      0   0.000   0.000      0.0000       1.000
37 EM density fitting potential       :       0       0      0   0.000   0.000      0.0000       1.000
38 SAXS restraints                    :       0       0      0   0.000   0.000      0.0000       1.000
39 Symmetry restraints                :       0       0      0   0.000   0.000      0.0000       1.000



openf___224_> Open           5HIB_A_full.V99990001
# Heavy relative violation of each residue is written to: 5HIB_A_full.V99990001
# The profile is NOT normalized by the number of restraints.
# The profiles are smoothed over a window of residues:    1
# The sum of all numbers in the file:     826.3624



List of the violated restraints:
   A restraint is violated when the relative difference
   from the best value (RVIOL) is larger than CUTOFF.

   ICSR   ... index of a restraint in the current set.
   RESNO  ... residue numbers of the first two atoms.
   ATM    ... IUPAC atom names of the first two atoms.
   FEAT   ... the value of the feature in the model.
   restr  ... the mean of the basis restraint with the smallest
              difference from the model (local minimum).
   viol   ... difference from the local minimum.
   rviol  ... relative difference from the local minimum.
   RESTR  ... the best value (global minimum).
   VIOL   ... difference from the best value.
   RVIOL  ... relative difference from the best value.



report______> Distribution of short non-bonded contacts:


DISTANCE1:  0.00 2.10 2.20 2.30 2.40 2.50 2.60 2.70 2.80 2.90 3.00 3.10 3.20 3.30 3.40
DISTANCE2:  2.10 2.20 2.30 2.40 2.50 2.60 2.70 2.80 2.90 3.00 3.10 3.20 3.30 3.40 3.50
FREQUENCY:     0    0    0    0    0    0    4   41   51   79  128  157  226  343  360


<< end of ENERGY.
openf___224_> Open           5HIB_A_full.B99990001.pdb
wrpdb___568_> Residues, atoms, selected atoms:      277     2228     2228

>> Summary of successfully produced models:
Filename                          molpdf
----------------------------------------
5HIB_A_full.B99990001.pdb       53.90229


Dynamically allocated memory at          finish [B,KiB,MiB]:      5058209    4939.657     4.824
Starting time                                            : 2018/02/20 13:04:29
Closing time                                             : 2018/02/20 13:04:32
Total CPU time [seconds]                                 :       3.63
