
                         MODELLER 9.19, 2017/07/19, r11078

     PROTEIN STRUCTURE MODELLING BY SATISFACTION OF SPATIAL RESTRAINTS


                     Copyright(c) 1989-2017 Andrej Sali
                            All Rights Reserved

                             Written by A. Sali
                               with help from
              B. Webb, M.S. Madhusudhan, M-Y. Shen, G.Q. Dong,
          M.A. Marti-Renom, N. Eswar, F. Alber, M. Topf, B. Oliva,
             A. Fiser, R. Sanchez, B. Yerkovich, A. Badretdinov,
                     F. Melo, J.P. Overington, E. Feyfant
                 University of California, San Francisco, USA
                    Rockefeller University, New York, USA
                      Harvard University, Cambridge, USA
                   Imperial Cancer Research Fund, London, UK
              Birkbeck College, University of London, London, UK


Kind, OS, HostName, Kernel, Processor: 4, Linux german-xps 4.14.6-041406-generic x86_64
Date and time of compilation         : 2017/07/19 15:03:51
MODELLER executable type             : x86_64-intel8
Job starting time (YY/MM/DD HH:MM:SS): 2018/02/21 08:41:54

openf___224_> Open           $(LIB)/restyp.lib
openf___224_> Open           ${MODINSTALL9v19}/modlib/resgrp.lib
rdresgr_266_> Number of residue groups:        2
openf___224_> Open           ${MODINSTALL9v19}/modlib/sstruc.lib

Dynamically allocated memory at   amaxlibraries [B,KiB,MiB]:       191566     187.076     0.183

Dynamically allocated memory at   amaxlibraries [B,KiB,MiB]:       192094     187.592     0.183
openf___224_> Open           ${MODINSTALL9v19}/modlib/resdih.lib

Dynamically allocated memory at   amaxlibraries [B,KiB,MiB]:       240694     235.053     0.230
rdrdih__263_> Number of dihedral angle types         :        9
              Maximal number of dihedral angle optima:        3
              Dihedral angle names                   :  Alph Phi Psi Omeg chi1 chi2 chi3 chi4 chi5
openf___224_> Open           ${MODINSTALL9v19}/modlib/radii.lib

Dynamically allocated memory at   amaxlibraries [B,KiB,MiB]:       253994     248.041     0.242
openf___224_> Open           ${MODINSTALL9v19}/modlib/radii14.lib
openf___224_> Open           ${MODINSTALL9v19}/modlib/af_mnchdef.lib
rdwilmo_274_> Mainchain residue conformation classes:  APBLE
openf___224_> Open           ${MODINSTALL9v19}/modlib/mnch.lib
rdclass_257_> Number of classes:        5
openf___224_> Open           ${MODINSTALL9v19}/modlib/mnch1.lib
openf___224_> Open           ${MODINSTALL9v19}/modlib/mnch2.lib
openf___224_> Open           ${MODINSTALL9v19}/modlib/xs4.mat
rdrrwgh_268_> Number of residue types:       21
openf___224_> Open           /home/german/labo/18/egfr/model/2GS2_A/to_model_2GS2_A

Dynamically allocated memory at   amaxalignment [B,KiB,MiB]:       265487     259.265     0.253

Dynamically allocated memory at   amaxalignment [B,KiB,MiB]:       266937     260.681     0.255

Dynamically allocated memory at   amaxalignment [B,KiB,MiB]:       269837     263.513     0.257

Dynamically allocated memory at   amaxalignment [B,KiB,MiB]:       275637     269.177     0.263

Dynamically allocated memory at   amaxalignment [B,KiB,MiB]:       392693     383.489     0.375

Dynamically allocated memory at    amaxsequence [B,KiB,MiB]:       393909     384.677     0.376

Dynamically allocated memory at    amaxsequence [B,KiB,MiB]:       395013     385.755     0.377

Read the alignment from file       : /home/german/labo/18/egfr/model/2GS2_A/to_model_2GS2_A
Total number of alignment positions:   308

  #  Code        #_Res #_Segm PDB_code    Name
-------------------------------------------------------------------------------
  1     2GS2_A     305      1      2GS2_A
  2  2GS2_A_fu     277      1
check_a_343_> >> BEGINNING OF COMMAND
openf___224_> Open           ./2GS2_A.pdb

Dynamically allocated memory at amaxcoordinates [B,KiB,MiB]:       488238     476.795     0.466

Dynamically allocated memory at    amaxsequence [B,KiB,MiB]:       488238     476.795     0.466

Dynamically allocated memory at amaxcoordinates [B,KiB,MiB]:       488409     476.962     0.466

Dynamically allocated memory at amaxcoordinates [B,KiB,MiB]:       489259     477.792     0.467

Dynamically allocated memory at amaxcoordinates [B,KiB,MiB]:       490517     479.021     0.468

Dynamically allocated memory at amaxcoordinates [B,KiB,MiB]:       492421     480.880     0.470

Dynamically allocated memory at    amaxsequence [B,KiB,MiB]:       492421     480.880     0.470

Dynamically allocated memory at amaxcoordinates [B,KiB,MiB]:       492511     480.968     0.470

Dynamically allocated memory at amaxcoordinates [B,KiB,MiB]:       495367     483.757     0.472

Dynamically allocated memory at    amaxsequence [B,KiB,MiB]:       495367     483.757     0.472

Dynamically allocated memory at amaxcoordinates [B,KiB,MiB]:       495502     483.889     0.473

Dynamically allocated memory at amaxcoordinates [B,KiB,MiB]:       499786     488.072     0.477

Dynamically allocated memory at    amaxsequence [B,KiB,MiB]:       499786     488.072     0.477

Dynamically allocated memory at amaxcoordinates [B,KiB,MiB]:       499984     488.266     0.477

Dynamically allocated memory at amaxcoordinates [B,KiB,MiB]:       506410     494.541     0.483

Dynamically allocated memory at    amaxsequence [B,KiB,MiB]:       506410     494.541     0.483

Dynamically allocated memory at amaxcoordinates [B,KiB,MiB]:       506707     494.831     0.483

Dynamically allocated memory at amaxcoordinates [B,KiB,MiB]:       516329     504.228     0.492

Dynamically allocated memory at    amaxsequence [B,KiB,MiB]:       516329     504.228     0.492

Dynamically allocated memory at amaxcoordinates [B,KiB,MiB]:       516779     504.667     0.493

Dynamically allocated memory at amaxcoordinates [B,KiB,MiB]:       531229     518.778     0.507

Dynamically allocated memory at    amaxsequence [B,KiB,MiB]:       531229     518.778     0.507

Dynamically allocated memory at amaxcoordinates [B,KiB,MiB]:       531904     519.438     0.507

Dynamically allocated memory at amaxcoordinates [B,KiB,MiB]:       553562     540.588     0.528

Dynamically allocated memory at    amaxsequence [B,KiB,MiB]:       553562     540.588     0.528

Dynamically allocated memory at amaxcoordinates [B,KiB,MiB]:       554570     541.572     0.529

Dynamically allocated memory at amaxcoordinates [B,KiB,MiB]:       587074     573.314     0.560

Dynamically allocated memory at   amaxstructure [B,KiB,MiB]:       586786     573.033     0.560

check_ali___> Checking the sequence-structure alignment. 

Implied intrachain target CA(i)-CA(i+1) distances longer than  8.0 angstroms:

ALN_POS  TMPL  RID1  RID2  NAM1  NAM2     DIST
----------------------------------------------
     54     1  746   750      E     A    8.993
END OF TABLE
check_a_344_> << END OF COMMAND
openf___224_> Open           ${LIB}/top_heav.lib
read_to_681_> topology.submodel read from topology file:        3
openf___224_> Open           ${LIB}/par.lib

Dynamically allocated memory at  amaxparameters [B,KiB,MiB]:       726038     709.021     0.692

Dynamically allocated memory at  amaxparameters [B,KiB,MiB]:       727638     710.584     0.694

Dynamically allocated memory at  amaxparameters [B,KiB,MiB]:       731618     714.471     0.698

Dynamically allocated memory at  amaxparameters [B,KiB,MiB]:       733618     716.424     0.700

Dynamically allocated memory at  amaxparameters [B,KiB,MiB]:       736618     719.354     0.702

Dynamically allocated memory at  amaxparameters [B,KiB,MiB]:       741118     723.748     0.707

Dynamically allocated memory at  amaxparameters [B,KiB,MiB]:       746690     729.189     0.712

Dynamically allocated memory at  amaxparameters [B,KiB,MiB]:       749490     731.924     0.715

Dynamically allocated memory at  amaxparameters [B,KiB,MiB]:       753690     736.025     0.719

Dynamically allocated memory at  amaxparameters [B,KiB,MiB]:       759990     742.178     0.725

Dynamically allocated memory at  amaxparameters [B,KiB,MiB]:       762762     744.885     0.727

Dynamically allocated memory at  amaxparameters [B,KiB,MiB]:       764162     746.252     0.729
read_pa_232_> parameters    BONDS   ANGLS  DIHEDS IMPROPS    MODE
                              227     561     661     112       0

Dynamically allocated memory at       amaxmodel [B,KiB,MiB]:       807494     788.568     0.770

Dynamically allocated memory at       amaxmodel [B,KiB,MiB]:      1027210    1003.135     0.980

Dynamically allocated memory at       amaxmodel [B,KiB,MiB]:      1060194    1035.346     1.011

mkilst______> segment topology constructed from sequence and RTF:
              segments residues atoms bonds angles dihedrals impropers:
                     1      277  2223  2273      0         0       925

Dynamically allocated memory at       amaxmodel [B,KiB,MiB]:      1155518    1128.436     1.102

patch_______> segment topology patched using RTF:     1  ;  LEU  ;  NTER
              segments residues atoms bonds angles dihedrals impropers:
                     1      277  2223  2273   3074      3654       925


Dynamically allocated memory at       amaxmodel [B,KiB,MiB]:      1247614    1218.373     1.190
patch_______> segment topology patched using RTF:   277  ;  LEU  ;  CTER
              segments residues atoms bonds angles dihedrals impropers:
                     1      277  2224  2274   3076      3656       926

genseg______> segment topology constructed from sequence and RTF:
              segments residues atoms bonds angles dihedrals impropers:
                     1      277  2224  2274   3076      3656       926
transfe_506_> MODEL is an average of all templates.
transfe_511_> Number of templates for coordinate transfer:        1
              After transferring coordinates of the equivalent template atoms,
              there are defined, undefined atoms in MODEL:     2189       35
openf___224_> Open           2GS2_A_full.ini
wrpdb___568_> Residues, atoms, selected atoms:      277     2224     2224
make_re_417_> Restraint type to be calculated:  stereo

Dynamically allocated memory at  amaxrestraints [B,KiB,MiB]:      1354663    1322.913     1.292

Dynamically allocated memory at  amaxrestraints [B,KiB,MiB]:      1362855    1330.913     1.300

Dynamically allocated memory at  amaxrestraints [B,KiB,MiB]:      1379239    1346.913     1.315

Dynamically allocated memory at  amaxrestraints [B,KiB,MiB]:      1412007    1378.913     1.347

Dynamically allocated memory at  amaxrestraints [B,KiB,MiB]:      1444775    1410.913     1.378

Dynamically allocated memory at  amaxrestraints [B,KiB,MiB]:      1510311    1474.913     1.440

Dynamically allocated memory at  amaxrestraints [B,KiB,MiB]:      1543079    1506.913     1.472

Dynamically allocated memory at  amaxrestraints [B,KiB,MiB]:      1575847    1538.913     1.503

Dynamically allocated memory at  amaxrestraints [B,KiB,MiB]:      1641383    1602.913     1.565

Dynamically allocated memory at  amaxrestraints [B,KiB,MiB]:      1772455    1730.913     1.690

Dynamically allocated memory at  amaxrestraints [B,KiB,MiB]:      1837991    1794.913     1.753

Dynamically allocated memory at  amaxrestraints [B,KiB,MiB]:      1903527    1858.913     1.815

Dynamically allocated memory at  amaxrestraints [B,KiB,MiB]:      2034599    1986.913     1.940

Dynamically allocated memory at  amaxrestraints [B,KiB,MiB]:      2296743    2242.913     2.190
r_stere_606_> Stereochemical restraints were constructed from RTF & PRMF.
              Added bond,angle,dihedral,improper restraints  :     2274    3076    3497     912
              Total number of restraints before, now         :        0     9759
make_re_422_> Number of previous, current restraints         :        0     9759
make_re_423_> Number of previous, current selected restraints:        0     9759
make_re_417_> Restraint type to be calculated:  phi-psi_binormal

Dynamically allocated memory at   amaxstructure [B,KiB,MiB]:      2457387    2399.792     2.344
openf___224_> Open           ${MODINSTALL9v19}/modlib/mnch1.bin
openf___224_> Open           ${MODINSTALL9v19}/modlib/mnch1.mdt
errdih__638_> Missing atoms in a dihedral, residue index, residue type:        5        2  GLU
errdih__638_> Missing atoms in a dihedral, residue index, residue type:        5       28  PHE
errdih__638_> Missing atoms in a dihedral, residue index, residue type:        5      288  ARG
errdih__638_> Missing atoms in a dihedral, residue index, residue type:        6        2  GLU
errdih__638_> Missing atoms in a dihedral, residue index, residue type:        6       28  PHE
errdih__638_> Missing atoms in a dihedral, residue index, residue type:        6      288  ARG
errdih__638_> Missing atoms in a dihedral, residue index, residue type:        7        2  GLU
errdih__638_> Missing atoms in a dihedral, residue index, residue type:        7      288  ARG
errdih__638_> Missing atoms in a dihedral, residue index, residue type:        8      288  ARG
getdata_643_> Protein accepted:  2GS2_A
getdata_289_> Proteins (all/accepted):        1        1

Dynamically allocated memory at  amaxrestraints [B,KiB,MiB]:      2588475    2527.808     2.469
make_re_422_> Number of previous, current restraints         :     9759    10034
make_re_423_> Number of previous, current selected restraints:     9759    10034
make_re_417_> Restraint type to be calculated:  omega_dihedral

Dynamically allocated memory at   amaxstructure [B,KiB,MiB]:      2588475    2527.808     2.469
openf___224_> Open           ${MODINSTALL9v19}/modlib/omega.bin
openf___224_> Open           ${MODINSTALL9v19}/modlib/omega.mdt
getdata_643_> Protein accepted:  2GS2_A
getdata_289_> Proteins (all/accepted):        1        1
omgdel__425_> Unselected all O C +N +CA dihedrals:      290
              (This is to avoid clashes between STEREO
              and OMEGA_DIHEDRAL restraints)
make_re_422_> Number of previous, current restraints         :    10034    10310
make_re_423_> Number of previous, current selected restraints:    10034    10020
make_re_417_> Restraint type to be calculated:  chi1_dihedral

Dynamically allocated memory at   amaxstructure [B,KiB,MiB]:      2588475    2527.808     2.469
openf___224_> Open           ${MODINSTALL9v19}/modlib/chi1234.bin
openf___224_> Open           ${MODINSTALL9v19}/modlib/chi1.mdt
getdata_643_> Protein accepted:  2GS2_A
getdata_289_> Proteins (all/accepted):        1        1

Dynamically allocated memory at  amaxrestraints [B,KiB,MiB]:      2719547    2655.808     2.594
make_re_422_> Number of previous, current restraints         :    10310    10554
make_re_423_> Number of previous, current selected restraints:    10020    10264
make_re_417_> Restraint type to be calculated:  chi2_dihedral

Dynamically allocated memory at   amaxstructure [B,KiB,MiB]:      2719547    2655.808     2.594
openf___224_> Open           ${MODINSTALL9v19}/modlib/chi1234.bin
openf___224_> Open           ${MODINSTALL9v19}/modlib/chi2.mdt
getdata_643_> Protein accepted:  2GS2_A
getdata_289_> Proteins (all/accepted):        1        1
make_re_422_> Number of previous, current restraints         :    10554    10746
make_re_423_> Number of previous, current selected restraints:    10264    10456
make_re_417_> Restraint type to be calculated:  chi3_dihedral

Dynamically allocated memory at   amaxstructure [B,KiB,MiB]:      2719547    2655.808     2.594
openf___224_> Open           ${MODINSTALL9v19}/modlib/chi1234.bin
openf___224_> Open           ${MODINSTALL9v19}/modlib/chi3.mdt
getdata_643_> Protein accepted:  2GS2_A
getdata_289_> Proteins (all/accepted):        1        1
make_re_422_> Number of previous, current restraints         :    10746    10835
make_re_423_> Number of previous, current selected restraints:    10456    10545
make_re_417_> Restraint type to be calculated:  chi4_dihedral

Dynamically allocated memory at   amaxstructure [B,KiB,MiB]:      2719547    2655.808     2.594
openf___224_> Open           ${MODINSTALL9v19}/modlib/chi1234.bin
openf___224_> Open           ${MODINSTALL9v19}/modlib/chi4.mdt
mdtrsr__446W> A potential that relies on one protein is used, yet you have at
              least one known structure available. MDT, not library, potential is used.
getdata_643_> Protein accepted:  2GS2_A
getdata_289_> Proteins (all/accepted):        1        1
make_re_422_> Number of previous, current restraints         :    10835    10872
make_re_423_> Number of previous, current selected restraints:    10545    10582
make_re_417_> Restraint type to be calculated:  DISTANCE

Dynamically allocated memory at amaxhash_contac [B,KiB,MiB]:      3360023    3281.272     3.204
make_re_422_> Number of previous, current restraints         :    10872    16375
make_re_423_> Number of previous, current selected restraints:    10582    16085
make_re_417_> Restraint type to be calculated:  DISTANCE

Dynamically allocated memory at  amaxrestraints [B,KiB,MiB]:      3622167    3537.272     3.454

Dynamically allocated memory at  amaxrestraints [B,KiB,MiB]:      3884311    3793.272     3.704

Dynamically allocated memory at  amaxrestraints [B,KiB,MiB]:      4408599    4305.272     4.204
make_re_422_> Number of previous, current restraints         :    16375    21921
make_re_423_> Number of previous, current selected restraints:    16085    21631
make_re_417_> Restraint type to be calculated:  DISTANCE

Dynamically allocated memory at  amaxrestraints [B,KiB,MiB]:      4670743    4561.272     4.454
make_re_422_> Number of previous, current restraints         :    21921    26580
make_re_423_> Number of previous, current selected restraints:    21631    26290
make_re_417_> Restraint type to be calculated:  DISTANCE
make_re_422_> Number of previous, current restraints         :    26580    29344
make_re_423_> Number of previous, current selected restraints:    26290    29054
0 atoms in HETATM/BLK residues constrained
to protein atoms within 2.30 angstroms
and protein CA atoms within 10.00 angstroms
make_re_417_> Restraint type to be calculated:  DISTANCE
make_re_422_> Number of previous, current restraints         :    29344    29344
make_re_423_> Number of previous, current selected restraints:    29054    29054
make_re_417_> Restraint type to be calculated:  DISTANCE
make_re_422_> Number of previous, current restraints         :    29344    29344
make_re_423_> Number of previous, current selected restraints:    29054    29054
make_re_417_> Restraint type to be calculated:  DISTANCE
make_re_422_> Number of previous, current restraints         :    29344    29344
make_re_423_> Number of previous, current selected restraints:    29054    29054
make_re_417_> Restraint type to be calculated:  DISTANCE
make_re_422_> Number of previous, current restraints         :    29344    29344
make_re_423_> Number of previous, current selected restraints:    29054    29054
0 atoms in residues without defined topology
constrained to be rigid bodies
make_re_417_> Restraint type to be calculated:  DISTANCE
make_re_422_> Number of previous, current restraints         :    29344    29344
make_re_423_> Number of previous, current selected restraints:    29054    29054
rmdupl__427_>     1736 redundant cosine dihedral restraints were unselected.
condens_443_> Restraints marked for deletion were removed.
              Total number of restraints before, now:    29344    27318
openf___224_> Open           2GS2_A_full.rsr
openf___224_> Open           2GS2_A_full.rsr

Dynamically allocated memory at  amaxrestraints [B,KiB,MiB]:      4710489    4600.087     4.492
rdcsr2__307_> Number of restraints read    :    27318
              Number of excluded pairs read:        0
              Number of pseudo atoms read  :        0
rdcsrs__304_> Restraints in memory, selected restraints:    27318    27318
              Explicitly excluded atom pairs in memory :        0
              Pseudo atoms in memory                   :        0
17 (of 2224 total) atoms selected for optimization
openf___224_> Open           2GS2_A_full.ini

Dynamically allocated memory at       amaxmodel [B,KiB,MiB]:      4710513    4600.110     4.492
read_mo_297_> Segments, residues, atoms:        1      277     2224
read_mo_298_> Segment:        1     1   277     2224
randomi_498_> Atoms,selected atoms,random_seed,amplitude:     2224       17        1        4.0000
randomi_496_> Amplitude is > 0; randomization is done.
pick_re_612_> Number of MODEL atoms, selected restraints;       17       72
pick_re_612_> Number of MODEL atoms, selected restraints;       17       72
pick_re_612_> Number of MODEL atoms, selected restraints;       17       72
pick_re_612_> Number of MODEL atoms, selected restraints;       17       72
pick_re_612_> Number of MODEL atoms, selected restraints;       17       72
pick_re_612_> Number of MODEL atoms, selected restraints;       17       72
pick_re_612_> Number of MODEL atoms, selected restraints;       17       72
pick_re_612_> Number of MODEL atoms, selected restraints;       17       72

Dynamically allocated memory at  amaxrestraints [B,KiB,MiB]:      5056469    4937.958     4.822
pick_re_612_> Number of MODEL atoms, selected restraints;       17       72
