
                         MODELLER 9.19, 2017/07/19, r11078

     PROTEIN STRUCTURE MODELLING BY SATISFACTION OF SPATIAL RESTRAINTS


                     Copyright(c) 1989-2017 Andrej Sali
                            All Rights Reserved

                             Written by A. Sali
                               with help from
              B. Webb, M.S. Madhusudhan, M-Y. Shen, G.Q. Dong,
          M.A. Marti-Renom, N. Eswar, F. Alber, M. Topf, B. Oliva,
             A. Fiser, R. Sanchez, B. Yerkovich, A. Badretdinov,
                     F. Melo, J.P. Overington, E. Feyfant
                 University of California, San Francisco, USA
                    Rockefeller University, New York, USA
                      Harvard University, Cambridge, USA
                   Imperial Cancer Research Fund, London, UK
              Birkbeck College, University of London, London, UK


Kind, OS, HostName, Kernel, Processor: 4, Linux german-xps 4.14.6-041406-generic x86_64
Date and time of compilation         : 2017/07/19 15:03:51
MODELLER executable type             : x86_64-intel8
Job starting time (YY/MM/DD HH:MM:SS): 2018/02/20 13:03:52

openf___224_> Open           $(LIB)/restyp.lib
openf___224_> Open           ${MODINSTALL9v19}/modlib/resgrp.lib
rdresgr_266_> Number of residue groups:        2
openf___224_> Open           ${MODINSTALL9v19}/modlib/sstruc.lib

Dynamically allocated memory at   amaxlibraries [B,KiB,MiB]:       191566     187.076     0.183

Dynamically allocated memory at   amaxlibraries [B,KiB,MiB]:       192094     187.592     0.183
openf___224_> Open           ${MODINSTALL9v19}/modlib/resdih.lib

Dynamically allocated memory at   amaxlibraries [B,KiB,MiB]:       240694     235.053     0.230
rdrdih__263_> Number of dihedral angle types         :        9
              Maximal number of dihedral angle optima:        3
              Dihedral angle names                   :  Alph Phi Psi Omeg chi1 chi2 chi3 chi4 chi5
openf___224_> Open           ${MODINSTALL9v19}/modlib/radii.lib

Dynamically allocated memory at   amaxlibraries [B,KiB,MiB]:       253994     248.041     0.242
openf___224_> Open           ${MODINSTALL9v19}/modlib/radii14.lib
openf___224_> Open           ${MODINSTALL9v19}/modlib/af_mnchdef.lib
rdwilmo_274_> Mainchain residue conformation classes:  APBLE
openf___224_> Open           ${MODINSTALL9v19}/modlib/mnch.lib
rdclass_257_> Number of classes:        5
openf___224_> Open           ${MODINSTALL9v19}/modlib/mnch1.lib
openf___224_> Open           ${MODINSTALL9v19}/modlib/mnch2.lib
openf___224_> Open           ${MODINSTALL9v19}/modlib/mnch3.lib
openf___224_> Open           ${MODINSTALL9v19}/modlib/xs4.mat
rdrrwgh_268_> Number of residue types:       21
openf___224_> Open           /home/german/labo/18/egfr/model/5EDP_A/to_model_5EDP_A

Dynamically allocated memory at   amaxalignment [B,KiB,MiB]:       265487     259.265     0.253

Dynamically allocated memory at   amaxalignment [B,KiB,MiB]:       266937     260.681     0.255

Dynamically allocated memory at   amaxalignment [B,KiB,MiB]:       269837     263.513     0.257

Dynamically allocated memory at   amaxalignment [B,KiB,MiB]:       275637     269.177     0.263

Dynamically allocated memory at   amaxalignment [B,KiB,MiB]:       392693     383.489     0.375

Dynamically allocated memory at    amaxsequence [B,KiB,MiB]:       393869     384.638     0.376

Dynamically allocated memory at    amaxsequence [B,KiB,MiB]:       394973     385.716     0.377

Read the alignment from file       : /home/german/labo/18/egfr/model/5EDP_A/to_model_5EDP_A
Total number of alignment positions:   312

  #  Code        #_Res #_Segm PDB_code    Name
-------------------------------------------------------------------------------
  1     5EDP_A     295      1      5EDP_A
  2  5EDP_A_fu     277      1
check_a_343_> >> BEGINNING OF COMMAND
openf___224_> Open           ./5EDP_A.pdb

Dynamically allocated memory at amaxcoordinates [B,KiB,MiB]:       485198     473.826     0.463

Dynamically allocated memory at    amaxsequence [B,KiB,MiB]:       485198     473.826     0.463

Dynamically allocated memory at amaxcoordinates [B,KiB,MiB]:       485369     473.993     0.463

Dynamically allocated memory at amaxcoordinates [B,KiB,MiB]:       486219     474.823     0.464

Dynamically allocated memory at amaxcoordinates [B,KiB,MiB]:       487477     476.052     0.465

Dynamically allocated memory at amaxcoordinates [B,KiB,MiB]:       489381     477.911     0.467

Dynamically allocated memory at    amaxsequence [B,KiB,MiB]:       489381     477.911     0.467

Dynamically allocated memory at amaxcoordinates [B,KiB,MiB]:       489471     477.999     0.467

Dynamically allocated memory at amaxcoordinates [B,KiB,MiB]:       492327     480.788     0.470

Dynamically allocated memory at    amaxsequence [B,KiB,MiB]:       492327     480.788     0.470

Dynamically allocated memory at amaxcoordinates [B,KiB,MiB]:       492462     480.920     0.470

Dynamically allocated memory at amaxcoordinates [B,KiB,MiB]:       496746     485.104     0.474

Dynamically allocated memory at    amaxsequence [B,KiB,MiB]:       496746     485.104     0.474

Dynamically allocated memory at amaxcoordinates [B,KiB,MiB]:       496944     485.297     0.474

Dynamically allocated memory at amaxcoordinates [B,KiB,MiB]:       503370     491.572     0.480

Dynamically allocated memory at    amaxsequence [B,KiB,MiB]:       503370     491.572     0.480

Dynamically allocated memory at amaxcoordinates [B,KiB,MiB]:       503667     491.862     0.480

Dynamically allocated memory at amaxcoordinates [B,KiB,MiB]:       513289     501.259     0.490

Dynamically allocated memory at    amaxsequence [B,KiB,MiB]:       513289     501.259     0.490

Dynamically allocated memory at amaxcoordinates [B,KiB,MiB]:       513739     501.698     0.490

Dynamically allocated memory at amaxcoordinates [B,KiB,MiB]:       528189     515.810     0.504

Dynamically allocated memory at    amaxsequence [B,KiB,MiB]:       528189     515.810     0.504

Dynamically allocated memory at amaxcoordinates [B,KiB,MiB]:       528864     516.469     0.504

Dynamically allocated memory at amaxcoordinates [B,KiB,MiB]:       550522     537.619     0.525

Dynamically allocated memory at    amaxsequence [B,KiB,MiB]:       550522     537.619     0.525

Dynamically allocated memory at amaxcoordinates [B,KiB,MiB]:       551530     538.604     0.526

Dynamically allocated memory at amaxcoordinates [B,KiB,MiB]:       584034     570.346     0.557

Dynamically allocated memory at   amaxstructure [B,KiB,MiB]:       583656     569.977     0.557

check_ali___> Checking the sequence-structure alignment. 

Implied intrachain target CA(i)-CA(i+1) distances longer than  8.0 angstroms:

ALN_POS  TMPL  RID1  RID2  NAM1  NAM2     DIST
----------------------------------------------
END OF TABLE
check_a_344_> << END OF COMMAND
openf___224_> Open           ${LIB}/top_heav.lib
read_to_681_> topology.submodel read from topology file:        3
openf___224_> Open           ${LIB}/par.lib

Dynamically allocated memory at  amaxparameters [B,KiB,MiB]:       722908     705.965     0.689

Dynamically allocated memory at  amaxparameters [B,KiB,MiB]:       724508     707.527     0.691

Dynamically allocated memory at  amaxparameters [B,KiB,MiB]:       728488     711.414     0.695

Dynamically allocated memory at  amaxparameters [B,KiB,MiB]:       730488     713.367     0.697

Dynamically allocated memory at  amaxparameters [B,KiB,MiB]:       733488     716.297     0.700

Dynamically allocated memory at  amaxparameters [B,KiB,MiB]:       737988     720.691     0.704

Dynamically allocated memory at  amaxparameters [B,KiB,MiB]:       743560     726.133     0.709

Dynamically allocated memory at  amaxparameters [B,KiB,MiB]:       746360     728.867     0.712

Dynamically allocated memory at  amaxparameters [B,KiB,MiB]:       750560     732.969     0.716

Dynamically allocated memory at  amaxparameters [B,KiB,MiB]:       756860     739.121     0.722

Dynamically allocated memory at  amaxparameters [B,KiB,MiB]:       759632     741.828     0.724

Dynamically allocated memory at  amaxparameters [B,KiB,MiB]:       761032     743.195     0.726
read_pa_232_> parameters    BONDS   ANGLS  DIHEDS IMPROPS    MODE
                              227     561     661     112       0

Dynamically allocated memory at       amaxmodel [B,KiB,MiB]:       804364     785.512     0.767

Dynamically allocated memory at       amaxmodel [B,KiB,MiB]:      1024472    1000.461     0.977

Dynamically allocated memory at       amaxmodel [B,KiB,MiB]:      1057472    1032.688     1.008

mkilst______> segment topology constructed from sequence and RTF:
              segments residues atoms bonds angles dihedrals impropers:
                     1      277  2227  2277      0         0       924

Dynamically allocated memory at       amaxmodel [B,KiB,MiB]:      1152880    1125.859     1.099

patch_______> segment topology patched using RTF:     1  ;  LEU  ;  NTER
              segments residues atoms bonds angles dihedrals impropers:
                     1      277  2227  2277   3077      3657       924


Dynamically allocated memory at       amaxmodel [B,KiB,MiB]:      1244976    1215.797     1.187
patch_______> segment topology patched using RTF:   277  ;  LEU  ;  CTER
              segments residues atoms bonds angles dihedrals impropers:
                     1      277  2228  2278   3079      3659       925

genseg______> segment topology constructed from sequence and RTF:
              segments residues atoms bonds angles dihedrals impropers:
                     1      277  2228  2278   3079      3659       925
transfe_506_> MODEL is an average of all templates.
transfe_511_> Number of templates for coordinate transfer:        1
              After transferring coordinates of the equivalent template atoms,
              there are defined, undefined atoms in MODEL:     2093      135
openf___224_> Open           5EDP_A_full.ini
wrpdb___568_> Residues, atoms, selected atoms:      277     2228     2228
make_re_417_> Restraint type to be calculated:  stereo

Dynamically allocated memory at  amaxrestraints [B,KiB,MiB]:      1352025    1320.337     1.289

Dynamically allocated memory at  amaxrestraints [B,KiB,MiB]:      1360217    1328.337     1.297

Dynamically allocated memory at  amaxrestraints [B,KiB,MiB]:      1376601    1344.337     1.313

Dynamically allocated memory at  amaxrestraints [B,KiB,MiB]:      1409369    1376.337     1.344

Dynamically allocated memory at  amaxrestraints [B,KiB,MiB]:      1442137    1408.337     1.375

Dynamically allocated memory at  amaxrestraints [B,KiB,MiB]:      1507673    1472.337     1.438

Dynamically allocated memory at  amaxrestraints [B,KiB,MiB]:      1540441    1504.337     1.469

Dynamically allocated memory at  amaxrestraints [B,KiB,MiB]:      1573209    1536.337     1.500

Dynamically allocated memory at  amaxrestraints [B,KiB,MiB]:      1638745    1600.337     1.563

Dynamically allocated memory at  amaxrestraints [B,KiB,MiB]:      1769817    1728.337     1.688

Dynamically allocated memory at  amaxrestraints [B,KiB,MiB]:      1835353    1792.337     1.750

Dynamically allocated memory at  amaxrestraints [B,KiB,MiB]:      1900889    1856.337     1.813

Dynamically allocated memory at  amaxrestraints [B,KiB,MiB]:      2031961    1984.337     1.938

Dynamically allocated memory at  amaxrestraints [B,KiB,MiB]:      2294105    2240.337     2.188
r_stere_606_> Stereochemical restraints were constructed from RTF & PRMF.
              Added bond,angle,dihedral,improper restraints  :     2278    3079    3500     911
              Total number of restraints before, now         :        0     9768
make_re_422_> Number of previous, current restraints         :        0     9768
make_re_423_> Number of previous, current selected restraints:        0     9768
make_re_417_> Restraint type to be calculated:  phi-psi_binormal

Dynamically allocated memory at   amaxstructure [B,KiB,MiB]:      2454885    2397.349     2.341
openf___224_> Open           ${MODINSTALL9v19}/modlib/mnch1.bin
openf___224_> Open           ${MODINSTALL9v19}/modlib/mnch1.mdt
getdata_643_> Protein accepted:  5EDP_A
getdata_289_> Proteins (all/accepted):        1        1

Dynamically allocated memory at  amaxrestraints [B,KiB,MiB]:      2585973    2525.364     2.466
make_re_422_> Number of previous, current restraints         :     9768    10043
make_re_423_> Number of previous, current selected restraints:     9768    10043
make_re_417_> Restraint type to be calculated:  omega_dihedral

Dynamically allocated memory at   amaxstructure [B,KiB,MiB]:      2585973    2525.364     2.466
openf___224_> Open           ${MODINSTALL9v19}/modlib/omega.bin
openf___224_> Open           ${MODINSTALL9v19}/modlib/omega.mdt
getdata_643_> Protein accepted:  5EDP_A
getdata_289_> Proteins (all/accepted):        1        1
omgdel__425_> Unselected all O C +N +CA dihedrals:      290
              (This is to avoid clashes between STEREO
              and OMEGA_DIHEDRAL restraints)
make_re_422_> Number of previous, current restraints         :    10043    10319
make_re_423_> Number of previous, current selected restraints:    10043    10029
make_re_417_> Restraint type to be calculated:  chi1_dihedral

Dynamically allocated memory at   amaxstructure [B,KiB,MiB]:      2585973    2525.364     2.466
openf___224_> Open           ${MODINSTALL9v19}/modlib/chi1234.bin
openf___224_> Open           ${MODINSTALL9v19}/modlib/chi1.mdt
getdata_643_> Protein accepted:  5EDP_A
getdata_289_> Proteins (all/accepted):        1        1

Dynamically allocated memory at  amaxrestraints [B,KiB,MiB]:      2717045    2653.364     2.591
make_re_422_> Number of previous, current restraints         :    10319    10563
make_re_423_> Number of previous, current selected restraints:    10029    10273
make_re_417_> Restraint type to be calculated:  chi2_dihedral

Dynamically allocated memory at   amaxstructure [B,KiB,MiB]:      2717045    2653.364     2.591
openf___224_> Open           ${MODINSTALL9v19}/modlib/chi1234.bin
openf___224_> Open           ${MODINSTALL9v19}/modlib/chi2.mdt
getdata_643_> Protein accepted:  5EDP_A
getdata_289_> Proteins (all/accepted):        1        1
make_re_422_> Number of previous, current restraints         :    10563    10756
make_re_423_> Number of previous, current selected restraints:    10273    10466
make_re_417_> Restraint type to be calculated:  chi3_dihedral

Dynamically allocated memory at   amaxstructure [B,KiB,MiB]:      2717045    2653.364     2.591
openf___224_> Open           ${MODINSTALL9v19}/modlib/chi1234.bin
openf___224_> Open           ${MODINSTALL9v19}/modlib/chi3.mdt
getdata_643_> Protein accepted:  5EDP_A
getdata_289_> Proteins (all/accepted):        1        1
make_re_422_> Number of previous, current restraints         :    10756    10847
make_re_423_> Number of previous, current selected restraints:    10466    10557
make_re_417_> Restraint type to be calculated:  chi4_dihedral

Dynamically allocated memory at   amaxstructure [B,KiB,MiB]:      2717045    2653.364     2.591
openf___224_> Open           ${MODINSTALL9v19}/modlib/chi1234.bin
openf___224_> Open           ${MODINSTALL9v19}/modlib/chi4.mdt
mdtrsr__446W> A potential that relies on one protein is used, yet you have at
              least one known structure available. MDT, not library, potential is used.
getdata_643_> Protein accepted:  5EDP_A
getdata_289_> Proteins (all/accepted):        1        1
make_re_422_> Number of previous, current restraints         :    10847    10885
make_re_423_> Number of previous, current selected restraints:    10557    10595
make_re_417_> Restraint type to be calculated:  DISTANCE

Dynamically allocated memory at amaxhash_contac [B,KiB,MiB]:      3358673    3279.954     3.203
make_re_422_> Number of previous, current restraints         :    10885    16037
make_re_423_> Number of previous, current selected restraints:    10595    15747
make_re_417_> Restraint type to be calculated:  DISTANCE

Dynamically allocated memory at  amaxrestraints [B,KiB,MiB]:      3620817    3535.954     3.453

Dynamically allocated memory at  amaxrestraints [B,KiB,MiB]:      3882961    3791.954     3.703

Dynamically allocated memory at  amaxrestraints [B,KiB,MiB]:      4407249    4303.954     4.203
make_re_422_> Number of previous, current restraints         :    16037    21246
make_re_423_> Number of previous, current selected restraints:    15747    20956
make_re_417_> Restraint type to be calculated:  DISTANCE

Dynamically allocated memory at  amaxrestraints [B,KiB,MiB]:      4669393    4559.954     4.453
make_re_422_> Number of previous, current restraints         :    21246    25372
make_re_423_> Number of previous, current selected restraints:    20956    25082
make_re_417_> Restraint type to be calculated:  DISTANCE
make_re_422_> Number of previous, current restraints         :    25372    28099
make_re_423_> Number of previous, current selected restraints:    25082    27809
0 atoms in HETATM/BLK residues constrained
to protein atoms within 2.30 angstroms
and protein CA atoms within 10.00 angstroms
make_re_417_> Restraint type to be calculated:  DISTANCE
make_re_422_> Number of previous, current restraints         :    28099    28099
make_re_423_> Number of previous, current selected restraints:    27809    27809
make_re_417_> Restraint type to be calculated:  DISTANCE
make_re_422_> Number of previous, current restraints         :    28099    28099
make_re_423_> Number of previous, current selected restraints:    27809    27809
make_re_417_> Restraint type to be calculated:  DISTANCE
make_re_422_> Number of previous, current restraints         :    28099    28099
make_re_423_> Number of previous, current selected restraints:    27809    27809
make_re_417_> Restraint type to be calculated:  DISTANCE
make_re_422_> Number of previous, current restraints         :    28099    28099
make_re_423_> Number of previous, current selected restraints:    27809    27809
0 atoms in residues without defined topology
constrained to be rigid bodies
make_re_417_> Restraint type to be calculated:  DISTANCE
make_re_422_> Number of previous, current restraints         :    28099    28099
make_re_423_> Number of previous, current selected restraints:    27809    27809
rmdupl__427_>     1740 redundant cosine dihedral restraints were unselected.
condens_443_> Restraints marked for deletion were removed.
              Total number of restraints before, now:    28099    26069
openf___224_> Open           5EDP_A_full.rsr
openf___224_> Open           5EDP_A_full.rsr

Dynamically allocated memory at  amaxrestraints [B,KiB,MiB]:      4712133    4601.692     4.494
rdcsr2__307_> Number of restraints read    :    26069
              Number of excluded pairs read:        0
              Number of pseudo atoms read  :        0
rdcsrs__304_> Restraints in memory, selected restraints:    26069    26069
              Explicitly excluded atom pairs in memory :        0
              Pseudo atoms in memory                   :        0
191 (of 2228 total) atoms selected for optimization
openf___224_> Open           5EDP_A_full.ini

Dynamically allocated memory at       amaxmodel [B,KiB,MiB]:      4712157    4601.716     4.494
read_mo_297_> Segments, residues, atoms:        1      277     2228
read_mo_298_> Segment:        1     1   277     2228
randomi_498_> Atoms,selected atoms,random_seed,amplitude:     2228      191        1        4.0000
randomi_496_> Amplitude is > 0; randomization is done.
pick_re_612_> Number of MODEL atoms, selected restraints;      191     1121
pick_re_612_> Number of MODEL atoms, selected restraints;      191     1225
pick_re_612_> Number of MODEL atoms, selected restraints;      191     1282
pick_re_612_> Number of MODEL atoms, selected restraints;      191     1338
pick_re_612_> Number of MODEL atoms, selected restraints;      191     1403
pick_re_612_> Number of MODEL atoms, selected restraints;      191     1565
pick_re_612_> Number of MODEL atoms, selected restraints;      191     1849
pick_re_612_> Number of MODEL atoms, selected restraints;      191     2084

Dynamically allocated memory at  amaxrestraints [B,KiB,MiB]:      5058209    4939.657     4.824
pick_re_612_> Number of MODEL atoms, selected restraints;      191     2127
pick_re_612_> Number of MODEL atoms, selected restraints;      191     2129
pick_re_612_> Number of MODEL atoms, selected restraints;      191     2129
iupac_m_486_> OE1/2 will be swapped:     -158.7449        7     7
iupac_m_486_> OE1/2 will be swapped:      146.6963        9     9
iupac_m_483_> CD1/2 CE1/2 swapped:       91.3551       21    21
iupac_m_397W> Atoms were not swapped because of the uncertainty of how to handle the H atom.
iupac_m_484W> Dihedral still outside +-90:      -90.2335
iupac_m_486_> OE1/2 will be swapped:     -103.2141       32    32
iupac_m_486_> OE1/2 will be swapped:      156.0307       34    34
iupac_m_486_> OE1/2 will be swapped:     -160.6801       44    44
iupac_m_487_> NH1/2 swapped:     -179.9657       46    46
iupac_m_486_> OE1/2 will be swapped:     -179.9720       47    47
iupac_m_486_> OE1/2 will be swapped:     -130.5359       56    56
iupac_m_483_> CD1/2 CE1/2 swapped:       90.7252       93    93
iupac_m_397W> Atoms were not swapped because of the uncertainty of how to handle the H atom.
iupac_m_486_> OE1/2 will be swapped:     -126.2076      102   102
iupac_m_486_> OE1/2 will be swapped:     -170.4447      127   127
iupac_m_486_> OE1/2 will be swapped:     -179.9720      163   163
iupac_m_486_> OE1/2 will be swapped:     -160.1847      166   166
iupac_m_486_> OE1/2 will be swapped:     -125.2546      170   170
iupac_m_487_> NH1/2 swapped:      179.8275      187   187
iupac_m_483_> CD1/2 CE1/2 swapped:      -90.0304      198   198
iupac_m_397W> Atoms were not swapped because of the uncertainty of how to handle the H atom.
iupac_m_484W> Dihedral still outside +-90:       91.6343
iupac_m_486_> OE1/2 will be swapped:       97.0123      204   204
iupac_m_486_> OE1/2 will be swapped:       99.8753      229   229
iupac_m_487_> NH1/2 swapped:     -179.3065      256   256
iupac_m_487_> NH1/2 swapped:      179.7413      260   260
iupac_m_486_> OE1/2 will be swapped:      115.9638      265   265
iupac_m_487_> NH1/2 swapped:     -179.7602      271   271
iupac_m_487_> NH1/2 swapped:     -178.5956      275   275


>> ENERGY; Differences between the model's features and restraints:
Number of all residues in MODEL                   :      277
Number of all, selected real atoms                :     2228     191
Number of all, selected pseudo atoms              :        0       0
Number of all static, selected restraints         :    26069    2129
COVALENT_CYS                                      :        F
NONBONDED_SEL_ATOMS                               :        1
Number of non-bonded pairs (excluding 1-2,1-3,1-4):      328
Dynamic pairs routine                             : 5, NATM_SEL x NATM double loop
Atomic shift for contacts update (UPDATE_DYNAMIC) :    0.390
LENNARD_JONES_SWITCH                              :    6.500   7.500
COULOMB_JONES_SWITCH                              :    6.500   7.500
RESIDUE_SPAN_RANGE                                :        0   99999
NLOGN_USE                                         :       15
CONTACT_SHELL                                     :    4.000
DYNAMIC_PAIRS,_SPHERE,_COULOMB,_LENNARD,_MODELLER :        T       T       F       F       F
SPHERE_STDV                                       :    0.050
RADII_FACTOR                                      :    0.820
Current energy                                    :         252.8806





Summary of the restraint violations: 

   NUM     ... number of restraints.
   NUMVI   ... number of restraints with RVIOL > VIOL_REPORT_CUT[i].
   RVIOL   ... relative difference from the best value.
   NUMVP   ... number of restraints with -Ln(pdf) > VIOL_REPORT_CUT2[i].
   RMS_1   ... RMS(feature, minimally_violated_basis_restraint, NUMB).
   RMS_2   ... RMS(feature, best_value, NUMB).
   MOL.PDF ... scaled contribution to -Ln(Molecular pdf).

 #                     RESTRAINT_GROUP      NUM   NUMVI  NUMVP   RMS_1   RMS_2         MOL.PDF     S_i
------------------------------------------------------------------------------------------------------
 1 Bond length potential              :     198       0      0   0.015   0.015      13.066       1.000
 2 Bond angle potential               :     268       1      3   2.757   2.757      43.492       1.000
 3 Stereochemical cosine torsion poten:     128       0      6  47.105  47.105      46.815       1.000
 4 Stereochemical improper torsion pot:      77       1      1   3.075   3.075      24.595       1.000
 5 Soft-sphere overlap restraints     :     328       0      0   0.003   0.003     0.33490       1.000
 6 Lennard-Jones 6-12 potential       :       0       0      0   0.000   0.000      0.0000       1.000
 7 Coulomb point-point electrostatic p:       0       0      0   0.000   0.000      0.0000       1.000
 8 H-bonding potential                :       0       0      0   0.000   0.000      0.0000       1.000
 9 Distance restraints 1 (CA-CA)      :     438       0      3   0.260   0.260      18.744       1.000
10 Distance restraints 2 (N-O)        :     417       0      1   0.184   0.184      11.961       1.000
11 Mainchain Phi dihedral restraints  :       0       0      0   0.000   0.000      0.0000       1.000
12 Mainchain Psi dihedral restraints  :       0       0      0   0.000   0.000      0.0000       1.000
13 Mainchain Omega dihedral restraints:      25       1      1   8.822   8.822      22.945       1.000
14 Sidechain Chi_1 dihedral restraints:      19       0      1  40.893  40.893      3.0558       1.000
15 Sidechain Chi_2 dihedral restraints:      18       0      0  64.327  64.327      4.1126       1.000
16 Sidechain Chi_3 dihedral restraints:      10       0      0 108.083 108.083      7.6590       1.000
17 Sidechain Chi_4 dihedral restraints:       6       0      0  65.847  65.847      3.9384       1.000
18 Disulfide distance restraints      :       0       0      0   0.000   0.000      0.0000       1.000
19 Disulfide angle restraints         :       0       0      0   0.000   0.000      0.0000       1.000
20 Disulfide dihedral angle restraints:       0       0      0   0.000   0.000      0.0000       1.000
21 Lower bound distance restraints    :       0       0      0   0.000   0.000      0.0000       1.000
22 Upper bound distance restraints    :       0       0      0   0.000   0.000      0.0000       1.000
23 Distance restraints 3 (SDCH-MNCH)  :     273       0      0   0.414   0.414      3.6291       1.000
24 Sidechain Chi_5 dihedral restraints:       0       0      0   0.000   0.000      0.0000       1.000
25 Phi/Psi pair of dihedral restraints:      27      11      7  42.155 111.340      34.681       1.000
26 Distance restraints 4 (SDCH-SDCH)  :     225       0      0   0.738   0.738      13.851       1.000
27 Distance restraints 5 (X-Y)        :       0       0      0   0.000   0.000      0.0000       1.000
28 NMR distance restraints 6 (X-Y)    :       0       0      0   0.000   0.000      0.0000       1.000
29 NMR distance restraints 7 (X-Y)    :       0       0      0   0.000   0.000      0.0000       1.000
30 Minimal distance restraints        :       0       0      0   0.000   0.000      0.0000       1.000
31 Non-bonded restraints              :       0       0      0   0.000   0.000      0.0000       1.000
32 Atomic accessibility restraints    :       0       0      0   0.000   0.000      0.0000       1.000
33 Atomic density restraints          :       0       0      0   0.000   0.000      0.0000       1.000
34 Absolute position restraints       :       0       0      0   0.000   0.000      0.0000       1.000
35 Dihedral angle difference restraint:       0       0      0   0.000   0.000      0.0000       1.000
36 GBSA implicit solvent potential    :       0       0      0   0.000   0.000      0.0000       1.000
37 EM density fitting potential       :       0       0      0   0.000   0.000      0.0000       1.000
38 SAXS restraints                    :       0       0      0   0.000   0.000      0.0000       1.000
39 Symmetry restraints                :       0       0      0   0.000   0.000      0.0000       1.000



openf___224_> Open           5EDP_A_full.V99990001
# Heavy relative violation of each residue is written to: 5EDP_A_full.V99990001
# The profile is NOT normalized by the number of restraints.
# The profiles are smoothed over a window of residues:    1
# The sum of all numbers in the file:    4233.2095



List of the violated restraints:
   A restraint is violated when the relative difference
   from the best value (RVIOL) is larger than CUTOFF.

   ICSR   ... index of a restraint in the current set.
   RESNO  ... residue numbers of the first two atoms.
   ATM    ... IUPAC atom names of the first two atoms.
   FEAT   ... the value of the feature in the model.
   restr  ... the mean of the basis restraint with the smallest
              difference from the model (local minimum).
   viol   ... difference from the local minimum.
   rviol  ... relative difference from the local minimum.
   RESTR  ... the best value (global minimum).
   VIOL   ... difference from the best value.
   RVIOL  ... relative difference from the best value.


-------------------------------------------------------------------------------------------------

Feature  4                           : Stereochemical improper torsion potentia
List of the RVIOL violations larger than   :       4.5000

    #   ICSR  RESNO1/2 ATM1/2   INDATM1/2    FEAT   restr    viol   rviol   RESTR    VIOL   RVIOL
    1   7345 163E 163E C   CA   1291 1285   24.14    0.00   24.14    8.49    0.00   24.14    8.49

-------------------------------------------------------------------------------------------------

Feature 13                           : Mainchain Omega dihedral restraints     
List of the RVIOL violations larger than   :       4.5000

    #   ICSR  RESNO1/2 ATM1/2   INDATM1/2    FEAT   restr    viol   rviol   RESTR    VIOL   RVIOL
    1   8176 163E 163E CA  C    1285 1291 -145.17 -180.00   34.83    6.96 -180.00   34.83    6.96

-------------------------------------------------------------------------------------------------

Feature 25                           : Phi/Psi pair of dihedral restraints     
List of the RVIOL violations larger than   :       6.5000

    #   ICSR  RESNO1/2 ATM1/2   INDATM1/2    FEAT   restr    viol   rviol   RESTR    VIOL   RVIOL
    1   7900 162A 163E C   N    1282 1284 -179.98 -117.80   62.94    2.55  -63.60 -156.14   23.59
    1        163E 163E N   CA   1284 1285  127.07  136.80                  -40.30
    2   7901 163E 164E C   N    1291 1293   53.40  -63.60  146.38   25.13  -63.60  146.38   25.13
    2        164E 164E N   CA   1293 1294   47.66  -40.30                  -40.30
    3   7902 164E 165K C   N    1300 1302 -160.30 -118.00   69.46    2.59  -62.90  158.48   26.28
    3        165K 165K N   CA   1302 1303 -165.81  139.10                  -40.80
    4   7903 165K 166E C   N    1309 1311 -123.37 -117.80   56.76    2.74  -63.60  139.84   21.99
    4        166E 166E N   CA   1311 1312 -166.72  136.80                  -40.30
    5   7904 166E 167Y C   N    1318 1320 -138.85 -124.30   40.52    1.64  -63.50  161.97   29.36
    5        167Y 167Y N   CA   1320 1321  173.22  135.40                  -43.40
    6   7905 167Y 168H C   N    1330 1332 -165.60 -125.60   53.88    1.33  -63.20  175.73   28.45
    6        168H 168H N   CA   1332 1333  174.89  138.80                  -42.30
    7   7906 168H 169A C   N    1340 1342 -158.67 -134.00   38.38    1.28  -62.50  172.10   33.29
    7        169A 169A N   CA   1342 1343  176.39  147.00                  -40.90
    8   7907 169A 170E C   N    1345 1347 -135.54 -117.80   51.20    2.17  -63.60  152.85   24.38
    8        170E 170E N   CA   1347 1348 -175.17  136.80                  -40.30
    9   7908 170E 171G C   N    1354 1356 -162.76 -167.20    5.44    0.19   82.20 -155.36   14.92
    9        171G 171G N   CA   1356 1357  177.75  174.60                    8.50
   10   7909 171G 172G C   N    1358 1360 -175.68 -167.20    9.20    0.14   82.20 -161.99   14.13
   10        172G 172G N   CA   1360 1361  178.15  174.60                    8.50
   11   7910 172G 173K C   N    1362 1364  -72.72  -70.20   14.04    0.96   56.60  173.46   11.75
   11        173K 173K N   CA   1364 1365  154.20  140.40                   38.60


report______> Distribution of short non-bonded contacts:

  serious non-bonded atom clash:   370  379   2.130

DISTANCE1:  0.00 2.10 2.20 2.30 2.40 2.50 2.60 2.70 2.80 2.90 3.00 3.10 3.20 3.30 3.40
DISTANCE2:  2.10 2.20 2.30 2.40 2.50 2.60 2.70 2.80 2.90 3.00 3.10 3.20 3.30 3.40 3.50
FREQUENCY:     0    1    0    2    0    0    6   40   59   90  115  168  227  335  392


<< end of ENERGY.
openf___224_> Open           5EDP_A_full.B99990001.pdb
wrpdb___568_> Residues, atoms, selected atoms:      277     2228     2228

>> Summary of successfully produced models:
Filename                          molpdf
----------------------------------------
5EDP_A_full.B99990001.pdb      252.88058


Dynamically allocated memory at          finish [B,KiB,MiB]:      5058209    4939.657     4.824
Starting time                                            : 2018/02/20 13:03:52
Closing time                                             : 2018/02/20 13:04:00
Total CPU time [seconds]                                 :       7.65
