
                         MODELLER 9.19, 2017/07/19, r11078

     PROTEIN STRUCTURE MODELLING BY SATISFACTION OF SPATIAL RESTRAINTS


                     Copyright(c) 1989-2017 Andrej Sali
                            All Rights Reserved

                             Written by A. Sali
                               with help from
              B. Webb, M.S. Madhusudhan, M-Y. Shen, G.Q. Dong,
          M.A. Marti-Renom, N. Eswar, F. Alber, M. Topf, B. Oliva,
             A. Fiser, R. Sanchez, B. Yerkovich, A. Badretdinov,
                     F. Melo, J.P. Overington, E. Feyfant
                 University of California, San Francisco, USA
                    Rockefeller University, New York, USA
                      Harvard University, Cambridge, USA
                   Imperial Cancer Research Fund, London, UK
              Birkbeck College, University of London, London, UK


Kind, OS, HostName, Kernel, Processor: 4, Linux german-xps 4.14.6-041406-generic x86_64
Date and time of compilation         : 2017/07/19 15:03:51
MODELLER executable type             : x86_64-intel8
Job starting time (YY/MM/DD HH:MM:SS): 2018/02/20 13:01:09

openf___224_> Open           $(LIB)/restyp.lib
openf___224_> Open           ${MODINSTALL9v19}/modlib/resgrp.lib
rdresgr_266_> Number of residue groups:        2
openf___224_> Open           ${MODINSTALL9v19}/modlib/sstruc.lib

Dynamically allocated memory at   amaxlibraries [B,KiB,MiB]:       191566     187.076     0.183

Dynamically allocated memory at   amaxlibraries [B,KiB,MiB]:       192094     187.592     0.183
openf___224_> Open           ${MODINSTALL9v19}/modlib/resdih.lib

Dynamically allocated memory at   amaxlibraries [B,KiB,MiB]:       240694     235.053     0.230
rdrdih__263_> Number of dihedral angle types         :        9
              Maximal number of dihedral angle optima:        3
              Dihedral angle names                   :  Alph Phi Psi Omeg chi1 chi2 chi3 chi4 chi5
openf___224_> Open           ${MODINSTALL9v19}/modlib/radii.lib

Dynamically allocated memory at   amaxlibraries [B,KiB,MiB]:       253994     248.041     0.242
openf___224_> Open           ${MODINSTALL9v19}/modlib/radii14.lib
openf___224_> Open           ${MODINSTALL9v19}/modlib/af_mnchdef.lib
rdwilmo_274_> Mainchain residue conformation classes:  APBLE
openf___224_> Open           ${MODINSTALL9v19}/modlib/mnch.lib
rdclass_257_> Number of classes:        5
openf___224_> Open           ${MODINSTALL9v19}/modlib/mnch1.lib
openf___224_> Open           ${MODINSTALL9v19}/modlib/mnch2.lib
openf___224_> Open           ${MODINSTALL9v19}/modlib/mnch3.lib
openf___224_> Open           ${MODINSTALL9v19}/modlib/xs4.mat
rdrrwgh_268_> Number of residue types:       21
openf___224_> Open           /home/german/labo/18/egfr/model/3BEL_A/to_model_3BEL_A

Dynamically allocated memory at   amaxalignment [B,KiB,MiB]:       265487     259.265     0.253

Dynamically allocated memory at   amaxalignment [B,KiB,MiB]:       266937     260.681     0.255

Dynamically allocated memory at   amaxalignment [B,KiB,MiB]:       269837     263.513     0.257

Dynamically allocated memory at   amaxalignment [B,KiB,MiB]:       275637     269.177     0.263

Dynamically allocated memory at   amaxalignment [B,KiB,MiB]:       392693     383.489     0.375

Dynamically allocated memory at    amaxsequence [B,KiB,MiB]:       393809     384.579     0.376

Dynamically allocated memory at    amaxsequence [B,KiB,MiB]:       394913     385.657     0.377

Read the alignment from file       : /home/german/labo/18/egfr/model/3BEL_A/to_model_3BEL_A
Total number of alignment positions:   298

  #  Code        #_Res #_Segm PDB_code    Name
-------------------------------------------------------------------------------
  1     3BEL_A     280      1      3BEL_A
  2  3BEL_A_fu     277      1
check_a_343_> >> BEGINNING OF COMMAND
openf___224_> Open           ./3BEL_A.pdb

Dynamically allocated memory at amaxcoordinates [B,KiB,MiB]:       480638     469.373     0.458

Dynamically allocated memory at    amaxsequence [B,KiB,MiB]:       480638     469.373     0.458

Dynamically allocated memory at amaxcoordinates [B,KiB,MiB]:       480809     469.540     0.459

Dynamically allocated memory at amaxcoordinates [B,KiB,MiB]:       481659     470.370     0.459

Dynamically allocated memory at amaxcoordinates [B,KiB,MiB]:       482917     471.599     0.461

Dynamically allocated memory at amaxcoordinates [B,KiB,MiB]:       484821     473.458     0.462

Dynamically allocated memory at    amaxsequence [B,KiB,MiB]:       484821     473.458     0.462

Dynamically allocated memory at amaxcoordinates [B,KiB,MiB]:       484911     473.546     0.462

Dynamically allocated memory at amaxcoordinates [B,KiB,MiB]:       487767     476.335     0.465

Dynamically allocated memory at    amaxsequence [B,KiB,MiB]:       487767     476.335     0.465

Dynamically allocated memory at amaxcoordinates [B,KiB,MiB]:       487902     476.467     0.465

Dynamically allocated memory at amaxcoordinates [B,KiB,MiB]:       492186     480.650     0.469

Dynamically allocated memory at    amaxsequence [B,KiB,MiB]:       492186     480.650     0.469

Dynamically allocated memory at amaxcoordinates [B,KiB,MiB]:       492384     480.844     0.470

Dynamically allocated memory at amaxcoordinates [B,KiB,MiB]:       498810     487.119     0.476

Dynamically allocated memory at    amaxsequence [B,KiB,MiB]:       498810     487.119     0.476

Dynamically allocated memory at amaxcoordinates [B,KiB,MiB]:       499107     487.409     0.476

Dynamically allocated memory at amaxcoordinates [B,KiB,MiB]:       508729     496.806     0.485

Dynamically allocated memory at    amaxsequence [B,KiB,MiB]:       508729     496.806     0.485

Dynamically allocated memory at amaxcoordinates [B,KiB,MiB]:       509179     497.245     0.486

Dynamically allocated memory at amaxcoordinates [B,KiB,MiB]:       523629     511.356     0.499

Dynamically allocated memory at    amaxsequence [B,KiB,MiB]:       523629     511.356     0.499

Dynamically allocated memory at amaxcoordinates [B,KiB,MiB]:       524304     512.016     0.500

Dynamically allocated memory at amaxcoordinates [B,KiB,MiB]:       545962     533.166     0.521

Dynamically allocated memory at    amaxsequence [B,KiB,MiB]:       545962     533.166     0.521

Dynamically allocated memory at amaxcoordinates [B,KiB,MiB]:       546970     534.150     0.522

Dynamically allocated memory at amaxcoordinates [B,KiB,MiB]:       579474     565.893     0.553

Dynamically allocated memory at   amaxstructure [B,KiB,MiB]:       578961     565.392     0.552

check_ali___> Checking the sequence-structure alignment. 

Implied intrachain target CA(i)-CA(i+1) distances longer than  8.0 angstroms:

ALN_POS  TMPL  RID1  RID2  NAM1  NAM2     DIST
----------------------------------------------
    174     1  867   876      K     V   13.021
END OF TABLE
check_a_344_> << END OF COMMAND
openf___224_> Open           ${LIB}/top_heav.lib
read_to_681_> topology.submodel read from topology file:        3
openf___224_> Open           ${LIB}/par.lib

Dynamically allocated memory at  amaxparameters [B,KiB,MiB]:       718213     701.380     0.685

Dynamically allocated memory at  amaxparameters [B,KiB,MiB]:       719813     702.942     0.686

Dynamically allocated memory at  amaxparameters [B,KiB,MiB]:       723793     706.829     0.690

Dynamically allocated memory at  amaxparameters [B,KiB,MiB]:       725793     708.782     0.692

Dynamically allocated memory at  amaxparameters [B,KiB,MiB]:       728793     711.712     0.695

Dynamically allocated memory at  amaxparameters [B,KiB,MiB]:       733293     716.106     0.699

Dynamically allocated memory at  amaxparameters [B,KiB,MiB]:       738865     721.548     0.705

Dynamically allocated memory at  amaxparameters [B,KiB,MiB]:       741665     724.282     0.707

Dynamically allocated memory at  amaxparameters [B,KiB,MiB]:       745865     728.384     0.711

Dynamically allocated memory at  amaxparameters [B,KiB,MiB]:       752165     734.536     0.717

Dynamically allocated memory at  amaxparameters [B,KiB,MiB]:       754937     737.243     0.720

Dynamically allocated memory at  amaxparameters [B,KiB,MiB]:       756337     738.610     0.721
read_pa_232_> parameters    BONDS   ANGLS  DIHEDS IMPROPS    MODE
                              227     561     661     112       0

Dynamically allocated memory at       amaxmodel [B,KiB,MiB]:       799669     780.927     0.763

Dynamically allocated memory at       amaxmodel [B,KiB,MiB]:      1019385     995.493     0.972

Dynamically allocated memory at       amaxmodel [B,KiB,MiB]:      1052369    1027.704     1.004

mkilst______> segment topology constructed from sequence and RTF:
              segments residues atoms bonds angles dihedrals impropers:
                     1      277  2223  2273      0         0       925

Dynamically allocated memory at       amaxmodel [B,KiB,MiB]:      1147693    1120.794     1.095

patch_______> segment topology patched using RTF:     1  ;  LEU  ;  NTER
              segments residues atoms bonds angles dihedrals impropers:
                     1      277  2223  2273   3074      3654       925


Dynamically allocated memory at       amaxmodel [B,KiB,MiB]:      1239789    1210.731     1.182
patch_______> segment topology patched using RTF:   277  ;  LEU  ;  CTER
              segments residues atoms bonds angles dihedrals impropers:
                     1      277  2224  2274   3076      3656       926

genseg______> segment topology constructed from sequence and RTF:
              segments residues atoms bonds angles dihedrals impropers:
                     1      277  2224  2274   3076      3656       926
transfe_506_> MODEL is an average of all templates.
transfe_511_> Number of templates for coordinate transfer:        1
              After transferring coordinates of the equivalent template atoms,
              there are defined, undefined atoms in MODEL:     2085      139
openf___224_> Open           3BEL_A_full.ini
wrpdb___568_> Residues, atoms, selected atoms:      277     2224     2224
make_re_417_> Restraint type to be calculated:  stereo

Dynamically allocated memory at  amaxrestraints [B,KiB,MiB]:      1346838    1315.271     1.284

Dynamically allocated memory at  amaxrestraints [B,KiB,MiB]:      1355030    1323.271     1.292

Dynamically allocated memory at  amaxrestraints [B,KiB,MiB]:      1371414    1339.271     1.308

Dynamically allocated memory at  amaxrestraints [B,KiB,MiB]:      1404182    1371.271     1.339

Dynamically allocated memory at  amaxrestraints [B,KiB,MiB]:      1436950    1403.271     1.370

Dynamically allocated memory at  amaxrestraints [B,KiB,MiB]:      1502486    1467.271     1.433

Dynamically allocated memory at  amaxrestraints [B,KiB,MiB]:      1535254    1499.271     1.464

Dynamically allocated memory at  amaxrestraints [B,KiB,MiB]:      1568022    1531.271     1.495

Dynamically allocated memory at  amaxrestraints [B,KiB,MiB]:      1633558    1595.271     1.558

Dynamically allocated memory at  amaxrestraints [B,KiB,MiB]:      1764630    1723.271     1.683

Dynamically allocated memory at  amaxrestraints [B,KiB,MiB]:      1830166    1787.271     1.745

Dynamically allocated memory at  amaxrestraints [B,KiB,MiB]:      1895702    1851.271     1.808

Dynamically allocated memory at  amaxrestraints [B,KiB,MiB]:      2026774    1979.271     1.933

Dynamically allocated memory at  amaxrestraints [B,KiB,MiB]:      2288918    2235.271     2.183
r_stere_606_> Stereochemical restraints were constructed from RTF & PRMF.
              Added bond,angle,dihedral,improper restraints  :     2274    3076    3497     912
              Total number of restraints before, now         :        0     9759
make_re_422_> Number of previous, current restraints         :        0     9759
make_re_423_> Number of previous, current selected restraints:        0     9759
make_re_417_> Restraint type to be calculated:  phi-psi_binormal

Dynamically allocated memory at   amaxstructure [B,KiB,MiB]:      2449562    2392.150     2.336
openf___224_> Open           ${MODINSTALL9v19}/modlib/mnch1.bin
openf___224_> Open           ${MODINSTALL9v19}/modlib/mnch1.mdt
errdih__638_> Missing atoms in a dihedral, residue index, residue type:        5      280  GLU
errdih__638_> Missing atoms in a dihedral, residue index, residue type:        6      280  GLU
errdih__638_> Missing atoms in a dihedral, residue index, residue type:        7      280  GLU
getdata_643_> Protein accepted:  3BEL_A
getdata_289_> Proteins (all/accepted):        1        1

Dynamically allocated memory at  amaxrestraints [B,KiB,MiB]:      2580650    2520.166     2.461
make_re_422_> Number of previous, current restraints         :     9759    10034
make_re_423_> Number of previous, current selected restraints:     9759    10034
make_re_417_> Restraint type to be calculated:  omega_dihedral

Dynamically allocated memory at   amaxstructure [B,KiB,MiB]:      2580650    2520.166     2.461
openf___224_> Open           ${MODINSTALL9v19}/modlib/omega.bin
openf___224_> Open           ${MODINSTALL9v19}/modlib/omega.mdt
getdata_643_> Protein accepted:  3BEL_A
getdata_289_> Proteins (all/accepted):        1        1
omgdel__425_> Unselected all O C +N +CA dihedrals:      290
              (This is to avoid clashes between STEREO
              and OMEGA_DIHEDRAL restraints)
make_re_422_> Number of previous, current restraints         :    10034    10310
make_re_423_> Number of previous, current selected restraints:    10034    10020
make_re_417_> Restraint type to be calculated:  chi1_dihedral

Dynamically allocated memory at   amaxstructure [B,KiB,MiB]:      2580650    2520.166     2.461
openf___224_> Open           ${MODINSTALL9v19}/modlib/chi1234.bin
openf___224_> Open           ${MODINSTALL9v19}/modlib/chi1.mdt
getdata_643_> Protein accepted:  3BEL_A
getdata_289_> Proteins (all/accepted):        1        1

Dynamically allocated memory at  amaxrestraints [B,KiB,MiB]:      2711722    2648.166     2.586
make_re_422_> Number of previous, current restraints         :    10310    10554
make_re_423_> Number of previous, current selected restraints:    10020    10264
make_re_417_> Restraint type to be calculated:  chi2_dihedral

Dynamically allocated memory at   amaxstructure [B,KiB,MiB]:      2711722    2648.166     2.586
openf___224_> Open           ${MODINSTALL9v19}/modlib/chi1234.bin
openf___224_> Open           ${MODINSTALL9v19}/modlib/chi2.mdt
getdata_643_> Protein accepted:  3BEL_A
getdata_289_> Proteins (all/accepted):        1        1
make_re_422_> Number of previous, current restraints         :    10554    10746
make_re_423_> Number of previous, current selected restraints:    10264    10456
make_re_417_> Restraint type to be calculated:  chi3_dihedral

Dynamically allocated memory at   amaxstructure [B,KiB,MiB]:      2711722    2648.166     2.586
openf___224_> Open           ${MODINSTALL9v19}/modlib/chi1234.bin
openf___224_> Open           ${MODINSTALL9v19}/modlib/chi3.mdt
getdata_643_> Protein accepted:  3BEL_A
getdata_289_> Proteins (all/accepted):        1        1
make_re_422_> Number of previous, current restraints         :    10746    10835
make_re_423_> Number of previous, current selected restraints:    10456    10545
make_re_417_> Restraint type to be calculated:  chi4_dihedral

Dynamically allocated memory at   amaxstructure [B,KiB,MiB]:      2711722    2648.166     2.586
openf___224_> Open           ${MODINSTALL9v19}/modlib/chi1234.bin
openf___224_> Open           ${MODINSTALL9v19}/modlib/chi4.mdt
mdtrsr__446W> A potential that relies on one protein is used, yet you have at
              least one known structure available. MDT, not library, potential is used.
getdata_643_> Protein accepted:  3BEL_A
getdata_289_> Proteins (all/accepted):        1        1
make_re_422_> Number of previous, current restraints         :    10835    10872
make_re_423_> Number of previous, current selected restraints:    10545    10582
make_re_417_> Restraint type to be calculated:  DISTANCE

Dynamically allocated memory at amaxhash_contac [B,KiB,MiB]:      3352198    3273.631     3.197
make_re_422_> Number of previous, current restraints         :    10872    16182
make_re_423_> Number of previous, current selected restraints:    10582    15892
make_re_417_> Restraint type to be calculated:  DISTANCE

Dynamically allocated memory at  amaxrestraints [B,KiB,MiB]:      3614342    3529.631     3.447

Dynamically allocated memory at  amaxrestraints [B,KiB,MiB]:      3876486    3785.631     3.697

Dynamically allocated memory at  amaxrestraints [B,KiB,MiB]:      4400774    4297.631     4.197
make_re_422_> Number of previous, current restraints         :    16182    21437
make_re_423_> Number of previous, current selected restraints:    15892    21147
make_re_417_> Restraint type to be calculated:  DISTANCE

Dynamically allocated memory at  amaxrestraints [B,KiB,MiB]:      4662918    4553.631     4.447
make_re_422_> Number of previous, current restraints         :    21437    25667
make_re_423_> Number of previous, current selected restraints:    21147    25377
make_re_417_> Restraint type to be calculated:  DISTANCE
make_re_422_> Number of previous, current restraints         :    25667    28349
make_re_423_> Number of previous, current selected restraints:    25377    28059
0 atoms in HETATM/BLK residues constrained
to protein atoms within 2.30 angstroms
and protein CA atoms within 10.00 angstroms
make_re_417_> Restraint type to be calculated:  DISTANCE
make_re_422_> Number of previous, current restraints         :    28349    28349
make_re_423_> Number of previous, current selected restraints:    28059    28059
make_re_417_> Restraint type to be calculated:  DISTANCE
make_re_422_> Number of previous, current restraints         :    28349    28349
make_re_423_> Number of previous, current selected restraints:    28059    28059
make_re_417_> Restraint type to be calculated:  DISTANCE
make_re_422_> Number of previous, current restraints         :    28349    28349
make_re_423_> Number of previous, current selected restraints:    28059    28059
make_re_417_> Restraint type to be calculated:  DISTANCE
make_re_422_> Number of previous, current restraints         :    28349    28349
make_re_423_> Number of previous, current selected restraints:    28059    28059
0 atoms in residues without defined topology
constrained to be rigid bodies
make_re_417_> Restraint type to be calculated:  DISTANCE
make_re_422_> Number of previous, current restraints         :    28349    28349
make_re_423_> Number of previous, current selected restraints:    28059    28059
rmdupl__427_>     1736 redundant cosine dihedral restraints were unselected.
condens_443_> Restraints marked for deletion were removed.
              Total number of restraints before, now:    28349    26323
openf___224_> Open           3BEL_A_full.rsr
openf___224_> Open           3BEL_A_full.rsr

Dynamically allocated memory at  amaxrestraints [B,KiB,MiB]:      4710489    4600.087     4.492
rdcsr2__307_> Number of restraints read    :    26323
              Number of excluded pairs read:        0
              Number of pseudo atoms read  :        0
rdcsrs__304_> Restraints in memory, selected restraints:    26323    26323
              Explicitly excluded atom pairs in memory :        0
              Pseudo atoms in memory                   :        0
142 (of 2224 total) atoms selected for optimization
openf___224_> Open           3BEL_A_full.ini

Dynamically allocated memory at       amaxmodel [B,KiB,MiB]:      4710513    4600.110     4.492
read_mo_297_> Segments, residues, atoms:        1      277     2224
read_mo_298_> Segment:        1     1   277     2224
randomi_498_> Atoms,selected atoms,random_seed,amplitude:     2224      142        1        4.0000
randomi_496_> Amplitude is > 0; randomization is done.
pick_re_612_> Number of MODEL atoms, selected restraints;      142      640
pick_re_612_> Number of MODEL atoms, selected restraints;      142      654
pick_re_612_> Number of MODEL atoms, selected restraints;      142      665
pick_re_612_> Number of MODEL atoms, selected restraints;      142      681
pick_re_612_> Number of MODEL atoms, selected restraints;      142      704
pick_re_612_> Number of MODEL atoms, selected restraints;      142      719
pick_re_612_> Number of MODEL atoms, selected restraints;      142      722
pick_re_612_> Number of MODEL atoms, selected restraints;      142      786

Dynamically allocated memory at  amaxrestraints [B,KiB,MiB]:      5056469    4937.958     4.822
pick_re_612_> Number of MODEL atoms, selected restraints;      142      791
pick_re_612_> Number of MODEL atoms, selected restraints;      142      791
pick_re_612_> Number of MODEL atoms, selected restraints;      142      791
iupac_m_486_> OE1/2 will be swapped:     -175.0180        7     7
iupac_m_483_> CD1/2 CE1/2 swapped:      -94.2395       25    25
iupac_m_397W> Atoms were not swapped because of the uncertainty of how to handle the H atom.
iupac_m_486_> OE1/2 will be swapped:      179.9802       32    32
iupac_m_486_> OE1/2 will be swapped:     -179.2772       44    44
iupac_m_487_> NH1/2 swapped:      179.9558       46    46
iupac_m_486_> OE1/2 will be swapped:      175.8848       60    60
iupac_m_487_> NH1/2 swapped:     -179.9558      101   101
iupac_m_486_> OE1/2 will be swapped:      173.9495      127   127
iupac_m_487_> NH1/2 swapped:      179.7421      129   129
iupac_m_486_> OE1/2 will be swapped:      172.1140      164   164
iupac_m_486_> OE1/2 will be swapped:      151.3160      166   166
iupac_m_483_> CD1/2 CE1/2 swapped:       96.1588      213   213
iupac_m_397W> Atoms were not swapped because of the uncertainty of how to handle the H atom.
iupac_m_486_> OE1/2 will be swapped:     -175.4264      220   220
iupac_m_483_> CD1/2 CE1/2 swapped:      118.4310      259   259
iupac_m_397W> Atoms were not swapped because of the uncertainty of how to handle the H atom.
iupac_m_483_> CD1/2 CE1/2 swapped:       97.0745      276   276
iupac_m_397W> Atoms were not swapped because of the uncertainty of how to handle the H atom.


>> ENERGY; Differences between the model's features and restraints:
Number of all residues in MODEL                   :      277
Number of all, selected real atoms                :     2224     142
Number of all, selected pseudo atoms              :        0       0
Number of all static, selected restraints         :    26323     791
COVALENT_CYS                                      :        F
NONBONDED_SEL_ATOMS                               :        1
Number of non-bonded pairs (excluding 1-2,1-3,1-4):      240
Dynamic pairs routine                             : 5, NATM_SEL x NATM double loop
Atomic shift for contacts update (UPDATE_DYNAMIC) :    0.390
LENNARD_JONES_SWITCH                              :    6.500   7.500
COULOMB_JONES_SWITCH                              :    6.500   7.500
RESIDUE_SPAN_RANGE                                :        0   99999
NLOGN_USE                                         :       15
CONTACT_SHELL                                     :    4.000
DYNAMIC_PAIRS,_SPHERE,_COULOMB,_LENNARD,_MODELLER :        T       T       F       F       F
SPHERE_STDV                                       :    0.050
RADII_FACTOR                                      :    0.820
Current energy                                    :         337.9245





Summary of the restraint violations: 

   NUM     ... number of restraints.
   NUMVI   ... number of restraints with RVIOL > VIOL_REPORT_CUT[i].
   RVIOL   ... relative difference from the best value.
   NUMVP   ... number of restraints with -Ln(pdf) > VIOL_REPORT_CUT2[i].
   RMS_1   ... RMS(feature, minimally_violated_basis_restraint, NUMB).
   RMS_2   ... RMS(feature, best_value, NUMB).
   MOL.PDF ... scaled contribution to -Ln(Molecular pdf).

 #                     RESTRAINT_GROUP      NUM   NUMVI  NUMVP   RMS_1   RMS_2         MOL.PDF     S_i
------------------------------------------------------------------------------------------------------
 1 Bond length potential              :     148       0      0   0.014   0.014      8.9043       1.000
 2 Bond angle potential               :     203       1      3   3.549   3.549      52.546       1.000
 3 Stereochemical cosine torsion poten:      85       0      9  60.508  60.508      46.677       1.000
 4 Stereochemical improper torsion pot:      59       1      2   3.453   3.453      23.365       1.000
 5 Soft-sphere overlap restraints     :     240       0      0   0.005   0.005     0.66636       1.000
 6 Lennard-Jones 6-12 potential       :       0       0      0   0.000   0.000      0.0000       1.000
 7 Coulomb point-point electrostatic p:       0       0      0   0.000   0.000      0.0000       1.000
 8 H-bonding potential                :       0       0      0   0.000   0.000      0.0000       1.000
 9 Distance restraints 1 (CA-CA)      :      62       2      5   1.320   1.320      36.445       1.000
10 Distance restraints 2 (N-O)        :      73       3      6   1.650   1.650      38.770       1.000
11 Mainchain Phi dihedral restraints  :       0       0      0   0.000   0.000      0.0000       1.000
12 Mainchain Psi dihedral restraints  :       0       0      0   0.000   0.000      0.0000       1.000
13 Mainchain Omega dihedral restraints:      22       2      2  38.951  38.951      20.321       1.000
14 Sidechain Chi_1 dihedral restraints:      14       0      0  68.013  68.013      2.1388       1.000
15 Sidechain Chi_2 dihedral restraints:      11       0      0  83.672  83.672      3.7633       1.000
16 Sidechain Chi_3 dihedral restraints:       8       0      0 106.328 106.328      6.9922       1.000
17 Sidechain Chi_4 dihedral restraints:       3       0      0  72.330  72.330      1.6853       1.000
18 Disulfide distance restraints      :       0       0      0   0.000   0.000      0.0000       1.000
19 Disulfide angle restraints         :       0       0      0   0.000   0.000      0.0000       1.000
20 Disulfide dihedral angle restraints:       0       0      0   0.000   0.000      0.0000       1.000
21 Lower bound distance restraints    :       0       0      0   0.000   0.000      0.0000       1.000
22 Upper bound distance restraints    :       0       0      0   0.000   0.000      0.0000       1.000
23 Distance restraints 3 (SDCH-MNCH)  :      53       0      0   0.494   0.494     0.25118       1.000
24 Sidechain Chi_5 dihedral restraints:       0       0      0   0.000   0.000      0.0000       1.000
25 Phi/Psi pair of dihedral restraints:      25      18     13  67.423 152.438      88.399       1.000
26 Distance restraints 4 (SDCH-SDCH)  :      25       0      2   1.527   1.527      7.0003       1.000
27 Distance restraints 5 (X-Y)        :       0       0      0   0.000   0.000      0.0000       1.000
28 NMR distance restraints 6 (X-Y)    :       0       0      0   0.000   0.000      0.0000       1.000
29 NMR distance restraints 7 (X-Y)    :       0       0      0   0.000   0.000      0.0000       1.000
30 Minimal distance restraints        :       0       0      0   0.000   0.000      0.0000       1.000
31 Non-bonded restraints              :       0       0      0   0.000   0.000      0.0000       1.000
32 Atomic accessibility restraints    :       0       0      0   0.000   0.000      0.0000       1.000
33 Atomic density restraints          :       0       0      0   0.000   0.000      0.0000       1.000
34 Absolute position restraints       :       0       0      0   0.000   0.000      0.0000       1.000
35 Dihedral angle difference restraint:       0       0      0   0.000   0.000      0.0000       1.000
36 GBSA implicit solvent potential    :       0       0      0   0.000   0.000      0.0000       1.000
37 EM density fitting potential       :       0       0      0   0.000   0.000      0.0000       1.000
38 SAXS restraints                    :       0       0      0   0.000   0.000      0.0000       1.000
39 Symmetry restraints                :       0       0      0   0.000   0.000      0.0000       1.000



openf___224_> Open           3BEL_A_full.V99990001
# Heavy relative violation of each residue is written to: 3BEL_A_full.V99990001
# The profile is NOT normalized by the number of restraints.
# The profiles are smoothed over a window of residues:    1
# The sum of all numbers in the file:    5316.6084



List of the violated restraints:
   A restraint is violated when the relative difference
   from the best value (RVIOL) is larger than CUTOFF.

   ICSR   ... index of a restraint in the current set.
   RESNO  ... residue numbers of the first two atoms.
   ATM    ... IUPAC atom names of the first two atoms.
   FEAT   ... the value of the feature in the model.
   restr  ... the mean of the basis restraint with the smallest
              difference from the model (local minimum).
   viol   ... difference from the local minimum.
   rviol  ... relative difference from the local minimum.
   RESTR  ... the best value (global minimum).
   VIOL   ... difference from the best value.
   RVIOL  ... relative difference from the best value.


-------------------------------------------------------------------------------------------------

Feature  4                           : Stereochemical improper torsion potentia
List of the RVIOL violations larger than   :       4.5000

    #   ICSR  RESNO1/2 ATM1/2   INDATM1/2    FEAT   restr    viol   rviol   RESTR    VIOL   RVIOL
    1   6922  32E  32E C   CA    256  250   21.90    0.00   21.90    7.71    0.00   21.90    7.71

-------------------------------------------------------------------------------------------------

Feature  9                           : Distance restraints 1 (CA-CA)           
List of the RVIOL violations larger than   :       4.5000

    #   ICSR  RESNO1/2 ATM1/2   INDATM1/2    FEAT   restr    viol   rviol   RESTR    VIOL   RVIOL
    1  12502 173K 186H CA  CA   1361 1467   13.75   10.63    3.12    4.91   10.63    3.12    4.91

-------------------------------------------------------------------------------------------------

Feature 10                           : Distance restraints 2 (N-O)             
List of the RVIOL violations larger than   :       4.5000

    #   ICSR  RESNO1/2 ATM1/2   INDATM1/2    FEAT   restr    viol   rviol   RESTR    VIOL   RVIOL
    1  17275 173K 186H N   O    1360 1475   12.70    9.00    3.71    5.58    9.00    3.71    5.58
    2  17276 173K 187R N   O    1360 1486   12.00    9.04    2.96    4.95    9.04    2.96    4.95
    3  17560 187R 173K N   O    1476 1368   13.99   10.77    3.22    5.11   10.77    3.22    5.11

-------------------------------------------------------------------------------------------------

Feature 13                           : Mainchain Omega dihedral restraints     
List of the RVIOL violations larger than   :       4.5000

    #   ICSR  RESNO1/2 ATM1/2   INDATM1/2    FEAT   restr    viol   rviol   RESTR    VIOL   RVIOL
    1   8040  32E  32E CA  C     250  256 -147.40 -180.00   32.60    6.52 -180.00   32.60    6.52

-------------------------------------------------------------------------------------------------

Feature 25                           : Phi/Psi pair of dihedral restraints     
List of the RVIOL violations larger than   :       6.5000

    #   ICSR  RESNO1/2 ATM1/2   INDATM1/2    FEAT   restr    viol   rviol   RESTR    VIOL   RVIOL
    1   7764  31P  32E C   N     247  249  179.98 -117.80   62.47    2.43  -63.60 -152.66   23.98
    1         32E  32E N   CA    249  250  131.27  136.80                  -40.30
    2   7766  33G  34E C   N     260  262  154.57 -117.80   88.79    2.93  -63.60 -139.64   36.86
    2         34E  34E N   CA    262  263  151.05  136.80                  -40.30
    3   7767  34E  35K C   N     269  271  156.37 -118.00   96.02    3.18  -62.90 -163.83   33.46
    3         35K  35K N   CA    271  272 -177.46  139.10                  -40.80
    4   7778  45L  46R C   N     355  357 -180.00 -125.20   58.46    1.87  -63.00 -163.45   34.20
    4         46R  46R N   CA    357  358  160.97  140.60                  -41.10
    5   7779  46R  47E C   N     366  368  132.99 -117.80  138.10    4.17  -63.60 -169.26   32.82
    5         47E  47E N   CA    368  369 -138.67  136.80                  -40.30
    6   7780  47E  48A C   N     375  377  -70.22  -68.20   15.62    1.19  -62.50  158.50   26.36
    6         48A  48A N   CA    377  378  160.79  145.30                  -40.90
    7   7781  48A  49T C   N     380  382 -130.87 -124.80   18.03    0.61  -63.20  171.36   26.42
    7         49T  49T N   CA    382  383  160.47  143.50                  -42.10
    8   7782  49T  50S C   N     387  389 -127.37 -136.60   10.71    0.33  -64.10 -169.93   18.21
    8         50S  50S N   CA    389  390  145.77  151.20                  -35.00
    9   7783  50S  51P C   N     393  395  -63.29  -58.70   17.21    1.80  -64.50  165.73   12.43
    9         51P  51P N   CA    395  396  -47.08  -30.50                  147.20
   10   7784  51P  52K C   N     400  402 -162.98 -118.00  128.66    6.64 -118.00  128.66    6.64
   10         52K  52K N   CA    402  403   18.56  139.10                  139.10
   11   7785  52K  53A C   N     409  411  -82.20  -62.50   53.87    8.13  -62.50   53.87    8.13
   11         53A  53A N   CA    411  412    9.24  -40.90                  -40.90
   12   7897 164E 165K C   N    1296 1298  179.98 -118.00   73.09    2.43  -62.90 -176.38   30.66
   12        165K 165K N   CA   1298 1299  177.78  139.10                  -40.80
   13   7898 165K 166E C   N    1305 1307 -139.46 -117.80   43.76    1.67  -63.60  163.54   26.03
   13        166E 166E N   CA   1307 1308  174.82  136.80                  -40.30
   14   7899 166E 167Y C   N    1314 1316  -91.92  -98.40   55.52    5.90  -63.50  120.08   17.69
   14        167Y 167Y N   CA   1316 1317   73.26  128.40                  -43.40
   15   7900 167Y 168H C   N    1326 1328 -172.84 -125.60   62.92    1.55  -63.20  175.73   28.83
   15        168H 168H N   CA   1328 1329 -179.64  138.80                  -42.30
   16   7901 168H 169A C   N    1336 1338  -64.49  -68.20   17.27    1.26  -62.50  169.35   27.66
   16        169A 169A N   CA   1338 1339  128.44  145.30                  -40.90
   17   7902 169A 170E C   N    1341 1343 -164.46 -117.80   55.78    1.64  -63.60 -177.30   29.86
   17        170E 170E N   CA   1343 1344  167.36  136.80                  -40.30
   18   7904 171G 172G C   N    1354 1356  -67.42  -80.20   35.89    0.88   82.20 -160.44    6.71
   18        172G 172G N   CA   1356 1357  140.56  174.10                    8.50


report______> Distribution of short non-bonded contacts:


DISTANCE1:  0.00 2.10 2.20 2.30 2.40 2.50 2.60 2.70 2.80 2.90 3.00 3.10 3.20 3.30 3.40
DISTANCE2:  2.10 2.20 2.30 2.40 2.50 2.60 2.70 2.80 2.90 3.00 3.10 3.20 3.30 3.40 3.50
FREQUENCY:     0    0    0    0    1    3   16   47   87  136  174  164  265  284  370


<< end of ENERGY.
openf___224_> Open           3BEL_A_full.B99990001.pdb
wrpdb___568_> Residues, atoms, selected atoms:      277     2224     2224

>> Summary of successfully produced models:
Filename                          molpdf
----------------------------------------
3BEL_A_full.B99990001.pdb      337.92447


Dynamically allocated memory at          finish [B,KiB,MiB]:      5056469    4937.958     4.822
Starting time                                            : 2018/02/20 13:01:09
Closing time                                             : 2018/02/20 13:01:15
Total CPU time [seconds]                                 :       5.34
