
                         MODELLER 9.19, 2017/07/19, r11078

     PROTEIN STRUCTURE MODELLING BY SATISFACTION OF SPATIAL RESTRAINTS


                     Copyright(c) 1989-2017 Andrej Sali
                            All Rights Reserved

                             Written by A. Sali
                               with help from
              B. Webb, M.S. Madhusudhan, M-Y. Shen, G.Q. Dong,
          M.A. Marti-Renom, N. Eswar, F. Alber, M. Topf, B. Oliva,
             A. Fiser, R. Sanchez, B. Yerkovich, A. Badretdinov,
                     F. Melo, J.P. Overington, E. Feyfant
                 University of California, San Francisco, USA
                    Rockefeller University, New York, USA
                      Harvard University, Cambridge, USA
                   Imperial Cancer Research Fund, London, UK
              Birkbeck College, University of London, London, UK


Kind, OS, HostName, Kernel, Processor: 4, Linux german-xps 4.14.6-041406-generic x86_64
Date and time of compilation         : 2017/07/19 15:03:51
MODELLER executable type             : x86_64-intel8
Job starting time (YY/MM/DD HH:MM:SS): 2018/02/20 13:02:43

openf___224_> Open           $(LIB)/restyp.lib
openf___224_> Open           ${MODINSTALL9v19}/modlib/resgrp.lib
rdresgr_266_> Number of residue groups:        2
openf___224_> Open           ${MODINSTALL9v19}/modlib/sstruc.lib

Dynamically allocated memory at   amaxlibraries [B,KiB,MiB]:       191566     187.076     0.183

Dynamically allocated memory at   amaxlibraries [B,KiB,MiB]:       192094     187.592     0.183
openf___224_> Open           ${MODINSTALL9v19}/modlib/resdih.lib

Dynamically allocated memory at   amaxlibraries [B,KiB,MiB]:       240694     235.053     0.230
rdrdih__263_> Number of dihedral angle types         :        9
              Maximal number of dihedral angle optima:        3
              Dihedral angle names                   :  Alph Phi Psi Omeg chi1 chi2 chi3 chi4 chi5
openf___224_> Open           ${MODINSTALL9v19}/modlib/radii.lib

Dynamically allocated memory at   amaxlibraries [B,KiB,MiB]:       253994     248.041     0.242
openf___224_> Open           ${MODINSTALL9v19}/modlib/radii14.lib
openf___224_> Open           ${MODINSTALL9v19}/modlib/af_mnchdef.lib
rdwilmo_274_> Mainchain residue conformation classes:  APBLE
openf___224_> Open           ${MODINSTALL9v19}/modlib/mnch.lib
rdclass_257_> Number of classes:        5
openf___224_> Open           ${MODINSTALL9v19}/modlib/mnch1.lib
openf___224_> Open           ${MODINSTALL9v19}/modlib/mnch2.lib
openf___224_> Open           ${MODINSTALL9v19}/modlib/mnch3.lib
openf___224_> Open           ${MODINSTALL9v19}/modlib/xs4.mat
rdrrwgh_268_> Number of residue types:       21
openf___224_> Open           /home/german/labo/18/egfr/model/4R3P_A/to_model_4R3P_A

Dynamically allocated memory at   amaxalignment [B,KiB,MiB]:       265487     259.265     0.253

Dynamically allocated memory at   amaxalignment [B,KiB,MiB]:       266937     260.681     0.255

Dynamically allocated memory at   amaxalignment [B,KiB,MiB]:       269837     263.513     0.257

Dynamically allocated memory at   amaxalignment [B,KiB,MiB]:       275637     269.177     0.263

Dynamically allocated memory at   amaxalignment [B,KiB,MiB]:       392693     383.489     0.375

Dynamically allocated memory at    amaxsequence [B,KiB,MiB]:       393929     384.696     0.376

Dynamically allocated memory at    amaxsequence [B,KiB,MiB]:       395033     385.774     0.377

Read the alignment from file       : /home/german/labo/18/egfr/model/4R3P_A/to_model_4R3P_A
Total number of alignment positions:   310

  #  Code        #_Res #_Segm PDB_code    Name
-------------------------------------------------------------------------------
  1     4R3P_A     310      1      4R3P_A
  2  4R3P_A_fu     277      1
check_a_343_> >> BEGINNING OF COMMAND
openf___224_> Open           ./4R3P_A.pdb

Dynamically allocated memory at amaxcoordinates [B,KiB,MiB]:       489758     478.279     0.467

Dynamically allocated memory at    amaxsequence [B,KiB,MiB]:       489758     478.279     0.467

Dynamically allocated memory at amaxcoordinates [B,KiB,MiB]:       489929     478.446     0.467

Dynamically allocated memory at amaxcoordinates [B,KiB,MiB]:       490779     479.276     0.468

Dynamically allocated memory at amaxcoordinates [B,KiB,MiB]:       492037     480.505     0.469

Dynamically allocated memory at amaxcoordinates [B,KiB,MiB]:       493941     482.364     0.471

Dynamically allocated memory at    amaxsequence [B,KiB,MiB]:       493941     482.364     0.471

Dynamically allocated memory at amaxcoordinates [B,KiB,MiB]:       494031     482.452     0.471

Dynamically allocated memory at amaxcoordinates [B,KiB,MiB]:       496887     485.241     0.474

Dynamically allocated memory at    amaxsequence [B,KiB,MiB]:       496887     485.241     0.474

Dynamically allocated memory at amaxcoordinates [B,KiB,MiB]:       497022     485.373     0.474

Dynamically allocated memory at amaxcoordinates [B,KiB,MiB]:       501306     489.557     0.478

Dynamically allocated memory at    amaxsequence [B,KiB,MiB]:       501306     489.557     0.478

Dynamically allocated memory at amaxcoordinates [B,KiB,MiB]:       501504     489.750     0.478

Dynamically allocated memory at amaxcoordinates [B,KiB,MiB]:       507930     496.025     0.484

Dynamically allocated memory at    amaxsequence [B,KiB,MiB]:       507930     496.025     0.484

Dynamically allocated memory at amaxcoordinates [B,KiB,MiB]:       508227     496.315     0.485

Dynamically allocated memory at amaxcoordinates [B,KiB,MiB]:       517849     505.712     0.494

Dynamically allocated memory at    amaxsequence [B,KiB,MiB]:       517849     505.712     0.494

Dynamically allocated memory at amaxcoordinates [B,KiB,MiB]:       518299     506.151     0.494

Dynamically allocated memory at amaxcoordinates [B,KiB,MiB]:       532749     520.263     0.508

Dynamically allocated memory at    amaxsequence [B,KiB,MiB]:       532749     520.263     0.508

Dynamically allocated memory at amaxcoordinates [B,KiB,MiB]:       533424     520.922     0.509

Dynamically allocated memory at amaxcoordinates [B,KiB,MiB]:       555082     542.072     0.529

Dynamically allocated memory at    amaxsequence [B,KiB,MiB]:       555082     542.072     0.529

Dynamically allocated memory at amaxcoordinates [B,KiB,MiB]:       556090     543.057     0.530

Dynamically allocated memory at amaxcoordinates [B,KiB,MiB]:       588594     574.799     0.561

Dynamically allocated memory at   amaxstructure [B,KiB,MiB]:       588351     574.562     0.561

check_ali___> Checking the sequence-structure alignment. 

Implied intrachain target CA(i)-CA(i+1) distances longer than  8.0 angstroms:

ALN_POS  TMPL  RID1  RID2  NAM1  NAM2     DIST
----------------------------------------------
END OF TABLE
check_a_344_> << END OF COMMAND
openf___224_> Open           ${LIB}/top_heav.lib
read_to_681_> topology.submodel read from topology file:        3
openf___224_> Open           ${LIB}/par.lib

Dynamically allocated memory at  amaxparameters [B,KiB,MiB]:       727603     710.550     0.694

Dynamically allocated memory at  amaxparameters [B,KiB,MiB]:       729203     712.112     0.695

Dynamically allocated memory at  amaxparameters [B,KiB,MiB]:       733183     715.999     0.699

Dynamically allocated memory at  amaxparameters [B,KiB,MiB]:       735183     717.952     0.701

Dynamically allocated memory at  amaxparameters [B,KiB,MiB]:       738183     720.882     0.704

Dynamically allocated memory at  amaxparameters [B,KiB,MiB]:       742683     725.276     0.708

Dynamically allocated memory at  amaxparameters [B,KiB,MiB]:       748255     730.718     0.714

Dynamically allocated memory at  amaxparameters [B,KiB,MiB]:       751055     733.452     0.716

Dynamically allocated memory at  amaxparameters [B,KiB,MiB]:       755255     737.554     0.720

Dynamically allocated memory at  amaxparameters [B,KiB,MiB]:       761555     743.706     0.726

Dynamically allocated memory at  amaxparameters [B,KiB,MiB]:       764327     746.413     0.729

Dynamically allocated memory at  amaxparameters [B,KiB,MiB]:       765727     747.780     0.730
read_pa_232_> parameters    BONDS   ANGLS  DIHEDS IMPROPS    MODE
                              227     561     661     112       0

Dynamically allocated memory at       amaxmodel [B,KiB,MiB]:       809059     790.097     0.772

Dynamically allocated memory at       amaxmodel [B,KiB,MiB]:      1029069    1004.950     0.981

Dynamically allocated memory at       amaxmodel [B,KiB,MiB]:      1062077    1037.185     1.013

mkilst______> segment topology constructed from sequence and RTF:
              segments residues atoms bonds angles dihedrals impropers:
                     1      277  2226  2276      0         0       925

Dynamically allocated memory at       amaxmodel [B,KiB,MiB]:      1157485    1130.356     1.104

patch_______> segment topology patched using RTF:     1  ;  LEU  ;  NTER
              segments residues atoms bonds angles dihedrals impropers:
                     1      277  2226  2276   3077      3657       925


Dynamically allocated memory at       amaxmodel [B,KiB,MiB]:      1249581    1220.294     1.192
patch_______> segment topology patched using RTF:   277  ;  LEU  ;  CTER
              segments residues atoms bonds angles dihedrals impropers:
                     1      277  2227  2277   3079      3659       926

genseg______> segment topology constructed from sequence and RTF:
              segments residues atoms bonds angles dihedrals impropers:
                     1      277  2227  2277   3079      3659       926
transfe_506_> MODEL is an average of all templates.
transfe_511_> Number of templates for coordinate transfer:        1
              After transferring coordinates of the equivalent template atoms,
              there are defined, undefined atoms in MODEL:     2204       23
openf___224_> Open           4R3P_A_full.ini
wrpdb___568_> Residues, atoms, selected atoms:      277     2227     2227
make_re_417_> Restraint type to be calculated:  stereo

Dynamically allocated memory at  amaxrestraints [B,KiB,MiB]:      1356630    1324.834     1.294

Dynamically allocated memory at  amaxrestraints [B,KiB,MiB]:      1364822    1332.834     1.302

Dynamically allocated memory at  amaxrestraints [B,KiB,MiB]:      1381206    1348.834     1.317

Dynamically allocated memory at  amaxrestraints [B,KiB,MiB]:      1413974    1380.834     1.348

Dynamically allocated memory at  amaxrestraints [B,KiB,MiB]:      1446742    1412.834     1.380

Dynamically allocated memory at  amaxrestraints [B,KiB,MiB]:      1512278    1476.834     1.442

Dynamically allocated memory at  amaxrestraints [B,KiB,MiB]:      1545046    1508.834     1.473

Dynamically allocated memory at  amaxrestraints [B,KiB,MiB]:      1577814    1540.834     1.505

Dynamically allocated memory at  amaxrestraints [B,KiB,MiB]:      1643350    1604.834     1.567

Dynamically allocated memory at  amaxrestraints [B,KiB,MiB]:      1774422    1732.834     1.692

Dynamically allocated memory at  amaxrestraints [B,KiB,MiB]:      1839958    1796.834     1.755

Dynamically allocated memory at  amaxrestraints [B,KiB,MiB]:      1905494    1860.834     1.817

Dynamically allocated memory at  amaxrestraints [B,KiB,MiB]:      2036566    1988.834     1.942

Dynamically allocated memory at  amaxrestraints [B,KiB,MiB]:      2298710    2244.834     2.192
r_stere_606_> Stereochemical restraints were constructed from RTF & PRMF.
              Added bond,angle,dihedral,improper restraints  :     2277    3079    3499     912
              Total number of restraints before, now         :        0     9767
make_re_422_> Number of previous, current restraints         :        0     9767
make_re_423_> Number of previous, current selected restraints:        0     9767
make_re_417_> Restraint type to be calculated:  phi-psi_binormal

Dynamically allocated memory at   amaxstructure [B,KiB,MiB]:      2459456    2401.812     2.346
openf___224_> Open           ${MODINSTALL9v19}/modlib/mnch1.bin
openf___224_> Open           ${MODINSTALL9v19}/modlib/mnch1.mdt
errdih__638_> Missing atoms in a dihedral, residue index, residue type:        5       21  LYS
errdih__638_> Missing atoms in a dihedral, residue index, residue type:        5       51  GLU
errdih__638_> Missing atoms in a dihedral, residue index, residue type:        5       53  ARG
errdih__638_> Missing atoms in a dihedral, residue index, residue type:        5      170  GLU
errdih__638_> Missing atoms in a dihedral, residue index, residue type:        5      172  LYS
errdih__638_> Missing atoms in a dihedral, residue index, residue type:        5      290  GLU
errdih__638_> Missing atoms in a dihedral, residue index, residue type:        5      291  ARG
errdih__638_> Missing atoms in a dihedral, residue index, residue type:        5      293  HIS
errdih__638_> Missing atoms in a dihedral, residue index, residue type:        5      299  MET
errdih__638_> Missing atoms in a dihedral, residue index, residue type:        5      310  ILE
errdih__638_> Missing atoms in a dihedral, residue index, residue type:        6        2  GLU
errdih__638_> Missing atoms in a dihedral, residue index, residue type:        6       21  LYS
errdih__638_> Missing atoms in a dihedral, residue index, residue type:        6       51  GLU
errdih__638_> Missing atoms in a dihedral, residue index, residue type:        6       53  ARG
errdih__638_> Missing atoms in a dihedral, residue index, residue type:        6      170  GLU
errdih__638_> Missing atoms in a dihedral, residue index, residue type:        6      172  LYS
errdih__638_> Missing atoms in a dihedral, residue index, residue type:        6      290  GLU
errdih__638_> Missing atoms in a dihedral, residue index, residue type:        6      291  ARG
errdih__638_> Missing atoms in a dihedral, residue index, residue type:        6      293  HIS
errdih__638_> Missing atoms in a dihedral, residue index, residue type:        6      299  MET
errdih__638_> Missing atoms in a dihedral, residue index, residue type:        6      310  ILE
errdih__638_> Missing atoms in a dihedral, residue index, residue type:        7        2  GLU
errdih__638_> Missing atoms in a dihedral, residue index, residue type:        7       21  LYS
errdih__638_> Missing atoms in a dihedral, residue index, residue type:        7       51  GLU
errdih__638_> Missing atoms in a dihedral, residue index, residue type:        7       53  ARG
errdih__638_> Missing atoms in a dihedral, residue index, residue type:        7      170  GLU
errdih__638_> Missing atoms in a dihedral, residue index, residue type:        7      172  LYS
errdih__638_> Missing atoms in a dihedral, residue index, residue type:        7      290  GLU
errdih__638_> Missing atoms in a dihedral, residue index, residue type:        7      291  ARG
errdih__638_> Missing atoms in a dihedral, residue index, residue type:        7      299  MET
errdih__638_> Missing atoms in a dihedral, residue index, residue type:        8       21  LYS
errdih__638_> Missing atoms in a dihedral, residue index, residue type:        8       53  ARG
errdih__638_> Missing atoms in a dihedral, residue index, residue type:        8      172  LYS
errdih__638_> Missing atoms in a dihedral, residue index, residue type:        8      291  ARG
getdata_643_> Protein accepted:  4R3P_A
getdata_289_> Proteins (all/accepted):        1        1

Dynamically allocated memory at  amaxrestraints [B,KiB,MiB]:      2590544    2529.828     2.471
make_re_422_> Number of previous, current restraints         :     9767    10042
make_re_423_> Number of previous, current selected restraints:     9767    10042
make_re_417_> Restraint type to be calculated:  omega_dihedral

Dynamically allocated memory at   amaxstructure [B,KiB,MiB]:      2590544    2529.828     2.471
openf___224_> Open           ${MODINSTALL9v19}/modlib/omega.bin
openf___224_> Open           ${MODINSTALL9v19}/modlib/omega.mdt
getdata_643_> Protein accepted:  4R3P_A
getdata_289_> Proteins (all/accepted):        1        1
omgdel__425_> Unselected all O C +N +CA dihedrals:      290
              (This is to avoid clashes between STEREO
              and OMEGA_DIHEDRAL restraints)
make_re_422_> Number of previous, current restraints         :    10042    10318
make_re_423_> Number of previous, current selected restraints:    10042    10028
make_re_417_> Restraint type to be calculated:  chi1_dihedral

Dynamically allocated memory at   amaxstructure [B,KiB,MiB]:      2590544    2529.828     2.471
openf___224_> Open           ${MODINSTALL9v19}/modlib/chi1234.bin
openf___224_> Open           ${MODINSTALL9v19}/modlib/chi1.mdt
getdata_643_> Protein accepted:  4R3P_A
getdata_289_> Proteins (all/accepted):        1        1

Dynamically allocated memory at  amaxrestraints [B,KiB,MiB]:      2721616    2657.828     2.596
make_re_422_> Number of previous, current restraints         :    10318    10562
make_re_423_> Number of previous, current selected restraints:    10028    10272
make_re_417_> Restraint type to be calculated:  chi2_dihedral

Dynamically allocated memory at   amaxstructure [B,KiB,MiB]:      2721616    2657.828     2.596
openf___224_> Open           ${MODINSTALL9v19}/modlib/chi1234.bin
openf___224_> Open           ${MODINSTALL9v19}/modlib/chi2.mdt
getdata_643_> Protein accepted:  4R3P_A
getdata_289_> Proteins (all/accepted):        1        1
make_re_422_> Number of previous, current restraints         :    10562    10754
make_re_423_> Number of previous, current selected restraints:    10272    10464
make_re_417_> Restraint type to be calculated:  chi3_dihedral

Dynamically allocated memory at   amaxstructure [B,KiB,MiB]:      2721616    2657.828     2.596
openf___224_> Open           ${MODINSTALL9v19}/modlib/chi1234.bin
openf___224_> Open           ${MODINSTALL9v19}/modlib/chi3.mdt
getdata_643_> Protein accepted:  4R3P_A
getdata_289_> Proteins (all/accepted):        1        1
make_re_422_> Number of previous, current restraints         :    10754    10844
make_re_423_> Number of previous, current selected restraints:    10464    10554
make_re_417_> Restraint type to be calculated:  chi4_dihedral

Dynamically allocated memory at   amaxstructure [B,KiB,MiB]:      2721616    2657.828     2.596
openf___224_> Open           ${MODINSTALL9v19}/modlib/chi1234.bin
openf___224_> Open           ${MODINSTALL9v19}/modlib/chi4.mdt
mdtrsr__446W> A potential that relies on one protein is used, yet you have at
              least one known structure available. MDT, not library, potential is used.
getdata_643_> Protein accepted:  4R3P_A
getdata_289_> Proteins (all/accepted):        1        1
make_re_422_> Number of previous, current restraints         :    10844    10882
make_re_423_> Number of previous, current selected restraints:    10554    10592
make_re_417_> Restraint type to be calculated:  DISTANCE

Dynamically allocated memory at amaxhash_contac [B,KiB,MiB]:      3362956    3284.137     3.207
make_re_422_> Number of previous, current restraints         :    10882    16372
make_re_423_> Number of previous, current selected restraints:    10592    16082
make_re_417_> Restraint type to be calculated:  DISTANCE

Dynamically allocated memory at  amaxrestraints [B,KiB,MiB]:      3625100    3540.137     3.457

Dynamically allocated memory at  amaxrestraints [B,KiB,MiB]:      3887244    3796.137     3.707

Dynamically allocated memory at  amaxrestraints [B,KiB,MiB]:      4411532    4308.137     4.207
make_re_422_> Number of previous, current restraints         :    16372    21943
make_re_423_> Number of previous, current selected restraints:    16082    21653
make_re_417_> Restraint type to be calculated:  DISTANCE

Dynamically allocated memory at  amaxrestraints [B,KiB,MiB]:      4673676    4564.137     4.457
make_re_422_> Number of previous, current restraints         :    21943    26654
make_re_423_> Number of previous, current selected restraints:    21653    26364
make_re_417_> Restraint type to be calculated:  DISTANCE
make_re_422_> Number of previous, current restraints         :    26654    29313
make_re_423_> Number of previous, current selected restraints:    26364    29023
0 atoms in HETATM/BLK residues constrained
to protein atoms within 2.30 angstroms
and protein CA atoms within 10.00 angstroms
make_re_417_> Restraint type to be calculated:  DISTANCE
make_re_422_> Number of previous, current restraints         :    29313    29313
make_re_423_> Number of previous, current selected restraints:    29023    29023
make_re_417_> Restraint type to be calculated:  DISTANCE
make_re_422_> Number of previous, current restraints         :    29313    29313
make_re_423_> Number of previous, current selected restraints:    29023    29023
make_re_417_> Restraint type to be calculated:  DISTANCE
make_re_422_> Number of previous, current restraints         :    29313    29313
make_re_423_> Number of previous, current selected restraints:    29023    29023
make_re_417_> Restraint type to be calculated:  DISTANCE
make_re_422_> Number of previous, current restraints         :    29313    29313
make_re_423_> Number of previous, current selected restraints:    29023    29023
0 atoms in residues without defined topology
constrained to be rigid bodies
make_re_417_> Restraint type to be calculated:  DISTANCE
make_re_422_> Number of previous, current restraints         :    29313    29313
make_re_423_> Number of previous, current selected restraints:    29023    29023
rmdupl__427_>     1737 redundant cosine dihedral restraints were unselected.
condens_443_> Restraints marked for deletion were removed.
              Total number of restraints before, now:    29313    27286
openf___224_> Open           4R3P_A_full.rsr
openf___224_> Open           4R3P_A_full.rsr

Dynamically allocated memory at  amaxrestraints [B,KiB,MiB]:      4711755    4601.323     4.493
rdcsr2__307_> Number of restraints read    :    27286
              Number of excluded pairs read:        0
              Number of pseudo atoms read  :        0
rdcsrs__304_> Restraints in memory, selected restraints:    27286    27286
              Explicitly excluded atom pairs in memory :        0
              Pseudo atoms in memory                   :        0
61 (of 2227 total) atoms selected for optimization
openf___224_> Open           4R3P_A_full.ini

Dynamically allocated memory at       amaxmodel [B,KiB,MiB]:      4711779    4601.347     4.494
read_mo_297_> Segments, residues, atoms:        1      277     2227
read_mo_298_> Segment:        1     1   277     2227
randomi_498_> Atoms,selected atoms,random_seed,amplitude:     2227       61        1        4.0000
randomi_496_> Amplitude is > 0; randomization is done.
pick_re_612_> Number of MODEL atoms, selected restraints;       61      393
pick_re_612_> Number of MODEL atoms, selected restraints;       61      447
pick_re_612_> Number of MODEL atoms, selected restraints;       61      470
pick_re_612_> Number of MODEL atoms, selected restraints;       61      472
pick_re_612_> Number of MODEL atoms, selected restraints;       61      474
pick_re_612_> Number of MODEL atoms, selected restraints;       61      547
pick_re_612_> Number of MODEL atoms, selected restraints;       61      563
pick_re_612_> Number of MODEL atoms, selected restraints;       61      801

Dynamically allocated memory at  amaxrestraints [B,KiB,MiB]:      5057807    4939.265     4.824
pick_re_612_> Number of MODEL atoms, selected restraints;       61      839
pick_re_612_> Number of MODEL atoms, selected restraints;       61      839
pick_re_612_> Number of MODEL atoms, selected restraints;       61      839
iupac_m_486_> OE1/2 will be swapped:      163.5165        7     7
iupac_m_483_> CD1/2 CE1/2 swapped:       96.6929       21    21
iupac_m_397W> Atoms were not swapped because of the uncertainty of how to handle the H atom.
iupac_m_483_> CD1/2 CE1/2 swapped:     -108.9142       25    25
iupac_m_397W> Atoms were not swapped because of the uncertainty of how to handle the H atom.
iupac_m_486_> OE1/2 will be swapped:      180.0000       44    44
iupac_m_487_> NH1/2 swapped:     -179.9657       46    46
iupac_m_483_> CD1/2 CE1/2 swapped:      -91.8413       93    93
iupac_m_397W> Atoms were not swapped because of the uncertainty of how to handle the H atom.
iupac_m_483_> CD1/2 CE1/2 swapped:      -91.2573      111   111
iupac_m_397W> Atoms were not swapped because of the uncertainty of how to handle the H atom.
iupac_m_487_> NH1/2 swapped:     -180.0000      130   130
iupac_m_486_> OE1/2 will be swapped:     -179.9720      163   163
iupac_m_483_> CD1/2 CE1/2 swapped:     -105.0353      189   189
iupac_m_397W> Atoms were not swapped because of the uncertainty of how to handle the H atom.
iupac_m_487_> NH1/2 swapped:      180.0000      230   230
iupac_m_485_> OD1/2 will be swapped:     -111.9749      240   240
iupac_m_487_> NH1/2 swapped:      179.9477      260   260


>> ENERGY; Differences between the model's features and restraints:
Number of all residues in MODEL                   :      277
Number of all, selected real atoms                :     2227      61
Number of all, selected pseudo atoms              :        0       0
Number of all static, selected restraints         :    27286     839
COVALENT_CYS                                      :        F
NONBONDED_SEL_ATOMS                               :        1
Number of non-bonded pairs (excluding 1-2,1-3,1-4):      103
Dynamic pairs routine                             : 5, NATM_SEL x NATM double loop
Atomic shift for contacts update (UPDATE_DYNAMIC) :    0.390
LENNARD_JONES_SWITCH                              :    6.500   7.500
COULOMB_JONES_SWITCH                              :    6.500   7.500
RESIDUE_SPAN_RANGE                                :        0   99999
NLOGN_USE                                         :       15
CONTACT_SHELL                                     :    4.000
DYNAMIC_PAIRS,_SPHERE,_COULOMB,_LENNARD,_MODELLER :        T       T       F       F       F
SPHERE_STDV                                       :    0.050
RADII_FACTOR                                      :    0.820
Current energy                                    :          37.3994





Summary of the restraint violations: 

   NUM     ... number of restraints.
   NUMVI   ... number of restraints with RVIOL > VIOL_REPORT_CUT[i].
   RVIOL   ... relative difference from the best value.
   NUMVP   ... number of restraints with -Ln(pdf) > VIOL_REPORT_CUT2[i].
   RMS_1   ... RMS(feature, minimally_violated_basis_restraint, NUMB).
   RMS_2   ... RMS(feature, best_value, NUMB).
   MOL.PDF ... scaled contribution to -Ln(Molecular pdf).

 #                     RESTRAINT_GROUP      NUM   NUMVI  NUMVP   RMS_1   RMS_2         MOL.PDF     S_i
------------------------------------------------------------------------------------------------------
 1 Bond length potential              :      61       0      0   0.005   0.005     0.41840       1.000
 2 Bond angle potential               :      81       0      0   1.797   1.797      4.6824       1.000
 3 Stereochemical cosine torsion poten:      31       0      1  51.810  51.810      14.094       1.000
 4 Stereochemical improper torsion pot:      20       0      0   1.725   1.725      1.0276       1.000
 5 Soft-sphere overlap restraints     :     103       0      0   0.000   0.000      0.0000       1.000
 6 Lennard-Jones 6-12 potential       :       0       0      0   0.000   0.000      0.0000       1.000
 7 Coulomb point-point electrostatic p:       0       0      0   0.000   0.000      0.0000       1.000
 8 H-bonding potential                :       0       0      0   0.000   0.000      0.0000       1.000
 9 Distance restraints 1 (CA-CA)      :     193       0      0   0.085   0.085      1.5876       1.000
10 Distance restraints 2 (N-O)        :     198       0      0   0.081   0.081      1.1487       1.000
11 Mainchain Phi dihedral restraints  :       0       0      0   0.000   0.000      0.0000       1.000
12 Mainchain Psi dihedral restraints  :       0       0      0   0.000   0.000      0.0000       1.000
13 Mainchain Omega dihedral restraints:       7       0      0   2.883   2.883     0.68621       1.000
14 Sidechain Chi_1 dihedral restraints:       7       0      0  58.960  58.960      1.0482       1.000
15 Sidechain Chi_2 dihedral restraints:       7       0      0  36.031  36.031     0.30009       1.000
16 Sidechain Chi_3 dihedral restraints:       3       0      1 121.595 121.595      4.0020       1.000
17 Sidechain Chi_4 dihedral restraints:       2       0      0  87.139  87.139      2.0174       1.000
18 Disulfide distance restraints      :       0       0      0   0.000   0.000      0.0000       1.000
19 Disulfide angle restraints         :       0       0      0   0.000   0.000      0.0000       1.000
20 Disulfide dihedral angle restraints:       0       0      0   0.000   0.000      0.0000       1.000
21 Lower bound distance restraints    :       0       0      0   0.000   0.000      0.0000       1.000
22 Upper bound distance restraints    :       0       0      0   0.000   0.000      0.0000       1.000
23 Distance restraints 3 (SDCH-MNCH)  :     138       0      0   0.414   0.414      2.1838       1.000
24 Sidechain Chi_5 dihedral restraints:       0       0      0   0.000   0.000      0.0000       1.000
25 Phi/Psi pair of dihedral restraints:       7       0      1  16.385  16.951      1.3995       1.000
26 Distance restraints 4 (SDCH-SDCH)  :      84       0      0   0.544   0.544      2.8040       1.000
27 Distance restraints 5 (X-Y)        :       0       0      0   0.000   0.000      0.0000       1.000
28 NMR distance restraints 6 (X-Y)    :       0       0      0   0.000   0.000      0.0000       1.000
29 NMR distance restraints 7 (X-Y)    :       0       0      0   0.000   0.000      0.0000       1.000
30 Minimal distance restraints        :       0       0      0   0.000   0.000      0.0000       1.000
31 Non-bonded restraints              :       0       0      0   0.000   0.000      0.0000       1.000
32 Atomic accessibility restraints    :       0       0      0   0.000   0.000      0.0000       1.000
33 Atomic density restraints          :       0       0      0   0.000   0.000      0.0000       1.000
34 Absolute position restraints       :       0       0      0   0.000   0.000      0.0000       1.000
35 Dihedral angle difference restraint:       0       0      0   0.000   0.000      0.0000       1.000
36 GBSA implicit solvent potential    :       0       0      0   0.000   0.000      0.0000       1.000
37 EM density fitting potential       :       0       0      0   0.000   0.000      0.0000       1.000
38 SAXS restraints                    :       0       0      0   0.000   0.000      0.0000       1.000
39 Symmetry restraints                :       0       0      0   0.000   0.000      0.0000       1.000



openf___224_> Open           4R3P_A_full.V99990001
# Heavy relative violation of each residue is written to: 4R3P_A_full.V99990001
# The profile is NOT normalized by the number of restraints.
# The profiles are smoothed over a window of residues:    1
# The sum of all numbers in the file:     648.8870



List of the violated restraints:
   A restraint is violated when the relative difference
   from the best value (RVIOL) is larger than CUTOFF.

   ICSR   ... index of a restraint in the current set.
   RESNO  ... residue numbers of the first two atoms.
   ATM    ... IUPAC atom names of the first two atoms.
   FEAT   ... the value of the feature in the model.
   restr  ... the mean of the basis restraint with the smallest
              difference from the model (local minimum).
   viol   ... difference from the local minimum.
   rviol  ... relative difference from the local minimum.
   RESTR  ... the best value (global minimum).
   VIOL   ... difference from the best value.
   RVIOL  ... relative difference from the best value.



report______> Distribution of short non-bonded contacts:

  serious non-bonded atom clash:   104  345   2.120
  serious non-bonded atom clash:   627  643   2.131
  serious non-bonded atom clash:   916 1586   2.244
  serious non-bonded atom clash:  1030 1277   2.167
  serious non-bonded atom clash:  1444 2038   2.276
  serious non-bonded atom clash:  1516 1539   2.225
  serious non-bonded atom clash:  2104 2136   2.216

DISTANCE1:  0.00 2.10 2.20 2.30 2.40 2.50 2.60 2.70 2.80 2.90 3.00 3.10 3.20 3.30 3.40
DISTANCE2:  2.10 2.20 2.30 2.40 2.50 2.60 2.70 2.80 2.90 3.00 3.10 3.20 3.30 3.40 3.50
FREQUENCY:     0    3    4    6    3   14   14   28   50  109  166  244  279  305  327


<< end of ENERGY.
openf___224_> Open           4R3P_A_full.B99990001.pdb
wrpdb___568_> Residues, atoms, selected atoms:      277     2227     2227

>> Summary of successfully produced models:
Filename                          molpdf
----------------------------------------
4R3P_A_full.B99990001.pdb       37.39942


Dynamically allocated memory at          finish [B,KiB,MiB]:      5057807    4939.265     4.824
Starting time                                            : 2018/02/20 13:02:43
Closing time                                             : 2018/02/20 13:02:46
Total CPU time [seconds]                                 :       2.77
