
                         MODELLER 9.19, 2017/07/19, r11078

     PROTEIN STRUCTURE MODELLING BY SATISFACTION OF SPATIAL RESTRAINTS


                     Copyright(c) 1989-2017 Andrej Sali
                            All Rights Reserved

                             Written by A. Sali
                               with help from
              B. Webb, M.S. Madhusudhan, M-Y. Shen, G.Q. Dong,
          M.A. Marti-Renom, N. Eswar, F. Alber, M. Topf, B. Oliva,
             A. Fiser, R. Sanchez, B. Yerkovich, A. Badretdinov,
                     F. Melo, J.P. Overington, E. Feyfant
                 University of California, San Francisco, USA
                    Rockefeller University, New York, USA
                      Harvard University, Cambridge, USA
                   Imperial Cancer Research Fund, London, UK
              Birkbeck College, University of London, London, UK


Kind, OS, HostName, Kernel, Processor: 4, Linux german-xps 4.14.6-041406-generic x86_64
Date and time of compilation         : 2017/07/19 15:03:51
MODELLER executable type             : x86_64-intel8
Job starting time (YY/MM/DD HH:MM:SS): 2018/02/20 13:03:25

openf___224_> Open           $(LIB)/restyp.lib
openf___224_> Open           ${MODINSTALL9v19}/modlib/resgrp.lib
rdresgr_266_> Number of residue groups:        2
openf___224_> Open           ${MODINSTALL9v19}/modlib/sstruc.lib

Dynamically allocated memory at   amaxlibraries [B,KiB,MiB]:       191566     187.076     0.183

Dynamically allocated memory at   amaxlibraries [B,KiB,MiB]:       192094     187.592     0.183
openf___224_> Open           ${MODINSTALL9v19}/modlib/resdih.lib

Dynamically allocated memory at   amaxlibraries [B,KiB,MiB]:       240694     235.053     0.230
rdrdih__263_> Number of dihedral angle types         :        9
              Maximal number of dihedral angle optima:        3
              Dihedral angle names                   :  Alph Phi Psi Omeg chi1 chi2 chi3 chi4 chi5
openf___224_> Open           ${MODINSTALL9v19}/modlib/radii.lib

Dynamically allocated memory at   amaxlibraries [B,KiB,MiB]:       253994     248.041     0.242
openf___224_> Open           ${MODINSTALL9v19}/modlib/radii14.lib
openf___224_> Open           ${MODINSTALL9v19}/modlib/af_mnchdef.lib
rdwilmo_274_> Mainchain residue conformation classes:  APBLE
openf___224_> Open           ${MODINSTALL9v19}/modlib/mnch.lib
rdclass_257_> Number of classes:        5
openf___224_> Open           ${MODINSTALL9v19}/modlib/mnch1.lib
openf___224_> Open           ${MODINSTALL9v19}/modlib/mnch2.lib
openf___224_> Open           ${MODINSTALL9v19}/modlib/mnch3.lib
openf___224_> Open           ${MODINSTALL9v19}/modlib/xs4.mat
rdrrwgh_268_> Number of residue types:       21
openf___224_> Open           /home/german/labo/18/egfr/model/5CAP_A/to_model_5CAP_A

Dynamically allocated memory at   amaxalignment [B,KiB,MiB]:       265487     259.265     0.253

Dynamically allocated memory at   amaxalignment [B,KiB,MiB]:       266937     260.681     0.255

Dynamically allocated memory at   amaxalignment [B,KiB,MiB]:       269837     263.513     0.257

Dynamically allocated memory at   amaxalignment [B,KiB,MiB]:       275637     269.177     0.263

Dynamically allocated memory at   amaxalignment [B,KiB,MiB]:       392693     383.489     0.375

Dynamically allocated memory at    amaxsequence [B,KiB,MiB]:       393901     384.669     0.376

Dynamically allocated memory at    amaxsequence [B,KiB,MiB]:       395005     385.747     0.377

Read the alignment from file       : /home/german/labo/18/egfr/model/5CAP_A/to_model_5CAP_A
Total number of alignment positions:   318

  #  Code        #_Res #_Segm PDB_code    Name
-------------------------------------------------------------------------------
  1     5CAP_A     303      1      5CAP_A
  2  5CAP_A_fu     277      1
check_a_343_> >> BEGINNING OF COMMAND
openf___224_> Open           ./5CAP_A.pdb

Dynamically allocated memory at amaxcoordinates [B,KiB,MiB]:       487630     476.201     0.465

Dynamically allocated memory at    amaxsequence [B,KiB,MiB]:       487630     476.201     0.465

Dynamically allocated memory at amaxcoordinates [B,KiB,MiB]:       487801     476.368     0.465

Dynamically allocated memory at amaxcoordinates [B,KiB,MiB]:       488651     477.198     0.466

Dynamically allocated memory at amaxcoordinates [B,KiB,MiB]:       489909     478.427     0.467

Dynamically allocated memory at amaxcoordinates [B,KiB,MiB]:       491813     480.286     0.469

Dynamically allocated memory at    amaxsequence [B,KiB,MiB]:       491813     480.286     0.469

Dynamically allocated memory at amaxcoordinates [B,KiB,MiB]:       491903     480.374     0.469

Dynamically allocated memory at amaxcoordinates [B,KiB,MiB]:       494759     483.163     0.472

Dynamically allocated memory at    amaxsequence [B,KiB,MiB]:       494759     483.163     0.472

Dynamically allocated memory at amaxcoordinates [B,KiB,MiB]:       494894     483.295     0.472

Dynamically allocated memory at amaxcoordinates [B,KiB,MiB]:       499178     487.479     0.476

Dynamically allocated memory at    amaxsequence [B,KiB,MiB]:       499178     487.479     0.476

Dynamically allocated memory at amaxcoordinates [B,KiB,MiB]:       499376     487.672     0.476

Dynamically allocated memory at amaxcoordinates [B,KiB,MiB]:       505802     493.947     0.482

Dynamically allocated memory at    amaxsequence [B,KiB,MiB]:       505802     493.947     0.482

Dynamically allocated memory at amaxcoordinates [B,KiB,MiB]:       506099     494.237     0.483

Dynamically allocated memory at amaxcoordinates [B,KiB,MiB]:       515721     503.634     0.492

Dynamically allocated memory at    amaxsequence [B,KiB,MiB]:       515721     503.634     0.492

Dynamically allocated memory at amaxcoordinates [B,KiB,MiB]:       516171     504.073     0.492

Dynamically allocated memory at amaxcoordinates [B,KiB,MiB]:       530621     518.185     0.506

Dynamically allocated memory at    amaxsequence [B,KiB,MiB]:       530621     518.185     0.506

Dynamically allocated memory at amaxcoordinates [B,KiB,MiB]:       531296     518.844     0.507

Dynamically allocated memory at amaxcoordinates [B,KiB,MiB]:       552954     539.994     0.527

Dynamically allocated memory at    amaxsequence [B,KiB,MiB]:       552954     539.994     0.527

Dynamically allocated memory at amaxcoordinates [B,KiB,MiB]:       553962     540.979     0.528

Dynamically allocated memory at amaxcoordinates [B,KiB,MiB]:       586466     572.721     0.559

Dynamically allocated memory at   amaxstructure [B,KiB,MiB]:       586160     572.422     0.559

check_ali___> Checking the sequence-structure alignment. 

Implied intrachain target CA(i)-CA(i+1) distances longer than  8.0 angstroms:

ALN_POS  TMPL  RID1  RID2  NAM1  NAM2     DIST
----------------------------------------------
    179     1  860   876      K     V   15.172
END OF TABLE
check_a_344_> << END OF COMMAND
openf___224_> Open           ${LIB}/top_heav.lib
read_to_681_> topology.submodel read from topology file:        3
openf___224_> Open           ${LIB}/par.lib

Dynamically allocated memory at  amaxparameters [B,KiB,MiB]:       725412     708.410     0.692

Dynamically allocated memory at  amaxparameters [B,KiB,MiB]:       727012     709.973     0.693

Dynamically allocated memory at  amaxparameters [B,KiB,MiB]:       730992     713.859     0.697

Dynamically allocated memory at  amaxparameters [B,KiB,MiB]:       732992     715.812     0.699

Dynamically allocated memory at  amaxparameters [B,KiB,MiB]:       735992     718.742     0.702

Dynamically allocated memory at  amaxparameters [B,KiB,MiB]:       740492     723.137     0.706

Dynamically allocated memory at  amaxparameters [B,KiB,MiB]:       746064     728.578     0.712

Dynamically allocated memory at  amaxparameters [B,KiB,MiB]:       748864     731.312     0.714

Dynamically allocated memory at  amaxparameters [B,KiB,MiB]:       753064     735.414     0.718

Dynamically allocated memory at  amaxparameters [B,KiB,MiB]:       759364     741.566     0.724

Dynamically allocated memory at  amaxparameters [B,KiB,MiB]:       762136     744.273     0.727

Dynamically allocated memory at  amaxparameters [B,KiB,MiB]:       763536     745.641     0.728
read_pa_232_> parameters    BONDS   ANGLS  DIHEDS IMPROPS    MODE
                              227     561     661     112       0

Dynamically allocated memory at       amaxmodel [B,KiB,MiB]:       806868     787.957     0.769

Dynamically allocated memory at       amaxmodel [B,KiB,MiB]:      1026976    1002.906     0.979

Dynamically allocated memory at       amaxmodel [B,KiB,MiB]:      1059976    1035.133     1.011

mkilst______> segment topology constructed from sequence and RTF:
              segments residues atoms bonds angles dihedrals impropers:
                     1      277  2227  2277      0         0       924

Dynamically allocated memory at       amaxmodel [B,KiB,MiB]:      1155384    1128.305     1.102

patch_______> segment topology patched using RTF:     1  ;  LEU  ;  NTER
              segments residues atoms bonds angles dihedrals impropers:
                     1      277  2227  2277   3077      3657       924


Dynamically allocated memory at       amaxmodel [B,KiB,MiB]:      1247480    1218.242     1.190
patch_______> segment topology patched using RTF:   277  ;  LEU  ;  CTER
              segments residues atoms bonds angles dihedrals impropers:
                     1      277  2228  2278   3079      3659       925

genseg______> segment topology constructed from sequence and RTF:
              segments residues atoms bonds angles dihedrals impropers:
                     1      277  2228  2278   3079      3659       925
transfe_506_> MODEL is an average of all templates.
transfe_511_> Number of templates for coordinate transfer:        1
              After transferring coordinates of the equivalent template atoms,
              there are defined, undefined atoms in MODEL:     2113      115
openf___224_> Open           5CAP_A_full.ini
wrpdb___568_> Residues, atoms, selected atoms:      277     2228     2228
make_re_417_> Restraint type to be calculated:  stereo

Dynamically allocated memory at  amaxrestraints [B,KiB,MiB]:      1354529    1322.782     1.292

Dynamically allocated memory at  amaxrestraints [B,KiB,MiB]:      1362721    1330.782     1.300

Dynamically allocated memory at  amaxrestraints [B,KiB,MiB]:      1379105    1346.782     1.315

Dynamically allocated memory at  amaxrestraints [B,KiB,MiB]:      1411873    1378.782     1.346

Dynamically allocated memory at  amaxrestraints [B,KiB,MiB]:      1444641    1410.782     1.378

Dynamically allocated memory at  amaxrestraints [B,KiB,MiB]:      1510177    1474.782     1.440

Dynamically allocated memory at  amaxrestraints [B,KiB,MiB]:      1542945    1506.782     1.471

Dynamically allocated memory at  amaxrestraints [B,KiB,MiB]:      1575713    1538.782     1.503

Dynamically allocated memory at  amaxrestraints [B,KiB,MiB]:      1641249    1602.782     1.565

Dynamically allocated memory at  amaxrestraints [B,KiB,MiB]:      1772321    1730.782     1.690

Dynamically allocated memory at  amaxrestraints [B,KiB,MiB]:      1837857    1794.782     1.753

Dynamically allocated memory at  amaxrestraints [B,KiB,MiB]:      1903393    1858.782     1.815

Dynamically allocated memory at  amaxrestraints [B,KiB,MiB]:      2034465    1986.782     1.940

Dynamically allocated memory at  amaxrestraints [B,KiB,MiB]:      2296609    2242.782     2.190
r_stere_606_> Stereochemical restraints were constructed from RTF & PRMF.
              Added bond,angle,dihedral,improper restraints  :     2278    3079    3500     911
              Total number of restraints before, now         :        0     9768
make_re_422_> Number of previous, current restraints         :        0     9768
make_re_423_> Number of previous, current selected restraints:        0     9768
make_re_417_> Restraint type to be calculated:  phi-psi_binormal

Dynamically allocated memory at   amaxstructure [B,KiB,MiB]:      2457389    2399.794     2.344
openf___224_> Open           ${MODINSTALL9v19}/modlib/mnch1.bin
openf___224_> Open           ${MODINSTALL9v19}/modlib/mnch1.mdt
getdata_643_> Protein accepted:  5CAP_A
getdata_289_> Proteins (all/accepted):        1        1

Dynamically allocated memory at  amaxrestraints [B,KiB,MiB]:      2588477    2527.810     2.469
make_re_422_> Number of previous, current restraints         :     9768    10043
make_re_423_> Number of previous, current selected restraints:     9768    10043
make_re_417_> Restraint type to be calculated:  omega_dihedral

Dynamically allocated memory at   amaxstructure [B,KiB,MiB]:      2588477    2527.810     2.469
openf___224_> Open           ${MODINSTALL9v19}/modlib/omega.bin
openf___224_> Open           ${MODINSTALL9v19}/modlib/omega.mdt
getdata_643_> Protein accepted:  5CAP_A
getdata_289_> Proteins (all/accepted):        1        1
omgdel__425_> Unselected all O C +N +CA dihedrals:      290
              (This is to avoid clashes between STEREO
              and OMEGA_DIHEDRAL restraints)
make_re_422_> Number of previous, current restraints         :    10043    10319
make_re_423_> Number of previous, current selected restraints:    10043    10029
make_re_417_> Restraint type to be calculated:  chi1_dihedral

Dynamically allocated memory at   amaxstructure [B,KiB,MiB]:      2588477    2527.810     2.469
openf___224_> Open           ${MODINSTALL9v19}/modlib/chi1234.bin
openf___224_> Open           ${MODINSTALL9v19}/modlib/chi1.mdt
getdata_643_> Protein accepted:  5CAP_A
getdata_289_> Proteins (all/accepted):        1        1

Dynamically allocated memory at  amaxrestraints [B,KiB,MiB]:      2719549    2655.810     2.594
make_re_422_> Number of previous, current restraints         :    10319    10563
make_re_423_> Number of previous, current selected restraints:    10029    10273
make_re_417_> Restraint type to be calculated:  chi2_dihedral

Dynamically allocated memory at   amaxstructure [B,KiB,MiB]:      2719549    2655.810     2.594
openf___224_> Open           ${MODINSTALL9v19}/modlib/chi1234.bin
openf___224_> Open           ${MODINSTALL9v19}/modlib/chi2.mdt
getdata_643_> Protein accepted:  5CAP_A
getdata_289_> Proteins (all/accepted):        1        1
make_re_422_> Number of previous, current restraints         :    10563    10756
make_re_423_> Number of previous, current selected restraints:    10273    10466
make_re_417_> Restraint type to be calculated:  chi3_dihedral

Dynamically allocated memory at   amaxstructure [B,KiB,MiB]:      2719549    2655.810     2.594
openf___224_> Open           ${MODINSTALL9v19}/modlib/chi1234.bin
openf___224_> Open           ${MODINSTALL9v19}/modlib/chi3.mdt
getdata_643_> Protein accepted:  5CAP_A
getdata_289_> Proteins (all/accepted):        1        1
make_re_422_> Number of previous, current restraints         :    10756    10847
make_re_423_> Number of previous, current selected restraints:    10466    10557
make_re_417_> Restraint type to be calculated:  chi4_dihedral

Dynamically allocated memory at   amaxstructure [B,KiB,MiB]:      2719549    2655.810     2.594
openf___224_> Open           ${MODINSTALL9v19}/modlib/chi1234.bin
openf___224_> Open           ${MODINSTALL9v19}/modlib/chi4.mdt
mdtrsr__446W> A potential that relies on one protein is used, yet you have at
              least one known structure available. MDT, not library, potential is used.
getdata_643_> Protein accepted:  5CAP_A
getdata_289_> Proteins (all/accepted):        1        1
make_re_422_> Number of previous, current restraints         :    10847    10885
make_re_423_> Number of previous, current selected restraints:    10557    10595
make_re_417_> Restraint type to be calculated:  DISTANCE

Dynamically allocated memory at amaxhash_contac [B,KiB,MiB]:      3361177    3282.399     3.205
make_re_422_> Number of previous, current restraints         :    10885    16132
make_re_423_> Number of previous, current selected restraints:    10595    15842
make_re_417_> Restraint type to be calculated:  DISTANCE

Dynamically allocated memory at  amaxrestraints [B,KiB,MiB]:      3623321    3538.399     3.455

Dynamically allocated memory at  amaxrestraints [B,KiB,MiB]:      3885465    3794.399     3.705

Dynamically allocated memory at  amaxrestraints [B,KiB,MiB]:      4409753    4306.399     4.205
make_re_422_> Number of previous, current restraints         :    16132    21458
make_re_423_> Number of previous, current selected restraints:    15842    21168
make_re_417_> Restraint type to be calculated:  DISTANCE

Dynamically allocated memory at  amaxrestraints [B,KiB,MiB]:      4671897    4562.399     4.455
make_re_422_> Number of previous, current restraints         :    21458    25645
make_re_423_> Number of previous, current selected restraints:    21168    25355
make_re_417_> Restraint type to be calculated:  DISTANCE
make_re_422_> Number of previous, current restraints         :    25645    28347
make_re_423_> Number of previous, current selected restraints:    25355    28057
0 atoms in HETATM/BLK residues constrained
to protein atoms within 2.30 angstroms
and protein CA atoms within 10.00 angstroms
make_re_417_> Restraint type to be calculated:  DISTANCE
make_re_422_> Number of previous, current restraints         :    28347    28347
make_re_423_> Number of previous, current selected restraints:    28057    28057
make_re_417_> Restraint type to be calculated:  DISTANCE
make_re_422_> Number of previous, current restraints         :    28347    28347
make_re_423_> Number of previous, current selected restraints:    28057    28057
make_re_417_> Restraint type to be calculated:  DISTANCE
make_re_422_> Number of previous, current restraints         :    28347    28347
make_re_423_> Number of previous, current selected restraints:    28057    28057
make_re_417_> Restraint type to be calculated:  DISTANCE
make_re_422_> Number of previous, current restraints         :    28347    28347
make_re_423_> Number of previous, current selected restraints:    28057    28057
0 atoms in residues without defined topology
constrained to be rigid bodies
make_re_417_> Restraint type to be calculated:  DISTANCE
make_re_422_> Number of previous, current restraints         :    28347    28347
make_re_423_> Number of previous, current selected restraints:    28057    28057
rmdupl__427_>     1740 redundant cosine dihedral restraints were unselected.
condens_443_> Restraints marked for deletion were removed.
              Total number of restraints before, now:    28347    26317
openf___224_> Open           5CAP_A_full.rsr
openf___224_> Open           5CAP_A_full.rsr

Dynamically allocated memory at  amaxrestraints [B,KiB,MiB]:      4712133    4601.692     4.494
rdcsr2__307_> Number of restraints read    :    26317
              Number of excluded pairs read:        0
              Number of pseudo atoms read  :        0
rdcsrs__304_> Restraints in memory, selected restraints:    26317    26317
              Explicitly excluded atom pairs in memory :        0
              Pseudo atoms in memory                   :        0
177 (of 2228 total) atoms selected for optimization
openf___224_> Open           5CAP_A_full.ini

Dynamically allocated memory at       amaxmodel [B,KiB,MiB]:      4712157    4601.716     4.494
read_mo_297_> Segments, residues, atoms:        1      277     2228
read_mo_298_> Segment:        1     1   277     2228
randomi_498_> Atoms,selected atoms,random_seed,amplitude:     2228      177        1        4.0000
randomi_496_> Amplitude is > 0; randomization is done.
pick_re_612_> Number of MODEL atoms, selected restraints;      177      977
pick_re_612_> Number of MODEL atoms, selected restraints;      177     1057
pick_re_612_> Number of MODEL atoms, selected restraints;      177     1098
pick_re_612_> Number of MODEL atoms, selected restraints;      177     1136
pick_re_612_> Number of MODEL atoms, selected restraints;      177     1234
pick_re_612_> Number of MODEL atoms, selected restraints;      177     1396
pick_re_612_> Number of MODEL atoms, selected restraints;      177     1695
pick_re_612_> Number of MODEL atoms, selected restraints;      177     1925

Dynamically allocated memory at  amaxrestraints [B,KiB,MiB]:      5058209    4939.657     4.824
pick_re_612_> Number of MODEL atoms, selected restraints;      177     1982
pick_re_612_> Number of MODEL atoms, selected restraints;      177     1983
pick_re_612_> Number of MODEL atoms, selected restraints;      177     1983
iupac_m_487_> NH1/2 swapped:     -177.0094        3     3
iupac_m_486_> OE1/2 will be swapped:     -132.3770        7     7
iupac_m_486_> OE1/2 will be swapped:      156.0939        9     9
iupac_m_486_> OE1/2 will be swapped:     -129.3334       34    34
iupac_m_486_> OE1/2 will be swapped:     -160.5394       44    44
iupac_m_486_> OE1/2 will be swapped:     -112.6469       56    56
iupac_m_485_> OD1/2 will be swapped:      169.6025       98    98
iupac_m_483_> CD1/2 CE1/2 swapped:      -90.1734       99    99
iupac_m_397W> Atoms were not swapped because of the uncertainty of how to handle the H atom.
iupac_m_486_> OE1/2 will be swapped:     -134.9914      102   102
iupac_m_483_> CD1/2 CE1/2 swapped:      -91.7006      111   111
iupac_m_397W> Atoms were not swapped because of the uncertainty of how to handle the H atom.
iupac_m_486_> OE1/2 will be swapped:     -177.0805      127   127
iupac_m_485_> OD1/2 will be swapped:      171.2862      128   128
iupac_m_485_> OD1/2 will be swapped:     -164.2953      135   135
iupac_m_486_> OE1/2 will be swapped:      179.9802      163   163
iupac_m_486_> OE1/2 will be swapped:      177.0377      166   166
iupac_m_487_> NH1/2 swapped:     -179.7474      187   187
iupac_m_483_> CD1/2 CE1/2 swapped:      -91.7106      189   189
iupac_m_397W> Atoms were not swapped because of the uncertainty of how to handle the H atom.
iupac_m_484W> Dihedral still outside +-90:       92.5486
iupac_m_485_> OD1/2 will be swapped:      159.4439      194   194
iupac_m_486_> OE1/2 will be swapped:       90.7772      204   204
iupac_m_485_> OD1/2 will be swapped:     -138.1169      214   214
iupac_m_486_> OE1/2 will be swapped:      162.6845      229   229
iupac_m_483_> CD1/2 CE1/2 swapped:     -126.9962      242   242
iupac_m_397W> Atoms were not swapped because of the uncertainty of how to handle the H atom.
iupac_m_485_> OD1/2 will be swapped:      167.7895      254   254
iupac_m_487_> NH1/2 swapped:     -177.9832      256   256
iupac_m_487_> NH1/2 swapped:      178.7273      260   260
iupac_m_486_> OE1/2 will be swapped:      112.0118      265   265
iupac_m_487_> NH1/2 swapped:      178.5309      271   271
iupac_m_485_> OD1/2 will be swapped:     -162.5569      272   272
iupac_m_487_> NH1/2 swapped:     -179.8345      275   275
iupac_m_483_> CD1/2 CE1/2 swapped:      101.3498      276   276
iupac_m_397W> Atoms were not swapped because of the uncertainty of how to handle the H atom.


>> ENERGY; Differences between the model's features and restraints:
Number of all residues in MODEL                   :      277
Number of all, selected real atoms                :     2228     177
Number of all, selected pseudo atoms              :        0       0
Number of all static, selected restraints         :    26317    1983
COVALENT_CYS                                      :        F
NONBONDED_SEL_ATOMS                               :        1
Number of non-bonded pairs (excluding 1-2,1-3,1-4):      454
Dynamic pairs routine                             : 5, NATM_SEL x NATM double loop
Atomic shift for contacts update (UPDATE_DYNAMIC) :    0.390
LENNARD_JONES_SWITCH                              :    6.500   7.500
COULOMB_JONES_SWITCH                              :    6.500   7.500
RESIDUE_SPAN_RANGE                                :        0   99999
NLOGN_USE                                         :       15
CONTACT_SHELL                                     :    4.000
DYNAMIC_PAIRS,_SPHERE,_COULOMB,_LENNARD,_MODELLER :        T       T       F       F       F
SPHERE_STDV                                       :    0.050
RADII_FACTOR                                      :    0.820
Current energy                                    :        2641.3384





Summary of the restraint violations: 

   NUM     ... number of restraints.
   NUMVI   ... number of restraints with RVIOL > VIOL_REPORT_CUT[i].
   RVIOL   ... relative difference from the best value.
   NUMVP   ... number of restraints with -Ln(pdf) > VIOL_REPORT_CUT2[i].
   RMS_1   ... RMS(feature, minimally_violated_basis_restraint, NUMB).
   RMS_2   ... RMS(feature, best_value, NUMB).
   MOL.PDF ... scaled contribution to -Ln(Molecular pdf).

 #                     RESTRAINT_GROUP      NUM   NUMVI  NUMVP   RMS_1   RMS_2         MOL.PDF     S_i
------------------------------------------------------------------------------------------------------
 1 Bond length potential              :     183       6      9   0.086   0.086      375.01       1.000
 2 Bond angle potential               :     247       8     15   6.158   6.158      182.62       1.000
 3 Stereochemical cosine torsion poten:     121       0      8  53.034  53.034      54.869       1.000
 4 Stereochemical improper torsion pot:      72       0      2   2.771   2.771      10.869       1.000
 5 Soft-sphere overlap restraints     :     454      12     19   0.072   0.072      274.50       1.000
 6 Lennard-Jones 6-12 potential       :       0       0      0   0.000   0.000      0.0000       1.000
 7 Coulomb point-point electrostatic p:       0       0      0   0.000   0.000      0.0000       1.000
 8 H-bonding potential                :       0       0      0   0.000   0.000      0.0000       1.000
 9 Distance restraints 1 (CA-CA)      :     420      43     67   1.591   1.591      1010.8       1.000
10 Distance restraints 2 (N-O)        :     405      30     40   1.269   1.269      556.27       1.000
11 Mainchain Phi dihedral restraints  :       0       0      0   0.000   0.000      0.0000       1.000
12 Mainchain Psi dihedral restraints  :       0       0      0   0.000   0.000      0.0000       1.000
13 Mainchain Omega dihedral restraints:      22       1      2   8.495   8.495      18.724       1.000
14 Sidechain Chi_1 dihedral restraints:      18       0      2  73.738  73.738      14.193       1.000
15 Sidechain Chi_2 dihedral restraints:      17       0      0  54.786  54.786      3.7318       1.000
16 Sidechain Chi_3 dihedral restraints:       9       0      1 107.560 107.560      8.4089       1.000
17 Sidechain Chi_4 dihedral restraints:       5       0      0  99.789  99.789      4.7707       1.000
18 Disulfide distance restraints      :       0       0      0   0.000   0.000      0.0000       1.000
19 Disulfide angle restraints         :       0       0      0   0.000   0.000      0.0000       1.000
20 Disulfide dihedral angle restraints:       0       0      0   0.000   0.000      0.0000       1.000
21 Lower bound distance restraints    :       0       0      0   0.000   0.000      0.0000       1.000
22 Upper bound distance restraints    :       0       0      0   0.000   0.000      0.0000       1.000
23 Distance restraints 3 (SDCH-MNCH)  :     206       0      0   1.011   1.011      11.481       1.000
24 Sidechain Chi_5 dihedral restraints:       0       0      0   0.000   0.000      0.0000       1.000
25 Phi/Psi pair of dihedral restraints:      23      10      9  51.525 129.656      85.850       1.000
26 Distance restraints 4 (SDCH-SDCH)  :     235       0      1   1.407   1.407      29.192       1.000
27 Distance restraints 5 (X-Y)        :       0       0      0   0.000   0.000      0.0000       1.000
28 NMR distance restraints 6 (X-Y)    :       0       0      0   0.000   0.000      0.0000       1.000
29 NMR distance restraints 7 (X-Y)    :       0       0      0   0.000   0.000      0.0000       1.000
30 Minimal distance restraints        :       0       0      0   0.000   0.000      0.0000       1.000
31 Non-bonded restraints              :       0       0      0   0.000   0.000      0.0000       1.000
32 Atomic accessibility restraints    :       0       0      0   0.000   0.000      0.0000       1.000
33 Atomic density restraints          :       0       0      0   0.000   0.000      0.0000       1.000
34 Absolute position restraints       :       0       0      0   0.000   0.000      0.0000       1.000
35 Dihedral angle difference restraint:       0       0      0   0.000   0.000      0.0000       1.000
36 GBSA implicit solvent potential    :       0       0      0   0.000   0.000      0.0000       1.000
37 EM density fitting potential       :       0       0      0   0.000   0.000      0.0000       1.000
38 SAXS restraints                    :       0       0      0   0.000   0.000      0.0000       1.000
39 Symmetry restraints                :       0       0      0   0.000   0.000      0.0000       1.000



openf___224_> Open           5CAP_A_full.V99990001
# Heavy relative violation of each residue is written to: 5CAP_A_full.V99990001
# The profile is NOT normalized by the number of restraints.
# The profiles are smoothed over a window of residues:    1
# The sum of all numbers in the file:    6654.0747



List of the violated restraints:
   A restraint is violated when the relative difference
   from the best value (RVIOL) is larger than CUTOFF.

   ICSR   ... index of a restraint in the current set.
   RESNO  ... residue numbers of the first two atoms.
   ATM    ... IUPAC atom names of the first two atoms.
   FEAT   ... the value of the feature in the model.
   restr  ... the mean of the basis restraint with the smallest
              difference from the model (local minimum).
   viol   ... difference from the local minimum.
   rviol  ... relative difference from the local minimum.
   RESTR  ... the best value (global minimum).
   VIOL   ... difference from the best value.
   RVIOL  ... relative difference from the best value.


-------------------------------------------------------------------------------------------------

Feature  1                           : Bond length potential                   
List of the RVIOL violations larger than   :       4.5000

    #   ICSR  RESNO1/2 ATM1/2   INDATM1/2    FEAT   restr    viol   rviol   RESTR    VIOL   RVIOL
    1   1396 173K 173K C   CA   1371 1365    2.29    1.49    0.80   23.34    1.49    0.80   23.34
    2   1397 173K 174V C   N    1371 1373    1.74    1.35    0.39   13.83    1.35    0.39   13.83
    3   1401 174V 174V N   CA   1373 1374    1.84    1.43    0.41   13.52    1.43    0.41   13.52
    4   1403 174V 174V C   CA   1378 1374    1.93    1.49    0.44   12.86    1.49    0.44   12.86
    5   1404 174V 175P C   N    1378 1380    1.61    1.30    0.31    9.16    1.30    0.31    9.16
    6   1408 175P 175P N   CA   1380 1381    1.66    1.43    0.23    7.48    1.43    0.23    7.48

-------------------------------------------------------------------------------------------------

Feature  2                           : Bond angle potential                    
List of the RVIOL violations larger than   :       4.5000

    #   ICSR  RESNO1/2 ATM1/2   INDATM1/2    FEAT   restr    viol   rviol   RESTR    VIOL   RVIOL
    1   4152 173K 173K N   CA   1364 1365  136.00  107.00   29.00    8.34  107.00   29.00    8.34
    2   4155 173K 173K CA  C    1365 1371  137.67  116.50   21.17    6.09  116.50   21.17    6.09
    3   4159 173K 173K C   CA   1371 1365  129.30  108.00   21.30    4.94  108.00   21.30    4.94
    4   4160 173K 174V C   N    1371 1373  164.16  120.00   44.16   10.04  120.00   44.16   10.04
    5   4163 174V 174V N   CA   1373 1374  142.26  107.00   35.26   10.14  107.00   35.26   10.14
    6   4170 174V 175P C   N    1378 1380  140.52  117.00   23.53    5.86  117.00   23.53    5.86

-------------------------------------------------------------------------------------------------

Feature  9                           : Distance restraints 1 (CA-CA)           
List of the RVIOL violations larger than   :       4.5000

    #   ICSR  RESNO1/2 ATM1/2   INDATM1/2    FEAT   restr    viol   rviol   RESTR    VIOL   RVIOL
    1   9362  20A 174V CA  CA    154 1374   18.59   13.34    5.25    8.29   13.34    5.25    8.29
    2   9997  56E 173K CA  CA    434 1365   17.13   13.53    3.60    5.31   13.53    3.60    5.31
    3  10069  59D 173K CA  CA    459 1365   15.20   10.40    4.80    8.49   10.40    4.80    8.49
    4  10100  60E 173K CA  CA    467 1365   14.63   10.51    4.12    8.29   10.51    4.12    8.29
    5  10129  61A 173K CA  CA    476 1365   17.66   13.06    4.60    8.80   13.06    4.60    8.80
    6  10155  62Y 173K CA  CA    481 1365   16.34   11.09    5.26    8.71   11.09    5.26    8.71
    7  10188  63V 173K CA  CA    493 1365   13.25    8.46    4.79   10.09    8.46    4.79   10.09
    8  10223  64M 173K CA  CA    500 1365   15.65   11.66    3.99    7.96   11.66    3.99    7.96
    9  10250  65A 173K CA  CA    508 1365   18.36   13.76    4.60    8.58   13.76    4.60    8.58
   10  10280  66S 173K CA  CA    513 1365   16.49   11.87    4.61    9.00   11.87    4.61    9.00
   11  10312  67V 173K CA  CA    519 1365   16.17   12.63    3.54    6.89   12.63    3.54    6.89
   12  12473 174V 217P CA  CA   1374 1731   18.34   13.20    5.14    9.03   13.20    5.14    9.03
   13  12474 174V 218A CA  CA   1374 1738   14.72    9.72    5.01   10.09    9.72    5.01   10.09
   14  12475 174V 219S CA  CA   1374 1743   16.29   11.40    4.89    7.91   11.40    4.89    7.91

-------------------------------------------------------------------------------------------------

Feature 10                           : Distance restraints 2 (N-O)             
List of the RVIOL violations larger than   :       4.5000

    #   ICSR  RESNO1/2 ATM1/2   INDATM1/2    FEAT   restr    viol   rviol   RESTR    VIOL   RVIOL
    1  15142  63V 173K N   O     492 1372   16.05   10.18    5.87   10.54   10.18    5.87   10.54
    2  16652 129R 173K N   O    1013 1372   13.37    9.25    4.13    6.80    9.25    4.13    6.80
    3  16664 130R 173K N   O    1024 1372   11.70    7.04    4.67    7.48    7.04    4.67    7.48
    4  16681 131L 173K N   O    1035 1372    9.42    4.61    4.80    9.02    4.61    4.80    9.02
    5  16700 132V 173K N   O    1043 1372    6.26    3.14    3.12    6.04    3.14    3.12    6.04
    6  17316 173K  59D N   O    1364  465   12.59    8.86    3.72    6.16    8.86    3.72    6.16
    7  17317 173K  60E N   O    1364  474   13.68   10.09    3.60    6.51   10.09    3.60    6.51
    8  17318 173K  62Y N   O    1364  491   14.20   10.42    3.78    5.72   10.42    3.78    5.72
    9  17319 173K  63V N   O    1364  498   12.74    9.27    3.47    6.39    9.27    3.47    6.39
   10  17340 174V 218A N   O    1373 1741   15.55   10.31    5.24    9.26   10.31    5.24    9.26
   11  18317 218A 174V N   O    1737 1379   13.86    8.65    5.21    9.64    8.65    5.21    9.64
   12  18328 219S 174V N   O    1742 1379   13.55    8.95    4.60    7.15    8.95    4.60    7.15
   13  18350 221I 174V N   O    1757 1379   13.74   10.93    2.81    5.20   10.93    2.81    5.20

-------------------------------------------------------------------------------------------------

Feature 13                           : Mainchain Omega dihedral restraints     
List of the RVIOL violations larger than   :       4.5000

    #   ICSR  RESNO1/2 ATM1/2   INDATM1/2    FEAT   restr    viol   rviol   RESTR    VIOL   RVIOL
    1   8188 175P 175P CA  C    1381 1385 -150.80 -180.00   29.20    5.84 -180.00   29.20    5.84

-------------------------------------------------------------------------------------------------

Feature 25                           : Phi/Psi pair of dihedral restraints     
List of the RVIOL violations larger than   :       6.5000

    #   ICSR  RESNO1/2 ATM1/2   INDATM1/2    FEAT   restr    viol   rviol   RESTR    VIOL   RVIOL
    1   7900 162A 163E C   N    1282 1284  179.96 -117.80   71.94    2.10  -63.60 -172.61   31.18
    1        163E 163E N   CA   1284 1285  172.87  136.80                  -40.30
    2   7901 163E 164E C   N    1291 1293   96.80 -117.80  164.08    4.80  -63.60 -167.26   24.54
    2        164E 164E N   CA   1293 1294 -147.18  136.80                  -40.30
    3   7902 164E 165K C   N    1300 1302  -63.66  -70.20   13.63    0.84  -62.90  169.24   21.94
    3        165K 165K N   CA   1302 1303  128.44  140.40                  -40.80
    4   7903 165K 166E C   N    1309 1311 -120.65 -117.80    8.75    0.48  -63.60  178.21   21.19
    4        166E 166E N   CA   1311 1312  128.53  136.80                  -40.30
    5   7904 166E 167Y C   N    1318 1320 -169.95 -124.30   55.53    4.60  -63.50 -178.35   25.06
    5        167Y 167Y N   CA   1320 1321  103.79  135.40                  -43.40
    6   7905 167Y 168H C   N    1330 1332 -169.87 -125.60   46.87    1.32  -63.20 -164.79   31.22
    6        168H 168H N   CA   1332 1333  154.21  138.80                  -42.30
    7   7906 168H 169A C   N    1340 1342 -133.37 -134.00   17.06    0.96  -62.50 -175.04   27.85
    7        169A 169A N   CA   1342 1343  129.95  147.00                  -40.90
    8   7907 169A 170E C   N    1345 1347 -172.46 -117.80   59.80    1.76  -63.60 -167.61   31.56
    8        170E 170E N   CA   1347 1348  161.07  136.80                  -40.30
    9   7909 171G 172G C   N    1358 1360  -83.83  -80.20   29.50    0.98   82.20 -125.83   17.97
    9        172G 172G N   CA   1360 1361 -156.62  174.10                    8.50
   10   7910 172G 173K C   N    1362 1364 -140.10  -62.90   86.46   15.11  -62.90   86.46   15.11
   10        173K 173K N   CA   1364 1365  -79.71  -40.80                  -40.80


report______> Distribution of short non-bonded contacts:

  serious non-bonded atom clash:  1023 1262   2.021
  serious non-bonded atom clash:  1023 1263   1.407
  serious non-bonded atom clash:  1023 1264   2.024
  serious non-bonded atom clash:  1025 1264   1.884
  serious non-bonded atom clash:  1026 1264   2.009
  serious non-bonded atom clash:  1030 1276   2.049
  serious non-bonded atom clash:  1031 1275   2.237
  serious non-bonded atom clash:  1031 1276   1.086
  serious non-bonded atom clash:  1031 1277   2.287
  serious non-bonded atom clash:  1033 1264   1.619
  serious non-bonded atom clash:  1034 1264   1.861
  serious non-bonded atom clash:  1373 1504   2.171

DISTANCE1:  0.00 2.10 2.20 2.30 2.40 2.50 2.60 2.70 2.80 2.90 3.00 3.10 3.20 3.30 3.40
DISTANCE2:  2.10 2.20 2.30 2.40 2.50 2.60 2.70 2.80 2.90 3.00 3.10 3.20 3.30 3.40 3.50
FREQUENCY:     9    1    2    1    6   11   13   59   70  102  162  153  243  334  369


<< end of ENERGY.
openf___224_> Open           5CAP_A_full.B99990001.pdb
wrpdb___568_> Residues, atoms, selected atoms:      277     2228     2228

>> Summary of successfully produced models:
Filename                          molpdf
----------------------------------------
5CAP_A_full.B99990001.pdb     2641.33838


Dynamically allocated memory at          finish [B,KiB,MiB]:      5058209    4939.657     4.824
Starting time                                            : 2018/02/20 13:03:25
Closing time                                             : 2018/02/20 13:03:37
Total CPU time [seconds]                                 :      11.25
