
                         MODELLER 9.19, 2017/07/19, r11078

     PROTEIN STRUCTURE MODELLING BY SATISFACTION OF SPATIAL RESTRAINTS


                     Copyright(c) 1989-2017 Andrej Sali
                            All Rights Reserved

                             Written by A. Sali
                               with help from
              B. Webb, M.S. Madhusudhan, M-Y. Shen, G.Q. Dong,
          M.A. Marti-Renom, N. Eswar, F. Alber, M. Topf, B. Oliva,
             A. Fiser, R. Sanchez, B. Yerkovich, A. Badretdinov,
                     F. Melo, J.P. Overington, E. Feyfant
                 University of California, San Francisco, USA
                    Rockefeller University, New York, USA
                      Harvard University, Cambridge, USA
                   Imperial Cancer Research Fund, London, UK
              Birkbeck College, University of London, London, UK


Kind, OS, HostName, Kernel, Processor: 4, Linux german-xps 4.14.6-041406-generic x86_64
Date and time of compilation         : 2017/07/19 15:03:51
MODELLER executable type             : x86_64-intel8
Job starting time (YY/MM/DD HH:MM:SS): 2018/02/20 13:00:45

openf___224_> Open           $(LIB)/restyp.lib
openf___224_> Open           ${MODINSTALL9v19}/modlib/resgrp.lib
rdresgr_266_> Number of residue groups:        2
openf___224_> Open           ${MODINSTALL9v19}/modlib/sstruc.lib

Dynamically allocated memory at   amaxlibraries [B,KiB,MiB]:       191566     187.076     0.183

Dynamically allocated memory at   amaxlibraries [B,KiB,MiB]:       192094     187.592     0.183
openf___224_> Open           ${MODINSTALL9v19}/modlib/resdih.lib

Dynamically allocated memory at   amaxlibraries [B,KiB,MiB]:       240694     235.053     0.230
rdrdih__263_> Number of dihedral angle types         :        9
              Maximal number of dihedral angle optima:        3
              Dihedral angle names                   :  Alph Phi Psi Omeg chi1 chi2 chi3 chi4 chi5
openf___224_> Open           ${MODINSTALL9v19}/modlib/radii.lib

Dynamically allocated memory at   amaxlibraries [B,KiB,MiB]:       253994     248.041     0.242
openf___224_> Open           ${MODINSTALL9v19}/modlib/radii14.lib
openf___224_> Open           ${MODINSTALL9v19}/modlib/af_mnchdef.lib
rdwilmo_274_> Mainchain residue conformation classes:  APBLE
openf___224_> Open           ${MODINSTALL9v19}/modlib/mnch.lib
rdclass_257_> Number of classes:        5
openf___224_> Open           ${MODINSTALL9v19}/modlib/mnch1.lib
openf___224_> Open           ${MODINSTALL9v19}/modlib/mnch2.lib
openf___224_> Open           ${MODINSTALL9v19}/modlib/mnch3.lib
openf___224_> Open           ${MODINSTALL9v19}/modlib/xs4.mat
rdrrwgh_268_> Number of residue types:       21
openf___224_> Open           /home/german/labo/18/egfr/model/2ITU_A/to_model_2ITU_A

Dynamically allocated memory at   amaxalignment [B,KiB,MiB]:       265487     259.265     0.253

Dynamically allocated memory at   amaxalignment [B,KiB,MiB]:       266937     260.681     0.255

Dynamically allocated memory at   amaxalignment [B,KiB,MiB]:       269837     263.513     0.257

Dynamically allocated memory at   amaxalignment [B,KiB,MiB]:       275637     269.177     0.263

Dynamically allocated memory at   amaxalignment [B,KiB,MiB]:       392693     383.489     0.375

Dynamically allocated memory at    amaxsequence [B,KiB,MiB]:       393905     384.673     0.376

Dynamically allocated memory at    amaxsequence [B,KiB,MiB]:       395009     385.751     0.377

Read the alignment from file       : /home/german/labo/18/egfr/model/2ITU_A/to_model_2ITU_A
Total number of alignment positions:   314

  #  Code        #_Res #_Segm PDB_code    Name
-------------------------------------------------------------------------------
  1     2ITU_A     304      1      2ITU_A
  2  2ITU_A_fu     277      1
check_a_343_> >> BEGINNING OF COMMAND
openf___224_> Open           ./2ITU_A.pdb

Dynamically allocated memory at amaxcoordinates [B,KiB,MiB]:       487934     476.498     0.465

Dynamically allocated memory at    amaxsequence [B,KiB,MiB]:       487934     476.498     0.465

Dynamically allocated memory at amaxcoordinates [B,KiB,MiB]:       488105     476.665     0.465

Dynamically allocated memory at amaxcoordinates [B,KiB,MiB]:       488955     477.495     0.466

Dynamically allocated memory at amaxcoordinates [B,KiB,MiB]:       490213     478.724     0.468

Dynamically allocated memory at amaxcoordinates [B,KiB,MiB]:       492117     480.583     0.469

Dynamically allocated memory at    amaxsequence [B,KiB,MiB]:       492117     480.583     0.469

Dynamically allocated memory at amaxcoordinates [B,KiB,MiB]:       492207     480.671     0.469

Dynamically allocated memory at amaxcoordinates [B,KiB,MiB]:       495063     483.460     0.472

Dynamically allocated memory at    amaxsequence [B,KiB,MiB]:       495063     483.460     0.472

Dynamically allocated memory at amaxcoordinates [B,KiB,MiB]:       495198     483.592     0.472

Dynamically allocated memory at amaxcoordinates [B,KiB,MiB]:       499482     487.775     0.476

Dynamically allocated memory at    amaxsequence [B,KiB,MiB]:       499482     487.775     0.476

Dynamically allocated memory at amaxcoordinates [B,KiB,MiB]:       499680     487.969     0.477

Dynamically allocated memory at amaxcoordinates [B,KiB,MiB]:       506106     494.244     0.483

Dynamically allocated memory at    amaxsequence [B,KiB,MiB]:       506106     494.244     0.483

Dynamically allocated memory at amaxcoordinates [B,KiB,MiB]:       506403     494.534     0.483

Dynamically allocated memory at amaxcoordinates [B,KiB,MiB]:       516025     503.931     0.492

Dynamically allocated memory at    amaxsequence [B,KiB,MiB]:       516025     503.931     0.492

Dynamically allocated memory at amaxcoordinates [B,KiB,MiB]:       516475     504.370     0.493

Dynamically allocated memory at amaxcoordinates [B,KiB,MiB]:       530925     518.481     0.506

Dynamically allocated memory at    amaxsequence [B,KiB,MiB]:       530925     518.481     0.506

Dynamically allocated memory at amaxcoordinates [B,KiB,MiB]:       531600     519.141     0.507

Dynamically allocated memory at amaxcoordinates [B,KiB,MiB]:       553258     540.291     0.528

Dynamically allocated memory at    amaxsequence [B,KiB,MiB]:       553258     540.291     0.528

Dynamically allocated memory at amaxcoordinates [B,KiB,MiB]:       554266     541.275     0.529

Dynamically allocated memory at amaxcoordinates [B,KiB,MiB]:       586770     573.018     0.560

Dynamically allocated memory at   amaxstructure [B,KiB,MiB]:       586473     572.728     0.559

check_ali___> Checking the sequence-structure alignment. 

Implied intrachain target CA(i)-CA(i+1) distances longer than  8.0 angstroms:

ALN_POS  TMPL  RID1  RID2  NAM1  NAM2     DIST
----------------------------------------------
END OF TABLE
check_a_344_> << END OF COMMAND
openf___224_> Open           ${LIB}/top_heav.lib
read_to_681_> topology.submodel read from topology file:        3
openf___224_> Open           ${LIB}/par.lib

Dynamically allocated memory at  amaxparameters [B,KiB,MiB]:       725725     708.716     0.692

Dynamically allocated memory at  amaxparameters [B,KiB,MiB]:       727325     710.278     0.694

Dynamically allocated memory at  amaxparameters [B,KiB,MiB]:       731305     714.165     0.697

Dynamically allocated memory at  amaxparameters [B,KiB,MiB]:       733305     716.118     0.699

Dynamically allocated memory at  amaxparameters [B,KiB,MiB]:       736305     719.048     0.702

Dynamically allocated memory at  amaxparameters [B,KiB,MiB]:       740805     723.442     0.706

Dynamically allocated memory at  amaxparameters [B,KiB,MiB]:       746377     728.884     0.712

Dynamically allocated memory at  amaxparameters [B,KiB,MiB]:       749177     731.618     0.714

Dynamically allocated memory at  amaxparameters [B,KiB,MiB]:       753377     735.720     0.718

Dynamically allocated memory at  amaxparameters [B,KiB,MiB]:       759677     741.872     0.724

Dynamically allocated memory at  amaxparameters [B,KiB,MiB]:       762449     744.579     0.727

Dynamically allocated memory at  amaxparameters [B,KiB,MiB]:       763849     745.946     0.728
read_pa_232_> parameters    BONDS   ANGLS  DIHEDS IMPROPS    MODE
                              227     561     661     112       0

Dynamically allocated memory at       amaxmodel [B,KiB,MiB]:       807181     788.263     0.770

Dynamically allocated memory at       amaxmodel [B,KiB,MiB]:      1027191    1003.116     0.980

Dynamically allocated memory at       amaxmodel [B,KiB,MiB]:      1060199    1035.351     1.011

mkilst______> segment topology constructed from sequence and RTF:
              segments residues atoms bonds angles dihedrals impropers:
                     1      277  2226  2276      0         0       925

Dynamically allocated memory at       amaxmodel [B,KiB,MiB]:      1155607    1128.522     1.102

patch_______> segment topology patched using RTF:     1  ;  LEU  ;  NTER
              segments residues atoms bonds angles dihedrals impropers:
                     1      277  2226  2276   3077      3657       925


Dynamically allocated memory at       amaxmodel [B,KiB,MiB]:      1247703    1218.460     1.190
patch_______> segment topology patched using RTF:   277  ;  LEU  ;  CTER
              segments residues atoms bonds angles dihedrals impropers:
                     1      277  2227  2277   3079      3659       926

genseg______> segment topology constructed from sequence and RTF:
              segments residues atoms bonds angles dihedrals impropers:
                     1      277  2227  2277   3079      3659       926
transfe_506_> MODEL is an average of all templates.
transfe_511_> Number of templates for coordinate transfer:        1
              After transferring coordinates of the equivalent template atoms,
              there are defined, undefined atoms in MODEL:     2146       81
openf___224_> Open           2ITU_A_full.ini
wrpdb___568_> Residues, atoms, selected atoms:      277     2227     2227
make_re_417_> Restraint type to be calculated:  stereo

Dynamically allocated memory at  amaxrestraints [B,KiB,MiB]:      1354752    1323.000     1.292

Dynamically allocated memory at  amaxrestraints [B,KiB,MiB]:      1362944    1331.000     1.300

Dynamically allocated memory at  amaxrestraints [B,KiB,MiB]:      1379328    1347.000     1.315

Dynamically allocated memory at  amaxrestraints [B,KiB,MiB]:      1412096    1379.000     1.347

Dynamically allocated memory at  amaxrestraints [B,KiB,MiB]:      1444864    1411.000     1.378

Dynamically allocated memory at  amaxrestraints [B,KiB,MiB]:      1510400    1475.000     1.440

Dynamically allocated memory at  amaxrestraints [B,KiB,MiB]:      1543168    1507.000     1.472

Dynamically allocated memory at  amaxrestraints [B,KiB,MiB]:      1575936    1539.000     1.503

Dynamically allocated memory at  amaxrestraints [B,KiB,MiB]:      1641472    1603.000     1.565

Dynamically allocated memory at  amaxrestraints [B,KiB,MiB]:      1772544    1731.000     1.690

Dynamically allocated memory at  amaxrestraints [B,KiB,MiB]:      1838080    1795.000     1.753

Dynamically allocated memory at  amaxrestraints [B,KiB,MiB]:      1903616    1859.000     1.815

Dynamically allocated memory at  amaxrestraints [B,KiB,MiB]:      2034688    1987.000     1.940

Dynamically allocated memory at  amaxrestraints [B,KiB,MiB]:      2296832    2243.000     2.190
r_stere_606_> Stereochemical restraints were constructed from RTF & PRMF.
              Added bond,angle,dihedral,improper restraints  :     2277    3079    3499     912
              Total number of restraints before, now         :        0     9767
make_re_422_> Number of previous, current restraints         :        0     9767
make_re_423_> Number of previous, current selected restraints:        0     9767
make_re_417_> Restraint type to be calculated:  phi-psi_binormal

Dynamically allocated memory at   amaxstructure [B,KiB,MiB]:      2457578    2399.979     2.344
openf___224_> Open           ${MODINSTALL9v19}/modlib/mnch1.bin
openf___224_> Open           ${MODINSTALL9v19}/modlib/mnch1.mdt
errdih__638_> Missing atoms in a dihedral, residue index, residue type:        5      283  HIS
errdih__638_> Missing atoms in a dihedral, residue index, residue type:        5      289  GLU
errdih__638_> Missing atoms in a dihedral, residue index, residue type:        5      290  GLU
errdih__638_> Missing atoms in a dihedral, residue index, residue type:        5      291  ASP
errdih__638_> Missing atoms in a dihedral, residue index, residue type:        6      283  HIS
errdih__638_> Missing atoms in a dihedral, residue index, residue type:        6      289  GLU
errdih__638_> Missing atoms in a dihedral, residue index, residue type:        6      290  GLU
errdih__638_> Missing atoms in a dihedral, residue index, residue type:        6      291  ASP
errdih__638_> Missing atoms in a dihedral, residue index, residue type:        7      289  GLU
errdih__638_> Missing atoms in a dihedral, residue index, residue type:        7      290  GLU
getdata_643_> Protein accepted:  2ITU_A
getdata_289_> Proteins (all/accepted):        1        1

Dynamically allocated memory at  amaxrestraints [B,KiB,MiB]:      2588666    2527.994     2.469
make_re_422_> Number of previous, current restraints         :     9767    10042
make_re_423_> Number of previous, current selected restraints:     9767    10042
make_re_417_> Restraint type to be calculated:  omega_dihedral

Dynamically allocated memory at   amaxstructure [B,KiB,MiB]:      2588666    2527.994     2.469
openf___224_> Open           ${MODINSTALL9v19}/modlib/omega.bin
openf___224_> Open           ${MODINSTALL9v19}/modlib/omega.mdt
getdata_643_> Protein accepted:  2ITU_A
getdata_289_> Proteins (all/accepted):        1        1
omgdel__425_> Unselected all O C +N +CA dihedrals:      290
              (This is to avoid clashes between STEREO
              and OMEGA_DIHEDRAL restraints)
make_re_422_> Number of previous, current restraints         :    10042    10318
make_re_423_> Number of previous, current selected restraints:    10042    10028
make_re_417_> Restraint type to be calculated:  chi1_dihedral

Dynamically allocated memory at   amaxstructure [B,KiB,MiB]:      2588666    2527.994     2.469
openf___224_> Open           ${MODINSTALL9v19}/modlib/chi1234.bin
openf___224_> Open           ${MODINSTALL9v19}/modlib/chi1.mdt
getdata_643_> Protein accepted:  2ITU_A
getdata_289_> Proteins (all/accepted):        1        1

Dynamically allocated memory at  amaxrestraints [B,KiB,MiB]:      2719738    2655.994     2.594
make_re_422_> Number of previous, current restraints         :    10318    10562
make_re_423_> Number of previous, current selected restraints:    10028    10272
make_re_417_> Restraint type to be calculated:  chi2_dihedral

Dynamically allocated memory at   amaxstructure [B,KiB,MiB]:      2719738    2655.994     2.594
openf___224_> Open           ${MODINSTALL9v19}/modlib/chi1234.bin
openf___224_> Open           ${MODINSTALL9v19}/modlib/chi2.mdt
getdata_643_> Protein accepted:  2ITU_A
getdata_289_> Proteins (all/accepted):        1        1
make_re_422_> Number of previous, current restraints         :    10562    10754
make_re_423_> Number of previous, current selected restraints:    10272    10464
make_re_417_> Restraint type to be calculated:  chi3_dihedral

Dynamically allocated memory at   amaxstructure [B,KiB,MiB]:      2719738    2655.994     2.594
openf___224_> Open           ${MODINSTALL9v19}/modlib/chi1234.bin
openf___224_> Open           ${MODINSTALL9v19}/modlib/chi3.mdt
getdata_643_> Protein accepted:  2ITU_A
getdata_289_> Proteins (all/accepted):        1        1
make_re_422_> Number of previous, current restraints         :    10754    10844
make_re_423_> Number of previous, current selected restraints:    10464    10554
make_re_417_> Restraint type to be calculated:  chi4_dihedral

Dynamically allocated memory at   amaxstructure [B,KiB,MiB]:      2719738    2655.994     2.594
openf___224_> Open           ${MODINSTALL9v19}/modlib/chi1234.bin
openf___224_> Open           ${MODINSTALL9v19}/modlib/chi4.mdt
mdtrsr__446W> A potential that relies on one protein is used, yet you have at
              least one known structure available. MDT, not library, potential is used.
getdata_643_> Protein accepted:  2ITU_A
getdata_289_> Proteins (all/accepted):        1        1
make_re_422_> Number of previous, current restraints         :    10844    10882
make_re_423_> Number of previous, current selected restraints:    10554    10592
make_re_417_> Restraint type to be calculated:  DISTANCE

Dynamically allocated memory at amaxhash_contac [B,KiB,MiB]:      3361078    3282.303     3.205
make_re_422_> Number of previous, current restraints         :    10882    16258
make_re_423_> Number of previous, current selected restraints:    10592    15968
make_re_417_> Restraint type to be calculated:  DISTANCE

Dynamically allocated memory at  amaxrestraints [B,KiB,MiB]:      3623222    3538.303     3.455

Dynamically allocated memory at  amaxrestraints [B,KiB,MiB]:      3885366    3794.303     3.705

Dynamically allocated memory at  amaxrestraints [B,KiB,MiB]:      4409654    4306.303     4.205
make_re_422_> Number of previous, current restraints         :    16258    21716
make_re_423_> Number of previous, current selected restraints:    15968    21426
make_re_417_> Restraint type to be calculated:  DISTANCE

Dynamically allocated memory at  amaxrestraints [B,KiB,MiB]:      4671798    4562.303     4.455
make_re_422_> Number of previous, current restraints         :    21716    26205
make_re_423_> Number of previous, current selected restraints:    21426    25915
make_re_417_> Restraint type to be calculated:  DISTANCE
make_re_422_> Number of previous, current restraints         :    26205    28924
make_re_423_> Number of previous, current selected restraints:    25915    28634
0 atoms in HETATM/BLK residues constrained
to protein atoms within 2.30 angstroms
and protein CA atoms within 10.00 angstroms
make_re_417_> Restraint type to be calculated:  DISTANCE
make_re_422_> Number of previous, current restraints         :    28924    28924
make_re_423_> Number of previous, current selected restraints:    28634    28634
make_re_417_> Restraint type to be calculated:  DISTANCE
make_re_422_> Number of previous, current restraints         :    28924    28924
make_re_423_> Number of previous, current selected restraints:    28634    28634
make_re_417_> Restraint type to be calculated:  DISTANCE
make_re_422_> Number of previous, current restraints         :    28924    28924
make_re_423_> Number of previous, current selected restraints:    28634    28634
make_re_417_> Restraint type to be calculated:  DISTANCE
make_re_422_> Number of previous, current restraints         :    28924    28924
make_re_423_> Number of previous, current selected restraints:    28634    28634
0 atoms in residues without defined topology
constrained to be rigid bodies
make_re_417_> Restraint type to be calculated:  DISTANCE
make_re_422_> Number of previous, current restraints         :    28924    28924
make_re_423_> Number of previous, current selected restraints:    28634    28634
rmdupl__427_>     1737 redundant cosine dihedral restraints were unselected.
condens_443_> Restraints marked for deletion were removed.
              Total number of restraints before, now:    28924    26897
openf___224_> Open           2ITU_A_full.rsr
openf___224_> Open           2ITU_A_full.rsr

Dynamically allocated memory at  amaxrestraints [B,KiB,MiB]:      4711755    4601.323     4.493
rdcsr2__307_> Number of restraints read    :    26897
              Number of excluded pairs read:        0
              Number of pseudo atoms read  :        0
rdcsrs__304_> Restraints in memory, selected restraints:    26897    26897
              Explicitly excluded atom pairs in memory :        0
              Pseudo atoms in memory                   :        0
136 (of 2227 total) atoms selected for optimization
openf___224_> Open           2ITU_A_full.ini

Dynamically allocated memory at       amaxmodel [B,KiB,MiB]:      4711779    4601.347     4.494
read_mo_297_> Segments, residues, atoms:        1      277     2227
read_mo_298_> Segment:        1     1   277     2227
randomi_498_> Atoms,selected atoms,random_seed,amplitude:     2227      136        1        4.0000
randomi_496_> Amplitude is > 0; randomization is done.
pick_re_612_> Number of MODEL atoms, selected restraints;      136      862
pick_re_612_> Number of MODEL atoms, selected restraints;      136      976
pick_re_612_> Number of MODEL atoms, selected restraints;      136     1038
pick_re_612_> Number of MODEL atoms, selected restraints;      136     1102
pick_re_612_> Number of MODEL atoms, selected restraints;      136     1242
pick_re_612_> Number of MODEL atoms, selected restraints;      136     1425
pick_re_612_> Number of MODEL atoms, selected restraints;      136     1753
pick_re_612_> Number of MODEL atoms, selected restraints;      136     2068

Dynamically allocated memory at  amaxrestraints [B,KiB,MiB]:      5057807    4939.265     4.824
pick_re_612_> Number of MODEL atoms, selected restraints;      136     2109
pick_re_612_> Number of MODEL atoms, selected restraints;      136     2109
pick_re_612_> Number of MODEL atoms, selected restraints;      136     2109
iupac_m_487_> NH1/2 swapped:      179.9031        3     3
iupac_m_483_> CD1/2 CE1/2 swapped:       98.7385       21    21
iupac_m_397W> Atoms were not swapped because of the uncertainty of how to handle the H atom.
iupac_m_486_> OE1/2 will be swapped:      108.1749       34    34
iupac_m_486_> OE1/2 will be swapped:       92.2723       47    47
iupac_m_486_> OE1/2 will be swapped:     -166.0872       60    60
iupac_m_483_> CD1/2 CE1/2 swapped:      -97.2471       62    62
iupac_m_397W> Atoms were not swapped because of the uncertainty of how to handle the H atom.
iupac_m_485_> OD1/2 will be swapped:     -156.2454       98    98
iupac_m_486_> OE1/2 will be swapped:     -161.3651      102   102
iupac_m_483_> CD1/2 CE1/2 swapped:       93.0484      125   125
iupac_m_397W> Atoms were not swapped because of the uncertainty of how to handle the H atom.
iupac_m_486_> OE1/2 will be swapped:      107.7328      127   127
iupac_m_485_> OD1/2 will be swapped:      163.2919      128   128
iupac_m_486_> OE1/2 will be swapped:     -179.9802      164   164
iupac_m_486_> OE1/2 will be swapped:      179.9802      166   166
iupac_m_483_> CD1/2 CE1/2 swapped:       90.0484      167   167
iupac_m_397W> Atoms were not swapped because of the uncertainty of how to handle the H atom.
iupac_m_486_> OE1/2 will be swapped:     -179.9802      170   170
iupac_m_486_> OE1/2 will be swapped:      100.4752      182   182
iupac_m_483_> CD1/2 CE1/2 swapped:     -107.2480      189   189
iupac_m_397W> Atoms were not swapped because of the uncertainty of how to handle the H atom.
iupac_m_485_> OD1/2 will be swapped:      179.9315      194   194
iupac_m_483_> CD1/2 CE1/2 swapped:      -98.8095      198   198
iupac_m_397W> Atoms were not swapped because of the uncertainty of how to handle the H atom.
iupac_m_483_> CD1/2 CE1/2 swapped:      -90.7807      213   213
iupac_m_397W> Atoms were not swapped because of the uncertainty of how to handle the H atom.
iupac_m_484W> Dihedral still outside +-90:       90.2466
iupac_m_485_> OD1/2 will be swapped:      174.8418      214   214
iupac_m_486_> OE1/2 will be swapped:      157.0778      229   229
iupac_m_483_> CD1/2 CE1/2 swapped:     -118.5977      242   242
iupac_m_397W> Atoms were not swapped because of the uncertainty of how to handle the H atom.
iupac_m_485_> OD1/2 will be swapped:     -134.6719      252   252
iupac_m_485_> OD1/2 will be swapped:     -151.7552      254   254
iupac_m_487_> NH1/2 swapped:      179.1416      260   260
iupac_m_486_> OE1/2 will be swapped:      121.3147      265   265
iupac_m_485_> OD1/2 will be swapped:     -175.3894      272   272
iupac_m_483_> CD1/2 CE1/2 swapped:       97.0141      276   276
iupac_m_397W> Atoms were not swapped because of the uncertainty of how to handle the H atom.


>> ENERGY; Differences between the model's features and restraints:
Number of all residues in MODEL                   :      277
Number of all, selected real atoms                :     2227     136
Number of all, selected pseudo atoms              :        0       0
Number of all static, selected restraints         :    26897    2109
COVALENT_CYS                                      :        F
NONBONDED_SEL_ATOMS                               :        1
Number of non-bonded pairs (excluding 1-2,1-3,1-4):      293
Dynamic pairs routine                             : 5, NATM_SEL x NATM double loop
Atomic shift for contacts update (UPDATE_DYNAMIC) :    0.390
LENNARD_JONES_SWITCH                              :    6.500   7.500
COULOMB_JONES_SWITCH                              :    6.500   7.500
RESIDUE_SPAN_RANGE                                :        0   99999
NLOGN_USE                                         :       15
CONTACT_SHELL                                     :    4.000
DYNAMIC_PAIRS,_SPHERE,_COULOMB,_LENNARD,_MODELLER :        T       T       F       F       F
SPHERE_STDV                                       :    0.050
RADII_FACTOR                                      :    0.820
Current energy                                    :         549.3932





Summary of the restraint violations: 

   NUM     ... number of restraints.
   NUMVI   ... number of restraints with RVIOL > VIOL_REPORT_CUT[i].
   RVIOL   ... relative difference from the best value.
   NUMVP   ... number of restraints with -Ln(pdf) > VIOL_REPORT_CUT2[i].
   RMS_1   ... RMS(feature, minimally_violated_basis_restraint, NUMB).
   RMS_2   ... RMS(feature, best_value, NUMB).
   MOL.PDF ... scaled contribution to -Ln(Molecular pdf).

 #                     RESTRAINT_GROUP      NUM   NUMVI  NUMVP   RMS_1   RMS_2         MOL.PDF     S_i
------------------------------------------------------------------------------------------------------
 1 Bond length potential              :     140      11     13   0.050   0.050      104.78       1.000
 2 Bond angle potential               :     189       5     14   6.920   6.920      197.08       1.000
 3 Stereochemical cosine torsion poten:      88       0      2  45.968  45.968      33.439       1.000
 4 Stereochemical improper torsion pot:      48       1      1   4.694   4.694      36.304       1.000
 5 Soft-sphere overlap restraints     :     293       0      0   0.005   0.005     0.88505       1.000
 6 Lennard-Jones 6-12 potential       :       0       0      0   0.000   0.000      0.0000       1.000
 7 Coulomb point-point electrostatic p:       0       0      0   0.000   0.000      0.0000       1.000
 8 H-bonding potential                :       0       0      0   0.000   0.000      0.0000       1.000
 9 Distance restraints 1 (CA-CA)      :     517       0      6   0.327   0.327      48.467       1.000
10 Distance restraints 2 (N-O)        :     499       0      4   0.327   0.327      41.213       1.000
11 Mainchain Phi dihedral restraints  :       0       0      0   0.000   0.000      0.0000       1.000
12 Mainchain Psi dihedral restraints  :       0       0      0   0.000   0.000      0.0000       1.000
13 Mainchain Omega dihedral restraints:      18       0      2   6.863   6.863      9.9989       1.000
14 Sidechain Chi_1 dihedral restraints:      14       0      0  46.960  46.960      3.7124       1.000
15 Sidechain Chi_2 dihedral restraints:      13       0      0  52.529  52.529     0.49827E-01   1.000
16 Sidechain Chi_3 dihedral restraints:       7       0      0  73.979  73.979      3.9713       1.000
17 Sidechain Chi_4 dihedral restraints:       4       0      0  90.300  90.300      3.4945       1.000
18 Disulfide distance restraints      :       0       0      0   0.000   0.000      0.0000       1.000
19 Disulfide angle restraints         :       0       0      0   0.000   0.000      0.0000       1.000
20 Disulfide dihedral angle restraints:       0       0      0   0.000   0.000      0.0000       1.000
21 Lower bound distance restraints    :       0       0      0   0.000   0.000      0.0000       1.000
22 Upper bound distance restraints    :       0       0      0   0.000   0.000      0.0000       1.000
23 Distance restraints 3 (SDCH-MNCH)  :     261       0      0   0.645   0.645      7.7789       1.000
24 Sidechain Chi_5 dihedral restraints:       0       0      0   0.000   0.000      0.0000       1.000
25 Phi/Psi pair of dihedral restraints:      19       4      5  38.638  83.090      36.451       1.000
26 Distance restraints 4 (SDCH-SDCH)  :     292       0      0   0.858   0.858      21.773       1.000
27 Distance restraints 5 (X-Y)        :       0       0      0   0.000   0.000      0.0000       1.000
28 NMR distance restraints 6 (X-Y)    :       0       0      0   0.000   0.000      0.0000       1.000
29 NMR distance restraints 7 (X-Y)    :       0       0      0   0.000   0.000      0.0000       1.000
30 Minimal distance restraints        :       0       0      0   0.000   0.000      0.0000       1.000
31 Non-bonded restraints              :       0       0      0   0.000   0.000      0.0000       1.000
32 Atomic accessibility restraints    :       0       0      0   0.000   0.000      0.0000       1.000
33 Atomic density restraints          :       0       0      0   0.000   0.000      0.0000       1.000
34 Absolute position restraints       :       0       0      0   0.000   0.000      0.0000       1.000
35 Dihedral angle difference restraint:       0       0      0   0.000   0.000      0.0000       1.000
36 GBSA implicit solvent potential    :       0       0      0   0.000   0.000      0.0000       1.000
37 EM density fitting potential       :       0       0      0   0.000   0.000      0.0000       1.000
38 SAXS restraints                    :       0       0      0   0.000   0.000      0.0000       1.000
39 Symmetry restraints                :       0       0      0   0.000   0.000      0.0000       1.000



openf___224_> Open           2ITU_A_full.V99990001
# Heavy relative violation of each residue is written to: 2ITU_A_full.V99990001
# The profile is NOT normalized by the number of restraints.
# The profiles are smoothed over a window of residues:    1
# The sum of all numbers in the file:    3101.8147



List of the violated restraints:
   A restraint is violated when the relative difference
   from the best value (RVIOL) is larger than CUTOFF.

   ICSR   ... index of a restraint in the current set.
   RESNO  ... residue numbers of the first two atoms.
   ATM    ... IUPAC atom names of the first two atoms.
   FEAT   ... the value of the feature in the model.
   restr  ... the mean of the basis restraint with the smallest
              difference from the model (local minimum).
   viol   ... difference from the local minimum.
   rviol  ... relative difference from the local minimum.
   RESTR  ... the best value (global minimum).
   VIOL   ... difference from the best value.
   RVIOL  ... relative difference from the best value.


-------------------------------------------------------------------------------------------------

Feature  1                           : Bond length potential                   
List of the RVIOL violations larger than   :       4.5000

    #   ICSR  RESNO1/2 ATM1/2   INDATM1/2    FEAT   restr    viol   rviol   RESTR    VIOL   RVIOL
    1   1379 170E 171G C   N    1353 1355    1.55    1.35    0.20    7.16    1.35    0.20    7.16
    2   1380 171G 171G N   CA   1355 1356    1.60    1.43    0.17    5.75    1.43    0.17    5.75
    3   1382 171G 171G C   CA   1357 1356    1.70    1.49    0.21    6.04    1.49    0.21    6.04
    4   1383 171G 172G C   N    1357 1359    1.48    1.35    0.13    4.71    1.35    0.13    4.71
    5   1384 172G 172G N   CA   1359 1360    1.59    1.43    0.16    5.19    1.43    0.16    5.19
    6   1386 172G 172G C   CA   1361 1360    1.68    1.49    0.19    5.48    1.49    0.19    5.48
    7   1387 172G 173K C   N    1361 1363    1.48    1.35    0.13    4.76    1.35    0.13    4.76
    8   1393 173K 173K N   CA   1363 1364    1.58    1.43    0.15    5.09    1.43    0.15    5.09
    9   1395 173K 173K C   CA   1370 1364    1.68    1.49    0.19    5.40    1.49    0.19    5.40
   10   1396 173K 174V C   N    1370 1372    1.48    1.35    0.13    4.64    1.35    0.13    4.64
   11   1400 174V 174V N   CA   1372 1373    1.57    1.43    0.14    4.68    1.43    0.14    4.68

-------------------------------------------------------------------------------------------------

Feature  2                           : Bond angle potential                    
List of the RVIOL violations larger than   :       4.5000

    #   ICSR  RESNO1/2 ATM1/2   INDATM1/2    FEAT   restr    viol   rviol   RESTR    VIOL   RVIOL
    1   4138 170E 171G C   N    1353 1355  152.08  120.00   32.08    7.29  120.00   32.08    7.29
    2   4145 172G 172G N   CA   1359 1360  125.84  107.00   18.84    5.42  107.00   18.84    5.42
    3   4151 173K 173K N   CA   1363 1364  126.07  107.00   19.07    5.48  107.00   19.07    5.48

-------------------------------------------------------------------------------------------------

Feature 25                           : Phi/Psi pair of dihedral restraints     
List of the RVIOL violations larger than   :       6.5000

    #   ICSR  RESNO1/2 ATM1/2   INDATM1/2    FEAT   restr    viol   rviol   RESTR    VIOL   RVIOL
    1   7909 169A 170E C   N    1344 1346  180.00  -63.60  118.59   19.71  -63.60  118.59   19.71
    1        170E 170E N   CA   1346 1347  -62.96  -40.30                  -40.30
    2   7910 170E 171G C   N    1353 1355 -164.33 -167.20   15.17    0.55   82.20 -170.95   14.00
    2        171G 171G N   CA   1355 1356  159.71  174.60                    8.50
    3   7911 171G 172G C   N    1357 1359 -171.44 -167.20    6.54    0.16   82.20 -158.56   14.46
    3        172G 172G N   CA   1359 1360  179.57  174.60                    8.50
    4   7912 172G 173K C   N    1361 1363 -163.53 -118.00   63.87    2.25  -62.90  168.62   27.81
    4        173K 173K N   CA   1363 1364 -176.10  139.10                  -40.80


report______> Distribution of short non-bonded contacts:


DISTANCE1:  0.00 2.10 2.20 2.30 2.40 2.50 2.60 2.70 2.80 2.90 3.00 3.10 3.20 3.30 3.40
DISTANCE2:  2.10 2.20 2.30 2.40 2.50 2.60 2.70 2.80 2.90 3.00 3.10 3.20 3.30 3.40 3.50
FREQUENCY:     0    0    0    4    6   16   28   63  109  151  167  219  250  295  340


<< end of ENERGY.
openf___224_> Open           2ITU_A_full.B99990001.pdb
wrpdb___568_> Residues, atoms, selected atoms:      277     2227     2227

>> Summary of successfully produced models:
Filename                          molpdf
----------------------------------------
2ITU_A_full.B99990001.pdb      549.39319


Dynamically allocated memory at          finish [B,KiB,MiB]:      5057807    4939.265     4.824
Starting time                                            : 2018/02/20 13:00:45
Closing time                                             : 2018/02/20 13:00:50
Total CPU time [seconds]                                 :       4.37
