
                         MODELLER 9.19, 2017/07/19, r11078

     PROTEIN STRUCTURE MODELLING BY SATISFACTION OF SPATIAL RESTRAINTS


                     Copyright(c) 1989-2017 Andrej Sali
                            All Rights Reserved

                             Written by A. Sali
                               with help from
              B. Webb, M.S. Madhusudhan, M-Y. Shen, G.Q. Dong,
          M.A. Marti-Renom, N. Eswar, F. Alber, M. Topf, B. Oliva,
             A. Fiser, R. Sanchez, B. Yerkovich, A. Badretdinov,
                     F. Melo, J.P. Overington, E. Feyfant
                 University of California, San Francisco, USA
                    Rockefeller University, New York, USA
                      Harvard University, Cambridge, USA
                   Imperial Cancer Research Fund, London, UK
              Birkbeck College, University of London, London, UK


Kind, OS, HostName, Kernel, Processor: 4, Linux german-xps 4.14.6-041406-generic x86_64
Date and time of compilation         : 2017/07/19 15:03:51
MODELLER executable type             : x86_64-intel8
Job starting time (YY/MM/DD HH:MM:SS): 2018/02/20 13:01:51

openf___224_> Open           $(LIB)/restyp.lib
openf___224_> Open           ${MODINSTALL9v19}/modlib/resgrp.lib
rdresgr_266_> Number of residue groups:        2
openf___224_> Open           ${MODINSTALL9v19}/modlib/sstruc.lib

Dynamically allocated memory at   amaxlibraries [B,KiB,MiB]:       191566     187.076     0.183

Dynamically allocated memory at   amaxlibraries [B,KiB,MiB]:       192094     187.592     0.183
openf___224_> Open           ${MODINSTALL9v19}/modlib/resdih.lib

Dynamically allocated memory at   amaxlibraries [B,KiB,MiB]:       240694     235.053     0.230
rdrdih__263_> Number of dihedral angle types         :        9
              Maximal number of dihedral angle optima:        3
              Dihedral angle names                   :  Alph Phi Psi Omeg chi1 chi2 chi3 chi4 chi5
openf___224_> Open           ${MODINSTALL9v19}/modlib/radii.lib

Dynamically allocated memory at   amaxlibraries [B,KiB,MiB]:       253994     248.041     0.242
openf___224_> Open           ${MODINSTALL9v19}/modlib/radii14.lib
openf___224_> Open           ${MODINSTALL9v19}/modlib/af_mnchdef.lib
rdwilmo_274_> Mainchain residue conformation classes:  APBLE
openf___224_> Open           ${MODINSTALL9v19}/modlib/mnch.lib
rdclass_257_> Number of classes:        5
openf___224_> Open           ${MODINSTALL9v19}/modlib/mnch1.lib
openf___224_> Open           ${MODINSTALL9v19}/modlib/mnch2.lib
openf___224_> Open           ${MODINSTALL9v19}/modlib/mnch3.lib
openf___224_> Open           ${MODINSTALL9v19}/modlib/xs4.mat
rdrrwgh_268_> Number of residue types:       21
openf___224_> Open           /home/german/labo/18/egfr/model/3W2R_A/to_model_3W2R_A

Dynamically allocated memory at   amaxalignment [B,KiB,MiB]:       265487     259.265     0.253

Dynamically allocated memory at   amaxalignment [B,KiB,MiB]:       266937     260.681     0.255

Dynamically allocated memory at   amaxalignment [B,KiB,MiB]:       269837     263.513     0.257

Dynamically allocated memory at   amaxalignment [B,KiB,MiB]:       275637     269.177     0.263

Dynamically allocated memory at   amaxalignment [B,KiB,MiB]:       392693     383.489     0.375

Dynamically allocated memory at    amaxsequence [B,KiB,MiB]:       393877     384.646     0.376

Dynamically allocated memory at    amaxsequence [B,KiB,MiB]:       394981     385.724     0.377

Read the alignment from file       : /home/german/labo/18/egfr/model/3W2R_A/to_model_3W2R_A
Total number of alignment positions:   311

  #  Code        #_Res #_Segm PDB_code    Name
-------------------------------------------------------------------------------
  1     3W2R_A     297      1      3W2R_A
  2  3W2R_A_fu     277      1
check_a_343_> >> BEGINNING OF COMMAND
openf___224_> Open           ./3W2R_A.pdb

Dynamically allocated memory at amaxcoordinates [B,KiB,MiB]:       485806     474.420     0.463

Dynamically allocated memory at    amaxsequence [B,KiB,MiB]:       485806     474.420     0.463

Dynamically allocated memory at amaxcoordinates [B,KiB,MiB]:       485977     474.587     0.463

Dynamically allocated memory at amaxcoordinates [B,KiB,MiB]:       486827     475.417     0.464

Dynamically allocated memory at amaxcoordinates [B,KiB,MiB]:       488085     476.646     0.465

Dynamically allocated memory at amaxcoordinates [B,KiB,MiB]:       489989     478.505     0.467

Dynamically allocated memory at    amaxsequence [B,KiB,MiB]:       489989     478.505     0.467

Dynamically allocated memory at amaxcoordinates [B,KiB,MiB]:       490079     478.593     0.467

Dynamically allocated memory at amaxcoordinates [B,KiB,MiB]:       492935     481.382     0.470

Dynamically allocated memory at    amaxsequence [B,KiB,MiB]:       492935     481.382     0.470

Dynamically allocated memory at amaxcoordinates [B,KiB,MiB]:       493070     481.514     0.470

Dynamically allocated memory at amaxcoordinates [B,KiB,MiB]:       497354     485.697     0.474

Dynamically allocated memory at    amaxsequence [B,KiB,MiB]:       497354     485.697     0.474

Dynamically allocated memory at amaxcoordinates [B,KiB,MiB]:       497552     485.891     0.475

Dynamically allocated memory at amaxcoordinates [B,KiB,MiB]:       503978     492.166     0.481

Dynamically allocated memory at    amaxsequence [B,KiB,MiB]:       503978     492.166     0.481

Dynamically allocated memory at amaxcoordinates [B,KiB,MiB]:       504275     492.456     0.481

Dynamically allocated memory at amaxcoordinates [B,KiB,MiB]:       513897     501.853     0.490

Dynamically allocated memory at    amaxsequence [B,KiB,MiB]:       513897     501.853     0.490

Dynamically allocated memory at amaxcoordinates [B,KiB,MiB]:       514347     502.292     0.491

Dynamically allocated memory at amaxcoordinates [B,KiB,MiB]:       528797     516.403     0.504

Dynamically allocated memory at    amaxsequence [B,KiB,MiB]:       528797     516.403     0.504

Dynamically allocated memory at amaxcoordinates [B,KiB,MiB]:       529472     517.062     0.505

Dynamically allocated memory at amaxcoordinates [B,KiB,MiB]:       551130     538.213     0.526

Dynamically allocated memory at    amaxsequence [B,KiB,MiB]:       551130     538.213     0.526

Dynamically allocated memory at amaxcoordinates [B,KiB,MiB]:       552138     539.197     0.527

Dynamically allocated memory at amaxcoordinates [B,KiB,MiB]:       584642     570.939     0.558

Dynamically allocated memory at   amaxstructure [B,KiB,MiB]:       584282     570.588     0.557

check_ali___> Checking the sequence-structure alignment. 

Implied intrachain target CA(i)-CA(i+1) distances longer than  8.0 angstroms:

ALN_POS  TMPL  RID1  RID2  NAM1  NAM2     DIST
----------------------------------------------
END OF TABLE
check_a_344_> << END OF COMMAND
openf___224_> Open           ${LIB}/top_heav.lib
read_to_681_> topology.submodel read from topology file:        3
openf___224_> Open           ${LIB}/par.lib

Dynamically allocated memory at  amaxparameters [B,KiB,MiB]:       723534     706.576     0.690

Dynamically allocated memory at  amaxparameters [B,KiB,MiB]:       725134     708.139     0.692

Dynamically allocated memory at  amaxparameters [B,KiB,MiB]:       729114     712.025     0.695

Dynamically allocated memory at  amaxparameters [B,KiB,MiB]:       731114     713.979     0.697

Dynamically allocated memory at  amaxparameters [B,KiB,MiB]:       734114     716.908     0.700

Dynamically allocated memory at  amaxparameters [B,KiB,MiB]:       738614     721.303     0.704

Dynamically allocated memory at  amaxparameters [B,KiB,MiB]:       744186     726.744     0.710

Dynamically allocated memory at  amaxparameters [B,KiB,MiB]:       746986     729.479     0.712

Dynamically allocated memory at  amaxparameters [B,KiB,MiB]:       751186     733.580     0.716

Dynamically allocated memory at  amaxparameters [B,KiB,MiB]:       757486     739.732     0.722

Dynamically allocated memory at  amaxparameters [B,KiB,MiB]:       760258     742.439     0.725

Dynamically allocated memory at  amaxparameters [B,KiB,MiB]:       761658     743.807     0.726
read_pa_232_> parameters    BONDS   ANGLS  DIHEDS IMPROPS    MODE
                              227     561     661     112       0

Dynamically allocated memory at       amaxmodel [B,KiB,MiB]:       804990     786.123     0.768

Dynamically allocated memory at       amaxmodel [B,KiB,MiB]:      1025098    1001.072     0.978

Dynamically allocated memory at       amaxmodel [B,KiB,MiB]:      1058098    1033.299     1.009

mkilst______> segment topology constructed from sequence and RTF:
              segments residues atoms bonds angles dihedrals impropers:
                     1      277  2227  2277      0         0       924

Dynamically allocated memory at       amaxmodel [B,KiB,MiB]:      1153506    1126.471     1.100

patch_______> segment topology patched using RTF:     1  ;  LEU  ;  NTER
              segments residues atoms bonds angles dihedrals impropers:
                     1      277  2227  2277   3077      3657       924


Dynamically allocated memory at       amaxmodel [B,KiB,MiB]:      1245602    1216.408     1.188
patch_______> segment topology patched using RTF:   277  ;  LEU  ;  CTER
              segments residues atoms bonds angles dihedrals impropers:
                     1      277  2228  2278   3079      3659       925

genseg______> segment topology constructed from sequence and RTF:
              segments residues atoms bonds angles dihedrals impropers:
                     1      277  2228  2278   3079      3659       925
transfe_506_> MODEL is an average of all templates.
transfe_511_> Number of templates for coordinate transfer:        1
              After transferring coordinates of the equivalent template atoms,
              there are defined, undefined atoms in MODEL:     2121      107
openf___224_> Open           3W2R_A_full.ini
wrpdb___568_> Residues, atoms, selected atoms:      277     2228     2228
make_re_417_> Restraint type to be calculated:  stereo

Dynamically allocated memory at  amaxrestraints [B,KiB,MiB]:      1352651    1320.948     1.290

Dynamically allocated memory at  amaxrestraints [B,KiB,MiB]:      1360843    1328.948     1.298

Dynamically allocated memory at  amaxrestraints [B,KiB,MiB]:      1377227    1344.948     1.313

Dynamically allocated memory at  amaxrestraints [B,KiB,MiB]:      1409995    1376.948     1.345

Dynamically allocated memory at  amaxrestraints [B,KiB,MiB]:      1442763    1408.948     1.376

Dynamically allocated memory at  amaxrestraints [B,KiB,MiB]:      1508299    1472.948     1.438

Dynamically allocated memory at  amaxrestraints [B,KiB,MiB]:      1541067    1504.948     1.470

Dynamically allocated memory at  amaxrestraints [B,KiB,MiB]:      1573835    1536.948     1.501

Dynamically allocated memory at  amaxrestraints [B,KiB,MiB]:      1639371    1600.948     1.563

Dynamically allocated memory at  amaxrestraints [B,KiB,MiB]:      1770443    1728.948     1.688

Dynamically allocated memory at  amaxrestraints [B,KiB,MiB]:      1835979    1792.948     1.751

Dynamically allocated memory at  amaxrestraints [B,KiB,MiB]:      1901515    1856.948     1.813

Dynamically allocated memory at  amaxrestraints [B,KiB,MiB]:      2032587    1984.948     1.938

Dynamically allocated memory at  amaxrestraints [B,KiB,MiB]:      2294731    2240.948     2.188
r_stere_606_> Stereochemical restraints were constructed from RTF & PRMF.
              Added bond,angle,dihedral,improper restraints  :     2278    3079    3500     911
              Total number of restraints before, now         :        0     9768
make_re_422_> Number of previous, current restraints         :        0     9768
make_re_423_> Number of previous, current selected restraints:        0     9768
make_re_417_> Restraint type to be calculated:  phi-psi_binormal

Dynamically allocated memory at   amaxstructure [B,KiB,MiB]:      2455511    2397.960     2.342
openf___224_> Open           ${MODINSTALL9v19}/modlib/mnch1.bin
openf___224_> Open           ${MODINSTALL9v19}/modlib/mnch1.mdt
getdata_643_> Protein accepted:  3W2R_A
getdata_289_> Proteins (all/accepted):        1        1

Dynamically allocated memory at  amaxrestraints [B,KiB,MiB]:      2586599    2525.976     2.467
make_re_422_> Number of previous, current restraints         :     9768    10043
make_re_423_> Number of previous, current selected restraints:     9768    10043
make_re_417_> Restraint type to be calculated:  omega_dihedral

Dynamically allocated memory at   amaxstructure [B,KiB,MiB]:      2586599    2525.976     2.467
openf___224_> Open           ${MODINSTALL9v19}/modlib/omega.bin
openf___224_> Open           ${MODINSTALL9v19}/modlib/omega.mdt
getdata_643_> Protein accepted:  3W2R_A
getdata_289_> Proteins (all/accepted):        1        1
omgdel__425_> Unselected all O C +N +CA dihedrals:      290
              (This is to avoid clashes between STEREO
              and OMEGA_DIHEDRAL restraints)
make_re_422_> Number of previous, current restraints         :    10043    10319
make_re_423_> Number of previous, current selected restraints:    10043    10029
make_re_417_> Restraint type to be calculated:  chi1_dihedral

Dynamically allocated memory at   amaxstructure [B,KiB,MiB]:      2586599    2525.976     2.467
openf___224_> Open           ${MODINSTALL9v19}/modlib/chi1234.bin
openf___224_> Open           ${MODINSTALL9v19}/modlib/chi1.mdt
getdata_643_> Protein accepted:  3W2R_A
getdata_289_> Proteins (all/accepted):        1        1

Dynamically allocated memory at  amaxrestraints [B,KiB,MiB]:      2717671    2653.976     2.592
make_re_422_> Number of previous, current restraints         :    10319    10563
make_re_423_> Number of previous, current selected restraints:    10029    10273
make_re_417_> Restraint type to be calculated:  chi2_dihedral

Dynamically allocated memory at   amaxstructure [B,KiB,MiB]:      2717671    2653.976     2.592
openf___224_> Open           ${MODINSTALL9v19}/modlib/chi1234.bin
openf___224_> Open           ${MODINSTALL9v19}/modlib/chi2.mdt
getdata_643_> Protein accepted:  3W2R_A
getdata_289_> Proteins (all/accepted):        1        1
make_re_422_> Number of previous, current restraints         :    10563    10756
make_re_423_> Number of previous, current selected restraints:    10273    10466
make_re_417_> Restraint type to be calculated:  chi3_dihedral

Dynamically allocated memory at   amaxstructure [B,KiB,MiB]:      2717671    2653.976     2.592
openf___224_> Open           ${MODINSTALL9v19}/modlib/chi1234.bin
openf___224_> Open           ${MODINSTALL9v19}/modlib/chi3.mdt
getdata_643_> Protein accepted:  3W2R_A
getdata_289_> Proteins (all/accepted):        1        1
make_re_422_> Number of previous, current restraints         :    10756    10847
make_re_423_> Number of previous, current selected restraints:    10466    10557
make_re_417_> Restraint type to be calculated:  chi4_dihedral

Dynamically allocated memory at   amaxstructure [B,KiB,MiB]:      2717671    2653.976     2.592
openf___224_> Open           ${MODINSTALL9v19}/modlib/chi1234.bin
openf___224_> Open           ${MODINSTALL9v19}/modlib/chi4.mdt
mdtrsr__446W> A potential that relies on one protein is used, yet you have at
              least one known structure available. MDT, not library, potential is used.
getdata_643_> Protein accepted:  3W2R_A
getdata_289_> Proteins (all/accepted):        1        1
make_re_422_> Number of previous, current restraints         :    10847    10885
make_re_423_> Number of previous, current selected restraints:    10557    10595
make_re_417_> Restraint type to be calculated:  DISTANCE

Dynamically allocated memory at amaxhash_contac [B,KiB,MiB]:      3359299    3280.565     3.204
make_re_422_> Number of previous, current restraints         :    10885    16173
make_re_423_> Number of previous, current selected restraints:    10595    15883
make_re_417_> Restraint type to be calculated:  DISTANCE

Dynamically allocated memory at  amaxrestraints [B,KiB,MiB]:      3621443    3536.565     3.454

Dynamically allocated memory at  amaxrestraints [B,KiB,MiB]:      3883587    3792.565     3.704

Dynamically allocated memory at  amaxrestraints [B,KiB,MiB]:      4407875    4304.565     4.204
make_re_422_> Number of previous, current restraints         :    16173    21431
make_re_423_> Number of previous, current selected restraints:    15883    21141
make_re_417_> Restraint type to be calculated:  DISTANCE

Dynamically allocated memory at  amaxrestraints [B,KiB,MiB]:      4670019    4560.565     4.454
make_re_422_> Number of previous, current restraints         :    21431    25771
make_re_423_> Number of previous, current selected restraints:    21141    25481
make_re_417_> Restraint type to be calculated:  DISTANCE
make_re_422_> Number of previous, current restraints         :    25771    28375
make_re_423_> Number of previous, current selected restraints:    25481    28085
0 atoms in HETATM/BLK residues constrained
to protein atoms within 2.30 angstroms
and protein CA atoms within 10.00 angstroms
make_re_417_> Restraint type to be calculated:  DISTANCE
make_re_422_> Number of previous, current restraints         :    28375    28375
make_re_423_> Number of previous, current selected restraints:    28085    28085
make_re_417_> Restraint type to be calculated:  DISTANCE
make_re_422_> Number of previous, current restraints         :    28375    28375
make_re_423_> Number of previous, current selected restraints:    28085    28085
make_re_417_> Restraint type to be calculated:  DISTANCE
make_re_422_> Number of previous, current restraints         :    28375    28375
make_re_423_> Number of previous, current selected restraints:    28085    28085
make_re_417_> Restraint type to be calculated:  DISTANCE
make_re_422_> Number of previous, current restraints         :    28375    28375
make_re_423_> Number of previous, current selected restraints:    28085    28085
0 atoms in residues without defined topology
constrained to be rigid bodies
make_re_417_> Restraint type to be calculated:  DISTANCE
make_re_422_> Number of previous, current restraints         :    28375    28375
make_re_423_> Number of previous, current selected restraints:    28085    28085
rmdupl__427_>     1740 redundant cosine dihedral restraints were unselected.
condens_443_> Restraints marked for deletion were removed.
              Total number of restraints before, now:    28375    26345
openf___224_> Open           3W2R_A_full.rsr
openf___224_> Open           3W2R_A_full.rsr

Dynamically allocated memory at  amaxrestraints [B,KiB,MiB]:      4712133    4601.692     4.494
rdcsr2__307_> Number of restraints read    :    26345
              Number of excluded pairs read:        0
              Number of pseudo atoms read  :        0
rdcsrs__304_> Restraints in memory, selected restraints:    26345    26345
              Explicitly excluded atom pairs in memory :        0
              Pseudo atoms in memory                   :        0
159 (of 2228 total) atoms selected for optimization
openf___224_> Open           3W2R_A_full.ini

Dynamically allocated memory at       amaxmodel [B,KiB,MiB]:      4712157    4601.716     4.494
read_mo_297_> Segments, residues, atoms:        1      277     2228
read_mo_298_> Segment:        1     1   277     2228
randomi_498_> Atoms,selected atoms,random_seed,amplitude:     2228      159        1        4.0000
randomi_496_> Amplitude is > 0; randomization is done.
pick_re_612_> Number of MODEL atoms, selected restraints;      159      913
pick_re_612_> Number of MODEL atoms, selected restraints;      159      983
pick_re_612_> Number of MODEL atoms, selected restraints;      159     1026
pick_re_612_> Number of MODEL atoms, selected restraints;      159     1065
pick_re_612_> Number of MODEL atoms, selected restraints;      159     1122
pick_re_612_> Number of MODEL atoms, selected restraints;      159     1237
pick_re_612_> Number of MODEL atoms, selected restraints;      159     1512
pick_re_612_> Number of MODEL atoms, selected restraints;      159     1720

Dynamically allocated memory at  amaxrestraints [B,KiB,MiB]:      5058209    4939.657     4.824
pick_re_612_> Number of MODEL atoms, selected restraints;      159     1761
pick_re_612_> Number of MODEL atoms, selected restraints;      159     1771
pick_re_612_> Number of MODEL atoms, selected restraints;      159     1771
iupac_m_483_> CD1/2 CE1/2 swapped:       92.6578       10    10
iupac_m_397W> Atoms were not swapped because of the uncertainty of how to handle the H atom.
iupac_m_483_> CD1/2 CE1/2 swapped:     -102.2295       25    25
iupac_m_397W> Atoms were not swapped because of the uncertainty of how to handle the H atom.
iupac_m_486_> OE1/2 will be swapped:      126.1777       32    32
iupac_m_486_> OE1/2 will be swapped:     -164.5835       34    34
iupac_m_486_> OE1/2 will be swapped:     -129.2929       44    44
iupac_m_486_> OE1/2 will be swapped:     -179.0891       56    56
iupac_m_485_> OD1/2 will be swapped:      155.1404       59    59
iupac_m_486_> OE1/2 will be swapped:      159.9111       60    60
iupac_m_487_> NH1/2 swapped:     -179.3062       74    74
iupac_m_485_> OD1/2 will be swapped:      170.5159       98    98
iupac_m_483_> CD1/2 CE1/2 swapped:     -105.0805      111   111
iupac_m_397W> Atoms were not swapped because of the uncertainty of how to handle the H atom.
iupac_m_485_> OD1/2 will be swapped:      163.5074      128   128
iupac_m_487_> NH1/2 swapped:     -179.9234      129   129
iupac_m_487_> NH1/2 swapped:      179.7561      130   130
iupac_m_485_> OD1/2 will be swapped:     -157.5680      135   135
iupac_m_483_> CD1/2 CE1/2 swapped:      -97.6015      154   154
iupac_m_397W> Atoms were not swapped because of the uncertainty of how to handle the H atom.
iupac_m_486_> OE1/2 will be swapped:     -179.9657      163   163
iupac_m_486_> OE1/2 will be swapped:     -179.9802      164   164
iupac_m_487_> NH1/2 swapped:     -179.9558      187   187
iupac_m_483_> CD1/2 CE1/2 swapped:      -95.9655      189   189
iupac_m_397W> Atoms were not swapped because of the uncertainty of how to handle the H atom.
iupac_m_485_> OD1/2 will be swapped:      167.9596      194   194
iupac_m_483_> CD1/2 CE1/2 swapped:      -90.5669      198   198
iupac_m_397W> Atoms were not swapped because of the uncertainty of how to handle the H atom.
iupac_m_486_> OE1/2 will be swapped:       94.9903      204   204
iupac_m_485_> OD1/2 will be swapped:     -127.4907      214   214
iupac_m_486_> OE1/2 will be swapped:      162.9630      220   220
iupac_m_486_> OE1/2 will be swapped:      160.8410      229   229
iupac_m_487_> NH1/2 swapped:     -178.9993      230   230
iupac_m_485_> OD1/2 will be swapped:      -96.2501      240   240
iupac_m_483_> CD1/2 CE1/2 swapped:     -128.0401      242   242
iupac_m_397W> Atoms were not swapped because of the uncertainty of how to handle the H atom.
iupac_m_485_> OD1/2 will be swapped:     -117.0714      252   252
iupac_m_487_> NH1/2 swapped:     -176.0165      256   256
iupac_m_487_> NH1/2 swapped:      179.8644      260   260
iupac_m_486_> OE1/2 will be swapped:      159.6075      261   261
iupac_m_486_> OE1/2 will be swapped:      121.1953      265   265
iupac_m_487_> NH1/2 swapped:     -179.7963      275   275
iupac_m_483_> CD1/2 CE1/2 swapped:      103.4495      276   276
iupac_m_397W> Atoms were not swapped because of the uncertainty of how to handle the H atom.


>> ENERGY; Differences between the model's features and restraints:
Number of all residues in MODEL                   :      277
Number of all, selected real atoms                :     2228     159
Number of all, selected pseudo atoms              :        0       0
Number of all static, selected restraints         :    26345    1771
COVALENT_CYS                                      :        F
NONBONDED_SEL_ATOMS                               :        1
Number of non-bonded pairs (excluding 1-2,1-3,1-4):      275
Dynamic pairs routine                             : 5, NATM_SEL x NATM double loop
Atomic shift for contacts update (UPDATE_DYNAMIC) :    0.390
LENNARD_JONES_SWITCH                              :    6.500   7.500
COULOMB_JONES_SWITCH                              :    6.500   7.500
RESIDUE_SPAN_RANGE                                :        0   99999
NLOGN_USE                                         :       15
CONTACT_SHELL                                     :    4.000
DYNAMIC_PAIRS,_SPHERE,_COULOMB,_LENNARD,_MODELLER :        T       T       F       F       F
SPHERE_STDV                                       :    0.050
RADII_FACTOR                                      :    0.820
Current energy                                    :         123.8269





Summary of the restraint violations: 

   NUM     ... number of restraints.
   NUMVI   ... number of restraints with RVIOL > VIOL_REPORT_CUT[i].
   RVIOL   ... relative difference from the best value.
   NUMVP   ... number of restraints with -Ln(pdf) > VIOL_REPORT_CUT2[i].
   RMS_1   ... RMS(feature, minimally_violated_basis_restraint, NUMB).
   RMS_2   ... RMS(feature, best_value, NUMB).
   MOL.PDF ... scaled contribution to -Ln(Molecular pdf).

 #                     RESTRAINT_GROUP      NUM   NUMVI  NUMVP   RMS_1   RMS_2         MOL.PDF     S_i
------------------------------------------------------------------------------------------------------
 1 Bond length potential              :     165       0      0   0.004   0.004     0.55892       1.000
 2 Bond angle potential               :     224       0      0   1.646   1.646      11.687       1.000
 3 Stereochemical cosine torsion poten:     114       0      3  44.569  44.569      39.857       1.000
 4 Stereochemical improper torsion pot:      67       0      0   1.408   1.408      3.2449       1.000
 5 Soft-sphere overlap restraints     :     275       0      0   0.001   0.001     0.59468E-01   1.000
 6 Lennard-Jones 6-12 potential       :       0       0      0   0.000   0.000      0.0000       1.000
 7 Coulomb point-point electrostatic p:       0       0      0   0.000   0.000      0.0000       1.000
 8 H-bonding potential                :       0       0      0   0.000   0.000      0.0000       1.000
 9 Distance restraints 1 (CA-CA)      :     363       0      0   0.067   0.067      1.5953       1.000
10 Distance restraints 2 (N-O)        :     333       0      0   0.179   0.179      9.4204       1.000
11 Mainchain Phi dihedral restraints  :       0       0      0   0.000   0.000      0.0000       1.000
12 Mainchain Psi dihedral restraints  :       0       0      0   0.000   0.000      0.0000       1.000
13 Mainchain Omega dihedral restraints:      20       0      1   5.294   5.294      6.6115       1.000
14 Sidechain Chi_1 dihedral restraints:      16       0      0  45.081  45.081    -0.63938E-01   1.000
15 Sidechain Chi_2 dihedral restraints:      15       0      0  67.511  67.511      2.6641       1.000
16 Sidechain Chi_3 dihedral restraints:       7       0      0  81.483  81.483      3.4193       1.000
17 Sidechain Chi_4 dihedral restraints:       4       0      0 103.547 103.547      1.9468       1.000
18 Disulfide distance restraints      :       0       0      0   0.000   0.000      0.0000       1.000
19 Disulfide angle restraints         :       0       0      0   0.000   0.000      0.0000       1.000
20 Disulfide dihedral angle restraints:       0       0      0   0.000   0.000      0.0000       1.000
21 Lower bound distance restraints    :       0       0      0   0.000   0.000      0.0000       1.000
22 Upper bound distance restraints    :       0       0      0   0.000   0.000      0.0000       1.000
23 Distance restraints 3 (SDCH-MNCH)  :     205       0      0   0.429   0.429      2.7256       1.000
24 Sidechain Chi_5 dihedral restraints:       0       0      0   0.000   0.000      0.0000       1.000
25 Phi/Psi pair of dihedral restraints:      21       9      4  41.960 116.986      26.222       1.000
26 Distance restraints 4 (SDCH-SDCH)  :     217       0      0   0.730   0.730      13.880       1.000
27 Distance restraints 5 (X-Y)        :       0       0      0   0.000   0.000      0.0000       1.000
28 NMR distance restraints 6 (X-Y)    :       0       0      0   0.000   0.000      0.0000       1.000
29 NMR distance restraints 7 (X-Y)    :       0       0      0   0.000   0.000      0.0000       1.000
30 Minimal distance restraints        :       0       0      0   0.000   0.000      0.0000       1.000
31 Non-bonded restraints              :       0       0      0   0.000   0.000      0.0000       1.000
32 Atomic accessibility restraints    :       0       0      0   0.000   0.000      0.0000       1.000
33 Atomic density restraints          :       0       0      0   0.000   0.000      0.0000       1.000
34 Absolute position restraints       :       0       0      0   0.000   0.000      0.0000       1.000
35 Dihedral angle difference restraint:       0       0      0   0.000   0.000      0.0000       1.000
36 GBSA implicit solvent potential    :       0       0      0   0.000   0.000      0.0000       1.000
37 EM density fitting potential       :       0       0      0   0.000   0.000      0.0000       1.000
38 SAXS restraints                    :       0       0      0   0.000   0.000      0.0000       1.000
39 Symmetry restraints                :       0       0      0   0.000   0.000      0.0000       1.000



openf___224_> Open           3W2R_A_full.V99990001
# Heavy relative violation of each residue is written to: 3W2R_A_full.V99990001
# The profile is NOT normalized by the number of restraints.
# The profiles are smoothed over a window of residues:    1
# The sum of all numbers in the file:    3131.1099



List of the violated restraints:
   A restraint is violated when the relative difference
   from the best value (RVIOL) is larger than CUTOFF.

   ICSR   ... index of a restraint in the current set.
   RESNO  ... residue numbers of the first two atoms.
   ATM    ... IUPAC atom names of the first two atoms.
   FEAT   ... the value of the feature in the model.
   restr  ... the mean of the basis restraint with the smallest
              difference from the model (local minimum).
   viol   ... difference from the local minimum.
   rviol  ... relative difference from the local minimum.
   RESTR  ... the best value (global minimum).
   VIOL   ... difference from the best value.
   RVIOL  ... relative difference from the best value.


-------------------------------------------------------------------------------------------------

Feature 25                           : Phi/Psi pair of dihedral restraints     
List of the RVIOL violations larger than   :       6.5000

    #   ICSR  RESNO1/2 ATM1/2   INDATM1/2    FEAT   restr    viol   rviol   RESTR    VIOL   RVIOL
    1   7901 163E 164E C   N    1291 1293  179.97 -117.80   72.55    2.13  -63.60 -173.58   31.05
    1        164E 164E N   CA   1293 1294  174.11  136.80                  -40.30
    2   7902 164E 165K C   N    1300 1302   55.14  -70.20  130.56   10.32  -62.90 -175.15   21.85
    2        165K 165K N   CA   1302 1303  176.95  140.40                  -40.80
    3   7904 166E 167Y C   N    1318 1320  -52.04  -98.40   46.79    1.84  -63.50  178.53   28.92
    3        167Y 167Y N   CA   1320 1321  134.76  128.40                  -43.40
    4   7905 167Y 168H C   N    1330 1332 -120.53 -125.60   22.85    0.96  -63.20  166.78   24.60
    4        168H 168H N   CA   1332 1333  161.09  138.80                  -42.30
    5   7906 168H 169A C   N    1340 1342 -140.05 -134.00    6.24    0.16  -62.50 -172.59   34.87
    5        169A 169A N   CA   1342 1343  148.49  147.00                  -40.90
    6   7907 169A 170E C   N    1345 1347 -153.09 -117.80   44.15    1.33  -63.60 -179.83   28.97
    6        170E 170E N   CA   1347 1348  163.33  136.80                  -40.30
    7   7908 170E 171G C   N    1354 1356  159.72 -167.20   33.28    0.73   82.20  179.97   12.29
    7        171G 171G N   CA   1356 1357  170.92  174.60                    8.50
    8   7909 171G 172G C   N    1358 1360   91.17   78.70   34.53    0.54   82.20  153.45    7.90
    8        172G 172G N   CA   1360 1361  161.69 -166.10                    8.50
    9   7910 172G 173K C   N    1362 1364 -119.67 -118.00   22.41    1.06  -62.90  167.65   25.16
    9        173K 173K N   CA   1364 1365  161.45  139.10                  -40.80


report______> Distribution of short non-bonded contacts:

  serious non-bonded atom clash:  1266 1269   2.162

DISTANCE1:  0.00 2.10 2.20 2.30 2.40 2.50 2.60 2.70 2.80 2.90 3.00 3.10 3.20 3.30 3.40
DISTANCE2:  2.10 2.20 2.30 2.40 2.50 2.60 2.70 2.80 2.90 3.00 3.10 3.20 3.30 3.40 3.50
FREQUENCY:     0    1    0    0    1    2   10   30   80  117  144  164  256  296  339


<< end of ENERGY.
openf___224_> Open           3W2R_A_full.B99990001.pdb
wrpdb___568_> Residues, atoms, selected atoms:      277     2228     2228

>> Summary of successfully produced models:
Filename                          molpdf
----------------------------------------
3W2R_A_full.B99990001.pdb      123.82690


Dynamically allocated memory at          finish [B,KiB,MiB]:      5058209    4939.657     4.824
Starting time                                            : 2018/02/20 13:01:51
Closing time                                             : 2018/02/20 13:01:56
Total CPU time [seconds]                                 :       5.14
