
                         MODELLER 9.19, 2017/07/19, r11078

     PROTEIN STRUCTURE MODELLING BY SATISFACTION OF SPATIAL RESTRAINTS


                     Copyright(c) 1989-2017 Andrej Sali
                            All Rights Reserved

                             Written by A. Sali
                               with help from
              B. Webb, M.S. Madhusudhan, M-Y. Shen, G.Q. Dong,
          M.A. Marti-Renom, N. Eswar, F. Alber, M. Topf, B. Oliva,
             A. Fiser, R. Sanchez, B. Yerkovich, A. Badretdinov,
                     F. Melo, J.P. Overington, E. Feyfant
                 University of California, San Francisco, USA
                    Rockefeller University, New York, USA
                      Harvard University, Cambridge, USA
                   Imperial Cancer Research Fund, London, UK
              Birkbeck College, University of London, London, UK


Kind, OS, HostName, Kernel, Processor: 4, Linux german-xps 4.14.6-041406-generic x86_64
Date and time of compilation         : 2017/07/19 15:03:51
MODELLER executable type             : x86_64-intel8
Job starting time (YY/MM/DD HH:MM:SS): 2018/02/20 13:00:50

openf___224_> Open           $(LIB)/restyp.lib
openf___224_> Open           ${MODINSTALL9v19}/modlib/resgrp.lib
rdresgr_266_> Number of residue groups:        2
openf___224_> Open           ${MODINSTALL9v19}/modlib/sstruc.lib

Dynamically allocated memory at   amaxlibraries [B,KiB,MiB]:       191566     187.076     0.183

Dynamically allocated memory at   amaxlibraries [B,KiB,MiB]:       192094     187.592     0.183
openf___224_> Open           ${MODINSTALL9v19}/modlib/resdih.lib

Dynamically allocated memory at   amaxlibraries [B,KiB,MiB]:       240694     235.053     0.230
rdrdih__263_> Number of dihedral angle types         :        9
              Maximal number of dihedral angle optima:        3
              Dihedral angle names                   :  Alph Phi Psi Omeg chi1 chi2 chi3 chi4 chi5
openf___224_> Open           ${MODINSTALL9v19}/modlib/radii.lib

Dynamically allocated memory at   amaxlibraries [B,KiB,MiB]:       253994     248.041     0.242
openf___224_> Open           ${MODINSTALL9v19}/modlib/radii14.lib
openf___224_> Open           ${MODINSTALL9v19}/modlib/af_mnchdef.lib
rdwilmo_274_> Mainchain residue conformation classes:  APBLE
openf___224_> Open           ${MODINSTALL9v19}/modlib/mnch.lib
rdclass_257_> Number of classes:        5
openf___224_> Open           ${MODINSTALL9v19}/modlib/mnch1.lib
openf___224_> Open           ${MODINSTALL9v19}/modlib/mnch2.lib
openf___224_> Open           ${MODINSTALL9v19}/modlib/mnch3.lib
openf___224_> Open           ${MODINSTALL9v19}/modlib/xs4.mat
rdrrwgh_268_> Number of residue types:       21
openf___224_> Open           /home/german/labo/18/egfr/model/2ITX_A/to_model_2ITX_A

Dynamically allocated memory at   amaxalignment [B,KiB,MiB]:       265487     259.265     0.253

Dynamically allocated memory at   amaxalignment [B,KiB,MiB]:       266937     260.681     0.255

Dynamically allocated memory at   amaxalignment [B,KiB,MiB]:       269837     263.513     0.257

Dynamically allocated memory at   amaxalignment [B,KiB,MiB]:       275637     269.177     0.263

Dynamically allocated memory at   amaxalignment [B,KiB,MiB]:       392693     383.489     0.375

Dynamically allocated memory at    amaxsequence [B,KiB,MiB]:       393917     384.685     0.376

Dynamically allocated memory at    amaxsequence [B,KiB,MiB]:       395021     385.763     0.377

Read the alignment from file       : /home/german/labo/18/egfr/model/2ITX_A/to_model_2ITX_A
Total number of alignment positions:   311

  #  Code        #_Res #_Segm PDB_code    Name
-------------------------------------------------------------------------------
  1     2ITX_A     307      1      2ITX_A
  2  2ITX_A_fu     277      1
check_a_343_> >> BEGINNING OF COMMAND
openf___224_> Open           ./2ITX_A.pdb

Dynamically allocated memory at amaxcoordinates [B,KiB,MiB]:       488846     477.389     0.466

Dynamically allocated memory at    amaxsequence [B,KiB,MiB]:       488846     477.389     0.466

Dynamically allocated memory at amaxcoordinates [B,KiB,MiB]:       489017     477.556     0.466

Dynamically allocated memory at amaxcoordinates [B,KiB,MiB]:       489867     478.386     0.467

Dynamically allocated memory at amaxcoordinates [B,KiB,MiB]:       491125     479.614     0.468

Dynamically allocated memory at amaxcoordinates [B,KiB,MiB]:       493029     481.474     0.470

Dynamically allocated memory at    amaxsequence [B,KiB,MiB]:       493029     481.474     0.470

Dynamically allocated memory at amaxcoordinates [B,KiB,MiB]:       493119     481.562     0.470

Dynamically allocated memory at amaxcoordinates [B,KiB,MiB]:       495975     484.351     0.473

Dynamically allocated memory at    amaxsequence [B,KiB,MiB]:       495975     484.351     0.473

Dynamically allocated memory at amaxcoordinates [B,KiB,MiB]:       496110     484.482     0.473

Dynamically allocated memory at amaxcoordinates [B,KiB,MiB]:       500394     488.666     0.477

Dynamically allocated memory at    amaxsequence [B,KiB,MiB]:       500394     488.666     0.477

Dynamically allocated memory at amaxcoordinates [B,KiB,MiB]:       500592     488.859     0.477

Dynamically allocated memory at amaxcoordinates [B,KiB,MiB]:       507018     495.135     0.484

Dynamically allocated memory at    amaxsequence [B,KiB,MiB]:       507018     495.135     0.484

Dynamically allocated memory at amaxcoordinates [B,KiB,MiB]:       507315     495.425     0.484

Dynamically allocated memory at amaxcoordinates [B,KiB,MiB]:       516937     504.821     0.493

Dynamically allocated memory at    amaxsequence [B,KiB,MiB]:       516937     504.821     0.493

Dynamically allocated memory at amaxcoordinates [B,KiB,MiB]:       517387     505.261     0.493

Dynamically allocated memory at amaxcoordinates [B,KiB,MiB]:       531837     519.372     0.507

Dynamically allocated memory at    amaxsequence [B,KiB,MiB]:       531837     519.372     0.507

Dynamically allocated memory at amaxcoordinates [B,KiB,MiB]:       532512     520.031     0.508

Dynamically allocated memory at amaxcoordinates [B,KiB,MiB]:       554170     541.182     0.528

Dynamically allocated memory at    amaxsequence [B,KiB,MiB]:       554170     541.182     0.528

Dynamically allocated memory at amaxcoordinates [B,KiB,MiB]:       555178     542.166     0.529

Dynamically allocated memory at amaxcoordinates [B,KiB,MiB]:       587682     573.908     0.560

Dynamically allocated memory at   amaxstructure [B,KiB,MiB]:       587412     573.645     0.560

check_ali___> Checking the sequence-structure alignment. 

Implied intrachain target CA(i)-CA(i+1) distances longer than  8.0 angstroms:

ALN_POS  TMPL  RID1  RID2  NAM1  NAM2     DIST
----------------------------------------------
END OF TABLE
check_a_344_> << END OF COMMAND
openf___224_> Open           ${LIB}/top_heav.lib
read_to_681_> topology.submodel read from topology file:        3
openf___224_> Open           ${LIB}/par.lib

Dynamically allocated memory at  amaxparameters [B,KiB,MiB]:       726664     709.633     0.693

Dynamically allocated memory at  amaxparameters [B,KiB,MiB]:       728264     711.195     0.695

Dynamically allocated memory at  amaxparameters [B,KiB,MiB]:       732244     715.082     0.698

Dynamically allocated memory at  amaxparameters [B,KiB,MiB]:       734244     717.035     0.700

Dynamically allocated memory at  amaxparameters [B,KiB,MiB]:       737244     719.965     0.703

Dynamically allocated memory at  amaxparameters [B,KiB,MiB]:       741744     724.359     0.707

Dynamically allocated memory at  amaxparameters [B,KiB,MiB]:       747316     729.801     0.713

Dynamically allocated memory at  amaxparameters [B,KiB,MiB]:       750116     732.535     0.715

Dynamically allocated memory at  amaxparameters [B,KiB,MiB]:       754316     736.637     0.719

Dynamically allocated memory at  amaxparameters [B,KiB,MiB]:       760616     742.789     0.725

Dynamically allocated memory at  amaxparameters [B,KiB,MiB]:       763388     745.496     0.728

Dynamically allocated memory at  amaxparameters [B,KiB,MiB]:       764788     746.863     0.729
read_pa_232_> parameters    BONDS   ANGLS  DIHEDS IMPROPS    MODE
                              227     561     661     112       0

Dynamically allocated memory at       amaxmodel [B,KiB,MiB]:       808120     789.180     0.771

Dynamically allocated memory at       amaxmodel [B,KiB,MiB]:      1027836    1003.746     0.980

Dynamically allocated memory at       amaxmodel [B,KiB,MiB]:      1060820    1035.957     1.012

mkilst______> segment topology constructed from sequence and RTF:
              segments residues atoms bonds angles dihedrals impropers:
                     1      277  2223  2273      0         0       925

Dynamically allocated memory at       amaxmodel [B,KiB,MiB]:      1156144    1129.047     1.103

patch_______> segment topology patched using RTF:     1  ;  LEU  ;  NTER
              segments residues atoms bonds angles dihedrals impropers:
                     1      277  2223  2273   3074      3654       925


Dynamically allocated memory at       amaxmodel [B,KiB,MiB]:      1248240    1218.984     1.190
patch_______> segment topology patched using RTF:   277  ;  LEU  ;  CTER
              segments residues atoms bonds angles dihedrals impropers:
                     1      277  2224  2274   3076      3656       926

genseg______> segment topology constructed from sequence and RTF:
              segments residues atoms bonds angles dihedrals impropers:
                     1      277  2224  2274   3076      3656       926
transfe_506_> MODEL is an average of all templates.
transfe_511_> Number of templates for coordinate transfer:        1
              After transferring coordinates of the equivalent template atoms,
              there are defined, undefined atoms in MODEL:     2193       31
openf___224_> Open           2ITX_A_full.ini
wrpdb___568_> Residues, atoms, selected atoms:      277     2224     2224
make_re_417_> Restraint type to be calculated:  stereo

Dynamically allocated memory at  amaxrestraints [B,KiB,MiB]:      1355289    1323.524     1.293

Dynamically allocated memory at  amaxrestraints [B,KiB,MiB]:      1363481    1331.524     1.300

Dynamically allocated memory at  amaxrestraints [B,KiB,MiB]:      1379865    1347.524     1.316

Dynamically allocated memory at  amaxrestraints [B,KiB,MiB]:      1412633    1379.524     1.347

Dynamically allocated memory at  amaxrestraints [B,KiB,MiB]:      1445401    1411.524     1.378

Dynamically allocated memory at  amaxrestraints [B,KiB,MiB]:      1510937    1475.524     1.441

Dynamically allocated memory at  amaxrestraints [B,KiB,MiB]:      1543705    1507.524     1.472

Dynamically allocated memory at  amaxrestraints [B,KiB,MiB]:      1576473    1539.524     1.503

Dynamically allocated memory at  amaxrestraints [B,KiB,MiB]:      1642009    1603.524     1.566

Dynamically allocated memory at  amaxrestraints [B,KiB,MiB]:      1773081    1731.524     1.691

Dynamically allocated memory at  amaxrestraints [B,KiB,MiB]:      1838617    1795.524     1.753

Dynamically allocated memory at  amaxrestraints [B,KiB,MiB]:      1904153    1859.524     1.816

Dynamically allocated memory at  amaxrestraints [B,KiB,MiB]:      2035225    1987.524     1.941

Dynamically allocated memory at  amaxrestraints [B,KiB,MiB]:      2297369    2243.524     2.191
r_stere_606_> Stereochemical restraints were constructed from RTF & PRMF.
              Added bond,angle,dihedral,improper restraints  :     2274    3076    3497     912
              Total number of restraints before, now         :        0     9759
make_re_422_> Number of previous, current restraints         :        0     9759
make_re_423_> Number of previous, current selected restraints:        0     9759
make_re_417_> Restraint type to be calculated:  phi-psi_binormal

Dynamically allocated memory at   amaxstructure [B,KiB,MiB]:      2458013    2400.403     2.344
openf___224_> Open           ${MODINSTALL9v19}/modlib/mnch1.bin
openf___224_> Open           ${MODINSTALL9v19}/modlib/mnch1.mdt
errdih__638_> Missing atoms in a dihedral, residue index, residue type:        5      167  LYS
errdih__638_> Missing atoms in a dihedral, residue index, residue type:        5      286  ARG
errdih__638_> Missing atoms in a dihedral, residue index, residue type:        5      288  HIS
errdih__638_> Missing atoms in a dihedral, residue index, residue type:        5      293  GLU
errdih__638_> Missing atoms in a dihedral, residue index, residue type:        6      167  LYS
errdih__638_> Missing atoms in a dihedral, residue index, residue type:        6      286  ARG
errdih__638_> Missing atoms in a dihedral, residue index, residue type:        6      288  HIS
errdih__638_> Missing atoms in a dihedral, residue index, residue type:        6      293  GLU
errdih__638_> Missing atoms in a dihedral, residue index, residue type:        7      167  LYS
errdih__638_> Missing atoms in a dihedral, residue index, residue type:        7      286  ARG
errdih__638_> Missing atoms in a dihedral, residue index, residue type:        7      293  GLU
errdih__638_> Missing atoms in a dihedral, residue index, residue type:        8      167  LYS
errdih__638_> Missing atoms in a dihedral, residue index, residue type:        8      286  ARG
getdata_643_> Protein accepted:  2ITX_A
getdata_289_> Proteins (all/accepted):        1        1

Dynamically allocated memory at  amaxrestraints [B,KiB,MiB]:      2589101    2528.419     2.469
make_re_422_> Number of previous, current restraints         :     9759    10034
make_re_423_> Number of previous, current selected restraints:     9759    10034
make_re_417_> Restraint type to be calculated:  omega_dihedral

Dynamically allocated memory at   amaxstructure [B,KiB,MiB]:      2589101    2528.419     2.469
openf___224_> Open           ${MODINSTALL9v19}/modlib/omega.bin
openf___224_> Open           ${MODINSTALL9v19}/modlib/omega.mdt
getdata_643_> Protein accepted:  2ITX_A
getdata_289_> Proteins (all/accepted):        1        1
omgdel__425_> Unselected all O C +N +CA dihedrals:      290
              (This is to avoid clashes between STEREO
              and OMEGA_DIHEDRAL restraints)
make_re_422_> Number of previous, current restraints         :    10034    10310
make_re_423_> Number of previous, current selected restraints:    10034    10020
make_re_417_> Restraint type to be calculated:  chi1_dihedral

Dynamically allocated memory at   amaxstructure [B,KiB,MiB]:      2589101    2528.419     2.469
openf___224_> Open           ${MODINSTALL9v19}/modlib/chi1234.bin
openf___224_> Open           ${MODINSTALL9v19}/modlib/chi1.mdt
getdata_643_> Protein accepted:  2ITX_A
getdata_289_> Proteins (all/accepted):        1        1

Dynamically allocated memory at  amaxrestraints [B,KiB,MiB]:      2720173    2656.419     2.594
make_re_422_> Number of previous, current restraints         :    10310    10554
make_re_423_> Number of previous, current selected restraints:    10020    10264
make_re_417_> Restraint type to be calculated:  chi2_dihedral

Dynamically allocated memory at   amaxstructure [B,KiB,MiB]:      2720173    2656.419     2.594
openf___224_> Open           ${MODINSTALL9v19}/modlib/chi1234.bin
openf___224_> Open           ${MODINSTALL9v19}/modlib/chi2.mdt
getdata_643_> Protein accepted:  2ITX_A
getdata_289_> Proteins (all/accepted):        1        1
make_re_422_> Number of previous, current restraints         :    10554    10746
make_re_423_> Number of previous, current selected restraints:    10264    10456
make_re_417_> Restraint type to be calculated:  chi3_dihedral

Dynamically allocated memory at   amaxstructure [B,KiB,MiB]:      2720173    2656.419     2.594
openf___224_> Open           ${MODINSTALL9v19}/modlib/chi1234.bin
openf___224_> Open           ${MODINSTALL9v19}/modlib/chi3.mdt
getdata_643_> Protein accepted:  2ITX_A
getdata_289_> Proteins (all/accepted):        1        1
make_re_422_> Number of previous, current restraints         :    10746    10835
make_re_423_> Number of previous, current selected restraints:    10456    10545
make_re_417_> Restraint type to be calculated:  chi4_dihedral

Dynamically allocated memory at   amaxstructure [B,KiB,MiB]:      2720173    2656.419     2.594
openf___224_> Open           ${MODINSTALL9v19}/modlib/chi1234.bin
openf___224_> Open           ${MODINSTALL9v19}/modlib/chi4.mdt
mdtrsr__446W> A potential that relies on one protein is used, yet you have at
              least one known structure available. MDT, not library, potential is used.
getdata_643_> Protein accepted:  2ITX_A
getdata_289_> Proteins (all/accepted):        1        1
make_re_422_> Number of previous, current restraints         :    10835    10872
make_re_423_> Number of previous, current selected restraints:    10545    10582
make_re_417_> Restraint type to be calculated:  DISTANCE

Dynamically allocated memory at amaxhash_contac [B,KiB,MiB]:      3360649    3281.884     3.205

Dynamically allocated memory at  amaxrestraints [B,KiB,MiB]:      3622793    3537.884     3.455
make_re_422_> Number of previous, current restraints         :    10872    16392
make_re_423_> Number of previous, current selected restraints:    10582    16102
make_re_417_> Restraint type to be calculated:  DISTANCE

Dynamically allocated memory at  amaxrestraints [B,KiB,MiB]:      4147081    4049.884     3.955

Dynamically allocated memory at  amaxrestraints [B,KiB,MiB]:      4409225    4305.884     4.205
make_re_422_> Number of previous, current restraints         :    16392    21969
make_re_423_> Number of previous, current selected restraints:    16102    21679
make_re_417_> Restraint type to be calculated:  DISTANCE

Dynamically allocated memory at  amaxrestraints [B,KiB,MiB]:      4671369    4561.884     4.455
make_re_422_> Number of previous, current restraints         :    21969    26570
make_re_423_> Number of previous, current selected restraints:    21679    26280
make_re_417_> Restraint type to be calculated:  DISTANCE
make_re_422_> Number of previous, current restraints         :    26570    29333
make_re_423_> Number of previous, current selected restraints:    26280    29043
0 atoms in HETATM/BLK residues constrained
to protein atoms within 2.30 angstroms
and protein CA atoms within 10.00 angstroms
make_re_417_> Restraint type to be calculated:  DISTANCE
make_re_422_> Number of previous, current restraints         :    29333    29333
make_re_423_> Number of previous, current selected restraints:    29043    29043
make_re_417_> Restraint type to be calculated:  DISTANCE
make_re_422_> Number of previous, current restraints         :    29333    29333
make_re_423_> Number of previous, current selected restraints:    29043    29043
make_re_417_> Restraint type to be calculated:  DISTANCE
make_re_422_> Number of previous, current restraints         :    29333    29333
make_re_423_> Number of previous, current selected restraints:    29043    29043
make_re_417_> Restraint type to be calculated:  DISTANCE
make_re_422_> Number of previous, current restraints         :    29333    29333
make_re_423_> Number of previous, current selected restraints:    29043    29043
0 atoms in residues without defined topology
constrained to be rigid bodies
make_re_417_> Restraint type to be calculated:  DISTANCE
make_re_422_> Number of previous, current restraints         :    29333    29333
make_re_423_> Number of previous, current selected restraints:    29043    29043
rmdupl__427_>     1736 redundant cosine dihedral restraints were unselected.
condens_443_> Restraints marked for deletion were removed.
              Total number of restraints before, now:    29333    27307
openf___224_> Open           2ITX_A_full.rsr
openf___224_> Open           2ITX_A_full.rsr

Dynamically allocated memory at  amaxrestraints [B,KiB,MiB]:      4710489    4600.087     4.492
rdcsr2__307_> Number of restraints read    :    27307
              Number of excluded pairs read:        0
              Number of pseudo atoms read  :        0
rdcsrs__304_> Restraints in memory, selected restraints:    27307    27307
              Explicitly excluded atom pairs in memory :        0
              Pseudo atoms in memory                   :        0
88 (of 2224 total) atoms selected for optimization
openf___224_> Open           2ITX_A_full.ini

Dynamically allocated memory at       amaxmodel [B,KiB,MiB]:      4710513    4600.110     4.492
read_mo_297_> Segments, residues, atoms:        1      277     2224
read_mo_298_> Segment:        1     1   277     2224
randomi_498_> Atoms,selected atoms,random_seed,amplitude:     2224       88        1        4.0000
randomi_496_> Amplitude is > 0; randomization is done.
pick_re_612_> Number of MODEL atoms, selected restraints;       88      675
pick_re_612_> Number of MODEL atoms, selected restraints;       88      754
pick_re_612_> Number of MODEL atoms, selected restraints;       88      776
pick_re_612_> Number of MODEL atoms, selected restraints;       88      827
pick_re_612_> Number of MODEL atoms, selected restraints;       88      919
pick_re_612_> Number of MODEL atoms, selected restraints;       88     1080
pick_re_612_> Number of MODEL atoms, selected restraints;       88     1149
pick_re_612_> Number of MODEL atoms, selected restraints;       88     1359

Dynamically allocated memory at  amaxrestraints [B,KiB,MiB]:      5056469    4937.958     4.822
pick_re_612_> Number of MODEL atoms, selected restraints;       88     1400
pick_re_612_> Number of MODEL atoms, selected restraints;       88     1400
pick_re_612_> Number of MODEL atoms, selected restraints;       88     1400
iupac_m_486_> OE1/2 will be swapped:      149.9748        9     9
iupac_m_486_> OE1/2 will be swapped:     -171.4992       56    56
iupac_m_485_> OD1/2 will be swapped:      172.6901       98    98
iupac_m_483_> CD1/2 CE1/2 swapped:      -94.1454       99    99
iupac_m_397W> Atoms were not swapped because of the uncertainty of how to handle the H atom.
iupac_m_483_> CD1/2 CE1/2 swapped:     -145.5554      111   111
iupac_m_397W> Atoms were not swapped because of the uncertainty of how to handle the H atom.
iupac_m_483_> CD1/2 CE1/2 swapped:       94.0924      125   125
iupac_m_397W> Atoms were not swapped because of the uncertainty of how to handle the H atom.
iupac_m_486_> OE1/2 will be swapped:      142.6444      127   127
iupac_m_485_> OD1/2 will be swapped:      163.9297      128   128
iupac_m_485_> OD1/2 will be swapped:     -108.5097      153   153
iupac_m_486_> OE1/2 will be swapped:     -179.9558      163   163
iupac_m_486_> OE1/2 will be swapped:      172.2008      166   166
iupac_m_487_> NH1/2 swapped:      179.7860      187   187
iupac_m_483_> CD1/2 CE1/2 swapped:     -108.9411      189   189
iupac_m_397W> Atoms were not swapped because of the uncertainty of how to handle the H atom.
iupac_m_485_> OD1/2 will be swapped:      177.8012      194   194
iupac_m_483_> CD1/2 CE1/2 swapped:     -100.3724      198   198
iupac_m_397W> Atoms were not swapped because of the uncertainty of how to handle the H atom.
iupac_m_486_> OE1/2 will be swapped:       93.1174      204   204
iupac_m_485_> OD1/2 will be swapped:      167.3209      214   214
iupac_m_486_> OE1/2 will be swapped:      163.9187      229   229
iupac_m_483_> CD1/2 CE1/2 swapped:     -119.6673      242   242
iupac_m_397W> Atoms were not swapped because of the uncertainty of how to handle the H atom.
iupac_m_485_> OD1/2 will be swapped:     -155.2018      254   254
iupac_m_487_> NH1/2 swapped:     -179.8042      256   256
iupac_m_487_> NH1/2 swapped:     -179.4346      260   260
iupac_m_486_> OE1/2 will be swapped:      128.7524      265   265
iupac_m_487_> NH1/2 swapped:      179.5306      271   271
iupac_m_485_> OD1/2 will be swapped:     -173.5154      272   272
iupac_m_487_> NH1/2 swapped:      178.8867      275   275
iupac_m_483_> CD1/2 CE1/2 swapped:      106.5115      276   276
iupac_m_397W> Atoms were not swapped because of the uncertainty of how to handle the H atom.


>> ENERGY; Differences between the model's features and restraints:
Number of all residues in MODEL                   :      277
Number of all, selected real atoms                :     2224      88
Number of all, selected pseudo atoms              :        0       0
Number of all static, selected restraints         :    27307    1400
COVALENT_CYS                                      :        F
NONBONDED_SEL_ATOMS                               :        1
Number of non-bonded pairs (excluding 1-2,1-3,1-4):      208
Dynamic pairs routine                             : 5, NATM_SEL x NATM double loop
Atomic shift for contacts update (UPDATE_DYNAMIC) :    0.390
LENNARD_JONES_SWITCH                              :    6.500   7.500
COULOMB_JONES_SWITCH                              :    6.500   7.500
RESIDUE_SPAN_RANGE                                :        0   99999
NLOGN_USE                                         :       15
CONTACT_SHELL                                     :    4.000
DYNAMIC_PAIRS,_SPHERE,_COULOMB,_LENNARD,_MODELLER :        T       T       F       F       F
SPHERE_STDV                                       :    0.050
RADII_FACTOR                                      :    0.820
Current energy                                    :         111.0317





Summary of the restraint violations: 

   NUM     ... number of restraints.
   NUMVI   ... number of restraints with RVIOL > VIOL_REPORT_CUT[i].
   RVIOL   ... relative difference from the best value.
   NUMVP   ... number of restraints with -Ln(pdf) > VIOL_REPORT_CUT2[i].
   RMS_1   ... RMS(feature, minimally_violated_basis_restraint, NUMB).
   RMS_2   ... RMS(feature, best_value, NUMB).
   MOL.PDF ... scaled contribution to -Ln(Molecular pdf).

 #                     RESTRAINT_GROUP      NUM   NUMVI  NUMVP   RMS_1   RMS_2         MOL.PDF     S_i
------------------------------------------------------------------------------------------------------
 1 Bond length potential              :      91       0      0   0.009   0.009      2.5445       1.000
 2 Bond angle potential               :     124       0      0   1.580   1.580      5.8493       1.000
 3 Stereochemical cosine torsion poten:      59       0      1  47.769  47.769      21.703       1.000
 4 Stereochemical improper torsion pot:      41       0      1   1.960   1.960      4.7027       1.000
 5 Soft-sphere overlap restraints     :     208       0      1   0.015   0.015      5.3562       1.000
 6 Lennard-Jones 6-12 potential       :       0       0      0   0.000   0.000      0.0000       1.000
 7 Coulomb point-point electrostatic p:       0       0      0   0.000   0.000      0.0000       1.000
 8 H-bonding potential                :       0       0      0   0.000   0.000      0.0000       1.000
 9 Distance restraints 1 (CA-CA)      :     284       0      0   0.120   0.120      3.5422       1.000
10 Distance restraints 2 (N-O)        :     291       0      0   0.166   0.166      5.8193       1.000
11 Mainchain Phi dihedral restraints  :       0       0      0   0.000   0.000      0.0000       1.000
12 Mainchain Psi dihedral restraints  :       0       0      0   0.000   0.000      0.0000       1.000
13 Mainchain Omega dihedral restraints:      11       0      0   2.891   2.891      1.0840       1.000
14 Sidechain Chi_1 dihedral restraints:       9       0      0  40.921  40.921    -0.54975       1.000
15 Sidechain Chi_2 dihedral restraints:       9       0      0  74.932  74.932      4.6131       1.000
16 Sidechain Chi_3 dihedral restraints:       3       0      0   7.229   7.229      1.1491       1.000
17 Sidechain Chi_4 dihedral restraints:       2       0      0  71.699  71.699     0.94840       1.000
18 Disulfide distance restraints      :       0       0      0   0.000   0.000      0.0000       1.000
19 Disulfide angle restraints         :       0       0      0   0.000   0.000      0.0000       1.000
20 Disulfide dihedral angle restraints:       0       0      0   0.000   0.000      0.0000       1.000
21 Lower bound distance restraints    :       0       0      0   0.000   0.000      0.0000       1.000
22 Upper bound distance restraints    :       0       0      0   0.000   0.000      0.0000       1.000
23 Distance restraints 3 (SDCH-MNCH)  :     251       0      0   0.361   0.361      2.2278       1.000
24 Sidechain Chi_5 dihedral restraints:       0       0      0   0.000   0.000      0.0000       1.000
25 Phi/Psi pair of dihedral restraints:      12       2      2  27.243  27.510      41.781       1.000
26 Distance restraints 4 (SDCH-SDCH)  :     213       0      0   0.658   0.658      10.260       1.000
27 Distance restraints 5 (X-Y)        :       0       0      0   0.000   0.000      0.0000       1.000
28 NMR distance restraints 6 (X-Y)    :       0       0      0   0.000   0.000      0.0000       1.000
29 NMR distance restraints 7 (X-Y)    :       0       0      0   0.000   0.000      0.0000       1.000
30 Minimal distance restraints        :       0       0      0   0.000   0.000      0.0000       1.000
31 Non-bonded restraints              :       0       0      0   0.000   0.000      0.0000       1.000
32 Atomic accessibility restraints    :       0       0      0   0.000   0.000      0.0000       1.000
33 Atomic density restraints          :       0       0      0   0.000   0.000      0.0000       1.000
34 Absolute position restraints       :       0       0      0   0.000   0.000      0.0000       1.000
35 Dihedral angle difference restraint:       0       0      0   0.000   0.000      0.0000       1.000
36 GBSA implicit solvent potential    :       0       0      0   0.000   0.000      0.0000       1.000
37 EM density fitting potential       :       0       0      0   0.000   0.000      0.0000       1.000
38 SAXS restraints                    :       0       0      0   0.000   0.000      0.0000       1.000
39 Symmetry restraints                :       0       0      0   0.000   0.000      0.0000       1.000



openf___224_> Open           2ITX_A_full.V99990001
# Heavy relative violation of each residue is written to: 2ITX_A_full.V99990001
# The profile is NOT normalized by the number of restraints.
# The profiles are smoothed over a window of residues:    1
# The sum of all numbers in the file:    1098.9250



List of the violated restraints:
   A restraint is violated when the relative difference
   from the best value (RVIOL) is larger than CUTOFF.

   ICSR   ... index of a restraint in the current set.
   RESNO  ... residue numbers of the first two atoms.
   ATM    ... IUPAC atom names of the first two atoms.
   FEAT   ... the value of the feature in the model.
   restr  ... the mean of the basis restraint with the smallest
              difference from the model (local minimum).
   viol   ... difference from the local minimum.
   rviol  ... relative difference from the local minimum.
   RESTR  ... the best value (global minimum).
   VIOL   ... difference from the best value.
   RVIOL  ... relative difference from the best value.


-------------------------------------------------------------------------------------------------

Feature 25                           : Phi/Psi pair of dihedral restraints     
List of the RVIOL violations larger than   :       6.5000

    #   ICSR  RESNO1/2 ATM1/2   INDATM1/2    FEAT   restr    viol   rviol   RESTR    VIOL   RVIOL
    1   7897 164E 165K C   N    1296 1298 -111.46  -62.90   48.58    8.01  -62.90   48.58    8.01
    1        165K 165K N   CA   1298 1299  -42.00  -40.80                  -40.80
    2   7902 169A 170E C   N    1341 1343  -80.91  -63.60   60.72    9.08  -63.60   60.72    9.08
    2        170E 170E N   CA   1343 1344  -98.50  -40.30                  -40.30


report______> Distribution of short non-bonded contacts:

  serious non-bonded atom clash:  1031 1269   2.019
  serious non-bonded atom clash:  1031 1270   1.601
  serious non-bonded atom clash:  1031 1271   2.016
  serious non-bonded atom clash:  1031 1272   1.671
  serious non-bonded atom clash:  1262 1265   2.082
  serious non-bonded atom clash:  1267 1305   2.049
  serious non-bonded atom clash:  1267 1306   2.236
  serious non-bonded atom clash:  1268 1291   2.289
  serious non-bonded atom clash:  1268 1292   2.061
  serious non-bonded atom clash:  1268 1296   2.047
  serious non-bonded atom clash:  1268 1298   2.064
  serious non-bonded atom clash:  1271 1297   1.696
  serious non-bonded atom clash:  1272 1297   2.193
  serious non-bonded atom clash:  1273 1297   1.961
  serious non-bonded atom clash:  1274 1296   1.713
  serious non-bonded atom clash:  1274 1297   1.420
  serious non-bonded atom clash:  1827 1984   2.160

DISTANCE1:  0.00 2.10 2.20 2.30 2.40 2.50 2.60 2.70 2.80 2.90 3.00 3.10 3.20 3.30 3.40
DISTANCE2:  2.10 2.20 2.30 2.40 2.50 2.60 2.70 2.80 2.90 3.00 3.10 3.20 3.30 3.40 3.50
FREQUENCY:    13    2    2    1    6   11   28   71  101  138  152  214  265  293  344


<< end of ENERGY.
openf___224_> Open           2ITX_A_full.B99990001.pdb
wrpdb___568_> Residues, atoms, selected atoms:      277     2224     2224

>> Summary of successfully produced models:
Filename                          molpdf
----------------------------------------
2ITX_A_full.B99990001.pdb      111.03167


Dynamically allocated memory at          finish [B,KiB,MiB]:      5056469    4937.958     4.822
Starting time                                            : 2018/02/20 13:00:50
Closing time                                             : 2018/02/20 13:00:53
Total CPU time [seconds]                                 :       3.36
