
                         MODELLER 9.19, 2017/07/19, r11078

     PROTEIN STRUCTURE MODELLING BY SATISFACTION OF SPATIAL RESTRAINTS


                     Copyright(c) 1989-2017 Andrej Sali
                            All Rights Reserved

                             Written by A. Sali
                               with help from
              B. Webb, M.S. Madhusudhan, M-Y. Shen, G.Q. Dong,
          M.A. Marti-Renom, N. Eswar, F. Alber, M. Topf, B. Oliva,
             A. Fiser, R. Sanchez, B. Yerkovich, A. Badretdinov,
                     F. Melo, J.P. Overington, E. Feyfant
                 University of California, San Francisco, USA
                    Rockefeller University, New York, USA
                      Harvard University, Cambridge, USA
                   Imperial Cancer Research Fund, London, UK
              Birkbeck College, University of London, London, UK


Kind, OS, HostName, Kernel, Processor: 4, Linux german-xps 4.14.6-041406-generic x86_64
Date and time of compilation         : 2017/07/19 15:03:51
MODELLER executable type             : x86_64-intel8
Job starting time (YY/MM/DD HH:MM:SS): 2018/02/20 13:03:19

openf___224_> Open           $(LIB)/restyp.lib
openf___224_> Open           ${MODINSTALL9v19}/modlib/resgrp.lib
rdresgr_266_> Number of residue groups:        2
openf___224_> Open           ${MODINSTALL9v19}/modlib/sstruc.lib

Dynamically allocated memory at   amaxlibraries [B,KiB,MiB]:       191566     187.076     0.183

Dynamically allocated memory at   amaxlibraries [B,KiB,MiB]:       192094     187.592     0.183
openf___224_> Open           ${MODINSTALL9v19}/modlib/resdih.lib

Dynamically allocated memory at   amaxlibraries [B,KiB,MiB]:       240694     235.053     0.230
rdrdih__263_> Number of dihedral angle types         :        9
              Maximal number of dihedral angle optima:        3
              Dihedral angle names                   :  Alph Phi Psi Omeg chi1 chi2 chi3 chi4 chi5
openf___224_> Open           ${MODINSTALL9v19}/modlib/radii.lib

Dynamically allocated memory at   amaxlibraries [B,KiB,MiB]:       253994     248.041     0.242
openf___224_> Open           ${MODINSTALL9v19}/modlib/radii14.lib
openf___224_> Open           ${MODINSTALL9v19}/modlib/af_mnchdef.lib
rdwilmo_274_> Mainchain residue conformation classes:  APBLE
openf___224_> Open           ${MODINSTALL9v19}/modlib/mnch.lib
rdclass_257_> Number of classes:        5
openf___224_> Open           ${MODINSTALL9v19}/modlib/mnch1.lib
openf___224_> Open           ${MODINSTALL9v19}/modlib/mnch2.lib
openf___224_> Open           ${MODINSTALL9v19}/modlib/mnch3.lib
openf___224_> Open           ${MODINSTALL9v19}/modlib/xs4.mat
rdrrwgh_268_> Number of residue types:       21
openf___224_> Open           /home/german/labo/18/egfr/model/5CAO_A/to_model_5CAO_A

Dynamically allocated memory at   amaxalignment [B,KiB,MiB]:       265487     259.265     0.253

Dynamically allocated memory at   amaxalignment [B,KiB,MiB]:       266937     260.681     0.255

Dynamically allocated memory at   amaxalignment [B,KiB,MiB]:       269837     263.513     0.257

Dynamically allocated memory at   amaxalignment [B,KiB,MiB]:       275637     269.177     0.263

Dynamically allocated memory at   amaxalignment [B,KiB,MiB]:       392693     383.489     0.375

Dynamically allocated memory at    amaxsequence [B,KiB,MiB]:       393889     384.657     0.376

Dynamically allocated memory at    amaxsequence [B,KiB,MiB]:       394993     385.735     0.377

Read the alignment from file       : /home/german/labo/18/egfr/model/5CAO_A/to_model_5CAO_A
Total number of alignment positions:   319

  #  Code        #_Res #_Segm PDB_code    Name
-------------------------------------------------------------------------------
  1     5CAO_A     300      1      5CAO_A
  2  5CAO_A_fu     277      1
check_a_343_> >> BEGINNING OF COMMAND
openf___224_> Open           ./5CAO_A.pdb

Dynamically allocated memory at amaxcoordinates [B,KiB,MiB]:       486718     475.311     0.464

Dynamically allocated memory at    amaxsequence [B,KiB,MiB]:       486718     475.311     0.464

Dynamically allocated memory at amaxcoordinates [B,KiB,MiB]:       486889     475.478     0.464

Dynamically allocated memory at amaxcoordinates [B,KiB,MiB]:       487739     476.308     0.465

Dynamically allocated memory at amaxcoordinates [B,KiB,MiB]:       488997     477.536     0.466

Dynamically allocated memory at amaxcoordinates [B,KiB,MiB]:       490901     479.396     0.468

Dynamically allocated memory at    amaxsequence [B,KiB,MiB]:       490901     479.396     0.468

Dynamically allocated memory at amaxcoordinates [B,KiB,MiB]:       490991     479.483     0.468

Dynamically allocated memory at amaxcoordinates [B,KiB,MiB]:       493847     482.272     0.471

Dynamically allocated memory at    amaxsequence [B,KiB,MiB]:       493847     482.272     0.471

Dynamically allocated memory at amaxcoordinates [B,KiB,MiB]:       493982     482.404     0.471

Dynamically allocated memory at amaxcoordinates [B,KiB,MiB]:       498266     486.588     0.475

Dynamically allocated memory at    amaxsequence [B,KiB,MiB]:       498266     486.588     0.475

Dynamically allocated memory at amaxcoordinates [B,KiB,MiB]:       498464     486.781     0.475

Dynamically allocated memory at amaxcoordinates [B,KiB,MiB]:       504890     493.057     0.482

Dynamically allocated memory at    amaxsequence [B,KiB,MiB]:       504890     493.057     0.482

Dynamically allocated memory at amaxcoordinates [B,KiB,MiB]:       505187     493.347     0.482

Dynamically allocated memory at amaxcoordinates [B,KiB,MiB]:       514809     502.743     0.491

Dynamically allocated memory at    amaxsequence [B,KiB,MiB]:       514809     502.743     0.491

Dynamically allocated memory at amaxcoordinates [B,KiB,MiB]:       515259     503.183     0.491

Dynamically allocated memory at amaxcoordinates [B,KiB,MiB]:       529709     517.294     0.505

Dynamically allocated memory at    amaxsequence [B,KiB,MiB]:       529709     517.294     0.505

Dynamically allocated memory at amaxcoordinates [B,KiB,MiB]:       530384     517.953     0.506

Dynamically allocated memory at amaxcoordinates [B,KiB,MiB]:       552042     539.104     0.526

Dynamically allocated memory at    amaxsequence [B,KiB,MiB]:       552042     539.104     0.526

Dynamically allocated memory at amaxcoordinates [B,KiB,MiB]:       553050     540.088     0.527

Dynamically allocated memory at amaxcoordinates [B,KiB,MiB]:       585554     571.830     0.558

Dynamically allocated memory at   amaxstructure [B,KiB,MiB]:       585221     571.505     0.558

check_ali___> Checking the sequence-structure alignment. 

Implied intrachain target CA(i)-CA(i+1) distances longer than  8.0 angstroms:

ALN_POS  TMPL  RID1  RID2  NAM1  NAM2     DIST
----------------------------------------------
END OF TABLE
check_a_344_> << END OF COMMAND
openf___224_> Open           ${LIB}/top_heav.lib
read_to_681_> topology.submodel read from topology file:        3
openf___224_> Open           ${LIB}/par.lib

Dynamically allocated memory at  amaxparameters [B,KiB,MiB]:       724473     707.493     0.691

Dynamically allocated memory at  amaxparameters [B,KiB,MiB]:       726073     709.056     0.692

Dynamically allocated memory at  amaxparameters [B,KiB,MiB]:       730053     712.942     0.696

Dynamically allocated memory at  amaxparameters [B,KiB,MiB]:       732053     714.896     0.698

Dynamically allocated memory at  amaxparameters [B,KiB,MiB]:       735053     717.825     0.701

Dynamically allocated memory at  amaxparameters [B,KiB,MiB]:       739553     722.220     0.705

Dynamically allocated memory at  amaxparameters [B,KiB,MiB]:       745125     727.661     0.711

Dynamically allocated memory at  amaxparameters [B,KiB,MiB]:       747925     730.396     0.713

Dynamically allocated memory at  amaxparameters [B,KiB,MiB]:       752125     734.497     0.717

Dynamically allocated memory at  amaxparameters [B,KiB,MiB]:       758425     740.649     0.723

Dynamically allocated memory at  amaxparameters [B,KiB,MiB]:       761197     743.356     0.726

Dynamically allocated memory at  amaxparameters [B,KiB,MiB]:       762597     744.724     0.727
read_pa_232_> parameters    BONDS   ANGLS  DIHEDS IMPROPS    MODE
                              227     561     661     112       0

Dynamically allocated memory at       amaxmodel [B,KiB,MiB]:       805929     787.040     0.769

Dynamically allocated memory at       amaxmodel [B,KiB,MiB]:      1026037    1001.989     0.979

Dynamically allocated memory at       amaxmodel [B,KiB,MiB]:      1059037    1034.216     1.010

mkilst______> segment topology constructed from sequence and RTF:
              segments residues atoms bonds angles dihedrals impropers:
                     1      277  2227  2277      0         0       924

Dynamically allocated memory at       amaxmodel [B,KiB,MiB]:      1154445    1127.388     1.101

patch_______> segment topology patched using RTF:     1  ;  LEU  ;  NTER
              segments residues atoms bonds angles dihedrals impropers:
                     1      277  2227  2277   3077      3657       924


Dynamically allocated memory at       amaxmodel [B,KiB,MiB]:      1246541    1217.325     1.189
patch_______> segment topology patched using RTF:   277  ;  LEU  ;  CTER
              segments residues atoms bonds angles dihedrals impropers:
                     1      277  2228  2278   3079      3659       925

genseg______> segment topology constructed from sequence and RTF:
              segments residues atoms bonds angles dihedrals impropers:
                     1      277  2228  2278   3079      3659       925
transfe_506_> MODEL is an average of all templates.
transfe_511_> Number of templates for coordinate transfer:        1
              After transferring coordinates of the equivalent template atoms,
              there are defined, undefined atoms in MODEL:     2079      149
openf___224_> Open           5CAO_A_full.ini
wrpdb___568_> Residues, atoms, selected atoms:      277     2228     2228
make_re_417_> Restraint type to be calculated:  stereo

Dynamically allocated memory at  amaxrestraints [B,KiB,MiB]:      1353590    1321.865     1.291

Dynamically allocated memory at  amaxrestraints [B,KiB,MiB]:      1361782    1329.865     1.299

Dynamically allocated memory at  amaxrestraints [B,KiB,MiB]:      1378166    1345.865     1.314

Dynamically allocated memory at  amaxrestraints [B,KiB,MiB]:      1410934    1377.865     1.346

Dynamically allocated memory at  amaxrestraints [B,KiB,MiB]:      1443702    1409.865     1.377

Dynamically allocated memory at  amaxrestraints [B,KiB,MiB]:      1509238    1473.865     1.439

Dynamically allocated memory at  amaxrestraints [B,KiB,MiB]:      1542006    1505.865     1.471

Dynamically allocated memory at  amaxrestraints [B,KiB,MiB]:      1574774    1537.865     1.502

Dynamically allocated memory at  amaxrestraints [B,KiB,MiB]:      1640310    1601.865     1.564

Dynamically allocated memory at  amaxrestraints [B,KiB,MiB]:      1771382    1729.865     1.689

Dynamically allocated memory at  amaxrestraints [B,KiB,MiB]:      1836918    1793.865     1.752

Dynamically allocated memory at  amaxrestraints [B,KiB,MiB]:      1902454    1857.865     1.814

Dynamically allocated memory at  amaxrestraints [B,KiB,MiB]:      2033526    1985.865     1.939

Dynamically allocated memory at  amaxrestraints [B,KiB,MiB]:      2295670    2241.865     2.189
r_stere_606_> Stereochemical restraints were constructed from RTF & PRMF.
              Added bond,angle,dihedral,improper restraints  :     2278    3079    3500     911
              Total number of restraints before, now         :        0     9768
make_re_422_> Number of previous, current restraints         :        0     9768
make_re_423_> Number of previous, current selected restraints:        0     9768
make_re_417_> Restraint type to be calculated:  phi-psi_binormal

Dynamically allocated memory at   amaxstructure [B,KiB,MiB]:      2456450    2398.877     2.343
openf___224_> Open           ${MODINSTALL9v19}/modlib/mnch1.bin
openf___224_> Open           ${MODINSTALL9v19}/modlib/mnch1.mdt
getdata_643_> Protein accepted:  5CAO_A
getdata_289_> Proteins (all/accepted):        1        1

Dynamically allocated memory at  amaxrestraints [B,KiB,MiB]:      2587538    2526.893     2.468
make_re_422_> Number of previous, current restraints         :     9768    10043
make_re_423_> Number of previous, current selected restraints:     9768    10043
make_re_417_> Restraint type to be calculated:  omega_dihedral

Dynamically allocated memory at   amaxstructure [B,KiB,MiB]:      2587538    2526.893     2.468
openf___224_> Open           ${MODINSTALL9v19}/modlib/omega.bin
openf___224_> Open           ${MODINSTALL9v19}/modlib/omega.mdt
getdata_643_> Protein accepted:  5CAO_A
getdata_289_> Proteins (all/accepted):        1        1
omgdel__425_> Unselected all O C +N +CA dihedrals:      290
              (This is to avoid clashes between STEREO
              and OMEGA_DIHEDRAL restraints)
make_re_422_> Number of previous, current restraints         :    10043    10319
make_re_423_> Number of previous, current selected restraints:    10043    10029
make_re_417_> Restraint type to be calculated:  chi1_dihedral

Dynamically allocated memory at   amaxstructure [B,KiB,MiB]:      2587538    2526.893     2.468
openf___224_> Open           ${MODINSTALL9v19}/modlib/chi1234.bin
openf___224_> Open           ${MODINSTALL9v19}/modlib/chi1.mdt
getdata_643_> Protein accepted:  5CAO_A
getdata_289_> Proteins (all/accepted):        1        1

Dynamically allocated memory at  amaxrestraints [B,KiB,MiB]:      2718610    2654.893     2.593
make_re_422_> Number of previous, current restraints         :    10319    10563
make_re_423_> Number of previous, current selected restraints:    10029    10273
make_re_417_> Restraint type to be calculated:  chi2_dihedral

Dynamically allocated memory at   amaxstructure [B,KiB,MiB]:      2718610    2654.893     2.593
openf___224_> Open           ${MODINSTALL9v19}/modlib/chi1234.bin
openf___224_> Open           ${MODINSTALL9v19}/modlib/chi2.mdt
getdata_643_> Protein accepted:  5CAO_A
getdata_289_> Proteins (all/accepted):        1        1
make_re_422_> Number of previous, current restraints         :    10563    10756
make_re_423_> Number of previous, current selected restraints:    10273    10466
make_re_417_> Restraint type to be calculated:  chi3_dihedral

Dynamically allocated memory at   amaxstructure [B,KiB,MiB]:      2718610    2654.893     2.593
openf___224_> Open           ${MODINSTALL9v19}/modlib/chi1234.bin
openf___224_> Open           ${MODINSTALL9v19}/modlib/chi3.mdt
getdata_643_> Protein accepted:  5CAO_A
getdata_289_> Proteins (all/accepted):        1        1
make_re_422_> Number of previous, current restraints         :    10756    10847
make_re_423_> Number of previous, current selected restraints:    10466    10557
make_re_417_> Restraint type to be calculated:  chi4_dihedral

Dynamically allocated memory at   amaxstructure [B,KiB,MiB]:      2718610    2654.893     2.593
openf___224_> Open           ${MODINSTALL9v19}/modlib/chi1234.bin
openf___224_> Open           ${MODINSTALL9v19}/modlib/chi4.mdt
mdtrsr__446W> A potential that relies on one protein is used, yet you have at
              least one known structure available. MDT, not library, potential is used.
getdata_643_> Protein accepted:  5CAO_A
getdata_289_> Proteins (all/accepted):        1        1
make_re_422_> Number of previous, current restraints         :    10847    10885
make_re_423_> Number of previous, current selected restraints:    10557    10595
make_re_417_> Restraint type to be calculated:  DISTANCE

Dynamically allocated memory at amaxhash_contac [B,KiB,MiB]:      3360238    3281.482     3.205
make_re_422_> Number of previous, current restraints         :    10885    16010
make_re_423_> Number of previous, current selected restraints:    10595    15720
make_re_417_> Restraint type to be calculated:  DISTANCE

Dynamically allocated memory at  amaxrestraints [B,KiB,MiB]:      3622382    3537.482     3.455

Dynamically allocated memory at  amaxrestraints [B,KiB,MiB]:      3884526    3793.482     3.705

Dynamically allocated memory at  amaxrestraints [B,KiB,MiB]:      4408814    4305.482     4.205
make_re_422_> Number of previous, current restraints         :    16010    21173
make_re_423_> Number of previous, current selected restraints:    15720    20883
make_re_417_> Restraint type to be calculated:  DISTANCE

Dynamically allocated memory at  amaxrestraints [B,KiB,MiB]:      4670958    4561.482     4.455
make_re_422_> Number of previous, current restraints         :    21173    25296
make_re_423_> Number of previous, current selected restraints:    20883    25006
make_re_417_> Restraint type to be calculated:  DISTANCE
make_re_422_> Number of previous, current restraints         :    25296    27936
make_re_423_> Number of previous, current selected restraints:    25006    27646
0 atoms in HETATM/BLK residues constrained
to protein atoms within 2.30 angstroms
and protein CA atoms within 10.00 angstroms
make_re_417_> Restraint type to be calculated:  DISTANCE
make_re_422_> Number of previous, current restraints         :    27936    27936
make_re_423_> Number of previous, current selected restraints:    27646    27646
make_re_417_> Restraint type to be calculated:  DISTANCE
make_re_422_> Number of previous, current restraints         :    27936    27936
make_re_423_> Number of previous, current selected restraints:    27646    27646
make_re_417_> Restraint type to be calculated:  DISTANCE
make_re_422_> Number of previous, current restraints         :    27936    27936
make_re_423_> Number of previous, current selected restraints:    27646    27646
make_re_417_> Restraint type to be calculated:  DISTANCE
make_re_422_> Number of previous, current restraints         :    27936    27936
make_re_423_> Number of previous, current selected restraints:    27646    27646
0 atoms in residues without defined topology
constrained to be rigid bodies
make_re_417_> Restraint type to be calculated:  DISTANCE
make_re_422_> Number of previous, current restraints         :    27936    27936
make_re_423_> Number of previous, current selected restraints:    27646    27646
rmdupl__427_>     1740 redundant cosine dihedral restraints were unselected.
condens_443_> Restraints marked for deletion were removed.
              Total number of restraints before, now:    27936    25906
openf___224_> Open           5CAO_A_full.rsr
openf___224_> Open           5CAO_A_full.rsr

Dynamically allocated memory at  amaxrestraints [B,KiB,MiB]:      4712133    4601.692     4.494
rdcsr2__307_> Number of restraints read    :    25906
              Number of excluded pairs read:        0
              Number of pseudo atoms read  :        0
rdcsrs__304_> Restraints in memory, selected restraints:    25906    25906
              Explicitly excluded atom pairs in memory :        0
              Pseudo atoms in memory                   :        0
207 (of 2228 total) atoms selected for optimization
openf___224_> Open           5CAO_A_full.ini

Dynamically allocated memory at       amaxmodel [B,KiB,MiB]:      4712157    4601.716     4.494
read_mo_297_> Segments, residues, atoms:        1      277     2228
read_mo_298_> Segment:        1     1   277     2228
randomi_498_> Atoms,selected atoms,random_seed,amplitude:     2228      207        1        4.0000
randomi_496_> Amplitude is > 0; randomization is done.
pick_re_612_> Number of MODEL atoms, selected restraints;      207     1183
pick_re_612_> Number of MODEL atoms, selected restraints;      207     1313
pick_re_612_> Number of MODEL atoms, selected restraints;      207     1381
pick_re_612_> Number of MODEL atoms, selected restraints;      207     1457
pick_re_612_> Number of MODEL atoms, selected restraints;      207     1552
pick_re_612_> Number of MODEL atoms, selected restraints;      207     1747
pick_re_612_> Number of MODEL atoms, selected restraints;      207     2058
pick_re_612_> Number of MODEL atoms, selected restraints;      207     2300

Dynamically allocated memory at  amaxrestraints [B,KiB,MiB]:      5058209    4939.657     4.824
pick_re_612_> Number of MODEL atoms, selected restraints;      207     2343
pick_re_612_> Number of MODEL atoms, selected restraints;      207     2344
pick_re_612_> Number of MODEL atoms, selected restraints;      207     2344
iupac_m_487_> NH1/2 swapped:      178.5513        3     3
iupac_m_486_> OE1/2 will be swapped:     -161.3975        7     7
iupac_m_486_> OE1/2 will be swapped:      164.3883        9     9
iupac_m_486_> OE1/2 will be swapped:     -156.6860       34    34
iupac_m_486_> OE1/2 will be swapped:     -137.4175       44    44
iupac_m_487_> NH1/2 swapped:     -180.0000       46    46
iupac_m_486_> OE1/2 will be swapped:     -180.0000       47    47
iupac_m_486_> OE1/2 will be swapped:     -110.3850       56    56
iupac_m_483_> CD1/2 CE1/2 swapped:       91.2115       93    93
iupac_m_397W> Atoms were not swapped because of the uncertainty of how to handle the H atom.
iupac_m_485_> OD1/2 will be swapped:     -174.6064       98    98
iupac_m_483_> CD1/2 CE1/2 swapped:      -93.0236       99    99
iupac_m_397W> Atoms were not swapped because of the uncertainty of how to handle the H atom.
iupac_m_486_> OE1/2 will be swapped:     -132.8124      102   102
iupac_m_486_> OE1/2 will be swapped:     -165.7482      127   127
iupac_m_485_> OD1/2 will be swapped:      177.0942      128   128
iupac_m_485_> OD1/2 will be swapped:     -163.8918      135   135
iupac_m_486_> OE1/2 will be swapped:     -179.9374      163   163
iupac_m_486_> OE1/2 will be swapped:      174.1549      164   164
iupac_m_486_> OE1/2 will be swapped:      151.3885      166   166
iupac_m_487_> NH1/2 swapped:     -179.7317      187   187
iupac_m_483_> CD1/2 CE1/2 swapped:      -97.0440      189   189
iupac_m_397W> Atoms were not swapped because of the uncertainty of how to handle the H atom.
iupac_m_485_> OD1/2 will be swapped:      152.6574      194   194
iupac_m_483_> CD1/2 CE1/2 swapped:      -91.2932      198   198
iupac_m_397W> Atoms were not swapped because of the uncertainty of how to handle the H atom.
iupac_m_486_> OE1/2 will be swapped:       90.4272      204   204
iupac_m_485_> OD1/2 will be swapped:     -141.6526      214   214
iupac_m_486_> OE1/2 will be swapped:      165.7083      229   229
iupac_m_483_> CD1/2 CE1/2 swapped:     -124.7943      242   242
iupac_m_397W> Atoms were not swapped because of the uncertainty of how to handle the H atom.
iupac_m_485_> OD1/2 will be swapped:     -175.8339      254   254
iupac_m_487_> NH1/2 swapped:     -178.6735      256   256
iupac_m_487_> NH1/2 swapped:      179.2824      260   260
iupac_m_486_> OE1/2 will be swapped:      120.4529      265   265
iupac_m_487_> NH1/2 swapped:      179.4294      271   271
iupac_m_485_> OD1/2 will be swapped:     -172.9407      272   272
iupac_m_487_> NH1/2 swapped:      179.5433      275   275
iupac_m_483_> CD1/2 CE1/2 swapped:       98.6468      276   276
iupac_m_397W> Atoms were not swapped because of the uncertainty of how to handle the H atom.


>> ENERGY; Differences between the model's features and restraints:
Number of all residues in MODEL                   :      277
Number of all, selected real atoms                :     2228     207
Number of all, selected pseudo atoms              :        0       0
Number of all static, selected restraints         :    25906    2344
COVALENT_CYS                                      :        F
NONBONDED_SEL_ATOMS                               :        1
Number of non-bonded pairs (excluding 1-2,1-3,1-4):      402
Dynamic pairs routine                             : 5, NATM_SEL x NATM double loop
Atomic shift for contacts update (UPDATE_DYNAMIC) :    0.390
LENNARD_JONES_SWITCH                              :    6.500   7.500
COULOMB_JONES_SWITCH                              :    6.500   7.500
RESIDUE_SPAN_RANGE                                :        0   99999
NLOGN_USE                                         :       15
CONTACT_SHELL                                     :    4.000
DYNAMIC_PAIRS,_SPHERE,_COULOMB,_LENNARD,_MODELLER :        T       T       F       F       F
SPHERE_STDV                                       :    0.050
RADII_FACTOR                                      :    0.820
Current energy                                    :         233.4453





Summary of the restraint violations: 

   NUM     ... number of restraints.
   NUMVI   ... number of restraints with RVIOL > VIOL_REPORT_CUT[i].
   RVIOL   ... relative difference from the best value.
   NUMVP   ... number of restraints with -Ln(pdf) > VIOL_REPORT_CUT2[i].
   RMS_1   ... RMS(feature, minimally_violated_basis_restraint, NUMB).
   RMS_2   ... RMS(feature, best_value, NUMB).
   MOL.PDF ... scaled contribution to -Ln(Molecular pdf).

 #                     RESTRAINT_GROUP      NUM   NUMVI  NUMVP   RMS_1   RMS_2         MOL.PDF     S_i
------------------------------------------------------------------------------------------------------
 1 Bond length potential              :     214       0      0   0.011   0.011      7.6299       1.000
 2 Bond angle potential               :     289       0      0   2.401   2.401      31.515       1.000
 3 Stereochemical cosine torsion poten:     135       0      6  48.848  48.848      54.233       1.000
 4 Stereochemical improper torsion pot:      83       0      1   1.787   1.787      6.5182       1.000
 5 Soft-sphere overlap restraints     :     402       0      0   0.004   0.004     0.61778       1.000
 6 Lennard-Jones 6-12 potential       :       0       0      0   0.000   0.000      0.0000       1.000
 7 Coulomb point-point electrostatic p:       0       0      0   0.000   0.000      0.0000       1.000
 8 H-bonding potential                :       0       0      0   0.000   0.000      0.0000       1.000
 9 Distance restraints 1 (CA-CA)      :     495       0      0   0.155   0.155      9.3337       1.000
10 Distance restraints 2 (N-O)        :     495       0      3   0.236   0.236      22.239       1.000
11 Mainchain Phi dihedral restraints  :       0       0      0   0.000   0.000      0.0000       1.000
12 Mainchain Psi dihedral restraints  :       0       0      0   0.000   0.000      0.0000       1.000
13 Mainchain Omega dihedral restraints:      27       1      1   7.357   7.357      17.236       1.000
14 Sidechain Chi_1 dihedral restraints:      21       0      0  64.788  64.788      5.9399       1.000
15 Sidechain Chi_2 dihedral restraints:      20       0      0  74.252  74.252      3.9019       1.000
16 Sidechain Chi_3 dihedral restraints:      11       0      0 107.899 107.899      8.0328       1.000
17 Sidechain Chi_4 dihedral restraints:       6       0      0  98.541  98.541      5.2939       1.000
18 Disulfide distance restraints      :       0       0      0   0.000   0.000      0.0000       1.000
19 Disulfide angle restraints         :       0       0      0   0.000   0.000      0.0000       1.000
20 Disulfide dihedral angle restraints:       0       0      0   0.000   0.000      0.0000       1.000
21 Lower bound distance restraints    :       0       0      0   0.000   0.000      0.0000       1.000
22 Upper bound distance restraints    :       0       0      0   0.000   0.000      0.0000       1.000
23 Distance restraints 3 (SDCH-MNCH)  :     272       0      0   0.536   0.536      5.0953       1.000
24 Sidechain Chi_5 dihedral restraints:       0       0      0   0.000   0.000      0.0000       1.000
25 Phi/Psi pair of dihedral restraints:      29      10      7  44.692 118.807      38.057       1.000
26 Distance restraints 4 (SDCH-SDCH)  :     247       0      0   0.961   0.961      17.802       1.000
27 Distance restraints 5 (X-Y)        :       0       0      0   0.000   0.000      0.0000       1.000
28 NMR distance restraints 6 (X-Y)    :       0       0      0   0.000   0.000      0.0000       1.000
29 NMR distance restraints 7 (X-Y)    :       0       0      0   0.000   0.000      0.0000       1.000
30 Minimal distance restraints        :       0       0      0   0.000   0.000      0.0000       1.000
31 Non-bonded restraints              :       0       0      0   0.000   0.000      0.0000       1.000
32 Atomic accessibility restraints    :       0       0      0   0.000   0.000      0.0000       1.000
33 Atomic density restraints          :       0       0      0   0.000   0.000      0.0000       1.000
34 Absolute position restraints       :       0       0      0   0.000   0.000      0.0000       1.000
35 Dihedral angle difference restraint:       0       0      0   0.000   0.000      0.0000       1.000
36 GBSA implicit solvent potential    :       0       0      0   0.000   0.000      0.0000       1.000
37 EM density fitting potential       :       0       0      0   0.000   0.000      0.0000       1.000
38 SAXS restraints                    :       0       0      0   0.000   0.000      0.0000       1.000
39 Symmetry restraints                :       0       0      0   0.000   0.000      0.0000       1.000



openf___224_> Open           5CAO_A_full.V99990001
# Heavy relative violation of each residue is written to: 5CAO_A_full.V99990001
# The profile is NOT normalized by the number of restraints.
# The profiles are smoothed over a window of residues:    1
# The sum of all numbers in the file:    4774.3335



List of the violated restraints:
   A restraint is violated when the relative difference
   from the best value (RVIOL) is larger than CUTOFF.

   ICSR   ... index of a restraint in the current set.
   RESNO  ... residue numbers of the first two atoms.
   ATM    ... IUPAC atom names of the first two atoms.
   FEAT   ... the value of the feature in the model.
   restr  ... the mean of the basis restraint with the smallest
              difference from the model (local minimum).
   viol   ... difference from the local minimum.
   rviol  ... relative difference from the local minimum.
   RESTR  ... the best value (global minimum).
   VIOL   ... difference from the best value.
   RVIOL  ... relative difference from the best value.


-------------------------------------------------------------------------------------------------

Feature 13                           : Mainchain Omega dihedral restraints     
List of the RVIOL violations larger than   :       4.5000

    #   ICSR  RESNO1/2 ATM1/2   INDATM1/2    FEAT   restr    viol   rviol   RESTR    VIOL   RVIOL
    1   8176 163E 163E CA  C    1285 1291 -147.90 -180.00   32.10    6.42 -180.00   32.10    6.42

-------------------------------------------------------------------------------------------------

Feature 25                           : Phi/Psi pair of dihedral restraints     
List of the RVIOL violations larger than   :       6.5000

    #   ICSR  RESNO1/2 ATM1/2   INDATM1/2    FEAT   restr    viol   rviol   RESTR    VIOL   RVIOL
    1   7900 162A 163E C   N    1282 1284 -179.97 -117.80   68.30    2.01  -63.60 -166.47   32.04
    1        163E 163E N   CA   1284 1285  165.07  136.80                  -40.30
    2   7901 163E 164E C   N    1291 1293   63.36  -63.60  142.11   18.99  -63.60  142.11   18.99
    2        164E 164E N   CA   1293 1294 -104.16  -40.30                  -40.30
    3   7902 164E 165K C   N    1300 1302 -159.98 -118.00   42.05    1.54  -62.90 -157.65   32.07
    3        165K 165K N   CA   1302 1303  141.66  139.10                  -40.80
    4   7903 165K 166E C   N    1309 1311  165.67 -117.80   79.61    2.46  -63.60 -152.64   34.58
    4        166E 166E N   CA   1311 1312  158.73  136.80                  -40.30
    5   7904 166E 167Y C   N    1318 1320  174.51 -124.30   61.19    4.58  -63.50 -143.05   29.96
    5        167Y 167Y N   CA   1320 1321  136.01  135.40                  -43.40
    6   7905 167Y 168H C   N    1330 1332 -151.69 -125.60   45.17    1.19  -63.20  167.34   26.60
    6        168H 168H N   CA   1332 1333  175.67  138.80                  -42.30
    7   7906 168H 169A C   N    1340 1342 -157.65 -134.00   32.95    0.98  -62.50  176.93   34.05
    7        169A 169A N   CA   1342 1343  169.94  147.00                  -40.90
    8   7907 169A 170E C   N    1345 1347 -149.50 -117.80   53.47    1.89  -63.60  164.12   26.60
    8        170E 170E N   CA   1347 1348  179.85  136.80                  -40.30
    9   7908 170E 171G C   N    1354 1356 -156.25 -167.20   15.88    0.60   82.20 -144.79   15.71
    9        171G 171G N   CA   1356 1357 -173.90  174.60                    8.50
   10   7910 172G 173K C   N    1362 1364 -137.75 -118.00   25.24    0.86  -62.90 -179.38   27.94
   10        173K 173K N   CA   1364 1365  154.82  139.10                  -40.80


report______> Distribution of short non-bonded contacts:

  serious non-bonded atom clash:   356  359   2.117
  serious non-bonded atom clash:  1023 1263   1.851
  serious non-bonded atom clash:  1026 1264   1.978
  serious non-bonded atom clash:  1032 1276   2.289
  serious non-bonded atom clash:  1033 1264   1.952
  serious non-bonded atom clash:  1034 1264   1.481
  serious non-bonded atom clash:  1249 1252   2.234

DISTANCE1:  0.00 2.10 2.20 2.30 2.40 2.50 2.60 2.70 2.80 2.90 3.00 3.10 3.20 3.30 3.40
DISTANCE2:  2.10 2.20 2.30 2.40 2.50 2.60 2.70 2.80 2.90 3.00 3.10 3.20 3.30 3.40 3.50
FREQUENCY:     4    1    2    1    0    2    8   30   68   84  122  167  241  305  359


<< end of ENERGY.
openf___224_> Open           5CAO_A_full.B99990001.pdb
wrpdb___568_> Residues, atoms, selected atoms:      277     2228     2228

>> Summary of successfully produced models:
Filename                          molpdf
----------------------------------------
5CAO_A_full.B99990001.pdb      233.44528


Dynamically allocated memory at          finish [B,KiB,MiB]:      5058209    4939.657     4.824
Starting time                                            : 2018/02/20 13:03:19
Closing time                                             : 2018/02/20 13:03:25
Total CPU time [seconds]                                 :       6.46
