
                         MODELLER 9.19, 2017/07/19, r11078

     PROTEIN STRUCTURE MODELLING BY SATISFACTION OF SPATIAL RESTRAINTS


                     Copyright(c) 1989-2017 Andrej Sali
                            All Rights Reserved

                             Written by A. Sali
                               with help from
              B. Webb, M.S. Madhusudhan, M-Y. Shen, G.Q. Dong,
          M.A. Marti-Renom, N. Eswar, F. Alber, M. Topf, B. Oliva,
             A. Fiser, R. Sanchez, B. Yerkovich, A. Badretdinov,
                     F. Melo, J.P. Overington, E. Feyfant
                 University of California, San Francisco, USA
                    Rockefeller University, New York, USA
                      Harvard University, Cambridge, USA
                   Imperial Cancer Research Fund, London, UK
              Birkbeck College, University of London, London, UK


Kind, OS, HostName, Kernel, Processor: 4, Linux german-xps 4.14.6-041406-generic x86_64
Date and time of compilation         : 2017/07/19 15:03:51
MODELLER executable type             : x86_64-intel8
Job starting time (YY/MM/DD HH:MM:SS): 2018/02/20 13:02:26

openf___224_> Open           $(LIB)/restyp.lib
openf___224_> Open           ${MODINSTALL9v19}/modlib/resgrp.lib
rdresgr_266_> Number of residue groups:        2
openf___224_> Open           ${MODINSTALL9v19}/modlib/sstruc.lib

Dynamically allocated memory at   amaxlibraries [B,KiB,MiB]:       191566     187.076     0.183

Dynamically allocated memory at   amaxlibraries [B,KiB,MiB]:       192094     187.592     0.183
openf___224_> Open           ${MODINSTALL9v19}/modlib/resdih.lib

Dynamically allocated memory at   amaxlibraries [B,KiB,MiB]:       240694     235.053     0.230
rdrdih__263_> Number of dihedral angle types         :        9
              Maximal number of dihedral angle optima:        3
              Dihedral angle names                   :  Alph Phi Psi Omeg chi1 chi2 chi3 chi4 chi5
openf___224_> Open           ${MODINSTALL9v19}/modlib/radii.lib

Dynamically allocated memory at   amaxlibraries [B,KiB,MiB]:       253994     248.041     0.242
openf___224_> Open           ${MODINSTALL9v19}/modlib/radii14.lib
openf___224_> Open           ${MODINSTALL9v19}/modlib/af_mnchdef.lib
rdwilmo_274_> Mainchain residue conformation classes:  APBLE
openf___224_> Open           ${MODINSTALL9v19}/modlib/mnch.lib
rdclass_257_> Number of classes:        5
openf___224_> Open           ${MODINSTALL9v19}/modlib/mnch1.lib
openf___224_> Open           ${MODINSTALL9v19}/modlib/mnch2.lib
openf___224_> Open           ${MODINSTALL9v19}/modlib/mnch3.lib
openf___224_> Open           ${MODINSTALL9v19}/modlib/xs4.mat
rdrrwgh_268_> Number of residue types:       21
openf___224_> Open           /home/german/labo/18/egfr/model/4I23_A/to_model_4I23_A

Dynamically allocated memory at   amaxalignment [B,KiB,MiB]:       265487     259.265     0.253

Dynamically allocated memory at   amaxalignment [B,KiB,MiB]:       266937     260.681     0.255

Dynamically allocated memory at   amaxalignment [B,KiB,MiB]:       269837     263.513     0.257

Dynamically allocated memory at   amaxalignment [B,KiB,MiB]:       275637     269.177     0.263

Dynamically allocated memory at   amaxalignment [B,KiB,MiB]:       392693     383.489     0.375

Dynamically allocated memory at    amaxsequence [B,KiB,MiB]:       393905     384.673     0.376

Dynamically allocated memory at    amaxsequence [B,KiB,MiB]:       395009     385.751     0.377

Read the alignment from file       : /home/german/labo/18/egfr/model/4I23_A/to_model_4I23_A
Total number of alignment positions:   309

  #  Code        #_Res #_Segm PDB_code    Name
-------------------------------------------------------------------------------
  1     4I23_A     304      1      4I23_A
  2  4I23_A_fu     277      1
check_a_343_> >> BEGINNING OF COMMAND
openf___224_> Open           ./4I23_A.pdb

Dynamically allocated memory at amaxcoordinates [B,KiB,MiB]:       487934     476.498     0.465

Dynamically allocated memory at    amaxsequence [B,KiB,MiB]:       487934     476.498     0.465

Dynamically allocated memory at amaxcoordinates [B,KiB,MiB]:       488105     476.665     0.465

Dynamically allocated memory at amaxcoordinates [B,KiB,MiB]:       488955     477.495     0.466

Dynamically allocated memory at amaxcoordinates [B,KiB,MiB]:       490213     478.724     0.468

Dynamically allocated memory at amaxcoordinates [B,KiB,MiB]:       492117     480.583     0.469

Dynamically allocated memory at    amaxsequence [B,KiB,MiB]:       492117     480.583     0.469

Dynamically allocated memory at amaxcoordinates [B,KiB,MiB]:       492207     480.671     0.469

Dynamically allocated memory at amaxcoordinates [B,KiB,MiB]:       495063     483.460     0.472

Dynamically allocated memory at    amaxsequence [B,KiB,MiB]:       495063     483.460     0.472

Dynamically allocated memory at amaxcoordinates [B,KiB,MiB]:       495198     483.592     0.472

Dynamically allocated memory at amaxcoordinates [B,KiB,MiB]:       499482     487.775     0.476

Dynamically allocated memory at    amaxsequence [B,KiB,MiB]:       499482     487.775     0.476

Dynamically allocated memory at amaxcoordinates [B,KiB,MiB]:       499680     487.969     0.477

Dynamically allocated memory at amaxcoordinates [B,KiB,MiB]:       506106     494.244     0.483

Dynamically allocated memory at    amaxsequence [B,KiB,MiB]:       506106     494.244     0.483

Dynamically allocated memory at amaxcoordinates [B,KiB,MiB]:       506403     494.534     0.483

Dynamically allocated memory at amaxcoordinates [B,KiB,MiB]:       516025     503.931     0.492

Dynamically allocated memory at    amaxsequence [B,KiB,MiB]:       516025     503.931     0.492

Dynamically allocated memory at amaxcoordinates [B,KiB,MiB]:       516475     504.370     0.493

Dynamically allocated memory at amaxcoordinates [B,KiB,MiB]:       530925     518.481     0.506

Dynamically allocated memory at    amaxsequence [B,KiB,MiB]:       530925     518.481     0.506

Dynamically allocated memory at amaxcoordinates [B,KiB,MiB]:       531600     519.141     0.507

Dynamically allocated memory at amaxcoordinates [B,KiB,MiB]:       553258     540.291     0.528

Dynamically allocated memory at    amaxsequence [B,KiB,MiB]:       553258     540.291     0.528

Dynamically allocated memory at amaxcoordinates [B,KiB,MiB]:       554266     541.275     0.529

Dynamically allocated memory at amaxcoordinates [B,KiB,MiB]:       586770     573.018     0.560

Dynamically allocated memory at   amaxstructure [B,KiB,MiB]:       586473     572.728     0.559

check_ali___> Checking the sequence-structure alignment. 

Implied intrachain target CA(i)-CA(i+1) distances longer than  8.0 angstroms:

ALN_POS  TMPL  RID1  RID2  NAM1  NAM2     DIST
----------------------------------------------
END OF TABLE
check_a_344_> << END OF COMMAND
openf___224_> Open           ${LIB}/top_heav.lib
read_to_681_> topology.submodel read from topology file:        3
openf___224_> Open           ${LIB}/par.lib

Dynamically allocated memory at  amaxparameters [B,KiB,MiB]:       725725     708.716     0.692

Dynamically allocated memory at  amaxparameters [B,KiB,MiB]:       727325     710.278     0.694

Dynamically allocated memory at  amaxparameters [B,KiB,MiB]:       731305     714.165     0.697

Dynamically allocated memory at  amaxparameters [B,KiB,MiB]:       733305     716.118     0.699

Dynamically allocated memory at  amaxparameters [B,KiB,MiB]:       736305     719.048     0.702

Dynamically allocated memory at  amaxparameters [B,KiB,MiB]:       740805     723.442     0.706

Dynamically allocated memory at  amaxparameters [B,KiB,MiB]:       746377     728.884     0.712

Dynamically allocated memory at  amaxparameters [B,KiB,MiB]:       749177     731.618     0.714

Dynamically allocated memory at  amaxparameters [B,KiB,MiB]:       753377     735.720     0.718

Dynamically allocated memory at  amaxparameters [B,KiB,MiB]:       759677     741.872     0.724

Dynamically allocated memory at  amaxparameters [B,KiB,MiB]:       762449     744.579     0.727

Dynamically allocated memory at  amaxparameters [B,KiB,MiB]:       763849     745.946     0.728
read_pa_232_> parameters    BONDS   ANGLS  DIHEDS IMPROPS    MODE
                              227     561     661     112       0

Dynamically allocated memory at       amaxmodel [B,KiB,MiB]:       807181     788.263     0.770

Dynamically allocated memory at       amaxmodel [B,KiB,MiB]:      1026897    1002.829     0.979

Dynamically allocated memory at       amaxmodel [B,KiB,MiB]:      1059881    1035.040     1.011

mkilst______> segment topology constructed from sequence and RTF:
              segments residues atoms bonds angles dihedrals impropers:
                     1      277  2223  2273      0         0       925

Dynamically allocated memory at       amaxmodel [B,KiB,MiB]:      1155205    1128.130     1.102

patch_______> segment topology patched using RTF:     1  ;  LEU  ;  NTER
              segments residues atoms bonds angles dihedrals impropers:
                     1      277  2223  2273   3074      3654       925


Dynamically allocated memory at       amaxmodel [B,KiB,MiB]:      1247301    1218.067     1.190
patch_______> segment topology patched using RTF:   277  ;  LEU  ;  CTER
              segments residues atoms bonds angles dihedrals impropers:
                     1      277  2224  2274   3076      3656       926

genseg______> segment topology constructed from sequence and RTF:
              segments residues atoms bonds angles dihedrals impropers:
                     1      277  2224  2274   3076      3656       926
transfe_506_> MODEL is an average of all templates.
transfe_511_> Number of templates for coordinate transfer:        1
              After transferring coordinates of the equivalent template atoms,
              there are defined, undefined atoms in MODEL:     2183       41
openf___224_> Open           4I23_A_full.ini
wrpdb___568_> Residues, atoms, selected atoms:      277     2224     2224
make_re_417_> Restraint type to be calculated:  stereo

Dynamically allocated memory at  amaxrestraints [B,KiB,MiB]:      1354350    1322.607     1.292

Dynamically allocated memory at  amaxrestraints [B,KiB,MiB]:      1362542    1330.607     1.299

Dynamically allocated memory at  amaxrestraints [B,KiB,MiB]:      1378926    1346.607     1.315

Dynamically allocated memory at  amaxrestraints [B,KiB,MiB]:      1411694    1378.607     1.346

Dynamically allocated memory at  amaxrestraints [B,KiB,MiB]:      1444462    1410.607     1.378

Dynamically allocated memory at  amaxrestraints [B,KiB,MiB]:      1509998    1474.607     1.440

Dynamically allocated memory at  amaxrestraints [B,KiB,MiB]:      1542766    1506.607     1.471

Dynamically allocated memory at  amaxrestraints [B,KiB,MiB]:      1575534    1538.607     1.503

Dynamically allocated memory at  amaxrestraints [B,KiB,MiB]:      1641070    1602.607     1.565

Dynamically allocated memory at  amaxrestraints [B,KiB,MiB]:      1772142    1730.607     1.690

Dynamically allocated memory at  amaxrestraints [B,KiB,MiB]:      1837678    1794.607     1.753

Dynamically allocated memory at  amaxrestraints [B,KiB,MiB]:      1903214    1858.607     1.815

Dynamically allocated memory at  amaxrestraints [B,KiB,MiB]:      2034286    1986.607     1.940

Dynamically allocated memory at  amaxrestraints [B,KiB,MiB]:      2296430    2242.607     2.190
r_stere_606_> Stereochemical restraints were constructed from RTF & PRMF.
              Added bond,angle,dihedral,improper restraints  :     2274    3076    3497     912
              Total number of restraints before, now         :        0     9759
make_re_422_> Number of previous, current restraints         :        0     9759
make_re_423_> Number of previous, current selected restraints:        0     9759
make_re_417_> Restraint type to be calculated:  phi-psi_binormal

Dynamically allocated memory at   amaxstructure [B,KiB,MiB]:      2457074    2399.486     2.343
openf___224_> Open           ${MODINSTALL9v19}/modlib/mnch1.bin
openf___224_> Open           ${MODINSTALL9v19}/modlib/mnch1.mdt
getdata_643_> Protein accepted:  4I23_A
getdata_289_> Proteins (all/accepted):        1        1

Dynamically allocated memory at  amaxrestraints [B,KiB,MiB]:      2588162    2527.502     2.468
make_re_422_> Number of previous, current restraints         :     9759    10034
make_re_423_> Number of previous, current selected restraints:     9759    10034
make_re_417_> Restraint type to be calculated:  omega_dihedral

Dynamically allocated memory at   amaxstructure [B,KiB,MiB]:      2588162    2527.502     2.468
openf___224_> Open           ${MODINSTALL9v19}/modlib/omega.bin
openf___224_> Open           ${MODINSTALL9v19}/modlib/omega.mdt
getdata_643_> Protein accepted:  4I23_A
getdata_289_> Proteins (all/accepted):        1        1
omgdel__425_> Unselected all O C +N +CA dihedrals:      290
              (This is to avoid clashes between STEREO
              and OMEGA_DIHEDRAL restraints)
make_re_422_> Number of previous, current restraints         :    10034    10310
make_re_423_> Number of previous, current selected restraints:    10034    10020
make_re_417_> Restraint type to be calculated:  chi1_dihedral

Dynamically allocated memory at   amaxstructure [B,KiB,MiB]:      2588162    2527.502     2.468
openf___224_> Open           ${MODINSTALL9v19}/modlib/chi1234.bin
openf___224_> Open           ${MODINSTALL9v19}/modlib/chi1.mdt
getdata_643_> Protein accepted:  4I23_A
getdata_289_> Proteins (all/accepted):        1        1

Dynamically allocated memory at  amaxrestraints [B,KiB,MiB]:      2719234    2655.502     2.593
make_re_422_> Number of previous, current restraints         :    10310    10554
make_re_423_> Number of previous, current selected restraints:    10020    10264
make_re_417_> Restraint type to be calculated:  chi2_dihedral

Dynamically allocated memory at   amaxstructure [B,KiB,MiB]:      2719234    2655.502     2.593
openf___224_> Open           ${MODINSTALL9v19}/modlib/chi1234.bin
openf___224_> Open           ${MODINSTALL9v19}/modlib/chi2.mdt
getdata_643_> Protein accepted:  4I23_A
getdata_289_> Proteins (all/accepted):        1        1
make_re_422_> Number of previous, current restraints         :    10554    10746
make_re_423_> Number of previous, current selected restraints:    10264    10456
make_re_417_> Restraint type to be calculated:  chi3_dihedral

Dynamically allocated memory at   amaxstructure [B,KiB,MiB]:      2719234    2655.502     2.593
openf___224_> Open           ${MODINSTALL9v19}/modlib/chi1234.bin
openf___224_> Open           ${MODINSTALL9v19}/modlib/chi3.mdt
getdata_643_> Protein accepted:  4I23_A
getdata_289_> Proteins (all/accepted):        1        1
make_re_422_> Number of previous, current restraints         :    10746    10835
make_re_423_> Number of previous, current selected restraints:    10456    10545
make_re_417_> Restraint type to be calculated:  chi4_dihedral

Dynamically allocated memory at   amaxstructure [B,KiB,MiB]:      2719234    2655.502     2.593
openf___224_> Open           ${MODINSTALL9v19}/modlib/chi1234.bin
openf___224_> Open           ${MODINSTALL9v19}/modlib/chi4.mdt
mdtrsr__446W> A potential that relies on one protein is used, yet you have at
              least one known structure available. MDT, not library, potential is used.
getdata_643_> Protein accepted:  4I23_A
getdata_289_> Proteins (all/accepted):        1        1
make_re_422_> Number of previous, current restraints         :    10835    10872
make_re_423_> Number of previous, current selected restraints:    10545    10582
make_re_417_> Restraint type to be calculated:  DISTANCE

Dynamically allocated memory at amaxhash_contac [B,KiB,MiB]:      3359710    3280.967     3.204
make_re_422_> Number of previous, current restraints         :    10872    16349
make_re_423_> Number of previous, current selected restraints:    10582    16059
make_re_417_> Restraint type to be calculated:  DISTANCE

Dynamically allocated memory at  amaxrestraints [B,KiB,MiB]:      3621854    3536.967     3.454

Dynamically allocated memory at  amaxrestraints [B,KiB,MiB]:      3883998    3792.967     3.704

Dynamically allocated memory at  amaxrestraints [B,KiB,MiB]:      4408286    4304.967     4.204
make_re_422_> Number of previous, current restraints         :    16349    21869
make_re_423_> Number of previous, current selected restraints:    16059    21579
make_re_417_> Restraint type to be calculated:  DISTANCE

Dynamically allocated memory at  amaxrestraints [B,KiB,MiB]:      4670430    4560.967     4.454
make_re_422_> Number of previous, current restraints         :    21869    26475
make_re_423_> Number of previous, current selected restraints:    21579    26185
make_re_417_> Restraint type to be calculated:  DISTANCE
make_re_422_> Number of previous, current restraints         :    26475    29257
make_re_423_> Number of previous, current selected restraints:    26185    28967
0 atoms in HETATM/BLK residues constrained
to protein atoms within 2.30 angstroms
and protein CA atoms within 10.00 angstroms
make_re_417_> Restraint type to be calculated:  DISTANCE
make_re_422_> Number of previous, current restraints         :    29257    29257
make_re_423_> Number of previous, current selected restraints:    28967    28967
make_re_417_> Restraint type to be calculated:  DISTANCE
make_re_422_> Number of previous, current restraints         :    29257    29257
make_re_423_> Number of previous, current selected restraints:    28967    28967
make_re_417_> Restraint type to be calculated:  DISTANCE
make_re_422_> Number of previous, current restraints         :    29257    29257
make_re_423_> Number of previous, current selected restraints:    28967    28967
make_re_417_> Restraint type to be calculated:  DISTANCE
make_re_422_> Number of previous, current restraints         :    29257    29257
make_re_423_> Number of previous, current selected restraints:    28967    28967
0 atoms in residues without defined topology
constrained to be rigid bodies
make_re_417_> Restraint type to be calculated:  DISTANCE
make_re_422_> Number of previous, current restraints         :    29257    29257
make_re_423_> Number of previous, current selected restraints:    28967    28967
rmdupl__427_>     1736 redundant cosine dihedral restraints were unselected.
condens_443_> Restraints marked for deletion were removed.
              Total number of restraints before, now:    29257    27231
openf___224_> Open           4I23_A_full.rsr
openf___224_> Open           4I23_A_full.rsr

Dynamically allocated memory at  amaxrestraints [B,KiB,MiB]:      4710489    4600.087     4.492
rdcsr2__307_> Number of restraints read    :    27231
              Number of excluded pairs read:        0
              Number of pseudo atoms read  :        0
rdcsrs__304_> Restraints in memory, selected restraints:    27231    27231
              Explicitly excluded atom pairs in memory :        0
              Pseudo atoms in memory                   :        0
111 (of 2224 total) atoms selected for optimization
openf___224_> Open           4I23_A_full.ini

Dynamically allocated memory at       amaxmodel [B,KiB,MiB]:      4710513    4600.110     4.492
read_mo_297_> Segments, residues, atoms:        1      277     2224
read_mo_298_> Segment:        1     1   277     2224
randomi_498_> Atoms,selected atoms,random_seed,amplitude:     2224      111        1        4.0000
randomi_496_> Amplitude is > 0; randomization is done.
pick_re_612_> Number of MODEL atoms, selected restraints;      111      818
pick_re_612_> Number of MODEL atoms, selected restraints;      111      936
pick_re_612_> Number of MODEL atoms, selected restraints;      111      988
pick_re_612_> Number of MODEL atoms, selected restraints;      111     1052
pick_re_612_> Number of MODEL atoms, selected restraints;      111     1189
pick_re_612_> Number of MODEL atoms, selected restraints;      111     1323
pick_re_612_> Number of MODEL atoms, selected restraints;      111     1366
pick_re_612_> Number of MODEL atoms, selected restraints;      111     1689

Dynamically allocated memory at  amaxrestraints [B,KiB,MiB]:      5056469    4937.958     4.822
pick_re_612_> Number of MODEL atoms, selected restraints;      111     1733
pick_re_612_> Number of MODEL atoms, selected restraints;      111     1733
pick_re_612_> Number of MODEL atoms, selected restraints;      111     1733
iupac_m_487_> NH1/2 swapped:     -177.6146        3     3
iupac_m_486_> OE1/2 will be swapped:      151.2076        9     9
iupac_m_483_> CD1/2 CE1/2 swapped:      149.4627       10    10
iupac_m_397W> Atoms were not swapped because of the uncertainty of how to handle the H atom.
iupac_m_486_> OE1/2 will be swapped:      167.0827       44    44
iupac_m_487_> NH1/2 swapped:      179.9720       46    46
iupac_m_486_> OE1/2 will be swapped:     -180.0000       47    47
iupac_m_486_> OE1/2 will be swapped:      163.0769       56    56
iupac_m_483_> CD1/2 CE1/2 swapped:       92.7571       93    93
iupac_m_397W> Atoms were not swapped because of the uncertainty of how to handle the H atom.
iupac_m_485_> OD1/2 will be swapped:      166.2849       98    98
iupac_m_486_> OE1/2 will be swapped:      149.7052      102   102
iupac_m_483_> CD1/2 CE1/2 swapped:     -151.3186      111   111
iupac_m_397W> Atoms were not swapped because of the uncertainty of how to handle the H atom.
iupac_m_486_> OE1/2 will be swapped:     -177.4566      127   127
iupac_m_485_> OD1/2 will be swapped:      159.5532      128   128
iupac_m_487_> NH1/2 swapped:     -180.0000      130   130
iupac_m_486_> OE1/2 will be swapped:      155.0560      170   170
iupac_m_486_> OE1/2 will be swapped:       90.3074      182   182
iupac_m_483_> CD1/2 CE1/2 swapped:     -105.2878      189   189
iupac_m_397W> Atoms were not swapped because of the uncertainty of how to handle the H atom.
iupac_m_485_> OD1/2 will be swapped:      165.4481      194   194
iupac_m_483_> CD1/2 CE1/2 swapped:      -97.7386      198   198
iupac_m_397W> Atoms were not swapped because of the uncertainty of how to handle the H atom.
iupac_m_486_> OE1/2 will be swapped:       91.3159      204   204
iupac_m_483_> CD1/2 CE1/2 swapped:      -95.1840      213   213
iupac_m_397W> Atoms were not swapped because of the uncertainty of how to handle the H atom.
iupac_m_486_> OE1/2 will be swapped:       90.9468      220   220
iupac_m_486_> OE1/2 will be swapped:      167.4062      229   229
iupac_m_483_> CD1/2 CE1/2 swapped:     -119.1867      242   242
iupac_m_397W> Atoms were not swapped because of the uncertainty of how to handle the H atom.
iupac_m_485_> OD1/2 will be swapped:     -171.0356      252   252
iupac_m_485_> OD1/2 will be swapped:      153.1962      254   254
iupac_m_487_> NH1/2 swapped:      179.6159      256   256
iupac_m_487_> NH1/2 swapped:     -179.8991      260   260
iupac_m_486_> OE1/2 will be swapped:      103.1933      265   265
iupac_m_487_> NH1/2 swapped:      179.5956      271   271
iupac_m_485_> OD1/2 will be swapped:      176.3818      272   272
iupac_m_487_> NH1/2 swapped:      179.6904      275   275
iupac_m_483_> CD1/2 CE1/2 swapped:      110.3506      276   276
iupac_m_397W> Atoms were not swapped because of the uncertainty of how to handle the H atom.


>> ENERGY; Differences between the model's features and restraints:
Number of all residues in MODEL                   :      277
Number of all, selected real atoms                :     2224     111
Number of all, selected pseudo atoms              :        0       0
Number of all static, selected restraints         :    27231    1733
COVALENT_CYS                                      :        F
NONBONDED_SEL_ATOMS                               :        1
Number of non-bonded pairs (excluding 1-2,1-3,1-4):      276
Dynamic pairs routine                             : 5, NATM_SEL x NATM double loop
Atomic shift for contacts update (UPDATE_DYNAMIC) :    0.390
LENNARD_JONES_SWITCH                              :    6.500   7.500
COULOMB_JONES_SWITCH                              :    6.500   7.500
RESIDUE_SPAN_RANGE                                :        0   99999
NLOGN_USE                                         :       15
CONTACT_SHELL                                     :    4.000
DYNAMIC_PAIRS,_SPHERE,_COULOMB,_LENNARD,_MODELLER :        T       T       F       F       F
SPHERE_STDV                                       :    0.050
RADII_FACTOR                                      :    0.820
Current energy                                    :          80.1571





Summary of the restraint violations: 

   NUM     ... number of restraints.
   NUMVI   ... number of restraints with RVIOL > VIOL_REPORT_CUT[i].
   RVIOL   ... relative difference from the best value.
   NUMVP   ... number of restraints with -Ln(pdf) > VIOL_REPORT_CUT2[i].
   RMS_1   ... RMS(feature, minimally_violated_basis_restraint, NUMB).
   RMS_2   ... RMS(feature, best_value, NUMB).
   MOL.PDF ... scaled contribution to -Ln(Molecular pdf).

 #                     RESTRAINT_GROUP      NUM   NUMVI  NUMVP   RMS_1   RMS_2         MOL.PDF     S_i
------------------------------------------------------------------------------------------------------
 1 Bond length potential              :     115       0      0   0.003   0.003     0.37382       1.000
 2 Bond angle potential               :     158       0      0   1.416   1.416      5.8136       1.000
 3 Stereochemical cosine torsion poten:      73       0      1  45.843  45.843      26.299       1.000
 4 Stereochemical improper torsion pot:      44       0      0   1.403   1.403      1.5821       1.000
 5 Soft-sphere overlap restraints     :     276       0      0   0.000   0.000      0.0000       1.000
 6 Lennard-Jones 6-12 potential       :       0       0      0   0.000   0.000      0.0000       1.000
 7 Coulomb point-point electrostatic p:       0       0      0   0.000   0.000      0.0000       1.000
 8 H-bonding potential                :       0       0      0   0.000   0.000      0.0000       1.000
 9 Distance restraints 1 (CA-CA)      :     374       0      0   0.090   0.090      2.9306       1.000
10 Distance restraints 2 (N-O)        :     395       0      0   0.117   0.117      4.9413       1.000
11 Mainchain Phi dihedral restraints  :       0       0      0   0.000   0.000      0.0000       1.000
12 Mainchain Psi dihedral restraints  :       0       0      0   0.000   0.000      0.0000       1.000
13 Mainchain Omega dihedral restraints:      15       0      0   3.684   3.684      2.4009       1.000
14 Sidechain Chi_1 dihedral restraints:      12       0      0  45.678  45.678     0.32789       1.000
15 Sidechain Chi_2 dihedral restraints:      11       0      0  62.398  62.398      3.1546       1.000
16 Sidechain Chi_3 dihedral restraints:       4       0      0  52.570  52.570      2.2086       1.000
17 Sidechain Chi_4 dihedral restraints:       3       0      0 104.476 104.476      2.8352       1.000
18 Disulfide distance restraints      :       0       0      0   0.000   0.000      0.0000       1.000
19 Disulfide angle restraints         :       0       0      0   0.000   0.000      0.0000       1.000
20 Disulfide dihedral angle restraints:       0       0      0   0.000   0.000      0.0000       1.000
21 Lower bound distance restraints    :       0       0      0   0.000   0.000      0.0000       1.000
22 Upper bound distance restraints    :       0       0      0   0.000   0.000      0.0000       1.000
23 Distance restraints 3 (SDCH-MNCH)  :     280       0      0   0.293   0.293      3.7274       1.000
24 Sidechain Chi_5 dihedral restraints:       0       0      0   0.000   0.000      0.0000       1.000
25 Phi/Psi pair of dihedral restraints:      17       0      0  16.107  16.107    -0.34367       1.000
26 Distance restraints 4 (SDCH-SDCH)  :     232       0      2   0.901   0.901      23.906       1.000
27 Distance restraints 5 (X-Y)        :       0       0      0   0.000   0.000      0.0000       1.000
28 NMR distance restraints 6 (X-Y)    :       0       0      0   0.000   0.000      0.0000       1.000
29 NMR distance restraints 7 (X-Y)    :       0       0      0   0.000   0.000      0.0000       1.000
30 Minimal distance restraints        :       0       0      0   0.000   0.000      0.0000       1.000
31 Non-bonded restraints              :       0       0      0   0.000   0.000      0.0000       1.000
32 Atomic accessibility restraints    :       0       0      0   0.000   0.000      0.0000       1.000
33 Atomic density restraints          :       0       0      0   0.000   0.000      0.0000       1.000
34 Absolute position restraints       :       0       0      0   0.000   0.000      0.0000       1.000
35 Dihedral angle difference restraint:       0       0      0   0.000   0.000      0.0000       1.000
36 GBSA implicit solvent potential    :       0       0      0   0.000   0.000      0.0000       1.000
37 EM density fitting potential       :       0       0      0   0.000   0.000      0.0000       1.000
38 SAXS restraints                    :       0       0      0   0.000   0.000      0.0000       1.000
39 Symmetry restraints                :       0       0      0   0.000   0.000      0.0000       1.000



openf___224_> Open           4I23_A_full.V99990001
# Heavy relative violation of each residue is written to: 4I23_A_full.V99990001
# The profile is NOT normalized by the number of restraints.
# The profiles are smoothed over a window of residues:    1
# The sum of all numbers in the file:    1215.2362



List of the violated restraints:
   A restraint is violated when the relative difference
   from the best value (RVIOL) is larger than CUTOFF.

   ICSR   ... index of a restraint in the current set.
   RESNO  ... residue numbers of the first two atoms.
   ATM    ... IUPAC atom names of the first two atoms.
   FEAT   ... the value of the feature in the model.
   restr  ... the mean of the basis restraint with the smallest
              difference from the model (local minimum).
   viol   ... difference from the local minimum.
   rviol  ... relative difference from the local minimum.
   RESTR  ... the best value (global minimum).
   VIOL   ... difference from the best value.
   RVIOL  ... relative difference from the best value.



report______> Distribution of short non-bonded contacts:

  serious non-bonded atom clash:  1827 1984   2.284

DISTANCE1:  0.00 2.10 2.20 2.30 2.40 2.50 2.60 2.70 2.80 2.90 3.00 3.10 3.20 3.30 3.40
DISTANCE2:  2.10 2.20 2.30 2.40 2.50 2.60 2.70 2.80 2.90 3.00 3.10 3.20 3.30 3.40 3.50
FREQUENCY:     0    0    1    0    4    4   18   56   72  116  183  220  263  269  343


<< end of ENERGY.
openf___224_> Open           4I23_A_full.B99990001.pdb
wrpdb___568_> Residues, atoms, selected atoms:      277     2224     2224

>> Summary of successfully produced models:
Filename                          molpdf
----------------------------------------
4I23_A_full.B99990001.pdb       80.15714


Dynamically allocated memory at          finish [B,KiB,MiB]:      5056469    4937.958     4.822
Starting time                                            : 2018/02/20 13:02:26
Closing time                                             : 2018/02/20 13:02:31
Total CPU time [seconds]                                 :       4.70
