
                         MODELLER 9.19, 2017/07/19, r11078

     PROTEIN STRUCTURE MODELLING BY SATISFACTION OF SPATIAL RESTRAINTS


                     Copyright(c) 1989-2017 Andrej Sali
                            All Rights Reserved

                             Written by A. Sali
                               with help from
              B. Webb, M.S. Madhusudhan, M-Y. Shen, G.Q. Dong,
          M.A. Marti-Renom, N. Eswar, F. Alber, M. Topf, B. Oliva,
             A. Fiser, R. Sanchez, B. Yerkovich, A. Badretdinov,
                     F. Melo, J.P. Overington, E. Feyfant
                 University of California, San Francisco, USA
                    Rockefeller University, New York, USA
                      Harvard University, Cambridge, USA
                   Imperial Cancer Research Fund, London, UK
              Birkbeck College, University of London, London, UK


Kind, OS, HostName, Kernel, Processor: 4, Linux german-xps 4.14.6-041406-generic x86_64
Date and time of compilation         : 2017/07/19 15:03:51
MODELLER executable type             : x86_64-intel8
Job starting time (YY/MM/DD HH:MM:SS): 2018/02/20 13:02:15

openf___224_> Open           $(LIB)/restyp.lib
openf___224_> Open           ${MODINSTALL9v19}/modlib/resgrp.lib
rdresgr_266_> Number of residue groups:        2
openf___224_> Open           ${MODINSTALL9v19}/modlib/sstruc.lib

Dynamically allocated memory at   amaxlibraries [B,KiB,MiB]:       191566     187.076     0.183

Dynamically allocated memory at   amaxlibraries [B,KiB,MiB]:       192094     187.592     0.183
openf___224_> Open           ${MODINSTALL9v19}/modlib/resdih.lib

Dynamically allocated memory at   amaxlibraries [B,KiB,MiB]:       240694     235.053     0.230
rdrdih__263_> Number of dihedral angle types         :        9
              Maximal number of dihedral angle optima:        3
              Dihedral angle names                   :  Alph Phi Psi Omeg chi1 chi2 chi3 chi4 chi5
openf___224_> Open           ${MODINSTALL9v19}/modlib/radii.lib

Dynamically allocated memory at   amaxlibraries [B,KiB,MiB]:       253994     248.041     0.242
openf___224_> Open           ${MODINSTALL9v19}/modlib/radii14.lib
openf___224_> Open           ${MODINSTALL9v19}/modlib/af_mnchdef.lib
rdwilmo_274_> Mainchain residue conformation classes:  APBLE
openf___224_> Open           ${MODINSTALL9v19}/modlib/mnch.lib
rdclass_257_> Number of classes:        5
openf___224_> Open           ${MODINSTALL9v19}/modlib/mnch1.lib
openf___224_> Open           ${MODINSTALL9v19}/modlib/mnch2.lib
openf___224_> Open           ${MODINSTALL9v19}/modlib/mnch3.lib
openf___224_> Open           ${MODINSTALL9v19}/modlib/xs4.mat
rdrrwgh_268_> Number of residue types:       21
openf___224_> Open           /home/german/labo/18/egfr/model/4I1Z_A/to_model_4I1Z_A

Dynamically allocated memory at   amaxalignment [B,KiB,MiB]:       265487     259.265     0.253

Dynamically allocated memory at   amaxalignment [B,KiB,MiB]:       266937     260.681     0.255

Dynamically allocated memory at   amaxalignment [B,KiB,MiB]:       269837     263.513     0.257

Dynamically allocated memory at   amaxalignment [B,KiB,MiB]:       275637     269.177     0.263

Dynamically allocated memory at   amaxalignment [B,KiB,MiB]:       392693     383.489     0.375

Dynamically allocated memory at    amaxsequence [B,KiB,MiB]:       393837     384.606     0.376

Dynamically allocated memory at    amaxsequence [B,KiB,MiB]:       394941     385.685     0.377

Read the alignment from file       : /home/german/labo/18/egfr/model/4I1Z_A/to_model_4I1Z_A
Total number of alignment positions:   287

  #  Code        #_Res #_Segm PDB_code    Name
-------------------------------------------------------------------------------
  1     4I1Z_A     287      1      4I1Z_A
  2  4I1Z_A_fu     277      1
check_a_343_> >> BEGINNING OF COMMAND
openf___224_> Open           ./4I1Z_A.pdb

Dynamically allocated memory at amaxcoordinates [B,KiB,MiB]:       482766     471.451     0.460

Dynamically allocated memory at    amaxsequence [B,KiB,MiB]:       482766     471.451     0.460

Dynamically allocated memory at amaxcoordinates [B,KiB,MiB]:       482937     471.618     0.461

Dynamically allocated memory at amaxcoordinates [B,KiB,MiB]:       483787     472.448     0.461

Dynamically allocated memory at amaxcoordinates [B,KiB,MiB]:       485045     473.677     0.463

Dynamically allocated memory at amaxcoordinates [B,KiB,MiB]:       486949     475.536     0.464

Dynamically allocated memory at    amaxsequence [B,KiB,MiB]:       486949     475.536     0.464

Dynamically allocated memory at amaxcoordinates [B,KiB,MiB]:       487039     475.624     0.464

Dynamically allocated memory at amaxcoordinates [B,KiB,MiB]:       489895     478.413     0.467

Dynamically allocated memory at    amaxsequence [B,KiB,MiB]:       489895     478.413     0.467

Dynamically allocated memory at amaxcoordinates [B,KiB,MiB]:       490030     478.545     0.467

Dynamically allocated memory at amaxcoordinates [B,KiB,MiB]:       494314     482.729     0.471

Dynamically allocated memory at    amaxsequence [B,KiB,MiB]:       494314     482.729     0.471

Dynamically allocated memory at amaxcoordinates [B,KiB,MiB]:       494512     482.922     0.472

Dynamically allocated memory at amaxcoordinates [B,KiB,MiB]:       500938     489.197     0.478

Dynamically allocated memory at    amaxsequence [B,KiB,MiB]:       500938     489.197     0.478

Dynamically allocated memory at amaxcoordinates [B,KiB,MiB]:       501235     489.487     0.478

Dynamically allocated memory at amaxcoordinates [B,KiB,MiB]:       510857     498.884     0.487

Dynamically allocated memory at    amaxsequence [B,KiB,MiB]:       510857     498.884     0.487

Dynamically allocated memory at amaxcoordinates [B,KiB,MiB]:       511307     499.323     0.488

Dynamically allocated memory at amaxcoordinates [B,KiB,MiB]:       525757     513.435     0.501

Dynamically allocated memory at    amaxsequence [B,KiB,MiB]:       525757     513.435     0.501

Dynamically allocated memory at amaxcoordinates [B,KiB,MiB]:       526432     514.094     0.502

Dynamically allocated memory at amaxcoordinates [B,KiB,MiB]:       548090     535.244     0.523

Dynamically allocated memory at    amaxsequence [B,KiB,MiB]:       548090     535.244     0.523

Dynamically allocated memory at amaxcoordinates [B,KiB,MiB]:       549098     536.229     0.524

Dynamically allocated memory at amaxcoordinates [B,KiB,MiB]:       581602     567.971     0.555

Dynamically allocated memory at   amaxstructure [B,KiB,MiB]:       581152     567.531     0.554

check_ali___> Checking the sequence-structure alignment. 

Implied intrachain target CA(i)-CA(i+1) distances longer than  8.0 angstroms:

ALN_POS  TMPL  RID1  RID2  NAM1  NAM2     DIST
----------------------------------------------
END OF TABLE
check_a_344_> << END OF COMMAND
openf___224_> Open           ${LIB}/top_heav.lib
read_to_681_> topology.submodel read from topology file:        3
openf___224_> Open           ${LIB}/par.lib

Dynamically allocated memory at  amaxparameters [B,KiB,MiB]:       720404     703.520     0.687

Dynamically allocated memory at  amaxparameters [B,KiB,MiB]:       722004     705.082     0.689

Dynamically allocated memory at  amaxparameters [B,KiB,MiB]:       725984     708.969     0.692

Dynamically allocated memory at  amaxparameters [B,KiB,MiB]:       727984     710.922     0.694

Dynamically allocated memory at  amaxparameters [B,KiB,MiB]:       730984     713.852     0.697

Dynamically allocated memory at  amaxparameters [B,KiB,MiB]:       735484     718.246     0.701

Dynamically allocated memory at  amaxparameters [B,KiB,MiB]:       741056     723.688     0.707

Dynamically allocated memory at  amaxparameters [B,KiB,MiB]:       743856     726.422     0.709

Dynamically allocated memory at  amaxparameters [B,KiB,MiB]:       748056     730.523     0.713

Dynamically allocated memory at  amaxparameters [B,KiB,MiB]:       754356     736.676     0.719

Dynamically allocated memory at  amaxparameters [B,KiB,MiB]:       757128     739.383     0.722

Dynamically allocated memory at  amaxparameters [B,KiB,MiB]:       758528     740.750     0.723
read_pa_232_> parameters    BONDS   ANGLS  DIHEDS IMPROPS    MODE
                              227     561     661     112       0

Dynamically allocated memory at       amaxmodel [B,KiB,MiB]:       801860     783.066     0.765

Dynamically allocated memory at       amaxmodel [B,KiB,MiB]:      1022360     998.398     0.975

Dynamically allocated memory at       amaxmodel [B,KiB,MiB]:      1055392    1030.656     1.007

mkilst______> segment topology constructed from sequence and RTF:
              segments residues atoms bonds angles dihedrals impropers:
                     1      277  2231  2281      0         0       924

Dynamically allocated memory at       amaxmodel [B,KiB,MiB]:      1150896    1123.922     1.098

patch_______> segment topology patched using RTF:     1  ;  LEU  ;  NTER
              segments residues atoms bonds angles dihedrals impropers:
                     1      277  2231  2281   3081      3660       924


Dynamically allocated memory at       amaxmodel [B,KiB,MiB]:      1242992    1213.859     1.185
patch_______> segment topology patched using RTF:   277  ;  LEU  ;  CTER
              segments residues atoms bonds angles dihedrals impropers:
                     1      277  2232  2282   3083      3662       925

genseg______> segment topology constructed from sequence and RTF:
              segments residues atoms bonds angles dihedrals impropers:
                     1      277  2232  2282   3083      3662       925
transfe_506_> MODEL is an average of all templates.
transfe_511_> Number of templates for coordinate transfer:        1
              After transferring coordinates of the equivalent template atoms,
              there are defined, undefined atoms in MODEL:     2231        1
openf___224_> Open           4I1Z_A_full.ini
wrpdb___568_> Residues, atoms, selected atoms:      277     2232     2232
make_re_417_> Restraint type to be calculated:  stereo

Dynamically allocated memory at  amaxrestraints [B,KiB,MiB]:      1350041    1318.399     1.287

Dynamically allocated memory at  amaxrestraints [B,KiB,MiB]:      1358233    1326.399     1.295

Dynamically allocated memory at  amaxrestraints [B,KiB,MiB]:      1374617    1342.399     1.311

Dynamically allocated memory at  amaxrestraints [B,KiB,MiB]:      1407385    1374.399     1.342

Dynamically allocated memory at  amaxrestraints [B,KiB,MiB]:      1440153    1406.399     1.373

Dynamically allocated memory at  amaxrestraints [B,KiB,MiB]:      1505689    1470.399     1.436

Dynamically allocated memory at  amaxrestraints [B,KiB,MiB]:      1538457    1502.399     1.467

Dynamically allocated memory at  amaxrestraints [B,KiB,MiB]:      1571225    1534.399     1.498

Dynamically allocated memory at  amaxrestraints [B,KiB,MiB]:      1636761    1598.399     1.561

Dynamically allocated memory at  amaxrestraints [B,KiB,MiB]:      1767833    1726.399     1.686

Dynamically allocated memory at  amaxrestraints [B,KiB,MiB]:      1833369    1790.399     1.748

Dynamically allocated memory at  amaxrestraints [B,KiB,MiB]:      1898905    1854.399     1.811

Dynamically allocated memory at  amaxrestraints [B,KiB,MiB]:      2029977    1982.399     1.936

Dynamically allocated memory at  amaxrestraints [B,KiB,MiB]:      2292121    2238.399     2.186
r_stere_606_> Stereochemical restraints were constructed from RTF & PRMF.
              Added bond,angle,dihedral,improper restraints  :     2282    3083    3502     911
              Total number of restraints before, now         :        0     9778
make_re_422_> Number of previous, current restraints         :        0     9778
make_re_423_> Number of previous, current selected restraints:        0     9778
make_re_417_> Restraint type to be calculated:  phi-psi_binormal

Dynamically allocated memory at   amaxstructure [B,KiB,MiB]:      2453037    2395.544     2.339
openf___224_> Open           ${MODINSTALL9v19}/modlib/mnch1.bin
openf___224_> Open           ${MODINSTALL9v19}/modlib/mnch1.mdt
getdata_643_> Protein accepted:  4I1Z_A
getdata_289_> Proteins (all/accepted):        1        1

Dynamically allocated memory at  amaxrestraints [B,KiB,MiB]:      2584125    2523.560     2.464
make_re_422_> Number of previous, current restraints         :     9778    10053
make_re_423_> Number of previous, current selected restraints:     9778    10053
make_re_417_> Restraint type to be calculated:  omega_dihedral

Dynamically allocated memory at   amaxstructure [B,KiB,MiB]:      2584125    2523.560     2.464
openf___224_> Open           ${MODINSTALL9v19}/modlib/omega.bin
openf___224_> Open           ${MODINSTALL9v19}/modlib/omega.mdt
getdata_643_> Protein accepted:  4I1Z_A
getdata_289_> Proteins (all/accepted):        1        1
omgdel__425_> Unselected all O C +N +CA dihedrals:      290
              (This is to avoid clashes between STEREO
              and OMEGA_DIHEDRAL restraints)
make_re_422_> Number of previous, current restraints         :    10053    10329
make_re_423_> Number of previous, current selected restraints:    10053    10039
make_re_417_> Restraint type to be calculated:  chi1_dihedral

Dynamically allocated memory at   amaxstructure [B,KiB,MiB]:      2584125    2523.560     2.464
openf___224_> Open           ${MODINSTALL9v19}/modlib/chi1234.bin
openf___224_> Open           ${MODINSTALL9v19}/modlib/chi1.mdt
getdata_643_> Protein accepted:  4I1Z_A
getdata_289_> Proteins (all/accepted):        1        1

Dynamically allocated memory at  amaxrestraints [B,KiB,MiB]:      2715197    2651.560     2.589
make_re_422_> Number of previous, current restraints         :    10329    10573
make_re_423_> Number of previous, current selected restraints:    10039    10283
make_re_417_> Restraint type to be calculated:  chi2_dihedral

Dynamically allocated memory at   amaxstructure [B,KiB,MiB]:      2715197    2651.560     2.589
openf___224_> Open           ${MODINSTALL9v19}/modlib/chi1234.bin
openf___224_> Open           ${MODINSTALL9v19}/modlib/chi2.mdt
getdata_643_> Protein accepted:  4I1Z_A
getdata_289_> Proteins (all/accepted):        1        1
make_re_422_> Number of previous, current restraints         :    10573    10767
make_re_423_> Number of previous, current selected restraints:    10283    10477
make_re_417_> Restraint type to be calculated:  chi3_dihedral

Dynamically allocated memory at   amaxstructure [B,KiB,MiB]:      2715197    2651.560     2.589
openf___224_> Open           ${MODINSTALL9v19}/modlib/chi1234.bin
openf___224_> Open           ${MODINSTALL9v19}/modlib/chi3.mdt
getdata_643_> Protein accepted:  4I1Z_A
getdata_289_> Proteins (all/accepted):        1        1
make_re_422_> Number of previous, current restraints         :    10767    10859
make_re_423_> Number of previous, current selected restraints:    10477    10569
make_re_417_> Restraint type to be calculated:  chi4_dihedral

Dynamically allocated memory at   amaxstructure [B,KiB,MiB]:      2715197    2651.560     2.589
openf___224_> Open           ${MODINSTALL9v19}/modlib/chi1234.bin
openf___224_> Open           ${MODINSTALL9v19}/modlib/chi4.mdt
mdtrsr__446W> A potential that relies on one protein is used, yet you have at
              least one known structure available. MDT, not library, potential is used.
getdata_643_> Protein accepted:  4I1Z_A
getdata_289_> Proteins (all/accepted):        1        1
make_re_422_> Number of previous, current restraints         :    10859    10898
make_re_423_> Number of previous, current selected restraints:    10569    10608
make_re_417_> Restraint type to be calculated:  DISTANCE

Dynamically allocated memory at amaxhash_contac [B,KiB,MiB]:      3357977    3279.274     3.202

Dynamically allocated memory at  amaxrestraints [B,KiB,MiB]:      3620121    3535.274     3.452
make_re_422_> Number of previous, current restraints         :    10898    16661
make_re_423_> Number of previous, current selected restraints:    10608    16371
make_re_417_> Restraint type to be calculated:  DISTANCE

Dynamically allocated memory at  amaxrestraints [B,KiB,MiB]:      3882265    3791.274     3.702

Dynamically allocated memory at  amaxrestraints [B,KiB,MiB]:      4406553    4303.274     4.202
make_re_422_> Number of previous, current restraints         :    16661    22408
make_re_423_> Number of previous, current selected restraints:    16371    22118
make_re_417_> Restraint type to be calculated:  DISTANCE

Dynamically allocated memory at  amaxrestraints [B,KiB,MiB]:      4668697    4559.274     4.452
make_re_422_> Number of previous, current restraints         :    22408    27149
make_re_423_> Number of previous, current selected restraints:    22118    26859
make_re_417_> Restraint type to be calculated:  DISTANCE
make_re_422_> Number of previous, current restraints         :    27149    30236
make_re_423_> Number of previous, current selected restraints:    26859    29946
0 atoms in HETATM/BLK residues constrained
to protein atoms within 2.30 angstroms
and protein CA atoms within 10.00 angstroms
make_re_417_> Restraint type to be calculated:  DISTANCE
make_re_422_> Number of previous, current restraints         :    30236    30236
make_re_423_> Number of previous, current selected restraints:    29946    29946
make_re_417_> Restraint type to be calculated:  DISTANCE
make_re_422_> Number of previous, current restraints         :    30236    30236
make_re_423_> Number of previous, current selected restraints:    29946    29946
make_re_417_> Restraint type to be calculated:  DISTANCE
make_re_422_> Number of previous, current restraints         :    30236    30236
make_re_423_> Number of previous, current selected restraints:    29946    29946
make_re_417_> Restraint type to be calculated:  DISTANCE
make_re_422_> Number of previous, current restraints         :    30236    30236
make_re_423_> Number of previous, current selected restraints:    29946    29946
0 atoms in residues without defined topology
constrained to be rigid bodies
make_re_417_> Restraint type to be calculated:  DISTANCE
make_re_422_> Number of previous, current restraints         :    30236    30236
make_re_423_> Number of previous, current selected restraints:    29946    29946
rmdupl__427_>     1742 redundant cosine dihedral restraints were unselected.
condens_443_> Restraints marked for deletion were removed.
              Total number of restraints before, now:    30236    28204
openf___224_> Open           4I1Z_A_full.rsr
openf___224_> Open           4I1Z_A_full.rsr

Dynamically allocated memory at  amaxrestraints [B,KiB,MiB]:      4713805    4603.325     4.495

Dynamically allocated memory at  amaxrestraints [B,KiB,MiB]:      5500237    5371.325     5.245
rdcsr2__307_> Number of restraints read    :    28204
              Number of excluded pairs read:        0
              Number of pseudo atoms read  :        0
rdcsrs__304_> Restraints in memory, selected restraints:    28204    28204
              Explicitly excluded atom pairs in memory :        0
              Pseudo atoms in memory                   :        0
16 (of 2232 total) atoms selected for optimization
openf___224_> Open           4I1Z_A_full.ini

Dynamically allocated memory at       amaxmodel [B,KiB,MiB]:      5500261    5371.349     5.245
read_mo_297_> Segments, residues, atoms:        1      277     2232
read_mo_298_> Segment:        1     1   277     2232
randomi_498_> Atoms,selected atoms,random_seed,amplitude:     2232       16        1        4.0000
randomi_496_> Amplitude is > 0; randomization is done.
pick_re_612_> Number of MODEL atoms, selected restraints;       16      112
pick_re_612_> Number of MODEL atoms, selected restraints;       16      120
pick_re_612_> Number of MODEL atoms, selected restraints;       16      120
pick_re_612_> Number of MODEL atoms, selected restraints;       16      120
pick_re_612_> Number of MODEL atoms, selected restraints;       16      120
pick_re_612_> Number of MODEL atoms, selected restraints;       16      120
pick_re_612_> Number of MODEL atoms, selected restraints;       16      120
pick_re_612_> Number of MODEL atoms, selected restraints;       16      252

Dynamically allocated memory at  amaxrestraints [B,KiB,MiB]:      5846409    5709.384     5.576
pick_re_612_> Number of MODEL atoms, selected restraints;       16      258
pick_re_612_> Number of MODEL atoms, selected restraints;       16      259
pick_re_612_> Number of MODEL atoms, selected restraints;       16      259
iupac_m_483_> CD1/2 CE1/2 swapped:      -93.6660       21    21
iupac_m_397W> Atoms were not swapped because of the uncertainty of how to handle the H atom.
iupac_m_486_> OE1/2 will be swapped:     -102.8080       34    34
iupac_m_486_> OE1/2 will be swapped:      154.6120       44    44
iupac_m_485_> OD1/2 will be swapped:      152.5191       98    98
iupac_m_483_> CD1/2 CE1/2 swapped:      -90.0376       99    99
iupac_m_397W> Atoms were not swapped because of the uncertainty of how to handle the H atom.
iupac_m_483_> CD1/2 CE1/2 swapped:     -109.8745      111   111
iupac_m_397W> Atoms were not swapped because of the uncertainty of how to handle the H atom.
iupac_m_486_> OE1/2 will be swapped:      177.2182      127   127
iupac_m_487_> NH1/2 swapped:     -180.0000      130   130
iupac_m_485_> OD1/2 will be swapped:       99.5638      153   153
iupac_m_483_> CD1/2 CE1/2 swapped:      152.1871      154   154
iupac_m_397W> Atoms were not swapped because of the uncertainty of how to handle the H atom.
iupac_m_486_> OE1/2 will be swapped:     -125.9220      164   164
iupac_m_486_> OE1/2 will be swapped:      143.1380      166   166
iupac_m_483_> CD1/2 CE1/2 swapped:      -99.0029      189   189
iupac_m_397W> Atoms were not swapped because of the uncertainty of how to handle the H atom.
iupac_m_485_> OD1/2 will be swapped:      175.3114      194   194
iupac_m_483_> CD1/2 CE1/2 swapped:      -92.0720      198   198
iupac_m_397W> Atoms were not swapped because of the uncertainty of how to handle the H atom.
iupac_m_486_> OE1/2 will be swapped:      104.9152      204   204
iupac_m_485_> OD1/2 will be swapped:     -165.9672      214   214
iupac_m_486_> OE1/2 will be swapped:      176.5849      220   220
iupac_m_483_> CD1/2 CE1/2 swapped:     -127.3030      242   242
iupac_m_397W> Atoms were not swapped because of the uncertainty of how to handle the H atom.
iupac_m_485_> OD1/2 will be swapped:     -141.7168      252   252
iupac_m_485_> OD1/2 will be swapped:      135.9002      254   254
iupac_m_487_> NH1/2 swapped:     -179.8393      256   256
iupac_m_487_> NH1/2 swapped:     -179.6720      260   260
iupac_m_486_> OE1/2 will be swapped:       93.9433      265   265
iupac_m_487_> NH1/2 swapped:     -179.7000      271   271
iupac_m_485_> OD1/2 will be swapped:     -179.7779      272   272
iupac_m_487_> NH1/2 swapped:      179.8369      275   275
iupac_m_483_> CD1/2 CE1/2 swapped:      102.3025      276   276
iupac_m_397W> Atoms were not swapped because of the uncertainty of how to handle the H atom.


>> ENERGY; Differences between the model's features and restraints:
Number of all residues in MODEL                   :      277
Number of all, selected real atoms                :     2232      16
Number of all, selected pseudo atoms              :        0       0
Number of all static, selected restraints         :    28204     259
COVALENT_CYS                                      :        F
NONBONDED_SEL_ATOMS                               :        1
Number of non-bonded pairs (excluding 1-2,1-3,1-4):       39
Dynamic pairs routine                             : 5, NATM_SEL x NATM double loop
Atomic shift for contacts update (UPDATE_DYNAMIC) :    0.390
LENNARD_JONES_SWITCH                              :    6.500   7.500
COULOMB_JONES_SWITCH                              :    6.500   7.500
RESIDUE_SPAN_RANGE                                :        0   99999
NLOGN_USE                                         :       15
CONTACT_SHELL                                     :    4.000
DYNAMIC_PAIRS,_SPHERE,_COULOMB,_LENNARD,_MODELLER :        T       T       F       F       F
SPHERE_STDV                                       :    0.050
RADII_FACTOR                                      :    0.820
Current energy                                    :          19.3146





Summary of the restraint violations: 

   NUM     ... number of restraints.
   NUMVI   ... number of restraints with RVIOL > VIOL_REPORT_CUT[i].
   RVIOL   ... relative difference from the best value.
   NUMVP   ... number of restraints with -Ln(pdf) > VIOL_REPORT_CUT2[i].
   RMS_1   ... RMS(feature, minimally_violated_basis_restraint, NUMB).
   RMS_2   ... RMS(feature, best_value, NUMB).
   MOL.PDF ... scaled contribution to -Ln(Molecular pdf).

 #                     RESTRAINT_GROUP      NUM   NUMVI  NUMVP   RMS_1   RMS_2         MOL.PDF     S_i
------------------------------------------------------------------------------------------------------
 1 Bond length potential              :      16       0      0   0.006   0.006     0.14329       1.000
 2 Bond angle potential               :      22       0      0   1.750   1.750      1.1917       1.000
 3 Stereochemical cosine torsion poten:       9       0      0  77.762  77.762      5.6432       1.000
 4 Stereochemical improper torsion pot:       6       0      0   2.927   2.927     0.90463       1.000
 5 Soft-sphere overlap restraints     :      39       0      0   0.002   0.002     0.12794E-01   1.000
 6 Lennard-Jones 6-12 potential       :       0       0      0   0.000   0.000      0.0000       1.000
 7 Coulomb point-point electrostatic p:       0       0      0   0.000   0.000      0.0000       1.000
 8 H-bonding potential                :       0       0      0   0.000   0.000      0.0000       1.000
 9 Distance restraints 1 (CA-CA)      :      49       0      0   0.080   0.080     0.34099       1.000
10 Distance restraints 2 (N-O)        :      61       0      0   0.100   0.100     0.57207       1.000
11 Mainchain Phi dihedral restraints  :       0       0      0   0.000   0.000      0.0000       1.000
12 Mainchain Psi dihedral restraints  :       0       0      0   0.000   0.000      0.0000       1.000
13 Mainchain Omega dihedral restraints:       2       0      0   5.639   5.639     0.75004       1.000
14 Sidechain Chi_1 dihedral restraints:       2       0      0   9.835   9.835    -0.91595E-01   1.000
15 Sidechain Chi_2 dihedral restraints:       2       0      0 117.201 117.201      2.7773       1.000
16 Sidechain Chi_3 dihedral restraints:       0       0      0   0.000   0.000      0.0000       1.000
17 Sidechain Chi_4 dihedral restraints:       0       0      0   0.000   0.000      0.0000       1.000
18 Disulfide distance restraints      :       0       0      0   0.000   0.000      0.0000       1.000
19 Disulfide angle restraints         :       0       0      0   0.000   0.000      0.0000       1.000
20 Disulfide dihedral angle restraints:       0       0      0   0.000   0.000      0.0000       1.000
21 Lower bound distance restraints    :       0       0      0   0.000   0.000      0.0000       1.000
22 Upper bound distance restraints    :       0       0      0   0.000   0.000      0.0000       1.000
23 Distance restraints 3 (SDCH-MNCH)  :      42       0      0   0.394   0.394     0.23804       1.000
24 Sidechain Chi_5 dihedral restraints:       0       0      0   0.000   0.000      0.0000       1.000
25 Phi/Psi pair of dihedral restraints:       2       0      0  21.778  21.778     0.23646       1.000
26 Distance restraints 4 (SDCH-SDCH)  :      46       0      0   1.042   1.042      6.5956       1.000
27 Distance restraints 5 (X-Y)        :       0       0      0   0.000   0.000      0.0000       1.000
28 NMR distance restraints 6 (X-Y)    :       0       0      0   0.000   0.000      0.0000       1.000
29 NMR distance restraints 7 (X-Y)    :       0       0      0   0.000   0.000      0.0000       1.000
30 Minimal distance restraints        :       0       0      0   0.000   0.000      0.0000       1.000
31 Non-bonded restraints              :       0       0      0   0.000   0.000      0.0000       1.000
32 Atomic accessibility restraints    :       0       0      0   0.000   0.000      0.0000       1.000
33 Atomic density restraints          :       0       0      0   0.000   0.000      0.0000       1.000
34 Absolute position restraints       :       0       0      0   0.000   0.000      0.0000       1.000
35 Dihedral angle difference restraint:       0       0      0   0.000   0.000      0.0000       1.000
36 GBSA implicit solvent potential    :       0       0      0   0.000   0.000      0.0000       1.000
37 EM density fitting potential       :       0       0      0   0.000   0.000      0.0000       1.000
38 SAXS restraints                    :       0       0      0   0.000   0.000      0.0000       1.000
39 Symmetry restraints                :       0       0      0   0.000   0.000      0.0000       1.000



openf___224_> Open           4I1Z_A_full.V99990001
# Heavy relative violation of each residue is written to: 4I1Z_A_full.V99990001
# The profile is NOT normalized by the number of restraints.
# The profiles are smoothed over a window of residues:    1
# The sum of all numbers in the file:     256.1508



List of the violated restraints:
   A restraint is violated when the relative difference
   from the best value (RVIOL) is larger than CUTOFF.

   ICSR   ... index of a restraint in the current set.
   RESNO  ... residue numbers of the first two atoms.
   ATM    ... IUPAC atom names of the first two atoms.
   FEAT   ... the value of the feature in the model.
   restr  ... the mean of the basis restraint with the smallest
              difference from the model (local minimum).
   viol   ... difference from the local minimum.
   rviol  ... relative difference from the local minimum.
   RESTR  ... the best value (global minimum).
   VIOL   ... difference from the best value.
   RVIOL  ... relative difference from the best value.



report______> Distribution of short non-bonded contacts:


DISTANCE1:  0.00 2.10 2.20 2.30 2.40 2.50 2.60 2.70 2.80 2.90 3.00 3.10 3.20 3.30 3.40
DISTANCE2:  2.10 2.20 2.30 2.40 2.50 2.60 2.70 2.80 2.90 3.00 3.10 3.20 3.30 3.40 3.50
FREQUENCY:     0    0    0    2    2    3   13   47   79  139  177  211  284  301  350


<< end of ENERGY.
openf___224_> Open           4I1Z_A_full.B99990001.pdb
wrpdb___568_> Residues, atoms, selected atoms:      277     2232     2232

>> Summary of successfully produced models:
Filename                          molpdf
----------------------------------------
4I1Z_A_full.B99990001.pdb       19.31458


Dynamically allocated memory at          finish [B,KiB,MiB]:      5846409    5709.384     5.576
Starting time                                            : 2018/02/20 13:02:15
Closing time                                             : 2018/02/20 13:02:17
Total CPU time [seconds]                                 :       1.96
