
                         MODELLER 9.19, 2017/07/19, r11078

     PROTEIN STRUCTURE MODELLING BY SATISFACTION OF SPATIAL RESTRAINTS


                     Copyright(c) 1989-2017 Andrej Sali
                            All Rights Reserved

                             Written by A. Sali
                               with help from
              B. Webb, M.S. Madhusudhan, M-Y. Shen, G.Q. Dong,
          M.A. Marti-Renom, N. Eswar, F. Alber, M. Topf, B. Oliva,
             A. Fiser, R. Sanchez, B. Yerkovich, A. Badretdinov,
                     F. Melo, J.P. Overington, E. Feyfant
                 University of California, San Francisco, USA
                    Rockefeller University, New York, USA
                      Harvard University, Cambridge, USA
                   Imperial Cancer Research Fund, London, UK
              Birkbeck College, University of London, London, UK


Kind, OS, HostName, Kernel, Processor: 4, Linux german-xps 4.14.6-041406-generic x86_64
Date and time of compilation         : 2017/07/19 15:03:51
MODELLER executable type             : x86_64-intel8
Job starting time (YY/MM/DD HH:MM:SS): 2018/02/20 13:01:43

openf___224_> Open           $(LIB)/restyp.lib
openf___224_> Open           ${MODINSTALL9v19}/modlib/resgrp.lib
rdresgr_266_> Number of residue groups:        2
openf___224_> Open           ${MODINSTALL9v19}/modlib/sstruc.lib

Dynamically allocated memory at   amaxlibraries [B,KiB,MiB]:       191566     187.076     0.183

Dynamically allocated memory at   amaxlibraries [B,KiB,MiB]:       192094     187.592     0.183
openf___224_> Open           ${MODINSTALL9v19}/modlib/resdih.lib

Dynamically allocated memory at   amaxlibraries [B,KiB,MiB]:       240694     235.053     0.230
rdrdih__263_> Number of dihedral angle types         :        9
              Maximal number of dihedral angle optima:        3
              Dihedral angle names                   :  Alph Phi Psi Omeg chi1 chi2 chi3 chi4 chi5
openf___224_> Open           ${MODINSTALL9v19}/modlib/radii.lib

Dynamically allocated memory at   amaxlibraries [B,KiB,MiB]:       253994     248.041     0.242
openf___224_> Open           ${MODINSTALL9v19}/modlib/radii14.lib
openf___224_> Open           ${MODINSTALL9v19}/modlib/af_mnchdef.lib
rdwilmo_274_> Mainchain residue conformation classes:  APBLE
openf___224_> Open           ${MODINSTALL9v19}/modlib/mnch.lib
rdclass_257_> Number of classes:        5
openf___224_> Open           ${MODINSTALL9v19}/modlib/mnch1.lib
openf___224_> Open           ${MODINSTALL9v19}/modlib/mnch2.lib
openf___224_> Open           ${MODINSTALL9v19}/modlib/mnch3.lib
openf___224_> Open           ${MODINSTALL9v19}/modlib/xs4.mat
rdrrwgh_268_> Number of residue types:       21
openf___224_> Open           /home/german/labo/18/egfr/model/3VJN_A/to_model_3VJN_A

Dynamically allocated memory at   amaxalignment [B,KiB,MiB]:       265487     259.265     0.253

Dynamically allocated memory at   amaxalignment [B,KiB,MiB]:       266937     260.681     0.255

Dynamically allocated memory at   amaxalignment [B,KiB,MiB]:       269837     263.513     0.257

Dynamically allocated memory at   amaxalignment [B,KiB,MiB]:       275637     269.177     0.263

Dynamically allocated memory at   amaxalignment [B,KiB,MiB]:       392693     383.489     0.375

Dynamically allocated memory at    amaxsequence [B,KiB,MiB]:       393877     384.646     0.376

Dynamically allocated memory at    amaxsequence [B,KiB,MiB]:       394981     385.724     0.377

Read the alignment from file       : /home/german/labo/18/egfr/model/3VJN_A/to_model_3VJN_A
Total number of alignment positions:   301

  #  Code        #_Res #_Segm PDB_code    Name
-------------------------------------------------------------------------------
  1     3VJN_A     297      1      3VJN_A
  2  3VJN_A_fu     277      1
check_a_343_> >> BEGINNING OF COMMAND
openf___224_> Open           ./3VJN_A.pdb

Dynamically allocated memory at amaxcoordinates [B,KiB,MiB]:       485806     474.420     0.463

Dynamically allocated memory at    amaxsequence [B,KiB,MiB]:       485806     474.420     0.463

Dynamically allocated memory at amaxcoordinates [B,KiB,MiB]:       485977     474.587     0.463

Dynamically allocated memory at amaxcoordinates [B,KiB,MiB]:       486827     475.417     0.464

Dynamically allocated memory at amaxcoordinates [B,KiB,MiB]:       488085     476.646     0.465

Dynamically allocated memory at amaxcoordinates [B,KiB,MiB]:       489989     478.505     0.467

Dynamically allocated memory at    amaxsequence [B,KiB,MiB]:       489989     478.505     0.467

Dynamically allocated memory at amaxcoordinates [B,KiB,MiB]:       490079     478.593     0.467

Dynamically allocated memory at amaxcoordinates [B,KiB,MiB]:       492935     481.382     0.470

Dynamically allocated memory at    amaxsequence [B,KiB,MiB]:       492935     481.382     0.470

Dynamically allocated memory at amaxcoordinates [B,KiB,MiB]:       493070     481.514     0.470

Dynamically allocated memory at amaxcoordinates [B,KiB,MiB]:       497354     485.697     0.474

Dynamically allocated memory at    amaxsequence [B,KiB,MiB]:       497354     485.697     0.474

Dynamically allocated memory at amaxcoordinates [B,KiB,MiB]:       497552     485.891     0.475

Dynamically allocated memory at amaxcoordinates [B,KiB,MiB]:       503978     492.166     0.481

Dynamically allocated memory at    amaxsequence [B,KiB,MiB]:       503978     492.166     0.481

Dynamically allocated memory at amaxcoordinates [B,KiB,MiB]:       504275     492.456     0.481

Dynamically allocated memory at amaxcoordinates [B,KiB,MiB]:       513897     501.853     0.490

Dynamically allocated memory at    amaxsequence [B,KiB,MiB]:       513897     501.853     0.490

Dynamically allocated memory at amaxcoordinates [B,KiB,MiB]:       514347     502.292     0.491

Dynamically allocated memory at amaxcoordinates [B,KiB,MiB]:       528797     516.403     0.504

Dynamically allocated memory at    amaxsequence [B,KiB,MiB]:       528797     516.403     0.504

Dynamically allocated memory at amaxcoordinates [B,KiB,MiB]:       529472     517.062     0.505

Dynamically allocated memory at amaxcoordinates [B,KiB,MiB]:       551130     538.213     0.526

Dynamically allocated memory at    amaxsequence [B,KiB,MiB]:       551130     538.213     0.526

Dynamically allocated memory at amaxcoordinates [B,KiB,MiB]:       552138     539.197     0.527

Dynamically allocated memory at amaxcoordinates [B,KiB,MiB]:       584642     570.939     0.558

Dynamically allocated memory at   amaxstructure [B,KiB,MiB]:       584282     570.588     0.557

check_ali___> Checking the sequence-structure alignment. 

Implied intrachain target CA(i)-CA(i+1) distances longer than  8.0 angstroms:

ALN_POS  TMPL  RID1  RID2  NAM1  NAM2     DIST
----------------------------------------------
END OF TABLE
check_a_344_> << END OF COMMAND
openf___224_> Open           ${LIB}/top_heav.lib
read_to_681_> topology.submodel read from topology file:        3
openf___224_> Open           ${LIB}/par.lib

Dynamically allocated memory at  amaxparameters [B,KiB,MiB]:       723534     706.576     0.690

Dynamically allocated memory at  amaxparameters [B,KiB,MiB]:       725134     708.139     0.692

Dynamically allocated memory at  amaxparameters [B,KiB,MiB]:       729114     712.025     0.695

Dynamically allocated memory at  amaxparameters [B,KiB,MiB]:       731114     713.979     0.697

Dynamically allocated memory at  amaxparameters [B,KiB,MiB]:       734114     716.908     0.700

Dynamically allocated memory at  amaxparameters [B,KiB,MiB]:       738614     721.303     0.704

Dynamically allocated memory at  amaxparameters [B,KiB,MiB]:       744186     726.744     0.710

Dynamically allocated memory at  amaxparameters [B,KiB,MiB]:       746986     729.479     0.712

Dynamically allocated memory at  amaxparameters [B,KiB,MiB]:       751186     733.580     0.716

Dynamically allocated memory at  amaxparameters [B,KiB,MiB]:       757486     739.732     0.722

Dynamically allocated memory at  amaxparameters [B,KiB,MiB]:       760258     742.439     0.725

Dynamically allocated memory at  amaxparameters [B,KiB,MiB]:       761658     743.807     0.726
read_pa_232_> parameters    BONDS   ANGLS  DIHEDS IMPROPS    MODE
                              227     561     661     112       0

Dynamically allocated memory at       amaxmodel [B,KiB,MiB]:       804990     786.123     0.768

Dynamically allocated memory at       amaxmodel [B,KiB,MiB]:      1025000    1000.977     0.978

Dynamically allocated memory at       amaxmodel [B,KiB,MiB]:      1058008    1033.211     1.009

mkilst______> segment topology constructed from sequence and RTF:
              segments residues atoms bonds angles dihedrals impropers:
                     1      277  2226  2276      0         0       925

Dynamically allocated memory at       amaxmodel [B,KiB,MiB]:      1153448    1126.414     1.100

patch_______> segment topology patched using RTF:     1  ;  LEU  ;  NTER
              segments residues atoms bonds angles dihedrals impropers:
                     1      277  2226  2276   3077      3659       925


Dynamically allocated memory at       amaxmodel [B,KiB,MiB]:      1245544    1216.352     1.188
patch_______> segment topology patched using RTF:   277  ;  LEU  ;  CTER
              segments residues atoms bonds angles dihedrals impropers:
                     1      277  2227  2277   3079      3661       926

genseg______> segment topology constructed from sequence and RTF:
              segments residues atoms bonds angles dihedrals impropers:
                     1      277  2227  2277   3079      3661       926
transfe_506_> MODEL is an average of all templates.
transfe_511_> Number of templates for coordinate transfer:        1
              After transferring coordinates of the equivalent template atoms,
              there are defined, undefined atoms in MODEL:     2195       32
openf___224_> Open           3VJN_A_full.ini
wrpdb___568_> Residues, atoms, selected atoms:      277     2227     2227
make_re_417_> Restraint type to be calculated:  stereo

Dynamically allocated memory at  amaxrestraints [B,KiB,MiB]:      1352593    1320.892     1.290

Dynamically allocated memory at  amaxrestraints [B,KiB,MiB]:      1360785    1328.892     1.298

Dynamically allocated memory at  amaxrestraints [B,KiB,MiB]:      1377169    1344.892     1.313

Dynamically allocated memory at  amaxrestraints [B,KiB,MiB]:      1409937    1376.892     1.345

Dynamically allocated memory at  amaxrestraints [B,KiB,MiB]:      1442705    1408.892     1.376

Dynamically allocated memory at  amaxrestraints [B,KiB,MiB]:      1508241    1472.892     1.438

Dynamically allocated memory at  amaxrestraints [B,KiB,MiB]:      1541009    1504.892     1.470

Dynamically allocated memory at  amaxrestraints [B,KiB,MiB]:      1573777    1536.892     1.501

Dynamically allocated memory at  amaxrestraints [B,KiB,MiB]:      1639313    1600.892     1.563

Dynamically allocated memory at  amaxrestraints [B,KiB,MiB]:      1770385    1728.892     1.688

Dynamically allocated memory at  amaxrestraints [B,KiB,MiB]:      1835921    1792.892     1.751

Dynamically allocated memory at  amaxrestraints [B,KiB,MiB]:      1901457    1856.892     1.813

Dynamically allocated memory at  amaxrestraints [B,KiB,MiB]:      2032529    1984.892     1.938

Dynamically allocated memory at  amaxrestraints [B,KiB,MiB]:      2294673    2240.892     2.188
r_stere_606_> Stereochemical restraints were constructed from RTF & PRMF.
              Added bond,angle,dihedral,improper restraints  :     2277    3079    3502     912
              Total number of restraints before, now         :        0     9770
make_re_422_> Number of previous, current restraints         :        0     9770
make_re_423_> Number of previous, current selected restraints:        0     9770
make_re_417_> Restraint type to be calculated:  phi-psi_binormal

Dynamically allocated memory at   amaxstructure [B,KiB,MiB]:      2455419    2397.870     2.342
openf___224_> Open           ${MODINSTALL9v19}/modlib/mnch1.bin
openf___224_> Open           ${MODINSTALL9v19}/modlib/mnch1.mdt
getdata_643_> Protein accepted:  3VJN_A
getdata_289_> Proteins (all/accepted):        1        1

Dynamically allocated memory at  amaxrestraints [B,KiB,MiB]:      2586507    2525.886     2.467
make_re_422_> Number of previous, current restraints         :     9770    10045
make_re_423_> Number of previous, current selected restraints:     9770    10045
make_re_417_> Restraint type to be calculated:  omega_dihedral

Dynamically allocated memory at   amaxstructure [B,KiB,MiB]:      2586507    2525.886     2.467
openf___224_> Open           ${MODINSTALL9v19}/modlib/omega.bin
openf___224_> Open           ${MODINSTALL9v19}/modlib/omega.mdt
getdata_643_> Protein accepted:  3VJN_A
getdata_289_> Proteins (all/accepted):        1        1
omgdel__425_> Unselected all O C +N +CA dihedrals:      290
              (This is to avoid clashes between STEREO
              and OMEGA_DIHEDRAL restraints)
make_re_422_> Number of previous, current restraints         :    10045    10321
make_re_423_> Number of previous, current selected restraints:    10045    10031
make_re_417_> Restraint type to be calculated:  chi1_dihedral

Dynamically allocated memory at   amaxstructure [B,KiB,MiB]:      2586507    2525.886     2.467
openf___224_> Open           ${MODINSTALL9v19}/modlib/chi1234.bin
openf___224_> Open           ${MODINSTALL9v19}/modlib/chi1.mdt
getdata_643_> Protein accepted:  3VJN_A
getdata_289_> Proteins (all/accepted):        1        1

Dynamically allocated memory at  amaxrestraints [B,KiB,MiB]:      2717579    2653.886     2.592
make_re_422_> Number of previous, current restraints         :    10321    10566
make_re_423_> Number of previous, current selected restraints:    10031    10276
make_re_417_> Restraint type to be calculated:  chi2_dihedral

Dynamically allocated memory at   amaxstructure [B,KiB,MiB]:      2717579    2653.886     2.592
openf___224_> Open           ${MODINSTALL9v19}/modlib/chi1234.bin
openf___224_> Open           ${MODINSTALL9v19}/modlib/chi2.mdt
getdata_643_> Protein accepted:  3VJN_A
getdata_289_> Proteins (all/accepted):        1        1
make_re_422_> Number of previous, current restraints         :    10566    10759
make_re_423_> Number of previous, current selected restraints:    10276    10469
make_re_417_> Restraint type to be calculated:  chi3_dihedral

Dynamically allocated memory at   amaxstructure [B,KiB,MiB]:      2717579    2653.886     2.592
openf___224_> Open           ${MODINSTALL9v19}/modlib/chi1234.bin
openf___224_> Open           ${MODINSTALL9v19}/modlib/chi3.mdt
getdata_643_> Protein accepted:  3VJN_A
getdata_289_> Proteins (all/accepted):        1        1
make_re_422_> Number of previous, current restraints         :    10759    10849
make_re_423_> Number of previous, current selected restraints:    10469    10559
make_re_417_> Restraint type to be calculated:  chi4_dihedral

Dynamically allocated memory at   amaxstructure [B,KiB,MiB]:      2717579    2653.886     2.592
openf___224_> Open           ${MODINSTALL9v19}/modlib/chi1234.bin
openf___224_> Open           ${MODINSTALL9v19}/modlib/chi4.mdt
mdtrsr__446W> A potential that relies on one protein is used, yet you have at
              least one known structure available. MDT, not library, potential is used.
getdata_643_> Protein accepted:  3VJN_A
getdata_289_> Proteins (all/accepted):        1        1
make_re_422_> Number of previous, current restraints         :    10849    10886
make_re_423_> Number of previous, current selected restraints:    10559    10596
make_re_417_> Restraint type to be calculated:  DISTANCE

Dynamically allocated memory at amaxhash_contac [B,KiB,MiB]:      3358919    3280.194     3.203

Dynamically allocated memory at  amaxrestraints [B,KiB,MiB]:      3621063    3536.194     3.453
make_re_422_> Number of previous, current restraints         :    10886    16398
make_re_423_> Number of previous, current selected restraints:    10596    16108
make_re_417_> Restraint type to be calculated:  DISTANCE

Dynamically allocated memory at  amaxrestraints [B,KiB,MiB]:      3883207    3792.194     3.703

Dynamically allocated memory at  amaxrestraints [B,KiB,MiB]:      4407495    4304.194     4.203
make_re_422_> Number of previous, current restraints         :    16398    21994
make_re_423_> Number of previous, current selected restraints:    16108    21704
make_re_417_> Restraint type to be calculated:  DISTANCE

Dynamically allocated memory at  amaxrestraints [B,KiB,MiB]:      4669639    4560.194     4.453
make_re_422_> Number of previous, current restraints         :    21994    26595
make_re_423_> Number of previous, current selected restraints:    21704    26305
make_re_417_> Restraint type to be calculated:  DISTANCE
make_re_422_> Number of previous, current restraints         :    26595    29394
make_re_423_> Number of previous, current selected restraints:    26305    29104
0 atoms in HETATM/BLK residues constrained
to protein atoms within 2.30 angstroms
and protein CA atoms within 10.00 angstroms
make_re_417_> Restraint type to be calculated:  DISTANCE
make_re_422_> Number of previous, current restraints         :    29394    29394
make_re_423_> Number of previous, current selected restraints:    29104    29104
make_re_417_> Restraint type to be calculated:  DISTANCE
make_re_422_> Number of previous, current restraints         :    29394    29394
make_re_423_> Number of previous, current selected restraints:    29104    29104
make_re_417_> Restraint type to be calculated:  DISTANCE
make_re_422_> Number of previous, current restraints         :    29394    29394
make_re_423_> Number of previous, current selected restraints:    29104    29104
make_re_417_> Restraint type to be calculated:  DISTANCE
make_re_422_> Number of previous, current restraints         :    29394    29394
make_re_423_> Number of previous, current selected restraints:    29104    29104
0 atoms in residues without defined topology
constrained to be rigid bodies
make_re_417_> Restraint type to be calculated:  DISTANCE
make_re_422_> Number of previous, current restraints         :    29394    29394
make_re_423_> Number of previous, current selected restraints:    29104    29104
rmdupl__427_>     1740 redundant cosine dihedral restraints were unselected.
condens_443_> Restraints marked for deletion were removed.
              Total number of restraints before, now:    29394    27364
openf___224_> Open           3VJN_A_full.rsr
openf___224_> Open           3VJN_A_full.rsr

Dynamically allocated memory at  amaxrestraints [B,KiB,MiB]:      4711787    4601.354     4.494
rdcsr2__307_> Number of restraints read    :    27364
              Number of excluded pairs read:        0
              Number of pseudo atoms read  :        0
rdcsrs__304_> Restraints in memory, selected restraints:    27364    27364
              Explicitly excluded atom pairs in memory :        0
              Pseudo atoms in memory                   :        0
86 (of 2227 total) atoms selected for optimization
openf___224_> Open           3VJN_A_full.ini

Dynamically allocated memory at       amaxmodel [B,KiB,MiB]:      4711811    4601.378     4.494
read_mo_297_> Segments, residues, atoms:        1      277     2227
read_mo_298_> Segment:        1     1   277     2227
randomi_498_> Atoms,selected atoms,random_seed,amplitude:     2227       86        1        4.0000
randomi_496_> Amplitude is > 0; randomization is done.
pick_re_612_> Number of MODEL atoms, selected restraints;       86      630
pick_re_612_> Number of MODEL atoms, selected restraints;       86      705
pick_re_612_> Number of MODEL atoms, selected restraints;       86      730
pick_re_612_> Number of MODEL atoms, selected restraints;       86      772
pick_re_612_> Number of MODEL atoms, selected restraints;       86      938
pick_re_612_> Number of MODEL atoms, selected restraints;       86     1009
pick_re_612_> Number of MODEL atoms, selected restraints;       86     1023
pick_re_612_> Number of MODEL atoms, selected restraints;       86     1308

Dynamically allocated memory at  amaxrestraints [B,KiB,MiB]:      5057839    4939.296     4.824
pick_re_612_> Number of MODEL atoms, selected restraints;       86     1352
pick_re_612_> Number of MODEL atoms, selected restraints;       86     1352
pick_re_612_> Number of MODEL atoms, selected restraints;       86     1352
iupac_m_487_> NH1/2 swapped:      179.9802        3     3
iupac_m_486_> OE1/2 will be swapped:      169.9928        9     9
iupac_m_483_> CD1/2 CE1/2 swapped:       94.6144       10    10
iupac_m_397W> Atoms were not swapped because of the uncertainty of how to handle the H atom.
iupac_m_483_> CD1/2 CE1/2 swapped:       90.0041       21    21
iupac_m_397W> Atoms were not swapped because of the uncertainty of how to handle the H atom.
iupac_m_487_> NH1/2 swapped:     -179.9720       46    46
iupac_m_486_> OE1/2 will be swapped:     -156.1220       47    47
iupac_m_486_> OE1/2 will be swapped:     -175.7137       56    56
iupac_m_485_> OD1/2 will be swapped:      177.0837       98    98
iupac_m_486_> OE1/2 will be swapped:      179.6412      127   127
iupac_m_485_> OD1/2 will be swapped:      165.0556      128   128
iupac_m_483_> CD1/2 CE1/2 swapped:      -97.7184      189   189
iupac_m_397W> Atoms were not swapped because of the uncertainty of how to handle the H atom.
iupac_m_485_> OD1/2 will be swapped:      163.9501      194   194
iupac_m_483_> CD1/2 CE1/2 swapped:      -98.7126      198   198
iupac_m_397W> Atoms were not swapped because of the uncertainty of how to handle the H atom.
iupac_m_485_> OD1/2 will be swapped:      174.5530      214   214
iupac_m_486_> OE1/2 will be swapped:      172.9422      229   229
iupac_m_487_> NH1/2 swapped:      179.1144      230   230
iupac_m_483_> CD1/2 CE1/2 swapped:     -125.1069      242   242
iupac_m_397W> Atoms were not swapped because of the uncertainty of how to handle the H atom.
iupac_m_485_> OD1/2 will be swapped:     -164.6866      252   252
iupac_m_485_> OD1/2 will be swapped:      171.1863      254   254
iupac_m_486_> OE1/2 will be swapped:      132.4397      265   265
iupac_m_485_> OD1/2 will be swapped:     -171.0490      272   272
iupac_m_483_> CD1/2 CE1/2 swapped:      100.4681      276   276
iupac_m_397W> Atoms were not swapped because of the uncertainty of how to handle the H atom.


>> ENERGY; Differences between the model's features and restraints:
Number of all residues in MODEL                   :      277
Number of all, selected real atoms                :     2227      86
Number of all, selected pseudo atoms              :        0       0
Number of all static, selected restraints         :    27364    1352
COVALENT_CYS                                      :        F
NONBONDED_SEL_ATOMS                               :        1
Number of non-bonded pairs (excluding 1-2,1-3,1-4):      202
Dynamic pairs routine                             : 5, NATM_SEL x NATM double loop
Atomic shift for contacts update (UPDATE_DYNAMIC) :    0.390
LENNARD_JONES_SWITCH                              :    6.500   7.500
COULOMB_JONES_SWITCH                              :    6.500   7.500
RESIDUE_SPAN_RANGE                                :        0   99999
NLOGN_USE                                         :       15
CONTACT_SHELL                                     :    4.000
DYNAMIC_PAIRS,_SPHERE,_COULOMB,_LENNARD,_MODELLER :        T       T       F       F       F
SPHERE_STDV                                       :    0.050
RADII_FACTOR                                      :    0.820
Current energy                                    :          46.8945





Summary of the restraint violations: 

   NUM     ... number of restraints.
   NUMVI   ... number of restraints with RVIOL > VIOL_REPORT_CUT[i].
   RVIOL   ... relative difference from the best value.
   NUMVP   ... number of restraints with -Ln(pdf) > VIOL_REPORT_CUT2[i].
   RMS_1   ... RMS(feature, minimally_violated_basis_restraint, NUMB).
   RMS_2   ... RMS(feature, best_value, NUMB).
   MOL.PDF ... scaled contribution to -Ln(Molecular pdf).

 #                     RESTRAINT_GROUP      NUM   NUMVI  NUMVP   RMS_1   RMS_2         MOL.PDF     S_i
------------------------------------------------------------------------------------------------------
 1 Bond length potential              :      89       0      0   0.003   0.003     0.25206       1.000
 2 Bond angle potential               :     120       0      0   1.669   1.669      5.8432       1.000
 3 Stereochemical cosine torsion poten:      50       0      1  47.309  47.309      18.146       1.000
 4 Stereochemical improper torsion pot:      34       0      0   1.288   1.288      1.1510       1.000
 5 Soft-sphere overlap restraints     :     202       0      0   0.000   0.000      0.0000       1.000
 6 Lennard-Jones 6-12 potential       :       0       0      0   0.000   0.000      0.0000       1.000
 7 Coulomb point-point electrostatic p:       0       0      0   0.000   0.000      0.0000       1.000
 8 H-bonding potential                :       0       0      0   0.000   0.000      0.0000       1.000
 9 Distance restraints 1 (CA-CA)      :     290       0      0   0.069   0.069      1.2593       1.000
10 Distance restraints 2 (N-O)        :     327       0      0   0.081   0.081      1.8308       1.000
11 Mainchain Phi dihedral restraints  :       0       0      0   0.000   0.000      0.0000       1.000
12 Mainchain Psi dihedral restraints  :       0       0      0   0.000   0.000      0.0000       1.000
13 Mainchain Omega dihedral restraints:      12       0      0   3.863   3.863      2.1116       1.000
14 Sidechain Chi_1 dihedral restraints:       9       0      0  61.306  61.306      2.3769       1.000
15 Sidechain Chi_2 dihedral restraints:       9       0      0  58.568  58.568    -0.71411       1.000
16 Sidechain Chi_3 dihedral restraints:       4       0      0  49.827  49.827      1.4162       1.000
17 Sidechain Chi_4 dihedral restraints:       4       0      0  16.746  16.746      1.8738       1.000
18 Disulfide distance restraints      :       0       0      0   0.000   0.000      0.0000       1.000
19 Disulfide angle restraints         :       0       0      0   0.000   0.000      0.0000       1.000
20 Disulfide dihedral angle restraints:       0       0      0   0.000   0.000      0.0000       1.000
21 Lower bound distance restraints    :       0       0      0   0.000   0.000      0.0000       1.000
22 Upper bound distance restraints    :       0       0      0   0.000   0.000      0.0000       1.000
23 Distance restraints 3 (SDCH-MNCH)  :     215       0      0   0.456   0.456      3.5478       1.000
24 Sidechain Chi_5 dihedral restraints:       0       0      0   0.000   0.000      0.0000       1.000
25 Phi/Psi pair of dihedral restraints:      14       0      0  13.862  13.862     -2.4973       1.000
26 Distance restraints 4 (SDCH-SDCH)  :     175       0      0   0.731   0.731      10.297       1.000
27 Distance restraints 5 (X-Y)        :       0       0      0   0.000   0.000      0.0000       1.000
28 NMR distance restraints 6 (X-Y)    :       0       0      0   0.000   0.000      0.0000       1.000
29 NMR distance restraints 7 (X-Y)    :       0       0      0   0.000   0.000      0.0000       1.000
30 Minimal distance restraints        :       0       0      0   0.000   0.000      0.0000       1.000
31 Non-bonded restraints              :       0       0      0   0.000   0.000      0.0000       1.000
32 Atomic accessibility restraints    :       0       0      0   0.000   0.000      0.0000       1.000
33 Atomic density restraints          :       0       0      0   0.000   0.000      0.0000       1.000
34 Absolute position restraints       :       0       0      0   0.000   0.000      0.0000       1.000
35 Dihedral angle difference restraint:       0       0      0   0.000   0.000      0.0000       1.000
36 GBSA implicit solvent potential    :       0       0      0   0.000   0.000      0.0000       1.000
37 EM density fitting potential       :       0       0      0   0.000   0.000      0.0000       1.000
38 SAXS restraints                    :       0       0      0   0.000   0.000      0.0000       1.000
39 Symmetry restraints                :       0       0      0   0.000   0.000      0.0000       1.000



openf___224_> Open           3VJN_A_full.V99990001
# Heavy relative violation of each residue is written to: 3VJN_A_full.V99990001
# The profile is NOT normalized by the number of restraints.
# The profiles are smoothed over a window of residues:    1
# The sum of all numbers in the file:     891.9391



List of the violated restraints:
   A restraint is violated when the relative difference
   from the best value (RVIOL) is larger than CUTOFF.

   ICSR   ... index of a restraint in the current set.
   RESNO  ... residue numbers of the first two atoms.
   ATM    ... IUPAC atom names of the first two atoms.
   FEAT   ... the value of the feature in the model.
   restr  ... the mean of the basis restraint with the smallest
              difference from the model (local minimum).
   viol   ... difference from the local minimum.
   rviol  ... relative difference from the local minimum.
   RESTR  ... the best value (global minimum).
   VIOL   ... difference from the best value.
   RVIOL  ... relative difference from the best value.



report______> Distribution of short non-bonded contacts:

  serious non-bonded atom clash:   356  359   2.250
  serious non-bonded atom clash:   362  421   2.237
  serious non-bonded atom clash:   362  423   2.103
  serious non-bonded atom clash:   363  421   2.300
  serious non-bonded atom clash:   363  423   1.404
  serious non-bonded atom clash:   364  421   2.299
  serious non-bonded atom clash:   364  423   1.014
  serious non-bonded atom clash:   365  423   2.034
  serious non-bonded atom clash:   369  415   1.607

DISTANCE1:  0.00 2.10 2.20 2.30 2.40 2.50 2.60 2.70 2.80 2.90 3.00 3.10 3.20 3.30 3.40
DISTANCE2:  2.10 2.20 2.30 2.40 2.50 2.60 2.70 2.80 2.90 3.00 3.10 3.20 3.30 3.40 3.50
FREQUENCY:     4    1    4    3    1    7   20   51   95  133  178  219  269  296  354


<< end of ENERGY.
openf___224_> Open           3VJN_A_full.B99990001.pdb
wrpdb___568_> Residues, atoms, selected atoms:      277     2227     2227

>> Summary of successfully produced models:
Filename                          molpdf
----------------------------------------
3VJN_A_full.B99990001.pdb       46.89446


Dynamically allocated memory at          finish [B,KiB,MiB]:      5057839    4939.296     4.824
Starting time                                            : 2018/02/20 13:01:43
Closing time                                             : 2018/02/20 13:01:46
Total CPU time [seconds]                                 :       3.22
