
                         MODELLER 9.19, 2017/07/19, r11078

     PROTEIN STRUCTURE MODELLING BY SATISFACTION OF SPATIAL RESTRAINTS


                     Copyright(c) 1989-2017 Andrej Sali
                            All Rights Reserved

                             Written by A. Sali
                               with help from
              B. Webb, M.S. Madhusudhan, M-Y. Shen, G.Q. Dong,
          M.A. Marti-Renom, N. Eswar, F. Alber, M. Topf, B. Oliva,
             A. Fiser, R. Sanchez, B. Yerkovich, A. Badretdinov,
                     F. Melo, J.P. Overington, E. Feyfant
                 University of California, San Francisco, USA
                    Rockefeller University, New York, USA
                      Harvard University, Cambridge, USA
                   Imperial Cancer Research Fund, London, UK
              Birkbeck College, University of London, London, UK


Kind, OS, HostName, Kernel, Processor: 4, Linux german-xps 4.14.6-041406-generic x86_64
Date and time of compilation         : 2017/07/19 15:03:51
MODELLER executable type             : x86_64-intel8
Job starting time (YY/MM/DD HH:MM:SS): 2018/02/20 13:00:57

openf___224_> Open           $(LIB)/restyp.lib
openf___224_> Open           ${MODINSTALL9v19}/modlib/resgrp.lib
rdresgr_266_> Number of residue groups:        2
openf___224_> Open           ${MODINSTALL9v19}/modlib/sstruc.lib

Dynamically allocated memory at   amaxlibraries [B,KiB,MiB]:       191566     187.076     0.183

Dynamically allocated memory at   amaxlibraries [B,KiB,MiB]:       192094     187.592     0.183
openf___224_> Open           ${MODINSTALL9v19}/modlib/resdih.lib

Dynamically allocated memory at   amaxlibraries [B,KiB,MiB]:       240694     235.053     0.230
rdrdih__263_> Number of dihedral angle types         :        9
              Maximal number of dihedral angle optima:        3
              Dihedral angle names                   :  Alph Phi Psi Omeg chi1 chi2 chi3 chi4 chi5
openf___224_> Open           ${MODINSTALL9v19}/modlib/radii.lib

Dynamically allocated memory at   amaxlibraries [B,KiB,MiB]:       253994     248.041     0.242
openf___224_> Open           ${MODINSTALL9v19}/modlib/radii14.lib
openf___224_> Open           ${MODINSTALL9v19}/modlib/af_mnchdef.lib
rdwilmo_274_> Mainchain residue conformation classes:  APBLE
openf___224_> Open           ${MODINSTALL9v19}/modlib/mnch.lib
rdclass_257_> Number of classes:        5
openf___224_> Open           ${MODINSTALL9v19}/modlib/mnch1.lib
openf___224_> Open           ${MODINSTALL9v19}/modlib/mnch2.lib
openf___224_> Open           ${MODINSTALL9v19}/modlib/mnch3.lib
openf___224_> Open           ${MODINSTALL9v19}/modlib/xs4.mat
rdrrwgh_268_> Number of residue types:       21
openf___224_> Open           /home/german/labo/18/egfr/model/2J5F_A/to_model_2J5F_A

Dynamically allocated memory at   amaxalignment [B,KiB,MiB]:       265487     259.265     0.253

Dynamically allocated memory at   amaxalignment [B,KiB,MiB]:       266937     260.681     0.255

Dynamically allocated memory at   amaxalignment [B,KiB,MiB]:       269837     263.513     0.257

Dynamically allocated memory at   amaxalignment [B,KiB,MiB]:       275637     269.177     0.263

Dynamically allocated memory at   amaxalignment [B,KiB,MiB]:       392693     383.489     0.375

Dynamically allocated memory at    amaxsequence [B,KiB,MiB]:       393925     384.692     0.376

Dynamically allocated memory at    amaxsequence [B,KiB,MiB]:       395029     385.771     0.377

Read the alignment from file       : /home/german/labo/18/egfr/model/2J5F_A/to_model_2J5F_A
Total number of alignment positions:   317

  #  Code        #_Res #_Segm PDB_code    Name
-------------------------------------------------------------------------------
  1     2J5F_A     309      1      2J5F_A
  2  2J5F_A_fu     277      1
check_a_343_> >> BEGINNING OF COMMAND
openf___224_> Open           ./2J5F_A.pdb

Dynamically allocated memory at amaxcoordinates [B,KiB,MiB]:       489454     477.982     0.467

Dynamically allocated memory at    amaxsequence [B,KiB,MiB]:       489454     477.982     0.467

Dynamically allocated memory at amaxcoordinates [B,KiB,MiB]:       489625     478.149     0.467

Dynamically allocated memory at amaxcoordinates [B,KiB,MiB]:       490475     478.979     0.468

Dynamically allocated memory at amaxcoordinates [B,KiB,MiB]:       491733     480.208     0.469

Dynamically allocated memory at amaxcoordinates [B,KiB,MiB]:       493637     482.067     0.471

Dynamically allocated memory at    amaxsequence [B,KiB,MiB]:       493637     482.067     0.471

Dynamically allocated memory at amaxcoordinates [B,KiB,MiB]:       493727     482.155     0.471

Dynamically allocated memory at amaxcoordinates [B,KiB,MiB]:       496583     484.944     0.474

Dynamically allocated memory at    amaxsequence [B,KiB,MiB]:       496583     484.944     0.474

Dynamically allocated memory at amaxcoordinates [B,KiB,MiB]:       496718     485.076     0.474

Dynamically allocated memory at amaxcoordinates [B,KiB,MiB]:       501002     489.260     0.478

Dynamically allocated memory at    amaxsequence [B,KiB,MiB]:       501002     489.260     0.478

Dynamically allocated memory at amaxcoordinates [B,KiB,MiB]:       501200     489.453     0.478

Dynamically allocated memory at amaxcoordinates [B,KiB,MiB]:       507626     495.729     0.484

Dynamically allocated memory at    amaxsequence [B,KiB,MiB]:       507626     495.729     0.484

Dynamically allocated memory at amaxcoordinates [B,KiB,MiB]:       507923     496.019     0.484

Dynamically allocated memory at amaxcoordinates [B,KiB,MiB]:       517545     505.415     0.494

Dynamically allocated memory at    amaxsequence [B,KiB,MiB]:       517545     505.415     0.494

Dynamically allocated memory at amaxcoordinates [B,KiB,MiB]:       517995     505.854     0.494

Dynamically allocated memory at amaxcoordinates [B,KiB,MiB]:       532445     519.966     0.508

Dynamically allocated memory at    amaxsequence [B,KiB,MiB]:       532445     519.966     0.508

Dynamically allocated memory at amaxcoordinates [B,KiB,MiB]:       533120     520.625     0.508

Dynamically allocated memory at amaxcoordinates [B,KiB,MiB]:       554778     541.775     0.529

Dynamically allocated memory at    amaxsequence [B,KiB,MiB]:       554778     541.775     0.529

Dynamically allocated memory at amaxcoordinates [B,KiB,MiB]:       555786     542.760     0.530

Dynamically allocated memory at amaxcoordinates [B,KiB,MiB]:       588290     574.502     0.561

Dynamically allocated memory at   amaxstructure [B,KiB,MiB]:       588038     574.256     0.561
fndatmi_285W> Only      308 residues out of      309 contain atoms of type  CA
              (This is usually caused by non-standard residues, such
              as ligands, or by PDB files with missing atoms.)
fndatmi_285W> Only      308 residues out of      309 contain atoms of type  CA
              (This is usually caused by non-standard residues, such
              as ligands, or by PDB files with missing atoms.)

check_ali___> Checking the sequence-structure alignment. 

Implied intrachain target CA(i)-CA(i+1) distances longer than  8.0 angstroms:

ALN_POS  TMPL  RID1  RID2  NAM1  NAM2     DIST
----------------------------------------------
END OF TABLE
check_a_344_> << END OF COMMAND
openf___224_> Open           ${LIB}/top_heav.lib
read_to_681_> topology.submodel read from topology file:        3
openf___224_> Open           ${LIB}/par.lib

Dynamically allocated memory at  amaxparameters [B,KiB,MiB]:       727290     710.244     0.694

Dynamically allocated memory at  amaxparameters [B,KiB,MiB]:       728890     711.807     0.695

Dynamically allocated memory at  amaxparameters [B,KiB,MiB]:       732870     715.693     0.699

Dynamically allocated memory at  amaxparameters [B,KiB,MiB]:       734870     717.646     0.701

Dynamically allocated memory at  amaxparameters [B,KiB,MiB]:       737870     720.576     0.704

Dynamically allocated memory at  amaxparameters [B,KiB,MiB]:       742370     724.971     0.708

Dynamically allocated memory at  amaxparameters [B,KiB,MiB]:       747942     730.412     0.713

Dynamically allocated memory at  amaxparameters [B,KiB,MiB]:       750742     733.146     0.716

Dynamically allocated memory at  amaxparameters [B,KiB,MiB]:       754942     737.248     0.720

Dynamically allocated memory at  amaxparameters [B,KiB,MiB]:       761242     743.400     0.726

Dynamically allocated memory at  amaxparameters [B,KiB,MiB]:       764014     746.107     0.729

Dynamically allocated memory at  amaxparameters [B,KiB,MiB]:       765414     747.475     0.730
read_pa_232_> parameters    BONDS   ANGLS  DIHEDS IMPROPS    MODE
                              227     561     661     112       0

Dynamically allocated memory at       amaxmodel [B,KiB,MiB]:       808746     789.791     0.771

Dynamically allocated memory at       amaxmodel [B,KiB,MiB]:      1028462    1004.357     0.981

Dynamically allocated memory at       amaxmodel [B,KiB,MiB]:      1061446    1036.568     1.012

mkilst______> segment topology constructed from sequence and RTF:
              segments residues atoms bonds angles dihedrals impropers:
                     1      277  2223  2273      0         0       925

Dynamically allocated memory at       amaxmodel [B,KiB,MiB]:      1156770    1129.658     1.103

patch_______> segment topology patched using RTF:     1  ;  LEU  ;  NTER
              segments residues atoms bonds angles dihedrals impropers:
                     1      277  2223  2273   3074      3654       925


Dynamically allocated memory at       amaxmodel [B,KiB,MiB]:      1248866    1219.596     1.191
patch_______> segment topology patched using RTF:   277  ;  LEU  ;  CTER
              segments residues atoms bonds angles dihedrals impropers:
                     1      277  2224  2274   3076      3656       926

genseg______> segment topology constructed from sequence and RTF:
              segments residues atoms bonds angles dihedrals impropers:
                     1      277  2224  2274   3076      3656       926
fndatmi_285W> Only      308 residues out of      309 contain atoms of type  CA
              (This is usually caused by non-standard residues, such
              as ligands, or by PDB files with missing atoms.)
transfe_506_> MODEL is an average of all templates.
transfe_511_> Number of templates for coordinate transfer:        1
              After transferring coordinates of the equivalent template atoms,
              there are defined, undefined atoms in MODEL:     2161       63
openf___224_> Open           2J5F_A_full.ini
wrpdb___568_> Residues, atoms, selected atoms:      277     2224     2224
make_re_417_> Restraint type to be calculated:  stereo

Dynamically allocated memory at  amaxrestraints [B,KiB,MiB]:      1355915    1324.136     1.293

Dynamically allocated memory at  amaxrestraints [B,KiB,MiB]:      1364107    1332.136     1.301

Dynamically allocated memory at  amaxrestraints [B,KiB,MiB]:      1380491    1348.136     1.317

Dynamically allocated memory at  amaxrestraints [B,KiB,MiB]:      1413259    1380.136     1.348

Dynamically allocated memory at  amaxrestraints [B,KiB,MiB]:      1446027    1412.136     1.379

Dynamically allocated memory at  amaxrestraints [B,KiB,MiB]:      1511563    1476.136     1.442

Dynamically allocated memory at  amaxrestraints [B,KiB,MiB]:      1544331    1508.136     1.473

Dynamically allocated memory at  amaxrestraints [B,KiB,MiB]:      1577099    1540.136     1.504

Dynamically allocated memory at  amaxrestraints [B,KiB,MiB]:      1642635    1604.136     1.567

Dynamically allocated memory at  amaxrestraints [B,KiB,MiB]:      1773707    1732.136     1.692

Dynamically allocated memory at  amaxrestraints [B,KiB,MiB]:      1839243    1796.136     1.754

Dynamically allocated memory at  amaxrestraints [B,KiB,MiB]:      1904779    1860.136     1.817

Dynamically allocated memory at  amaxrestraints [B,KiB,MiB]:      2035851    1988.136     1.942

Dynamically allocated memory at  amaxrestraints [B,KiB,MiB]:      2297995    2244.136     2.192
r_stere_606_> Stereochemical restraints were constructed from RTF & PRMF.
              Added bond,angle,dihedral,improper restraints  :     2274    3076    3497     912
              Total number of restraints before, now         :        0     9759
make_re_422_> Number of previous, current restraints         :        0     9759
make_re_423_> Number of previous, current selected restraints:        0     9759
make_re_417_> Restraint type to be calculated:  phi-psi_binormal

Dynamically allocated memory at   amaxstructure [B,KiB,MiB]:      2458639    2401.015     2.345
openf___224_> Open           ${MODINSTALL9v19}/modlib/mnch1.bin
openf___224_> Open           ${MODINSTALL9v19}/modlib/mnch1.mdt
errdih__638_> Missing atoms in a dihedral, residue index, residue type:        1      307  ILE
errdih__638_> Missing atoms in a dihedral, residue index, residue type:        2      309  GLN
errdih__638_> Missing atoms in a dihedral, residue index, residue type:        4      308  PRO
errdih__638_> Missing atoms in a dihedral, residue index, residue type:        5      283  ARG
errdih__638_> Missing atoms in a dihedral, residue index, residue type:        5      285  HIS
errdih__638_> Missing atoms in a dihedral, residue index, residue type:        5      288  SER
errdih__638_> Missing atoms in a dihedral, residue index, residue type:        5      289  PRO
errdih__638_> Missing atoms in a dihedral, residue index, residue type:        5      290  LEU
errdih__638_> Missing atoms in a dihedral, residue index, residue type:        5      309  GLN
errdih__638_> Missing atoms in a dihedral, residue index, residue type:        6      283  ARG
errdih__638_> Missing atoms in a dihedral, residue index, residue type:        6      285  HIS
errdih__638_> Missing atoms in a dihedral, residue index, residue type:        6      289  PRO
errdih__638_> Missing atoms in a dihedral, residue index, residue type:        6      290  LEU
errdih__638_> Missing atoms in a dihedral, residue index, residue type:        6      309  GLN
errdih__638_> Missing atoms in a dihedral, residue index, residue type:        7      283  ARG
errdih__638_> Missing atoms in a dihedral, residue index, residue type:        7      289  PRO
errdih__638_> Missing atoms in a dihedral, residue index, residue type:        7      309  GLN
errdih__638_> Missing atoms in a dihedral, residue index, residue type:        8      283  ARG
getdata_643_> Protein accepted:  2J5F_A
getdata_289_> Proteins (all/accepted):        1        1

Dynamically allocated memory at  amaxrestraints [B,KiB,MiB]:      2589727    2529.030     2.470
make_re_422_> Number of previous, current restraints         :     9759    10034
make_re_423_> Number of previous, current selected restraints:     9759    10034
make_re_417_> Restraint type to be calculated:  omega_dihedral

Dynamically allocated memory at   amaxstructure [B,KiB,MiB]:      2589727    2529.030     2.470
openf___224_> Open           ${MODINSTALL9v19}/modlib/omega.bin
openf___224_> Open           ${MODINSTALL9v19}/modlib/omega.mdt
getdata_643_> Protein accepted:  2J5F_A
getdata_289_> Proteins (all/accepted):        1        1
omgdel__425_> Unselected all O C +N +CA dihedrals:      290
              (This is to avoid clashes between STEREO
              and OMEGA_DIHEDRAL restraints)
make_re_422_> Number of previous, current restraints         :    10034    10310
make_re_423_> Number of previous, current selected restraints:    10034    10020
make_re_417_> Restraint type to be calculated:  chi1_dihedral

Dynamically allocated memory at   amaxstructure [B,KiB,MiB]:      2589727    2529.030     2.470
openf___224_> Open           ${MODINSTALL9v19}/modlib/chi1234.bin
openf___224_> Open           ${MODINSTALL9v19}/modlib/chi1.mdt
getdata_643_> Protein accepted:  2J5F_A
getdata_289_> Proteins (all/accepted):        1        1

Dynamically allocated memory at  amaxrestraints [B,KiB,MiB]:      2720799    2657.030     2.595
make_re_422_> Number of previous, current restraints         :    10310    10554
make_re_423_> Number of previous, current selected restraints:    10020    10264
make_re_417_> Restraint type to be calculated:  chi2_dihedral

Dynamically allocated memory at   amaxstructure [B,KiB,MiB]:      2720799    2657.030     2.595
openf___224_> Open           ${MODINSTALL9v19}/modlib/chi1234.bin
openf___224_> Open           ${MODINSTALL9v19}/modlib/chi2.mdt
getdata_643_> Protein accepted:  2J5F_A
getdata_289_> Proteins (all/accepted):        1        1
make_re_422_> Number of previous, current restraints         :    10554    10746
make_re_423_> Number of previous, current selected restraints:    10264    10456
make_re_417_> Restraint type to be calculated:  chi3_dihedral

Dynamically allocated memory at   amaxstructure [B,KiB,MiB]:      2720799    2657.030     2.595
openf___224_> Open           ${MODINSTALL9v19}/modlib/chi1234.bin
openf___224_> Open           ${MODINSTALL9v19}/modlib/chi3.mdt
getdata_643_> Protein accepted:  2J5F_A
getdata_289_> Proteins (all/accepted):        1        1
make_re_422_> Number of previous, current restraints         :    10746    10835
make_re_423_> Number of previous, current selected restraints:    10456    10545
make_re_417_> Restraint type to be calculated:  chi4_dihedral

Dynamically allocated memory at   amaxstructure [B,KiB,MiB]:      2720799    2657.030     2.595
openf___224_> Open           ${MODINSTALL9v19}/modlib/chi1234.bin
openf___224_> Open           ${MODINSTALL9v19}/modlib/chi4.mdt
mdtrsr__446W> A potential that relies on one protein is used, yet you have at
              least one known structure available. MDT, not library, potential is used.
getdata_643_> Protein accepted:  2J5F_A
getdata_289_> Proteins (all/accepted):        1        1
make_re_422_> Number of previous, current restraints         :    10835    10872
make_re_423_> Number of previous, current selected restraints:    10545    10582
make_re_417_> Restraint type to be calculated:  DISTANCE

Dynamically allocated memory at amaxhash_contac [B,KiB,MiB]:      3361275    3282.495     3.206
make_re_422_> Number of previous, current restraints         :    10872    16355
make_re_423_> Number of previous, current selected restraints:    10582    16065
make_re_417_> Restraint type to be calculated:  DISTANCE

Dynamically allocated memory at  amaxrestraints [B,KiB,MiB]:      3623419    3538.495     3.456

Dynamically allocated memory at  amaxrestraints [B,KiB,MiB]:      3885563    3794.495     3.706

Dynamically allocated memory at  amaxrestraints [B,KiB,MiB]:      4409851    4306.495     4.206
make_re_422_> Number of previous, current restraints         :    16355    21866
make_re_423_> Number of previous, current selected restraints:    16065    21576
make_re_417_> Restraint type to be calculated:  DISTANCE

Dynamically allocated memory at  amaxrestraints [B,KiB,MiB]:      4671995    4562.495     4.456
make_re_422_> Number of previous, current restraints         :    21866    26448
make_re_423_> Number of previous, current selected restraints:    21576    26158
make_re_417_> Restraint type to be calculated:  DISTANCE
make_re_422_> Number of previous, current restraints         :    26448    29102
make_re_423_> Number of previous, current selected restraints:    26158    28812
0 atoms in HETATM/BLK residues constrained
to protein atoms within 2.30 angstroms
and protein CA atoms within 10.00 angstroms
make_re_417_> Restraint type to be calculated:  DISTANCE
make_re_422_> Number of previous, current restraints         :    29102    29102
make_re_423_> Number of previous, current selected restraints:    28812    28812
make_re_417_> Restraint type to be calculated:  DISTANCE
make_re_422_> Number of previous, current restraints         :    29102    29102
make_re_423_> Number of previous, current selected restraints:    28812    28812
make_re_417_> Restraint type to be calculated:  DISTANCE
make_re_422_> Number of previous, current restraints         :    29102    29102
make_re_423_> Number of previous, current selected restraints:    28812    28812
make_re_417_> Restraint type to be calculated:  DISTANCE
make_re_422_> Number of previous, current restraints         :    29102    29102
make_re_423_> Number of previous, current selected restraints:    28812    28812
0 atoms in residues without defined topology
constrained to be rigid bodies
make_re_417_> Restraint type to be calculated:  DISTANCE
make_re_422_> Number of previous, current restraints         :    29102    29102
make_re_423_> Number of previous, current selected restraints:    28812    28812
rmdupl__427_>     1736 redundant cosine dihedral restraints were unselected.
condens_443_> Restraints marked for deletion were removed.
              Total number of restraints before, now:    29102    27076
openf___224_> Open           2J5F_A_full.rsr
openf___224_> Open           2J5F_A_full.rsr

Dynamically allocated memory at  amaxrestraints [B,KiB,MiB]:      4710489    4600.087     4.492
rdcsr2__307_> Number of restraints read    :    27076
              Number of excluded pairs read:        0
              Number of pseudo atoms read  :        0
rdcsrs__304_> Restraints in memory, selected restraints:    27076    27076
              Explicitly excluded atom pairs in memory :        0
              Pseudo atoms in memory                   :        0
127 (of 2224 total) atoms selected for optimization
openf___224_> Open           2J5F_A_full.ini

Dynamically allocated memory at       amaxmodel [B,KiB,MiB]:      4710513    4600.110     4.492
read_mo_297_> Segments, residues, atoms:        1      277     2224
read_mo_298_> Segment:        1     1   277     2224
randomi_498_> Atoms,selected atoms,random_seed,amplitude:     2224      127        1        4.0000
randomi_496_> Amplitude is > 0; randomization is done.
pick_re_612_> Number of MODEL atoms, selected restraints;      127      834
pick_re_612_> Number of MODEL atoms, selected restraints;      127      934
pick_re_612_> Number of MODEL atoms, selected restraints;      127     1000
pick_re_612_> Number of MODEL atoms, selected restraints;      127     1051
pick_re_612_> Number of MODEL atoms, selected restraints;      127     1159
pick_re_612_> Number of MODEL atoms, selected restraints;      127     1345
pick_re_612_> Number of MODEL atoms, selected restraints;      127     1673
pick_re_612_> Number of MODEL atoms, selected restraints;      127     1956

Dynamically allocated memory at  amaxrestraints [B,KiB,MiB]:      5056469    4937.958     4.822
pick_re_612_> Number of MODEL atoms, selected restraints;      127     2001
pick_re_612_> Number of MODEL atoms, selected restraints;      127     2014
pick_re_612_> Number of MODEL atoms, selected restraints;      127     2014
iupac_m_483_> CD1/2 CE1/2 swapped:      127.7602       10    10
iupac_m_397W> Atoms were not swapped because of the uncertainty of how to handle the H atom.
iupac_m_483_> CD1/2 CE1/2 swapped:      -94.2493       21    21
iupac_m_397W> Atoms were not swapped because of the uncertainty of how to handle the H atom.
iupac_m_486_> OE1/2 will be swapped:      -99.4637       44    44
iupac_m_487_> NH1/2 swapped:      179.9657       46    46
iupac_m_485_> OD1/2 will be swapped:      155.0164       59    59
iupac_m_486_> OE1/2 will be swapped:      162.5123       60    60
iupac_m_483_> CD1/2 CE1/2 swapped:      -93.5466       99    99
iupac_m_397W> Atoms were not swapped because of the uncertainty of how to handle the H atom.
iupac_m_486_> OE1/2 will be swapped:     -167.5695      102   102
iupac_m_485_> OD1/2 will be swapped:     -171.8732      128   128
iupac_m_487_> NH1/2 swapped:      178.2385      129   129
iupac_m_487_> NH1/2 swapped:      179.6014      130   130
iupac_m_486_> OE1/2 will be swapped:      179.9558      166   166
iupac_m_486_> OE1/2 will be swapped:     -180.0000      170   170
iupac_m_483_> CD1/2 CE1/2 swapped:      -96.1330      189   189
iupac_m_397W> Atoms were not swapped because of the uncertainty of how to handle the H atom.
iupac_m_485_> OD1/2 will be swapped:      179.7413      194   194
iupac_m_483_> CD1/2 CE1/2 swapped:      -92.4265      213   213
iupac_m_397W> Atoms were not swapped because of the uncertainty of how to handle the H atom.
iupac_m_484W> Dihedral still outside +-90:       90.4924
iupac_m_485_> OD1/2 will be swapped:      160.7940      214   214
iupac_m_486_> OE1/2 will be swapped:      176.6448      229   229
iupac_m_483_> CD1/2 CE1/2 swapped:     -138.0153      242   242
iupac_m_397W> Atoms were not swapped because of the uncertainty of how to handle the H atom.
iupac_m_485_> OD1/2 will be swapped:     -160.0974      252   252
iupac_m_485_> OD1/2 will be swapped:      152.5342      254   254
iupac_m_487_> NH1/2 swapped:      179.1124      260   260
iupac_m_486_> OE1/2 will be swapped:      122.1800      265   265
iupac_m_487_> NH1/2 swapped:     -179.4346      271   271
iupac_m_485_> OD1/2 will be swapped:     -171.7256      272   272
iupac_m_483_> CD1/2 CE1/2 swapped:       99.9472      276   276
iupac_m_397W> Atoms were not swapped because of the uncertainty of how to handle the H atom.


>> ENERGY; Differences between the model's features and restraints:
Number of all residues in MODEL                   :      277
Number of all, selected real atoms                :     2224     127
Number of all, selected pseudo atoms              :        0       0
Number of all static, selected restraints         :    27076    2014
COVALENT_CYS                                      :        F
NONBONDED_SEL_ATOMS                               :        1
Number of non-bonded pairs (excluding 1-2,1-3,1-4):      382
Dynamic pairs routine                             : 5, NATM_SEL x NATM double loop
Atomic shift for contacts update (UPDATE_DYNAMIC) :    0.390
LENNARD_JONES_SWITCH                              :    6.500   7.500
COULOMB_JONES_SWITCH                              :    6.500   7.500
RESIDUE_SPAN_RANGE                                :        0   99999
NLOGN_USE                                         :       15
CONTACT_SHELL                                     :    4.000
DYNAMIC_PAIRS,_SPHERE,_COULOMB,_LENNARD,_MODELLER :        T       T       F       F       F
SPHERE_STDV                                       :    0.050
RADII_FACTOR                                      :    0.820
Current energy                                    :        1228.0248





Summary of the restraint violations: 

   NUM     ... number of restraints.
   NUMVI   ... number of restraints with RVIOL > VIOL_REPORT_CUT[i].
   RVIOL   ... relative difference from the best value.
   NUMVP   ... number of restraints with -Ln(pdf) > VIOL_REPORT_CUT2[i].
   RMS_1   ... RMS(feature, minimally_violated_basis_restraint, NUMB).
   RMS_2   ... RMS(feature, best_value, NUMB).
   MOL.PDF ... scaled contribution to -Ln(Molecular pdf).

 #                     RESTRAINT_GROUP      NUM   NUMVI  NUMVP   RMS_1   RMS_2         MOL.PDF     S_i
------------------------------------------------------------------------------------------------------
 1 Bond length potential              :     131       4      9   0.042   0.042      71.947       1.000
 2 Bond angle potential               :     177       7     13   8.015   8.015      243.96       1.000
 3 Stereochemical cosine torsion poten:      86       0      2  45.568  45.568      32.840       1.000
 4 Stereochemical improper torsion pot:      45       1      2   5.238   5.238      38.358       1.000
 5 Soft-sphere overlap restraints     :     382       3      6   0.030   0.030      40.673       1.000
 6 Lennard-Jones 6-12 potential       :       0       0      0   0.000   0.000      0.0000       1.000
 7 Coulomb point-point electrostatic p:       0       0      0   0.000   0.000      0.0000       1.000
 8 H-bonding potential                :       0       0      0   0.000   0.000      0.0000       1.000
 9 Distance restraints 1 (CA-CA)      :     506      24     46   1.141   1.141      469.15       1.000
10 Distance restraints 2 (N-O)        :     471      10     26   0.900   0.900      234.93       1.000
11 Mainchain Phi dihedral restraints  :       0       0      0   0.000   0.000      0.0000       1.000
12 Mainchain Psi dihedral restraints  :       0       0      0   0.000   0.000      0.0000       1.000
13 Mainchain Omega dihedral restraints:      16       1      2   9.455   9.455      16.869       1.000
14 Sidechain Chi_1 dihedral restraints:      14       0      2  73.770  73.770      12.193       1.000
15 Sidechain Chi_2 dihedral restraints:      13       0      0  56.396  56.396      3.3165       1.000
16 Sidechain Chi_3 dihedral restraints:       7       0      0  84.969  84.969      5.3909       1.000
17 Sidechain Chi_4 dihedral restraints:       4       0      0  92.863  92.863      3.0482       1.000
18 Disulfide distance restraints      :       0       0      0   0.000   0.000      0.0000       1.000
19 Disulfide angle restraints         :       0       0      0   0.000   0.000      0.0000       1.000
20 Disulfide dihedral angle restraints:       0       0      0   0.000   0.000      0.0000       1.000
21 Lower bound distance restraints    :       0       0      0   0.000   0.000      0.0000       1.000
22 Upper bound distance restraints    :       0       0      0   0.000   0.000      0.0000       1.000
23 Distance restraints 3 (SDCH-MNCH)  :     266       0      0   0.849   0.849      9.5081       1.000
24 Sidechain Chi_5 dihedral restraints:       0       0      0   0.000   0.000      0.0000       1.000
25 Phi/Psi pair of dihedral restraints:      17       2      5  39.014  63.407      24.301       1.000
26 Distance restraints 4 (SDCH-SDCH)  :     261       0      0   0.910   0.910      21.534       1.000
27 Distance restraints 5 (X-Y)        :       0       0      0   0.000   0.000      0.0000       1.000
28 NMR distance restraints 6 (X-Y)    :       0       0      0   0.000   0.000      0.0000       1.000
29 NMR distance restraints 7 (X-Y)    :       0       0      0   0.000   0.000      0.0000       1.000
30 Minimal distance restraints        :       0       0      0   0.000   0.000      0.0000       1.000
31 Non-bonded restraints              :       0       0      0   0.000   0.000      0.0000       1.000
32 Atomic accessibility restraints    :       0       0      0   0.000   0.000      0.0000       1.000
33 Atomic density restraints          :       0       0      0   0.000   0.000      0.0000       1.000
34 Absolute position restraints       :       0       0      0   0.000   0.000      0.0000       1.000
35 Dihedral angle difference restraint:       0       0      0   0.000   0.000      0.0000       1.000
36 GBSA implicit solvent potential    :       0       0      0   0.000   0.000      0.0000       1.000
37 EM density fitting potential       :       0       0      0   0.000   0.000      0.0000       1.000
38 SAXS restraints                    :       0       0      0   0.000   0.000      0.0000       1.000
39 Symmetry restraints                :       0       0      0   0.000   0.000      0.0000       1.000



openf___224_> Open           2J5F_A_full.V99990001
# Heavy relative violation of each residue is written to: 2J5F_A_full.V99990001
# The profile is NOT normalized by the number of restraints.
# The profiles are smoothed over a window of residues:    1
# The sum of all numbers in the file:    3599.9558



List of the violated restraints:
   A restraint is violated when the relative difference
   from the best value (RVIOL) is larger than CUTOFF.

   ICSR   ... index of a restraint in the current set.
   RESNO  ... residue numbers of the first two atoms.
   ATM    ... IUPAC atom names of the first two atoms.
   FEAT   ... the value of the feature in the model.
   restr  ... the mean of the basis restraint with the smallest
              difference from the model (local minimum).
   viol   ... difference from the local minimum.
   rviol  ... relative difference from the local minimum.
   RESTR  ... the best value (global minimum).
   VIOL   ... difference from the best value.
   RVIOL  ... relative difference from the best value.


-------------------------------------------------------------------------------------------------

Feature  1                           : Bond length potential                   
List of the RVIOL violations larger than   :       4.5000

    #   ICSR  RESNO1/2 ATM1/2   INDATM1/2    FEAT   restr    viol   rviol   RESTR    VIOL   RVIOL
    1   1380 171G 172G C   N    1354 1356    1.54    1.35    0.20    6.98    1.35    0.20    6.98
    2   1381 172G 172G N   CA   1356 1357    1.61    1.43    0.18    5.93    1.43    0.18    5.93
    3   1383 172G 172G C   CA   1358 1357    1.72    1.49    0.23    6.72    1.49    0.23    6.72
    4   1384 172G 173K C   N    1358 1360    1.52    1.35    0.17    6.16    1.35    0.17    6.16

-------------------------------------------------------------------------------------------------

Feature  2                           : Bond angle potential                    
List of the RVIOL violations larger than   :       4.5000

    #   ICSR  RESNO1/2 ATM1/2   INDATM1/2    FEAT   restr    viol   rviol   RESTR    VIOL   RVIOL
    1   4137 171G 172G C   N    1354 1356  166.69  120.00   46.69   10.61  120.00   46.69   10.61
    2   4141 172G 172G CA  C    1357 1358  133.57  116.50   17.07    4.91  116.50   17.07    4.91
    3   4145 173K 173K N   CA   1360 1361  138.88  107.00   31.88    9.17  107.00   31.88    9.17
    4   4156 174V 174V N   CA   1369 1370  126.08  107.00   19.08    5.48  107.00   19.08    5.48
    5   4166 175P 175P N   CA   1376 1377  132.41  108.20   24.21    5.50  108.20   24.21    5.50

-------------------------------------------------------------------------------------------------

Feature  4                           : Stereochemical improper torsion potentia
List of the RVIOL violations larger than   :       4.5000

    #   ICSR  RESNO1/2 ATM1/2   INDATM1/2    FEAT   restr    viol   rviol   RESTR    VIOL   RVIOL
    1   7374 171G 171G C   CA   1354 1353   28.66    0.00   28.66   10.09    0.00   28.66   10.09

-------------------------------------------------------------------------------------------------

Feature  9                           : Distance restraints 1 (CA-CA)           
List of the RVIOL violations larger than   :       4.5000

    #   ICSR  RESNO1/2 ATM1/2   INDATM1/2    FEAT   restr    viol   rviol   RESTR    VIOL   RVIOL
    1   9884  47E 173K CA  CA    369 1361   17.05   13.57    3.48    5.48   13.57    3.48    5.48
    2   9960  53A 173K CA  CA    412 1361   18.54   13.19    5.35    9.78   13.19    5.35    9.78
    3  10016  56E 173K CA  CA    434 1361   17.63   12.01    5.62    9.46   12.01    5.62    9.46
    4  10044  57I 173K CA  CA    443 1361   17.78   13.93    3.85    6.90   13.93    3.85    6.90
    5  12179 134R 173K CA  CA   1060 1361   14.03   11.20    2.83    4.96   11.20    2.83    4.96
    6  12549 155G 173K CA  CA   1230 1361   13.32    9.78    3.54    5.46    9.78    3.54    5.46
    7  12558 156L 173K CA  CA   1234 1361   14.04    9.22    4.82    7.35    9.22    4.82    7.35
    8  12559 156L 174V CA  CA   1234 1370   12.31    9.25    3.06    5.02    9.25    3.06    5.02
    9  12579 157A 173K CA  CA   1242 1361   16.71   12.88    3.83    5.26   12.88    3.83    5.26
   10  12663 173K 184I CA  CA   1361 1451   17.44   13.29    4.15    6.42   13.29    4.15    6.42
   11  12672 174V 182E CA  CA   1370 1436   17.32   13.96    3.36    5.10   13.96    3.36    5.10
   12  12673 174V 183S CA  CA   1370 1445   14.28   10.41    3.87    6.75   10.41    3.87    6.75
   13  12674 174V 184I CA  CA   1370 1451   13.47    9.60    3.87    7.06    9.60    3.87    7.06
   14  12675 174V 185L CA  CA   1370 1459   17.19   12.92    4.27    7.19   12.92    4.27    7.19
   15  12676 174V 186H CA  CA   1370 1467   18.88   13.88    5.00    7.49   13.88    5.00    7.49
   16  12677 174V 187R CA  CA   1370 1477   16.24   10.92    5.32    8.91   10.92    5.32    8.91
   17  12678 174V 188I CA  CA   1370 1488   17.98   13.38    4.59    7.58   13.38    4.59    7.58
   18  12679 174V 189Y CA  CA   1370 1496   16.43   12.57    3.86    7.06   12.57    3.86    7.06

-------------------------------------------------------------------------------------------------

Feature 10                           : Distance restraints 2 (N-O)             
List of the RVIOL violations larger than   :       4.5000

    #   ICSR  RESNO1/2 ATM1/2   INDATM1/2    FEAT   restr    viol   rviol   RESTR    VIOL   RVIOL
    1  17573 156L 173K N   O    1233 1368   11.20    7.52    3.68    5.49    7.52    3.68    5.49
    2  17597 157A 173K N   O    1241 1368   13.38    9.51    3.87    5.44    9.51    3.87    5.44
    3  17712 173K  46R N   O    1360  367   13.67   10.28    3.39    5.15   10.28    3.39    5.15
    4  17713 173K  56E N   O    1360  441   16.70   10.53    6.17    9.69   10.53    6.17    9.69
    5  17714 173K 134R N   O    1360 1069   13.30    9.44    3.86    6.24    9.44    3.86    6.24
    6  17717 173K 155G N   O    1360 1232   15.41    8.80    6.62    9.78    8.80    6.62    9.78
    7  17718 173K 156L N   O    1360 1240   16.80   10.36    6.45    8.82   10.36    6.45    8.82
    8  17722 174V 155G N   O    1369 1232   13.97   10.57    3.40    5.18   10.57    3.40    5.18
    9  17723 174V 156L N   O    1369 1240   14.32   10.56    3.76    5.57   10.56    3.76    5.57
   10  17727 174V 183S N   O    1369 1449   14.85   10.15    4.70    7.75   10.15    4.70    7.75

-------------------------------------------------------------------------------------------------

Feature 25                           : Phi/Psi pair of dihedral restraints     
List of the RVIOL violations larger than   :       6.5000

    #   ICSR  RESNO1/2 ATM1/2   INDATM1/2    FEAT   restr    viol   rviol   RESTR    VIOL   RVIOL
    1   7903 170E 171G C   N    1350 1352  180.00 -167.20   95.00    3.84   82.20  121.42    9.47
    1        171G 171G N   CA   1352 1353   80.46  174.60                    8.50
    2   7907 174V 175P C   N    1374 1376  -79.85  -58.70   55.99    3.33  -64.50  126.79   10.29
    2        175P 175P N   CA   1376 1377   21.35  -30.50                  147.20


report______> Distribution of short non-bonded contacts:

  serious non-bonded atom clash:    97  106   2.222
  serious non-bonded atom clash:   346  656   2.247
  serious non-bonded atom clash:   808  818   2.299
  serious non-bonded atom clash:  1066 1240   2.279
  serious non-bonded atom clash:  1067 1301   1.873
  serious non-bonded atom clash:  1297 1300   2.086
  serious non-bonded atom clash:  1303 1503   2.232
  serious non-bonded atom clash:  1303 1504   1.326
  serious non-bonded atom clash:  1304 1504   1.923

DISTANCE1:  0.00 2.10 2.20 2.30 2.40 2.50 2.60 2.70 2.80 2.90 3.00 3.10 3.20 3.30 3.40
DISTANCE2:  2.10 2.20 2.30 2.40 2.50 2.60 2.70 2.80 2.90 3.00 3.10 3.20 3.30 3.40 3.50
FREQUENCY:     4    0    5    8    5   18   39   69  120  143  155  226  263  334  372


<< end of ENERGY.
openf___224_> Open           2J5F_A_full.B99990001.pdb
wrpdb___568_> Residues, atoms, selected atoms:      277     2224     2224

>> Summary of successfully produced models:
Filename                          molpdf
----------------------------------------
2J5F_A_full.B99990001.pdb     1228.02478


Dynamically allocated memory at          finish [B,KiB,MiB]:      5056469    4937.958     4.822
Starting time                                            : 2018/02/20 13:00:57
Closing time                                             : 2018/02/20 13:01:05
Total CPU time [seconds]                                 :       7.53
