
                         MODELLER 9.19, 2017/07/19, r11078

     PROTEIN STRUCTURE MODELLING BY SATISFACTION OF SPATIAL RESTRAINTS


                     Copyright(c) 1989-2017 Andrej Sali
                            All Rights Reserved

                             Written by A. Sali
                               with help from
              B. Webb, M.S. Madhusudhan, M-Y. Shen, G.Q. Dong,
          M.A. Marti-Renom, N. Eswar, F. Alber, M. Topf, B. Oliva,
             A. Fiser, R. Sanchez, B. Yerkovich, A. Badretdinov,
                     F. Melo, J.P. Overington, E. Feyfant
                 University of California, San Francisco, USA
                    Rockefeller University, New York, USA
                      Harvard University, Cambridge, USA
                   Imperial Cancer Research Fund, London, UK
              Birkbeck College, University of London, London, UK


Kind, OS, HostName, Kernel, Processor: 4, Linux german-xps 4.14.6-041406-generic x86_64
Date and time of compilation         : 2017/07/19 15:03:51
MODELLER executable type             : x86_64-intel8
Job starting time (YY/MM/DD HH:MM:SS): 2018/02/20 13:03:39

openf___224_> Open           $(LIB)/restyp.lib
openf___224_> Open           ${MODINSTALL9v19}/modlib/resgrp.lib
rdresgr_266_> Number of residue groups:        2
openf___224_> Open           ${MODINSTALL9v19}/modlib/sstruc.lib

Dynamically allocated memory at   amaxlibraries [B,KiB,MiB]:       191566     187.076     0.183

Dynamically allocated memory at   amaxlibraries [B,KiB,MiB]:       192094     187.592     0.183
openf___224_> Open           ${MODINSTALL9v19}/modlib/resdih.lib

Dynamically allocated memory at   amaxlibraries [B,KiB,MiB]:       240694     235.053     0.230
rdrdih__263_> Number of dihedral angle types         :        9
              Maximal number of dihedral angle optima:        3
              Dihedral angle names                   :  Alph Phi Psi Omeg chi1 chi2 chi3 chi4 chi5
openf___224_> Open           ${MODINSTALL9v19}/modlib/radii.lib

Dynamically allocated memory at   amaxlibraries [B,KiB,MiB]:       253994     248.041     0.242
openf___224_> Open           ${MODINSTALL9v19}/modlib/radii14.lib
openf___224_> Open           ${MODINSTALL9v19}/modlib/af_mnchdef.lib
rdwilmo_274_> Mainchain residue conformation classes:  APBLE
openf___224_> Open           ${MODINSTALL9v19}/modlib/mnch.lib
rdclass_257_> Number of classes:        5
openf___224_> Open           ${MODINSTALL9v19}/modlib/mnch1.lib
openf___224_> Open           ${MODINSTALL9v19}/modlib/mnch2.lib
openf___224_> Open           ${MODINSTALL9v19}/modlib/mnch3.lib
openf___224_> Open           ${MODINSTALL9v19}/modlib/xs4.mat
rdrrwgh_268_> Number of residue types:       21
openf___224_> Open           /home/german/labo/18/egfr/model/5CNN_A/to_model_5CNN_A

Dynamically allocated memory at   amaxalignment [B,KiB,MiB]:       265487     259.265     0.253

Dynamically allocated memory at   amaxalignment [B,KiB,MiB]:       266937     260.681     0.255

Dynamically allocated memory at   amaxalignment [B,KiB,MiB]:       269837     263.513     0.257

Dynamically allocated memory at   amaxalignment [B,KiB,MiB]:       275637     269.177     0.263

Dynamically allocated memory at   amaxalignment [B,KiB,MiB]:       392693     383.489     0.375

Dynamically allocated memory at    amaxsequence [B,KiB,MiB]:       393889     384.657     0.376

Dynamically allocated memory at    amaxsequence [B,KiB,MiB]:       394993     385.735     0.377

Read the alignment from file       : /home/german/labo/18/egfr/model/5CNN_A/to_model_5CNN_A
Total number of alignment positions:   316

  #  Code        #_Res #_Segm PDB_code    Name
-------------------------------------------------------------------------------
  1     5CNN_A     300      1      5CNN_A
  2  5CNN_A_fu     277      1
check_a_343_> >> BEGINNING OF COMMAND
openf___224_> Open           ./5CNN_A.pdb

Dynamically allocated memory at amaxcoordinates [B,KiB,MiB]:       486718     475.311     0.464

Dynamically allocated memory at    amaxsequence [B,KiB,MiB]:       486718     475.311     0.464

Dynamically allocated memory at amaxcoordinates [B,KiB,MiB]:       486889     475.478     0.464

Dynamically allocated memory at amaxcoordinates [B,KiB,MiB]:       487739     476.308     0.465

Dynamically allocated memory at amaxcoordinates [B,KiB,MiB]:       488997     477.536     0.466

Dynamically allocated memory at amaxcoordinates [B,KiB,MiB]:       490901     479.396     0.468

Dynamically allocated memory at amaxcoordinates [B,KiB,MiB]:       493757     482.185     0.471

Dynamically allocated memory at    amaxsequence [B,KiB,MiB]:       493757     482.185     0.471

Dynamically allocated memory at amaxcoordinates [B,KiB,MiB]:       493847     482.272     0.471

Dynamically allocated memory at    amaxsequence [B,KiB,MiB]:       493847     482.272     0.471

Dynamically allocated memory at amaxcoordinates [B,KiB,MiB]:       493982     482.404     0.471

Dynamically allocated memory at amaxcoordinates [B,KiB,MiB]:       498266     486.588     0.475

Dynamically allocated memory at    amaxsequence [B,KiB,MiB]:       498266     486.588     0.475

Dynamically allocated memory at amaxcoordinates [B,KiB,MiB]:       498464     486.781     0.475

Dynamically allocated memory at amaxcoordinates [B,KiB,MiB]:       504890     493.057     0.482

Dynamically allocated memory at    amaxsequence [B,KiB,MiB]:       504890     493.057     0.482

Dynamically allocated memory at amaxcoordinates [B,KiB,MiB]:       505187     493.347     0.482

Dynamically allocated memory at amaxcoordinates [B,KiB,MiB]:       514809     502.743     0.491

Dynamically allocated memory at    amaxsequence [B,KiB,MiB]:       514809     502.743     0.491

Dynamically allocated memory at amaxcoordinates [B,KiB,MiB]:       515259     503.183     0.491

Dynamically allocated memory at amaxcoordinates [B,KiB,MiB]:       529709     517.294     0.505

Dynamically allocated memory at    amaxsequence [B,KiB,MiB]:       529709     517.294     0.505

Dynamically allocated memory at amaxcoordinates [B,KiB,MiB]:       530384     517.953     0.506

Dynamically allocated memory at amaxcoordinates [B,KiB,MiB]:       552042     539.104     0.526

Dynamically allocated memory at    amaxsequence [B,KiB,MiB]:       552042     539.104     0.526

Dynamically allocated memory at amaxcoordinates [B,KiB,MiB]:       553050     540.088     0.527

Dynamically allocated memory at amaxcoordinates [B,KiB,MiB]:       585554     571.830     0.558

Dynamically allocated memory at   amaxstructure [B,KiB,MiB]:       585221     571.505     0.558

check_ali___> Checking the sequence-structure alignment. 

Implied intrachain target CA(i)-CA(i+1) distances longer than  8.0 angstroms:

ALN_POS  TMPL  RID1  RID2  NAM1  NAM2     DIST
----------------------------------------------
END OF TABLE
check_a_344_> << END OF COMMAND
openf___224_> Open           ${LIB}/top_heav.lib
read_to_681_> topology.submodel read from topology file:        3
openf___224_> Open           ${LIB}/par.lib

Dynamically allocated memory at  amaxparameters [B,KiB,MiB]:       724473     707.493     0.691

Dynamically allocated memory at  amaxparameters [B,KiB,MiB]:       726073     709.056     0.692

Dynamically allocated memory at  amaxparameters [B,KiB,MiB]:       730053     712.942     0.696

Dynamically allocated memory at  amaxparameters [B,KiB,MiB]:       732053     714.896     0.698

Dynamically allocated memory at  amaxparameters [B,KiB,MiB]:       735053     717.825     0.701

Dynamically allocated memory at  amaxparameters [B,KiB,MiB]:       739553     722.220     0.705

Dynamically allocated memory at  amaxparameters [B,KiB,MiB]:       745125     727.661     0.711

Dynamically allocated memory at  amaxparameters [B,KiB,MiB]:       747925     730.396     0.713

Dynamically allocated memory at  amaxparameters [B,KiB,MiB]:       752125     734.497     0.717

Dynamically allocated memory at  amaxparameters [B,KiB,MiB]:       758425     740.649     0.723

Dynamically allocated memory at  amaxparameters [B,KiB,MiB]:       761197     743.356     0.726

Dynamically allocated memory at  amaxparameters [B,KiB,MiB]:       762597     744.724     0.727
read_pa_232_> parameters    BONDS   ANGLS  DIHEDS IMPROPS    MODE
                              227     561     661     112       0

Dynamically allocated memory at       amaxmodel [B,KiB,MiB]:       805929     787.040     0.769

Dynamically allocated memory at       amaxmodel [B,KiB,MiB]:      1025743    1001.702     0.978

Dynamically allocated memory at       amaxmodel [B,KiB,MiB]:      1058751    1033.937     1.010

mkilst______> segment topology constructed from sequence and RTF:
              segments residues atoms bonds angles dihedrals impropers:
                     1      277  2224  2274      0         0       926

Dynamically allocated memory at       amaxmodel [B,KiB,MiB]:      1154071    1127.022     1.101

patch_______> segment topology patched using RTF:     1  ;  LEU  ;  NTER
              segments residues atoms bonds angles dihedrals impropers:
                     1      277  2224  2274   3075      3653       926


Dynamically allocated memory at       amaxmodel [B,KiB,MiB]:      1246167    1216.960     1.188
patch_______> segment topology patched using RTF:   277  ;  LEU  ;  CTER
              segments residues atoms bonds angles dihedrals impropers:
                     1      277  2225  2275   3077      3655       927

genseg______> segment topology constructed from sequence and RTF:
              segments residues atoms bonds angles dihedrals impropers:
                     1      277  2225  2275   3077      3655       927
transfe_506_> MODEL is an average of all templates.
transfe_511_> Number of templates for coordinate transfer:        1
              After transferring coordinates of the equivalent template atoms,
              there are defined, undefined atoms in MODEL:     2107      118
openf___224_> Open           5CNN_A_full.ini
wrpdb___568_> Residues, atoms, selected atoms:      277     2225     2225
make_re_417_> Restraint type to be calculated:  stereo

Dynamically allocated memory at  amaxrestraints [B,KiB,MiB]:      1353216    1321.500     1.291

Dynamically allocated memory at  amaxrestraints [B,KiB,MiB]:      1361408    1329.500     1.298

Dynamically allocated memory at  amaxrestraints [B,KiB,MiB]:      1377792    1345.500     1.314

Dynamically allocated memory at  amaxrestraints [B,KiB,MiB]:      1410560    1377.500     1.345

Dynamically allocated memory at  amaxrestraints [B,KiB,MiB]:      1443328    1409.500     1.376

Dynamically allocated memory at  amaxrestraints [B,KiB,MiB]:      1508864    1473.500     1.439

Dynamically allocated memory at  amaxrestraints [B,KiB,MiB]:      1541632    1505.500     1.470

Dynamically allocated memory at  amaxrestraints [B,KiB,MiB]:      1574400    1537.500     1.501

Dynamically allocated memory at  amaxrestraints [B,KiB,MiB]:      1639936    1601.500     1.564

Dynamically allocated memory at  amaxrestraints [B,KiB,MiB]:      1771008    1729.500     1.689

Dynamically allocated memory at  amaxrestraints [B,KiB,MiB]:      1836544    1793.500     1.751

Dynamically allocated memory at  amaxrestraints [B,KiB,MiB]:      1902080    1857.500     1.814

Dynamically allocated memory at  amaxrestraints [B,KiB,MiB]:      2033152    1985.500     1.939

Dynamically allocated memory at  amaxrestraints [B,KiB,MiB]:      2295296    2241.500     2.189
r_stere_606_> Stereochemical restraints were constructed from RTF & PRMF.
              Added bond,angle,dihedral,improper restraints  :     2275    3077    3496     913
              Total number of restraints before, now         :        0     9761
make_re_422_> Number of previous, current restraints         :        0     9761
make_re_423_> Number of previous, current selected restraints:        0     9761
make_re_417_> Restraint type to be calculated:  phi-psi_binormal

Dynamically allocated memory at   amaxstructure [B,KiB,MiB]:      2455974    2398.412     2.342
openf___224_> Open           ${MODINSTALL9v19}/modlib/mnch1.bin
openf___224_> Open           ${MODINSTALL9v19}/modlib/mnch1.mdt
getdata_643_> Protein accepted:  5CNN_A
getdata_289_> Proteins (all/accepted):        1        1

Dynamically allocated memory at  amaxrestraints [B,KiB,MiB]:      2587062    2526.428     2.467
make_re_422_> Number of previous, current restraints         :     9761    10036
make_re_423_> Number of previous, current selected restraints:     9761    10036
make_re_417_> Restraint type to be calculated:  omega_dihedral

Dynamically allocated memory at   amaxstructure [B,KiB,MiB]:      2587062    2526.428     2.467
openf___224_> Open           ${MODINSTALL9v19}/modlib/omega.bin
openf___224_> Open           ${MODINSTALL9v19}/modlib/omega.mdt
getdata_643_> Protein accepted:  5CNN_A
getdata_289_> Proteins (all/accepted):        1        1
omgdel__425_> Unselected all O C +N +CA dihedrals:      290
              (This is to avoid clashes between STEREO
              and OMEGA_DIHEDRAL restraints)
make_re_422_> Number of previous, current restraints         :    10036    10312
make_re_423_> Number of previous, current selected restraints:    10036    10022
make_re_417_> Restraint type to be calculated:  chi1_dihedral

Dynamically allocated memory at   amaxstructure [B,KiB,MiB]:      2587062    2526.428     2.467
openf___224_> Open           ${MODINSTALL9v19}/modlib/chi1234.bin
openf___224_> Open           ${MODINSTALL9v19}/modlib/chi1.mdt
getdata_643_> Protein accepted:  5CNN_A
getdata_289_> Proteins (all/accepted):        1        1

Dynamically allocated memory at  amaxrestraints [B,KiB,MiB]:      2718134    2654.428     2.592
make_re_422_> Number of previous, current restraints         :    10312    10556
make_re_423_> Number of previous, current selected restraints:    10022    10266
make_re_417_> Restraint type to be calculated:  chi2_dihedral

Dynamically allocated memory at   amaxstructure [B,KiB,MiB]:      2718134    2654.428     2.592
openf___224_> Open           ${MODINSTALL9v19}/modlib/chi1234.bin
openf___224_> Open           ${MODINSTALL9v19}/modlib/chi2.mdt
getdata_643_> Protein accepted:  5CNN_A
getdata_289_> Proteins (all/accepted):        1        1
make_re_422_> Number of previous, current restraints         :    10556    10748
make_re_423_> Number of previous, current selected restraints:    10266    10458
make_re_417_> Restraint type to be calculated:  chi3_dihedral

Dynamically allocated memory at   amaxstructure [B,KiB,MiB]:      2718134    2654.428     2.592
openf___224_> Open           ${MODINSTALL9v19}/modlib/chi1234.bin
openf___224_> Open           ${MODINSTALL9v19}/modlib/chi3.mdt
getdata_643_> Protein accepted:  5CNN_A
getdata_289_> Proteins (all/accepted):        1        1
make_re_422_> Number of previous, current restraints         :    10748    10838
make_re_423_> Number of previous, current selected restraints:    10458    10548
make_re_417_> Restraint type to be calculated:  chi4_dihedral

Dynamically allocated memory at   amaxstructure [B,KiB,MiB]:      2718134    2654.428     2.592
openf___224_> Open           ${MODINSTALL9v19}/modlib/chi1234.bin
openf___224_> Open           ${MODINSTALL9v19}/modlib/chi4.mdt
mdtrsr__446W> A potential that relies on one protein is used, yet you have at
              least one known structure available. MDT, not library, potential is used.
getdata_643_> Protein accepted:  5CNN_A
getdata_289_> Proteins (all/accepted):        1        1
make_re_422_> Number of previous, current restraints         :    10838    10875
make_re_423_> Number of previous, current selected restraints:    10548    10585
make_re_417_> Restraint type to be calculated:  DISTANCE

Dynamically allocated memory at amaxhash_contac [B,KiB,MiB]:      3358898    3280.174     3.203
make_re_422_> Number of previous, current restraints         :    10875    16156
make_re_423_> Number of previous, current selected restraints:    10585    15866
make_re_417_> Restraint type to be calculated:  DISTANCE

Dynamically allocated memory at  amaxrestraints [B,KiB,MiB]:      3621042    3536.174     3.453

Dynamically allocated memory at  amaxrestraints [B,KiB,MiB]:      3883186    3792.174     3.703

Dynamically allocated memory at  amaxrestraints [B,KiB,MiB]:      4407474    4304.174     4.203
make_re_422_> Number of previous, current restraints         :    16156    21386
make_re_423_> Number of previous, current selected restraints:    15866    21096
make_re_417_> Restraint type to be calculated:  DISTANCE

Dynamically allocated memory at  amaxrestraints [B,KiB,MiB]:      4669618    4560.174     4.453
make_re_422_> Number of previous, current restraints         :    21386    25669
make_re_423_> Number of previous, current selected restraints:    21096    25379
make_re_417_> Restraint type to be calculated:  DISTANCE
make_re_422_> Number of previous, current restraints         :    25669    28430
make_re_423_> Number of previous, current selected restraints:    25379    28140
0 atoms in HETATM/BLK residues constrained
to protein atoms within 2.30 angstroms
and protein CA atoms within 10.00 angstroms
make_re_417_> Restraint type to be calculated:  DISTANCE
make_re_422_> Number of previous, current restraints         :    28430    28430
make_re_423_> Number of previous, current selected restraints:    28140    28140
make_re_417_> Restraint type to be calculated:  DISTANCE
make_re_422_> Number of previous, current restraints         :    28430    28430
make_re_423_> Number of previous, current selected restraints:    28140    28140
make_re_417_> Restraint type to be calculated:  DISTANCE
make_re_422_> Number of previous, current restraints         :    28430    28430
make_re_423_> Number of previous, current selected restraints:    28140    28140
make_re_417_> Restraint type to be calculated:  DISTANCE
make_re_422_> Number of previous, current restraints         :    28430    28430
make_re_423_> Number of previous, current selected restraints:    28140    28140
0 atoms in residues without defined topology
constrained to be rigid bodies
make_re_417_> Restraint type to be calculated:  DISTANCE
make_re_422_> Number of previous, current restraints         :    28430    28430
make_re_423_> Number of previous, current selected restraints:    28140    28140
rmdupl__427_>     1737 redundant cosine dihedral restraints were unselected.
condens_443_> Restraints marked for deletion were removed.
              Total number of restraints before, now:    28430    26403
openf___224_> Open           5CNN_A_full.rsr
openf___224_> Open           5CNN_A_full.rsr

Dynamically allocated memory at  amaxrestraints [B,KiB,MiB]:      4710895    4600.483     4.493
rdcsr2__307_> Number of restraints read    :    26403
              Number of excluded pairs read:        0
              Number of pseudo atoms read  :        0
rdcsrs__304_> Restraints in memory, selected restraints:    26403    26403
              Explicitly excluded atom pairs in memory :        0
              Pseudo atoms in memory                   :        0
160 (of 2225 total) atoms selected for optimization
openf___224_> Open           5CNN_A_full.ini

Dynamically allocated memory at       amaxmodel [B,KiB,MiB]:      4710919    4600.507     4.493
read_mo_297_> Segments, residues, atoms:        1      277     2225
read_mo_298_> Segment:        1     1   277     2225
randomi_498_> Atoms,selected atoms,random_seed,amplitude:     2225      160        1        4.0000
randomi_496_> Amplitude is > 0; randomization is done.
pick_re_612_> Number of MODEL atoms, selected restraints;      160      905
pick_re_612_> Number of MODEL atoms, selected restraints;      160      992
pick_re_612_> Number of MODEL atoms, selected restraints;      160     1051
conmin__610W> Precision problem; starting from scratch.
pick_re_612_> Number of MODEL atoms, selected restraints;      160     1101
pick_re_612_> Number of MODEL atoms, selected restraints;      160     1142
pick_re_612_> Number of MODEL atoms, selected restraints;      160     1224
pick_re_612_> Number of MODEL atoms, selected restraints;      160     1346
pick_re_612_> Number of MODEL atoms, selected restraints;      160     1561

Dynamically allocated memory at  amaxrestraints [B,KiB,MiB]:      5056899    4938.378     4.823
pick_re_612_> Number of MODEL atoms, selected restraints;      160     1606
pick_re_612_> Number of MODEL atoms, selected restraints;      160     1639
pick_re_612_> Number of MODEL atoms, selected restraints;      160     1639
iupac_m_486_> OE1/2 will be swapped:     -138.8336       44    44
iupac_m_486_> OE1/2 will be swapped:      173.8272      127   127
iupac_m_486_> OE1/2 will be swapped:     -180.0000      163   163
iupac_m_486_> OE1/2 will be swapped:       93.1447      204   204


>> ENERGY; Differences between the model's features and restraints:
Number of all residues in MODEL                   :      277
Number of all, selected real atoms                :     2225     160
Number of all, selected pseudo atoms              :        0       0
Number of all static, selected restraints         :    26403    1639
COVALENT_CYS                                      :        F
NONBONDED_SEL_ATOMS                               :        1
Number of non-bonded pairs (excluding 1-2,1-3,1-4):      287
Dynamic pairs routine                             : 5, NATM_SEL x NATM double loop
Atomic shift for contacts update (UPDATE_DYNAMIC) :    0.390
LENNARD_JONES_SWITCH                              :    6.500   7.500
COULOMB_JONES_SWITCH                              :    6.500   7.500
RESIDUE_SPAN_RANGE                                :        0   99999
NLOGN_USE                                         :       15
CONTACT_SHELL                                     :    4.000
DYNAMIC_PAIRS,_SPHERE,_COULOMB,_LENNARD,_MODELLER :        T       T       F       F       F
SPHERE_STDV                                       :    0.050
RADII_FACTOR                                      :    0.820
Current energy                                    :         125.2031





Summary of the restraint violations: 

   NUM     ... number of restraints.
   NUMVI   ... number of restraints with RVIOL > VIOL_REPORT_CUT[i].
   RVIOL   ... relative difference from the best value.
   NUMVP   ... number of restraints with -Ln(pdf) > VIOL_REPORT_CUT2[i].
   RMS_1   ... RMS(feature, minimally_violated_basis_restraint, NUMB).
   RMS_2   ... RMS(feature, best_value, NUMB).
   MOL.PDF ... scaled contribution to -Ln(Molecular pdf).

 #                     RESTRAINT_GROUP      NUM   NUMVI  NUMVP   RMS_1   RMS_2         MOL.PDF     S_i
------------------------------------------------------------------------------------------------------
 1 Bond length potential              :     165       0      0   0.004   0.004     0.71563       1.000
 2 Bond angle potential               :     224       0      0   1.727   1.727      12.271       1.000
 3 Stereochemical cosine torsion poten:      95       0      1  48.389  48.389      38.065       1.000
 4 Stereochemical improper torsion pot:      66       0      0   0.961   0.961      1.5209       1.000
 5 Soft-sphere overlap restraints     :     287       0      0   0.002   0.002     0.16970       1.000
 6 Lennard-Jones 6-12 potential       :       0       0      0   0.000   0.000      0.0000       1.000
 7 Coulomb point-point electrostatic p:       0       0      0   0.000   0.000      0.0000       1.000
 8 H-bonding potential                :       0       0      0   0.000   0.000      0.0000       1.000
 9 Distance restraints 1 (CA-CA)      :     321       0      0   0.122   0.122      2.4978       1.000
10 Distance restraints 2 (N-O)        :     297       0      1   0.176   0.176      7.5902       1.000
11 Mainchain Phi dihedral restraints  :       0       0      0   0.000   0.000      0.0000       1.000
12 Mainchain Psi dihedral restraints  :       0       0      0   0.000   0.000      0.0000       1.000
13 Mainchain Omega dihedral restraints:      22       0      0   3.644   3.644      3.4444       1.000
14 Sidechain Chi_1 dihedral restraints:      16       0      0  58.678  58.678      3.0007       1.000
15 Sidechain Chi_2 dihedral restraints:      15       0      0  87.285  87.285      6.8888       1.000
16 Sidechain Chi_3 dihedral restraints:       9       0      0  96.629  96.629      7.3681       1.000
17 Sidechain Chi_4 dihedral restraints:       4       0      0  78.669  78.669      3.7132       1.000
18 Disulfide distance restraints      :       0       0      0   0.000   0.000      0.0000       1.000
19 Disulfide angle restraints         :       0       0      0   0.000   0.000      0.0000       1.000
20 Disulfide dihedral angle restraints:       0       0      0   0.000   0.000      0.0000       1.000
21 Lower bound distance restraints    :       0       0      0   0.000   0.000      0.0000       1.000
22 Upper bound distance restraints    :       0       0      0   0.000   0.000      0.0000       1.000
23 Distance restraints 3 (SDCH-MNCH)  :     213       0      0   0.496   0.496      2.9104       1.000
24 Sidechain Chi_5 dihedral restraints:       0       0      0   0.000   0.000      0.0000       1.000
25 Phi/Psi pair of dihedral restraints:      24       9      5  31.400 114.011      24.817       1.000
26 Distance restraints 4 (SDCH-SDCH)  :     168       0      0   0.725   0.725      10.230       1.000
27 Distance restraints 5 (X-Y)        :       0       0      0   0.000   0.000      0.0000       1.000
28 NMR distance restraints 6 (X-Y)    :       0       0      0   0.000   0.000      0.0000       1.000
29 NMR distance restraints 7 (X-Y)    :       0       0      0   0.000   0.000      0.0000       1.000
30 Minimal distance restraints        :       0       0      0   0.000   0.000      0.0000       1.000
31 Non-bonded restraints              :       0       0      0   0.000   0.000      0.0000       1.000
32 Atomic accessibility restraints    :       0       0      0   0.000   0.000      0.0000       1.000
33 Atomic density restraints          :       0       0      0   0.000   0.000      0.0000       1.000
34 Absolute position restraints       :       0       0      0   0.000   0.000      0.0000       1.000
35 Dihedral angle difference restraint:       0       0      0   0.000   0.000      0.0000       1.000
36 GBSA implicit solvent potential    :       0       0      0   0.000   0.000      0.0000       1.000
37 EM density fitting potential       :       0       0      0   0.000   0.000      0.0000       1.000
38 SAXS restraints                    :       0       0      0   0.000   0.000      0.0000       1.000
39 Symmetry restraints                :       0       0      0   0.000   0.000      0.0000       1.000



openf___224_> Open           5CNN_A_full.V99990001
# Heavy relative violation of each residue is written to: 5CNN_A_full.V99990001
# The profile is NOT normalized by the number of restraints.
# The profiles are smoothed over a window of residues:    1
# The sum of all numbers in the file:    3252.7812



List of the violated restraints:
   A restraint is violated when the relative difference
   from the best value (RVIOL) is larger than CUTOFF.

   ICSR   ... index of a restraint in the current set.
   RESNO  ... residue numbers of the first two atoms.
   ATM    ... IUPAC atom names of the first two atoms.
   FEAT   ... the value of the feature in the model.
   restr  ... the mean of the basis restraint with the smallest
              difference from the model (local minimum).
   viol   ... difference from the local minimum.
   rviol  ... relative difference from the local minimum.
   RESTR  ... the best value (global minimum).
   VIOL   ... difference from the best value.
   RVIOL  ... relative difference from the best value.


-------------------------------------------------------------------------------------------------

Feature 25                           : Phi/Psi pair of dihedral restraints     
List of the RVIOL violations larger than   :       6.5000

    #   ICSR  RESNO1/2 ATM1/2   INDATM1/2    FEAT   restr    viol   rviol   RESTR    VIOL   RVIOL
    1   7896 162A 163E C   N    1279 1281 -179.98 -117.80   73.84    2.17  -63.60 -175.57   30.76
    1        163E 163E N   CA   1281 1282  176.63  136.80                  -40.30
    2   7897 163E 164E C   N    1288 1290 -126.62 -117.80   17.49    0.96  -63.60  173.83   20.46
    2        164E 164E N   CA   1290 1291  121.70  136.80                  -40.30
    3   7898 164E 165K C   N    1297 1299 -116.66 -118.00   57.13    2.79  -62.90  134.22   20.65
    3        165K 165K N   CA   1299 1300 -163.78  139.10                  -40.80
    4   7900 166E 167Y C   N    1315 1317 -111.99  -98.40   15.55    0.91  -63.50  171.25   24.89
    4        167Y 167Y N   CA   1317 1318  120.84  128.40                  -43.40
    5   7902 168H 169A C   N    1337 1339  -59.09  -68.20   15.72    1.00  -62.50  173.42   28.59
    5        169A 169A N   CA   1339 1340  132.49  145.30                  -40.90
    6   7903 169A 170E C   N    1342 1344 -155.96 -117.80   38.29    1.48  -63.60 -163.00   22.80
    6        170E 170E N   CA   1344 1345  133.70  136.80                  -40.30
    7   7904 170E 171G C   N    1351 1353 -150.88 -167.20   29.84    0.83   82.20 -170.20   14.40
    7        171G 171G N   CA   1353 1354  149.62  174.60                    8.50
    8   7905 171G 172G C   N    1355 1357 -112.61  -80.20   39.13    2.87   82.20 -141.08   16.97
    8        172G 172G N   CA   1357 1358  152.16  174.10                    8.50
    9   7906 172G 173K C   N    1359 1361  -77.11  -70.20   10.16    0.61   56.60  172.67   12.26
    9        173K 173K N   CA   1361 1362  147.85  140.40                   38.60


report______> Distribution of short non-bonded contacts:

  serious non-bonded atom clash:   370 1274   2.269
  serious non-bonded atom clash:   370 1275   1.677
  serious non-bonded atom clash:   371 1275   1.529
  serious non-bonded atom clash:   372 1275   1.788
  serious non-bonded atom clash:   373 1269   1.715
  serious non-bonded atom clash:   374 1269   1.256
  serious non-bonded atom clash:   376 1274   1.475
  serious non-bonded atom clash:   376 1275   1.449
  serious non-bonded atom clash:   376 1276   1.471
  serious non-bonded atom clash:   376 1277   1.593
  serious non-bonded atom clash:   376 1278   2.268
  serious non-bonded atom clash:   377 1275   2.218
  serious non-bonded atom clash:   377 1276   2.034
  serious non-bonded atom clash:   377 1277   1.167
  serious non-bonded atom clash:   377 1278   1.270
  serious non-bonded atom clash:   378 1273   1.988
  serious non-bonded atom clash:   378 1274   0.942
  serious non-bonded atom clash:   378 1275   1.941
  serious non-bonded atom clash:   378 1276   0.650
  serious non-bonded atom clash:   378 1277   1.918
  serious non-bonded atom clash:   379 1274   2.072
  serious non-bonded atom clash:   379 1276   0.997
  serious non-bonded atom clash:   379 1277   1.965
  serious non-bonded atom clash:   380 1276   1.969
  serious non-bonded atom clash:   380 1277   1.938
  serious non-bonded atom clash:   380 1279   1.390
  serious non-bonded atom clash:   380 1280   0.910
  serious non-bonded atom clash:   381 1276   1.974
  serious non-bonded atom clash:   393  398   1.947

DISTANCE1:  0.00 2.10 2.20 2.30 2.40 2.50 2.60 2.70 2.80 2.90 3.00 3.10 3.20 3.30 3.40
DISTANCE2:  2.10 2.20 2.30 2.40 2.50 2.60 2.70 2.80 2.90 3.00 3.10 3.20 3.30 3.40 3.50
FREQUENCY:    26    0    3    6    6    3   18   34   88  146  131  186  251  308  378


<< end of ENERGY.
openf___224_> Open           5CNN_A_full.B99990001.pdb
wrpdb___568_> Residues, atoms, selected atoms:      277     2225     2225

>> Summary of successfully produced models:
Filename                          molpdf
----------------------------------------
5CNN_A_full.B99990001.pdb      125.20313


Dynamically allocated memory at          finish [B,KiB,MiB]:      5056899    4938.378     4.823
Starting time                                            : 2018/02/20 13:03:39
Closing time                                             : 2018/02/20 13:03:44
Total CPU time [seconds]                                 :       4.50
