
                         MODELLER 9.19, 2017/07/19, r11078

     PROTEIN STRUCTURE MODELLING BY SATISFACTION OF SPATIAL RESTRAINTS


                     Copyright(c) 1989-2017 Andrej Sali
                            All Rights Reserved

                             Written by A. Sali
                               with help from
              B. Webb, M.S. Madhusudhan, M-Y. Shen, G.Q. Dong,
          M.A. Marti-Renom, N. Eswar, F. Alber, M. Topf, B. Oliva,
             A. Fiser, R. Sanchez, B. Yerkovich, A. Badretdinov,
                     F. Melo, J.P. Overington, E. Feyfant
                 University of California, San Francisco, USA
                    Rockefeller University, New York, USA
                      Harvard University, Cambridge, USA
                   Imperial Cancer Research Fund, London, UK
              Birkbeck College, University of London, London, UK


Kind, OS, HostName, Kernel, Processor: 4, Linux german-xps 4.14.6-041406-generic x86_64
Date and time of compilation         : 2017/07/19 15:03:51
MODELLER executable type             : x86_64-intel8
Job starting time (YY/MM/DD HH:MM:SS): 2018/02/20 13:04:25

openf___224_> Open           $(LIB)/restyp.lib
openf___224_> Open           ${MODINSTALL9v19}/modlib/resgrp.lib
rdresgr_266_> Number of residue groups:        2
openf___224_> Open           ${MODINSTALL9v19}/modlib/sstruc.lib

Dynamically allocated memory at   amaxlibraries [B,KiB,MiB]:       191566     187.076     0.183

Dynamically allocated memory at   amaxlibraries [B,KiB,MiB]:       192094     187.592     0.183
openf___224_> Open           ${MODINSTALL9v19}/modlib/resdih.lib

Dynamically allocated memory at   amaxlibraries [B,KiB,MiB]:       240694     235.053     0.230
rdrdih__263_> Number of dihedral angle types         :        9
              Maximal number of dihedral angle optima:        3
              Dihedral angle names                   :  Alph Phi Psi Omeg chi1 chi2 chi3 chi4 chi5
openf___224_> Open           ${MODINSTALL9v19}/modlib/radii.lib

Dynamically allocated memory at   amaxlibraries [B,KiB,MiB]:       253994     248.041     0.242
openf___224_> Open           ${MODINSTALL9v19}/modlib/radii14.lib
openf___224_> Open           ${MODINSTALL9v19}/modlib/af_mnchdef.lib
rdwilmo_274_> Mainchain residue conformation classes:  APBLE
openf___224_> Open           ${MODINSTALL9v19}/modlib/mnch.lib
rdclass_257_> Number of classes:        5
openf___224_> Open           ${MODINSTALL9v19}/modlib/mnch1.lib
openf___224_> Open           ${MODINSTALL9v19}/modlib/mnch2.lib
openf___224_> Open           ${MODINSTALL9v19}/modlib/mnch3.lib
openf___224_> Open           ${MODINSTALL9v19}/modlib/xs4.mat
rdrrwgh_268_> Number of residue types:       21
openf___224_> Open           /home/german/labo/18/egfr/model/5HG7_A/to_model_5HG7_A

Dynamically allocated memory at   amaxalignment [B,KiB,MiB]:       265487     259.265     0.253

Dynamically allocated memory at   amaxalignment [B,KiB,MiB]:       266937     260.681     0.255

Dynamically allocated memory at   amaxalignment [B,KiB,MiB]:       269837     263.513     0.257

Dynamically allocated memory at   amaxalignment [B,KiB,MiB]:       275637     269.177     0.263

Dynamically allocated memory at   amaxalignment [B,KiB,MiB]:       392693     383.489     0.375

Dynamically allocated memory at    amaxsequence [B,KiB,MiB]:       393809     384.579     0.376

Dynamically allocated memory at    amaxsequence [B,KiB,MiB]:       394913     385.657     0.377

Read the alignment from file       : /home/german/labo/18/egfr/model/5HG7_A/to_model_5HG7_A
Total number of alignment positions:   283

  #  Code        #_Res #_Segm PDB_code    Name
-------------------------------------------------------------------------------
  1     5HG7_A     280      1      5HG7_A
  2  5HG7_A_fu     277      1
check_a_343_> >> BEGINNING OF COMMAND
openf___224_> Open           ./5HG7_A.pdb

Dynamically allocated memory at amaxcoordinates [B,KiB,MiB]:       480638     469.373     0.458

Dynamically allocated memory at    amaxsequence [B,KiB,MiB]:       480638     469.373     0.458

Dynamically allocated memory at amaxcoordinates [B,KiB,MiB]:       480809     469.540     0.459

Dynamically allocated memory at amaxcoordinates [B,KiB,MiB]:       481659     470.370     0.459

Dynamically allocated memory at amaxcoordinates [B,KiB,MiB]:       482917     471.599     0.461

Dynamically allocated memory at amaxcoordinates [B,KiB,MiB]:       484821     473.458     0.462

Dynamically allocated memory at    amaxsequence [B,KiB,MiB]:       484821     473.458     0.462

Dynamically allocated memory at amaxcoordinates [B,KiB,MiB]:       484911     473.546     0.462

Dynamically allocated memory at amaxcoordinates [B,KiB,MiB]:       487767     476.335     0.465

Dynamically allocated memory at    amaxsequence [B,KiB,MiB]:       487767     476.335     0.465

Dynamically allocated memory at amaxcoordinates [B,KiB,MiB]:       487902     476.467     0.465

Dynamically allocated memory at amaxcoordinates [B,KiB,MiB]:       492186     480.650     0.469

Dynamically allocated memory at    amaxsequence [B,KiB,MiB]:       492186     480.650     0.469

Dynamically allocated memory at amaxcoordinates [B,KiB,MiB]:       492384     480.844     0.470

Dynamically allocated memory at amaxcoordinates [B,KiB,MiB]:       498810     487.119     0.476

Dynamically allocated memory at    amaxsequence [B,KiB,MiB]:       498810     487.119     0.476

Dynamically allocated memory at amaxcoordinates [B,KiB,MiB]:       499107     487.409     0.476

Dynamically allocated memory at amaxcoordinates [B,KiB,MiB]:       508729     496.806     0.485

Dynamically allocated memory at    amaxsequence [B,KiB,MiB]:       508729     496.806     0.485

Dynamically allocated memory at amaxcoordinates [B,KiB,MiB]:       509179     497.245     0.486

Dynamically allocated memory at amaxcoordinates [B,KiB,MiB]:       523629     511.356     0.499

Dynamically allocated memory at    amaxsequence [B,KiB,MiB]:       523629     511.356     0.499

Dynamically allocated memory at amaxcoordinates [B,KiB,MiB]:       524304     512.016     0.500

Dynamically allocated memory at amaxcoordinates [B,KiB,MiB]:       545962     533.166     0.521

Dynamically allocated memory at    amaxsequence [B,KiB,MiB]:       545962     533.166     0.521

Dynamically allocated memory at amaxcoordinates [B,KiB,MiB]:       546970     534.150     0.522

Dynamically allocated memory at amaxcoordinates [B,KiB,MiB]:       579474     565.893     0.553

Dynamically allocated memory at   amaxstructure [B,KiB,MiB]:       578961     565.392     0.552

check_ali___> Checking the sequence-structure alignment. 

Implied intrachain target CA(i)-CA(i+1) distances longer than  8.0 angstroms:

ALN_POS  TMPL  RID1  RID2  NAM1  NAM2     DIST
----------------------------------------------
END OF TABLE
check_a_344_> << END OF COMMAND
openf___224_> Open           ${LIB}/top_heav.lib
read_to_681_> topology.submodel read from topology file:        3
openf___224_> Open           ${LIB}/par.lib

Dynamically allocated memory at  amaxparameters [B,KiB,MiB]:       718213     701.380     0.685

Dynamically allocated memory at  amaxparameters [B,KiB,MiB]:       719813     702.942     0.686

Dynamically allocated memory at  amaxparameters [B,KiB,MiB]:       723793     706.829     0.690

Dynamically allocated memory at  amaxparameters [B,KiB,MiB]:       725793     708.782     0.692

Dynamically allocated memory at  amaxparameters [B,KiB,MiB]:       728793     711.712     0.695

Dynamically allocated memory at  amaxparameters [B,KiB,MiB]:       733293     716.106     0.699

Dynamically allocated memory at  amaxparameters [B,KiB,MiB]:       738865     721.548     0.705

Dynamically allocated memory at  amaxparameters [B,KiB,MiB]:       741665     724.282     0.707

Dynamically allocated memory at  amaxparameters [B,KiB,MiB]:       745865     728.384     0.711

Dynamically allocated memory at  amaxparameters [B,KiB,MiB]:       752165     734.536     0.717

Dynamically allocated memory at  amaxparameters [B,KiB,MiB]:       754937     737.243     0.720

Dynamically allocated memory at  amaxparameters [B,KiB,MiB]:       756337     738.610     0.721
read_pa_232_> parameters    BONDS   ANGLS  DIHEDS IMPROPS    MODE
                              227     561     661     112       0

Dynamically allocated memory at       amaxmodel [B,KiB,MiB]:       799669     780.927     0.763

Dynamically allocated memory at       amaxmodel [B,KiB,MiB]:      1020169     996.259     0.973

Dynamically allocated memory at       amaxmodel [B,KiB,MiB]:      1053201    1028.517     1.004

mkilst______> segment topology constructed from sequence and RTF:
              segments residues atoms bonds angles dihedrals impropers:
                     1      277  2231  2281      0         0       924

Dynamically allocated memory at       amaxmodel [B,KiB,MiB]:      1148705    1121.782     1.095

patch_______> segment topology patched using RTF:     1  ;  LEU  ;  NTER
              segments residues atoms bonds angles dihedrals impropers:
                     1      277  2231  2281   3081      3660       924


Dynamically allocated memory at       amaxmodel [B,KiB,MiB]:      1240801    1211.720     1.183
patch_______> segment topology patched using RTF:   277  ;  LEU  ;  CTER
              segments residues atoms bonds angles dihedrals impropers:
                     1      277  2232  2282   3083      3662       925

genseg______> segment topology constructed from sequence and RTF:
              segments residues atoms bonds angles dihedrals impropers:
                     1      277  2232  2282   3083      3662       925
transfe_506_> MODEL is an average of all templates.
transfe_511_> Number of templates for coordinate transfer:        1
              After transferring coordinates of the equivalent template atoms,
              there are defined, undefined atoms in MODEL:     2210       22
openf___224_> Open           5HG7_A_full.ini
wrpdb___568_> Residues, atoms, selected atoms:      277     2232     2232
make_re_417_> Restraint type to be calculated:  stereo

Dynamically allocated memory at  amaxrestraints [B,KiB,MiB]:      1347850    1316.260     1.285

Dynamically allocated memory at  amaxrestraints [B,KiB,MiB]:      1356042    1324.260     1.293

Dynamically allocated memory at  amaxrestraints [B,KiB,MiB]:      1372426    1340.260     1.309

Dynamically allocated memory at  amaxrestraints [B,KiB,MiB]:      1405194    1372.260     1.340

Dynamically allocated memory at  amaxrestraints [B,KiB,MiB]:      1437962    1404.260     1.371

Dynamically allocated memory at  amaxrestraints [B,KiB,MiB]:      1503498    1468.260     1.434

Dynamically allocated memory at  amaxrestraints [B,KiB,MiB]:      1536266    1500.260     1.465

Dynamically allocated memory at  amaxrestraints [B,KiB,MiB]:      1569034    1532.260     1.496

Dynamically allocated memory at  amaxrestraints [B,KiB,MiB]:      1634570    1596.260     1.559

Dynamically allocated memory at  amaxrestraints [B,KiB,MiB]:      1765642    1724.260     1.684

Dynamically allocated memory at  amaxrestraints [B,KiB,MiB]:      1831178    1788.260     1.746

Dynamically allocated memory at  amaxrestraints [B,KiB,MiB]:      1896714    1852.260     1.809

Dynamically allocated memory at  amaxrestraints [B,KiB,MiB]:      2027786    1980.260     1.934

Dynamically allocated memory at  amaxrestraints [B,KiB,MiB]:      2289930    2236.260     2.184
r_stere_606_> Stereochemical restraints were constructed from RTF & PRMF.
              Added bond,angle,dihedral,improper restraints  :     2282    3083    3502     911
              Total number of restraints before, now         :        0     9778
make_re_422_> Number of previous, current restraints         :        0     9778
make_re_423_> Number of previous, current selected restraints:        0     9778
make_re_417_> Restraint type to be calculated:  phi-psi_binormal

Dynamically allocated memory at   amaxstructure [B,KiB,MiB]:      2450846    2393.404     2.337
openf___224_> Open           ${MODINSTALL9v19}/modlib/mnch1.bin
openf___224_> Open           ${MODINSTALL9v19}/modlib/mnch1.mdt
getdata_643_> Protein accepted:  5HG7_A
getdata_289_> Proteins (all/accepted):        1        1

Dynamically allocated memory at  amaxrestraints [B,KiB,MiB]:      2581934    2521.420     2.462
make_re_422_> Number of previous, current restraints         :     9778    10053
make_re_423_> Number of previous, current selected restraints:     9778    10053
make_re_417_> Restraint type to be calculated:  omega_dihedral

Dynamically allocated memory at   amaxstructure [B,KiB,MiB]:      2581934    2521.420     2.462
openf___224_> Open           ${MODINSTALL9v19}/modlib/omega.bin
openf___224_> Open           ${MODINSTALL9v19}/modlib/omega.mdt
getdata_643_> Protein accepted:  5HG7_A
getdata_289_> Proteins (all/accepted):        1        1
omgdel__425_> Unselected all O C +N +CA dihedrals:      290
              (This is to avoid clashes between STEREO
              and OMEGA_DIHEDRAL restraints)
make_re_422_> Number of previous, current restraints         :    10053    10329
make_re_423_> Number of previous, current selected restraints:    10053    10039
make_re_417_> Restraint type to be calculated:  chi1_dihedral

Dynamically allocated memory at   amaxstructure [B,KiB,MiB]:      2581934    2521.420     2.462
openf___224_> Open           ${MODINSTALL9v19}/modlib/chi1234.bin
openf___224_> Open           ${MODINSTALL9v19}/modlib/chi1.mdt
getdata_643_> Protein accepted:  5HG7_A
getdata_289_> Proteins (all/accepted):        1        1

Dynamically allocated memory at  amaxrestraints [B,KiB,MiB]:      2713006    2649.420     2.587
make_re_422_> Number of previous, current restraints         :    10329    10573
make_re_423_> Number of previous, current selected restraints:    10039    10283
make_re_417_> Restraint type to be calculated:  chi2_dihedral

Dynamically allocated memory at   amaxstructure [B,KiB,MiB]:      2713006    2649.420     2.587
openf___224_> Open           ${MODINSTALL9v19}/modlib/chi1234.bin
openf___224_> Open           ${MODINSTALL9v19}/modlib/chi2.mdt
getdata_643_> Protein accepted:  5HG7_A
getdata_289_> Proteins (all/accepted):        1        1
make_re_422_> Number of previous, current restraints         :    10573    10767
make_re_423_> Number of previous, current selected restraints:    10283    10477
make_re_417_> Restraint type to be calculated:  chi3_dihedral

Dynamically allocated memory at   amaxstructure [B,KiB,MiB]:      2713006    2649.420     2.587
openf___224_> Open           ${MODINSTALL9v19}/modlib/chi1234.bin
openf___224_> Open           ${MODINSTALL9v19}/modlib/chi3.mdt
getdata_643_> Protein accepted:  5HG7_A
getdata_289_> Proteins (all/accepted):        1        1
make_re_422_> Number of previous, current restraints         :    10767    10859
make_re_423_> Number of previous, current selected restraints:    10477    10569
make_re_417_> Restraint type to be calculated:  chi4_dihedral

Dynamically allocated memory at   amaxstructure [B,KiB,MiB]:      2713006    2649.420     2.587
openf___224_> Open           ${MODINSTALL9v19}/modlib/chi1234.bin
openf___224_> Open           ${MODINSTALL9v19}/modlib/chi4.mdt
mdtrsr__446W> A potential that relies on one protein is used, yet you have at
              least one known structure available. MDT, not library, potential is used.
getdata_643_> Protein accepted:  5HG7_A
getdata_289_> Proteins (all/accepted):        1        1
make_re_422_> Number of previous, current restraints         :    10859    10898
make_re_423_> Number of previous, current selected restraints:    10569    10608
make_re_417_> Restraint type to be calculated:  DISTANCE

Dynamically allocated memory at amaxhash_contac [B,KiB,MiB]:      3355786    3277.135     3.200

Dynamically allocated memory at  amaxrestraints [B,KiB,MiB]:      3617930    3533.135     3.450
make_re_422_> Number of previous, current restraints         :    10898    16425
make_re_423_> Number of previous, current selected restraints:    10608    16135
make_re_417_> Restraint type to be calculated:  DISTANCE

Dynamically allocated memory at  amaxrestraints [B,KiB,MiB]:      3880074    3789.135     3.700

Dynamically allocated memory at  amaxrestraints [B,KiB,MiB]:      4404362    4301.135     4.200
make_re_422_> Number of previous, current restraints         :    16425    21977
make_re_423_> Number of previous, current selected restraints:    16135    21687
make_re_417_> Restraint type to be calculated:  DISTANCE

Dynamically allocated memory at  amaxrestraints [B,KiB,MiB]:      4666506    4557.135     4.450
make_re_422_> Number of previous, current restraints         :    21977    26619
make_re_423_> Number of previous, current selected restraints:    21687    26329
make_re_417_> Restraint type to be calculated:  DISTANCE
make_re_422_> Number of previous, current restraints         :    26619    29565
make_re_423_> Number of previous, current selected restraints:    26329    29275
0 atoms in HETATM/BLK residues constrained
to protein atoms within 2.30 angstroms
and protein CA atoms within 10.00 angstroms
make_re_417_> Restraint type to be calculated:  DISTANCE
make_re_422_> Number of previous, current restraints         :    29565    29565
make_re_423_> Number of previous, current selected restraints:    29275    29275
make_re_417_> Restraint type to be calculated:  DISTANCE
make_re_422_> Number of previous, current restraints         :    29565    29565
make_re_423_> Number of previous, current selected restraints:    29275    29275
make_re_417_> Restraint type to be calculated:  DISTANCE
make_re_422_> Number of previous, current restraints         :    29565    29565
make_re_423_> Number of previous, current selected restraints:    29275    29275
make_re_417_> Restraint type to be calculated:  DISTANCE
make_re_422_> Number of previous, current restraints         :    29565    29565
make_re_423_> Number of previous, current selected restraints:    29275    29275
0 atoms in residues without defined topology
constrained to be rigid bodies
make_re_417_> Restraint type to be calculated:  DISTANCE
make_re_422_> Number of previous, current restraints         :    29565    29565
make_re_423_> Number of previous, current selected restraints:    29275    29275
rmdupl__427_>     1742 redundant cosine dihedral restraints were unselected.
condens_443_> Restraints marked for deletion were removed.
              Total number of restraints before, now:    29565    27533
openf___224_> Open           5HG7_A_full.rsr
openf___224_> Open           5HG7_A_full.rsr

Dynamically allocated memory at  amaxrestraints [B,KiB,MiB]:      4713805    4603.325     4.495
rdcsr2__307_> Number of restraints read    :    27533
              Number of excluded pairs read:        0
              Number of pseudo atoms read  :        0
rdcsrs__304_> Restraints in memory, selected restraints:    27533    27533
              Explicitly excluded atom pairs in memory :        0
              Pseudo atoms in memory                   :        0
26 (of 2232 total) atoms selected for optimization
openf___224_> Open           5HG7_A_full.ini

Dynamically allocated memory at       amaxmodel [B,KiB,MiB]:      4713829    4603.349     4.495
read_mo_297_> Segments, residues, atoms:        1      277     2232
read_mo_298_> Segment:        1     1   277     2232
randomi_498_> Atoms,selected atoms,random_seed,amplitude:     2232       26        1        4.0000
randomi_496_> Amplitude is > 0; randomization is done.
pick_re_612_> Number of MODEL atoms, selected restraints;       26      152
pick_re_612_> Number of MODEL atoms, selected restraints;       26      162
pick_re_612_> Number of MODEL atoms, selected restraints;       26      164
pick_re_612_> Number of MODEL atoms, selected restraints;       26      166
pick_re_612_> Number of MODEL atoms, selected restraints;       26      166
pick_re_612_> Number of MODEL atoms, selected restraints;       26      166
pick_re_612_> Number of MODEL atoms, selected restraints;       26      170
pick_re_612_> Number of MODEL atoms, selected restraints;       26      217

Dynamically allocated memory at  amaxrestraints [B,KiB,MiB]:      5059977    4941.384     4.826
pick_re_612_> Number of MODEL atoms, selected restraints;       26      224
pick_re_612_> Number of MODEL atoms, selected restraints;       26      224
pick_re_612_> Number of MODEL atoms, selected restraints;       26      224
iupac_m_483_> CD1/2 CE1/2 swapped:      100.2476       10    10
iupac_m_397W> Atoms were not swapped because of the uncertainty of how to handle the H atom.
iupac_m_483_> CD1/2 CE1/2 swapped:       90.6198       21    21
iupac_m_397W> Atoms were not swapped because of the uncertainty of how to handle the H atom.
iupac_m_486_> OE1/2 will be swapped:     -126.9505       44    44
iupac_m_486_> OE1/2 will be swapped:      180.0000       47    47
iupac_m_483_> CD1/2 CE1/2 swapped:       91.7223       93    93
iupac_m_397W> Atoms were not swapped because of the uncertainty of how to handle the H atom.
iupac_m_485_> OD1/2 will be swapped:      167.6737       98    98
iupac_m_486_> OE1/2 will be swapped:      142.8549      102   102
iupac_m_486_> OE1/2 will be swapped:     -168.0537      127   127
iupac_m_485_> OD1/2 will be swapped:      166.3162      128   128
iupac_m_487_> NH1/2 swapped:      180.0000      130   130
iupac_m_485_> OD1/2 will be swapped:     -163.7513      135   135
iupac_m_486_> OE1/2 will be swapped:      107.5739      163   163
iupac_m_483_> CD1/2 CE1/2 swapped:     -102.6245      189   189
iupac_m_397W> Atoms were not swapped because of the uncertainty of how to handle the H atom.
iupac_m_485_> OD1/2 will be swapped:      166.3264      194   194
iupac_m_483_> CD1/2 CE1/2 swapped:      -91.7561      198   198
iupac_m_397W> Atoms were not swapped because of the uncertainty of how to handle the H atom.
iupac_m_486_> OE1/2 will be swapped:      -92.8176      204   204
iupac_m_486_> OE1/2 will be swapped:     -160.7018      220   220
iupac_m_486_> OE1/2 will be swapped:     -148.3600      229   229
iupac_m_483_> CD1/2 CE1/2 swapped:     -131.0467      242   242
iupac_m_397W> Atoms were not swapped because of the uncertainty of how to handle the H atom.
iupac_m_485_> OD1/2 will be swapped:      170.3122      252   252
iupac_m_485_> OD1/2 will be swapped:      125.5313      254   254
iupac_m_487_> NH1/2 swapped:     -179.1284      256   256
iupac_m_487_> NH1/2 swapped:     -180.0000      260   260
iupac_m_486_> OE1/2 will be swapped:       98.8715      265   265
iupac_m_487_> NH1/2 swapped:      180.0000      271   271
iupac_m_485_> OD1/2 will be swapped:       93.3068      272   272
iupac_m_487_> NH1/2 swapped:      179.7963      275   275
iupac_m_483_> CD1/2 CE1/2 swapped:      105.4430      276   276
iupac_m_397W> Atoms were not swapped because of the uncertainty of how to handle the H atom.


>> ENERGY; Differences between the model's features and restraints:
Number of all residues in MODEL                   :      277
Number of all, selected real atoms                :     2232      26
Number of all, selected pseudo atoms              :        0       0
Number of all static, selected restraints         :    27533     224
COVALENT_CYS                                      :        F
NONBONDED_SEL_ATOMS                               :        1
Number of non-bonded pairs (excluding 1-2,1-3,1-4):       37
Dynamic pairs routine                             : 5, NATM_SEL x NATM double loop
Atomic shift for contacts update (UPDATE_DYNAMIC) :    0.390
LENNARD_JONES_SWITCH                              :    6.500   7.500
COULOMB_JONES_SWITCH                              :    6.500   7.500
RESIDUE_SPAN_RANGE                                :        0   99999
NLOGN_USE                                         :       15
CONTACT_SHELL                                     :    4.000
DYNAMIC_PAIRS,_SPHERE,_COULOMB,_LENNARD,_MODELLER :        T       T       F       F       F
SPHERE_STDV                                       :    0.050
RADII_FACTOR                                      :    0.820
Current energy                                    :          30.7513





Summary of the restraint violations: 

   NUM     ... number of restraints.
   NUMVI   ... number of restraints with RVIOL > VIOL_REPORT_CUT[i].
   RVIOL   ... relative difference from the best value.
   NUMVP   ... number of restraints with -Ln(pdf) > VIOL_REPORT_CUT2[i].
   RMS_1   ... RMS(feature, minimally_violated_basis_restraint, NUMB).
   RMS_2   ... RMS(feature, best_value, NUMB).
   MOL.PDF ... scaled contribution to -Ln(Molecular pdf).

 #                     RESTRAINT_GROUP      NUM   NUMVI  NUMVP   RMS_1   RMS_2         MOL.PDF     S_i
------------------------------------------------------------------------------------------------------
 1 Bond length potential              :      27       0      0   0.006   0.006     0.25427       1.000
 2 Bond angle potential               :      40       0      0   2.390   2.390      4.6857       1.000
 3 Stereochemical cosine torsion poten:      18       0      2  55.964  55.964      9.6425       1.000
 4 Stereochemical improper torsion pot:      11       0      0   1.569   1.569     0.69625       1.000
 5 Soft-sphere overlap restraints     :      37       0      0   0.000   0.000      0.0000       1.000
 6 Lennard-Jones 6-12 potential       :       0       0      0   0.000   0.000      0.0000       1.000
 7 Coulomb point-point electrostatic p:       0       0      0   0.000   0.000      0.0000       1.000
 8 H-bonding potential                :       0       0      0   0.000   0.000      0.0000       1.000
 9 Distance restraints 1 (CA-CA)      :      34       0      0   0.081   0.081     0.14747       1.000
10 Distance restraints 2 (N-O)        :      40       0      0   0.169   0.169     0.35419       1.000
11 Mainchain Phi dihedral restraints  :       0       0      0   0.000   0.000      0.0000       1.000
12 Mainchain Psi dihedral restraints  :       0       0      0   0.000   0.000      0.0000       1.000
13 Mainchain Omega dihedral restraints:       5       0      0   7.645   7.645      3.4459       1.000
14 Sidechain Chi_1 dihedral restraints:       3       0      0   4.385   4.385    -0.39651       1.000
15 Sidechain Chi_2 dihedral restraints:       1       0      0   2.476   2.476    -0.21466       1.000
16 Sidechain Chi_3 dihedral restraints:       0       0      0   0.000   0.000      0.0000       1.000
17 Sidechain Chi_4 dihedral restraints:       0       0      0   0.000   0.000      0.0000       1.000
18 Disulfide distance restraints      :       0       0      0   0.000   0.000      0.0000       1.000
19 Disulfide angle restraints         :       0       0      0   0.000   0.000      0.0000       1.000
20 Disulfide dihedral angle restraints:       0       0      0   0.000   0.000      0.0000       1.000
21 Lower bound distance restraints    :       0       0      0   0.000   0.000      0.0000       1.000
22 Upper bound distance restraints    :       0       0      0   0.000   0.000      0.0000       1.000
23 Distance restraints 3 (SDCH-MNCH)  :      35       0      0   0.375   0.375     0.88373E-01   1.000
24 Sidechain Chi_5 dihedral restraints:       0       0      0   0.000   0.000      0.0000       1.000
25 Phi/Psi pair of dihedral restraints:       6       2      3  51.509 103.843      11.986       1.000
26 Distance restraints 4 (SDCH-SDCH)  :       4       0      0   0.359   0.359     0.62307E-01   1.000
27 Distance restraints 5 (X-Y)        :       0       0      0   0.000   0.000      0.0000       1.000
28 NMR distance restraints 6 (X-Y)    :       0       0      0   0.000   0.000      0.0000       1.000
29 NMR distance restraints 7 (X-Y)    :       0       0      0   0.000   0.000      0.0000       1.000
30 Minimal distance restraints        :       0       0      0   0.000   0.000      0.0000       1.000
31 Non-bonded restraints              :       0       0      0   0.000   0.000      0.0000       1.000
32 Atomic accessibility restraints    :       0       0      0   0.000   0.000      0.0000       1.000
33 Atomic density restraints          :       0       0      0   0.000   0.000      0.0000       1.000
34 Absolute position restraints       :       0       0      0   0.000   0.000      0.0000       1.000
35 Dihedral angle difference restraint:       0       0      0   0.000   0.000      0.0000       1.000
36 GBSA implicit solvent potential    :       0       0      0   0.000   0.000      0.0000       1.000
37 EM density fitting potential       :       0       0      0   0.000   0.000      0.0000       1.000
38 SAXS restraints                    :       0       0      0   0.000   0.000      0.0000       1.000
39 Symmetry restraints                :       0       0      0   0.000   0.000      0.0000       1.000



openf___224_> Open           5HG7_A_full.V99990001
# Heavy relative violation of each residue is written to: 5HG7_A_full.V99990001
# The profile is NOT normalized by the number of restraints.
# The profiles are smoothed over a window of residues:    1
# The sum of all numbers in the file:     743.2261



List of the violated restraints:
   A restraint is violated when the relative difference
   from the best value (RVIOL) is larger than CUTOFF.

   ICSR   ... index of a restraint in the current set.
   RESNO  ... residue numbers of the first two atoms.
   ATM    ... IUPAC atom names of the first two atoms.
   FEAT   ... the value of the feature in the model.
   restr  ... the mean of the basis restraint with the smallest
              difference from the model (local minimum).
   viol   ... difference from the local minimum.
   rviol  ... relative difference from the local minimum.
   RESTR  ... the best value (global minimum).
   VIOL   ... difference from the best value.
   RVIOL  ... relative difference from the best value.


-------------------------------------------------------------------------------------------------

Feature 25                           : Phi/Psi pair of dihedral restraints     
List of the RVIOL violations larger than   :       6.5000

    #   ICSR  RESNO1/2 ATM1/2   INDATM1/2    FEAT   restr    viol   rviol   RESTR    VIOL   RVIOL
    1   7792  46R  47E C   N     366  368  179.96 -117.80   72.27    2.12  -63.60 -173.13   31.11
    1         47E  47E N   CA    368  369  173.54  136.80                  -40.30
    2   7793  47E  48A C   N     375  377 -176.89 -134.00   80.12    3.08  -62.50  154.89   31.11
    2         48A  48A N   CA    377  378 -145.33  147.00                  -40.90


report______> Distribution of short non-bonded contacts:

  serious non-bonded atom clash:   373  636   2.041

DISTANCE1:  0.00 2.10 2.20 2.30 2.40 2.50 2.60 2.70 2.80 2.90 3.00 3.10 3.20 3.30 3.40
DISTANCE2:  2.10 2.20 2.30 2.40 2.50 2.60 2.70 2.80 2.90 3.00 3.10 3.20 3.30 3.40 3.50
FREQUENCY:     1    0    0    0    2    2   16   43   92  127  157  187  248  283  416


<< end of ENERGY.
openf___224_> Open           5HG7_A_full.B99990001.pdb
wrpdb___568_> Residues, atoms, selected atoms:      277     2232     2232

>> Summary of successfully produced models:
Filename                          molpdf
----------------------------------------
5HG7_A_full.B99990001.pdb       30.75128


Dynamically allocated memory at          finish [B,KiB,MiB]:      5059977    4941.384     4.826
Starting time                                            : 2018/02/20 13:04:25
Closing time                                             : 2018/02/20 13:04:27
Total CPU time [seconds]                                 :       1.99
