
                         MODELLER 9.19, 2017/07/19, r11078

     PROTEIN STRUCTURE MODELLING BY SATISFACTION OF SPATIAL RESTRAINTS


                     Copyright(c) 1989-2017 Andrej Sali
                            All Rights Reserved

                             Written by A. Sali
                               with help from
              B. Webb, M.S. Madhusudhan, M-Y. Shen, G.Q. Dong,
          M.A. Marti-Renom, N. Eswar, F. Alber, M. Topf, B. Oliva,
             A. Fiser, R. Sanchez, B. Yerkovich, A. Badretdinov,
                     F. Melo, J.P. Overington, E. Feyfant
                 University of California, San Francisco, USA
                    Rockefeller University, New York, USA
                      Harvard University, Cambridge, USA
                   Imperial Cancer Research Fund, London, UK
              Birkbeck College, University of London, London, UK


Kind, OS, HostName, Kernel, Processor: 4, Linux german-xps 4.14.6-041406-generic x86_64
Date and time of compilation         : 2017/07/19 15:03:51
MODELLER executable type             : x86_64-intel8
Job starting time (YY/MM/DD HH:MM:SS): 2018/02/20 13:02:31

openf___224_> Open           $(LIB)/restyp.lib
openf___224_> Open           ${MODINSTALL9v19}/modlib/resgrp.lib
rdresgr_266_> Number of residue groups:        2
openf___224_> Open           ${MODINSTALL9v19}/modlib/sstruc.lib

Dynamically allocated memory at   amaxlibraries [B,KiB,MiB]:       191566     187.076     0.183

Dynamically allocated memory at   amaxlibraries [B,KiB,MiB]:       192094     187.592     0.183
openf___224_> Open           ${MODINSTALL9v19}/modlib/resdih.lib

Dynamically allocated memory at   amaxlibraries [B,KiB,MiB]:       240694     235.053     0.230
rdrdih__263_> Number of dihedral angle types         :        9
              Maximal number of dihedral angle optima:        3
              Dihedral angle names                   :  Alph Phi Psi Omeg chi1 chi2 chi3 chi4 chi5
openf___224_> Open           ${MODINSTALL9v19}/modlib/radii.lib

Dynamically allocated memory at   amaxlibraries [B,KiB,MiB]:       253994     248.041     0.242
openf___224_> Open           ${MODINSTALL9v19}/modlib/radii14.lib
openf___224_> Open           ${MODINSTALL9v19}/modlib/af_mnchdef.lib
rdwilmo_274_> Mainchain residue conformation classes:  APBLE
openf___224_> Open           ${MODINSTALL9v19}/modlib/mnch.lib
rdclass_257_> Number of classes:        5
openf___224_> Open           ${MODINSTALL9v19}/modlib/mnch1.lib
openf___224_> Open           ${MODINSTALL9v19}/modlib/mnch2.lib
openf___224_> Open           ${MODINSTALL9v19}/modlib/mnch3.lib
openf___224_> Open           ${MODINSTALL9v19}/modlib/xs4.mat
rdrrwgh_268_> Number of residue types:       21
openf___224_> Open           /home/german/labo/18/egfr/model/4I24_A/to_model_4I24_A

Dynamically allocated memory at   amaxalignment [B,KiB,MiB]:       265487     259.265     0.253

Dynamically allocated memory at   amaxalignment [B,KiB,MiB]:       266937     260.681     0.255

Dynamically allocated memory at   amaxalignment [B,KiB,MiB]:       269837     263.513     0.257

Dynamically allocated memory at   amaxalignment [B,KiB,MiB]:       275637     269.177     0.263

Dynamically allocated memory at   amaxalignment [B,KiB,MiB]:       392693     383.489     0.375

Dynamically allocated memory at    amaxsequence [B,KiB,MiB]:       393869     384.638     0.376

Dynamically allocated memory at    amaxsequence [B,KiB,MiB]:       394973     385.716     0.377

Read the alignment from file       : /home/german/labo/18/egfr/model/4I24_A/to_model_4I24_A
Total number of alignment positions:   315

  #  Code        #_Res #_Segm PDB_code    Name
-------------------------------------------------------------------------------
  1     4I24_A     295      1      4I24_A
  2  4I24_A_fu     277      1
check_a_343_> >> BEGINNING OF COMMAND
openf___224_> Open           ./4I24_A.pdb

Dynamically allocated memory at amaxcoordinates [B,KiB,MiB]:       485198     473.826     0.463

Dynamically allocated memory at    amaxsequence [B,KiB,MiB]:       485198     473.826     0.463

Dynamically allocated memory at amaxcoordinates [B,KiB,MiB]:       485369     473.993     0.463

Dynamically allocated memory at amaxcoordinates [B,KiB,MiB]:       486219     474.823     0.464

Dynamically allocated memory at amaxcoordinates [B,KiB,MiB]:       487477     476.052     0.465

Dynamically allocated memory at amaxcoordinates [B,KiB,MiB]:       489381     477.911     0.467

Dynamically allocated memory at    amaxsequence [B,KiB,MiB]:       489381     477.911     0.467

Dynamically allocated memory at amaxcoordinates [B,KiB,MiB]:       489471     477.999     0.467

Dynamically allocated memory at amaxcoordinates [B,KiB,MiB]:       492327     480.788     0.470

Dynamically allocated memory at    amaxsequence [B,KiB,MiB]:       492327     480.788     0.470

Dynamically allocated memory at amaxcoordinates [B,KiB,MiB]:       492462     480.920     0.470

Dynamically allocated memory at amaxcoordinates [B,KiB,MiB]:       496746     485.104     0.474

Dynamically allocated memory at    amaxsequence [B,KiB,MiB]:       496746     485.104     0.474

Dynamically allocated memory at amaxcoordinates [B,KiB,MiB]:       496944     485.297     0.474

Dynamically allocated memory at amaxcoordinates [B,KiB,MiB]:       503370     491.572     0.480

Dynamically allocated memory at    amaxsequence [B,KiB,MiB]:       503370     491.572     0.480

Dynamically allocated memory at amaxcoordinates [B,KiB,MiB]:       503667     491.862     0.480

Dynamically allocated memory at amaxcoordinates [B,KiB,MiB]:       513289     501.259     0.490

Dynamically allocated memory at    amaxsequence [B,KiB,MiB]:       513289     501.259     0.490

Dynamically allocated memory at amaxcoordinates [B,KiB,MiB]:       513739     501.698     0.490

Dynamically allocated memory at amaxcoordinates [B,KiB,MiB]:       528189     515.810     0.504

Dynamically allocated memory at    amaxsequence [B,KiB,MiB]:       528189     515.810     0.504

Dynamically allocated memory at amaxcoordinates [B,KiB,MiB]:       528864     516.469     0.504

Dynamically allocated memory at amaxcoordinates [B,KiB,MiB]:       550522     537.619     0.525

Dynamically allocated memory at    amaxsequence [B,KiB,MiB]:       550522     537.619     0.525

Dynamically allocated memory at amaxcoordinates [B,KiB,MiB]:       551530     538.604     0.526

Dynamically allocated memory at amaxcoordinates [B,KiB,MiB]:       584034     570.346     0.557

Dynamically allocated memory at   amaxstructure [B,KiB,MiB]:       583656     569.977     0.557

check_ali___> Checking the sequence-structure alignment. 

Implied intrachain target CA(i)-CA(i+1) distances longer than  8.0 angstroms:

ALN_POS  TMPL  RID1  RID2  NAM1  NAM2     DIST
----------------------------------------------
END OF TABLE
check_a_344_> << END OF COMMAND
openf___224_> Open           ${LIB}/top_heav.lib
read_to_681_> topology.submodel read from topology file:        3
openf___224_> Open           ${LIB}/par.lib

Dynamically allocated memory at  amaxparameters [B,KiB,MiB]:       722908     705.965     0.689

Dynamically allocated memory at  amaxparameters [B,KiB,MiB]:       724508     707.527     0.691

Dynamically allocated memory at  amaxparameters [B,KiB,MiB]:       728488     711.414     0.695

Dynamically allocated memory at  amaxparameters [B,KiB,MiB]:       730488     713.367     0.697

Dynamically allocated memory at  amaxparameters [B,KiB,MiB]:       733488     716.297     0.700

Dynamically allocated memory at  amaxparameters [B,KiB,MiB]:       737988     720.691     0.704

Dynamically allocated memory at  amaxparameters [B,KiB,MiB]:       743560     726.133     0.709

Dynamically allocated memory at  amaxparameters [B,KiB,MiB]:       746360     728.867     0.712

Dynamically allocated memory at  amaxparameters [B,KiB,MiB]:       750560     732.969     0.716

Dynamically allocated memory at  amaxparameters [B,KiB,MiB]:       756860     739.121     0.722

Dynamically allocated memory at  amaxparameters [B,KiB,MiB]:       759632     741.828     0.724

Dynamically allocated memory at  amaxparameters [B,KiB,MiB]:       761032     743.195     0.726
read_pa_232_> parameters    BONDS   ANGLS  DIHEDS IMPROPS    MODE
                              227     561     661     112       0

Dynamically allocated memory at       amaxmodel [B,KiB,MiB]:       804364     785.512     0.767

Dynamically allocated memory at       amaxmodel [B,KiB,MiB]:      1024178    1000.174     0.977

Dynamically allocated memory at       amaxmodel [B,KiB,MiB]:      1057154    1032.377     1.008

mkilst______> segment topology constructed from sequence and RTF:
              segments residues atoms bonds angles dihedrals impropers:
                     1      277  2224  2274      0         0       924

Dynamically allocated memory at       amaxmodel [B,KiB,MiB]:      1152478    1125.467     1.099

patch_______> segment topology patched using RTF:     1  ;  LEU  ;  NTER
              segments residues atoms bonds angles dihedrals impropers:
                     1      277  2224  2274   3074      3654       924


Dynamically allocated memory at       amaxmodel [B,KiB,MiB]:      1244574    1215.404     1.187
patch_______> segment topology patched using RTF:   277  ;  LEU  ;  CTER
              segments residues atoms bonds angles dihedrals impropers:
                     1      277  2225  2275   3076      3656       925

genseg______> segment topology constructed from sequence and RTF:
              segments residues atoms bonds angles dihedrals impropers:
                     1      277  2225  2275   3076      3656       925
transfe_506_> MODEL is an average of all templates.
transfe_511_> Number of templates for coordinate transfer:        1
              After transferring coordinates of the equivalent template atoms,
              there are defined, undefined atoms in MODEL:     2072      153
openf___224_> Open           4I24_A_full.ini
wrpdb___568_> Residues, atoms, selected atoms:      277     2225     2225
make_re_417_> Restraint type to be calculated:  stereo

Dynamically allocated memory at  amaxrestraints [B,KiB,MiB]:      1351623    1319.944     1.289

Dynamically allocated memory at  amaxrestraints [B,KiB,MiB]:      1359815    1327.944     1.297

Dynamically allocated memory at  amaxrestraints [B,KiB,MiB]:      1376199    1343.944     1.312

Dynamically allocated memory at  amaxrestraints [B,KiB,MiB]:      1408967    1375.944     1.344

Dynamically allocated memory at  amaxrestraints [B,KiB,MiB]:      1441735    1407.944     1.375

Dynamically allocated memory at  amaxrestraints [B,KiB,MiB]:      1507271    1471.944     1.437

Dynamically allocated memory at  amaxrestraints [B,KiB,MiB]:      1540039    1503.944     1.469

Dynamically allocated memory at  amaxrestraints [B,KiB,MiB]:      1572807    1535.944     1.500

Dynamically allocated memory at  amaxrestraints [B,KiB,MiB]:      1638343    1599.944     1.562

Dynamically allocated memory at  amaxrestraints [B,KiB,MiB]:      1769415    1727.944     1.687

Dynamically allocated memory at  amaxrestraints [B,KiB,MiB]:      1834951    1791.944     1.750

Dynamically allocated memory at  amaxrestraints [B,KiB,MiB]:      1900487    1855.944     1.812

Dynamically allocated memory at  amaxrestraints [B,KiB,MiB]:      2031559    1983.944     1.937

Dynamically allocated memory at  amaxrestraints [B,KiB,MiB]:      2293703    2239.944     2.187
r_stere_606_> Stereochemical restraints were constructed from RTF & PRMF.
              Added bond,angle,dihedral,improper restraints  :     2275    3076    3498     911
              Total number of restraints before, now         :        0     9760
make_re_422_> Number of previous, current restraints         :        0     9760
make_re_423_> Number of previous, current selected restraints:        0     9760
make_re_417_> Restraint type to be calculated:  phi-psi_binormal

Dynamically allocated memory at   amaxstructure [B,KiB,MiB]:      2454381    2396.856     2.341
openf___224_> Open           ${MODINSTALL9v19}/modlib/mnch1.bin
openf___224_> Open           ${MODINSTALL9v19}/modlib/mnch1.mdt
getdata_643_> Protein accepted:  4I24_A
getdata_289_> Proteins (all/accepted):        1        1

Dynamically allocated memory at  amaxrestraints [B,KiB,MiB]:      2585469    2524.872     2.466
make_re_422_> Number of previous, current restraints         :     9760    10035
make_re_423_> Number of previous, current selected restraints:     9760    10035
make_re_417_> Restraint type to be calculated:  omega_dihedral

Dynamically allocated memory at   amaxstructure [B,KiB,MiB]:      2585469    2524.872     2.466
openf___224_> Open           ${MODINSTALL9v19}/modlib/omega.bin
openf___224_> Open           ${MODINSTALL9v19}/modlib/omega.mdt
getdata_643_> Protein accepted:  4I24_A
getdata_289_> Proteins (all/accepted):        1        1
omgdel__425_> Unselected all O C +N +CA dihedrals:      290
              (This is to avoid clashes between STEREO
              and OMEGA_DIHEDRAL restraints)
make_re_422_> Number of previous, current restraints         :    10035    10311
make_re_423_> Number of previous, current selected restraints:    10035    10021
make_re_417_> Restraint type to be calculated:  chi1_dihedral

Dynamically allocated memory at   amaxstructure [B,KiB,MiB]:      2585469    2524.872     2.466
openf___224_> Open           ${MODINSTALL9v19}/modlib/chi1234.bin
openf___224_> Open           ${MODINSTALL9v19}/modlib/chi1.mdt
getdata_643_> Protein accepted:  4I24_A
getdata_289_> Proteins (all/accepted):        1        1

Dynamically allocated memory at  amaxrestraints [B,KiB,MiB]:      2716541    2652.872     2.591
make_re_422_> Number of previous, current restraints         :    10311    10555
make_re_423_> Number of previous, current selected restraints:    10021    10265
make_re_417_> Restraint type to be calculated:  chi2_dihedral

Dynamically allocated memory at   amaxstructure [B,KiB,MiB]:      2716541    2652.872     2.591
openf___224_> Open           ${MODINSTALL9v19}/modlib/chi1234.bin
openf___224_> Open           ${MODINSTALL9v19}/modlib/chi2.mdt
getdata_643_> Protein accepted:  4I24_A
getdata_289_> Proteins (all/accepted):        1        1
make_re_422_> Number of previous, current restraints         :    10555    10748
make_re_423_> Number of previous, current selected restraints:    10265    10458
make_re_417_> Restraint type to be calculated:  chi3_dihedral

Dynamically allocated memory at   amaxstructure [B,KiB,MiB]:      2716541    2652.872     2.591
openf___224_> Open           ${MODINSTALL9v19}/modlib/chi1234.bin
openf___224_> Open           ${MODINSTALL9v19}/modlib/chi3.mdt
getdata_643_> Protein accepted:  4I24_A
getdata_289_> Proteins (all/accepted):        1        1
make_re_422_> Number of previous, current restraints         :    10748    10838
make_re_423_> Number of previous, current selected restraints:    10458    10548
make_re_417_> Restraint type to be calculated:  chi4_dihedral

Dynamically allocated memory at   amaxstructure [B,KiB,MiB]:      2716541    2652.872     2.591
openf___224_> Open           ${MODINSTALL9v19}/modlib/chi1234.bin
openf___224_> Open           ${MODINSTALL9v19}/modlib/chi4.mdt
mdtrsr__446W> A potential that relies on one protein is used, yet you have at
              least one known structure available. MDT, not library, potential is used.
getdata_643_> Protein accepted:  4I24_A
getdata_289_> Proteins (all/accepted):        1        1
make_re_422_> Number of previous, current restraints         :    10838    10875
make_re_423_> Number of previous, current selected restraints:    10548    10585
make_re_417_> Restraint type to be calculated:  DISTANCE

Dynamically allocated memory at amaxhash_contac [B,KiB,MiB]:      3357305    3278.618     3.202
make_re_422_> Number of previous, current restraints         :    10875    16086
make_re_423_> Number of previous, current selected restraints:    10585    15796
make_re_417_> Restraint type to be calculated:  DISTANCE

Dynamically allocated memory at  amaxrestraints [B,KiB,MiB]:      3619449    3534.618     3.452

Dynamically allocated memory at  amaxrestraints [B,KiB,MiB]:      3881593    3790.618     3.702

Dynamically allocated memory at  amaxrestraints [B,KiB,MiB]:      4405881    4302.618     4.202
make_re_422_> Number of previous, current restraints         :    16086    21251
make_re_423_> Number of previous, current selected restraints:    15796    20961
make_re_417_> Restraint type to be calculated:  DISTANCE

Dynamically allocated memory at  amaxrestraints [B,KiB,MiB]:      4668025    4558.618     4.452
make_re_422_> Number of previous, current restraints         :    21251    25623
make_re_423_> Number of previous, current selected restraints:    20961    25333
make_re_417_> Restraint type to be calculated:  DISTANCE
make_re_422_> Number of previous, current restraints         :    25623    28405
make_re_423_> Number of previous, current selected restraints:    25333    28115
0 atoms in HETATM/BLK residues constrained
to protein atoms within 2.30 angstroms
and protein CA atoms within 10.00 angstroms
make_re_417_> Restraint type to be calculated:  DISTANCE
make_re_422_> Number of previous, current restraints         :    28405    28405
make_re_423_> Number of previous, current selected restraints:    28115    28115
make_re_417_> Restraint type to be calculated:  DISTANCE
make_re_422_> Number of previous, current restraints         :    28405    28405
make_re_423_> Number of previous, current selected restraints:    28115    28115
make_re_417_> Restraint type to be calculated:  DISTANCE
make_re_422_> Number of previous, current restraints         :    28405    28405
make_re_423_> Number of previous, current selected restraints:    28115    28115
make_re_417_> Restraint type to be calculated:  DISTANCE
make_re_422_> Number of previous, current restraints         :    28405    28405
make_re_423_> Number of previous, current selected restraints:    28115    28115
0 atoms in residues without defined topology
constrained to be rigid bodies
make_re_417_> Restraint type to be calculated:  DISTANCE
make_re_422_> Number of previous, current restraints         :    28405    28405
make_re_423_> Number of previous, current selected restraints:    28115    28115
rmdupl__427_>     1739 redundant cosine dihedral restraints were unselected.
condens_443_> Restraints marked for deletion were removed.
              Total number of restraints before, now:    28405    26376
openf___224_> Open           4I24_A_full.rsr
openf___224_> Open           4I24_A_full.rsr

Dynamically allocated memory at  amaxrestraints [B,KiB,MiB]:      4710867    4600.456     4.493
rdcsr2__307_> Number of restraints read    :    26376
              Number of excluded pairs read:        0
              Number of pseudo atoms read  :        0
rdcsrs__304_> Restraints in memory, selected restraints:    26376    26376
              Explicitly excluded atom pairs in memory :        0
              Pseudo atoms in memory                   :        0
180 (of 2225 total) atoms selected for optimization
openf___224_> Open           4I24_A_full.ini

Dynamically allocated memory at       amaxmodel [B,KiB,MiB]:      4710891    4600.479     4.493
read_mo_297_> Segments, residues, atoms:        1      277     2225
read_mo_298_> Segment:        1     1   277     2225
randomi_498_> Atoms,selected atoms,random_seed,amplitude:     2225      180        1        4.0000
randomi_496_> Amplitude is > 0; randomization is done.
pick_re_612_> Number of MODEL atoms, selected restraints;      180      975
pick_re_612_> Number of MODEL atoms, selected restraints;      180     1040
pick_re_612_> Number of MODEL atoms, selected restraints;      180     1078
pick_re_612_> Number of MODEL atoms, selected restraints;      180     1128
pick_re_612_> Number of MODEL atoms, selected restraints;      180     1167
pick_re_612_> Number of MODEL atoms, selected restraints;      180     1246
pick_re_612_> Number of MODEL atoms, selected restraints;      180     1363
pick_re_612_> Number of MODEL atoms, selected restraints;      180     1534

Dynamically allocated memory at  amaxrestraints [B,KiB,MiB]:      5056871    4938.351     4.823
pick_re_612_> Number of MODEL atoms, selected restraints;      180     1573
pick_re_612_> Number of MODEL atoms, selected restraints;      180     1586
pick_re_612_> Number of MODEL atoms, selected restraints;      180     1586
iupac_m_487_> NH1/2 swapped:      178.8461        3     3
iupac_m_486_> OE1/2 will be swapped:      122.3998        9     9
iupac_m_483_> CD1/2 CE1/2 swapped:     -139.0783       21    21
iupac_m_397W> Atoms were not swapped because of the uncertainty of how to handle the H atom.
iupac_m_483_> CD1/2 CE1/2 swapped:     -100.8973       25    25
iupac_m_397W> Atoms were not swapped because of the uncertainty of how to handle the H atom.
iupac_m_487_> NH1/2 swapped:     -179.9720       46    46
iupac_m_486_> OE1/2 will be swapped:     -179.9657       47    47
iupac_m_483_> CD1/2 CE1/2 swapped:      123.8259       62    62
iupac_m_397W> Atoms were not swapped because of the uncertainty of how to handle the H atom.
iupac_m_485_> OD1/2 will be swapped:     -171.9447       68    68
iupac_m_483_> CD1/2 CE1/2 swapped:      107.0675       93    93
iupac_m_397W> Atoms were not swapped because of the uncertainty of how to handle the H atom.
iupac_m_485_> OD1/2 will be swapped:      171.5706       98    98
iupac_m_485_> OD1/2 will be swapped:      148.2649      105   105
iupac_m_483_> CD1/2 CE1/2 swapped:      -96.0740      111   111
iupac_m_397W> Atoms were not swapped because of the uncertainty of how to handle the H atom.
iupac_m_487_> NH1/2 swapped:     -179.5799      129   129
iupac_m_487_> NH1/2 swapped:     -179.9209      130   130
iupac_m_487_> NH1/2 swapped:     -179.8012      134   134
iupac_m_487_> NH1/2 swapped:      179.3116      139   139
iupac_m_486_> OE1/2 will be swapped:     -179.9720      163   163
iupac_m_486_> OE1/2 will be swapped:      168.3118      170   170
iupac_m_483_> CD1/2 CE1/2 swapped:      -90.9132      189   189
iupac_m_397W> Atoms were not swapped because of the uncertainty of how to handle the H atom.
iupac_m_484W> Dihedral still outside +-90:       90.2749
iupac_m_485_> OD1/2 will be swapped:      172.5689      194   194
iupac_m_483_> CD1/2 CE1/2 swapped:       94.8093      198   198
iupac_m_397W> Atoms were not swapped because of the uncertainty of how to handle the H atom.
iupac_m_485_> OD1/2 will be swapped:     -169.7532      214   214
iupac_m_486_> OE1/2 will be swapped:     -109.4601      220   220
iupac_m_487_> NH1/2 swapped:     -179.8688      230   230
iupac_m_485_> OD1/2 will be swapped:     -157.3850      252   252
iupac_m_486_> OE1/2 will be swapped:     -126.1478      265   265
iupac_m_483_> CD1/2 CE1/2 swapped:      105.8444      266   266
iupac_m_397W> Atoms were not swapped because of the uncertainty of how to handle the H atom.
iupac_m_487_> NH1/2 swapped:     -179.7634      271   271


>> ENERGY; Differences between the model's features and restraints:
Number of all residues in MODEL                   :      277
Number of all, selected real atoms                :     2225     180
Number of all, selected pseudo atoms              :        0       0
Number of all static, selected restraints         :    26376    1586
COVALENT_CYS                                      :        F
NONBONDED_SEL_ATOMS                               :        1
Number of non-bonded pairs (excluding 1-2,1-3,1-4):      300
Dynamic pairs routine                             : 5, NATM_SEL x NATM double loop
Atomic shift for contacts update (UPDATE_DYNAMIC) :    0.390
LENNARD_JONES_SWITCH                              :    6.500   7.500
COULOMB_JONES_SWITCH                              :    6.500   7.500
RESIDUE_SPAN_RANGE                                :        0   99999
NLOGN_USE                                         :       15
CONTACT_SHELL                                     :    4.000
DYNAMIC_PAIRS,_SPHERE,_COULOMB,_LENNARD,_MODELLER :        T       T       F       F       F
SPHERE_STDV                                       :    0.050
RADII_FACTOR                                      :    0.820
Current energy                                    :         174.8898





Summary of the restraint violations: 

   NUM     ... number of restraints.
   NUMVI   ... number of restraints with RVIOL > VIOL_REPORT_CUT[i].
   RVIOL   ... relative difference from the best value.
   NUMVP   ... number of restraints with -Ln(pdf) > VIOL_REPORT_CUT2[i].
   RMS_1   ... RMS(feature, minimally_violated_basis_restraint, NUMB).
   RMS_2   ... RMS(feature, best_value, NUMB).
   MOL.PDF ... scaled contribution to -Ln(Molecular pdf).

 #                     RESTRAINT_GROUP      NUM   NUMVI  NUMVP   RMS_1   RMS_2         MOL.PDF     S_i
------------------------------------------------------------------------------------------------------
 1 Bond length potential              :     186       0      0   0.008   0.008      3.3423       1.000
 2 Bond angle potential               :     253       0      2   2.401   2.401      28.649       1.000
 3 Stereochemical cosine torsion poten:     112       0      5  51.388  51.388      44.581       1.000
 4 Stereochemical improper torsion pot:      71       1      1   2.585   2.585      16.092       1.000
 5 Soft-sphere overlap restraints     :     300       0      0   0.002   0.002     0.21343       1.000
 6 Lennard-Jones 6-12 potential       :       0       0      0   0.000   0.000      0.0000       1.000
 7 Coulomb point-point electrostatic p:       0       0      0   0.000   0.000      0.0000       1.000
 8 H-bonding potential                :       0       0      0   0.000   0.000      0.0000       1.000
 9 Distance restraints 1 (CA-CA)      :     266       0      0   0.154   0.154      2.1186       1.000
10 Distance restraints 2 (N-O)        :     254       0      0   0.200   0.200      4.8083       1.000
11 Mainchain Phi dihedral restraints  :       0       0      0   0.000   0.000      0.0000       1.000
12 Mainchain Psi dihedral restraints  :       0       0      0   0.000   0.000      0.0000       1.000
13 Mainchain Omega dihedral restraints:      25       0      1   4.932   4.932      7.1709       1.000
14 Sidechain Chi_1 dihedral restraints:      19       0      0  72.971  72.971      2.5794       1.000
15 Sidechain Chi_2 dihedral restraints:      16       0      0  68.110  68.110      3.7814       1.000
16 Sidechain Chi_3 dihedral restraints:      10       0      0 108.083 108.083      7.8633       1.000
17 Sidechain Chi_4 dihedral restraints:       5       0      0  90.546  90.546      3.3660       1.000
18 Disulfide distance restraints      :       0       0      0   0.000   0.000      0.0000       1.000
19 Disulfide angle restraints         :       0       0      0   0.000   0.000      0.0000       1.000
20 Disulfide dihedral angle restraints:       0       0      0   0.000   0.000      0.0000       1.000
21 Lower bound distance restraints    :       0       0      0   0.000   0.000      0.0000       1.000
22 Upper bound distance restraints    :       0       0      0   0.000   0.000      0.0000       1.000
23 Distance restraints 3 (SDCH-MNCH)  :     206       0      0   0.393   0.393      1.0677       1.000
24 Sidechain Chi_5 dihedral restraints:       0       0      0   0.000   0.000      0.0000       1.000
25 Phi/Psi pair of dihedral restraints:      27      12      9  46.335 117.451      43.946       1.000
26 Distance restraints 4 (SDCH-SDCH)  :     136       0      0   0.592   0.592      5.3111       1.000
27 Distance restraints 5 (X-Y)        :       0       0      0   0.000   0.000      0.0000       1.000
28 NMR distance restraints 6 (X-Y)    :       0       0      0   0.000   0.000      0.0000       1.000
29 NMR distance restraints 7 (X-Y)    :       0       0      0   0.000   0.000      0.0000       1.000
30 Minimal distance restraints        :       0       0      0   0.000   0.000      0.0000       1.000
31 Non-bonded restraints              :       0       0      0   0.000   0.000      0.0000       1.000
32 Atomic accessibility restraints    :       0       0      0   0.000   0.000      0.0000       1.000
33 Atomic density restraints          :       0       0      0   0.000   0.000      0.0000       1.000
34 Absolute position restraints       :       0       0      0   0.000   0.000      0.0000       1.000
35 Dihedral angle difference restraint:       0       0      0   0.000   0.000      0.0000       1.000
36 GBSA implicit solvent potential    :       0       0      0   0.000   0.000      0.0000       1.000
37 EM density fitting potential       :       0       0      0   0.000   0.000      0.0000       1.000
38 SAXS restraints                    :       0       0      0   0.000   0.000      0.0000       1.000
39 Symmetry restraints                :       0       0      0   0.000   0.000      0.0000       1.000



openf___224_> Open           4I24_A_full.V99990001
# Heavy relative violation of each residue is written to: 4I24_A_full.V99990001
# The profile is NOT normalized by the number of restraints.
# The profiles are smoothed over a window of residues:    1
# The sum of all numbers in the file:    4235.3804



List of the violated restraints:
   A restraint is violated when the relative difference
   from the best value (RVIOL) is larger than CUTOFF.

   ICSR   ... index of a restraint in the current set.
   RESNO  ... residue numbers of the first two atoms.
   ATM    ... IUPAC atom names of the first two atoms.
   FEAT   ... the value of the feature in the model.
   restr  ... the mean of the basis restraint with the smallest
              difference from the model (local minimum).
   viol   ... difference from the local minimum.
   rviol  ... relative difference from the local minimum.
   RESTR  ... the best value (global minimum).
   VIOL   ... difference from the best value.
   RVIOL  ... relative difference from the best value.


-------------------------------------------------------------------------------------------------

Feature  4                           : Stereochemical improper torsion potentia
List of the RVIOL violations larger than   :       4.5000

    #   ICSR  RESNO1/2 ATM1/2   INDATM1/2    FEAT   restr    viol   rviol   RESTR    VIOL   RVIOL
    1   6962  48A  48A C   CA    380  378   19.55    0.00   19.55    6.88    0.00   19.55    6.88

-------------------------------------------------------------------------------------------------

Feature 25                           : Phi/Psi pair of dihedral restraints     
List of the RVIOL violations larger than   :       6.5000

    #   ICSR  RESNO1/2 ATM1/2   INDATM1/2    FEAT   restr    viol   rviol   RESTR    VIOL   RVIOL
    1   7778  47E  48A C   N     375  377 -180.00 -134.00   46.78    1.88  -62.50 -145.53   32.20
    1         48A  48A N   CA    377  378  138.52  147.00                  -40.90
    2   7779  48A  49T C   N     380  382  129.96 -124.80  150.16    4.84  -63.20  179.90   30.70
    2         49T  49T N   CA    382  383 -109.39  143.50                  -42.10
    3   7780  49T  50S C   N     387  389  -89.85  -72.40   24.17    1.15  -64.10  157.99   13.15
    3         50S  50S N   CA    389  390  169.12  152.40                  -35.00
    4   7782  51P  52K C   N     400  402 -126.09 -118.00   37.82    1.71  -62.90  156.48   24.10
    4         52K  52K N   CA    402  403  176.05  139.10                  -40.80
    5   7893 162A 163E C   N    1279 1281 -180.00 -117.80   71.71    2.10  -63.60 -172.32   31.22
    5        163E 163E N   CA   1281 1282  172.48  136.80                  -40.30
    6   7894 163E 164E C   N    1288 1290 -170.48 -117.80   76.59    2.50  -63.60  166.22   27.80
    6        164E 164E N   CA   1290 1291 -167.60  136.80                  -40.30
    7   7896 165K 166E C   N    1306 1308 -121.21 -117.80   47.57    2.33  -63.60  147.20   22.87
    7        166E 166E N   CA   1308 1309 -175.75  136.80                  -40.30
    8   7898 167Y 168H C   N    1327 1329  -78.40  -67.60   53.47    4.41  -63.20  130.82   15.46
    8        168H 168H N   CA   1329 1330   87.64  140.00                  -42.30
    9   7900 169A 170E C   N    1342 1344 -163.61 -117.80   68.22    2.26  -63.60  165.88   27.48
    9        170E 170E N   CA   1344 1345 -172.64  136.80                  -40.30
   10   7901 170E 171G C   N    1351 1353  -62.94  -62.40    2.12    0.29   82.20  152.77   11.58
   10        171G 171G N   CA   1353 1354  -39.15  -41.20                    8.50
   11   7903 172G 173K C   N    1359 1361 -135.94 -118.00   25.98    0.93  -62.90  177.07   27.37
   11        173K 173K N   CA   1361 1362  157.89  139.10                  -40.80
   12   7905 174V 175P C   N    1375 1377  -67.70  -64.50   62.37    4.82  -58.70  115.76    8.86
   12        175P 175P N   CA   1377 1378   84.91  147.20                  -30.50


report______> Distribution of short non-bonded contacts:


DISTANCE1:  0.00 2.10 2.20 2.30 2.40 2.50 2.60 2.70 2.80 2.90 3.00 3.10 3.20 3.30 3.40
DISTANCE2:  2.10 2.20 2.30 2.40 2.50 2.60 2.70 2.80 2.90 3.00 3.10 3.20 3.30 3.40 3.50
FREQUENCY:     0    0    0    0    1    6   16   41   89  158  131  208  241  292  354


<< end of ENERGY.
openf___224_> Open           4I24_A_full.B99990001.pdb
wrpdb___568_> Residues, atoms, selected atoms:      277     2225     2225

>> Summary of successfully produced models:
Filename                          molpdf
----------------------------------------
4I24_A_full.B99990001.pdb      174.88976


Dynamically allocated memory at          finish [B,KiB,MiB]:      5056871    4938.351     4.823
Starting time                                            : 2018/02/20 13:02:31
Closing time                                             : 2018/02/20 13:02:36
Total CPU time [seconds]                                 :       5.09
