
                         MODELLER 9.19, 2017/07/19, r11078

     PROTEIN STRUCTURE MODELLING BY SATISFACTION OF SPATIAL RESTRAINTS


                     Copyright(c) 1989-2017 Andrej Sali
                            All Rights Reserved

                             Written by A. Sali
                               with help from
              B. Webb, M.S. Madhusudhan, M-Y. Shen, G.Q. Dong,
          M.A. Marti-Renom, N. Eswar, F. Alber, M. Topf, B. Oliva,
             A. Fiser, R. Sanchez, B. Yerkovich, A. Badretdinov,
                     F. Melo, J.P. Overington, E. Feyfant
                 University of California, San Francisco, USA
                    Rockefeller University, New York, USA
                      Harvard University, Cambridge, USA
                   Imperial Cancer Research Fund, London, UK
              Birkbeck College, University of London, London, UK


Kind, OS, HostName, Kernel, Processor: 4, Linux german-xps 4.14.6-041406-generic x86_64
Date and time of compilation         : 2017/07/19 15:03:51
MODELLER executable type             : x86_64-intel8
Job starting time (YY/MM/DD HH:MM:SS): 2018/02/20 13:01:39

openf___224_> Open           $(LIB)/restyp.lib
openf___224_> Open           ${MODINSTALL9v19}/modlib/resgrp.lib
rdresgr_266_> Number of residue groups:        2
openf___224_> Open           ${MODINSTALL9v19}/modlib/sstruc.lib

Dynamically allocated memory at   amaxlibraries [B,KiB,MiB]:       191566     187.076     0.183

Dynamically allocated memory at   amaxlibraries [B,KiB,MiB]:       192094     187.592     0.183
openf___224_> Open           ${MODINSTALL9v19}/modlib/resdih.lib

Dynamically allocated memory at   amaxlibraries [B,KiB,MiB]:       240694     235.053     0.230
rdrdih__263_> Number of dihedral angle types         :        9
              Maximal number of dihedral angle optima:        3
              Dihedral angle names                   :  Alph Phi Psi Omeg chi1 chi2 chi3 chi4 chi5
openf___224_> Open           ${MODINSTALL9v19}/modlib/radii.lib

Dynamically allocated memory at   amaxlibraries [B,KiB,MiB]:       253994     248.041     0.242
openf___224_> Open           ${MODINSTALL9v19}/modlib/radii14.lib
openf___224_> Open           ${MODINSTALL9v19}/modlib/af_mnchdef.lib
rdwilmo_274_> Mainchain residue conformation classes:  APBLE
openf___224_> Open           ${MODINSTALL9v19}/modlib/mnch.lib
rdclass_257_> Number of classes:        5
openf___224_> Open           ${MODINSTALL9v19}/modlib/mnch1.lib
openf___224_> Open           ${MODINSTALL9v19}/modlib/mnch2.lib
openf___224_> Open           ${MODINSTALL9v19}/modlib/mnch3.lib
openf___224_> Open           ${MODINSTALL9v19}/modlib/xs4.mat
rdrrwgh_268_> Number of residue types:       21
openf___224_> Open           /home/german/labo/18/egfr/model/3UG1_A/to_model_3UG1_A

Dynamically allocated memory at   amaxalignment [B,KiB,MiB]:       265487     259.265     0.253

Dynamically allocated memory at   amaxalignment [B,KiB,MiB]:       266937     260.681     0.255

Dynamically allocated memory at   amaxalignment [B,KiB,MiB]:       269837     263.513     0.257

Dynamically allocated memory at   amaxalignment [B,KiB,MiB]:       275637     269.177     0.263

Dynamically allocated memory at   amaxalignment [B,KiB,MiB]:       392693     383.489     0.375

Dynamically allocated memory at    amaxsequence [B,KiB,MiB]:       393873     384.642     0.376

Dynamically allocated memory at    amaxsequence [B,KiB,MiB]:       394977     385.720     0.377

Read the alignment from file       : /home/german/labo/18/egfr/model/3UG1_A/to_model_3UG1_A
Total number of alignment positions:   304

  #  Code        #_Res #_Segm PDB_code    Name
-------------------------------------------------------------------------------
  1     3UG1_A     296      1      3UG1_A
  2  3UG1_A_fu     277      1
check_a_343_> >> BEGINNING OF COMMAND
openf___224_> Open           ./3UG1_A.pdb

Dynamically allocated memory at amaxcoordinates [B,KiB,MiB]:       485502     474.123     0.463

Dynamically allocated memory at    amaxsequence [B,KiB,MiB]:       485502     474.123     0.463

Dynamically allocated memory at amaxcoordinates [B,KiB,MiB]:       485673     474.290     0.463

Dynamically allocated memory at amaxcoordinates [B,KiB,MiB]:       486523     475.120     0.464

Dynamically allocated memory at amaxcoordinates [B,KiB,MiB]:       487781     476.349     0.465

Dynamically allocated memory at amaxcoordinates [B,KiB,MiB]:       489685     478.208     0.467

Dynamically allocated memory at    amaxsequence [B,KiB,MiB]:       489685     478.208     0.467

Dynamically allocated memory at amaxcoordinates [B,KiB,MiB]:       489775     478.296     0.467

Dynamically allocated memory at amaxcoordinates [B,KiB,MiB]:       492631     481.085     0.470

Dynamically allocated memory at    amaxsequence [B,KiB,MiB]:       492631     481.085     0.470

Dynamically allocated memory at amaxcoordinates [B,KiB,MiB]:       492766     481.217     0.470

Dynamically allocated memory at amaxcoordinates [B,KiB,MiB]:       497050     485.400     0.474

Dynamically allocated memory at    amaxsequence [B,KiB,MiB]:       497050     485.400     0.474

Dynamically allocated memory at amaxcoordinates [B,KiB,MiB]:       497248     485.594     0.474

Dynamically allocated memory at amaxcoordinates [B,KiB,MiB]:       503674     491.869     0.480

Dynamically allocated memory at    amaxsequence [B,KiB,MiB]:       503674     491.869     0.480

Dynamically allocated memory at amaxcoordinates [B,KiB,MiB]:       503971     492.159     0.481

Dynamically allocated memory at amaxcoordinates [B,KiB,MiB]:       513593     501.556     0.490

Dynamically allocated memory at    amaxsequence [B,KiB,MiB]:       513593     501.556     0.490

Dynamically allocated memory at amaxcoordinates [B,KiB,MiB]:       514043     501.995     0.490

Dynamically allocated memory at amaxcoordinates [B,KiB,MiB]:       528493     516.106     0.504

Dynamically allocated memory at    amaxsequence [B,KiB,MiB]:       528493     516.106     0.504

Dynamically allocated memory at amaxcoordinates [B,KiB,MiB]:       529168     516.766     0.505

Dynamically allocated memory at amaxcoordinates [B,KiB,MiB]:       550826     537.916     0.525

Dynamically allocated memory at    amaxsequence [B,KiB,MiB]:       550826     537.916     0.525

Dynamically allocated memory at amaxcoordinates [B,KiB,MiB]:       551834     538.900     0.526

Dynamically allocated memory at amaxcoordinates [B,KiB,MiB]:       584338     570.643     0.557

Dynamically allocated memory at   amaxstructure [B,KiB,MiB]:       583969     570.282     0.557

check_ali___> Checking the sequence-structure alignment. 

Implied intrachain target CA(i)-CA(i+1) distances longer than  8.0 angstroms:

ALN_POS  TMPL  RID1  RID2  NAM1  NAM2     DIST
----------------------------------------------
END OF TABLE
check_a_344_> << END OF COMMAND
openf___224_> Open           ${LIB}/top_heav.lib
read_to_681_> topology.submodel read from topology file:        3
openf___224_> Open           ${LIB}/par.lib

Dynamically allocated memory at  amaxparameters [B,KiB,MiB]:       723221     706.271     0.690

Dynamically allocated memory at  amaxparameters [B,KiB,MiB]:       724821     707.833     0.691

Dynamically allocated memory at  amaxparameters [B,KiB,MiB]:       728801     711.720     0.695

Dynamically allocated memory at  amaxparameters [B,KiB,MiB]:       730801     713.673     0.697

Dynamically allocated memory at  amaxparameters [B,KiB,MiB]:       733801     716.603     0.700

Dynamically allocated memory at  amaxparameters [B,KiB,MiB]:       738301     720.997     0.704

Dynamically allocated memory at  amaxparameters [B,KiB,MiB]:       743873     726.438     0.709

Dynamically allocated memory at  amaxparameters [B,KiB,MiB]:       746673     729.173     0.712

Dynamically allocated memory at  amaxparameters [B,KiB,MiB]:       750873     733.274     0.716

Dynamically allocated memory at  amaxparameters [B,KiB,MiB]:       757173     739.427     0.722

Dynamically allocated memory at  amaxparameters [B,KiB,MiB]:       759945     742.134     0.725

Dynamically allocated memory at  amaxparameters [B,KiB,MiB]:       761345     743.501     0.726
read_pa_232_> parameters    BONDS   ANGLS  DIHEDS IMPROPS    MODE
                              227     561     661     112       0

Dynamically allocated memory at       amaxmodel [B,KiB,MiB]:       804677     785.817     0.767

Dynamically allocated memory at       amaxmodel [B,KiB,MiB]:      1024687    1000.671     0.977

Dynamically allocated memory at       amaxmodel [B,KiB,MiB]:      1057695    1032.905     1.009

mkilst______> segment topology constructed from sequence and RTF:
              segments residues atoms bonds angles dihedrals impropers:
                     1      277  2226  2276      0         0       925

Dynamically allocated memory at       amaxmodel [B,KiB,MiB]:      1153135    1126.108     1.100

patch_______> segment topology patched using RTF:     1  ;  LEU  ;  NTER
              segments residues atoms bonds angles dihedrals impropers:
                     1      277  2226  2276   3077      3659       925


Dynamically allocated memory at       amaxmodel [B,KiB,MiB]:      1245231    1216.046     1.188
patch_______> segment topology patched using RTF:   277  ;  LEU  ;  CTER
              segments residues atoms bonds angles dihedrals impropers:
                     1      277  2227  2277   3079      3661       926

genseg______> segment topology constructed from sequence and RTF:
              segments residues atoms bonds angles dihedrals impropers:
                     1      277  2227  2277   3079      3661       926
transfe_506_> MODEL is an average of all templates.
transfe_511_> Number of templates for coordinate transfer:        1
              After transferring coordinates of the equivalent template atoms,
              there are defined, undefined atoms in MODEL:     2110      117
openf___224_> Open           3UG1_A_full.ini
wrpdb___568_> Residues, atoms, selected atoms:      277     2227     2227
make_re_417_> Restraint type to be calculated:  stereo

Dynamically allocated memory at  amaxrestraints [B,KiB,MiB]:      1352280    1320.586     1.290

Dynamically allocated memory at  amaxrestraints [B,KiB,MiB]:      1360472    1328.586     1.297

Dynamically allocated memory at  amaxrestraints [B,KiB,MiB]:      1376856    1344.586     1.313

Dynamically allocated memory at  amaxrestraints [B,KiB,MiB]:      1409624    1376.586     1.344

Dynamically allocated memory at  amaxrestraints [B,KiB,MiB]:      1442392    1408.586     1.376

Dynamically allocated memory at  amaxrestraints [B,KiB,MiB]:      1507928    1472.586     1.438

Dynamically allocated memory at  amaxrestraints [B,KiB,MiB]:      1540696    1504.586     1.469

Dynamically allocated memory at  amaxrestraints [B,KiB,MiB]:      1573464    1536.586     1.501

Dynamically allocated memory at  amaxrestraints [B,KiB,MiB]:      1639000    1600.586     1.563

Dynamically allocated memory at  amaxrestraints [B,KiB,MiB]:      1770072    1728.586     1.688

Dynamically allocated memory at  amaxrestraints [B,KiB,MiB]:      1835608    1792.586     1.751

Dynamically allocated memory at  amaxrestraints [B,KiB,MiB]:      1901144    1856.586     1.813

Dynamically allocated memory at  amaxrestraints [B,KiB,MiB]:      2032216    1984.586     1.938

Dynamically allocated memory at  amaxrestraints [B,KiB,MiB]:      2294360    2240.586     2.188
r_stere_606_> Stereochemical restraints were constructed from RTF & PRMF.
              Added bond,angle,dihedral,improper restraints  :     2277    3079    3502     912
              Total number of restraints before, now         :        0     9770
make_re_422_> Number of previous, current restraints         :        0     9770
make_re_423_> Number of previous, current selected restraints:        0     9770
make_re_417_> Restraint type to be calculated:  phi-psi_binormal

Dynamically allocated memory at   amaxstructure [B,KiB,MiB]:      2455106    2397.564     2.341
openf___224_> Open           ${MODINSTALL9v19}/modlib/mnch1.bin
openf___224_> Open           ${MODINSTALL9v19}/modlib/mnch1.mdt
errdih__638_> Missing atoms in a dihedral, residue index, residue type:        5       20  LYS
errdih__638_> Missing atoms in a dihedral, residue index, residue type:        5       35  GLU
errdih__638_> Missing atoms in a dihedral, residue index, residue type:        5       38  LYS
errdih__638_> Missing atoms in a dihedral, residue index, residue type:        5       50  LYS
errdih__638_> Missing atoms in a dihedral, residue index, residue type:        5       53  LYS
errdih__638_> Missing atoms in a dihedral, residue index, residue type:        5      100  GLU
errdih__638_> Missing atoms in a dihedral, residue index, residue type:        5      161  GLU
errdih__638_> Missing atoms in a dihedral, residue index, residue type:        5      163  LYS
errdih__638_> Missing atoms in a dihedral, residue index, residue type:        5      168  GLU
errdih__638_> Missing atoms in a dihedral, residue index, residue type:        5      171  LYS
errdih__638_> Missing atoms in a dihedral, residue index, residue type:        5      185  ARG
errdih__638_> Missing atoms in a dihedral, residue index, residue type:        5      218  GLU
errdih__638_> Missing atoms in a dihedral, residue index, residue type:        5      225  LYS
errdih__638_> Missing atoms in a dihedral, residue index, residue type:        5      236  THR
errdih__638_> Missing atoms in a dihedral, residue index, residue type:        5      278  GLN
errdih__638_> Missing atoms in a dihedral, residue index, residue type:        5      282  GLU
errdih__638_> Missing atoms in a dihedral, residue index, residue type:        5      283  GLU
errdih__638_> Missing atoms in a dihedral, residue index, residue type:        5      284  ASP
errdih__638_> Missing atoms in a dihedral, residue index, residue type:        5      285  MET
errdih__638_> Missing atoms in a dihedral, residue index, residue type:        6       20  LYS
errdih__638_> Missing atoms in a dihedral, residue index, residue type:        6       35  GLU
errdih__638_> Missing atoms in a dihedral, residue index, residue type:        6       38  LYS
errdih__638_> Missing atoms in a dihedral, residue index, residue type:        6       50  LYS
errdih__638_> Missing atoms in a dihedral, residue index, residue type:        6       53  LYS
errdih__638_> Missing atoms in a dihedral, residue index, residue type:        6      100  GLU
errdih__638_> Missing atoms in a dihedral, residue index, residue type:        6      161  GLU
errdih__638_> Missing atoms in a dihedral, residue index, residue type:        6      163  LYS
errdih__638_> Missing atoms in a dihedral, residue index, residue type:        6      168  GLU
errdih__638_> Missing atoms in a dihedral, residue index, residue type:        6      171  LYS
errdih__638_> Missing atoms in a dihedral, residue index, residue type:        6      185  ARG
errdih__638_> Missing atoms in a dihedral, residue index, residue type:        6      218  GLU
errdih__638_> Missing atoms in a dihedral, residue index, residue type:        6      225  LYS
errdih__638_> Missing atoms in a dihedral, residue index, residue type:        6      278  GLN
errdih__638_> Missing atoms in a dihedral, residue index, residue type:        6      282  GLU
errdih__638_> Missing atoms in a dihedral, residue index, residue type:        6      283  GLU
errdih__638_> Missing atoms in a dihedral, residue index, residue type:        6      284  ASP
errdih__638_> Missing atoms in a dihedral, residue index, residue type:        6      285  MET
errdih__638_> Missing atoms in a dihedral, residue index, residue type:        7       20  LYS
errdih__638_> Missing atoms in a dihedral, residue index, residue type:        7       35  GLU
errdih__638_> Missing atoms in a dihedral, residue index, residue type:        7       38  LYS
errdih__638_> Missing atoms in a dihedral, residue index, residue type:        7       50  LYS
errdih__638_> Missing atoms in a dihedral, residue index, residue type:        7       53  LYS
errdih__638_> Missing atoms in a dihedral, residue index, residue type:        7      100  GLU
errdih__638_> Missing atoms in a dihedral, residue index, residue type:        7      161  GLU
errdih__638_> Missing atoms in a dihedral, residue index, residue type:        7      163  LYS
errdih__638_> Missing atoms in a dihedral, residue index, residue type:        7      168  GLU
errdih__638_> Missing atoms in a dihedral, residue index, residue type:        7      171  LYS
errdih__638_> Missing atoms in a dihedral, residue index, residue type:        7      185  ARG
errdih__638_> Missing atoms in a dihedral, residue index, residue type:        7      218  GLU
errdih__638_> Missing atoms in a dihedral, residue index, residue type:        7      225  LYS
errdih__638_> Missing atoms in a dihedral, residue index, residue type:        7      278  GLN
errdih__638_> Missing atoms in a dihedral, residue index, residue type:        7      282  GLU
errdih__638_> Missing atoms in a dihedral, residue index, residue type:        7      283  GLU
errdih__638_> Missing atoms in a dihedral, residue index, residue type:        7      285  MET
errdih__638_> Missing atoms in a dihedral, residue index, residue type:        8       20  LYS
errdih__638_> Missing atoms in a dihedral, residue index, residue type:        8       38  LYS
errdih__638_> Missing atoms in a dihedral, residue index, residue type:        8       50  LYS
errdih__638_> Missing atoms in a dihedral, residue index, residue type:        8       53  LYS
errdih__638_> Missing atoms in a dihedral, residue index, residue type:        8      163  LYS
errdih__638_> Missing atoms in a dihedral, residue index, residue type:        8      171  LYS
errdih__638_> Missing atoms in a dihedral, residue index, residue type:        8      185  ARG
errdih__638_> Missing atoms in a dihedral, residue index, residue type:        8      225  LYS
getdata_643_> Protein accepted:  3UG1_A
getdata_289_> Proteins (all/accepted):        1        1

Dynamically allocated memory at  amaxrestraints [B,KiB,MiB]:      2586194    2525.580     2.466
make_re_422_> Number of previous, current restraints         :     9770    10045
make_re_423_> Number of previous, current selected restraints:     9770    10045
make_re_417_> Restraint type to be calculated:  omega_dihedral

Dynamically allocated memory at   amaxstructure [B,KiB,MiB]:      2586194    2525.580     2.466
openf___224_> Open           ${MODINSTALL9v19}/modlib/omega.bin
openf___224_> Open           ${MODINSTALL9v19}/modlib/omega.mdt
getdata_643_> Protein accepted:  3UG1_A
getdata_289_> Proteins (all/accepted):        1        1
omgdel__425_> Unselected all O C +N +CA dihedrals:      290
              (This is to avoid clashes between STEREO
              and OMEGA_DIHEDRAL restraints)
make_re_422_> Number of previous, current restraints         :    10045    10321
make_re_423_> Number of previous, current selected restraints:    10045    10031
make_re_417_> Restraint type to be calculated:  chi1_dihedral

Dynamically allocated memory at   amaxstructure [B,KiB,MiB]:      2586194    2525.580     2.466
openf___224_> Open           ${MODINSTALL9v19}/modlib/chi1234.bin
openf___224_> Open           ${MODINSTALL9v19}/modlib/chi1.mdt
getdata_643_> Protein accepted:  3UG1_A
getdata_289_> Proteins (all/accepted):        1        1

Dynamically allocated memory at  amaxrestraints [B,KiB,MiB]:      2717266    2653.580     2.591
make_re_422_> Number of previous, current restraints         :    10321    10566
make_re_423_> Number of previous, current selected restraints:    10031    10276
make_re_417_> Restraint type to be calculated:  chi2_dihedral

Dynamically allocated memory at   amaxstructure [B,KiB,MiB]:      2717266    2653.580     2.591
openf___224_> Open           ${MODINSTALL9v19}/modlib/chi1234.bin
openf___224_> Open           ${MODINSTALL9v19}/modlib/chi2.mdt
getdata_643_> Protein accepted:  3UG1_A
getdata_289_> Proteins (all/accepted):        1        1
make_re_422_> Number of previous, current restraints         :    10566    10759
make_re_423_> Number of previous, current selected restraints:    10276    10469
make_re_417_> Restraint type to be calculated:  chi3_dihedral

Dynamically allocated memory at   amaxstructure [B,KiB,MiB]:      2717266    2653.580     2.591
openf___224_> Open           ${MODINSTALL9v19}/modlib/chi1234.bin
openf___224_> Open           ${MODINSTALL9v19}/modlib/chi3.mdt
getdata_643_> Protein accepted:  3UG1_A
getdata_289_> Proteins (all/accepted):        1        1
make_re_422_> Number of previous, current restraints         :    10759    10849
make_re_423_> Number of previous, current selected restraints:    10469    10559
make_re_417_> Restraint type to be calculated:  chi4_dihedral

Dynamically allocated memory at   amaxstructure [B,KiB,MiB]:      2717266    2653.580     2.591
openf___224_> Open           ${MODINSTALL9v19}/modlib/chi1234.bin
openf___224_> Open           ${MODINSTALL9v19}/modlib/chi4.mdt
mdtrsr__446W> A potential that relies on one protein is used, yet you have at
              least one known structure available. MDT, not library, potential is used.
getdata_643_> Protein accepted:  3UG1_A
getdata_289_> Proteins (all/accepted):        1        1
make_re_422_> Number of previous, current restraints         :    10849    10886
make_re_423_> Number of previous, current selected restraints:    10559    10596
make_re_417_> Restraint type to be calculated:  DISTANCE

Dynamically allocated memory at amaxhash_contac [B,KiB,MiB]:      3358606    3279.889     3.203
make_re_422_> Number of previous, current restraints         :    10886    16314
make_re_423_> Number of previous, current selected restraints:    10596    16024
make_re_417_> Restraint type to be calculated:  DISTANCE

Dynamically allocated memory at  amaxrestraints [B,KiB,MiB]:      3620750    3535.889     3.453

Dynamically allocated memory at  amaxrestraints [B,KiB,MiB]:      3882894    3791.889     3.703

Dynamically allocated memory at  amaxrestraints [B,KiB,MiB]:      4407182    4303.889     4.203
make_re_422_> Number of previous, current restraints         :    16314    21772
make_re_423_> Number of previous, current selected restraints:    16024    21482
make_re_417_> Restraint type to be calculated:  DISTANCE

Dynamically allocated memory at  amaxrestraints [B,KiB,MiB]:      4669326    4559.889     4.453
make_re_422_> Number of previous, current restraints         :    21772    26236
make_re_423_> Number of previous, current selected restraints:    21482    25946
make_re_417_> Restraint type to be calculated:  DISTANCE
make_re_422_> Number of previous, current restraints         :    26236    28934
make_re_423_> Number of previous, current selected restraints:    25946    28644
0 atoms in HETATM/BLK residues constrained
to protein atoms within 2.30 angstroms
and protein CA atoms within 10.00 angstroms
make_re_417_> Restraint type to be calculated:  DISTANCE
make_re_422_> Number of previous, current restraints         :    28934    28934
make_re_423_> Number of previous, current selected restraints:    28644    28644
make_re_417_> Restraint type to be calculated:  DISTANCE
make_re_422_> Number of previous, current restraints         :    28934    28934
make_re_423_> Number of previous, current selected restraints:    28644    28644
make_re_417_> Restraint type to be calculated:  DISTANCE
make_re_422_> Number of previous, current restraints         :    28934    28934
make_re_423_> Number of previous, current selected restraints:    28644    28644
make_re_417_> Restraint type to be calculated:  DISTANCE
make_re_422_> Number of previous, current restraints         :    28934    28934
make_re_423_> Number of previous, current selected restraints:    28644    28644
0 atoms in residues without defined topology
constrained to be rigid bodies
make_re_417_> Restraint type to be calculated:  DISTANCE
make_re_422_> Number of previous, current restraints         :    28934    28934
make_re_423_> Number of previous, current selected restraints:    28644    28644
rmdupl__427_>     1740 redundant cosine dihedral restraints were unselected.
condens_443_> Restraints marked for deletion were removed.
              Total number of restraints before, now:    28934    26904
openf___224_> Open           3UG1_A_full.rsr
openf___224_> Open           3UG1_A_full.rsr

Dynamically allocated memory at  amaxrestraints [B,KiB,MiB]:      4711787    4601.354     4.494
rdcsr2__307_> Number of restraints read    :    26904
              Number of excluded pairs read:        0
              Number of pseudo atoms read  :        0
rdcsrs__304_> Restraints in memory, selected restraints:    26904    26904
              Explicitly excluded atom pairs in memory :        0
              Pseudo atoms in memory                   :        0
115 (of 2227 total) atoms selected for optimization
openf___224_> Open           3UG1_A_full.ini

Dynamically allocated memory at       amaxmodel [B,KiB,MiB]:      4711811    4601.378     4.494
read_mo_297_> Segments, residues, atoms:        1      277     2227
read_mo_298_> Segment:        1     1   277     2227
randomi_498_> Atoms,selected atoms,random_seed,amplitude:     2227      115        1        4.0000
randomi_496_> Amplitude is > 0; randomization is done.
pick_re_612_> Number of MODEL atoms, selected restraints;      115      806
pick_re_612_> Number of MODEL atoms, selected restraints;      115      918
pick_re_612_> Number of MODEL atoms, selected restraints;      115      961
pick_re_612_> Number of MODEL atoms, selected restraints;      115     1031
pick_re_612_> Number of MODEL atoms, selected restraints;      115     1177
pick_re_612_> Number of MODEL atoms, selected restraints;      115     1282
pick_re_612_> Number of MODEL atoms, selected restraints;      115     1323
pick_re_612_> Number of MODEL atoms, selected restraints;      115     1608

Dynamically allocated memory at  amaxrestraints [B,KiB,MiB]:      5057839    4939.296     4.824
pick_re_612_> Number of MODEL atoms, selected restraints;      115     1664
pick_re_612_> Number of MODEL atoms, selected restraints;      115     1664
pick_re_612_> Number of MODEL atoms, selected restraints;      115     1664
iupac_m_487_> NH1/2 swapped:      176.2562        3     3
iupac_m_486_> OE1/2 will be swapped:     -145.0269        7     7
iupac_m_483_> CD1/2 CE1/2 swapped:       90.0577       21    21
iupac_m_397W> Atoms were not swapped because of the uncertainty of how to handle the H atom.
iupac_m_486_> OE1/2 will be swapped:      179.9657       32    32
iupac_m_487_> NH1/2 swapped:      179.9720       46    46
iupac_m_486_> OE1/2 will be swapped:     -180.0000       47    47
iupac_m_485_> OD1/2 will be swapped:      178.9613       59    59
iupac_m_483_> CD1/2 CE1/2 swapped:       90.9569       99    99
iupac_m_397W> Atoms were not swapped because of the uncertainty of how to handle the H atom.
iupac_m_484W> Dihedral still outside +-90:      -91.3635
iupac_m_486_> OE1/2 will be swapped:     -180.0000      102   102
iupac_m_483_> CD1/2 CE1/2 swapped:      -99.7140      111   111
iupac_m_397W> Atoms were not swapped because of the uncertainty of how to handle the H atom.
iupac_m_483_> CD1/2 CE1/2 swapped:      -92.6760      154   154
iupac_m_397W> Atoms were not swapped because of the uncertainty of how to handle the H atom.
iupac_m_486_> OE1/2 will be swapped:      180.0000      163   163
iupac_m_486_> OE1/2 will be swapped:      180.0000      170   170
iupac_m_487_> NH1/2 swapped:     -179.9657      187   187
iupac_m_483_> CD1/2 CE1/2 swapped:     -111.0349      189   189
iupac_m_397W> Atoms were not swapped because of the uncertainty of how to handle the H atom.
iupac_m_486_> OE1/2 will be swapped:      179.9720      220   220
iupac_m_486_> OE1/2 will be swapped:      141.9598      265   265
iupac_m_487_> NH1/2 swapped:      179.3181      275   275


>> ENERGY; Differences between the model's features and restraints:
Number of all residues in MODEL                   :      277
Number of all, selected real atoms                :     2227     115
Number of all, selected pseudo atoms              :        0       0
Number of all static, selected restraints         :    26904    1664
COVALENT_CYS                                      :        F
NONBONDED_SEL_ATOMS                               :        1
Number of non-bonded pairs (excluding 1-2,1-3,1-4):      279
Dynamic pairs routine                             : 5, NATM_SEL x NATM double loop
Atomic shift for contacts update (UPDATE_DYNAMIC) :    0.390
LENNARD_JONES_SWITCH                              :    6.500   7.500
COULOMB_JONES_SWITCH                              :    6.500   7.500
RESIDUE_SPAN_RANGE                                :        0   99999
NLOGN_USE                                         :       15
CONTACT_SHELL                                     :    4.000
DYNAMIC_PAIRS,_SPHERE,_COULOMB,_LENNARD,_MODELLER :        T       T       F       F       F
SPHERE_STDV                                       :    0.050
RADII_FACTOR                                      :    0.820
Current energy                                    :          62.3412





Summary of the restraint violations: 

   NUM     ... number of restraints.
   NUMVI   ... number of restraints with RVIOL > VIOL_REPORT_CUT[i].
   RVIOL   ... relative difference from the best value.
   NUMVP   ... number of restraints with -Ln(pdf) > VIOL_REPORT_CUT2[i].
   RMS_1   ... RMS(feature, minimally_violated_basis_restraint, NUMB).
   RMS_2   ... RMS(feature, best_value, NUMB).
   MOL.PDF ... scaled contribution to -Ln(Molecular pdf).

 #                     RESTRAINT_GROUP      NUM   NUMVI  NUMVP   RMS_1   RMS_2         MOL.PDF     S_i
------------------------------------------------------------------------------------------------------
 1 Bond length potential              :     119       0      0   0.003   0.003     0.39098       1.000
 2 Bond angle potential               :     161       0      0   1.938   1.938      10.801       1.000
 3 Stereochemical cosine torsion poten:      68       0      0  46.065  46.065      25.480       1.000
 4 Stereochemical improper torsion pot:      44       0      0   1.142   1.142      1.1649       1.000
 5 Soft-sphere overlap restraints     :     279       0      0   0.001   0.001     0.37729E-01   1.000
 6 Lennard-Jones 6-12 potential       :       0       0      0   0.000   0.000      0.0000       1.000
 7 Coulomb point-point electrostatic p:       0       0      0   0.000   0.000      0.0000       1.000
 8 H-bonding potential                :       0       0      0   0.000   0.000      0.0000       1.000
 9 Distance restraints 1 (CA-CA)      :     368       0      0   0.060   0.060     0.93120       1.000
10 Distance restraints 2 (N-O)        :     399       0      0   0.097   0.097      2.3239       1.000
11 Mainchain Phi dihedral restraints  :       0       0      0   0.000   0.000      0.0000       1.000
12 Mainchain Psi dihedral restraints  :       0       0      0   0.000   0.000      0.0000       1.000
13 Mainchain Omega dihedral restraints:      16       0      0   3.301   3.301      1.2457       1.000
14 Sidechain Chi_1 dihedral restraints:      12       0      0  37.287  37.287     -1.1159       1.000
15 Sidechain Chi_2 dihedral restraints:      12       0      0  48.829  48.829     0.17194       1.000
16 Sidechain Chi_3 dihedral restraints:       6       0      0  74.201  74.201      2.8618       1.000
17 Sidechain Chi_4 dihedral restraints:       5       0      0  71.097  71.097      2.5970       1.000
18 Disulfide distance restraints      :       0       0      0   0.000   0.000      0.0000       1.000
19 Disulfide angle restraints         :       0       0      0   0.000   0.000      0.0000       1.000
20 Disulfide dihedral angle restraints:       0       0      0   0.000   0.000      0.0000       1.000
21 Lower bound distance restraints    :       0       0      0   0.000   0.000      0.0000       1.000
22 Upper bound distance restraints    :       0       0      0   0.000   0.000      0.0000       1.000
23 Distance restraints 3 (SDCH-MNCH)  :     269       0      0   0.242   0.242      1.3158       1.000
24 Sidechain Chi_5 dihedral restraints:       0       0      0   0.000   0.000      0.0000       1.000
25 Phi/Psi pair of dihedral restraints:      18       1      2  35.887  43.557      9.7629       1.000
26 Distance restraints 4 (SDCH-SDCH)  :     167       0      0   0.516   0.516      4.3725       1.000
27 Distance restraints 5 (X-Y)        :       0       0      0   0.000   0.000      0.0000       1.000
28 NMR distance restraints 6 (X-Y)    :       0       0      0   0.000   0.000      0.0000       1.000
29 NMR distance restraints 7 (X-Y)    :       0       0      0   0.000   0.000      0.0000       1.000
30 Minimal distance restraints        :       0       0      0   0.000   0.000      0.0000       1.000
31 Non-bonded restraints              :       0       0      0   0.000   0.000      0.0000       1.000
32 Atomic accessibility restraints    :       0       0      0   0.000   0.000      0.0000       1.000
33 Atomic density restraints          :       0       0      0   0.000   0.000      0.0000       1.000
34 Absolute position restraints       :       0       0      0   0.000   0.000      0.0000       1.000
35 Dihedral angle difference restraint:       0       0      0   0.000   0.000      0.0000       1.000
36 GBSA implicit solvent potential    :       0       0      0   0.000   0.000      0.0000       1.000
37 EM density fitting potential       :       0       0      0   0.000   0.000      0.0000       1.000
38 SAXS restraints                    :       0       0      0   0.000   0.000      0.0000       1.000
39 Symmetry restraints                :       0       0      0   0.000   0.000      0.0000       1.000



openf___224_> Open           3UG1_A_full.V99990001
# Heavy relative violation of each residue is written to: 3UG1_A_full.V99990001
# The profile is NOT normalized by the number of restraints.
# The profiles are smoothed over a window of residues:    1
# The sum of all numbers in the file:    1065.7051



List of the violated restraints:
   A restraint is violated when the relative difference
   from the best value (RVIOL) is larger than CUTOFF.

   ICSR   ... index of a restraint in the current set.
   RESNO  ... residue numbers of the first two atoms.
   ATM    ... IUPAC atom names of the first two atoms.
   FEAT   ... the value of the feature in the model.
   restr  ... the mean of the basis restraint with the smallest
              difference from the model (local minimum).
   viol   ... difference from the local minimum.
   rviol  ... relative difference from the local minimum.
   RESTR  ... the best value (global minimum).
   VIOL   ... difference from the best value.
   RVIOL  ... relative difference from the best value.


-------------------------------------------------------------------------------------------------

Feature 25                           : Phi/Psi pair of dihedral restraints     
List of the RVIOL violations larger than   :       6.5000

    #   ICSR  RESNO1/2 ATM1/2   INDATM1/2    FEAT   restr    viol   rviol   RESTR    VIOL   RVIOL
    1   7789  49T  50S C   N     389  391   57.39  -72.40  134.34    8.48 -136.60  169.34    7.60
    1         50S  50S N   CA    391  392  117.75  152.40                  151.20


report______> Distribution of short non-bonded contacts:

  serious non-bonded atom clash:   357  641   2.224
  serious non-bonded atom clash:   358  641   1.171
  serious non-bonded atom clash:   358  642   2.153
  serious non-bonded atom clash:   358  643   2.172
  serious non-bonded atom clash:   361  643   1.529
  serious non-bonded atom clash:   362  643   2.288
  serious non-bonded atom clash:   372  394   2.191
  serious non-bonded atom clash:   373  394   1.984
  serious non-bonded atom clash:   374  394   1.926
  serious non-bonded atom clash:   375  394   2.029
  serious non-bonded atom clash:  1342 1484   1.660
  serious non-bonded atom clash:  1343 1484   1.683
  serious non-bonded atom clash:  1344 1483   2.009
  serious non-bonded atom clash:  1344 1484   1.274
  serious non-bonded atom clash:  1344 1485   1.513
  serious non-bonded atom clash:  1344 1486   2.222
  serious non-bonded atom clash:  1345 1483   1.938
  serious non-bonded atom clash:  1345 1484   2.144
  serious non-bonded atom clash:  1346 1484   1.700
  serious non-bonded atom clash:  1346 1485   0.632
  serious non-bonded atom clash:  1346 1486   1.327
  serious non-bonded atom clash:  1346 1487   1.385
  serious non-bonded atom clash:  1347 1485   1.699
  serious non-bonded atom clash:  1347 1486   0.650
  serious non-bonded atom clash:  1348 1486   2.073
  serious non-bonded atom clash:  1353 1485   2.183
  serious non-bonded atom clash:  1353 1486   1.143
  serious non-bonded atom clash:  1354 1486   1.817
  serious non-bonded atom clash:  1355 1486   2.292
  serious non-bonded atom clash:  1755 1773   2.278
  serious non-bonded atom clash:  1889 1905   2.059

DISTANCE1:  0.00 2.10 2.20 2.30 2.40 2.50 2.60 2.70 2.80 2.90 3.00 3.10 3.20 3.30 3.40
DISTANCE2:  2.10 2.20 2.30 2.40 2.50 2.60 2.70 2.80 2.90 3.00 3.10 3.20 3.30 3.40 3.50
FREQUENCY:    21    5    5    5   11   14   30   56  109  133  179  240  251  290  350


<< end of ENERGY.
openf___224_> Open           3UG1_A_full.B99990001.pdb
wrpdb___568_> Residues, atoms, selected atoms:      277     2227     2227

>> Summary of successfully produced models:
Filename                          molpdf
----------------------------------------
3UG1_A_full.B99990001.pdb       62.34118


Dynamically allocated memory at          finish [B,KiB,MiB]:      5057839    4939.296     4.824
Starting time                                            : 2018/02/20 13:01:39
Closing time                                             : 2018/02/20 13:01:43
Total CPU time [seconds]                                 :       3.87
