
                         MODELLER 9.19, 2017/07/19, r11078

     PROTEIN STRUCTURE MODELLING BY SATISFACTION OF SPATIAL RESTRAINTS


                     Copyright(c) 1989-2017 Andrej Sali
                            All Rights Reserved

                             Written by A. Sali
                               with help from
              B. Webb, M.S. Madhusudhan, M-Y. Shen, G.Q. Dong,
          M.A. Marti-Renom, N. Eswar, F. Alber, M. Topf, B. Oliva,
             A. Fiser, R. Sanchez, B. Yerkovich, A. Badretdinov,
                     F. Melo, J.P. Overington, E. Feyfant
                 University of California, San Francisco, USA
                    Rockefeller University, New York, USA
                      Harvard University, Cambridge, USA
                   Imperial Cancer Research Fund, London, UK
              Birkbeck College, University of London, London, UK


Kind, OS, HostName, Kernel, Processor: 4, Linux german-xps 4.14.6-041406-generic x86_64
Date and time of compilation         : 2017/07/19 15:03:51
MODELLER executable type             : x86_64-intel8
Job starting time (YY/MM/DD HH:MM:SS): 2018/02/20 13:00:18

openf___224_> Open           $(LIB)/restyp.lib
openf___224_> Open           ${MODINSTALL9v19}/modlib/resgrp.lib
rdresgr_266_> Number of residue groups:        2
openf___224_> Open           ${MODINSTALL9v19}/modlib/sstruc.lib

Dynamically allocated memory at   amaxlibraries [B,KiB,MiB]:       191566     187.076     0.183

Dynamically allocated memory at   amaxlibraries [B,KiB,MiB]:       192094     187.592     0.183
openf___224_> Open           ${MODINSTALL9v19}/modlib/resdih.lib

Dynamically allocated memory at   amaxlibraries [B,KiB,MiB]:       240694     235.053     0.230
rdrdih__263_> Number of dihedral angle types         :        9
              Maximal number of dihedral angle optima:        3
              Dihedral angle names                   :  Alph Phi Psi Omeg chi1 chi2 chi3 chi4 chi5
openf___224_> Open           ${MODINSTALL9v19}/modlib/radii.lib

Dynamically allocated memory at   amaxlibraries [B,KiB,MiB]:       253994     248.041     0.242
openf___224_> Open           ${MODINSTALL9v19}/modlib/radii14.lib
openf___224_> Open           ${MODINSTALL9v19}/modlib/af_mnchdef.lib
rdwilmo_274_> Mainchain residue conformation classes:  APBLE
openf___224_> Open           ${MODINSTALL9v19}/modlib/mnch.lib
rdclass_257_> Number of classes:        5
openf___224_> Open           ${MODINSTALL9v19}/modlib/mnch1.lib
openf___224_> Open           ${MODINSTALL9v19}/modlib/mnch2.lib
openf___224_> Open           ${MODINSTALL9v19}/modlib/mnch3.lib
openf___224_> Open           ${MODINSTALL9v19}/modlib/xs4.mat
rdrrwgh_268_> Number of residue types:       21
openf___224_> Open           /home/german/labo/18/egfr/model/2EB2_A/to_model_2EB2_A

Dynamically allocated memory at   amaxalignment [B,KiB,MiB]:       265487     259.265     0.253

Dynamically allocated memory at   amaxalignment [B,KiB,MiB]:       266937     260.681     0.255

Dynamically allocated memory at   amaxalignment [B,KiB,MiB]:       269837     263.513     0.257

Dynamically allocated memory at   amaxalignment [B,KiB,MiB]:       275637     269.177     0.263

Dynamically allocated memory at   amaxalignment [B,KiB,MiB]:       392693     383.489     0.375

Dynamically allocated memory at    amaxsequence [B,KiB,MiB]:       393909     384.677     0.376

Dynamically allocated memory at    amaxsequence [B,KiB,MiB]:       395013     385.755     0.377

Read the alignment from file       : /home/german/labo/18/egfr/model/2EB2_A/to_model_2EB2_A
Total number of alignment positions:   310

  #  Code        #_Res #_Segm PDB_code    Name
-------------------------------------------------------------------------------
  1     2EB2_A     305      1      2EB2_A
  2  2EB2_A_fu     277      1
check_a_343_> >> BEGINNING OF COMMAND
openf___224_> Open           ./2EB2_A.pdb

Dynamically allocated memory at amaxcoordinates [B,KiB,MiB]:       488238     476.795     0.466

Dynamically allocated memory at    amaxsequence [B,KiB,MiB]:       488238     476.795     0.466

Dynamically allocated memory at amaxcoordinates [B,KiB,MiB]:       488409     476.962     0.466

Dynamically allocated memory at amaxcoordinates [B,KiB,MiB]:       489259     477.792     0.467

Dynamically allocated memory at amaxcoordinates [B,KiB,MiB]:       490517     479.021     0.468

Dynamically allocated memory at amaxcoordinates [B,KiB,MiB]:       492421     480.880     0.470

Dynamically allocated memory at    amaxsequence [B,KiB,MiB]:       492421     480.880     0.470

Dynamically allocated memory at amaxcoordinates [B,KiB,MiB]:       492511     480.968     0.470

Dynamically allocated memory at amaxcoordinates [B,KiB,MiB]:       495367     483.757     0.472

Dynamically allocated memory at    amaxsequence [B,KiB,MiB]:       495367     483.757     0.472

Dynamically allocated memory at amaxcoordinates [B,KiB,MiB]:       495502     483.889     0.473

Dynamically allocated memory at amaxcoordinates [B,KiB,MiB]:       499786     488.072     0.477

Dynamically allocated memory at    amaxsequence [B,KiB,MiB]:       499786     488.072     0.477

Dynamically allocated memory at amaxcoordinates [B,KiB,MiB]:       499984     488.266     0.477

Dynamically allocated memory at amaxcoordinates [B,KiB,MiB]:       506410     494.541     0.483

Dynamically allocated memory at    amaxsequence [B,KiB,MiB]:       506410     494.541     0.483

Dynamically allocated memory at amaxcoordinates [B,KiB,MiB]:       506707     494.831     0.483

Dynamically allocated memory at amaxcoordinates [B,KiB,MiB]:       516329     504.228     0.492

Dynamically allocated memory at    amaxsequence [B,KiB,MiB]:       516329     504.228     0.492

Dynamically allocated memory at amaxcoordinates [B,KiB,MiB]:       516779     504.667     0.493

Dynamically allocated memory at amaxcoordinates [B,KiB,MiB]:       531229     518.778     0.507

Dynamically allocated memory at    amaxsequence [B,KiB,MiB]:       531229     518.778     0.507

Dynamically allocated memory at amaxcoordinates [B,KiB,MiB]:       531904     519.438     0.507

Dynamically allocated memory at amaxcoordinates [B,KiB,MiB]:       553562     540.588     0.528

Dynamically allocated memory at    amaxsequence [B,KiB,MiB]:       553562     540.588     0.528

Dynamically allocated memory at amaxcoordinates [B,KiB,MiB]:       554570     541.572     0.529

Dynamically allocated memory at amaxcoordinates [B,KiB,MiB]:       587074     573.314     0.560

Dynamically allocated memory at   amaxstructure [B,KiB,MiB]:       586786     573.033     0.560

check_ali___> Checking the sequence-structure alignment. 

Implied intrachain target CA(i)-CA(i+1) distances longer than  8.0 angstroms:

ALN_POS  TMPL  RID1  RID2  NAM1  NAM2     DIST
----------------------------------------------
END OF TABLE
check_a_344_> << END OF COMMAND
openf___224_> Open           ${LIB}/top_heav.lib
read_to_681_> topology.submodel read from topology file:        3
openf___224_> Open           ${LIB}/par.lib

Dynamically allocated memory at  amaxparameters [B,KiB,MiB]:       726038     709.021     0.692

Dynamically allocated memory at  amaxparameters [B,KiB,MiB]:       727638     710.584     0.694

Dynamically allocated memory at  amaxparameters [B,KiB,MiB]:       731618     714.471     0.698

Dynamically allocated memory at  amaxparameters [B,KiB,MiB]:       733618     716.424     0.700

Dynamically allocated memory at  amaxparameters [B,KiB,MiB]:       736618     719.354     0.702

Dynamically allocated memory at  amaxparameters [B,KiB,MiB]:       741118     723.748     0.707

Dynamically allocated memory at  amaxparameters [B,KiB,MiB]:       746690     729.189     0.712

Dynamically allocated memory at  amaxparameters [B,KiB,MiB]:       749490     731.924     0.715

Dynamically allocated memory at  amaxparameters [B,KiB,MiB]:       753690     736.025     0.719

Dynamically allocated memory at  amaxparameters [B,KiB,MiB]:       759990     742.178     0.725

Dynamically allocated memory at  amaxparameters [B,KiB,MiB]:       762762     744.885     0.727

Dynamically allocated memory at  amaxparameters [B,KiB,MiB]:       764162     746.252     0.729
read_pa_232_> parameters    BONDS   ANGLS  DIHEDS IMPROPS    MODE
                              227     561     661     112       0

Dynamically allocated memory at       amaxmodel [B,KiB,MiB]:       807494     788.568     0.770

Dynamically allocated memory at       amaxmodel [B,KiB,MiB]:      1027406    1003.326     0.980

Dynamically allocated memory at       amaxmodel [B,KiB,MiB]:      1060422    1035.568     1.011

mkilst______> segment topology constructed from sequence and RTF:
              segments residues atoms bonds angles dihedrals impropers:
                     1      277  2225  2275      0         0       926

Dynamically allocated memory at       amaxmodel [B,KiB,MiB]:      1155862    1128.771     1.102

patch_______> segment topology patched using RTF:     1  ;  LEU  ;  NTER
              segments residues atoms bonds angles dihedrals impropers:
                     1      277  2225  2275   3077      3659       926


Dynamically allocated memory at       amaxmodel [B,KiB,MiB]:      1247958    1218.709     1.190
patch_______> segment topology patched using RTF:   277  ;  LEU  ;  CTER
              segments residues atoms bonds angles dihedrals impropers:
                     1      277  2226  2276   3079      3661       927

genseg______> segment topology constructed from sequence and RTF:
              segments residues atoms bonds angles dihedrals impropers:
                     1      277  2226  2276   3079      3661       927
transfe_506_> MODEL is an average of all templates.
transfe_511_> Number of templates for coordinate transfer:        1
              After transferring coordinates of the equivalent template atoms,
              there are defined, undefined atoms in MODEL:     2187       39
openf___224_> Open           2EB2_A_full.ini
wrpdb___568_> Residues, atoms, selected atoms:      277     2226     2226
make_re_417_> Restraint type to be calculated:  stereo

Dynamically allocated memory at  amaxrestraints [B,KiB,MiB]:      1355007    1323.249     1.292

Dynamically allocated memory at  amaxrestraints [B,KiB,MiB]:      1363199    1331.249     1.300

Dynamically allocated memory at  amaxrestraints [B,KiB,MiB]:      1379583    1347.249     1.316

Dynamically allocated memory at  amaxrestraints [B,KiB,MiB]:      1412351    1379.249     1.347

Dynamically allocated memory at  amaxrestraints [B,KiB,MiB]:      1445119    1411.249     1.378

Dynamically allocated memory at  amaxrestraints [B,KiB,MiB]:      1510655    1475.249     1.441

Dynamically allocated memory at  amaxrestraints [B,KiB,MiB]:      1543423    1507.249     1.472

Dynamically allocated memory at  amaxrestraints [B,KiB,MiB]:      1576191    1539.249     1.503

Dynamically allocated memory at  amaxrestraints [B,KiB,MiB]:      1641727    1603.249     1.566

Dynamically allocated memory at  amaxrestraints [B,KiB,MiB]:      1772799    1731.249     1.691

Dynamically allocated memory at  amaxrestraints [B,KiB,MiB]:      1838335    1795.249     1.753

Dynamically allocated memory at  amaxrestraints [B,KiB,MiB]:      1903871    1859.249     1.816

Dynamically allocated memory at  amaxrestraints [B,KiB,MiB]:      2034943    1987.249     1.941

Dynamically allocated memory at  amaxrestraints [B,KiB,MiB]:      2297087    2243.249     2.191
r_stere_606_> Stereochemical restraints were constructed from RTF & PRMF.
              Added bond,angle,dihedral,improper restraints  :     2276    3079    3501     913
              Total number of restraints before, now         :        0     9769
make_re_422_> Number of previous, current restraints         :        0     9769
make_re_423_> Number of previous, current selected restraints:        0     9769
make_re_417_> Restraint type to be calculated:  phi-psi_binormal

Dynamically allocated memory at   amaxstructure [B,KiB,MiB]:      2457799    2400.194     2.344
openf___224_> Open           ${MODINSTALL9v19}/modlib/mnch1.bin
openf___224_> Open           ${MODINSTALL9v19}/modlib/mnch1.mdt
getdata_643_> Protein accepted:  2EB2_A
getdata_289_> Proteins (all/accepted):        1        1

Dynamically allocated memory at  amaxrestraints [B,KiB,MiB]:      2588887    2528.210     2.469
make_re_422_> Number of previous, current restraints         :     9769    10044
make_re_423_> Number of previous, current selected restraints:     9769    10044
make_re_417_> Restraint type to be calculated:  omega_dihedral

Dynamically allocated memory at   amaxstructure [B,KiB,MiB]:      2588887    2528.210     2.469
openf___224_> Open           ${MODINSTALL9v19}/modlib/omega.bin
openf___224_> Open           ${MODINSTALL9v19}/modlib/omega.mdt
getdata_643_> Protein accepted:  2EB2_A
getdata_289_> Proteins (all/accepted):        1        1
omgdel__425_> Unselected all O C +N +CA dihedrals:      290
              (This is to avoid clashes between STEREO
              and OMEGA_DIHEDRAL restraints)
make_re_422_> Number of previous, current restraints         :    10044    10320
make_re_423_> Number of previous, current selected restraints:    10044    10030
make_re_417_> Restraint type to be calculated:  chi1_dihedral

Dynamically allocated memory at   amaxstructure [B,KiB,MiB]:      2588887    2528.210     2.469
openf___224_> Open           ${MODINSTALL9v19}/modlib/chi1234.bin
openf___224_> Open           ${MODINSTALL9v19}/modlib/chi1.mdt
getdata_643_> Protein accepted:  2EB2_A
getdata_289_> Proteins (all/accepted):        1        1

Dynamically allocated memory at  amaxrestraints [B,KiB,MiB]:      2719959    2656.210     2.594
make_re_422_> Number of previous, current restraints         :    10320    10565
make_re_423_> Number of previous, current selected restraints:    10030    10275
make_re_417_> Restraint type to be calculated:  chi2_dihedral

Dynamically allocated memory at   amaxstructure [B,KiB,MiB]:      2719959    2656.210     2.594
openf___224_> Open           ${MODINSTALL9v19}/modlib/chi1234.bin
openf___224_> Open           ${MODINSTALL9v19}/modlib/chi2.mdt
getdata_643_> Protein accepted:  2EB2_A
getdata_289_> Proteins (all/accepted):        1        1
make_re_422_> Number of previous, current restraints         :    10565    10757
make_re_423_> Number of previous, current selected restraints:    10275    10467
make_re_417_> Restraint type to be calculated:  chi3_dihedral

Dynamically allocated memory at   amaxstructure [B,KiB,MiB]:      2719959    2656.210     2.594
openf___224_> Open           ${MODINSTALL9v19}/modlib/chi1234.bin
openf___224_> Open           ${MODINSTALL9v19}/modlib/chi3.mdt
getdata_643_> Protein accepted:  2EB2_A
getdata_289_> Proteins (all/accepted):        1        1
make_re_422_> Number of previous, current restraints         :    10757    10846
make_re_423_> Number of previous, current selected restraints:    10467    10556
make_re_417_> Restraint type to be calculated:  chi4_dihedral

Dynamically allocated memory at   amaxstructure [B,KiB,MiB]:      2719959    2656.210     2.594
openf___224_> Open           ${MODINSTALL9v19}/modlib/chi1234.bin
openf___224_> Open           ${MODINSTALL9v19}/modlib/chi4.mdt
mdtrsr__446W> A potential that relies on one protein is used, yet you have at
              least one known structure available. MDT, not library, potential is used.
getdata_643_> Protein accepted:  2EB2_A
getdata_289_> Proteins (all/accepted):        1        1
make_re_422_> Number of previous, current restraints         :    10846    10883
make_re_423_> Number of previous, current selected restraints:    10556    10593
make_re_417_> Restraint type to be calculated:  DISTANCE

Dynamically allocated memory at amaxhash_contac [B,KiB,MiB]:      3361011    3282.237     3.205
make_re_422_> Number of previous, current restraints         :    10883    16358
make_re_423_> Number of previous, current selected restraints:    10593    16068
make_re_417_> Restraint type to be calculated:  DISTANCE

Dynamically allocated memory at  amaxrestraints [B,KiB,MiB]:      3623155    3538.237     3.455

Dynamically allocated memory at  amaxrestraints [B,KiB,MiB]:      3885299    3794.237     3.705

Dynamically allocated memory at  amaxrestraints [B,KiB,MiB]:      4409587    4306.237     4.205
make_re_422_> Number of previous, current restraints         :    16358    21908
make_re_423_> Number of previous, current selected restraints:    16068    21618
make_re_417_> Restraint type to be calculated:  DISTANCE

Dynamically allocated memory at  amaxrestraints [B,KiB,MiB]:      4671731    4562.237     4.455
make_re_422_> Number of previous, current restraints         :    21908    26507
make_re_423_> Number of previous, current selected restraints:    21618    26217
make_re_417_> Restraint type to be calculated:  DISTANCE
make_re_422_> Number of previous, current restraints         :    26507    29325
make_re_423_> Number of previous, current selected restraints:    26217    29035
0 atoms in HETATM/BLK residues constrained
to protein atoms within 2.30 angstroms
and protein CA atoms within 10.00 angstroms
make_re_417_> Restraint type to be calculated:  DISTANCE
make_re_422_> Number of previous, current restraints         :    29325    29325
make_re_423_> Number of previous, current selected restraints:    29035    29035
make_re_417_> Restraint type to be calculated:  DISTANCE
make_re_422_> Number of previous, current restraints         :    29325    29325
make_re_423_> Number of previous, current selected restraints:    29035    29035
make_re_417_> Restraint type to be calculated:  DISTANCE
make_re_422_> Number of previous, current restraints         :    29325    29325
make_re_423_> Number of previous, current selected restraints:    29035    29035
make_re_417_> Restraint type to be calculated:  DISTANCE
make_re_422_> Number of previous, current restraints         :    29325    29325
make_re_423_> Number of previous, current selected restraints:    29035    29035
0 atoms in residues without defined topology
constrained to be rigid bodies
make_re_417_> Restraint type to be calculated:  DISTANCE
make_re_422_> Number of previous, current restraints         :    29325    29325
make_re_423_> Number of previous, current selected restraints:    29035    29035
rmdupl__427_>     1737 redundant cosine dihedral restraints were unselected.
condens_443_> Restraints marked for deletion were removed.
              Total number of restraints before, now:    29325    27298
openf___224_> Open           2EB2_A_full.rsr
openf___224_> Open           2EB2_A_full.rsr

Dynamically allocated memory at  amaxrestraints [B,KiB,MiB]:      4711409    4600.985     4.493
rdcsr2__307_> Number of restraints read    :    27298
              Number of excluded pairs read:        0
              Number of pseudo atoms read  :        0
rdcsrs__304_> Restraints in memory, selected restraints:    27298    27298
              Explicitly excluded atom pairs in memory :        0
              Pseudo atoms in memory                   :        0
99 (of 2226 total) atoms selected for optimization
openf___224_> Open           2EB2_A_full.ini

Dynamically allocated memory at       amaxmodel [B,KiB,MiB]:      4711433    4601.009     4.493
read_mo_297_> Segments, residues, atoms:        1      277     2226
read_mo_298_> Segment:        1     1   277     2226
randomi_498_> Atoms,selected atoms,random_seed,amplitude:     2226       99        1        4.0000
randomi_496_> Amplitude is > 0; randomization is done.
pick_re_612_> Number of MODEL atoms, selected restraints;       99      686
pick_re_612_> Number of MODEL atoms, selected restraints;       99      795
pick_re_612_> Number of MODEL atoms, selected restraints;       99      836
pick_re_612_> Number of MODEL atoms, selected restraints;       99      888
pick_re_612_> Number of MODEL atoms, selected restraints;       99     1060
pick_re_612_> Number of MODEL atoms, selected restraints;       99     1157
pick_re_612_> Number of MODEL atoms, selected restraints;       99     1187
pick_re_612_> Number of MODEL atoms, selected restraints;       99     1507

Dynamically allocated memory at  amaxrestraints [B,KiB,MiB]:      5057437    4938.903     4.823
pick_re_612_> Number of MODEL atoms, selected restraints;       99     1548
pick_re_612_> Number of MODEL atoms, selected restraints;       99     1548
pick_re_612_> Number of MODEL atoms, selected restraints;       99     1548
iupac_m_487_> NH1/2 swapped:      179.5808        3     3
iupac_m_486_> OE1/2 will be swapped:     -164.9102        7     7
iupac_m_486_> OE1/2 will be swapped:      159.5345        9     9
iupac_m_483_> CD1/2 CE1/2 swapped:       91.6330       10    10
iupac_m_397W> Atoms were not swapped because of the uncertainty of how to handle the H atom.
iupac_m_486_> OE1/2 will be swapped:     -179.9802       47    47
iupac_m_483_> CD1/2 CE1/2 swapped:      -91.0878       62    62
iupac_m_397W> Atoms were not swapped because of the uncertainty of how to handle the H atom.
iupac_m_485_> OD1/2 will be swapped:      175.2967       98    98
iupac_m_486_> OE1/2 will be swapped:      173.1387      127   127
iupac_m_485_> OD1/2 will be swapped:      171.7107      128   128
iupac_m_483_> CD1/2 CE1/2 swapped:      -90.1009      154   154
iupac_m_397W> Atoms were not swapped because of the uncertainty of how to handle the H atom.
iupac_m_486_> OE1/2 will be swapped:      179.9802      163   163
iupac_m_486_> OE1/2 will be swapped:      172.8879      170   170
iupac_m_483_> CD1/2 CE1/2 swapped:      -90.5700      189   189
iupac_m_397W> Atoms were not swapped because of the uncertainty of how to handle the H atom.
iupac_m_484W> Dihedral still outside +-90:       92.9211
iupac_m_485_> OD1/2 will be swapped:      166.9601      194   194
iupac_m_483_> CD1/2 CE1/2 swapped:      -90.9042      198   198
iupac_m_397W> Atoms were not swapped because of the uncertainty of how to handle the H atom.
iupac_m_486_> OE1/2 will be swapped:     -179.0696      229   229
iupac_m_487_> NH1/2 swapped:      179.8991      230   230
iupac_m_483_> CD1/2 CE1/2 swapped:     -122.4611      242   242
iupac_m_397W> Atoms were not swapped because of the uncertainty of how to handle the H atom.
iupac_m_485_> OD1/2 will be swapped:     -146.4603      252   252
iupac_m_485_> OD1/2 will be swapped:      179.0907      254   254
iupac_m_487_> NH1/2 swapped:      179.8935      260   260
iupac_m_486_> OE1/2 will be swapped:      127.3528      265   265
iupac_m_485_> OD1/2 will be swapped:     -179.5310      272   272
iupac_m_483_> CD1/2 CE1/2 swapped:      101.1018      276   276
iupac_m_397W> Atoms were not swapped because of the uncertainty of how to handle the H atom.


>> ENERGY; Differences between the model's features and restraints:
Number of all residues in MODEL                   :      277
Number of all, selected real atoms                :     2226      99
Number of all, selected pseudo atoms              :        0       0
Number of all static, selected restraints         :    27298    1548
COVALENT_CYS                                      :        F
NONBONDED_SEL_ATOMS                               :        1
Number of non-bonded pairs (excluding 1-2,1-3,1-4):      233
Dynamic pairs routine                             : 5, NATM_SEL x NATM double loop
Atomic shift for contacts update (UPDATE_DYNAMIC) :    0.390
LENNARD_JONES_SWITCH                              :    6.500   7.500
COULOMB_JONES_SWITCH                              :    6.500   7.500
RESIDUE_SPAN_RANGE                                :        0   99999
NLOGN_USE                                         :       15
CONTACT_SHELL                                     :    4.000
DYNAMIC_PAIRS,_SPHERE,_COULOMB,_LENNARD,_MODELLER :        T       T       F       F       F
SPHERE_STDV                                       :    0.050
RADII_FACTOR                                      :    0.820
Current energy                                    :          86.9455





Summary of the restraint violations: 

   NUM     ... number of restraints.
   NUMVI   ... number of restraints with RVIOL > VIOL_REPORT_CUT[i].
   RVIOL   ... relative difference from the best value.
   NUMVP   ... number of restraints with -Ln(pdf) > VIOL_REPORT_CUT2[i].
   RMS_1   ... RMS(feature, minimally_violated_basis_restraint, NUMB).
   RMS_2   ... RMS(feature, best_value, NUMB).
   MOL.PDF ... scaled contribution to -Ln(Molecular pdf).

 #                     RESTRAINT_GROUP      NUM   NUMVI  NUMVP   RMS_1   RMS_2         MOL.PDF     S_i
------------------------------------------------------------------------------------------------------
 1 Bond length potential              :     102       0      0   0.008   0.008      2.2755       1.000
 2 Bond angle potential               :     140       0      1   1.901   1.901      9.6899       1.000
 3 Stereochemical cosine torsion poten:      48       0      0  48.707  48.707      20.912       1.000
 4 Stereochemical improper torsion pot:      36       0      0   1.532   1.532      2.1457       1.000
 5 Soft-sphere overlap restraints     :     233       0      0   0.001   0.001     0.82577E-02   1.000
 6 Lennard-Jones 6-12 potential       :       0       0      0   0.000   0.000      0.0000       1.000
 7 Coulomb point-point electrostatic p:       0       0      0   0.000   0.000      0.0000       1.000
 8 H-bonding potential                :       0       0      0   0.000   0.000      0.0000       1.000
 9 Distance restraints 1 (CA-CA)      :     348       0      0   0.065   0.065      1.3099       1.000
10 Distance restraints 2 (N-O)        :     385       0      0   0.086   0.086      2.1847       1.000
11 Mainchain Phi dihedral restraints  :       0       0      0   0.000   0.000      0.0000       1.000
12 Mainchain Psi dihedral restraints  :       0       0      0   0.000   0.000      0.0000       1.000
13 Mainchain Omega dihedral restraints:      15       0      0   2.757   2.757      1.3442       1.000
14 Sidechain Chi_1 dihedral restraints:      11       0      0  63.880  63.880      1.9536       1.000
15 Sidechain Chi_2 dihedral restraints:      11       0      0  78.845  78.845      3.8842       1.000
16 Sidechain Chi_3 dihedral restraints:       5       0      0  45.090  45.090      3.1215       1.000
17 Sidechain Chi_4 dihedral restraints:       3       0      0  56.838  56.838      1.2467       1.000
18 Disulfide distance restraints      :       0       0      0   0.000   0.000      0.0000       1.000
19 Disulfide angle restraints         :       0       0      0   0.000   0.000      0.0000       1.000
20 Disulfide dihedral angle restraints:       0       0      0   0.000   0.000      0.0000       1.000
21 Lower bound distance restraints    :       0       0      0   0.000   0.000      0.0000       1.000
22 Upper bound distance restraints    :       0       0      0   0.000   0.000      0.0000       1.000
23 Distance restraints 3 (SDCH-MNCH)  :     237       0      0   0.444   0.444      5.3695       1.000
24 Sidechain Chi_5 dihedral restraints:       0       0      0   0.000   0.000      0.0000       1.000
25 Phi/Psi pair of dihedral restraints:      18       1      2  21.124  21.499      20.504       1.000
26 Distance restraints 4 (SDCH-SDCH)  :     189       0      0   0.702   0.702      10.996       1.000
27 Distance restraints 5 (X-Y)        :       0       0      0   0.000   0.000      0.0000       1.000
28 NMR distance restraints 6 (X-Y)    :       0       0      0   0.000   0.000      0.0000       1.000
29 NMR distance restraints 7 (X-Y)    :       0       0      0   0.000   0.000      0.0000       1.000
30 Minimal distance restraints        :       0       0      0   0.000   0.000      0.0000       1.000
31 Non-bonded restraints              :       0       0      0   0.000   0.000      0.0000       1.000
32 Atomic accessibility restraints    :       0       0      0   0.000   0.000      0.0000       1.000
33 Atomic density restraints          :       0       0      0   0.000   0.000      0.0000       1.000
34 Absolute position restraints       :       0       0      0   0.000   0.000      0.0000       1.000
35 Dihedral angle difference restraint:       0       0      0   0.000   0.000      0.0000       1.000
36 GBSA implicit solvent potential    :       0       0      0   0.000   0.000      0.0000       1.000
37 EM density fitting potential       :       0       0      0   0.000   0.000      0.0000       1.000
38 SAXS restraints                    :       0       0      0   0.000   0.000      0.0000       1.000
39 Symmetry restraints                :       0       0      0   0.000   0.000      0.0000       1.000



openf___224_> Open           2EB2_A_full.V99990001
# Heavy relative violation of each residue is written to: 2EB2_A_full.V99990001
# The profile is NOT normalized by the number of restraints.
# The profiles are smoothed over a window of residues:    1
# The sum of all numbers in the file:    1262.4978



List of the violated restraints:
   A restraint is violated when the relative difference
   from the best value (RVIOL) is larger than CUTOFF.

   ICSR   ... index of a restraint in the current set.
   RESNO  ... residue numbers of the first two atoms.
   ATM    ... IUPAC atom names of the first two atoms.
   FEAT   ... the value of the feature in the model.
   restr  ... the mean of the basis restraint with the smallest
              difference from the model (local minimum).
   viol   ... difference from the local minimum.
   rviol  ... relative difference from the local minimum.
   RESTR  ... the best value (global minimum).
   VIOL   ... difference from the best value.
   RVIOL  ... relative difference from the best value.


-------------------------------------------------------------------------------------------------

Feature 25                           : Phi/Psi pair of dihedral restraints     
List of the RVIOL violations larger than   :       6.5000

    #   ICSR  RESNO1/2 ATM1/2   INDATM1/2    FEAT   restr    viol   rviol   RESTR    VIOL   RVIOL
    1   7911 169A 170E C   N    1343 1345  -83.06  -63.60   45.08    7.10  -63.60   45.08    7.10
    1        170E 170E N   CA   1345 1346  -80.97  -40.30                  -40.30


report______> Distribution of short non-bonded contacts:

  serious non-bonded atom clash:  1281 1284   2.239

DISTANCE1:  0.00 2.10 2.20 2.30 2.40 2.50 2.60 2.70 2.80 2.90 3.00 3.10 3.20 3.30 3.40
DISTANCE2:  2.10 2.20 2.30 2.40 2.50 2.60 2.70 2.80 2.90 3.00 3.10 3.20 3.30 3.40 3.50
FREQUENCY:     0    0    1    0    3   15   16   45   88  139  161  190  267  305  352


<< end of ENERGY.
openf___224_> Open           2EB2_A_full.B99990001.pdb
wrpdb___568_> Residues, atoms, selected atoms:      277     2226     2226

>> Summary of successfully produced models:
Filename                          molpdf
----------------------------------------
2EB2_A_full.B99990001.pdb       86.94546


Dynamically allocated memory at          finish [B,KiB,MiB]:      5057437    4938.903     4.823
Starting time                                            : 2018/02/20 13:00:18
Closing time                                             : 2018/02/20 13:00:22
Total CPU time [seconds]                                 :       3.80
