
                         MODELLER 9.19, 2017/07/19, r11078

     PROTEIN STRUCTURE MODELLING BY SATISFACTION OF SPATIAL RESTRAINTS


                     Copyright(c) 1989-2017 Andrej Sali
                            All Rights Reserved

                             Written by A. Sali
                               with help from
              B. Webb, M.S. Madhusudhan, M-Y. Shen, G.Q. Dong,
          M.A. Marti-Renom, N. Eswar, F. Alber, M. Topf, B. Oliva,
             A. Fiser, R. Sanchez, B. Yerkovich, A. Badretdinov,
                     F. Melo, J.P. Overington, E. Feyfant
                 University of California, San Francisco, USA
                    Rockefeller University, New York, USA
                      Harvard University, Cambridge, USA
                   Imperial Cancer Research Fund, London, UK
              Birkbeck College, University of London, London, UK


Kind, OS, HostName, Kernel, Processor: 4, Linux german-xps 4.14.6-041406-generic x86_64
Date and time of compilation         : 2017/07/19 15:03:51
MODELLER executable type             : x86_64-intel8
Job starting time (YY/MM/DD HH:MM:SS): 2018/02/20 13:00:11

openf___224_> Open           $(LIB)/restyp.lib
openf___224_> Open           ${MODINSTALL9v19}/modlib/resgrp.lib
rdresgr_266_> Number of residue groups:        2
openf___224_> Open           ${MODINSTALL9v19}/modlib/sstruc.lib

Dynamically allocated memory at   amaxlibraries [B,KiB,MiB]:       191566     187.076     0.183

Dynamically allocated memory at   amaxlibraries [B,KiB,MiB]:       192094     187.592     0.183
openf___224_> Open           ${MODINSTALL9v19}/modlib/resdih.lib

Dynamically allocated memory at   amaxlibraries [B,KiB,MiB]:       240694     235.053     0.230
rdrdih__263_> Number of dihedral angle types         :        9
              Maximal number of dihedral angle optima:        3
              Dihedral angle names                   :  Alph Phi Psi Omeg chi1 chi2 chi3 chi4 chi5
openf___224_> Open           ${MODINSTALL9v19}/modlib/radii.lib

Dynamically allocated memory at   amaxlibraries [B,KiB,MiB]:       253994     248.041     0.242
openf___224_> Open           ${MODINSTALL9v19}/modlib/radii14.lib
openf___224_> Open           ${MODINSTALL9v19}/modlib/af_mnchdef.lib
rdwilmo_274_> Mainchain residue conformation classes:  APBLE
openf___224_> Open           ${MODINSTALL9v19}/modlib/mnch.lib
rdclass_257_> Number of classes:        5
openf___224_> Open           ${MODINSTALL9v19}/modlib/mnch1.lib
openf___224_> Open           ${MODINSTALL9v19}/modlib/mnch2.lib
openf___224_> Open           ${MODINSTALL9v19}/modlib/mnch3.lib
openf___224_> Open           ${MODINSTALL9v19}/modlib/xs4.mat
rdrrwgh_268_> Number of residue types:       21
openf___224_> Open           /home/german/labo/18/egfr/model/1M17_A/to_model_1M17_A

Dynamically allocated memory at   amaxalignment [B,KiB,MiB]:       265487     259.265     0.253

Dynamically allocated memory at   amaxalignment [B,KiB,MiB]:       266937     260.681     0.255

Dynamically allocated memory at   amaxalignment [B,KiB,MiB]:       269837     263.513     0.257

Dynamically allocated memory at   amaxalignment [B,KiB,MiB]:       275637     269.177     0.263

Dynamically allocated memory at   amaxalignment [B,KiB,MiB]:       392693     383.489     0.375

Dynamically allocated memory at    amaxsequence [B,KiB,MiB]:       393937     384.704     0.376

Dynamically allocated memory at    amaxsequence [B,KiB,MiB]:       395041     385.782     0.377

Read the alignment from file       : /home/german/labo/18/egfr/model/1M17_A/to_model_1M17_A
Total number of alignment positions:   312

  #  Code        #_Res #_Segm PDB_code    Name
-------------------------------------------------------------------------------
  1     1M17_A     312      1      1M17_A
  2  1M17_A_fu     277      1
check_a_343_> >> BEGINNING OF COMMAND
openf___224_> Open           ./1M17_A.pdb

Dynamically allocated memory at amaxcoordinates [B,KiB,MiB]:       490366     478.873     0.468

Dynamically allocated memory at    amaxsequence [B,KiB,MiB]:       490366     478.873     0.468

Dynamically allocated memory at amaxcoordinates [B,KiB,MiB]:       490537     479.040     0.468

Dynamically allocated memory at amaxcoordinates [B,KiB,MiB]:       491387     479.870     0.469

Dynamically allocated memory at amaxcoordinates [B,KiB,MiB]:       492645     481.099     0.470

Dynamically allocated memory at amaxcoordinates [B,KiB,MiB]:       494549     482.958     0.472

Dynamically allocated memory at    amaxsequence [B,KiB,MiB]:       494549     482.958     0.472

Dynamically allocated memory at amaxcoordinates [B,KiB,MiB]:       494639     483.046     0.472

Dynamically allocated memory at amaxcoordinates [B,KiB,MiB]:       497495     485.835     0.474

Dynamically allocated memory at    amaxsequence [B,KiB,MiB]:       497495     485.835     0.474

Dynamically allocated memory at amaxcoordinates [B,KiB,MiB]:       497630     485.967     0.475

Dynamically allocated memory at amaxcoordinates [B,KiB,MiB]:       501914     490.150     0.479

Dynamically allocated memory at    amaxsequence [B,KiB,MiB]:       501914     490.150     0.479

Dynamically allocated memory at amaxcoordinates [B,KiB,MiB]:       502112     490.344     0.479

Dynamically allocated memory at amaxcoordinates [B,KiB,MiB]:       508538     496.619     0.485

Dynamically allocated memory at    amaxsequence [B,KiB,MiB]:       508538     496.619     0.485

Dynamically allocated memory at amaxcoordinates [B,KiB,MiB]:       508835     496.909     0.485

Dynamically allocated memory at amaxcoordinates [B,KiB,MiB]:       518457     506.306     0.494

Dynamically allocated memory at    amaxsequence [B,KiB,MiB]:       518457     506.306     0.494

Dynamically allocated memory at amaxcoordinates [B,KiB,MiB]:       518907     506.745     0.495

Dynamically allocated memory at amaxcoordinates [B,KiB,MiB]:       533357     520.856     0.509

Dynamically allocated memory at    amaxsequence [B,KiB,MiB]:       533357     520.856     0.509

Dynamically allocated memory at amaxcoordinates [B,KiB,MiB]:       534032     521.516     0.509

Dynamically allocated memory at amaxcoordinates [B,KiB,MiB]:       555690     542.666     0.530

Dynamically allocated memory at    amaxsequence [B,KiB,MiB]:       555690     542.666     0.530

Dynamically allocated memory at amaxcoordinates [B,KiB,MiB]:       556698     543.650     0.531

Dynamically allocated memory at amaxcoordinates [B,KiB,MiB]:       589202     575.393     0.562

Dynamically allocated memory at   amaxstructure [B,KiB,MiB]:       588977     575.173     0.562

check_ali___> Checking the sequence-structure alignment. 

Implied intrachain target CA(i)-CA(i+1) distances longer than  8.0 angstroms:

ALN_POS  TMPL  RID1  RID2  NAM1  NAM2     DIST
----------------------------------------------
END OF TABLE
check_a_344_> << END OF COMMAND
openf___224_> Open           ${LIB}/top_heav.lib
read_to_681_> topology.submodel read from topology file:        3
openf___224_> Open           ${LIB}/par.lib

Dynamically allocated memory at  amaxparameters [B,KiB,MiB]:       728229     711.161     0.694

Dynamically allocated memory at  amaxparameters [B,KiB,MiB]:       729829     712.724     0.696

Dynamically allocated memory at  amaxparameters [B,KiB,MiB]:       733809     716.610     0.700

Dynamically allocated memory at  amaxparameters [B,KiB,MiB]:       735809     718.563     0.702

Dynamically allocated memory at  amaxparameters [B,KiB,MiB]:       738809     721.493     0.705

Dynamically allocated memory at  amaxparameters [B,KiB,MiB]:       743309     725.888     0.709

Dynamically allocated memory at  amaxparameters [B,KiB,MiB]:       748881     731.329     0.714

Dynamically allocated memory at  amaxparameters [B,KiB,MiB]:       751681     734.063     0.717

Dynamically allocated memory at  amaxparameters [B,KiB,MiB]:       755881     738.165     0.721

Dynamically allocated memory at  amaxparameters [B,KiB,MiB]:       762181     744.317     0.727

Dynamically allocated memory at  amaxparameters [B,KiB,MiB]:       764953     747.024     0.730

Dynamically allocated memory at  amaxparameters [B,KiB,MiB]:       766353     748.392     0.731
read_pa_232_> parameters    BONDS   ANGLS  DIHEDS IMPROPS    MODE
                              227     561     661     112       0

Dynamically allocated memory at       amaxmodel [B,KiB,MiB]:       809685     790.708     0.772

Dynamically allocated memory at       amaxmodel [B,KiB,MiB]:      1029401    1005.274     0.982

Dynamically allocated memory at       amaxmodel [B,KiB,MiB]:      1062385    1037.485     1.013

mkilst______> segment topology constructed from sequence and RTF:
              segments residues atoms bonds angles dihedrals impropers:
                     1      277  2223  2273      0         0       925

Dynamically allocated memory at       amaxmodel [B,KiB,MiB]:      1157709    1130.575     1.104

patch_______> segment topology patched using RTF:     1  ;  LEU  ;  NTER
              segments residues atoms bonds angles dihedrals impropers:
                     1      277  2223  2273   3074      3654       925


Dynamically allocated memory at       amaxmodel [B,KiB,MiB]:      1249805    1220.513     1.192
patch_______> segment topology patched using RTF:   277  ;  LEU  ;  CTER
              segments residues atoms bonds angles dihedrals impropers:
                     1      277  2224  2274   3076      3656       926

genseg______> segment topology constructed from sequence and RTF:
              segments residues atoms bonds angles dihedrals impropers:
                     1      277  2224  2274   3076      3656       926
transfe_506_> MODEL is an average of all templates.
transfe_511_> Number of templates for coordinate transfer:        1
              After transferring coordinates of the equivalent template atoms,
              there are defined, undefined atoms in MODEL:     2223        1
openf___224_> Open           1M17_A_full.ini
wrpdb___568_> Residues, atoms, selected atoms:      277     2224     2224
make_re_417_> Restraint type to be calculated:  stereo

Dynamically allocated memory at  amaxrestraints [B,KiB,MiB]:      1356854    1325.053     1.294

Dynamically allocated memory at  amaxrestraints [B,KiB,MiB]:      1365046    1333.053     1.302

Dynamically allocated memory at  amaxrestraints [B,KiB,MiB]:      1381430    1349.053     1.317

Dynamically allocated memory at  amaxrestraints [B,KiB,MiB]:      1414198    1381.053     1.349

Dynamically allocated memory at  amaxrestraints [B,KiB,MiB]:      1446966    1413.053     1.380

Dynamically allocated memory at  amaxrestraints [B,KiB,MiB]:      1512502    1477.053     1.442

Dynamically allocated memory at  amaxrestraints [B,KiB,MiB]:      1545270    1509.053     1.474

Dynamically allocated memory at  amaxrestraints [B,KiB,MiB]:      1578038    1541.053     1.505

Dynamically allocated memory at  amaxrestraints [B,KiB,MiB]:      1643574    1605.053     1.567

Dynamically allocated memory at  amaxrestraints [B,KiB,MiB]:      1774646    1733.053     1.692

Dynamically allocated memory at  amaxrestraints [B,KiB,MiB]:      1840182    1797.053     1.755

Dynamically allocated memory at  amaxrestraints [B,KiB,MiB]:      1905718    1861.053     1.817

Dynamically allocated memory at  amaxrestraints [B,KiB,MiB]:      2036790    1989.053     1.942

Dynamically allocated memory at  amaxrestraints [B,KiB,MiB]:      2298934    2245.053     2.192
r_stere_606_> Stereochemical restraints were constructed from RTF & PRMF.
              Added bond,angle,dihedral,improper restraints  :     2274    3076    3497     912
              Total number of restraints before, now         :        0     9759
make_re_422_> Number of previous, current restraints         :        0     9759
make_re_423_> Number of previous, current selected restraints:        0     9759
make_re_417_> Restraint type to be calculated:  phi-psi_binormal

Dynamically allocated memory at   amaxstructure [B,KiB,MiB]:      2459578    2401.932     2.346
openf___224_> Open           ${MODINSTALL9v19}/modlib/mnch1.bin
openf___224_> Open           ${MODINSTALL9v19}/modlib/mnch1.mdt
getdata_643_> Protein accepted:  1M17_A
getdata_289_> Proteins (all/accepted):        1        1

Dynamically allocated memory at  amaxrestraints [B,KiB,MiB]:      2590666    2529.947     2.471
make_re_422_> Number of previous, current restraints         :     9759    10034
make_re_423_> Number of previous, current selected restraints:     9759    10034
make_re_417_> Restraint type to be calculated:  omega_dihedral

Dynamically allocated memory at   amaxstructure [B,KiB,MiB]:      2590666    2529.947     2.471
openf___224_> Open           ${MODINSTALL9v19}/modlib/omega.bin
openf___224_> Open           ${MODINSTALL9v19}/modlib/omega.mdt
getdata_643_> Protein accepted:  1M17_A
getdata_289_> Proteins (all/accepted):        1        1
omgdel__425_> Unselected all O C +N +CA dihedrals:      290
              (This is to avoid clashes between STEREO
              and OMEGA_DIHEDRAL restraints)
make_re_422_> Number of previous, current restraints         :    10034    10310
make_re_423_> Number of previous, current selected restraints:    10034    10020
make_re_417_> Restraint type to be calculated:  chi1_dihedral

Dynamically allocated memory at   amaxstructure [B,KiB,MiB]:      2590666    2529.947     2.471
openf___224_> Open           ${MODINSTALL9v19}/modlib/chi1234.bin
openf___224_> Open           ${MODINSTALL9v19}/modlib/chi1.mdt
getdata_643_> Protein accepted:  1M17_A
getdata_289_> Proteins (all/accepted):        1        1

Dynamically allocated memory at  amaxrestraints [B,KiB,MiB]:      2721738    2657.947     2.596
make_re_422_> Number of previous, current restraints         :    10310    10554
make_re_423_> Number of previous, current selected restraints:    10020    10264
make_re_417_> Restraint type to be calculated:  chi2_dihedral

Dynamically allocated memory at   amaxstructure [B,KiB,MiB]:      2721738    2657.947     2.596
openf___224_> Open           ${MODINSTALL9v19}/modlib/chi1234.bin
openf___224_> Open           ${MODINSTALL9v19}/modlib/chi2.mdt
getdata_643_> Protein accepted:  1M17_A
getdata_289_> Proteins (all/accepted):        1        1
make_re_422_> Number of previous, current restraints         :    10554    10746
make_re_423_> Number of previous, current selected restraints:    10264    10456
make_re_417_> Restraint type to be calculated:  chi3_dihedral

Dynamically allocated memory at   amaxstructure [B,KiB,MiB]:      2721738    2657.947     2.596
openf___224_> Open           ${MODINSTALL9v19}/modlib/chi1234.bin
openf___224_> Open           ${MODINSTALL9v19}/modlib/chi3.mdt
getdata_643_> Protein accepted:  1M17_A
getdata_289_> Proteins (all/accepted):        1        1
make_re_422_> Number of previous, current restraints         :    10746    10835
make_re_423_> Number of previous, current selected restraints:    10456    10545
make_re_417_> Restraint type to be calculated:  chi4_dihedral

Dynamically allocated memory at   amaxstructure [B,KiB,MiB]:      2721738    2657.947     2.596
openf___224_> Open           ${MODINSTALL9v19}/modlib/chi1234.bin
openf___224_> Open           ${MODINSTALL9v19}/modlib/chi4.mdt
mdtrsr__446W> A potential that relies on one protein is used, yet you have at
              least one known structure available. MDT, not library, potential is used.
getdata_643_> Protein accepted:  1M17_A
getdata_289_> Proteins (all/accepted):        1        1
make_re_422_> Number of previous, current restraints         :    10835    10872
make_re_423_> Number of previous, current selected restraints:    10545    10582
make_re_417_> Restraint type to be calculated:  DISTANCE

Dynamically allocated memory at amaxhash_contac [B,KiB,MiB]:      3362214    3283.412     3.206

Dynamically allocated memory at  amaxrestraints [B,KiB,MiB]:      3624358    3539.412     3.456
make_re_422_> Number of previous, current restraints         :    10872    16406
make_re_423_> Number of previous, current selected restraints:    10582    16116
make_re_417_> Restraint type to be calculated:  DISTANCE

Dynamically allocated memory at  amaxrestraints [B,KiB,MiB]:      4148646    4051.412     3.956

Dynamically allocated memory at  amaxrestraints [B,KiB,MiB]:      4410790    4307.412     4.206
make_re_422_> Number of previous, current restraints         :    16406    21991
make_re_423_> Number of previous, current selected restraints:    16116    21701
make_re_417_> Restraint type to be calculated:  DISTANCE

Dynamically allocated memory at  amaxrestraints [B,KiB,MiB]:      4672934    4563.412     4.456
make_re_422_> Number of previous, current restraints         :    21991    26668
make_re_423_> Number of previous, current selected restraints:    21701    26378
make_re_417_> Restraint type to be calculated:  DISTANCE
make_re_422_> Number of previous, current restraints         :    26668    29374
make_re_423_> Number of previous, current selected restraints:    26378    29084
0 atoms in HETATM/BLK residues constrained
to protein atoms within 2.30 angstroms
and protein CA atoms within 10.00 angstroms
make_re_417_> Restraint type to be calculated:  DISTANCE
make_re_422_> Number of previous, current restraints         :    29374    29374
make_re_423_> Number of previous, current selected restraints:    29084    29084
make_re_417_> Restraint type to be calculated:  DISTANCE
make_re_422_> Number of previous, current restraints         :    29374    29374
make_re_423_> Number of previous, current selected restraints:    29084    29084
make_re_417_> Restraint type to be calculated:  DISTANCE
make_re_422_> Number of previous, current restraints         :    29374    29374
make_re_423_> Number of previous, current selected restraints:    29084    29084
make_re_417_> Restraint type to be calculated:  DISTANCE
make_re_422_> Number of previous, current restraints         :    29374    29374
make_re_423_> Number of previous, current selected restraints:    29084    29084
0 atoms in residues without defined topology
constrained to be rigid bodies
make_re_417_> Restraint type to be calculated:  DISTANCE
make_re_422_> Number of previous, current restraints         :    29374    29374
make_re_423_> Number of previous, current selected restraints:    29084    29084
rmdupl__427_>     1736 redundant cosine dihedral restraints were unselected.
condens_443_> Restraints marked for deletion were removed.
              Total number of restraints before, now:    29374    27348
openf___224_> Open           1M17_A_full.rsr
openf___224_> Open           1M17_A_full.rsr

Dynamically allocated memory at  amaxrestraints [B,KiB,MiB]:      4710489    4600.087     4.492
rdcsr2__307_> Number of restraints read    :    27348
              Number of excluded pairs read:        0
              Number of pseudo atoms read  :        0
rdcsrs__304_> Restraints in memory, selected restraints:    27348    27348
              Explicitly excluded atom pairs in memory :        0
              Pseudo atoms in memory                   :        0
61 (of 2224 total) atoms selected for optimization
openf___224_> Open           1M17_A_full.ini

Dynamically allocated memory at       amaxmodel [B,KiB,MiB]:      4710513    4600.110     4.492
read_mo_297_> Segments, residues, atoms:        1      277     2224
read_mo_298_> Segment:        1     1   277     2224
randomi_498_> Atoms,selected atoms,random_seed,amplitude:     2224       61        1        4.0000
randomi_496_> Amplitude is > 0; randomization is done.
pick_re_612_> Number of MODEL atoms, selected restraints;       61      401
pick_re_612_> Number of MODEL atoms, selected restraints;       61      455
pick_re_612_> Number of MODEL atoms, selected restraints;       61      475
pick_re_612_> Number of MODEL atoms, selected restraints;       61      477
pick_re_612_> Number of MODEL atoms, selected restraints;       61      480
pick_re_612_> Number of MODEL atoms, selected restraints;       61      557
pick_re_612_> Number of MODEL atoms, selected restraints;       61      570
pick_re_612_> Number of MODEL atoms, selected restraints;       61      813

Dynamically allocated memory at  amaxrestraints [B,KiB,MiB]:      5056469    4937.958     4.822
pick_re_612_> Number of MODEL atoms, selected restraints;       61      852
pick_re_612_> Number of MODEL atoms, selected restraints;       61      852
pick_re_612_> Number of MODEL atoms, selected restraints;       61      852
iupac_m_487_> NH1/2 swapped:     -177.5829        3     3
iupac_m_486_> OE1/2 will be swapped:      121.4628        7     7
iupac_m_486_> OE1/2 will be swapped:     -115.4920       32    32
iupac_m_486_> OE1/2 will be swapped:      109.9107       47    47
iupac_m_483_> CD1/2 CE1/2 swapped:       90.1541       93    93
iupac_m_397W> Atoms were not swapped because of the uncertainty of how to handle the H atom.
iupac_m_485_> OD1/2 will be swapped:      131.5943       98    98
iupac_m_483_> CD1/2 CE1/2 swapped:       91.2531      154   154
iupac_m_397W> Atoms were not swapped because of the uncertainty of how to handle the H atom.
iupac_m_486_> OE1/2 will be swapped:      115.5495      163   163
iupac_m_486_> OE1/2 will be swapped:      124.9509      170   170
iupac_m_483_> CD1/2 CE1/2 swapped:       90.4222      198   198
iupac_m_397W> Atoms were not swapped because of the uncertainty of how to handle the H atom.
iupac_m_484W> Dihedral still outside +-90:      -91.7119
iupac_m_487_> NH1/2 swapped:     -179.6974      260   260


>> ENERGY; Differences between the model's features and restraints:
Number of all residues in MODEL                   :      277
Number of all, selected real atoms                :     2224      61
Number of all, selected pseudo atoms              :        0       0
Number of all static, selected restraints         :    27348     852
COVALENT_CYS                                      :        F
NONBONDED_SEL_ATOMS                               :        1
Number of non-bonded pairs (excluding 1-2,1-3,1-4):      110
Dynamic pairs routine                             : 5, NATM_SEL x NATM double loop
Atomic shift for contacts update (UPDATE_DYNAMIC) :    0.390
LENNARD_JONES_SWITCH                              :    6.500   7.500
COULOMB_JONES_SWITCH                              :    6.500   7.500
RESIDUE_SPAN_RANGE                                :        0   99999
NLOGN_USE                                         :       15
CONTACT_SHELL                                     :    4.000
DYNAMIC_PAIRS,_SPHERE,_COULOMB,_LENNARD,_MODELLER :        T       T       F       F       F
SPHERE_STDV                                       :    0.050
RADII_FACTOR                                      :    0.820
Current energy                                    :          27.7241





Summary of the restraint violations: 

   NUM     ... number of restraints.
   NUMVI   ... number of restraints with RVIOL > VIOL_REPORT_CUT[i].
   RVIOL   ... relative difference from the best value.
   NUMVP   ... number of restraints with -Ln(pdf) > VIOL_REPORT_CUT2[i].
   RMS_1   ... RMS(feature, minimally_violated_basis_restraint, NUMB).
   RMS_2   ... RMS(feature, best_value, NUMB).
   MOL.PDF ... scaled contribution to -Ln(Molecular pdf).

 #                     RESTRAINT_GROUP      NUM   NUMVI  NUMVP   RMS_1   RMS_2         MOL.PDF     S_i
------------------------------------------------------------------------------------------------------
 1 Bond length potential              :      61       0      0   0.003   0.003     0.12083       1.000
 2 Bond angle potential               :      81       0      0   1.283   1.283      2.3461       1.000
 3 Stereochemical cosine torsion poten:      31       0      0  50.271  50.271      13.632       1.000
 4 Stereochemical improper torsion pot:      20       0      0   1.346   1.346     0.64359       1.000
 5 Soft-sphere overlap restraints     :     110       0      0   0.000   0.000      0.0000       1.000
 6 Lennard-Jones 6-12 potential       :       0       0      0   0.000   0.000      0.0000       1.000
 7 Coulomb point-point electrostatic p:       0       0      0   0.000   0.000      0.0000       1.000
 8 H-bonding potential                :       0       0      0   0.000   0.000      0.0000       1.000
 9 Distance restraints 1 (CA-CA)      :     191       0      0   0.049   0.049     0.48541       1.000
10 Distance restraints 2 (N-O)        :     193       0      0   0.094   0.094      1.4668       1.000
11 Mainchain Phi dihedral restraints  :       0       0      0   0.000   0.000      0.0000       1.000
12 Mainchain Psi dihedral restraints  :       0       0      0   0.000   0.000      0.0000       1.000
13 Mainchain Omega dihedral restraints:       7       0      0   2.574   2.574     0.54685       1.000
14 Sidechain Chi_1 dihedral restraints:       7       0      0   3.995   3.995     -1.3162       1.000
15 Sidechain Chi_2 dihedral restraints:       7       0      0  58.876  58.876     0.88449       1.000
16 Sidechain Chi_3 dihedral restraints:       3       0      0  91.268  91.268      2.8723       1.000
17 Sidechain Chi_4 dihedral restraints:       2       0      0   6.505   6.505     0.87852       1.000
18 Disulfide distance restraints      :       0       0      0   0.000   0.000      0.0000       1.000
19 Disulfide angle restraints         :       0       0      0   0.000   0.000      0.0000       1.000
20 Disulfide dihedral angle restraints:       0       0      0   0.000   0.000      0.0000       1.000
21 Lower bound distance restraints    :       0       0      0   0.000   0.000      0.0000       1.000
22 Upper bound distance restraints    :       0       0      0   0.000   0.000      0.0000       1.000
23 Distance restraints 3 (SDCH-MNCH)  :     141       0      0   0.323   0.323      1.1869       1.000
24 Sidechain Chi_5 dihedral restraints:       0       0      0   0.000   0.000      0.0000       1.000
25 Phi/Psi pair of dihedral restraints:       7       0      0  14.432  14.811    -0.14799       1.000
26 Distance restraints 4 (SDCH-SDCH)  :     101       0      0   0.592   0.592      4.1249       1.000
27 Distance restraints 5 (X-Y)        :       0       0      0   0.000   0.000      0.0000       1.000
28 NMR distance restraints 6 (X-Y)    :       0       0      0   0.000   0.000      0.0000       1.000
29 NMR distance restraints 7 (X-Y)    :       0       0      0   0.000   0.000      0.0000       1.000
30 Minimal distance restraints        :       0       0      0   0.000   0.000      0.0000       1.000
31 Non-bonded restraints              :       0       0      0   0.000   0.000      0.0000       1.000
32 Atomic accessibility restraints    :       0       0      0   0.000   0.000      0.0000       1.000
33 Atomic density restraints          :       0       0      0   0.000   0.000      0.0000       1.000
34 Absolute position restraints       :       0       0      0   0.000   0.000      0.0000       1.000
35 Dihedral angle difference restraint:       0       0      0   0.000   0.000      0.0000       1.000
36 GBSA implicit solvent potential    :       0       0      0   0.000   0.000      0.0000       1.000
37 EM density fitting potential       :       0       0      0   0.000   0.000      0.0000       1.000
38 SAXS restraints                    :       0       0      0   0.000   0.000      0.0000       1.000
39 Symmetry restraints                :       0       0      0   0.000   0.000      0.0000       1.000



openf___224_> Open           1M17_A_full.V99990001
# Heavy relative violation of each residue is written to: 1M17_A_full.V99990001
# The profile is NOT normalized by the number of restraints.
# The profiles are smoothed over a window of residues:    1
# The sum of all numbers in the file:     514.0748



List of the violated restraints:
   A restraint is violated when the relative difference
   from the best value (RVIOL) is larger than CUTOFF.

   ICSR   ... index of a restraint in the current set.
   RESNO  ... residue numbers of the first two atoms.
   ATM    ... IUPAC atom names of the first two atoms.
   FEAT   ... the value of the feature in the model.
   restr  ... the mean of the basis restraint with the smallest
              difference from the model (local minimum).
   viol   ... difference from the local minimum.
   rviol  ... relative difference from the local minimum.
   RESTR  ... the best value (global minimum).
   VIOL   ... difference from the best value.
   RVIOL  ... relative difference from the best value.



report______> Distribution of short non-bonded contacts:


DISTANCE1:  0.00 2.10 2.20 2.30 2.40 2.50 2.60 2.70 2.80 2.90 3.00 3.10 3.20 3.30 3.40
DISTANCE2:  2.10 2.20 2.30 2.40 2.50 2.60 2.70 2.80 2.90 3.00 3.10 3.20 3.30 3.40 3.50
FREQUENCY:     0    0    0    1    0    5   13   29   78  129  168  217  251  274  352


<< end of ENERGY.
openf___224_> Open           1M17_A_full.B99990001.pdb
wrpdb___568_> Residues, atoms, selected atoms:      277     2224     2224

>> Summary of successfully produced models:
Filename                          molpdf
----------------------------------------
1M17_A_full.B99990001.pdb       27.72407


Dynamically allocated memory at          finish [B,KiB,MiB]:      5056469    4937.958     4.822
Starting time                                            : 2018/02/20 13:00:11
Closing time                                             : 2018/02/20 13:00:14
Total CPU time [seconds]                                 :       2.77
