
                         MODELLER 9.19, 2017/07/19, r11078

     PROTEIN STRUCTURE MODELLING BY SATISFACTION OF SPATIAL RESTRAINTS


                     Copyright(c) 1989-2017 Andrej Sali
                            All Rights Reserved

                             Written by A. Sali
                               with help from
              B. Webb, M.S. Madhusudhan, M-Y. Shen, G.Q. Dong,
          M.A. Marti-Renom, N. Eswar, F. Alber, M. Topf, B. Oliva,
             A. Fiser, R. Sanchez, B. Yerkovich, A. Badretdinov,
                     F. Melo, J.P. Overington, E. Feyfant
                 University of California, San Francisco, USA
                    Rockefeller University, New York, USA
                      Harvard University, Cambridge, USA
                   Imperial Cancer Research Fund, London, UK
              Birkbeck College, University of London, London, UK


Kind, OS, HostName, Kernel, Processor: 4, Linux german-xps 4.14.6-041406-generic x86_64
Date and time of compilation         : 2017/07/19 15:03:51
MODELLER executable type             : x86_64-intel8
Job starting time (YY/MM/DD HH:MM:SS): 2018/02/20 13:03:49

openf___224_> Open           $(LIB)/restyp.lib
openf___224_> Open           ${MODINSTALL9v19}/modlib/resgrp.lib
rdresgr_266_> Number of residue groups:        2
openf___224_> Open           ${MODINSTALL9v19}/modlib/sstruc.lib

Dynamically allocated memory at   amaxlibraries [B,KiB,MiB]:       191566     187.076     0.183

Dynamically allocated memory at   amaxlibraries [B,KiB,MiB]:       192094     187.592     0.183
openf___224_> Open           ${MODINSTALL9v19}/modlib/resdih.lib

Dynamically allocated memory at   amaxlibraries [B,KiB,MiB]:       240694     235.053     0.230
rdrdih__263_> Number of dihedral angle types         :        9
              Maximal number of dihedral angle optima:        3
              Dihedral angle names                   :  Alph Phi Psi Omeg chi1 chi2 chi3 chi4 chi5
openf___224_> Open           ${MODINSTALL9v19}/modlib/radii.lib

Dynamically allocated memory at   amaxlibraries [B,KiB,MiB]:       253994     248.041     0.242
openf___224_> Open           ${MODINSTALL9v19}/modlib/radii14.lib
openf___224_> Open           ${MODINSTALL9v19}/modlib/af_mnchdef.lib
rdwilmo_274_> Mainchain residue conformation classes:  APBLE
openf___224_> Open           ${MODINSTALL9v19}/modlib/mnch.lib
rdclass_257_> Number of classes:        5
openf___224_> Open           ${MODINSTALL9v19}/modlib/mnch1.lib
openf___224_> Open           ${MODINSTALL9v19}/modlib/mnch2.lib
openf___224_> Open           ${MODINSTALL9v19}/modlib/mnch3.lib
openf___224_> Open           ${MODINSTALL9v19}/modlib/xs4.mat
rdrrwgh_268_> Number of residue types:       21
openf___224_> Open           /home/german/labo/18/egfr/model/5CZH_A/to_model_5CZH_A

Dynamically allocated memory at   amaxalignment [B,KiB,MiB]:       265487     259.265     0.253

Dynamically allocated memory at   amaxalignment [B,KiB,MiB]:       266937     260.681     0.255

Dynamically allocated memory at   amaxalignment [B,KiB,MiB]:       269837     263.513     0.257

Dynamically allocated memory at   amaxalignment [B,KiB,MiB]:       275637     269.177     0.263

Dynamically allocated memory at   amaxalignment [B,KiB,MiB]:       392693     383.489     0.375

Dynamically allocated memory at    amaxsequence [B,KiB,MiB]:       393933     384.700     0.376

Dynamically allocated memory at    amaxsequence [B,KiB,MiB]:       395037     385.778     0.377

Read the alignment from file       : /home/german/labo/18/egfr/model/5CZH_A/to_model_5CZH_A
Total number of alignment positions:   311

  #  Code        #_Res #_Segm PDB_code    Name
-------------------------------------------------------------------------------
  1     5CZH_A     311      1      5CZH_A
  2  5CZH_A_fu     277      1
check_a_343_> >> BEGINNING OF COMMAND
openf___224_> Open           ./5CZH_A.pdb

Dynamically allocated memory at amaxcoordinates [B,KiB,MiB]:       490062     478.576     0.467

Dynamically allocated memory at    amaxsequence [B,KiB,MiB]:       490062     478.576     0.467

Dynamically allocated memory at amaxcoordinates [B,KiB,MiB]:       490233     478.743     0.468

Dynamically allocated memory at amaxcoordinates [B,KiB,MiB]:       491083     479.573     0.468

Dynamically allocated memory at amaxcoordinates [B,KiB,MiB]:       492341     480.802     0.470

Dynamically allocated memory at amaxcoordinates [B,KiB,MiB]:       494245     482.661     0.471

Dynamically allocated memory at    amaxsequence [B,KiB,MiB]:       494245     482.661     0.471

Dynamically allocated memory at amaxcoordinates [B,KiB,MiB]:       494335     482.749     0.471

Dynamically allocated memory at amaxcoordinates [B,KiB,MiB]:       497191     485.538     0.474

Dynamically allocated memory at    amaxsequence [B,KiB,MiB]:       497191     485.538     0.474

Dynamically allocated memory at amaxcoordinates [B,KiB,MiB]:       497326     485.670     0.474

Dynamically allocated memory at amaxcoordinates [B,KiB,MiB]:       501610     489.854     0.478

Dynamically allocated memory at    amaxsequence [B,KiB,MiB]:       501610     489.854     0.478

Dynamically allocated memory at amaxcoordinates [B,KiB,MiB]:       501808     490.047     0.479

Dynamically allocated memory at amaxcoordinates [B,KiB,MiB]:       508234     496.322     0.485

Dynamically allocated memory at    amaxsequence [B,KiB,MiB]:       508234     496.322     0.485

Dynamically allocated memory at amaxcoordinates [B,KiB,MiB]:       508531     496.612     0.485

Dynamically allocated memory at amaxcoordinates [B,KiB,MiB]:       518153     506.009     0.494

Dynamically allocated memory at    amaxsequence [B,KiB,MiB]:       518153     506.009     0.494

Dynamically allocated memory at amaxcoordinates [B,KiB,MiB]:       518603     506.448     0.495

Dynamically allocated memory at amaxcoordinates [B,KiB,MiB]:       533053     520.560     0.508

Dynamically allocated memory at    amaxsequence [B,KiB,MiB]:       533053     520.560     0.508

Dynamically allocated memory at amaxcoordinates [B,KiB,MiB]:       533728     521.219     0.509

Dynamically allocated memory at amaxcoordinates [B,KiB,MiB]:       555386     542.369     0.530

Dynamically allocated memory at    amaxsequence [B,KiB,MiB]:       555386     542.369     0.530

Dynamically allocated memory at amaxcoordinates [B,KiB,MiB]:       556394     543.354     0.531

Dynamically allocated memory at amaxcoordinates [B,KiB,MiB]:       588898     575.096     0.562

Dynamically allocated memory at   amaxstructure [B,KiB,MiB]:       588664     574.867     0.561

check_ali___> Checking the sequence-structure alignment. 

Implied intrachain target CA(i)-CA(i+1) distances longer than  8.0 angstroms:

ALN_POS  TMPL  RID1  RID2  NAM1  NAM2     DIST
----------------------------------------------
END OF TABLE
check_a_344_> << END OF COMMAND
openf___224_> Open           ${LIB}/top_heav.lib
read_to_681_> topology.submodel read from topology file:        3
openf___224_> Open           ${LIB}/par.lib

Dynamically allocated memory at  amaxparameters [B,KiB,MiB]:       727916     710.855     0.694

Dynamically allocated memory at  amaxparameters [B,KiB,MiB]:       729516     712.418     0.696

Dynamically allocated memory at  amaxparameters [B,KiB,MiB]:       733496     716.305     0.700

Dynamically allocated memory at  amaxparameters [B,KiB,MiB]:       735496     718.258     0.701

Dynamically allocated memory at  amaxparameters [B,KiB,MiB]:       738496     721.188     0.704

Dynamically allocated memory at  amaxparameters [B,KiB,MiB]:       742996     725.582     0.709

Dynamically allocated memory at  amaxparameters [B,KiB,MiB]:       748568     731.023     0.714

Dynamically allocated memory at  amaxparameters [B,KiB,MiB]:       751368     733.758     0.717

Dynamically allocated memory at  amaxparameters [B,KiB,MiB]:       755568     737.859     0.721

Dynamically allocated memory at  amaxparameters [B,KiB,MiB]:       761868     744.012     0.727

Dynamically allocated memory at  amaxparameters [B,KiB,MiB]:       764640     746.719     0.729

Dynamically allocated memory at  amaxparameters [B,KiB,MiB]:       766040     748.086     0.731
read_pa_232_> parameters    BONDS   ANGLS  DIHEDS IMPROPS    MODE
                              227     561     661     112       0

Dynamically allocated memory at       amaxmodel [B,KiB,MiB]:       809372     790.402     0.772

Dynamically allocated memory at       amaxmodel [B,KiB,MiB]:      1029382    1005.256     0.982

Dynamically allocated memory at       amaxmodel [B,KiB,MiB]:      1062390    1037.490     1.013

mkilst______> segment topology constructed from sequence and RTF:
              segments residues atoms bonds angles dihedrals impropers:
                     1      277  2226  2276      0         0       925

Dynamically allocated memory at       amaxmodel [B,KiB,MiB]:      1157798    1130.662     1.104

patch_______> segment topology patched using RTF:     1  ;  LEU  ;  NTER
              segments residues atoms bonds angles dihedrals impropers:
                     1      277  2226  2276   3077      3657       925


Dynamically allocated memory at       amaxmodel [B,KiB,MiB]:      1249894    1220.600     1.192
patch_______> segment topology patched using RTF:   277  ;  LEU  ;  CTER
              segments residues atoms bonds angles dihedrals impropers:
                     1      277  2227  2277   3079      3659       926

genseg______> segment topology constructed from sequence and RTF:
              segments residues atoms bonds angles dihedrals impropers:
                     1      277  2227  2277   3079      3659       926
transfe_506_> MODEL is an average of all templates.
transfe_511_> Number of templates for coordinate transfer:        1
              After transferring coordinates of the equivalent template atoms,
              there are defined, undefined atoms in MODEL:     2193       34
openf___224_> Open           5CZH_A_full.ini
wrpdb___568_> Residues, atoms, selected atoms:      277     2227     2227
make_re_417_> Restraint type to be calculated:  stereo

Dynamically allocated memory at  amaxrestraints [B,KiB,MiB]:      1356943    1325.140     1.294

Dynamically allocated memory at  amaxrestraints [B,KiB,MiB]:      1365135    1333.140     1.302

Dynamically allocated memory at  amaxrestraints [B,KiB,MiB]:      1381519    1349.140     1.318

Dynamically allocated memory at  amaxrestraints [B,KiB,MiB]:      1414287    1381.140     1.349

Dynamically allocated memory at  amaxrestraints [B,KiB,MiB]:      1447055    1413.140     1.380

Dynamically allocated memory at  amaxrestraints [B,KiB,MiB]:      1512591    1477.140     1.443

Dynamically allocated memory at  amaxrestraints [B,KiB,MiB]:      1545359    1509.140     1.474

Dynamically allocated memory at  amaxrestraints [B,KiB,MiB]:      1578127    1541.140     1.505

Dynamically allocated memory at  amaxrestraints [B,KiB,MiB]:      1643663    1605.140     1.568

Dynamically allocated memory at  amaxrestraints [B,KiB,MiB]:      1774735    1733.140     1.693

Dynamically allocated memory at  amaxrestraints [B,KiB,MiB]:      1840271    1797.140     1.755

Dynamically allocated memory at  amaxrestraints [B,KiB,MiB]:      1905807    1861.140     1.818

Dynamically allocated memory at  amaxrestraints [B,KiB,MiB]:      2036879    1989.140     1.943

Dynamically allocated memory at  amaxrestraints [B,KiB,MiB]:      2299023    2245.140     2.193
r_stere_606_> Stereochemical restraints were constructed from RTF & PRMF.
              Added bond,angle,dihedral,improper restraints  :     2277    3079    3499     912
              Total number of restraints before, now         :        0     9767
make_re_422_> Number of previous, current restraints         :        0     9767
make_re_423_> Number of previous, current selected restraints:        0     9767
make_re_417_> Restraint type to be calculated:  phi-psi_binormal

Dynamically allocated memory at   amaxstructure [B,KiB,MiB]:      2459769    2402.118     2.346
openf___224_> Open           ${MODINSTALL9v19}/modlib/mnch1.bin
openf___224_> Open           ${MODINSTALL9v19}/modlib/mnch1.mdt
errdih__638_> Missing atoms in a dihedral, residue index, residue type:        5        2  GLU
errdih__638_> Missing atoms in a dihedral, residue index, residue type:        5       33  LYS
errdih__638_> Missing atoms in a dihedral, residue index, residue type:        5       53  ARG
errdih__638_> Missing atoms in a dihedral, residue index, residue type:        5       54  GLU
errdih__638_> Missing atoms in a dihedral, residue index, residue type:        5      170  GLU
errdih__638_> Missing atoms in a dihedral, residue index, residue type:        5      171  GLU
errdih__638_> Missing atoms in a dihedral, residue index, residue type:        5      172  LYS
errdih__638_> Missing atoms in a dihedral, residue index, residue type:        5      291  ARG
errdih__638_> Missing atoms in a dihedral, residue index, residue type:        5      293  HIS
errdih__638_> Missing atoms in a dihedral, residue index, residue type:        5      298  GLU
errdih__638_> Missing atoms in a dihedral, residue index, residue type:        5      300  MET
errdih__638_> Missing atoms in a dihedral, residue index, residue type:        5      311  ILE
errdih__638_> Missing atoms in a dihedral, residue index, residue type:        6        2  GLU
errdih__638_> Missing atoms in a dihedral, residue index, residue type:        6       33  LYS
errdih__638_> Missing atoms in a dihedral, residue index, residue type:        6       53  ARG
errdih__638_> Missing atoms in a dihedral, residue index, residue type:        6       54  GLU
errdih__638_> Missing atoms in a dihedral, residue index, residue type:        6       81  ARG
errdih__638_> Missing atoms in a dihedral, residue index, residue type:        6      170  GLU
errdih__638_> Missing atoms in a dihedral, residue index, residue type:        6      171  GLU
errdih__638_> Missing atoms in a dihedral, residue index, residue type:        6      172  LYS
errdih__638_> Missing atoms in a dihedral, residue index, residue type:        6      291  ARG
errdih__638_> Missing atoms in a dihedral, residue index, residue type:        6      293  HIS
errdih__638_> Missing atoms in a dihedral, residue index, residue type:        6      298  GLU
errdih__638_> Missing atoms in a dihedral, residue index, residue type:        6      300  MET
errdih__638_> Missing atoms in a dihedral, residue index, residue type:        6      311  ILE
errdih__638_> Missing atoms in a dihedral, residue index, residue type:        7        2  GLU
errdih__638_> Missing atoms in a dihedral, residue index, residue type:        7       33  LYS
errdih__638_> Missing atoms in a dihedral, residue index, residue type:        7       41  GLU
errdih__638_> Missing atoms in a dihedral, residue index, residue type:        7       53  ARG
errdih__638_> Missing atoms in a dihedral, residue index, residue type:        7       54  GLU
errdih__638_> Missing atoms in a dihedral, residue index, residue type:        7       81  ARG
errdih__638_> Missing atoms in a dihedral, residue index, residue type:        7      170  GLU
errdih__638_> Missing atoms in a dihedral, residue index, residue type:        7      171  GLU
errdih__638_> Missing atoms in a dihedral, residue index, residue type:        7      172  LYS
errdih__638_> Missing atoms in a dihedral, residue index, residue type:        7      291  ARG
errdih__638_> Missing atoms in a dihedral, residue index, residue type:        7      298  GLU
errdih__638_> Missing atoms in a dihedral, residue index, residue type:        7      300  MET
errdih__638_> Missing atoms in a dihedral, residue index, residue type:        8       33  LYS
errdih__638_> Missing atoms in a dihedral, residue index, residue type:        8       53  ARG
errdih__638_> Missing atoms in a dihedral, residue index, residue type:        8       81  ARG
errdih__638_> Missing atoms in a dihedral, residue index, residue type:        8      172  LYS
errdih__638_> Missing atoms in a dihedral, residue index, residue type:        8      291  ARG
getdata_643_> Protein accepted:  5CZH_A
getdata_289_> Proteins (all/accepted):        1        1

Dynamically allocated memory at  amaxrestraints [B,KiB,MiB]:      2590857    2530.134     2.471
make_re_422_> Number of previous, current restraints         :     9767    10042
make_re_423_> Number of previous, current selected restraints:     9767    10042
make_re_417_> Restraint type to be calculated:  omega_dihedral

Dynamically allocated memory at   amaxstructure [B,KiB,MiB]:      2590857    2530.134     2.471
openf___224_> Open           ${MODINSTALL9v19}/modlib/omega.bin
openf___224_> Open           ${MODINSTALL9v19}/modlib/omega.mdt
getdata_643_> Protein accepted:  5CZH_A
getdata_289_> Proteins (all/accepted):        1        1
omgdel__425_> Unselected all O C +N +CA dihedrals:      290
              (This is to avoid clashes between STEREO
              and OMEGA_DIHEDRAL restraints)
make_re_422_> Number of previous, current restraints         :    10042    10318
make_re_423_> Number of previous, current selected restraints:    10042    10028
make_re_417_> Restraint type to be calculated:  chi1_dihedral

Dynamically allocated memory at   amaxstructure [B,KiB,MiB]:      2590857    2530.134     2.471
openf___224_> Open           ${MODINSTALL9v19}/modlib/chi1234.bin
openf___224_> Open           ${MODINSTALL9v19}/modlib/chi1.mdt
getdata_643_> Protein accepted:  5CZH_A
getdata_289_> Proteins (all/accepted):        1        1

Dynamically allocated memory at  amaxrestraints [B,KiB,MiB]:      2721929    2658.134     2.596
make_re_422_> Number of previous, current restraints         :    10318    10562
make_re_423_> Number of previous, current selected restraints:    10028    10272
make_re_417_> Restraint type to be calculated:  chi2_dihedral

Dynamically allocated memory at   amaxstructure [B,KiB,MiB]:      2721929    2658.134     2.596
openf___224_> Open           ${MODINSTALL9v19}/modlib/chi1234.bin
openf___224_> Open           ${MODINSTALL9v19}/modlib/chi2.mdt
getdata_643_> Protein accepted:  5CZH_A
getdata_289_> Proteins (all/accepted):        1        1
make_re_422_> Number of previous, current restraints         :    10562    10754
make_re_423_> Number of previous, current selected restraints:    10272    10464
make_re_417_> Restraint type to be calculated:  chi3_dihedral

Dynamically allocated memory at   amaxstructure [B,KiB,MiB]:      2721929    2658.134     2.596
openf___224_> Open           ${MODINSTALL9v19}/modlib/chi1234.bin
openf___224_> Open           ${MODINSTALL9v19}/modlib/chi3.mdt
getdata_643_> Protein accepted:  5CZH_A
getdata_289_> Proteins (all/accepted):        1        1
make_re_422_> Number of previous, current restraints         :    10754    10844
make_re_423_> Number of previous, current selected restraints:    10464    10554
make_re_417_> Restraint type to be calculated:  chi4_dihedral

Dynamically allocated memory at   amaxstructure [B,KiB,MiB]:      2721929    2658.134     2.596
openf___224_> Open           ${MODINSTALL9v19}/modlib/chi1234.bin
openf___224_> Open           ${MODINSTALL9v19}/modlib/chi4.mdt
mdtrsr__446W> A potential that relies on one protein is used, yet you have at
              least one known structure available. MDT, not library, potential is used.
getdata_643_> Protein accepted:  5CZH_A
getdata_289_> Proteins (all/accepted):        1        1
make_re_422_> Number of previous, current restraints         :    10844    10882
make_re_423_> Number of previous, current selected restraints:    10554    10592
make_re_417_> Restraint type to be calculated:  DISTANCE

Dynamically allocated memory at amaxhash_contac [B,KiB,MiB]:      3363269    3284.442     3.207

Dynamically allocated memory at  amaxrestraints [B,KiB,MiB]:      3625413    3540.442     3.457
make_re_422_> Number of previous, current restraints         :    10882    16448
make_re_423_> Number of previous, current selected restraints:    10592    16158
make_re_417_> Restraint type to be calculated:  DISTANCE

Dynamically allocated memory at  amaxrestraints [B,KiB,MiB]:      3887557    3796.442     3.707

Dynamically allocated memory at  amaxrestraints [B,KiB,MiB]:      4411845    4308.442     4.207
make_re_422_> Number of previous, current restraints         :    16448    22078
make_re_423_> Number of previous, current selected restraints:    16158    21788
make_re_417_> Restraint type to be calculated:  DISTANCE

Dynamically allocated memory at  amaxrestraints [B,KiB,MiB]:      4673989    4564.442     4.457
make_re_422_> Number of previous, current restraints         :    22078    26734
make_re_423_> Number of previous, current selected restraints:    21788    26444
make_re_417_> Restraint type to be calculated:  DISTANCE
make_re_422_> Number of previous, current restraints         :    26734    29549
make_re_423_> Number of previous, current selected restraints:    26444    29259
0 atoms in HETATM/BLK residues constrained
to protein atoms within 2.30 angstroms
and protein CA atoms within 10.00 angstroms
make_re_417_> Restraint type to be calculated:  DISTANCE
make_re_422_> Number of previous, current restraints         :    29549    29549
make_re_423_> Number of previous, current selected restraints:    29259    29259
make_re_417_> Restraint type to be calculated:  DISTANCE
make_re_422_> Number of previous, current restraints         :    29549    29549
make_re_423_> Number of previous, current selected restraints:    29259    29259
make_re_417_> Restraint type to be calculated:  DISTANCE
make_re_422_> Number of previous, current restraints         :    29549    29549
make_re_423_> Number of previous, current selected restraints:    29259    29259
make_re_417_> Restraint type to be calculated:  DISTANCE
make_re_422_> Number of previous, current restraints         :    29549    29549
make_re_423_> Number of previous, current selected restraints:    29259    29259
0 atoms in residues without defined topology
constrained to be rigid bodies
make_re_417_> Restraint type to be calculated:  DISTANCE
make_re_422_> Number of previous, current restraints         :    29549    29549
make_re_423_> Number of previous, current selected restraints:    29259    29259
rmdupl__427_>     1737 redundant cosine dihedral restraints were unselected.
condens_443_> Restraints marked for deletion were removed.
              Total number of restraints before, now:    29549    27522
openf___224_> Open           5CZH_A_full.rsr
openf___224_> Open           5CZH_A_full.rsr

Dynamically allocated memory at  amaxrestraints [B,KiB,MiB]:      4711755    4601.323     4.493
rdcsr2__307_> Number of restraints read    :    27522
              Number of excluded pairs read:        0
              Number of pseudo atoms read  :        0
rdcsrs__304_> Restraints in memory, selected restraints:    27522    27522
              Explicitly excluded atom pairs in memory :        0
              Pseudo atoms in memory                   :        0
61 (of 2227 total) atoms selected for optimization
openf___224_> Open           5CZH_A_full.ini

Dynamically allocated memory at       amaxmodel [B,KiB,MiB]:      4711779    4601.347     4.494
read_mo_297_> Segments, residues, atoms:        1      277     2227
read_mo_298_> Segment:        1     1   277     2227
randomi_498_> Atoms,selected atoms,random_seed,amplitude:     2227       61        1        4.0000
randomi_496_> Amplitude is > 0; randomization is done.
pick_re_612_> Number of MODEL atoms, selected restraints;       61      391
pick_re_612_> Number of MODEL atoms, selected restraints;       61      451
pick_re_612_> Number of MODEL atoms, selected restraints;       61      474
pick_re_612_> Number of MODEL atoms, selected restraints;       61      476
pick_re_612_> Number of MODEL atoms, selected restraints;       61      478
pick_re_612_> Number of MODEL atoms, selected restraints;       61      566
pick_re_612_> Number of MODEL atoms, selected restraints;       61      584
pick_re_612_> Number of MODEL atoms, selected restraints;       61      829

Dynamically allocated memory at  amaxrestraints [B,KiB,MiB]:      5057807    4939.265     4.824
pick_re_612_> Number of MODEL atoms, selected restraints;       61      871
pick_re_612_> Number of MODEL atoms, selected restraints;       61      871
pick_re_612_> Number of MODEL atoms, selected restraints;       61      871
iupac_m_487_> NH1/2 swapped:      177.5525        3     3
iupac_m_486_> OE1/2 will be swapped:      177.7479        9     9
iupac_m_483_> CD1/2 CE1/2 swapped:       90.4469       10    10
iupac_m_397W> Atoms were not swapped because of the uncertainty of how to handle the H atom.
iupac_m_483_> CD1/2 CE1/2 swapped:     -167.7920       21    21
iupac_m_397W> Atoms were not swapped because of the uncertainty of how to handle the H atom.
iupac_m_483_> CD1/2 CE1/2 swapped:     -128.5477       25    25
iupac_m_397W> Atoms were not swapped because of the uncertainty of how to handle the H atom.
iupac_m_486_> OE1/2 will be swapped:      111.3041       32    32
iupac_m_486_> OE1/2 will be swapped:      180.0000       34    34
iupac_m_487_> NH1/2 swapped:     -180.0000       46    46
iupac_m_486_> OE1/2 will be swapped:      180.0000       47    47
iupac_m_486_> OE1/2 will be swapped:      164.8419       56    56
iupac_m_486_> OE1/2 will be swapped:      148.1361       60    60
iupac_m_483_> CD1/2 CE1/2 swapped:      -97.2388       62    62
iupac_m_397W> Atoms were not swapped because of the uncertainty of how to handle the H atom.
iupac_m_487_> NH1/2 swapped:     -179.9720       74    74
iupac_m_485_> OD1/2 will be swapped:     -175.6892       98    98
iupac_m_486_> OE1/2 will be swapped:     -165.2061      102   102
iupac_m_483_> CD1/2 CE1/2 swapped:      -97.6603      111   111
iupac_m_397W> Atoms were not swapped because of the uncertainty of how to handle the H atom.
iupac_m_486_> OE1/2 will be swapped:      124.8446      127   127
iupac_m_485_> OD1/2 will be swapped:      161.5656      128   128
iupac_m_487_> NH1/2 swapped:      179.7383      130   130
iupac_m_485_> OD1/2 will be swapped:     -171.8984      135   135
iupac_m_486_> OE1/2 will be swapped:      180.0000      163   163
iupac_m_486_> OE1/2 will be swapped:     -180.0000      164   164
iupac_m_486_> OE1/2 will be swapped:       94.2801      170   170
iupac_m_483_> CD1/2 CE1/2 swapped:     -101.7966      189   189
iupac_m_397W> Atoms were not swapped because of the uncertainty of how to handle the H atom.
iupac_m_485_> OD1/2 will be swapped:      173.7869      194   194
iupac_m_483_> CD1/2 CE1/2 swapped:      -95.0543      198   198
iupac_m_397W> Atoms were not swapped because of the uncertainty of how to handle the H atom.
iupac_m_485_> OD1/2 will be swapped:     -162.3623      214   214
iupac_m_487_> NH1/2 swapped:      179.8506      230   230
iupac_m_483_> CD1/2 CE1/2 swapped:     -121.9025      242   242
iupac_m_397W> Atoms were not swapped because of the uncertainty of how to handle the H atom.
iupac_m_485_> OD1/2 will be swapped:     -152.7366      252   252
iupac_m_485_> OD1/2 will be swapped:     -173.2091      254   254
iupac_m_487_> NH1/2 swapped:     -179.6568      260   260
iupac_m_486_> OE1/2 will be swapped:      134.6664      265   265
iupac_m_485_> OD1/2 will be swapped:     -179.8573      272   272
iupac_m_483_> CD1/2 CE1/2 swapped:      104.4236      276   276
iupac_m_397W> Atoms were not swapped because of the uncertainty of how to handle the H atom.


>> ENERGY; Differences between the model's features and restraints:
Number of all residues in MODEL                   :      277
Number of all, selected real atoms                :     2227      61
Number of all, selected pseudo atoms              :        0       0
Number of all static, selected restraints         :    27522     871
COVALENT_CYS                                      :        F
NONBONDED_SEL_ATOMS                               :        1
Number of non-bonded pairs (excluding 1-2,1-3,1-4):      105
Dynamic pairs routine                             : 5, NATM_SEL x NATM double loop
Atomic shift for contacts update (UPDATE_DYNAMIC) :    0.390
LENNARD_JONES_SWITCH                              :    6.500   7.500
COULOMB_JONES_SWITCH                              :    6.500   7.500
RESIDUE_SPAN_RANGE                                :        0   99999
NLOGN_USE                                         :       15
CONTACT_SHELL                                     :    4.000
DYNAMIC_PAIRS,_SPHERE,_COULOMB,_LENNARD,_MODELLER :        T       T       F       F       F
SPHERE_STDV                                       :    0.050
RADII_FACTOR                                      :    0.820
Current energy                                    :          42.7442





Summary of the restraint violations: 

   NUM     ... number of restraints.
   NUMVI   ... number of restraints with RVIOL > VIOL_REPORT_CUT[i].
   RVIOL   ... relative difference from the best value.
   NUMVP   ... number of restraints with -Ln(pdf) > VIOL_REPORT_CUT2[i].
   RMS_1   ... RMS(feature, minimally_violated_basis_restraint, NUMB).
   RMS_2   ... RMS(feature, best_value, NUMB).
   MOL.PDF ... scaled contribution to -Ln(Molecular pdf).

 #                     RESTRAINT_GROUP      NUM   NUMVI  NUMVP   RMS_1   RMS_2         MOL.PDF     S_i
------------------------------------------------------------------------------------------------------
 1 Bond length potential              :      61       0      0   0.004   0.004     0.30179       1.000
 2 Bond angle potential               :      81       0      0   1.590   1.590      3.6438       1.000
 3 Stereochemical cosine torsion poten:      31       0      0  50.647  50.647      13.913       1.000
 4 Stereochemical improper torsion pot:      20       0      0   1.587   1.587     0.90011       1.000
 5 Soft-sphere overlap restraints     :     105       0      0   0.002   0.002     0.31001E-01   1.000
 6 Lennard-Jones 6-12 potential       :       0       0      0   0.000   0.000      0.0000       1.000
 7 Coulomb point-point electrostatic p:       0       0      0   0.000   0.000      0.0000       1.000
 8 H-bonding potential                :       0       0      0   0.000   0.000      0.0000       1.000
 9 Distance restraints 1 (CA-CA)      :     196       0      0   0.067   0.067     0.96499       1.000
10 Distance restraints 2 (N-O)        :     199       0      0   0.090   0.090      1.4202       1.000
11 Mainchain Phi dihedral restraints  :       0       0      0   0.000   0.000      0.0000       1.000
12 Mainchain Psi dihedral restraints  :       0       0      0   0.000   0.000      0.0000       1.000
13 Mainchain Omega dihedral restraints:       7       0      0   2.956   2.956     0.72129       1.000
14 Sidechain Chi_1 dihedral restraints:       7       0      0  56.469  56.469      1.9574       1.000
15 Sidechain Chi_2 dihedral restraints:       7       0      0  52.609  52.609      1.2965       1.000
16 Sidechain Chi_3 dihedral restraints:       3       0      0  60.946  60.946      2.5994       1.000
17 Sidechain Chi_4 dihedral restraints:       2       0      0  92.933  92.933      1.8707       1.000
18 Disulfide distance restraints      :       0       0      0   0.000   0.000      0.0000       1.000
19 Disulfide angle restraints         :       0       0      0   0.000   0.000      0.0000       1.000
20 Disulfide dihedral angle restraints:       0       0      0   0.000   0.000      0.0000       1.000
21 Lower bound distance restraints    :       0       0      0   0.000   0.000      0.0000       1.000
22 Upper bound distance restraints    :       0       0      0   0.000   0.000      0.0000       1.000
23 Distance restraints 3 (SDCH-MNCH)  :     133       0      0   0.534   0.534      1.7307       1.000
24 Sidechain Chi_5 dihedral restraints:       0       0      0   0.000   0.000      0.0000       1.000
25 Phi/Psi pair of dihedral restraints:       7       0      0  16.491  17.180    -0.75277       1.000
26 Distance restraints 4 (SDCH-SDCH)  :     117       0      0   0.922   0.922      12.146       1.000
27 Distance restraints 5 (X-Y)        :       0       0      0   0.000   0.000      0.0000       1.000
28 NMR distance restraints 6 (X-Y)    :       0       0      0   0.000   0.000      0.0000       1.000
29 NMR distance restraints 7 (X-Y)    :       0       0      0   0.000   0.000      0.0000       1.000
30 Minimal distance restraints        :       0       0      0   0.000   0.000      0.0000       1.000
31 Non-bonded restraints              :       0       0      0   0.000   0.000      0.0000       1.000
32 Atomic accessibility restraints    :       0       0      0   0.000   0.000      0.0000       1.000
33 Atomic density restraints          :       0       0      0   0.000   0.000      0.0000       1.000
34 Absolute position restraints       :       0       0      0   0.000   0.000      0.0000       1.000
35 Dihedral angle difference restraint:       0       0      0   0.000   0.000      0.0000       1.000
36 GBSA implicit solvent potential    :       0       0      0   0.000   0.000      0.0000       1.000
37 EM density fitting potential       :       0       0      0   0.000   0.000      0.0000       1.000
38 SAXS restraints                    :       0       0      0   0.000   0.000      0.0000       1.000
39 Symmetry restraints                :       0       0      0   0.000   0.000      0.0000       1.000



openf___224_> Open           5CZH_A_full.V99990001
# Heavy relative violation of each residue is written to: 5CZH_A_full.V99990001
# The profile is NOT normalized by the number of restraints.
# The profiles are smoothed over a window of residues:    1
# The sum of all numbers in the file:     689.4610



List of the violated restraints:
   A restraint is violated when the relative difference
   from the best value (RVIOL) is larger than CUTOFF.

   ICSR   ... index of a restraint in the current set.
   RESNO  ... residue numbers of the first two atoms.
   ATM    ... IUPAC atom names of the first two atoms.
   FEAT   ... the value of the feature in the model.
   restr  ... the mean of the basis restraint with the smallest
              difference from the model (local minimum).
   viol   ... difference from the local minimum.
   rviol  ... relative difference from the local minimum.
   RESTR  ... the best value (global minimum).
   VIOL   ... difference from the best value.
   RVIOL  ... relative difference from the best value.



report______> Distribution of short non-bonded contacts:

  serious non-bonded atom clash:   162  169   2.296
  serious non-bonded atom clash:   176  193   2.299
  serious non-bonded atom clash:   517 1019   2.213
  serious non-bonded atom clash:   627  643   2.300
  serious non-bonded atom clash:  1444 2038   2.293

DISTANCE1:  0.00 2.10 2.20 2.30 2.40 2.50 2.60 2.70 2.80 2.90 3.00 3.10 3.20 3.30 3.40
DISTANCE2:  2.10 2.20 2.30 2.40 2.50 2.60 2.70 2.80 2.90 3.00 3.10 3.20 3.30 3.40 3.50
FREQUENCY:     0    0    5    6    9   11   21   48   98  145  169  227  294  328  342


<< end of ENERGY.
openf___224_> Open           5CZH_A_full.B99990001.pdb
wrpdb___568_> Residues, atoms, selected atoms:      277     2227     2227

>> Summary of successfully produced models:
Filename                          molpdf
----------------------------------------
5CZH_A_full.B99990001.pdb       42.74424


Dynamically allocated memory at          finish [B,KiB,MiB]:      5057807    4939.265     4.824
Starting time                                            : 2018/02/20 13:03:49
Closing time                                             : 2018/02/20 13:03:52
Total CPU time [seconds]                                 :       3.48
