
                         MODELLER 9.19, 2017/07/19, r11078

     PROTEIN STRUCTURE MODELLING BY SATISFACTION OF SPATIAL RESTRAINTS


                     Copyright(c) 1989-2017 Andrej Sali
                            All Rights Reserved

                             Written by A. Sali
                               with help from
              B. Webb, M.S. Madhusudhan, M-Y. Shen, G.Q. Dong,
          M.A. Marti-Renom, N. Eswar, F. Alber, M. Topf, B. Oliva,
             A. Fiser, R. Sanchez, B. Yerkovich, A. Badretdinov,
                     F. Melo, J.P. Overington, E. Feyfant
                 University of California, San Francisco, USA
                    Rockefeller University, New York, USA
                      Harvard University, Cambridge, USA
                   Imperial Cancer Research Fund, London, UK
              Birkbeck College, University of London, London, UK


Kind, OS, HostName, Kernel, Processor: 4, Linux german-xps 4.14.6-041406-generic x86_64
Date and time of compilation         : 2017/07/19 15:03:51
MODELLER executable type             : x86_64-intel8
Job starting time (YY/MM/DD HH:MM:SS): 2018/02/20 13:03:44

openf___224_> Open           $(LIB)/restyp.lib
openf___224_> Open           ${MODINSTALL9v19}/modlib/resgrp.lib
rdresgr_266_> Number of residue groups:        2
openf___224_> Open           ${MODINSTALL9v19}/modlib/sstruc.lib

Dynamically allocated memory at   amaxlibraries [B,KiB,MiB]:       191566     187.076     0.183

Dynamically allocated memory at   amaxlibraries [B,KiB,MiB]:       192094     187.592     0.183
openf___224_> Open           ${MODINSTALL9v19}/modlib/resdih.lib

Dynamically allocated memory at   amaxlibraries [B,KiB,MiB]:       240694     235.053     0.230
rdrdih__263_> Number of dihedral angle types         :        9
              Maximal number of dihedral angle optima:        3
              Dihedral angle names                   :  Alph Phi Psi Omeg chi1 chi2 chi3 chi4 chi5
openf___224_> Open           ${MODINSTALL9v19}/modlib/radii.lib

Dynamically allocated memory at   amaxlibraries [B,KiB,MiB]:       253994     248.041     0.242
openf___224_> Open           ${MODINSTALL9v19}/modlib/radii14.lib
openf___224_> Open           ${MODINSTALL9v19}/modlib/af_mnchdef.lib
rdwilmo_274_> Mainchain residue conformation classes:  APBLE
openf___224_> Open           ${MODINSTALL9v19}/modlib/mnch.lib
rdclass_257_> Number of classes:        5
openf___224_> Open           ${MODINSTALL9v19}/modlib/mnch1.lib
openf___224_> Open           ${MODINSTALL9v19}/modlib/mnch2.lib
openf___224_> Open           ${MODINSTALL9v19}/modlib/mnch3.lib
openf___224_> Open           ${MODINSTALL9v19}/modlib/xs4.mat
rdrrwgh_268_> Number of residue types:       21
openf___224_> Open           /home/german/labo/18/egfr/model/5CNO_A/to_model_5CNO_A

Dynamically allocated memory at   amaxalignment [B,KiB,MiB]:       265487     259.265     0.253

Dynamically allocated memory at   amaxalignment [B,KiB,MiB]:       266937     260.681     0.255

Dynamically allocated memory at   amaxalignment [B,KiB,MiB]:       269837     263.513     0.257

Dynamically allocated memory at   amaxalignment [B,KiB,MiB]:       275637     269.177     0.263

Dynamically allocated memory at   amaxalignment [B,KiB,MiB]:       392693     383.489     0.375

Dynamically allocated memory at    amaxsequence [B,KiB,MiB]:       393889     384.657     0.376

Dynamically allocated memory at    amaxsequence [B,KiB,MiB]:       394993     385.735     0.377

Read the alignment from file       : /home/german/labo/18/egfr/model/5CNO_A/to_model_5CNO_A
Total number of alignment positions:   316

  #  Code        #_Res #_Segm PDB_code    Name
-------------------------------------------------------------------------------
  1     5CNO_A     300      1      5CNO_A
  2  5CNO_A_fu     277      1
check_a_343_> >> BEGINNING OF COMMAND
openf___224_> Open           ./5CNO_A.pdb

Dynamically allocated memory at amaxcoordinates [B,KiB,MiB]:       486718     475.311     0.464

Dynamically allocated memory at    amaxsequence [B,KiB,MiB]:       486718     475.311     0.464

Dynamically allocated memory at amaxcoordinates [B,KiB,MiB]:       486889     475.478     0.464

Dynamically allocated memory at amaxcoordinates [B,KiB,MiB]:       487739     476.308     0.465

Dynamically allocated memory at amaxcoordinates [B,KiB,MiB]:       488997     477.536     0.466

Dynamically allocated memory at amaxcoordinates [B,KiB,MiB]:       490901     479.396     0.468

Dynamically allocated memory at    amaxsequence [B,KiB,MiB]:       490901     479.396     0.468

Dynamically allocated memory at amaxcoordinates [B,KiB,MiB]:       490991     479.483     0.468

Dynamically allocated memory at amaxcoordinates [B,KiB,MiB]:       493847     482.272     0.471

Dynamically allocated memory at    amaxsequence [B,KiB,MiB]:       493847     482.272     0.471

Dynamically allocated memory at amaxcoordinates [B,KiB,MiB]:       493982     482.404     0.471

Dynamically allocated memory at amaxcoordinates [B,KiB,MiB]:       498266     486.588     0.475

Dynamically allocated memory at    amaxsequence [B,KiB,MiB]:       498266     486.588     0.475

Dynamically allocated memory at amaxcoordinates [B,KiB,MiB]:       498464     486.781     0.475

Dynamically allocated memory at amaxcoordinates [B,KiB,MiB]:       504890     493.057     0.482

Dynamically allocated memory at    amaxsequence [B,KiB,MiB]:       504890     493.057     0.482

Dynamically allocated memory at amaxcoordinates [B,KiB,MiB]:       505187     493.347     0.482

Dynamically allocated memory at amaxcoordinates [B,KiB,MiB]:       514809     502.743     0.491

Dynamically allocated memory at    amaxsequence [B,KiB,MiB]:       514809     502.743     0.491

Dynamically allocated memory at amaxcoordinates [B,KiB,MiB]:       515259     503.183     0.491

Dynamically allocated memory at amaxcoordinates [B,KiB,MiB]:       529709     517.294     0.505

Dynamically allocated memory at    amaxsequence [B,KiB,MiB]:       529709     517.294     0.505

Dynamically allocated memory at amaxcoordinates [B,KiB,MiB]:       530384     517.953     0.506

Dynamically allocated memory at amaxcoordinates [B,KiB,MiB]:       552042     539.104     0.526

Dynamically allocated memory at    amaxsequence [B,KiB,MiB]:       552042     539.104     0.526

Dynamically allocated memory at amaxcoordinates [B,KiB,MiB]:       553050     540.088     0.527

Dynamically allocated memory at amaxcoordinates [B,KiB,MiB]:       585554     571.830     0.558

Dynamically allocated memory at   amaxstructure [B,KiB,MiB]:       585221     571.505     0.558

check_ali___> Checking the sequence-structure alignment. 

Implied intrachain target CA(i)-CA(i+1) distances longer than  8.0 angstroms:

ALN_POS  TMPL  RID1  RID2  NAM1  NAM2     DIST
----------------------------------------------
    175     1  839   851      G     K   11.239
END OF TABLE
check_a_344_> << END OF COMMAND
openf___224_> Open           ${LIB}/top_heav.lib
read_to_681_> topology.submodel read from topology file:        3
openf___224_> Open           ${LIB}/par.lib

Dynamically allocated memory at  amaxparameters [B,KiB,MiB]:       724473     707.493     0.691

Dynamically allocated memory at  amaxparameters [B,KiB,MiB]:       726073     709.056     0.692

Dynamically allocated memory at  amaxparameters [B,KiB,MiB]:       730053     712.942     0.696

Dynamically allocated memory at  amaxparameters [B,KiB,MiB]:       732053     714.896     0.698

Dynamically allocated memory at  amaxparameters [B,KiB,MiB]:       735053     717.825     0.701

Dynamically allocated memory at  amaxparameters [B,KiB,MiB]:       739553     722.220     0.705

Dynamically allocated memory at  amaxparameters [B,KiB,MiB]:       745125     727.661     0.711

Dynamically allocated memory at  amaxparameters [B,KiB,MiB]:       747925     730.396     0.713

Dynamically allocated memory at  amaxparameters [B,KiB,MiB]:       752125     734.497     0.717

Dynamically allocated memory at  amaxparameters [B,KiB,MiB]:       758425     740.649     0.723

Dynamically allocated memory at  amaxparameters [B,KiB,MiB]:       761197     743.356     0.726

Dynamically allocated memory at  amaxparameters [B,KiB,MiB]:       762597     744.724     0.727
read_pa_232_> parameters    BONDS   ANGLS  DIHEDS IMPROPS    MODE
                              227     561     661     112       0

Dynamically allocated memory at       amaxmodel [B,KiB,MiB]:       805929     787.040     0.769

Dynamically allocated memory at       amaxmodel [B,KiB,MiB]:      1026037    1001.989     0.979

Dynamically allocated memory at       amaxmodel [B,KiB,MiB]:      1059053    1034.231     1.010

mkilst______> segment topology constructed from sequence and RTF:
              segments residues atoms bonds angles dihedrals impropers:
                     1      277  2227  2277      0         0       925

Dynamically allocated memory at       amaxmodel [B,KiB,MiB]:      1154473    1127.415     1.101

patch_______> segment topology patched using RTF:     1  ;  LEU  ;  NTER
              segments residues atoms bonds angles dihedrals impropers:
                     1      277  2227  2277   3078      3657       925


Dynamically allocated memory at       amaxmodel [B,KiB,MiB]:      1246569    1217.353     1.189
patch_______> segment topology patched using RTF:   277  ;  LEU  ;  CTER
              segments residues atoms bonds angles dihedrals impropers:
                     1      277  2228  2278   3080      3659       926

genseg______> segment topology constructed from sequence and RTF:
              segments residues atoms bonds angles dihedrals impropers:
                     1      277  2228  2278   3080      3659       926
transfe_506_> MODEL is an average of all templates.
transfe_511_> Number of templates for coordinate transfer:        1
              After transferring coordinates of the equivalent template atoms,
              there are defined, undefined atoms in MODEL:     2108      120
openf___224_> Open           5CNO_A_full.ini
wrpdb___568_> Residues, atoms, selected atoms:      277     2228     2228
make_re_417_> Restraint type to be calculated:  stereo

Dynamically allocated memory at  amaxrestraints [B,KiB,MiB]:      1353618    1321.893     1.291

Dynamically allocated memory at  amaxrestraints [B,KiB,MiB]:      1361810    1329.893     1.299

Dynamically allocated memory at  amaxrestraints [B,KiB,MiB]:      1378194    1345.893     1.314

Dynamically allocated memory at  amaxrestraints [B,KiB,MiB]:      1410962    1377.893     1.346

Dynamically allocated memory at  amaxrestraints [B,KiB,MiB]:      1443730    1409.893     1.377

Dynamically allocated memory at  amaxrestraints [B,KiB,MiB]:      1509266    1473.893     1.439

Dynamically allocated memory at  amaxrestraints [B,KiB,MiB]:      1542034    1505.893     1.471

Dynamically allocated memory at  amaxrestraints [B,KiB,MiB]:      1574802    1537.893     1.502

Dynamically allocated memory at  amaxrestraints [B,KiB,MiB]:      1640338    1601.893     1.564

Dynamically allocated memory at  amaxrestraints [B,KiB,MiB]:      1771410    1729.893     1.689

Dynamically allocated memory at  amaxrestraints [B,KiB,MiB]:      1836946    1793.893     1.752

Dynamically allocated memory at  amaxrestraints [B,KiB,MiB]:      1902482    1857.893     1.814

Dynamically allocated memory at  amaxrestraints [B,KiB,MiB]:      2033554    1985.893     1.939

Dynamically allocated memory at  amaxrestraints [B,KiB,MiB]:      2295698    2241.893     2.189
r_stere_606_> Stereochemical restraints were constructed from RTF & PRMF.
              Added bond,angle,dihedral,improper restraints  :     2278    3080    3499     912
              Total number of restraints before, now         :        0     9769
make_re_422_> Number of previous, current restraints         :        0     9769
make_re_423_> Number of previous, current selected restraints:        0     9769
make_re_417_> Restraint type to be calculated:  phi-psi_binormal

Dynamically allocated memory at   amaxstructure [B,KiB,MiB]:      2456478    2398.904     2.343
openf___224_> Open           ${MODINSTALL9v19}/modlib/mnch1.bin
openf___224_> Open           ${MODINSTALL9v19}/modlib/mnch1.mdt
getdata_643_> Protein accepted:  5CNO_A
getdata_289_> Proteins (all/accepted):        1        1

Dynamically allocated memory at  amaxrestraints [B,KiB,MiB]:      2587566    2526.920     2.468
make_re_422_> Number of previous, current restraints         :     9769    10044
make_re_423_> Number of previous, current selected restraints:     9769    10044
make_re_417_> Restraint type to be calculated:  omega_dihedral

Dynamically allocated memory at   amaxstructure [B,KiB,MiB]:      2587566    2526.920     2.468
openf___224_> Open           ${MODINSTALL9v19}/modlib/omega.bin
openf___224_> Open           ${MODINSTALL9v19}/modlib/omega.mdt
getdata_643_> Protein accepted:  5CNO_A
getdata_289_> Proteins (all/accepted):        1        1
omgdel__425_> Unselected all O C +N +CA dihedrals:      290
              (This is to avoid clashes between STEREO
              and OMEGA_DIHEDRAL restraints)
make_re_422_> Number of previous, current restraints         :    10044    10320
make_re_423_> Number of previous, current selected restraints:    10044    10030
make_re_417_> Restraint type to be calculated:  chi1_dihedral

Dynamically allocated memory at   amaxstructure [B,KiB,MiB]:      2587566    2526.920     2.468
openf___224_> Open           ${MODINSTALL9v19}/modlib/chi1234.bin
openf___224_> Open           ${MODINSTALL9v19}/modlib/chi1.mdt
getdata_643_> Protein accepted:  5CNO_A
getdata_289_> Proteins (all/accepted):        1        1

Dynamically allocated memory at  amaxrestraints [B,KiB,MiB]:      2718638    2654.920     2.593
make_re_422_> Number of previous, current restraints         :    10320    10564
make_re_423_> Number of previous, current selected restraints:    10030    10274
make_re_417_> Restraint type to be calculated:  chi2_dihedral

Dynamically allocated memory at   amaxstructure [B,KiB,MiB]:      2718638    2654.920     2.593
openf___224_> Open           ${MODINSTALL9v19}/modlib/chi1234.bin
openf___224_> Open           ${MODINSTALL9v19}/modlib/chi2.mdt
getdata_643_> Protein accepted:  5CNO_A
getdata_289_> Proteins (all/accepted):        1        1
make_re_422_> Number of previous, current restraints         :    10564    10757
make_re_423_> Number of previous, current selected restraints:    10274    10467
make_re_417_> Restraint type to be calculated:  chi3_dihedral

Dynamically allocated memory at   amaxstructure [B,KiB,MiB]:      2718638    2654.920     2.593
openf___224_> Open           ${MODINSTALL9v19}/modlib/chi1234.bin
openf___224_> Open           ${MODINSTALL9v19}/modlib/chi3.mdt
getdata_643_> Protein accepted:  5CNO_A
getdata_289_> Proteins (all/accepted):        1        1
make_re_422_> Number of previous, current restraints         :    10757    10847
make_re_423_> Number of previous, current selected restraints:    10467    10557
make_re_417_> Restraint type to be calculated:  chi4_dihedral

Dynamically allocated memory at   amaxstructure [B,KiB,MiB]:      2718638    2654.920     2.593
openf___224_> Open           ${MODINSTALL9v19}/modlib/chi1234.bin
openf___224_> Open           ${MODINSTALL9v19}/modlib/chi4.mdt
mdtrsr__446W> A potential that relies on one protein is used, yet you have at
              least one known structure available. MDT, not library, potential is used.
getdata_643_> Protein accepted:  5CNO_A
getdata_289_> Proteins (all/accepted):        1        1
make_re_422_> Number of previous, current restraints         :    10847    10885
make_re_423_> Number of previous, current selected restraints:    10557    10595
make_re_417_> Restraint type to be calculated:  DISTANCE

Dynamically allocated memory at amaxhash_contac [B,KiB,MiB]:      3360266    3281.510     3.205
make_re_422_> Number of previous, current restraints         :    10885    16234
make_re_423_> Number of previous, current selected restraints:    10595    15944
make_re_417_> Restraint type to be calculated:  DISTANCE

Dynamically allocated memory at  amaxrestraints [B,KiB,MiB]:      3622410    3537.510     3.455

Dynamically allocated memory at  amaxrestraints [B,KiB,MiB]:      3884554    3793.510     3.705

Dynamically allocated memory at  amaxrestraints [B,KiB,MiB]:      4408842    4305.510     4.205
make_re_422_> Number of previous, current restraints         :    16234    21514
make_re_423_> Number of previous, current selected restraints:    15944    21224
make_re_417_> Restraint type to be calculated:  DISTANCE

Dynamically allocated memory at  amaxrestraints [B,KiB,MiB]:      4670986    4561.510     4.455
make_re_422_> Number of previous, current restraints         :    21514    25831
make_re_423_> Number of previous, current selected restraints:    21224    25541
make_re_417_> Restraint type to be calculated:  DISTANCE
make_re_422_> Number of previous, current restraints         :    25831    28658
make_re_423_> Number of previous, current selected restraints:    25541    28368
0 atoms in HETATM/BLK residues constrained
to protein atoms within 2.30 angstroms
and protein CA atoms within 10.00 angstroms
make_re_417_> Restraint type to be calculated:  DISTANCE
make_re_422_> Number of previous, current restraints         :    28658    28658
make_re_423_> Number of previous, current selected restraints:    28368    28368
make_re_417_> Restraint type to be calculated:  DISTANCE
make_re_422_> Number of previous, current restraints         :    28658    28658
make_re_423_> Number of previous, current selected restraints:    28368    28368
make_re_417_> Restraint type to be calculated:  DISTANCE
make_re_422_> Number of previous, current restraints         :    28658    28658
make_re_423_> Number of previous, current selected restraints:    28368    28368
make_re_417_> Restraint type to be calculated:  DISTANCE
make_re_422_> Number of previous, current restraints         :    28658    28658
make_re_423_> Number of previous, current selected restraints:    28368    28368
0 atoms in residues without defined topology
constrained to be rigid bodies
make_re_417_> Restraint type to be calculated:  DISTANCE
make_re_422_> Number of previous, current restraints         :    28658    28658
make_re_423_> Number of previous, current selected restraints:    28368    28368
rmdupl__427_>     1738 redundant cosine dihedral restraints were unselected.
condens_443_> Restraints marked for deletion were removed.
              Total number of restraints before, now:    28658    26630
openf___224_> Open           5CNO_A_full.rsr
openf___224_> Open           5CNO_A_full.rsr

Dynamically allocated memory at  amaxrestraints [B,KiB,MiB]:      4712161    4601.720     4.494
rdcsr2__307_> Number of restraints read    :    26630
              Number of excluded pairs read:        0
              Number of pseudo atoms read  :        0
rdcsrs__304_> Restraints in memory, selected restraints:    26630    26630
              Explicitly excluded atom pairs in memory :        0
              Pseudo atoms in memory                   :        0
152 (of 2228 total) atoms selected for optimization
openf___224_> Open           5CNO_A_full.ini

Dynamically allocated memory at       amaxmodel [B,KiB,MiB]:      4712185    4601.743     4.494
read_mo_297_> Segments, residues, atoms:        1      277     2228
read_mo_298_> Segment:        1     1   277     2228
randomi_498_> Atoms,selected atoms,random_seed,amplitude:     2228      152        1        4.0000
randomi_496_> Amplitude is > 0; randomization is done.
pick_re_612_> Number of MODEL atoms, selected restraints;      152      818
pick_re_612_> Number of MODEL atoms, selected restraints;      152      875
pick_re_612_> Number of MODEL atoms, selected restraints;      152      911
pick_re_612_> Number of MODEL atoms, selected restraints;      152      940
pick_re_612_> Number of MODEL atoms, selected restraints;      152      998
pick_re_612_> Number of MODEL atoms, selected restraints;      152     1058
pick_re_612_> Number of MODEL atoms, selected restraints;      152     1099
pick_re_612_> Number of MODEL atoms, selected restraints;      152     1270

Dynamically allocated memory at  amaxrestraints [B,KiB,MiB]:      5058237    4939.685     4.824
pick_re_612_> Number of MODEL atoms, selected restraints;      152     1313
pick_re_612_> Number of MODEL atoms, selected restraints;      152     1347
pick_re_612_> Number of MODEL atoms, selected restraints;      152     1347
iupac_m_487_> NH1/2 swapped:      176.8792        3     3
iupac_m_486_> OE1/2 will be swapped:     -134.0281       44    44
iupac_m_486_> OE1/2 will be swapped:     -168.4001      127   127
iupac_m_486_> OE1/2 will be swapped:      180.0000      163   163
iupac_m_486_> OE1/2 will be swapped:      155.5328      164   164
iupac_m_486_> OE1/2 will be swapped:     -179.6774      166   166
iupac_m_486_> OE1/2 will be swapped:       92.8069      204   204


>> ENERGY; Differences between the model's features and restraints:
Number of all residues in MODEL                   :      277
Number of all, selected real atoms                :     2228     152
Number of all, selected pseudo atoms              :        0       0
Number of all static, selected restraints         :    26630    1347
COVALENT_CYS                                      :        F
NONBONDED_SEL_ATOMS                               :        1
Number of non-bonded pairs (excluding 1-2,1-3,1-4):      326
Dynamic pairs routine                             : 5, NATM_SEL x NATM double loop
Atomic shift for contacts update (UPDATE_DYNAMIC) :    0.390
LENNARD_JONES_SWITCH                              :    6.500   7.500
COULOMB_JONES_SWITCH                              :    6.500   7.500
RESIDUE_SPAN_RANGE                                :        0   99999
NLOGN_USE                                         :       15
CONTACT_SHELL                                     :    4.000
DYNAMIC_PAIRS,_SPHERE,_COULOMB,_LENNARD,_MODELLER :        T       T       F       F       F
SPHERE_STDV                                       :    0.050
RADII_FACTOR                                      :    0.820
Current energy                                    :         297.6689





Summary of the restraint violations: 

   NUM     ... number of restraints.
   NUMVI   ... number of restraints with RVIOL > VIOL_REPORT_CUT[i].
   RVIOL   ... relative difference from the best value.
   NUMVP   ... number of restraints with -Ln(pdf) > VIOL_REPORT_CUT2[i].
   RMS_1   ... RMS(feature, minimally_violated_basis_restraint, NUMB).
   RMS_2   ... RMS(feature, best_value, NUMB).
   MOL.PDF ... scaled contribution to -Ln(Molecular pdf).

 #                     RESTRAINT_GROUP      NUM   NUMVI  NUMVP   RMS_1   RMS_2         MOL.PDF     S_i
------------------------------------------------------------------------------------------------------
 1 Bond length potential              :     157       0      0   0.007   0.007      2.4229       1.000
 2 Bond angle potential               :     213       0      1   2.310   2.310      22.564       1.000
 3 Stereochemical cosine torsion poten:      90       0      7  54.800  54.800      43.510       1.000
 4 Stereochemical improper torsion pot:      61       0      1   1.777   1.777      6.0794       1.000
 5 Soft-sphere overlap restraints     :     326       0      0   0.003   0.003     0.40770       1.000
 6 Lennard-Jones 6-12 potential       :       0       0      0   0.000   0.000      0.0000       1.000
 7 Coulomb point-point electrostatic p:       0       0      0   0.000   0.000      0.0000       1.000
 8 H-bonding potential                :       0       0      0   0.000   0.000      0.0000       1.000
 9 Distance restraints 1 (CA-CA)      :     232       3     13   0.902   0.902      79.699       1.000
10 Distance restraints 2 (N-O)        :     220       0      6   0.871   0.871      37.667       1.000
11 Mainchain Phi dihedral restraints  :       0       0      0   0.000   0.000      0.0000       1.000
12 Mainchain Psi dihedral restraints  :       0       0      0   0.000   0.000      0.0000       1.000
13 Mainchain Omega dihedral restraints:      21       1      2   9.500   9.500      22.350       1.000
14 Sidechain Chi_1 dihedral restraints:      15       0      0  40.203  40.203     0.16189E-01   1.000
15 Sidechain Chi_2 dihedral restraints:      14       0      0  78.844  78.844      5.0060       1.000
16 Sidechain Chi_3 dihedral restraints:       9       0      0 111.064 111.064      6.3259       1.000
17 Sidechain Chi_4 dihedral restraints:       5       0      0 107.362 107.362      4.5364       1.000
18 Disulfide distance restraints      :       0       0      0   0.000   0.000      0.0000       1.000
19 Disulfide angle restraints         :       0       0      0   0.000   0.000      0.0000       1.000
20 Disulfide dihedral angle restraints:       0       0      0   0.000   0.000      0.0000       1.000
21 Lower bound distance restraints    :       0       0      0   0.000   0.000      0.0000       1.000
22 Upper bound distance restraints    :       0       0      0   0.000   0.000      0.0000       1.000
23 Distance restraints 3 (SDCH-MNCH)  :     169       0      0   0.483   0.483      2.0928       1.000
24 Sidechain Chi_5 dihedral restraints:       0       0      0   0.000   0.000      0.0000       1.000
25 Phi/Psi pair of dihedral restraints:      23      14      7  43.206 125.574      61.650       1.000
26 Distance restraints 4 (SDCH-SDCH)  :     118       0      0   0.495   0.495      3.3422       1.000
27 Distance restraints 5 (X-Y)        :       0       0      0   0.000   0.000      0.0000       1.000
28 NMR distance restraints 6 (X-Y)    :       0       0      0   0.000   0.000      0.0000       1.000
29 NMR distance restraints 7 (X-Y)    :       0       0      0   0.000   0.000      0.0000       1.000
30 Minimal distance restraints        :       0       0      0   0.000   0.000      0.0000       1.000
31 Non-bonded restraints              :       0       0      0   0.000   0.000      0.0000       1.000
32 Atomic accessibility restraints    :       0       0      0   0.000   0.000      0.0000       1.000
33 Atomic density restraints          :       0       0      0   0.000   0.000      0.0000       1.000
34 Absolute position restraints       :       0       0      0   0.000   0.000      0.0000       1.000
35 Dihedral angle difference restraint:       0       0      0   0.000   0.000      0.0000       1.000
36 GBSA implicit solvent potential    :       0       0      0   0.000   0.000      0.0000       1.000
37 EM density fitting potential       :       0       0      0   0.000   0.000      0.0000       1.000
38 SAXS restraints                    :       0       0      0   0.000   0.000      0.0000       1.000
39 Symmetry restraints                :       0       0      0   0.000   0.000      0.0000       1.000



openf___224_> Open           5CNO_A_full.V99990001
# Heavy relative violation of each residue is written to: 5CNO_A_full.V99990001
# The profile is NOT normalized by the number of restraints.
# The profiles are smoothed over a window of residues:    1
# The sum of all numbers in the file:    4119.1426



List of the violated restraints:
   A restraint is violated when the relative difference
   from the best value (RVIOL) is larger than CUTOFF.

   ICSR   ... index of a restraint in the current set.
   RESNO  ... residue numbers of the first two atoms.
   ATM    ... IUPAC atom names of the first two atoms.
   FEAT   ... the value of the feature in the model.
   restr  ... the mean of the basis restraint with the smallest
              difference from the model (local minimum).
   viol   ... difference from the local minimum.
   rviol  ... relative difference from the local minimum.
   RESTR  ... the best value (global minimum).
   VIOL   ... difference from the best value.
   RVIOL  ... relative difference from the best value.


-------------------------------------------------------------------------------------------------

Feature  9                           : Distance restraints 1 (CA-CA)           
List of the RVIOL violations larger than   :       4.5000

    #   ICSR  RESNO1/2 ATM1/2   INDATM1/2    FEAT   restr    viol   rviol   RESTR    VIOL   RVIOL
    1  10087  60E 172G CA  CA    467 1357   15.52   12.34    3.19    4.67   12.34    3.19    4.67

-------------------------------------------------------------------------------------------------

Feature 13                           : Mainchain Omega dihedral restraints     
List of the RVIOL violations larger than   :       4.5000

    #   ICSR  RESNO1/2 ATM1/2   INDATM1/2    FEAT   restr    viol   rviol   RESTR    VIOL   RVIOL
    1   8066  50S  50S CA  C     390  393 -145.06 -180.00   34.94    6.99 -180.00   34.94    6.99

-------------------------------------------------------------------------------------------------

Feature 25                           : Phi/Psi pair of dihedral restraints     
List of the RVIOL violations larger than   :       6.5000

    #   ICSR  RESNO1/2 ATM1/2   INDATM1/2    FEAT   restr    viol   rviol   RESTR    VIOL   RVIOL
    1   7790  49T  50S C   N     387  389  179.98 -136.60   65.89    2.20  -64.10  169.91   20.63
    1         50S  50S N   CA    389  390 -159.24  151.20                  -35.00
    2   7791  50S  51P C   N     393  395   26.74  -64.50  100.24    8.15  -64.50  100.24    8.15
    2         51P  51P N   CA    395  396  105.69  147.20                  147.20
    3   7792  51P  52K C   N     400  402   70.64   56.60   44.95    2.36  -62.90  138.49   23.90
    3         52K  52K N   CA    402  403   -4.10   38.60                  -40.80
    4   7793  52K  53A C   N     409  411  -70.10  -62.50    8.07    1.63   55.40  149.80   17.66
    4         53A  53A N   CA    411  412  -43.59  -40.90                   38.20
    5   7903 162A 163E C   N    1278 1280 -180.00 -117.80   72.29    2.12  -63.60 -173.22   31.09
    5        163E 163E N   CA   1280 1281  173.63  136.80                  -40.30
    6   7904 163E 164E C   N    1287 1289 -134.63 -117.80   46.06    1.93  -63.60  157.01   24.89
    6        164E 164E N   CA   1289 1290  179.68  136.80                  -40.30
    7   7905 164E 165K C   N    1296 1298  -79.15  -70.20   52.50    4.01  -62.90  130.48   16.12
    7        165K 165K N   CA   1298 1299   88.67  140.40                  -40.80
    8   7906 165K 166E C   N    1305 1307 -161.32 -117.80   50.70    1.49  -63.60 -175.15   30.01
    8        166E 166E N   CA   1307 1308  162.80  136.80                  -40.30
    9   7907 166E 167Y C   N    1314 1316 -102.43  -98.40   25.77    2.69  -63.50  151.44   22.18
    9        167Y 167Y N   CA   1316 1317  102.95  128.40                  -43.40
   10   7908 167Y 168H C   N    1326 1328 -153.60 -125.60   39.37    0.97  -63.20  176.18   27.84
   10        168H 168H N   CA   1328 1329  166.48  138.80                  -42.30
   11   7909 168H 169A C   N    1336 1338  -76.36  -68.20   12.89    0.81  -62.50  164.40   27.64
   11        169A 169A N   CA   1338 1339  155.29  145.30                  -40.90
   12   7910 169A 170E C   N    1341 1343 -134.48 -117.80   38.15    1.52  -63.60  164.63   25.92
   12        170E 170E N   CA   1343 1344  171.11  136.80                  -40.30
   13   7911 170E 171G C   N    1350 1352 -178.72 -167.20   15.72    0.34   82.20 -157.34   14.27
   13        171G 171G N   CA   1352 1353 -174.71  174.60                    8.50
   14   7915 174V 175P C   N    1374 1376  -77.97  -64.50   83.82    6.98  -64.50   83.82    6.98
   14        175P 175P N   CA   1376 1377   64.47  147.20                  147.20


report______> Distribution of short non-bonded contacts:


DISTANCE1:  0.00 2.10 2.20 2.30 2.40 2.50 2.60 2.70 2.80 2.90 3.00 3.10 3.20 3.30 3.40
DISTANCE2:  2.10 2.20 2.30 2.40 2.50 2.60 2.70 2.80 2.90 3.00 3.10 3.20 3.30 3.40 3.50
FREQUENCY:     0    0    0    0    2    6    9   33  102  151  115  199  252  315  380


<< end of ENERGY.
openf___224_> Open           5CNO_A_full.B99990001.pdb
wrpdb___568_> Residues, atoms, selected atoms:      277     2228     2228

>> Summary of successfully produced models:
Filename                          molpdf
----------------------------------------
5CNO_A_full.B99990001.pdb      297.66895


Dynamically allocated memory at          finish [B,KiB,MiB]:      5058237    4939.685     4.824
Starting time                                            : 2018/02/20 13:03:44
Closing time                                             : 2018/02/20 13:03:48
Total CPU time [seconds]                                 :       4.62
