
                         MODELLER 9.19, 2017/07/19, r11078

     PROTEIN STRUCTURE MODELLING BY SATISFACTION OF SPATIAL RESTRAINTS


                     Copyright(c) 1989-2017 Andrej Sali
                            All Rights Reserved

                             Written by A. Sali
                               with help from
              B. Webb, M.S. Madhusudhan, M-Y. Shen, G.Q. Dong,
          M.A. Marti-Renom, N. Eswar, F. Alber, M. Topf, B. Oliva,
             A. Fiser, R. Sanchez, B. Yerkovich, A. Badretdinov,
                     F. Melo, J.P. Overington, E. Feyfant
                 University of California, San Francisco, USA
                    Rockefeller University, New York, USA
                      Harvard University, Cambridge, USA
                   Imperial Cancer Research Fund, London, UK
              Birkbeck College, University of London, London, UK


Kind, OS, HostName, Kernel, Processor: 4, Linux german-xps 4.14.6-041406-generic x86_64
Date and time of compilation         : 2017/07/19 15:03:51
MODELLER executable type             : x86_64-intel8
Job starting time (YY/MM/DD HH:MM:SS): 2018/02/20 13:01:35

openf___224_> Open           $(LIB)/restyp.lib
openf___224_> Open           ${MODINSTALL9v19}/modlib/resgrp.lib
rdresgr_266_> Number of residue groups:        2
openf___224_> Open           ${MODINSTALL9v19}/modlib/sstruc.lib

Dynamically allocated memory at   amaxlibraries [B,KiB,MiB]:       191566     187.076     0.183

Dynamically allocated memory at   amaxlibraries [B,KiB,MiB]:       192094     187.592     0.183
openf___224_> Open           ${MODINSTALL9v19}/modlib/resdih.lib

Dynamically allocated memory at   amaxlibraries [B,KiB,MiB]:       240694     235.053     0.230
rdrdih__263_> Number of dihedral angle types         :        9
              Maximal number of dihedral angle optima:        3
              Dihedral angle names                   :  Alph Phi Psi Omeg chi1 chi2 chi3 chi4 chi5
openf___224_> Open           ${MODINSTALL9v19}/modlib/radii.lib

Dynamically allocated memory at   amaxlibraries [B,KiB,MiB]:       253994     248.041     0.242
openf___224_> Open           ${MODINSTALL9v19}/modlib/radii14.lib
openf___224_> Open           ${MODINSTALL9v19}/modlib/af_mnchdef.lib
rdwilmo_274_> Mainchain residue conformation classes:  APBLE
openf___224_> Open           ${MODINSTALL9v19}/modlib/mnch.lib
rdclass_257_> Number of classes:        5
openf___224_> Open           ${MODINSTALL9v19}/modlib/mnch1.lib
openf___224_> Open           ${MODINSTALL9v19}/modlib/mnch2.lib
openf___224_> Open           ${MODINSTALL9v19}/modlib/mnch3.lib
openf___224_> Open           ${MODINSTALL9v19}/modlib/xs4.mat
rdrrwgh_268_> Number of residue types:       21
openf___224_> Open           /home/german/labo/18/egfr/model/3LZB_A/to_model_3LZB_A

Dynamically allocated memory at   amaxalignment [B,KiB,MiB]:       265487     259.265     0.253

Dynamically allocated memory at   amaxalignment [B,KiB,MiB]:       266937     260.681     0.255

Dynamically allocated memory at   amaxalignment [B,KiB,MiB]:       269837     263.513     0.257

Dynamically allocated memory at   amaxalignment [B,KiB,MiB]:       275637     269.177     0.263

Dynamically allocated memory at   amaxalignment [B,KiB,MiB]:       392693     383.489     0.375

Dynamically allocated memory at    amaxsequence [B,KiB,MiB]:       393749     384.521     0.376

Dynamically allocated memory at    amaxsequence [B,KiB,MiB]:       394853     385.599     0.377

Read the alignment from file       : /home/german/labo/18/egfr/model/3LZB_A/to_model_3LZB_A
Total number of alignment positions:   281

  #  Code        #_Res #_Segm PDB_code    Name
-------------------------------------------------------------------------------
  1     3LZB_A     265      1      3LZB_A
  2  3LZB_A_fu     277      1
check_a_343_> >> BEGINNING OF COMMAND
openf___224_> Open           ./3LZB_A.pdb

Dynamically allocated memory at amaxcoordinates [B,KiB,MiB]:       476078     464.920     0.454

Dynamically allocated memory at    amaxsequence [B,KiB,MiB]:       476078     464.920     0.454

Dynamically allocated memory at amaxcoordinates [B,KiB,MiB]:       476249     465.087     0.454

Dynamically allocated memory at amaxcoordinates [B,KiB,MiB]:       477099     465.917     0.455

Dynamically allocated memory at amaxcoordinates [B,KiB,MiB]:       478357     467.146     0.456

Dynamically allocated memory at amaxcoordinates [B,KiB,MiB]:       480261     469.005     0.458

Dynamically allocated memory at    amaxsequence [B,KiB,MiB]:       480261     469.005     0.458

Dynamically allocated memory at amaxcoordinates [B,KiB,MiB]:       480351     469.093     0.458

Dynamically allocated memory at amaxcoordinates [B,KiB,MiB]:       483207     471.882     0.461

Dynamically allocated memory at    amaxsequence [B,KiB,MiB]:       483207     471.882     0.461

Dynamically allocated memory at amaxcoordinates [B,KiB,MiB]:       483342     472.014     0.461

Dynamically allocated memory at amaxcoordinates [B,KiB,MiB]:       487626     476.197     0.465

Dynamically allocated memory at    amaxsequence [B,KiB,MiB]:       487626     476.197     0.465

Dynamically allocated memory at amaxcoordinates [B,KiB,MiB]:       487824     476.391     0.465

Dynamically allocated memory at amaxcoordinates [B,KiB,MiB]:       494250     482.666     0.471

Dynamically allocated memory at    amaxsequence [B,KiB,MiB]:       494250     482.666     0.471

Dynamically allocated memory at amaxcoordinates [B,KiB,MiB]:       494547     482.956     0.472

Dynamically allocated memory at amaxcoordinates [B,KiB,MiB]:       504169     492.353     0.481

Dynamically allocated memory at    amaxsequence [B,KiB,MiB]:       504169     492.353     0.481

Dynamically allocated memory at amaxcoordinates [B,KiB,MiB]:       504619     492.792     0.481

Dynamically allocated memory at amaxcoordinates [B,KiB,MiB]:       519069     506.903     0.495

Dynamically allocated memory at    amaxsequence [B,KiB,MiB]:       519069     506.903     0.495

Dynamically allocated memory at amaxcoordinates [B,KiB,MiB]:       519744     507.562     0.496

Dynamically allocated memory at amaxcoordinates [B,KiB,MiB]:       541402     528.713     0.516

Dynamically allocated memory at    amaxsequence [B,KiB,MiB]:       541402     528.713     0.516

Dynamically allocated memory at amaxcoordinates [B,KiB,MiB]:       542410     529.697     0.517

Dynamically allocated memory at amaxcoordinates [B,KiB,MiB]:       574914     561.439     0.548

Dynamically allocated memory at   amaxstructure [B,KiB,MiB]:       574266     560.807     0.548

check_ali___> Checking the sequence-structure alignment. 

Implied intrachain target CA(i)-CA(i+1) distances longer than  8.0 angstroms:

ALN_POS  TMPL  RID1  RID2  NAM1  NAM2     DIST
----------------------------------------------
END OF TABLE
check_a_344_> << END OF COMMAND
openf___224_> Open           ${LIB}/top_heav.lib
read_to_681_> topology.submodel read from topology file:        3
openf___224_> Open           ${LIB}/par.lib

Dynamically allocated memory at  amaxparameters [B,KiB,MiB]:       713518     696.795     0.680

Dynamically allocated memory at  amaxparameters [B,KiB,MiB]:       715118     698.357     0.682

Dynamically allocated memory at  amaxparameters [B,KiB,MiB]:       719098     702.244     0.686

Dynamically allocated memory at  amaxparameters [B,KiB,MiB]:       721098     704.197     0.688

Dynamically allocated memory at  amaxparameters [B,KiB,MiB]:       724098     707.127     0.691

Dynamically allocated memory at  amaxparameters [B,KiB,MiB]:       728598     711.521     0.695

Dynamically allocated memory at  amaxparameters [B,KiB,MiB]:       734170     716.963     0.700

Dynamically allocated memory at  amaxparameters [B,KiB,MiB]:       736970     719.697     0.703

Dynamically allocated memory at  amaxparameters [B,KiB,MiB]:       741170     723.799     0.707

Dynamically allocated memory at  amaxparameters [B,KiB,MiB]:       747470     729.951     0.713

Dynamically allocated memory at  amaxparameters [B,KiB,MiB]:       750242     732.658     0.715

Dynamically allocated memory at  amaxparameters [B,KiB,MiB]:       751642     734.025     0.717
read_pa_232_> parameters    BONDS   ANGLS  DIHEDS IMPROPS    MODE
                              227     561     661     112       0

Dynamically allocated memory at       amaxmodel [B,KiB,MiB]:       794974     776.342     0.758

Dynamically allocated memory at       amaxmodel [B,KiB,MiB]:      1015082     991.291     0.968

Dynamically allocated memory at       amaxmodel [B,KiB,MiB]:      1048098    1023.533     1.000

mkilst______> segment topology constructed from sequence and RTF:
              segments residues atoms bonds angles dihedrals impropers:
                     1      277  2227  2277      0         0       925

Dynamically allocated memory at       amaxmodel [B,KiB,MiB]:      1143518    1116.717     1.091

patch_______> segment topology patched using RTF:     1  ;  LEU  ;  NTER
              segments residues atoms bonds angles dihedrals impropers:
                     1      277  2227  2277   3078      3657       925


Dynamically allocated memory at       amaxmodel [B,KiB,MiB]:      1235614    1206.654     1.178
patch_______> segment topology patched using RTF:   277  ;  LEU  ;  CTER
              segments residues atoms bonds angles dihedrals impropers:
                     1      277  2228  2278   3080      3659       926

genseg______> segment topology constructed from sequence and RTF:
              segments residues atoms bonds angles dihedrals impropers:
                     1      277  2228  2278   3080      3659       926
transfe_506_> MODEL is an average of all templates.
transfe_511_> Number of templates for coordinate transfer:        1
              After transferring coordinates of the equivalent template atoms,
              there are defined, undefined atoms in MODEL:     2096      132
openf___224_> Open           3LZB_A_full.ini
wrpdb___568_> Residues, atoms, selected atoms:      277     2228     2228
make_re_417_> Restraint type to be calculated:  stereo

Dynamically allocated memory at  amaxrestraints [B,KiB,MiB]:      1342663    1311.194     1.280

Dynamically allocated memory at  amaxrestraints [B,KiB,MiB]:      1350855    1319.194     1.288

Dynamically allocated memory at  amaxrestraints [B,KiB,MiB]:      1367239    1335.194     1.304

Dynamically allocated memory at  amaxrestraints [B,KiB,MiB]:      1400007    1367.194     1.335

Dynamically allocated memory at  amaxrestraints [B,KiB,MiB]:      1432775    1399.194     1.366

Dynamically allocated memory at  amaxrestraints [B,KiB,MiB]:      1498311    1463.194     1.429

Dynamically allocated memory at  amaxrestraints [B,KiB,MiB]:      1531079    1495.194     1.460

Dynamically allocated memory at  amaxrestraints [B,KiB,MiB]:      1563847    1527.194     1.491

Dynamically allocated memory at  amaxrestraints [B,KiB,MiB]:      1629383    1591.194     1.554

Dynamically allocated memory at  amaxrestraints [B,KiB,MiB]:      1760455    1719.194     1.679

Dynamically allocated memory at  amaxrestraints [B,KiB,MiB]:      1825991    1783.194     1.741

Dynamically allocated memory at  amaxrestraints [B,KiB,MiB]:      1891527    1847.194     1.804

Dynamically allocated memory at  amaxrestraints [B,KiB,MiB]:      2022599    1975.194     1.929

Dynamically allocated memory at  amaxrestraints [B,KiB,MiB]:      2284743    2231.194     2.179
r_stere_606_> Stereochemical restraints were constructed from RTF & PRMF.
              Added bond,angle,dihedral,improper restraints  :     2278    3080    3499     912
              Total number of restraints before, now         :        0     9769
make_re_422_> Number of previous, current restraints         :        0     9769
make_re_423_> Number of previous, current selected restraints:        0     9769
make_re_417_> Restraint type to be calculated:  phi-psi_binormal

Dynamically allocated memory at   amaxstructure [B,KiB,MiB]:      2445523    2388.206     2.332
openf___224_> Open           ${MODINSTALL9v19}/modlib/mnch1.bin
openf___224_> Open           ${MODINSTALL9v19}/modlib/mnch1.mdt
errdih__638_> Missing atoms in a dihedral, residue index, residue type:        5       35  LYS
errdih__638_> Missing atoms in a dihedral, residue index, residue type:        5       55  LYS
errdih__638_> Missing atoms in a dihedral, residue index, residue type:        5      211  LYS
errdih__638_> Missing atoms in a dihedral, residue index, residue type:        5      264  GLN
errdih__638_> Missing atoms in a dihedral, residue index, residue type:        6       35  LYS
errdih__638_> Missing atoms in a dihedral, residue index, residue type:        6       55  LYS
errdih__638_> Missing atoms in a dihedral, residue index, residue type:        6      211  LYS
errdih__638_> Missing atoms in a dihedral, residue index, residue type:        6      264  GLN
errdih__638_> Missing atoms in a dihedral, residue index, residue type:        7       35  LYS
errdih__638_> Missing atoms in a dihedral, residue index, residue type:        7       55  LYS
errdih__638_> Missing atoms in a dihedral, residue index, residue type:        7      211  LYS
errdih__638_> Missing atoms in a dihedral, residue index, residue type:        7      264  GLN
errdih__638_> Missing atoms in a dihedral, residue index, residue type:        8       35  LYS
errdih__638_> Missing atoms in a dihedral, residue index, residue type:        8       55  LYS
errdih__638_> Missing atoms in a dihedral, residue index, residue type:        8      211  LYS
getdata_643_> Protein accepted:  3LZB_A
getdata_289_> Proteins (all/accepted):        1        1

Dynamically allocated memory at  amaxrestraints [B,KiB,MiB]:      2576611    2516.222     2.457
make_re_422_> Number of previous, current restraints         :     9769    10044
make_re_423_> Number of previous, current selected restraints:     9769    10044
make_re_417_> Restraint type to be calculated:  omega_dihedral

Dynamically allocated memory at   amaxstructure [B,KiB,MiB]:      2576611    2516.222     2.457
openf___224_> Open           ${MODINSTALL9v19}/modlib/omega.bin
openf___224_> Open           ${MODINSTALL9v19}/modlib/omega.mdt
getdata_643_> Protein accepted:  3LZB_A
getdata_289_> Proteins (all/accepted):        1        1
omgdel__425_> Unselected all O C +N +CA dihedrals:      290
              (This is to avoid clashes between STEREO
              and OMEGA_DIHEDRAL restraints)
make_re_422_> Number of previous, current restraints         :    10044    10320
make_re_423_> Number of previous, current selected restraints:    10044    10030
make_re_417_> Restraint type to be calculated:  chi1_dihedral

Dynamically allocated memory at   amaxstructure [B,KiB,MiB]:      2576611    2516.222     2.457
openf___224_> Open           ${MODINSTALL9v19}/modlib/chi1234.bin
openf___224_> Open           ${MODINSTALL9v19}/modlib/chi1.mdt
getdata_643_> Protein accepted:  3LZB_A
getdata_289_> Proteins (all/accepted):        1        1

Dynamically allocated memory at  amaxrestraints [B,KiB,MiB]:      2707683    2644.222     2.582
make_re_422_> Number of previous, current restraints         :    10320    10564
make_re_423_> Number of previous, current selected restraints:    10030    10274
make_re_417_> Restraint type to be calculated:  chi2_dihedral

Dynamically allocated memory at   amaxstructure [B,KiB,MiB]:      2707683    2644.222     2.582
openf___224_> Open           ${MODINSTALL9v19}/modlib/chi1234.bin
openf___224_> Open           ${MODINSTALL9v19}/modlib/chi2.mdt
getdata_643_> Protein accepted:  3LZB_A
getdata_289_> Proteins (all/accepted):        1        1
make_re_422_> Number of previous, current restraints         :    10564    10757
make_re_423_> Number of previous, current selected restraints:    10274    10467
make_re_417_> Restraint type to be calculated:  chi3_dihedral

Dynamically allocated memory at   amaxstructure [B,KiB,MiB]:      2707683    2644.222     2.582
openf___224_> Open           ${MODINSTALL9v19}/modlib/chi1234.bin
openf___224_> Open           ${MODINSTALL9v19}/modlib/chi3.mdt
getdata_643_> Protein accepted:  3LZB_A
getdata_289_> Proteins (all/accepted):        1        1
make_re_422_> Number of previous, current restraints         :    10757    10847
make_re_423_> Number of previous, current selected restraints:    10467    10557
make_re_417_> Restraint type to be calculated:  chi4_dihedral

Dynamically allocated memory at   amaxstructure [B,KiB,MiB]:      2707683    2644.222     2.582
openf___224_> Open           ${MODINSTALL9v19}/modlib/chi1234.bin
openf___224_> Open           ${MODINSTALL9v19}/modlib/chi4.mdt
mdtrsr__446W> A potential that relies on one protein is used, yet you have at
              least one known structure available. MDT, not library, potential is used.
getdata_643_> Protein accepted:  3LZB_A
getdata_289_> Proteins (all/accepted):        1        1
make_re_422_> Number of previous, current restraints         :    10847    10885
make_re_423_> Number of previous, current selected restraints:    10557    10595
make_re_417_> Restraint type to be calculated:  DISTANCE

Dynamically allocated memory at amaxhash_contac [B,KiB,MiB]:      3349311    3270.812     3.194
make_re_422_> Number of previous, current restraints         :    10885    16112
make_re_423_> Number of previous, current selected restraints:    10595    15822
make_re_417_> Restraint type to be calculated:  DISTANCE

Dynamically allocated memory at  amaxrestraints [B,KiB,MiB]:      3611455    3526.812     3.444

Dynamically allocated memory at  amaxrestraints [B,KiB,MiB]:      3873599    3782.812     3.694

Dynamically allocated memory at  amaxrestraints [B,KiB,MiB]:      4397887    4294.812     4.194
make_re_422_> Number of previous, current restraints         :    16112    21319
make_re_423_> Number of previous, current selected restraints:    15822    21029
make_re_417_> Restraint type to be calculated:  DISTANCE

Dynamically allocated memory at  amaxrestraints [B,KiB,MiB]:      4660031    4550.812     4.444
make_re_422_> Number of previous, current restraints         :    21319    25761
make_re_423_> Number of previous, current selected restraints:    21029    25471
make_re_417_> Restraint type to be calculated:  DISTANCE
make_re_422_> Number of previous, current restraints         :    25761    28588
make_re_423_> Number of previous, current selected restraints:    25471    28298
0 atoms in HETATM/BLK residues constrained
to protein atoms within 2.30 angstroms
and protein CA atoms within 10.00 angstroms
make_re_417_> Restraint type to be calculated:  DISTANCE
make_re_422_> Number of previous, current restraints         :    28588    28588
make_re_423_> Number of previous, current selected restraints:    28298    28298
make_re_417_> Restraint type to be calculated:  DISTANCE
make_re_422_> Number of previous, current restraints         :    28588    28588
make_re_423_> Number of previous, current selected restraints:    28298    28298
make_re_417_> Restraint type to be calculated:  DISTANCE
make_re_422_> Number of previous, current restraints         :    28588    28588
make_re_423_> Number of previous, current selected restraints:    28298    28298
make_re_417_> Restraint type to be calculated:  DISTANCE
make_re_422_> Number of previous, current restraints         :    28588    28588
make_re_423_> Number of previous, current selected restraints:    28298    28298
0 atoms in residues without defined topology
constrained to be rigid bodies
make_re_417_> Restraint type to be calculated:  DISTANCE
make_re_422_> Number of previous, current restraints         :    28588    28588
make_re_423_> Number of previous, current selected restraints:    28298    28298
rmdupl__427_>     1738 redundant cosine dihedral restraints were unselected.
condens_443_> Restraints marked for deletion were removed.
              Total number of restraints before, now:    28588    26560
openf___224_> Open           3LZB_A_full.rsr
openf___224_> Open           3LZB_A_full.rsr

Dynamically allocated memory at  amaxrestraints [B,KiB,MiB]:      4712161    4601.720     4.494
rdcsr2__307_> Number of restraints read    :    26560
              Number of excluded pairs read:        0
              Number of pseudo atoms read  :        0
rdcsrs__304_> Restraints in memory, selected restraints:    26560    26560
              Explicitly excluded atom pairs in memory :        0
              Pseudo atoms in memory                   :        0
119 (of 2228 total) atoms selected for optimization
openf___224_> Open           3LZB_A_full.ini

Dynamically allocated memory at       amaxmodel [B,KiB,MiB]:      4712185    4601.743     4.494
read_mo_297_> Segments, residues, atoms:        1      277     2228
read_mo_298_> Segment:        1     1   277     2228
randomi_498_> Atoms,selected atoms,random_seed,amplitude:     2228      119        1        4.0000
randomi_496_> Amplitude is > 0; randomization is done.
pick_re_612_> Number of MODEL atoms, selected restraints;      119      461
pick_re_612_> Number of MODEL atoms, selected restraints;      119      461
pick_re_612_> Number of MODEL atoms, selected restraints;      119      461
pick_re_612_> Number of MODEL atoms, selected restraints;      119      461
pick_re_612_> Number of MODEL atoms, selected restraints;      119      461
pick_re_612_> Number of MODEL atoms, selected restraints;      119      461
pick_re_612_> Number of MODEL atoms, selected restraints;      119      461
pick_re_612_> Number of MODEL atoms, selected restraints;      119      461

Dynamically allocated memory at  amaxrestraints [B,KiB,MiB]:      5058237    4939.685     4.824
pick_re_612_> Number of MODEL atoms, selected restraints;      119      461
pick_re_612_> Number of MODEL atoms, selected restraints;      119      461
pick_re_612_> Number of MODEL atoms, selected restraints;      119      461
iupac_m_483_> CD1/2 CE1/2 swapped:      154.1304       21    21
iupac_m_397W> Atoms were not swapped because of the uncertainty of how to handle the H atom.
iupac_m_483_> CD1/2 CE1/2 swapped:       90.5377       25    25
iupac_m_397W> Atoms were not swapped because of the uncertainty of how to handle the H atom.
iupac_m_486_> OE1/2 will be swapped:      113.1123       32    32
iupac_m_486_> OE1/2 will be swapped:     -175.3236       34    34
iupac_m_486_> OE1/2 will be swapped:     -147.2727       44    44
iupac_m_486_> OE1/2 will be swapped:     -118.0937       60    60
iupac_m_483_> CD1/2 CE1/2 swapped:      120.1971       62    62
iupac_m_397W> Atoms were not swapped because of the uncertainty of how to handle the H atom.
iupac_m_485_> OD1/2 will be swapped:      178.4637       98    98
iupac_m_483_> CD1/2 CE1/2 swapped:     -109.9925      111   111
iupac_m_397W> Atoms were not swapped because of the uncertainty of how to handle the H atom.
iupac_m_486_> OE1/2 will be swapped:     -164.7672      127   127
iupac_m_483_> CD1/2 CE1/2 swapped:      101.8053      154   154
iupac_m_397W> Atoms were not swapped because of the uncertainty of how to handle the H atom.
iupac_m_486_> OE1/2 will be swapped:      152.9283      163   163
iupac_m_486_> OE1/2 will be swapped:      161.0276      164   164
iupac_m_483_> CD1/2 CE1/2 swapped:       92.1786      189   189
iupac_m_397W> Atoms were not swapped because of the uncertainty of how to handle the H atom.
iupac_m_486_> OE1/2 will be swapped:       93.0933      204   204
iupac_m_483_> CD1/2 CE1/2 swapped:      106.8870      213   213
iupac_m_397W> Atoms were not swapped because of the uncertainty of how to handle the H atom.
iupac_m_486_> OE1/2 will be swapped:     -125.5457      220   220
iupac_m_486_> OE1/2 will be swapped:      176.4029      229   229
iupac_m_483_> CD1/2 CE1/2 swapped:      120.0003      259   259
iupac_m_397W> Atoms were not swapped because of the uncertainty of how to handle the H atom.
iupac_m_486_> OE1/2 will be swapped:     -151.1395      265   265
iupac_m_483_> CD1/2 CE1/2 swapped:       92.2541      276   276
iupac_m_397W> Atoms were not swapped because of the uncertainty of how to handle the H atom.


>> ENERGY; Differences between the model's features and restraints:
Number of all residues in MODEL                   :      277
Number of all, selected real atoms                :     2228     119
Number of all, selected pseudo atoms              :        0       0
Number of all static, selected restraints         :    26560     461
COVALENT_CYS                                      :        F
NONBONDED_SEL_ATOMS                               :        1
Number of non-bonded pairs (excluding 1-2,1-3,1-4):      242
Dynamic pairs routine                             : 5, NATM_SEL x NATM double loop
Atomic shift for contacts update (UPDATE_DYNAMIC) :    0.390
LENNARD_JONES_SWITCH                              :    6.500   7.500
COULOMB_JONES_SWITCH                              :    6.500   7.500
RESIDUE_SPAN_RANGE                                :        0   99999
NLOGN_USE                                         :       15
CONTACT_SHELL                                     :    4.000
DYNAMIC_PAIRS,_SPHERE,_COULOMB,_LENNARD,_MODELLER :        T       T       F       F       F
SPHERE_STDV                                       :    0.050
RADII_FACTOR                                      :    0.820
Current energy                                    :         110.4959





Summary of the restraint violations: 

   NUM     ... number of restraints.
   NUMVI   ... number of restraints with RVIOL > VIOL_REPORT_CUT[i].
   RVIOL   ... relative difference from the best value.
   NUMVP   ... number of restraints with -Ln(pdf) > VIOL_REPORT_CUT2[i].
   RMS_1   ... RMS(feature, minimally_violated_basis_restraint, NUMB).
   RMS_2   ... RMS(feature, best_value, NUMB).
   MOL.PDF ... scaled contribution to -Ln(Molecular pdf).

 #                     RESTRAINT_GROUP      NUM   NUMVI  NUMVP   RMS_1   RMS_2         MOL.PDF     S_i
------------------------------------------------------------------------------------------------------
 1 Bond length potential              :     122       0      0   0.008   0.008      2.1799       1.000
 2 Bond angle potential               :     164       0      1   2.042   2.042      12.649       1.000
 3 Stereochemical cosine torsion poten:      62       0      2  56.042  56.042      35.409       1.000
 4 Stereochemical improper torsion pot:      50       0      1   1.912   1.912      5.3959       1.000
 5 Soft-sphere overlap restraints     :     242       0      1   0.017   0.017      8.1344       1.000
 6 Lennard-Jones 6-12 potential       :       0       0      0   0.000   0.000      0.0000       1.000
 7 Coulomb point-point electrostatic p:       0       0      0   0.000   0.000      0.0000       1.000
 8 H-bonding potential                :       0       0      0   0.000   0.000      0.0000       1.000
 9 Distance restraints 1 (CA-CA)      :       0       0      0   0.000   0.000      0.0000       1.000
10 Distance restraints 2 (N-O)        :       0       0      0   0.000   0.000      0.0000       1.000
11 Mainchain Phi dihedral restraints  :       0       0      0   0.000   0.000      0.0000       1.000
12 Mainchain Psi dihedral restraints  :       0       0      0   0.000   0.000      0.0000       1.000
13 Mainchain Omega dihedral restraints:      17       0      1   4.737   4.737      4.4991       1.000
14 Sidechain Chi_1 dihedral restraints:      10       0      0  82.374  82.374      3.4158       1.000
15 Sidechain Chi_2 dihedral restraints:      10       0      0  82.266  82.266      2.9365       1.000
16 Sidechain Chi_3 dihedral restraints:       6       0      0 121.716 121.716      6.6501       1.000
17 Sidechain Chi_4 dihedral restraints:       2       0      0  95.628  95.628      2.3343       1.000
18 Disulfide distance restraints      :       0       0      0   0.000   0.000      0.0000       1.000
19 Disulfide angle restraints         :       0       0      0   0.000   0.000      0.0000       1.000
20 Disulfide dihedral angle restraints:       0       0      0   0.000   0.000      0.0000       1.000
21 Lower bound distance restraints    :       0       0      0   0.000   0.000      0.0000       1.000
22 Upper bound distance restraints    :       0       0      0   0.000   0.000      0.0000       1.000
23 Distance restraints 3 (SDCH-MNCH)  :       0       0      0   0.000   0.000      0.0000       1.000
24 Sidechain Chi_5 dihedral restraints:       0       0      0   0.000   0.000      0.0000       1.000
25 Phi/Psi pair of dihedral restraints:      18      15      3  38.156 158.807      26.892       1.000
26 Distance restraints 4 (SDCH-SDCH)  :       0       0      0   0.000   0.000      0.0000       1.000
27 Distance restraints 5 (X-Y)        :       0       0      0   0.000   0.000      0.0000       1.000
28 NMR distance restraints 6 (X-Y)    :       0       0      0   0.000   0.000      0.0000       1.000
29 NMR distance restraints 7 (X-Y)    :       0       0      0   0.000   0.000      0.0000       1.000
30 Minimal distance restraints        :       0       0      0   0.000   0.000      0.0000       1.000
31 Non-bonded restraints              :       0       0      0   0.000   0.000      0.0000       1.000
32 Atomic accessibility restraints    :       0       0      0   0.000   0.000      0.0000       1.000
33 Atomic density restraints          :       0       0      0   0.000   0.000      0.0000       1.000
34 Absolute position restraints       :       0       0      0   0.000   0.000      0.0000       1.000
35 Dihedral angle difference restraint:       0       0      0   0.000   0.000      0.0000       1.000
36 GBSA implicit solvent potential    :       0       0      0   0.000   0.000      0.0000       1.000
37 EM density fitting potential       :       0       0      0   0.000   0.000      0.0000       1.000
38 SAXS restraints                    :       0       0      0   0.000   0.000      0.0000       1.000
39 Symmetry restraints                :       0       0      0   0.000   0.000      0.0000       1.000



openf___224_> Open           3LZB_A_full.V99990001
# Heavy relative violation of each residue is written to: 3LZB_A_full.V99990001
# The profile is NOT normalized by the number of restraints.
# The profiles are smoothed over a window of residues:    1
# The sum of all numbers in the file:    3862.8228



List of the violated restraints:
   A restraint is violated when the relative difference
   from the best value (RVIOL) is larger than CUTOFF.

   ICSR   ... index of a restraint in the current set.
   RESNO  ... residue numbers of the first two atoms.
   ATM    ... IUPAC atom names of the first two atoms.
   FEAT   ... the value of the feature in the model.
   restr  ... the mean of the basis restraint with the smallest
              difference from the model (local minimum).
   viol   ... difference from the local minimum.
   rviol  ... relative difference from the local minimum.
   RESTR  ... the best value (global minimum).
   VIOL   ... difference from the best value.
   RVIOL  ... relative difference from the best value.


-------------------------------------------------------------------------------------------------

Feature 25                           : Phi/Psi pair of dihedral restraints     
List of the RVIOL violations larger than   :       6.5000

    #   ICSR  RESNO1/2 ATM1/2   INDATM1/2    FEAT   restr    viol   rviol   RESTR    VIOL   RVIOL
    1   7897 156L 157A C   N    1239 1241 -140.56 -134.00   17.47    1.08  -62.50 -171.39   28.33
    1        157A 157A N   CA   1241 1242  130.80  147.00                  -40.90
    2   7898 157A 158K C   N    1244 1246 -155.37 -118.00   38.30    1.32  -62.90 -164.98   30.85
    2        158K 158K N   CA   1246 1247  147.49  139.10                  -40.80
    3   7899 158K 159L C   N    1253 1255 -147.71 -108.50   50.82    2.26  -63.50  175.49   29.56
    3        159L 159L N   CA   1255 1256  164.83  132.50                  -41.20
    4   7900 159L 160L C   N    1261 1263  -48.97  -70.70   30.30    3.02  -63.50  156.75   20.97
    4        160L 160L N   CA   1263 1264  162.72  141.60                  -41.20
    5   7901 160L 161G C   N    1269 1271  178.26 -167.20   80.81    3.29   82.20  129.33   10.00
    5        161G 161G N   CA   1271 1272   95.10  174.60                    8.50
    6   7902 161G 162A C   N    1273 1275 -170.48 -134.00   40.36    0.92  -62.50 -171.21   36.64
    6        162A 162A N   CA   1275 1276  164.25  147.00                  -40.90
    7   7903 162A 163E C   N    1278 1280  -92.06 -117.80   37.68    1.23  -63.60  152.26   18.88
    7        163E 163E N   CA   1280 1281  109.28  136.80                  -40.30
    8   7904 163E 164E C   N    1287 1289 -137.94 -117.80   20.17    0.71  -63.60 -166.98   22.61
    8        164E 164E N   CA   1289 1290  137.83  136.80                  -40.30
    9   7906 165K 166E C   N    1305 1307 -102.43 -117.80   16.98    0.50  -63.60  174.25   21.34
    9        166E 166E N   CA   1307 1308  129.57  136.80                  -40.30
   10   7907 166E 167Y C   N    1314 1316 -109.22  -98.40   10.86    0.42  -63.50  176.90   25.89
   10        167Y 167Y N   CA   1316 1317  127.49  128.40                  -43.40
   11   7908 167Y 168H C   N    1326 1328 -148.25 -125.60   34.19    0.86  -63.20  175.31   27.42
   11        168H 168H N   CA   1328 1329  164.40  138.80                  -42.30
   12   7909 168H 169A C   N    1336 1338 -121.91 -134.00   14.35    0.34  -62.50 -170.61   34.20
   12        169A 169A N   CA   1338 1339  139.27  147.00                  -40.90
   13   7910 169A 170E C   N    1341 1343 -157.30 -117.80   42.55    1.26  -63.60 -168.45   30.73
   13        170E 170E N   CA   1343 1344  152.63  136.80                  -40.30
   14   7911 170E 171G C   N    1350 1352   93.50   78.70   44.74    0.73   82.20  143.61    7.54
   14        171G 171G N   CA   1352 1353  151.67 -166.10                    8.50
   15   7912 171G 172G C   N    1354 1356   87.81   78.70   47.71    0.99   82.20  138.68    7.01
   15        172G 172G N   CA   1356 1357  147.07 -166.10                    8.50


report______> Distribution of short non-bonded contacts:

  serious non-bonded atom clash:   388  392   2.291

DISTANCE1:  0.00 2.10 2.20 2.30 2.40 2.50 2.60 2.70 2.80 2.90 3.00 3.10 3.20 3.30 3.40
DISTANCE2:  2.10 2.20 2.30 2.40 2.50 2.60 2.70 2.80 2.90 3.00 3.10 3.20 3.30 3.40 3.50
FREQUENCY:     0    0    1    1    5   10   20   68  104  139  172  194  231  320  341


<< end of ENERGY.
openf___224_> Open           3LZB_A_full.B99990001.pdb
wrpdb___568_> Residues, atoms, selected atoms:      277     2228     2228

>> Summary of successfully produced models:
Filename                          molpdf
----------------------------------------
3LZB_A_full.B99990001.pdb      110.49589


Dynamically allocated memory at          finish [B,KiB,MiB]:      5058237    4939.685     4.824
Starting time                                            : 2018/02/20 13:01:35
Closing time                                             : 2018/02/20 13:01:39
Total CPU time [seconds]                                 :       4.06
