
                         MODELLER 9.19, 2017/07/19, r11078

     PROTEIN STRUCTURE MODELLING BY SATISFACTION OF SPATIAL RESTRAINTS


                     Copyright(c) 1989-2017 Andrej Sali
                            All Rights Reserved

                             Written by A. Sali
                               with help from
              B. Webb, M.S. Madhusudhan, M-Y. Shen, G.Q. Dong,
          M.A. Marti-Renom, N. Eswar, F. Alber, M. Topf, B. Oliva,
             A. Fiser, R. Sanchez, B. Yerkovich, A. Badretdinov,
                     F. Melo, J.P. Overington, E. Feyfant
                 University of California, San Francisco, USA
                    Rockefeller University, New York, USA
                      Harvard University, Cambridge, USA
                   Imperial Cancer Research Fund, London, UK
              Birkbeck College, University of London, London, UK


Kind, OS, HostName, Kernel, Processor: 4, Linux german-xps 4.14.6-041406-generic x86_64
Date and time of compilation         : 2017/07/19 15:03:51
MODELLER executable type             : x86_64-intel8
Job starting time (YY/MM/DD HH:MM:SS): 2018/02/20 10:55:52

openf___224_> Open           $(LIB)/restyp.lib
openf___224_> Open           ${MODINSTALL9v19}/modlib/resgrp.lib
rdresgr_266_> Number of residue groups:        2
openf___224_> Open           ${MODINSTALL9v19}/modlib/sstruc.lib

Dynamically allocated memory at   amaxlibraries [B,KiB,MiB]:       191566     187.076     0.183

Dynamically allocated memory at   amaxlibraries [B,KiB,MiB]:       192094     187.592     0.183
openf___224_> Open           ${MODINSTALL9v19}/modlib/resdih.lib

Dynamically allocated memory at   amaxlibraries [B,KiB,MiB]:       240694     235.053     0.230
rdrdih__263_> Number of dihedral angle types         :        9
              Maximal number of dihedral angle optima:        3
              Dihedral angle names                   :  Alph Phi Psi Omeg chi1 chi2 chi3 chi4 chi5
openf___224_> Open           ${MODINSTALL9v19}/modlib/radii.lib

Dynamically allocated memory at   amaxlibraries [B,KiB,MiB]:       253994     248.041     0.242
openf___224_> Open           ${MODINSTALL9v19}/modlib/radii14.lib
openf___224_> Open           ${MODINSTALL9v19}/modlib/af_mnchdef.lib
rdwilmo_274_> Mainchain residue conformation classes:  APBLE
openf___224_> Open           ${MODINSTALL9v19}/modlib/mnch.lib
rdclass_257_> Number of classes:        5
openf___224_> Open           ${MODINSTALL9v19}/modlib/mnch1.lib
openf___224_> Open           ${MODINSTALL9v19}/modlib/mnch2.lib
openf___224_> Open           ${MODINSTALL9v19}/modlib/mnch3.lib
openf___224_> Open           ${MODINSTALL9v19}/modlib/xs4.mat
rdrrwgh_268_> Number of residue types:       21
openf___224_> Open           /home/german/labo/18/egfr/model/1XKK_A/to_model_1XKK_A

Dynamically allocated memory at   amaxalignment [B,KiB,MiB]:       265487     259.265     0.253

Dynamically allocated memory at   amaxalignment [B,KiB,MiB]:       266937     260.681     0.255

Dynamically allocated memory at   amaxalignment [B,KiB,MiB]:       269837     263.513     0.257

Dynamically allocated memory at   amaxalignment [B,KiB,MiB]:       275637     269.177     0.263

Dynamically allocated memory at   amaxalignment [B,KiB,MiB]:       392693     383.489     0.375

Dynamically allocated memory at    amaxsequence [B,KiB,MiB]:       393845     384.614     0.376

Dynamically allocated memory at    amaxsequence [B,KiB,MiB]:       394949     385.692     0.377

Read the alignment from file       : /home/german/labo/18/egfr/model/1XKK_A/to_model_1XKK_A
Total number of alignment positions:   305

  #  Code        #_Res #_Segm PDB_code    Name
-------------------------------------------------------------------------------
  1     1XKK_A     289      1      1XKK_A
  2  1XKK_A_fu     277      1
check_a_343_> >> BEGINNING OF COMMAND
openf___224_> Open           ./1XKK_A.pdb

Dynamically allocated memory at amaxcoordinates [B,KiB,MiB]:       483374     472.045     0.461

Dynamically allocated memory at    amaxsequence [B,KiB,MiB]:       483374     472.045     0.461

Dynamically allocated memory at amaxcoordinates [B,KiB,MiB]:       483545     472.212     0.461

Dynamically allocated memory at amaxcoordinates [B,KiB,MiB]:       484395     473.042     0.462

Dynamically allocated memory at amaxcoordinates [B,KiB,MiB]:       485653     474.271     0.463

Dynamically allocated memory at amaxcoordinates [B,KiB,MiB]:       487557     476.130     0.465

Dynamically allocated memory at    amaxsequence [B,KiB,MiB]:       487557     476.130     0.465

Dynamically allocated memory at amaxcoordinates [B,KiB,MiB]:       487647     476.218     0.465

Dynamically allocated memory at amaxcoordinates [B,KiB,MiB]:       490503     479.007     0.468

Dynamically allocated memory at    amaxsequence [B,KiB,MiB]:       490503     479.007     0.468

Dynamically allocated memory at amaxcoordinates [B,KiB,MiB]:       490638     479.139     0.468

Dynamically allocated memory at amaxcoordinates [B,KiB,MiB]:       494922     483.322     0.472

Dynamically allocated memory at    amaxsequence [B,KiB,MiB]:       494922     483.322     0.472

Dynamically allocated memory at amaxcoordinates [B,KiB,MiB]:       495120     483.516     0.472

Dynamically allocated memory at amaxcoordinates [B,KiB,MiB]:       501546     489.791     0.478

Dynamically allocated memory at    amaxsequence [B,KiB,MiB]:       501546     489.791     0.478

Dynamically allocated memory at amaxcoordinates [B,KiB,MiB]:       501843     490.081     0.479

Dynamically allocated memory at amaxcoordinates [B,KiB,MiB]:       511465     499.478     0.488

Dynamically allocated memory at    amaxsequence [B,KiB,MiB]:       511465     499.478     0.488

Dynamically allocated memory at amaxcoordinates [B,KiB,MiB]:       511915     499.917     0.488

Dynamically allocated memory at amaxcoordinates [B,KiB,MiB]:       526365     514.028     0.502

Dynamically allocated memory at    amaxsequence [B,KiB,MiB]:       526365     514.028     0.502

Dynamically allocated memory at amaxcoordinates [B,KiB,MiB]:       527040     514.688     0.503

Dynamically allocated memory at amaxcoordinates [B,KiB,MiB]:       548698     535.838     0.523

Dynamically allocated memory at    amaxsequence [B,KiB,MiB]:       548698     535.838     0.523

Dynamically allocated memory at amaxcoordinates [B,KiB,MiB]:       549706     536.822     0.524

Dynamically allocated memory at amaxcoordinates [B,KiB,MiB]:       582210     568.564     0.555

Dynamically allocated memory at   amaxstructure [B,KiB,MiB]:       581778     568.143     0.555

check_ali___> Checking the sequence-structure alignment. 

Implied intrachain target CA(i)-CA(i+1) distances longer than  8.0 angstroms:

ALN_POS  TMPL  RID1  RID2  NAM1  NAM2     DIST
----------------------------------------------
    174     1  867   876      K     V   12.757
END OF TABLE
check_a_344_> << END OF COMMAND
openf___224_> Open           ${LIB}/top_heav.lib
read_to_681_> topology.submodel read from topology file:        3
openf___224_> Open           ${LIB}/par.lib

Dynamically allocated memory at  amaxparameters [B,KiB,MiB]:       721030     704.131     0.688

Dynamically allocated memory at  amaxparameters [B,KiB,MiB]:       722630     705.693     0.689

Dynamically allocated memory at  amaxparameters [B,KiB,MiB]:       726610     709.580     0.693

Dynamically allocated memory at  amaxparameters [B,KiB,MiB]:       728610     711.533     0.695

Dynamically allocated memory at  amaxparameters [B,KiB,MiB]:       731610     714.463     0.698

Dynamically allocated memory at  amaxparameters [B,KiB,MiB]:       736110     718.857     0.702

Dynamically allocated memory at  amaxparameters [B,KiB,MiB]:       741682     724.299     0.707

Dynamically allocated memory at  amaxparameters [B,KiB,MiB]:       744482     727.033     0.710

Dynamically allocated memory at  amaxparameters [B,KiB,MiB]:       748682     731.135     0.714

Dynamically allocated memory at  amaxparameters [B,KiB,MiB]:       754982     737.287     0.720

Dynamically allocated memory at  amaxparameters [B,KiB,MiB]:       757754     739.994     0.723

Dynamically allocated memory at  amaxparameters [B,KiB,MiB]:       759154     741.361     0.724
read_pa_232_> parameters    BONDS   ANGLS  DIHEDS IMPROPS    MODE
                              227     561     661     112       0

Dynamically allocated memory at       amaxmodel [B,KiB,MiB]:       802486     783.678     0.765

Dynamically allocated memory at       amaxmodel [B,KiB,MiB]:      1022202     998.244     0.975

Dynamically allocated memory at       amaxmodel [B,KiB,MiB]:      1055186    1030.455     1.006

mkilst______> segment topology constructed from sequence and RTF:
              segments residues atoms bonds angles dihedrals impropers:
                     1      277  2223  2273      0         0       925

Dynamically allocated memory at       amaxmodel [B,KiB,MiB]:      1150510    1123.545     1.097

patch_______> segment topology patched using RTF:     1  ;  LEU  ;  NTER
              segments residues atoms bonds angles dihedrals impropers:
                     1      277  2223  2273   3074      3654       925


Dynamically allocated memory at       amaxmodel [B,KiB,MiB]:      1242606    1213.482     1.185
patch_______> segment topology patched using RTF:   277  ;  LEU  ;  CTER
              segments residues atoms bonds angles dihedrals impropers:
                     1      277  2224  2274   3076      3656       926

genseg______> segment topology constructed from sequence and RTF:
              segments residues atoms bonds angles dihedrals impropers:
                     1      277  2224  2274   3076      3656       926
transfe_506_> MODEL is an average of all templates.
transfe_511_> Number of templates for coordinate transfer:        1
              After transferring coordinates of the equivalent template atoms,
              there are defined, undefined atoms in MODEL:     2057      167
openf___224_> Open           1XKK_A_full.ini
wrpdb___568_> Residues, atoms, selected atoms:      277     2224     2224
make_re_417_> Restraint type to be calculated:  stereo

Dynamically allocated memory at  amaxrestraints [B,KiB,MiB]:      1349655    1318.022     1.287

Dynamically allocated memory at  amaxrestraints [B,KiB,MiB]:      1357847    1326.022     1.295

Dynamically allocated memory at  amaxrestraints [B,KiB,MiB]:      1374231    1342.022     1.311

Dynamically allocated memory at  amaxrestraints [B,KiB,MiB]:      1406999    1374.022     1.342

Dynamically allocated memory at  amaxrestraints [B,KiB,MiB]:      1439767    1406.022     1.373

Dynamically allocated memory at  amaxrestraints [B,KiB,MiB]:      1505303    1470.022     1.436

Dynamically allocated memory at  amaxrestraints [B,KiB,MiB]:      1538071    1502.022     1.467

Dynamically allocated memory at  amaxrestraints [B,KiB,MiB]:      1570839    1534.022     1.498

Dynamically allocated memory at  amaxrestraints [B,KiB,MiB]:      1636375    1598.022     1.561

Dynamically allocated memory at  amaxrestraints [B,KiB,MiB]:      1767447    1726.022     1.686

Dynamically allocated memory at  amaxrestraints [B,KiB,MiB]:      1832983    1790.022     1.748

Dynamically allocated memory at  amaxrestraints [B,KiB,MiB]:      1898519    1854.022     1.811

Dynamically allocated memory at  amaxrestraints [B,KiB,MiB]:      2029591    1982.022     1.936

Dynamically allocated memory at  amaxrestraints [B,KiB,MiB]:      2291735    2238.022     2.186
r_stere_606_> Stereochemical restraints were constructed from RTF & PRMF.
              Added bond,angle,dihedral,improper restraints  :     2274    3076    3497     912
              Total number of restraints before, now         :        0     9759
make_re_422_> Number of previous, current restraints         :        0     9759
make_re_423_> Number of previous, current selected restraints:        0     9759
make_re_417_> Restraint type to be calculated:  phi-psi_binormal

Dynamically allocated memory at   amaxstructure [B,KiB,MiB]:      2452379    2394.901     2.339
openf___224_> Open           ${MODINSTALL9v19}/modlib/mnch1.bin
openf___224_> Open           ${MODINSTALL9v19}/modlib/mnch1.mdt
errdih__638_> Missing atoms in a dihedral, residue index, residue type:        5       12  LYS
errdih__638_> Missing atoms in a dihedral, residue index, residue type:        5       43  ARG
errdih__638_> Missing atoms in a dihedral, residue index, residue type:        5       44  GLU
errdih__638_> Missing atoms in a dihedral, residue index, residue type:        5       45  LYS
errdih__638_> Missing atoms in a dihedral, residue index, residue type:        5       48  LYS
errdih__638_> Missing atoms in a dihedral, residue index, residue type:        5       49  GLU
errdih__638_> Missing atoms in a dihedral, residue index, residue type:        5       99  ASN
errdih__638_> Missing atoms in a dihedral, residue index, residue type:        5      157  GLU
errdih__638_> Missing atoms in a dihedral, residue index, residue type:        5      158  LYS
errdih__638_> Missing atoms in a dihedral, residue index, residue type:        5      159  VAL
errdih__638_> Missing atoms in a dihedral, residue index, residue type:        5      228  MET
errdih__638_> Missing atoms in a dihedral, residue index, residue type:        5      245  ARG
errdih__638_> Missing atoms in a dihedral, residue index, residue type:        5      268  GLU
errdih__638_> Missing atoms in a dihedral, residue index, residue type:        5      269  ARG
errdih__638_> Missing atoms in a dihedral, residue index, residue type:        5      271  SER
errdih__638_> Missing atoms in a dihedral, residue index, residue type:        5      275  ARG
errdih__638_> Missing atoms in a dihedral, residue index, residue type:        5      280  GLU
errdih__638_> Missing atoms in a dihedral, residue index, residue type:        5      281  VAL
errdih__638_> Missing atoms in a dihedral, residue index, residue type:        5      282  VAL
errdih__638_> Missing atoms in a dihedral, residue index, residue type:        5      286  GLU
errdih__638_> Missing atoms in a dihedral, residue index, residue type:        5      288  LEU
errdih__638_> Missing atoms in a dihedral, residue index, residue type:        5      289  ILE
errdih__638_> Missing atoms in a dihedral, residue index, residue type:        6       12  LYS
errdih__638_> Missing atoms in a dihedral, residue index, residue type:        6       43  ARG
errdih__638_> Missing atoms in a dihedral, residue index, residue type:        6       44  GLU
errdih__638_> Missing atoms in a dihedral, residue index, residue type:        6       45  LYS
errdih__638_> Missing atoms in a dihedral, residue index, residue type:        6       48  LYS
errdih__638_> Missing atoms in a dihedral, residue index, residue type:        6       49  GLU
errdih__638_> Missing atoms in a dihedral, residue index, residue type:        6       99  ASN
errdih__638_> Missing atoms in a dihedral, residue index, residue type:        6      157  GLU
errdih__638_> Missing atoms in a dihedral, residue index, residue type:        6      158  LYS
errdih__638_> Missing atoms in a dihedral, residue index, residue type:        6      228  MET
errdih__638_> Missing atoms in a dihedral, residue index, residue type:        6      245  ARG
errdih__638_> Missing atoms in a dihedral, residue index, residue type:        6      268  GLU
errdih__638_> Missing atoms in a dihedral, residue index, residue type:        6      269  ARG
errdih__638_> Missing atoms in a dihedral, residue index, residue type:        6      275  ARG
errdih__638_> Missing atoms in a dihedral, residue index, residue type:        6      280  GLU
errdih__638_> Missing atoms in a dihedral, residue index, residue type:        6      286  GLU
errdih__638_> Missing atoms in a dihedral, residue index, residue type:        6      288  LEU
errdih__638_> Missing atoms in a dihedral, residue index, residue type:        6      289  ILE
errdih__638_> Missing atoms in a dihedral, residue index, residue type:        7       12  LYS
errdih__638_> Missing atoms in a dihedral, residue index, residue type:        7       43  ARG
errdih__638_> Missing atoms in a dihedral, residue index, residue type:        7       44  GLU
errdih__638_> Missing atoms in a dihedral, residue index, residue type:        7       45  LYS
errdih__638_> Missing atoms in a dihedral, residue index, residue type:        7       48  LYS
errdih__638_> Missing atoms in a dihedral, residue index, residue type:        7       49  GLU
errdih__638_> Missing atoms in a dihedral, residue index, residue type:        7      157  GLU
errdih__638_> Missing atoms in a dihedral, residue index, residue type:        7      158  LYS
errdih__638_> Missing atoms in a dihedral, residue index, residue type:        7      228  MET
errdih__638_> Missing atoms in a dihedral, residue index, residue type:        7      245  ARG
errdih__638_> Missing atoms in a dihedral, residue index, residue type:        7      268  GLU
errdih__638_> Missing atoms in a dihedral, residue index, residue type:        7      269  ARG
errdih__638_> Missing atoms in a dihedral, residue index, residue type:        7      275  ARG
errdih__638_> Missing atoms in a dihedral, residue index, residue type:        7      280  GLU
errdih__638_> Missing atoms in a dihedral, residue index, residue type:        7      286  GLU
errdih__638_> Missing atoms in a dihedral, residue index, residue type:        8       12  LYS
errdih__638_> Missing atoms in a dihedral, residue index, residue type:        8       43  ARG
errdih__638_> Missing atoms in a dihedral, residue index, residue type:        8       45  LYS
errdih__638_> Missing atoms in a dihedral, residue index, residue type:        8       48  LYS
errdih__638_> Missing atoms in a dihedral, residue index, residue type:        8      158  LYS
errdih__638_> Missing atoms in a dihedral, residue index, residue type:        8      245  ARG
errdih__638_> Missing atoms in a dihedral, residue index, residue type:        8      269  ARG
errdih__638_> Missing atoms in a dihedral, residue index, residue type:        8      275  ARG
getdata_643_> Protein accepted:  1XKK_A
getdata_289_> Proteins (all/accepted):        1        1

Dynamically allocated memory at  amaxrestraints [B,KiB,MiB]:      2583467    2522.917     2.464
make_re_422_> Number of previous, current restraints         :     9759    10034
make_re_423_> Number of previous, current selected restraints:     9759    10034
make_re_417_> Restraint type to be calculated:  omega_dihedral

Dynamically allocated memory at   amaxstructure [B,KiB,MiB]:      2583467    2522.917     2.464
openf___224_> Open           ${MODINSTALL9v19}/modlib/omega.bin
openf___224_> Open           ${MODINSTALL9v19}/modlib/omega.mdt
getdata_643_> Protein accepted:  1XKK_A
getdata_289_> Proteins (all/accepted):        1        1
omgdel__425_> Unselected all O C +N +CA dihedrals:      290
              (This is to avoid clashes between STEREO
              and OMEGA_DIHEDRAL restraints)
make_re_422_> Number of previous, current restraints         :    10034    10310
make_re_423_> Number of previous, current selected restraints:    10034    10020
make_re_417_> Restraint type to be calculated:  chi1_dihedral

Dynamically allocated memory at   amaxstructure [B,KiB,MiB]:      2583467    2522.917     2.464
openf___224_> Open           ${MODINSTALL9v19}/modlib/chi1234.bin
openf___224_> Open           ${MODINSTALL9v19}/modlib/chi1.mdt
getdata_643_> Protein accepted:  1XKK_A
getdata_289_> Proteins (all/accepted):        1        1

Dynamically allocated memory at  amaxrestraints [B,KiB,MiB]:      2714539    2650.917     2.589
make_re_422_> Number of previous, current restraints         :    10310    10554
make_re_423_> Number of previous, current selected restraints:    10020    10264
make_re_417_> Restraint type to be calculated:  chi2_dihedral

Dynamically allocated memory at   amaxstructure [B,KiB,MiB]:      2714539    2650.917     2.589
openf___224_> Open           ${MODINSTALL9v19}/modlib/chi1234.bin
openf___224_> Open           ${MODINSTALL9v19}/modlib/chi2.mdt
getdata_643_> Protein accepted:  1XKK_A
getdata_289_> Proteins (all/accepted):        1        1
make_re_422_> Number of previous, current restraints         :    10554    10746
make_re_423_> Number of previous, current selected restraints:    10264    10456
make_re_417_> Restraint type to be calculated:  chi3_dihedral

Dynamically allocated memory at   amaxstructure [B,KiB,MiB]:      2714539    2650.917     2.589
openf___224_> Open           ${MODINSTALL9v19}/modlib/chi1234.bin
openf___224_> Open           ${MODINSTALL9v19}/modlib/chi3.mdt
getdata_643_> Protein accepted:  1XKK_A
getdata_289_> Proteins (all/accepted):        1        1
make_re_422_> Number of previous, current restraints         :    10746    10835
make_re_423_> Number of previous, current selected restraints:    10456    10545
make_re_417_> Restraint type to be calculated:  chi4_dihedral

Dynamically allocated memory at   amaxstructure [B,KiB,MiB]:      2714539    2650.917     2.589
openf___224_> Open           ${MODINSTALL9v19}/modlib/chi1234.bin
openf___224_> Open           ${MODINSTALL9v19}/modlib/chi4.mdt
mdtrsr__446W> A potential that relies on one protein is used, yet you have at
              least one known structure available. MDT, not library, potential is used.
getdata_643_> Protein accepted:  1XKK_A
getdata_289_> Proteins (all/accepted):        1        1
make_re_422_> Number of previous, current restraints         :    10835    10872
make_re_423_> Number of previous, current selected restraints:    10545    10582
make_re_417_> Restraint type to be calculated:  DISTANCE

Dynamically allocated memory at amaxhash_contac [B,KiB,MiB]:      3355015    3276.382     3.200
make_re_422_> Number of previous, current restraints         :    10872    16248
make_re_423_> Number of previous, current selected restraints:    10582    15958
make_re_417_> Restraint type to be calculated:  DISTANCE

Dynamically allocated memory at  amaxrestraints [B,KiB,MiB]:      3617159    3532.382     3.450

Dynamically allocated memory at  amaxrestraints [B,KiB,MiB]:      3879303    3788.382     3.700

Dynamically allocated memory at  amaxrestraints [B,KiB,MiB]:      4403591    4300.382     4.200
make_re_422_> Number of previous, current restraints         :    16248    21594
make_re_423_> Number of previous, current selected restraints:    15958    21304
make_re_417_> Restraint type to be calculated:  DISTANCE

Dynamically allocated memory at  amaxrestraints [B,KiB,MiB]:      4665735    4556.382     4.450
make_re_422_> Number of previous, current restraints         :    21594    25899
make_re_423_> Number of previous, current selected restraints:    21304    25609
make_re_417_> Restraint type to be calculated:  DISTANCE
make_re_422_> Number of previous, current restraints         :    25899    28575
make_re_423_> Number of previous, current selected restraints:    25609    28285
0 atoms in HETATM/BLK residues constrained
to protein atoms within 2.30 angstroms
and protein CA atoms within 10.00 angstroms
make_re_417_> Restraint type to be calculated:  DISTANCE
make_re_422_> Number of previous, current restraints         :    28575    28575
make_re_423_> Number of previous, current selected restraints:    28285    28285
make_re_417_> Restraint type to be calculated:  DISTANCE
make_re_422_> Number of previous, current restraints         :    28575    28575
make_re_423_> Number of previous, current selected restraints:    28285    28285
make_re_417_> Restraint type to be calculated:  DISTANCE
make_re_422_> Number of previous, current restraints         :    28575    28575
make_re_423_> Number of previous, current selected restraints:    28285    28285
make_re_417_> Restraint type to be calculated:  DISTANCE
make_re_422_> Number of previous, current restraints         :    28575    28575
make_re_423_> Number of previous, current selected restraints:    28285    28285
0 atoms in residues without defined topology
constrained to be rigid bodies
make_re_417_> Restraint type to be calculated:  DISTANCE
make_re_422_> Number of previous, current restraints         :    28575    28575
make_re_423_> Number of previous, current selected restraints:    28285    28285
rmdupl__427_>     1736 redundant cosine dihedral restraints were unselected.
condens_443_> Restraints marked for deletion were removed.
              Total number of restraints before, now:    28575    26549
openf___224_> Open           1XKK_A_full.rsr
openf___224_> Open           1XKK_A_full.rsr

Dynamically allocated memory at  amaxrestraints [B,KiB,MiB]:      4710489    4600.087     4.492
rdcsr2__307_> Number of restraints read    :    26549
              Number of excluded pairs read:        0
              Number of pseudo atoms read  :        0
rdcsrs__304_> Restraints in memory, selected restraints:    26549    26549
              Explicitly excluded atom pairs in memory :        0
              Pseudo atoms in memory                   :        0
128 (of 2224 total) atoms selected for optimization
openf___224_> Open           1XKK_A_full.ini

Dynamically allocated memory at       amaxmodel [B,KiB,MiB]:      4710513    4600.110     4.492
read_mo_297_> Segments, residues, atoms:        1      277     2224
read_mo_298_> Segment:        1     1   277     2224
randomi_498_> Atoms,selected atoms,random_seed,amplitude:     2224      128        1        4.0000
randomi_496_> Amplitude is > 0; randomization is done.
pick_re_612_> Number of MODEL atoms, selected restraints;      128      600
pick_re_612_> Number of MODEL atoms, selected restraints;      128      614
pick_re_612_> Number of MODEL atoms, selected restraints;      128      628
pick_re_612_> Number of MODEL atoms, selected restraints;      128      645
pick_re_612_> Number of MODEL atoms, selected restraints;      128      670
pick_re_612_> Number of MODEL atoms, selected restraints;      128      686
pick_re_612_> Number of MODEL atoms, selected restraints;      128      689
pick_re_612_> Number of MODEL atoms, selected restraints;      128      754

Dynamically allocated memory at  amaxrestraints [B,KiB,MiB]:      5056469    4937.958     4.822
pick_re_612_> Number of MODEL atoms, selected restraints;      128      759
pick_re_612_> Number of MODEL atoms, selected restraints;      128      759
pick_re_612_> Number of MODEL atoms, selected restraints;      128      759
iupac_m_486_> OE1/2 will be swapped:     -177.8899        7     7
iupac_m_483_> CD1/2 CE1/2 swapped:       98.2329       21    21
iupac_m_397W> Atoms were not swapped because of the uncertainty of how to handle the H atom.
iupac_m_483_> CD1/2 CE1/2 swapped:      -91.7549       25    25
iupac_m_397W> Atoms were not swapped because of the uncertainty of how to handle the H atom.
iupac_m_484W> Dihedral still outside +-90:       91.1621
iupac_m_486_> OE1/2 will be swapped:      180.0000       32    32
iupac_m_486_> OE1/2 will be swapped:     -162.3609       44    44
iupac_m_487_> NH1/2 swapped:      179.9515       46    46
iupac_m_486_> OE1/2 will be swapped:      180.0000       47    47
iupac_m_486_> OE1/2 will be swapped:      179.9802       56    56
iupac_m_486_> OE1/2 will be swapped:     -179.6923       60    60
iupac_m_487_> NH1/2 swapped:     -179.7771      101   101
iupac_m_486_> OE1/2 will be swapped:     -176.0846      127   127
iupac_m_487_> NH1/2 swapped:     -179.9031      129   129
iupac_m_486_> OE1/2 will be swapped:      180.0000      164   164
iupac_m_486_> OE1/2 will be swapped:      147.6707      170   170
iupac_m_483_> CD1/2 CE1/2 swapped:       93.0357      189   189
iupac_m_397W> Atoms were not swapped because of the uncertainty of how to handle the H atom.
iupac_m_483_> CD1/2 CE1/2 swapped:      100.2495      213   213
iupac_m_397W> Atoms were not swapped because of the uncertainty of how to handle the H atom.
iupac_m_486_> OE1/2 will be swapped:     -176.5127      220   220
iupac_m_483_> CD1/2 CE1/2 swapped:      124.6115      259   259
iupac_m_397W> Atoms were not swapped because of the uncertainty of how to handle the H atom.
iupac_m_487_> NH1/2 swapped:      180.0000      260   260
iupac_m_483_> CD1/2 CE1/2 swapped:       96.6166      276   276
iupac_m_397W> Atoms were not swapped because of the uncertainty of how to handle the H atom.


>> ENERGY; Differences between the model's features and restraints:
Number of all residues in MODEL                   :      277
Number of all, selected real atoms                :     2224     128
Number of all, selected pseudo atoms              :        0       0
Number of all static, selected restraints         :    26549     759
COVALENT_CYS                                      :        F
NONBONDED_SEL_ATOMS                               :        1
Number of non-bonded pairs (excluding 1-2,1-3,1-4):      248
Dynamic pairs routine                             : 5, NATM_SEL x NATM double loop
Atomic shift for contacts update (UPDATE_DYNAMIC) :    0.390
LENNARD_JONES_SWITCH                              :    6.500   7.500
COULOMB_JONES_SWITCH                              :    6.500   7.500
RESIDUE_SPAN_RANGE                                :        0   99999
NLOGN_USE                                         :       15
CONTACT_SHELL                                     :    4.000
DYNAMIC_PAIRS,_SPHERE,_COULOMB,_LENNARD,_MODELLER :        T       T       F       F       F
SPHERE_STDV                                       :    0.050
RADII_FACTOR                                      :    0.820
Current energy                                    :         304.2971





Summary of the restraint violations: 

   NUM     ... number of restraints.
   NUMVI   ... number of restraints with RVIOL > VIOL_REPORT_CUT[i].
   RVIOL   ... relative difference from the best value.
   NUMVP   ... number of restraints with -Ln(pdf) > VIOL_REPORT_CUT2[i].
   RMS_1   ... RMS(feature, minimally_violated_basis_restraint, NUMB).
   RMS_2   ... RMS(feature, best_value, NUMB).
   MOL.PDF ... scaled contribution to -Ln(Molecular pdf).

 #                     RESTRAINT_GROUP      NUM   NUMVI  NUMVP   RMS_1   RMS_2         MOL.PDF     S_i
------------------------------------------------------------------------------------------------------
 1 Bond length potential              :     134       0      1   0.015   0.015      9.0905       1.000
 2 Bond angle potential               :     184       1      6   3.298   3.298      39.917       1.000
 3 Stereochemical cosine torsion poten:      79       0      4  54.650  54.650      35.152       1.000
 4 Stereochemical improper torsion pot:      54       1      1   3.295   3.295      17.571       1.000
 5 Soft-sphere overlap restraints     :     248       0      1   0.010   0.010      2.7993       1.000
 6 Lennard-Jones 6-12 potential       :       0       0      0   0.000   0.000      0.0000       1.000
 7 Coulomb point-point electrostatic p:       0       0      0   0.000   0.000      0.0000       1.000
 8 H-bonding potential                :       0       0      0   0.000   0.000      0.0000       1.000
 9 Distance restraints 1 (CA-CA)      :      61       2      5   1.419   1.419      46.659       1.000
10 Distance restraints 2 (N-O)        :      78       2      4   1.472   1.472      40.545       1.000
11 Mainchain Phi dihedral restraints  :       0       0      0   0.000   0.000      0.0000       1.000
12 Mainchain Psi dihedral restraints  :       0       0      0   0.000   0.000      0.0000       1.000
13 Mainchain Omega dihedral restraints:      20       2      1  40.794  40.794      22.003       1.000
14 Sidechain Chi_1 dihedral restraints:      13       0      0  77.469  77.469      4.5012       1.000
15 Sidechain Chi_2 dihedral restraints:      10       0      0  78.877  78.877      5.3706       1.000
16 Sidechain Chi_3 dihedral restraints:       7       0      0 133.497 133.497      7.2285       1.000
17 Sidechain Chi_4 dihedral restraints:       3       0      0  97.001  97.001      2.4109       1.000
18 Disulfide distance restraints      :       0       0      0   0.000   0.000      0.0000       1.000
19 Disulfide angle restraints         :       0       0      0   0.000   0.000      0.0000       1.000
20 Disulfide dihedral angle restraints:       0       0      0   0.000   0.000      0.0000       1.000
21 Lower bound distance restraints    :       0       0      0   0.000   0.000      0.0000       1.000
22 Upper bound distance restraints    :       0       0      0   0.000   0.000      0.0000       1.000
23 Distance restraints 3 (SDCH-MNCH)  :      61       0      0   0.376   0.376     0.17648       1.000
24 Sidechain Chi_5 dihedral restraints:       0       0      0   0.000   0.000      0.0000       1.000
25 Phi/Psi pair of dihedral restraints:      23      15     10  55.469 149.007      61.032       1.000
26 Distance restraints 4 (SDCH-SDCH)  :      32       0      3   1.584   1.584      9.8401       1.000
27 Distance restraints 5 (X-Y)        :       0       0      0   0.000   0.000      0.0000       1.000
28 NMR distance restraints 6 (X-Y)    :       0       0      0   0.000   0.000      0.0000       1.000
29 NMR distance restraints 7 (X-Y)    :       0       0      0   0.000   0.000      0.0000       1.000
30 Minimal distance restraints        :       0       0      0   0.000   0.000      0.0000       1.000
31 Non-bonded restraints              :       0       0      0   0.000   0.000      0.0000       1.000
32 Atomic accessibility restraints    :       0       0      0   0.000   0.000      0.0000       1.000
33 Atomic density restraints          :       0       0      0   0.000   0.000      0.0000       1.000
34 Absolute position restraints       :       0       0      0   0.000   0.000      0.0000       1.000
35 Dihedral angle difference restraint:       0       0      0   0.000   0.000      0.0000       1.000
36 GBSA implicit solvent potential    :       0       0      0   0.000   0.000      0.0000       1.000
37 EM density fitting potential       :       0       0      0   0.000   0.000      0.0000       1.000
38 SAXS restraints                    :       0       0      0   0.000   0.000      0.0000       1.000
39 Symmetry restraints                :       0       0      0   0.000   0.000      0.0000       1.000



openf___224_> Open           1XKK_A_full.V99990001
# Heavy relative violation of each residue is written to: 1XKK_A_full.V99990001
# The profile is NOT normalized by the number of restraints.
# The profiles are smoothed over a window of residues:    1
# The sum of all numbers in the file:    4774.9185



List of the violated restraints:
   A restraint is violated when the relative difference
   from the best value (RVIOL) is larger than CUTOFF.

   ICSR   ... index of a restraint in the current set.
   RESNO  ... residue numbers of the first two atoms.
   ATM    ... IUPAC atom names of the first two atoms.
   FEAT   ... the value of the feature in the model.
   restr  ... the mean of the basis restraint with the smallest
              difference from the model (local minimum).
   viol   ... difference from the local minimum.
   rviol  ... relative difference from the local minimum.
   RESTR  ... the best value (global minimum).
   VIOL   ... difference from the best value.
   RVIOL  ... relative difference from the best value.


-------------------------------------------------------------------------------------------------

Feature  4                           : Stereochemical improper torsion potentia
List of the RVIOL violations larger than   :       4.5000

    #   ICSR  RESNO1/2 ATM1/2   INDATM1/2    FEAT   restr    viol   rviol   RESTR    VIOL   RVIOL
    1   6922  32E  32E C   CA    256  250   19.23    0.00   19.23    6.77    0.00   19.23    6.77

-------------------------------------------------------------------------------------------------

Feature  9                           : Distance restraints 1 (CA-CA)           
List of the RVIOL violations larger than   :       4.5000

    #   ICSR  RESNO1/2 ATM1/2   INDATM1/2    FEAT   restr    viol   rviol   RESTR    VIOL   RVIOL
    1  12559 173K 186H CA  CA   1361 1467   13.29   10.28    3.01    5.52   10.28    3.01    5.52

-------------------------------------------------------------------------------------------------

Feature 10                           : Distance restraints 2 (N-O)             
List of the RVIOL violations larger than   :       4.5000

    #   ICSR  RESNO1/2 ATM1/2   INDATM1/2    FEAT   restr    viol   rviol   RESTR    VIOL   RVIOL
    1  17420 173K 186H N   O    1360 1475   12.67    8.67    4.00    7.17    8.67    4.00    7.17
    2  17421 173K 187R N   O    1360 1486   11.46    8.69    2.78    5.18    8.69    2.78    5.18

-------------------------------------------------------------------------------------------------

Feature 13                           : Mainchain Omega dihedral restraints     
List of the RVIOL violations larger than   :       4.5000

    #   ICSR  RESNO1/2 ATM1/2   INDATM1/2    FEAT   restr    viol   rviol   RESTR    VIOL   RVIOL
    1   8040  32E  32E CA  C     250  256 -142.76 -180.00   37.24    7.45 -180.00   37.24    7.45

-------------------------------------------------------------------------------------------------

Feature 25                           : Phi/Psi pair of dihedral restraints     
List of the RVIOL violations larger than   :       6.5000

    #   ICSR  RESNO1/2 ATM1/2   INDATM1/2    FEAT   restr    viol   rviol   RESTR    VIOL   RVIOL
    1   7764  31P  32E C   N     247  249  179.98 -117.80   62.29    2.21  -63.60 -145.63   34.94
    1         32E  32E N   CA    249  250  139.70  136.80                  -40.30
    2   7766  33G  34E C   N     260  262  121.98 -117.80  120.64    4.18  -63.60 -114.48   41.64
    2         34E  34E N   CA    262  263  146.90  136.80                  -40.30
    3   7767  34E  35K C   N     269  271  158.43 -118.00   88.54    2.97  -62.90 -155.10   34.59
    3         35K  35K N   CA    271  272  168.36  139.10                  -40.80
    4   7780  47E  48A C   N     375  377  179.98 -134.00   54.88    1.32  -62.50 -175.52   36.34
    4         48A  48A N   CA    377  378  176.90  147.00                  -40.90
    5   7781  48A  49T C   N     380  382 -131.83 -124.80   40.03    1.51  -63.20  151.44   23.87
    5         49T  49T N   CA    382  383 -177.10  143.50                  -42.10
    6   7782  49T  50S C   N     387  389  -71.09  -72.40   27.71    1.68  -64.10  145.08   10.94
    6         50S  50S N   CA    389  390 -179.92  152.40                  -35.00
    7   7783  50S  51P C   N     393  395  -60.74  -58.70   18.40    1.36  -64.50  159.46   11.70
    7         51P  51P N   CA    395  396  -12.22  -30.50                  147.20
    8   7785  52K  53A C   N     409  411  -74.64  -62.50   48.14    7.39  -62.50   48.14    7.39
    8         53A  53A N   CA    411  412    5.68  -40.90                  -40.90
    9   7897 164E 165K C   N    1296 1298 -179.96 -118.00   70.80    2.35  -62.90 -172.99   31.12
    9        165K 165K N   CA   1298 1299  173.36  139.10                  -40.80
   10   7898 165K 166E C   N    1305 1307  169.40 -117.80   77.80    2.32  -63.60 -159.26   33.49
   10        166E 166E N   CA   1307 1308  164.24  136.80                  -40.30
   11   7900 167Y 168H C   N    1326 1328 -107.84 -125.60   58.04    1.84  -63.20  133.53   14.51
   11        168H 168H N   CA   1328 1329   83.54  138.80                  -42.30
   12   7901 168H 169A C   N    1336 1338 -149.01 -134.00   15.02    0.48  -62.50 -167.77   36.13
   12        169A 169A N   CA   1338 1339  147.44  147.00                  -40.90
   13   7902 169A 170E C   N    1341 1343 -115.30 -117.80   11.44    0.61  -63.60  179.35   26.84
   13        170E 170E N   CA   1343 1344  147.96  136.80                  -40.30
   14   7903 170E 171G C   N    1350 1352  138.82 -167.20   55.03    0.84   82.20 -174.35   11.71
   14        171G 171G N   CA   1352 1353 -174.69  174.60                    8.50
   15   7905 172G 173K C   N    1358 1360 -112.88  -62.90   89.37   14.56  -70.20  113.08    7.21
   15        173K 173K N   CA   1360 1361 -114.89  -40.80                  140.40


report______> Distribution of short non-bonded contacts:

  serious non-bonded atom clash:   376  379   2.071
  serious non-bonded atom clash:   831  833   1.845

DISTANCE1:  0.00 2.10 2.20 2.30 2.40 2.50 2.60 2.70 2.80 2.90 3.00 3.10 3.20 3.30 3.40
DISTANCE2:  2.10 2.20 2.30 2.40 2.50 2.60 2.70 2.80 2.90 3.00 3.10 3.20 3.30 3.40 3.50
FREQUENCY:     2    0    0    1    1    5   27   50   99  147  147  216  261  283  373


<< end of ENERGY.
openf___224_> Open           1XKK_A_full.B99990001.pdb
wrpdb___568_> Residues, atoms, selected atoms:      277     2224     2224

>> Summary of successfully produced models:
Filename                          molpdf
----------------------------------------
1XKK_A_full.B99990001.pdb      304.29715


Dynamically allocated memory at          finish [B,KiB,MiB]:      5056469    4937.958     4.822
Starting time                                            : 2018/02/20 10:55:52
Closing time                                             : 2018/02/20 10:55:55
Total CPU time [seconds]                                 :       3.40
