
                         MODELLER 9.19, 2017/07/19, r11078

     PROTEIN STRUCTURE MODELLING BY SATISFACTION OF SPATIAL RESTRAINTS


                     Copyright(c) 1989-2017 Andrej Sali
                            All Rights Reserved

                             Written by A. Sali
                               with help from
              B. Webb, M.S. Madhusudhan, M-Y. Shen, G.Q. Dong,
          M.A. Marti-Renom, N. Eswar, F. Alber, M. Topf, B. Oliva,
             A. Fiser, R. Sanchez, B. Yerkovich, A. Badretdinov,
                     F. Melo, J.P. Overington, E. Feyfant
                 University of California, San Francisco, USA
                    Rockefeller University, New York, USA
                      Harvard University, Cambridge, USA
                   Imperial Cancer Research Fund, London, UK
              Birkbeck College, University of London, London, UK


Kind, OS, HostName, Kernel, Processor: 4, Linux german-xps 4.14.6-041406-generic x86_64
Date and time of compilation         : 2017/07/19 15:03:51
MODELLER executable type             : x86_64-intel8
Job starting time (YY/MM/DD HH:MM:SS): 2018/02/20 13:02:02

openf___224_> Open           $(LIB)/restyp.lib
openf___224_> Open           ${MODINSTALL9v19}/modlib/resgrp.lib
rdresgr_266_> Number of residue groups:        2
openf___224_> Open           ${MODINSTALL9v19}/modlib/sstruc.lib

Dynamically allocated memory at   amaxlibraries [B,KiB,MiB]:       191566     187.076     0.183

Dynamically allocated memory at   amaxlibraries [B,KiB,MiB]:       192094     187.592     0.183
openf___224_> Open           ${MODINSTALL9v19}/modlib/resdih.lib

Dynamically allocated memory at   amaxlibraries [B,KiB,MiB]:       240694     235.053     0.230
rdrdih__263_> Number of dihedral angle types         :        9
              Maximal number of dihedral angle optima:        3
              Dihedral angle names                   :  Alph Phi Psi Omeg chi1 chi2 chi3 chi4 chi5
openf___224_> Open           ${MODINSTALL9v19}/modlib/radii.lib

Dynamically allocated memory at   amaxlibraries [B,KiB,MiB]:       253994     248.041     0.242
openf___224_> Open           ${MODINSTALL9v19}/modlib/radii14.lib
openf___224_> Open           ${MODINSTALL9v19}/modlib/af_mnchdef.lib
rdwilmo_274_> Mainchain residue conformation classes:  APBLE
openf___224_> Open           ${MODINSTALL9v19}/modlib/mnch.lib
rdclass_257_> Number of classes:        5
openf___224_> Open           ${MODINSTALL9v19}/modlib/mnch1.lib
openf___224_> Open           ${MODINSTALL9v19}/modlib/mnch2.lib
openf___224_> Open           ${MODINSTALL9v19}/modlib/mnch3.lib
openf___224_> Open           ${MODINSTALL9v19}/modlib/xs4.mat
rdrrwgh_268_> Number of residue types:       21
openf___224_> Open           /home/german/labo/18/egfr/model/3W33_A/to_model_3W33_A

Dynamically allocated memory at   amaxalignment [B,KiB,MiB]:       265487     259.265     0.253

Dynamically allocated memory at   amaxalignment [B,KiB,MiB]:       266937     260.681     0.255

Dynamically allocated memory at   amaxalignment [B,KiB,MiB]:       269837     263.513     0.257

Dynamically allocated memory at   amaxalignment [B,KiB,MiB]:       275637     269.177     0.263

Dynamically allocated memory at   amaxalignment [B,KiB,MiB]:       392693     383.489     0.375

Dynamically allocated memory at    amaxsequence [B,KiB,MiB]:       393877     384.646     0.376

Dynamically allocated memory at    amaxsequence [B,KiB,MiB]:       394981     385.724     0.377

Read the alignment from file       : /home/german/labo/18/egfr/model/3W33_A/to_model_3W33_A
Total number of alignment positions:   314

  #  Code        #_Res #_Segm PDB_code    Name
-------------------------------------------------------------------------------
  1     3W33_A     297      1      3W33_A
  2  3W33_A_fu     277      1
check_a_343_> >> BEGINNING OF COMMAND
openf___224_> Open           ./3W33_A.pdb

Dynamically allocated memory at amaxcoordinates [B,KiB,MiB]:       485806     474.420     0.463

Dynamically allocated memory at    amaxsequence [B,KiB,MiB]:       485806     474.420     0.463

Dynamically allocated memory at amaxcoordinates [B,KiB,MiB]:       485977     474.587     0.463

Dynamically allocated memory at amaxcoordinates [B,KiB,MiB]:       486827     475.417     0.464

Dynamically allocated memory at amaxcoordinates [B,KiB,MiB]:       488085     476.646     0.465

Dynamically allocated memory at amaxcoordinates [B,KiB,MiB]:       489989     478.505     0.467

Dynamically allocated memory at    amaxsequence [B,KiB,MiB]:       489989     478.505     0.467

Dynamically allocated memory at amaxcoordinates [B,KiB,MiB]:       490079     478.593     0.467

Dynamically allocated memory at amaxcoordinates [B,KiB,MiB]:       492935     481.382     0.470

Dynamically allocated memory at    amaxsequence [B,KiB,MiB]:       492935     481.382     0.470

Dynamically allocated memory at amaxcoordinates [B,KiB,MiB]:       493070     481.514     0.470

Dynamically allocated memory at amaxcoordinates [B,KiB,MiB]:       497354     485.697     0.474

Dynamically allocated memory at    amaxsequence [B,KiB,MiB]:       497354     485.697     0.474

Dynamically allocated memory at amaxcoordinates [B,KiB,MiB]:       497552     485.891     0.475

Dynamically allocated memory at amaxcoordinates [B,KiB,MiB]:       503978     492.166     0.481

Dynamically allocated memory at    amaxsequence [B,KiB,MiB]:       503978     492.166     0.481

Dynamically allocated memory at amaxcoordinates [B,KiB,MiB]:       504275     492.456     0.481

Dynamically allocated memory at amaxcoordinates [B,KiB,MiB]:       513897     501.853     0.490

Dynamically allocated memory at    amaxsequence [B,KiB,MiB]:       513897     501.853     0.490

Dynamically allocated memory at amaxcoordinates [B,KiB,MiB]:       514347     502.292     0.491

Dynamically allocated memory at amaxcoordinates [B,KiB,MiB]:       528797     516.403     0.504

Dynamically allocated memory at    amaxsequence [B,KiB,MiB]:       528797     516.403     0.504

Dynamically allocated memory at amaxcoordinates [B,KiB,MiB]:       529472     517.062     0.505

Dynamically allocated memory at amaxcoordinates [B,KiB,MiB]:       551130     538.213     0.526

Dynamically allocated memory at    amaxsequence [B,KiB,MiB]:       551130     538.213     0.526

Dynamically allocated memory at amaxcoordinates [B,KiB,MiB]:       552138     539.197     0.527

Dynamically allocated memory at amaxcoordinates [B,KiB,MiB]:       584642     570.939     0.558

Dynamically allocated memory at   amaxstructure [B,KiB,MiB]:       584282     570.588     0.557

check_ali___> Checking the sequence-structure alignment. 

Implied intrachain target CA(i)-CA(i+1) distances longer than  8.0 angstroms:

ALN_POS  TMPL  RID1  RID2  NAM1  NAM2     DIST
----------------------------------------------
END OF TABLE
check_a_344_> << END OF COMMAND
openf___224_> Open           ${LIB}/top_heav.lib
read_to_681_> topology.submodel read from topology file:        3
openf___224_> Open           ${LIB}/par.lib

Dynamically allocated memory at  amaxparameters [B,KiB,MiB]:       723534     706.576     0.690

Dynamically allocated memory at  amaxparameters [B,KiB,MiB]:       725134     708.139     0.692

Dynamically allocated memory at  amaxparameters [B,KiB,MiB]:       729114     712.025     0.695

Dynamically allocated memory at  amaxparameters [B,KiB,MiB]:       731114     713.979     0.697

Dynamically allocated memory at  amaxparameters [B,KiB,MiB]:       734114     716.908     0.700

Dynamically allocated memory at  amaxparameters [B,KiB,MiB]:       738614     721.303     0.704

Dynamically allocated memory at  amaxparameters [B,KiB,MiB]:       744186     726.744     0.710

Dynamically allocated memory at  amaxparameters [B,KiB,MiB]:       746986     729.479     0.712

Dynamically allocated memory at  amaxparameters [B,KiB,MiB]:       751186     733.580     0.716

Dynamically allocated memory at  amaxparameters [B,KiB,MiB]:       757486     739.732     0.722

Dynamically allocated memory at  amaxparameters [B,KiB,MiB]:       760258     742.439     0.725

Dynamically allocated memory at  amaxparameters [B,KiB,MiB]:       761658     743.807     0.726
read_pa_232_> parameters    BONDS   ANGLS  DIHEDS IMPROPS    MODE
                              227     561     661     112       0

Dynamically allocated memory at       amaxmodel [B,KiB,MiB]:       804990     786.123     0.768

Dynamically allocated memory at       amaxmodel [B,KiB,MiB]:      1024706    1000.689     0.977

Dynamically allocated memory at       amaxmodel [B,KiB,MiB]:      1057690    1032.900     1.009

mkilst______> segment topology constructed from sequence and RTF:
              segments residues atoms bonds angles dihedrals impropers:
                     1      277  2223  2273      0         0       925

Dynamically allocated memory at       amaxmodel [B,KiB,MiB]:      1153014    1125.990     1.100

patch_______> segment topology patched using RTF:     1  ;  LEU  ;  NTER
              segments residues atoms bonds angles dihedrals impropers:
                     1      277  2223  2273   3074      3654       925


Dynamically allocated memory at       amaxmodel [B,KiB,MiB]:      1245110    1215.928     1.187
patch_______> segment topology patched using RTF:   277  ;  LEU  ;  CTER
              segments residues atoms bonds angles dihedrals impropers:
                     1      277  2224  2274   3076      3656       926

genseg______> segment topology constructed from sequence and RTF:
              segments residues atoms bonds angles dihedrals impropers:
                     1      277  2224  2274   3076      3656       926
transfe_506_> MODEL is an average of all templates.
transfe_511_> Number of templates for coordinate transfer:        1
              After transferring coordinates of the equivalent template atoms,
              there are defined, undefined atoms in MODEL:     2100      124
openf___224_> Open           3W33_A_full.ini
wrpdb___568_> Residues, atoms, selected atoms:      277     2224     2224
make_re_417_> Restraint type to be calculated:  stereo

Dynamically allocated memory at  amaxrestraints [B,KiB,MiB]:      1352159    1320.468     1.290

Dynamically allocated memory at  amaxrestraints [B,KiB,MiB]:      1360351    1328.468     1.297

Dynamically allocated memory at  amaxrestraints [B,KiB,MiB]:      1376735    1344.468     1.313

Dynamically allocated memory at  amaxrestraints [B,KiB,MiB]:      1409503    1376.468     1.344

Dynamically allocated memory at  amaxrestraints [B,KiB,MiB]:      1442271    1408.468     1.375

Dynamically allocated memory at  amaxrestraints [B,KiB,MiB]:      1507807    1472.468     1.438

Dynamically allocated memory at  amaxrestraints [B,KiB,MiB]:      1540575    1504.468     1.469

Dynamically allocated memory at  amaxrestraints [B,KiB,MiB]:      1573343    1536.468     1.500

Dynamically allocated memory at  amaxrestraints [B,KiB,MiB]:      1638879    1600.468     1.563

Dynamically allocated memory at  amaxrestraints [B,KiB,MiB]:      1769951    1728.468     1.688

Dynamically allocated memory at  amaxrestraints [B,KiB,MiB]:      1835487    1792.468     1.750

Dynamically allocated memory at  amaxrestraints [B,KiB,MiB]:      1901023    1856.468     1.813

Dynamically allocated memory at  amaxrestraints [B,KiB,MiB]:      2032095    1984.468     1.938

Dynamically allocated memory at  amaxrestraints [B,KiB,MiB]:      2294239    2240.468     2.188
r_stere_606_> Stereochemical restraints were constructed from RTF & PRMF.
              Added bond,angle,dihedral,improper restraints  :     2274    3076    3497     912
              Total number of restraints before, now         :        0     9759
make_re_422_> Number of previous, current restraints         :        0     9759
make_re_423_> Number of previous, current selected restraints:        0     9759
make_re_417_> Restraint type to be calculated:  phi-psi_binormal

Dynamically allocated memory at   amaxstructure [B,KiB,MiB]:      2454883    2397.347     2.341
openf___224_> Open           ${MODINSTALL9v19}/modlib/mnch1.bin
openf___224_> Open           ${MODINSTALL9v19}/modlib/mnch1.mdt
getdata_643_> Protein accepted:  3W33_A
getdata_289_> Proteins (all/accepted):        1        1

Dynamically allocated memory at  amaxrestraints [B,KiB,MiB]:      2585971    2525.362     2.466
make_re_422_> Number of previous, current restraints         :     9759    10034
make_re_423_> Number of previous, current selected restraints:     9759    10034
make_re_417_> Restraint type to be calculated:  omega_dihedral

Dynamically allocated memory at   amaxstructure [B,KiB,MiB]:      2585971    2525.362     2.466
openf___224_> Open           ${MODINSTALL9v19}/modlib/omega.bin
openf___224_> Open           ${MODINSTALL9v19}/modlib/omega.mdt
getdata_643_> Protein accepted:  3W33_A
getdata_289_> Proteins (all/accepted):        1        1
omgdel__425_> Unselected all O C +N +CA dihedrals:      290
              (This is to avoid clashes between STEREO
              and OMEGA_DIHEDRAL restraints)
make_re_422_> Number of previous, current restraints         :    10034    10310
make_re_423_> Number of previous, current selected restraints:    10034    10020
make_re_417_> Restraint type to be calculated:  chi1_dihedral

Dynamically allocated memory at   amaxstructure [B,KiB,MiB]:      2585971    2525.362     2.466
openf___224_> Open           ${MODINSTALL9v19}/modlib/chi1234.bin
openf___224_> Open           ${MODINSTALL9v19}/modlib/chi1.mdt
getdata_643_> Protein accepted:  3W33_A
getdata_289_> Proteins (all/accepted):        1        1

Dynamically allocated memory at  amaxrestraints [B,KiB,MiB]:      2717043    2653.362     2.591
make_re_422_> Number of previous, current restraints         :    10310    10554
make_re_423_> Number of previous, current selected restraints:    10020    10264
make_re_417_> Restraint type to be calculated:  chi2_dihedral

Dynamically allocated memory at   amaxstructure [B,KiB,MiB]:      2717043    2653.362     2.591
openf___224_> Open           ${MODINSTALL9v19}/modlib/chi1234.bin
openf___224_> Open           ${MODINSTALL9v19}/modlib/chi2.mdt
getdata_643_> Protein accepted:  3W33_A
getdata_289_> Proteins (all/accepted):        1        1
make_re_422_> Number of previous, current restraints         :    10554    10746
make_re_423_> Number of previous, current selected restraints:    10264    10456
make_re_417_> Restraint type to be calculated:  chi3_dihedral

Dynamically allocated memory at   amaxstructure [B,KiB,MiB]:      2717043    2653.362     2.591
openf___224_> Open           ${MODINSTALL9v19}/modlib/chi1234.bin
openf___224_> Open           ${MODINSTALL9v19}/modlib/chi3.mdt
getdata_643_> Protein accepted:  3W33_A
getdata_289_> Proteins (all/accepted):        1        1
make_re_422_> Number of previous, current restraints         :    10746    10835
make_re_423_> Number of previous, current selected restraints:    10456    10545
make_re_417_> Restraint type to be calculated:  chi4_dihedral

Dynamically allocated memory at   amaxstructure [B,KiB,MiB]:      2717043    2653.362     2.591
openf___224_> Open           ${MODINSTALL9v19}/modlib/chi1234.bin
openf___224_> Open           ${MODINSTALL9v19}/modlib/chi4.mdt
mdtrsr__446W> A potential that relies on one protein is used, yet you have at
              least one known structure available. MDT, not library, potential is used.
getdata_643_> Protein accepted:  3W33_A
getdata_289_> Proteins (all/accepted):        1        1
make_re_422_> Number of previous, current restraints         :    10835    10872
make_re_423_> Number of previous, current selected restraints:    10545    10582
make_re_417_> Restraint type to be calculated:  DISTANCE

Dynamically allocated memory at amaxhash_contac [B,KiB,MiB]:      3357519    3278.827     3.202
make_re_422_> Number of previous, current restraints         :    10872    16147
make_re_423_> Number of previous, current selected restraints:    10582    15857
make_re_417_> Restraint type to be calculated:  DISTANCE

Dynamically allocated memory at  amaxrestraints [B,KiB,MiB]:      3619663    3534.827     3.452

Dynamically allocated memory at  amaxrestraints [B,KiB,MiB]:      3881807    3790.827     3.702

Dynamically allocated memory at  amaxrestraints [B,KiB,MiB]:      4406095    4302.827     4.202
make_re_422_> Number of previous, current restraints         :    16147    21411
make_re_423_> Number of previous, current selected restraints:    15857    21121
make_re_417_> Restraint type to be calculated:  DISTANCE

Dynamically allocated memory at  amaxrestraints [B,KiB,MiB]:      4668239    4558.827     4.452
make_re_422_> Number of previous, current restraints         :    21411    25624
make_re_423_> Number of previous, current selected restraints:    21121    25334
make_re_417_> Restraint type to be calculated:  DISTANCE
make_re_422_> Number of previous, current restraints         :    25624    28372
make_re_423_> Number of previous, current selected restraints:    25334    28082
0 atoms in HETATM/BLK residues constrained
to protein atoms within 2.30 angstroms
and protein CA atoms within 10.00 angstroms
make_re_417_> Restraint type to be calculated:  DISTANCE
make_re_422_> Number of previous, current restraints         :    28372    28372
make_re_423_> Number of previous, current selected restraints:    28082    28082
make_re_417_> Restraint type to be calculated:  DISTANCE
make_re_422_> Number of previous, current restraints         :    28372    28372
make_re_423_> Number of previous, current selected restraints:    28082    28082
make_re_417_> Restraint type to be calculated:  DISTANCE
make_re_422_> Number of previous, current restraints         :    28372    28372
make_re_423_> Number of previous, current selected restraints:    28082    28082
make_re_417_> Restraint type to be calculated:  DISTANCE
make_re_422_> Number of previous, current restraints         :    28372    28372
make_re_423_> Number of previous, current selected restraints:    28082    28082
0 atoms in residues without defined topology
constrained to be rigid bodies
make_re_417_> Restraint type to be calculated:  DISTANCE
make_re_422_> Number of previous, current restraints         :    28372    28372
make_re_423_> Number of previous, current selected restraints:    28082    28082
rmdupl__427_>     1736 redundant cosine dihedral restraints were unselected.
condens_443_> Restraints marked for deletion were removed.
              Total number of restraints before, now:    28372    26346
openf___224_> Open           3W33_A_full.rsr
openf___224_> Open           3W33_A_full.rsr

Dynamically allocated memory at  amaxrestraints [B,KiB,MiB]:      4710489    4600.087     4.492
rdcsr2__307_> Number of restraints read    :    26346
              Number of excluded pairs read:        0
              Number of pseudo atoms read  :        0
rdcsrs__304_> Restraints in memory, selected restraints:    26346    26346
              Explicitly excluded atom pairs in memory :        0
              Pseudo atoms in memory                   :        0
146 (of 2224 total) atoms selected for optimization
openf___224_> Open           3W33_A_full.ini

Dynamically allocated memory at       amaxmodel [B,KiB,MiB]:      4710513    4600.110     4.492
read_mo_297_> Segments, residues, atoms:        1      277     2224
read_mo_298_> Segment:        1     1   277     2224
randomi_498_> Atoms,selected atoms,random_seed,amplitude:     2224      146        1        4.0000
randomi_496_> Amplitude is > 0; randomization is done.
pick_re_612_> Number of MODEL atoms, selected restraints;      146      728
pick_re_612_> Number of MODEL atoms, selected restraints;      146      769
pick_re_612_> Number of MODEL atoms, selected restraints;      146      798
pick_re_612_> Number of MODEL atoms, selected restraints;      146      817
pick_re_612_> Number of MODEL atoms, selected restraints;      146      839
pick_re_612_> Number of MODEL atoms, selected restraints;      146      856
pick_re_612_> Number of MODEL atoms, selected restraints;      146      887
pick_re_612_> Number of MODEL atoms, selected restraints;      146     1017

Dynamically allocated memory at  amaxrestraints [B,KiB,MiB]:      5056469    4937.958     4.822
pick_re_612_> Number of MODEL atoms, selected restraints;      146     1049
pick_re_612_> Number of MODEL atoms, selected restraints;      146     1071
pick_re_612_> Number of MODEL atoms, selected restraints;      146     1071
iupac_m_486_> OE1/2 will be swapped:      110.8509        7     7
iupac_m_483_> CD1/2 CE1/2 swapped:      100.2020       10    10
iupac_m_397W> Atoms were not swapped because of the uncertainty of how to handle the H atom.
iupac_m_483_> CD1/2 CE1/2 swapped:      125.6812       21    21
iupac_m_397W> Atoms were not swapped because of the uncertainty of how to handle the H atom.
iupac_m_483_> CD1/2 CE1/2 swapped:      -99.2570       25    25
iupac_m_397W> Atoms were not swapped because of the uncertainty of how to handle the H atom.
iupac_m_486_> OE1/2 will be swapped:     -142.8667       34    34
iupac_m_486_> OE1/2 will be swapped:     -179.9720       47    47
iupac_m_485_> OD1/2 will be swapped:     -136.8884       59    59
iupac_m_486_> OE1/2 will be swapped:      154.8335       60    60
iupac_m_483_> CD1/2 CE1/2 swapped:      -94.1122       62    62
iupac_m_397W> Atoms were not swapped because of the uncertainty of how to handle the H atom.
iupac_m_483_> CD1/2 CE1/2 swapped:       91.4834       93    93
iupac_m_397W> Atoms were not swapped because of the uncertainty of how to handle the H atom.
iupac_m_484W> Dihedral still outside +-90:      -90.1747
iupac_m_485_> OD1/2 will be swapped:      154.6688       98    98
iupac_m_483_> CD1/2 CE1/2 swapped:     -101.3732      111   111
iupac_m_397W> Atoms were not swapped because of the uncertainty of how to handle the H atom.
iupac_m_485_> OD1/2 will be swapped:      164.7016      128   128
iupac_m_487_> NH1/2 swapped:     -178.9363      129   129
iupac_m_487_> NH1/2 swapped:      179.4781      130   130
iupac_m_487_> NH1/2 swapped:     -179.5846      134   134
iupac_m_485_> OD1/2 will be swapped:     -164.0698      135   135
iupac_m_483_> CD1/2 CE1/2 swapped:      -90.4645      154   154
iupac_m_397W> Atoms were not swapped because of the uncertainty of how to handle the H atom.
iupac_m_484W> Dihedral still outside +-90:       91.2249
iupac_m_486_> OE1/2 will be swapped:     -144.7892      163   163
iupac_m_486_> OE1/2 will be swapped:     -178.0083      170   170
iupac_m_485_> OD1/2 will be swapped:      168.0525      194   194
iupac_m_483_> CD1/2 CE1/2 swapped:      -95.2516      198   198
iupac_m_397W> Atoms were not swapped because of the uncertainty of how to handle the H atom.
iupac_m_485_> OD1/2 will be swapped:     -166.4234      214   214
iupac_m_486_> OE1/2 will be swapped:      159.9475      220   220
iupac_m_486_> OE1/2 will be swapped:      174.4750      226   226
iupac_m_486_> OE1/2 will be swapped:      158.1714      229   229
iupac_m_487_> NH1/2 swapped:     -178.4933      230   230
iupac_m_485_> OD1/2 will be swapped:      157.5508      240   240
iupac_m_483_> CD1/2 CE1/2 swapped:     -130.5982      242   242
iupac_m_397W> Atoms were not swapped because of the uncertainty of how to handle the H atom.
iupac_m_485_> OD1/2 will be swapped:     -172.4427      252   252
iupac_m_487_> NH1/2 swapped:     -175.9289      256   256
iupac_m_487_> NH1/2 swapped:      179.9441      260   260
iupac_m_486_> OE1/2 will be swapped:      157.5524      261   261
iupac_m_487_> NH1/2 swapped:      179.7935      275   275
iupac_m_483_> CD1/2 CE1/2 swapped:      100.7759      276   276
iupac_m_397W> Atoms were not swapped because of the uncertainty of how to handle the H atom.


>> ENERGY; Differences between the model's features and restraints:
Number of all residues in MODEL                   :      277
Number of all, selected real atoms                :     2224     146
Number of all, selected pseudo atoms              :        0       0
Number of all static, selected restraints         :    26346    1071
COVALENT_CYS                                      :        F
NONBONDED_SEL_ATOMS                               :        1
Number of non-bonded pairs (excluding 1-2,1-3,1-4):      196
Dynamic pairs routine                             : 5, NATM_SEL x NATM double loop
Atomic shift for contacts update (UPDATE_DYNAMIC) :    0.390
LENNARD_JONES_SWITCH                              :    6.500   7.500
COULOMB_JONES_SWITCH                              :    6.500   7.500
RESIDUE_SPAN_RANGE                                :        0   99999
NLOGN_USE                                         :       15
CONTACT_SHELL                                     :    4.000
DYNAMIC_PAIRS,_SPHERE,_COULOMB,_LENNARD,_MODELLER :        T       T       F       F       F
SPHERE_STDV                                       :    0.050
RADII_FACTOR                                      :    0.820
Current energy                                    :         183.6693





Summary of the restraint violations: 

   NUM     ... number of restraints.
   NUMVI   ... number of restraints with RVIOL > VIOL_REPORT_CUT[i].
   RVIOL   ... relative difference from the best value.
   NUMVP   ... number of restraints with -Ln(pdf) > VIOL_REPORT_CUT2[i].
   RMS_1   ... RMS(feature, minimally_violated_basis_restraint, NUMB).
   RMS_2   ... RMS(feature, best_value, NUMB).
   MOL.PDF ... scaled contribution to -Ln(Molecular pdf).

 #                     RESTRAINT_GROUP      NUM   NUMVI  NUMVP   RMS_1   RMS_2         MOL.PDF     S_i
------------------------------------------------------------------------------------------------------
 1 Bond length potential              :     151       0      1   0.016   0.016      11.410       1.000
 2 Bond angle potential               :     207       0      4   2.857   2.857      31.810       1.000
 3 Stereochemical cosine torsion poten:      90       0      7  58.348  58.348      49.529       1.000
 4 Stereochemical improper torsion pot:      60       0      1   1.818   1.818      6.1724       1.000
 5 Soft-sphere overlap restraints     :     196       0      0   0.008   0.008      1.4156       1.000
 6 Lennard-Jones 6-12 potential       :       0       0      0   0.000   0.000      0.0000       1.000
 7 Coulomb point-point electrostatic p:       0       0      0   0.000   0.000      0.0000       1.000
 8 H-bonding potential                :       0       0      0   0.000   0.000      0.0000       1.000
 9 Distance restraints 1 (CA-CA)      :     148       0      0   0.394   0.394      10.383       1.000
10 Distance restraints 2 (N-O)        :     146       0      2   0.459   0.459      11.674       1.000
11 Mainchain Phi dihedral restraints  :       0       0      0   0.000   0.000      0.0000       1.000
12 Mainchain Psi dihedral restraints  :       0       0      0   0.000   0.000      0.0000       1.000
13 Mainchain Omega dihedral restraints:      21       0      1   4.896   4.896      5.9373       1.000
14 Sidechain Chi_1 dihedral restraints:      15       0      0  59.892  59.892      2.1365       1.000
15 Sidechain Chi_2 dihedral restraints:      12       0      0  63.673  63.673      2.0728       1.000
16 Sidechain Chi_3 dihedral restraints:       8       0      0 119.444 119.444      6.2959       1.000
17 Sidechain Chi_4 dihedral restraints:       3       0      0  95.838  95.838      2.3885       1.000
18 Disulfide distance restraints      :       0       0      0   0.000   0.000      0.0000       1.000
19 Disulfide angle restraints         :       0       0      0   0.000   0.000      0.0000       1.000
20 Disulfide dihedral angle restraints:       0       0      0   0.000   0.000      0.0000       1.000
21 Lower bound distance restraints    :       0       0      0   0.000   0.000      0.0000       1.000
22 Upper bound distance restraints    :       0       0      0   0.000   0.000      0.0000       1.000
23 Distance restraints 3 (SDCH-MNCH)  :     113       0      0   0.324   0.324     0.26582       1.000
24 Sidechain Chi_5 dihedral restraints:       0       0      0   0.000   0.000      0.0000       1.000
25 Phi/Psi pair of dihedral restraints:      23      13      6  39.848 139.446      38.540       1.000
26 Distance restraints 4 (SDCH-SDCH)  :      74       0      0   0.733   0.733      3.6387       1.000
27 Distance restraints 5 (X-Y)        :       0       0      0   0.000   0.000      0.0000       1.000
28 NMR distance restraints 6 (X-Y)    :       0       0      0   0.000   0.000      0.0000       1.000
29 NMR distance restraints 7 (X-Y)    :       0       0      0   0.000   0.000      0.0000       1.000
30 Minimal distance restraints        :       0       0      0   0.000   0.000      0.0000       1.000
31 Non-bonded restraints              :       0       0      0   0.000   0.000      0.0000       1.000
32 Atomic accessibility restraints    :       0       0      0   0.000   0.000      0.0000       1.000
33 Atomic density restraints          :       0       0      0   0.000   0.000      0.0000       1.000
34 Absolute position restraints       :       0       0      0   0.000   0.000      0.0000       1.000
35 Dihedral angle difference restraint:       0       0      0   0.000   0.000      0.0000       1.000
36 GBSA implicit solvent potential    :       0       0      0   0.000   0.000      0.0000       1.000
37 EM density fitting potential       :       0       0      0   0.000   0.000      0.0000       1.000
38 SAXS restraints                    :       0       0      0   0.000   0.000      0.0000       1.000
39 Symmetry restraints                :       0       0      0   0.000   0.000      0.0000       1.000



openf___224_> Open           3W33_A_full.V99990001
# Heavy relative violation of each residue is written to: 3W33_A_full.V99990001
# The profile is NOT normalized by the number of restraints.
# The profiles are smoothed over a window of residues:    1
# The sum of all numbers in the file:    3725.1038



List of the violated restraints:
   A restraint is violated when the relative difference
   from the best value (RVIOL) is larger than CUTOFF.

   ICSR   ... index of a restraint in the current set.
   RESNO  ... residue numbers of the first two atoms.
   ATM    ... IUPAC atom names of the first two atoms.
   FEAT   ... the value of the feature in the model.
   restr  ... the mean of the basis restraint with the smallest
              difference from the model (local minimum).
   viol   ... difference from the local minimum.
   rviol  ... relative difference from the local minimum.
   RESTR  ... the best value (global minimum).
   VIOL   ... difference from the best value.
   RVIOL  ... relative difference from the best value.


-------------------------------------------------------------------------------------------------

Feature 25                           : Phi/Psi pair of dihedral restraints     
List of the RVIOL violations larger than   :       6.5000

    #   ICSR  RESNO1/2 ATM1/2   INDATM1/2    FEAT   restr    viol   rviol   RESTR    VIOL   RVIOL
    1   7780  47E  48A C   N     375  377  179.98 -134.00   70.70    2.33  -62.50  166.85   33.31
    1         48A  48A N   CA    377  378 -159.34  147.00                  -40.90
    2   7781  48A  49T C   N     380  382  -75.74  -78.10   49.79    2.05  -63.20  142.72   17.50
    2         49T  49T N   CA    382  383  100.07  149.80                  -42.10
    3   7782  49T  50S C   N     387  389  171.84 -136.60   52.39    2.32  -64.10 -143.93   15.13
    3         50S  50S N   CA    389  390  141.90  151.20                  -35.00
    4   7784  51P  52K C   N     400  402 -169.58 -118.00   52.48    1.84   56.60  173.33   21.65
    4         52K  52K N   CA    402  403  148.77  139.10                   38.60
    5   7894 161G 162A C   N    1273 1275 -180.00 -134.00   55.85    1.38  -62.50 -176.89   36.11
    5        162A 162A N   CA   1275 1276  178.66  147.00                  -40.90
    6   7895 162A 163E C   N    1278 1280 -151.20 -117.80   35.25    1.58  -63.60 -172.45   21.71
    6        163E 163E N   CA   1280 1281  125.53  136.80                  -40.30
    7   7896 163E 164E C   N    1287 1289  169.85 -117.80   72.38    2.70  -63.60 -144.04   25.03
    7        164E 164E N   CA   1289 1290  134.69  136.80                  -40.30
    8   7897 164E 165K C   N    1296 1298 -114.12 -118.00   36.80    1.73  -62.90  152.19   17.69
    8        165K 165K N   CA   1298 1299  102.51  139.10                  -40.80
    9   7898 165K 166E C   N    1305 1307 -123.64 -117.80   14.33    0.58  -63.60 -179.89   27.41
    9        166E 166E N   CA   1307 1308  149.89  136.80                  -40.30
   10   7900 167Y 168H C   N    1326 1328 -125.40 -125.60   44.16    1.68  -63.20  150.41   16.08
   10        168H 168H N   CA   1328 1329   94.64  138.80                  -42.30
   11   7901 168H 169A C   N    1336 1338 -144.02 -134.00   13.85    0.80  -62.50 -163.90   29.45
   11        169A 169A N   CA   1338 1339  137.45  147.00                  -40.90
   12   7903 170E 171G C   N    1350 1352  -84.17  -80.20   11.99    0.67   82.20 -133.10    7.41
   12        171G 171G N   CA   1352 1353  162.79  174.10                    8.50
   13   7905 172G 173K C   N    1358 1360  -90.49  -70.20   24.76    2.06   56.60  171.21   14.11
   13        173K 173K N   CA   1360 1361  126.22  140.40                   38.60


report______> Distribution of short non-bonded contacts:

  serious non-bonded atom clash:   373  636   1.941

DISTANCE1:  0.00 2.10 2.20 2.30 2.40 2.50 2.60 2.70 2.80 2.90 3.00 3.10 3.20 3.30 3.40
DISTANCE2:  2.10 2.20 2.30 2.40 2.50 2.60 2.70 2.80 2.90 3.00 3.10 3.20 3.30 3.40 3.50
FREQUENCY:     1    0    0    0    0    2    9   33   83  126  129  156  261  299  343


<< end of ENERGY.
openf___224_> Open           3W33_A_full.B99990001.pdb
wrpdb___568_> Residues, atoms, selected atoms:      277     2224     2224

>> Summary of successfully produced models:
Filename                          molpdf
----------------------------------------
3W33_A_full.B99990001.pdb      183.66930


Dynamically allocated memory at          finish [B,KiB,MiB]:      5056469    4937.958     4.822
Starting time                                            : 2018/02/20 13:02:02
Closing time                                             : 2018/02/20 13:02:06
Total CPU time [seconds]                                 :       3.97
