
                         MODELLER 9.19, 2017/07/19, r11078

     PROTEIN STRUCTURE MODELLING BY SATISFACTION OF SPATIAL RESTRAINTS


                     Copyright(c) 1989-2017 Andrej Sali
                            All Rights Reserved

                             Written by A. Sali
                               with help from
              B. Webb, M.S. Madhusudhan, M-Y. Shen, G.Q. Dong,
          M.A. Marti-Renom, N. Eswar, F. Alber, M. Topf, B. Oliva,
             A. Fiser, R. Sanchez, B. Yerkovich, A. Badretdinov,
                     F. Melo, J.P. Overington, E. Feyfant
                 University of California, San Francisco, USA
                    Rockefeller University, New York, USA
                      Harvard University, Cambridge, USA
                   Imperial Cancer Research Fund, London, UK
              Birkbeck College, University of London, London, UK


Kind, OS, HostName, Kernel, Processor: 4, Linux german-xps 4.14.6-041406-generic x86_64
Date and time of compilation         : 2017/07/19 15:03:51
MODELLER executable type             : x86_64-intel8
Job starting time (YY/MM/DD HH:MM:SS): 2018/02/20 13:00:30

openf___224_> Open           $(LIB)/restyp.lib
openf___224_> Open           ${MODINSTALL9v19}/modlib/resgrp.lib
rdresgr_266_> Number of residue groups:        2
openf___224_> Open           ${MODINSTALL9v19}/modlib/sstruc.lib

Dynamically allocated memory at   amaxlibraries [B,KiB,MiB]:       191566     187.076     0.183

Dynamically allocated memory at   amaxlibraries [B,KiB,MiB]:       192094     187.592     0.183
openf___224_> Open           ${MODINSTALL9v19}/modlib/resdih.lib

Dynamically allocated memory at   amaxlibraries [B,KiB,MiB]:       240694     235.053     0.230
rdrdih__263_> Number of dihedral angle types         :        9
              Maximal number of dihedral angle optima:        3
              Dihedral angle names                   :  Alph Phi Psi Omeg chi1 chi2 chi3 chi4 chi5
openf___224_> Open           ${MODINSTALL9v19}/modlib/radii.lib

Dynamically allocated memory at   amaxlibraries [B,KiB,MiB]:       253994     248.041     0.242
openf___224_> Open           ${MODINSTALL9v19}/modlib/radii14.lib
openf___224_> Open           ${MODINSTALL9v19}/modlib/af_mnchdef.lib
rdwilmo_274_> Mainchain residue conformation classes:  APBLE
openf___224_> Open           ${MODINSTALL9v19}/modlib/mnch.lib
rdclass_257_> Number of classes:        5
openf___224_> Open           ${MODINSTALL9v19}/modlib/mnch1.lib
openf___224_> Open           ${MODINSTALL9v19}/modlib/mnch2.lib
openf___224_> Open           ${MODINSTALL9v19}/modlib/mnch3.lib
openf___224_> Open           ${MODINSTALL9v19}/modlib/xs4.mat
rdrrwgh_268_> Number of residue types:       21
openf___224_> Open           /home/german/labo/18/egfr/model/2GS7_A/to_model_2GS7_A

Dynamically allocated memory at   amaxalignment [B,KiB,MiB]:       265487     259.265     0.253

Dynamically allocated memory at   amaxalignment [B,KiB,MiB]:       266937     260.681     0.255

Dynamically allocated memory at   amaxalignment [B,KiB,MiB]:       269837     263.513     0.257

Dynamically allocated memory at   amaxalignment [B,KiB,MiB]:       275637     269.177     0.263

Dynamically allocated memory at   amaxalignment [B,KiB,MiB]:       392693     383.489     0.375

Dynamically allocated memory at    amaxsequence [B,KiB,MiB]:       393813     384.583     0.376

Dynamically allocated memory at    amaxsequence [B,KiB,MiB]:       394917     385.661     0.377

Read the alignment from file       : /home/german/labo/18/egfr/model/2GS7_A/to_model_2GS7_A
Total number of alignment positions:   285

  #  Code        #_Res #_Segm PDB_code    Name
-------------------------------------------------------------------------------
  1     2GS7_A     281      1      2GS7_A
  2  2GS7_A_fu     277      1
check_a_343_> >> BEGINNING OF COMMAND
openf___224_> Open           ./2GS7_A.pdb

Dynamically allocated memory at amaxcoordinates [B,KiB,MiB]:       480942     469.670     0.459

Dynamically allocated memory at    amaxsequence [B,KiB,MiB]:       480942     469.670     0.459

Dynamically allocated memory at amaxcoordinates [B,KiB,MiB]:       481113     469.837     0.459

Dynamically allocated memory at amaxcoordinates [B,KiB,MiB]:       481963     470.667     0.460

Dynamically allocated memory at amaxcoordinates [B,KiB,MiB]:       483221     471.896     0.461

Dynamically allocated memory at amaxcoordinates [B,KiB,MiB]:       485125     473.755     0.463

Dynamically allocated memory at    amaxsequence [B,KiB,MiB]:       485125     473.755     0.463

Dynamically allocated memory at amaxcoordinates [B,KiB,MiB]:       485215     473.843     0.463

Dynamically allocated memory at amaxcoordinates [B,KiB,MiB]:       488071     476.632     0.465

Dynamically allocated memory at    amaxsequence [B,KiB,MiB]:       488071     476.632     0.465

Dynamically allocated memory at amaxcoordinates [B,KiB,MiB]:       488206     476.764     0.466

Dynamically allocated memory at amaxcoordinates [B,KiB,MiB]:       492490     480.947     0.470

Dynamically allocated memory at    amaxsequence [B,KiB,MiB]:       492490     480.947     0.470

Dynamically allocated memory at amaxcoordinates [B,KiB,MiB]:       492688     481.141     0.470

Dynamically allocated memory at amaxcoordinates [B,KiB,MiB]:       499114     487.416     0.476

Dynamically allocated memory at    amaxsequence [B,KiB,MiB]:       499114     487.416     0.476

Dynamically allocated memory at amaxcoordinates [B,KiB,MiB]:       499411     487.706     0.476

Dynamically allocated memory at amaxcoordinates [B,KiB,MiB]:       509033     497.103     0.485

Dynamically allocated memory at    amaxsequence [B,KiB,MiB]:       509033     497.103     0.485

Dynamically allocated memory at amaxcoordinates [B,KiB,MiB]:       509483     497.542     0.486

Dynamically allocated memory at amaxcoordinates [B,KiB,MiB]:       523933     511.653     0.500

Dynamically allocated memory at    amaxsequence [B,KiB,MiB]:       523933     511.653     0.500

Dynamically allocated memory at amaxcoordinates [B,KiB,MiB]:       524608     512.312     0.500

Dynamically allocated memory at amaxcoordinates [B,KiB,MiB]:       546266     533.463     0.521

Dynamically allocated memory at    amaxsequence [B,KiB,MiB]:       546266     533.463     0.521

Dynamically allocated memory at amaxcoordinates [B,KiB,MiB]:       547274     534.447     0.522

Dynamically allocated memory at amaxcoordinates [B,KiB,MiB]:       579778     566.189     0.553

Dynamically allocated memory at   amaxstructure [B,KiB,MiB]:       579274     565.697     0.552

check_ali___> Checking the sequence-structure alignment. 

Implied intrachain target CA(i)-CA(i+1) distances longer than  8.0 angstroms:

ALN_POS  TMPL  RID1  RID2  NAM1  NAM2     DIST
----------------------------------------------
END OF TABLE
check_a_344_> << END OF COMMAND
openf___224_> Open           ${LIB}/top_heav.lib
read_to_681_> topology.submodel read from topology file:        3
openf___224_> Open           ${LIB}/par.lib

Dynamically allocated memory at  amaxparameters [B,KiB,MiB]:       718526     701.686     0.685

Dynamically allocated memory at  amaxparameters [B,KiB,MiB]:       720126     703.248     0.687

Dynamically allocated memory at  amaxparameters [B,KiB,MiB]:       724106     707.135     0.691

Dynamically allocated memory at  amaxparameters [B,KiB,MiB]:       726106     709.088     0.692

Dynamically allocated memory at  amaxparameters [B,KiB,MiB]:       729106     712.018     0.695

Dynamically allocated memory at  amaxparameters [B,KiB,MiB]:       733606     716.412     0.700

Dynamically allocated memory at  amaxparameters [B,KiB,MiB]:       739178     721.854     0.705

Dynamically allocated memory at  amaxparameters [B,KiB,MiB]:       741978     724.588     0.708

Dynamically allocated memory at  amaxparameters [B,KiB,MiB]:       746178     728.689     0.712

Dynamically allocated memory at  amaxparameters [B,KiB,MiB]:       752478     734.842     0.718

Dynamically allocated memory at  amaxparameters [B,KiB,MiB]:       755250     737.549     0.720

Dynamically allocated memory at  amaxparameters [B,KiB,MiB]:       756650     738.916     0.722
read_pa_232_> parameters    BONDS   ANGLS  DIHEDS IMPROPS    MODE
                              227     561     661     112       0

Dynamically allocated memory at       amaxmodel [B,KiB,MiB]:       799982     781.232     0.763

Dynamically allocated memory at       amaxmodel [B,KiB,MiB]:      1020090     996.182     0.973

Dynamically allocated memory at       amaxmodel [B,KiB,MiB]:      1053106    1028.424     1.004

mkilst______> segment topology constructed from sequence and RTF:
              segments residues atoms bonds angles dihedrals impropers:
                     1      277  2227  2277      0         0       925

Dynamically allocated memory at       amaxmodel [B,KiB,MiB]:      1148526    1121.607     1.095

patch_______> segment topology patched using RTF:     1  ;  LEU  ;  NTER
              segments residues atoms bonds angles dihedrals impropers:
                     1      277  2227  2277   3078      3657       925


Dynamically allocated memory at       amaxmodel [B,KiB,MiB]:      1240622    1211.545     1.183
patch_______> segment topology patched using RTF:   277  ;  LEU  ;  CTER
              segments residues atoms bonds angles dihedrals impropers:
                     1      277  2228  2278   3080      3659       926

genseg______> segment topology constructed from sequence and RTF:
              segments residues atoms bonds angles dihedrals impropers:
                     1      277  2228  2278   3080      3659       926
transfe_506_> MODEL is an average of all templates.
transfe_511_> Number of templates for coordinate transfer:        1
              After transferring coordinates of the equivalent template atoms,
              there are defined, undefined atoms in MODEL:     2173       55
openf___224_> Open           2GS7_A_full.ini
wrpdb___568_> Residues, atoms, selected atoms:      277     2228     2228
make_re_417_> Restraint type to be calculated:  stereo

Dynamically allocated memory at  amaxrestraints [B,KiB,MiB]:      1347671    1316.085     1.285

Dynamically allocated memory at  amaxrestraints [B,KiB,MiB]:      1355863    1324.085     1.293

Dynamically allocated memory at  amaxrestraints [B,KiB,MiB]:      1372247    1340.085     1.309

Dynamically allocated memory at  amaxrestraints [B,KiB,MiB]:      1405015    1372.085     1.340

Dynamically allocated memory at  amaxrestraints [B,KiB,MiB]:      1437783    1404.085     1.371

Dynamically allocated memory at  amaxrestraints [B,KiB,MiB]:      1503319    1468.085     1.434

Dynamically allocated memory at  amaxrestraints [B,KiB,MiB]:      1536087    1500.085     1.465

Dynamically allocated memory at  amaxrestraints [B,KiB,MiB]:      1568855    1532.085     1.496

Dynamically allocated memory at  amaxrestraints [B,KiB,MiB]:      1634391    1596.085     1.559

Dynamically allocated memory at  amaxrestraints [B,KiB,MiB]:      1765463    1724.085     1.684

Dynamically allocated memory at  amaxrestraints [B,KiB,MiB]:      1830999    1788.085     1.746

Dynamically allocated memory at  amaxrestraints [B,KiB,MiB]:      1896535    1852.085     1.809

Dynamically allocated memory at  amaxrestraints [B,KiB,MiB]:      2027607    1980.085     1.934

Dynamically allocated memory at  amaxrestraints [B,KiB,MiB]:      2289751    2236.085     2.184
r_stere_606_> Stereochemical restraints were constructed from RTF & PRMF.
              Added bond,angle,dihedral,improper restraints  :     2278    3080    3499     912
              Total number of restraints before, now         :        0     9769
make_re_422_> Number of previous, current restraints         :        0     9769
make_re_423_> Number of previous, current selected restraints:        0     9769
make_re_417_> Restraint type to be calculated:  phi-psi_binormal

Dynamically allocated memory at   amaxstructure [B,KiB,MiB]:      2450531    2393.097     2.337
openf___224_> Open           ${MODINSTALL9v19}/modlib/mnch1.bin
openf___224_> Open           ${MODINSTALL9v19}/modlib/mnch1.mdt
errdih__638_> Missing atoms in a dihedral, residue index, residue type:        5       35  LYS
errdih__638_> Missing atoms in a dihedral, residue index, residue type:        5       55  LYS
errdih__638_> Missing atoms in a dihedral, residue index, residue type:        5      144  LYS
errdih__638_> Missing atoms in a dihedral, residue index, residue type:        5      164  GLU
errdih__638_> Missing atoms in a dihedral, residue index, residue type:        5      165  LYS
errdih__638_> Missing atoms in a dihedral, residue index, residue type:        5      166  GLU
errdih__638_> Missing atoms in a dihedral, residue index, residue type:        5      223  LYS
errdih__638_> Missing atoms in a dihedral, residue index, residue type:        5      261  GLU
errdih__638_> Missing atoms in a dihedral, residue index, residue type:        5      276  GLN
errdih__638_> Missing atoms in a dihedral, residue index, residue type:        6       35  LYS
errdih__638_> Missing atoms in a dihedral, residue index, residue type:        6       55  LYS
errdih__638_> Missing atoms in a dihedral, residue index, residue type:        6      144  LYS
errdih__638_> Missing atoms in a dihedral, residue index, residue type:        6      164  GLU
errdih__638_> Missing atoms in a dihedral, residue index, residue type:        6      165  LYS
errdih__638_> Missing atoms in a dihedral, residue index, residue type:        6      166  GLU
errdih__638_> Missing atoms in a dihedral, residue index, residue type:        6      223  LYS
errdih__638_> Missing atoms in a dihedral, residue index, residue type:        6      261  GLU
errdih__638_> Missing atoms in a dihedral, residue index, residue type:        6      276  GLN
errdih__638_> Missing atoms in a dihedral, residue index, residue type:        7       35  LYS
errdih__638_> Missing atoms in a dihedral, residue index, residue type:        7       55  LYS
errdih__638_> Missing atoms in a dihedral, residue index, residue type:        7      144  LYS
errdih__638_> Missing atoms in a dihedral, residue index, residue type:        7      164  GLU
errdih__638_> Missing atoms in a dihedral, residue index, residue type:        7      165  LYS
errdih__638_> Missing atoms in a dihedral, residue index, residue type:        7      166  GLU
errdih__638_> Missing atoms in a dihedral, residue index, residue type:        7      223  LYS
errdih__638_> Missing atoms in a dihedral, residue index, residue type:        7      261  GLU
errdih__638_> Missing atoms in a dihedral, residue index, residue type:        7      276  GLN
errdih__638_> Missing atoms in a dihedral, residue index, residue type:        8       35  LYS
errdih__638_> Missing atoms in a dihedral, residue index, residue type:        8       55  LYS
errdih__638_> Missing atoms in a dihedral, residue index, residue type:        8      144  LYS
errdih__638_> Missing atoms in a dihedral, residue index, residue type:        8      165  LYS
errdih__638_> Missing atoms in a dihedral, residue index, residue type:        8      223  LYS
getdata_643_> Protein accepted:  2GS7_A
getdata_289_> Proteins (all/accepted):        1        1

Dynamically allocated memory at  amaxrestraints [B,KiB,MiB]:      2581619    2521.112     2.462
make_re_422_> Number of previous, current restraints         :     9769    10044
make_re_423_> Number of previous, current selected restraints:     9769    10044
make_re_417_> Restraint type to be calculated:  omega_dihedral

Dynamically allocated memory at   amaxstructure [B,KiB,MiB]:      2581619    2521.112     2.462
openf___224_> Open           ${MODINSTALL9v19}/modlib/omega.bin
openf___224_> Open           ${MODINSTALL9v19}/modlib/omega.mdt
getdata_643_> Protein accepted:  2GS7_A
getdata_289_> Proteins (all/accepted):        1        1
omgdel__425_> Unselected all O C +N +CA dihedrals:      290
              (This is to avoid clashes between STEREO
              and OMEGA_DIHEDRAL restraints)
make_re_422_> Number of previous, current restraints         :    10044    10320
make_re_423_> Number of previous, current selected restraints:    10044    10030
make_re_417_> Restraint type to be calculated:  chi1_dihedral

Dynamically allocated memory at   amaxstructure [B,KiB,MiB]:      2581619    2521.112     2.462
openf___224_> Open           ${MODINSTALL9v19}/modlib/chi1234.bin
openf___224_> Open           ${MODINSTALL9v19}/modlib/chi1.mdt
getdata_643_> Protein accepted:  2GS7_A
getdata_289_> Proteins (all/accepted):        1        1

Dynamically allocated memory at  amaxrestraints [B,KiB,MiB]:      2712691    2649.112     2.587
make_re_422_> Number of previous, current restraints         :    10320    10564
make_re_423_> Number of previous, current selected restraints:    10030    10274
make_re_417_> Restraint type to be calculated:  chi2_dihedral

Dynamically allocated memory at   amaxstructure [B,KiB,MiB]:      2712691    2649.112     2.587
openf___224_> Open           ${MODINSTALL9v19}/modlib/chi1234.bin
openf___224_> Open           ${MODINSTALL9v19}/modlib/chi2.mdt
getdata_643_> Protein accepted:  2GS7_A
getdata_289_> Proteins (all/accepted):        1        1
make_re_422_> Number of previous, current restraints         :    10564    10757
make_re_423_> Number of previous, current selected restraints:    10274    10467
make_re_417_> Restraint type to be calculated:  chi3_dihedral

Dynamically allocated memory at   amaxstructure [B,KiB,MiB]:      2712691    2649.112     2.587
openf___224_> Open           ${MODINSTALL9v19}/modlib/chi1234.bin
openf___224_> Open           ${MODINSTALL9v19}/modlib/chi3.mdt
getdata_643_> Protein accepted:  2GS7_A
getdata_289_> Proteins (all/accepted):        1        1
make_re_422_> Number of previous, current restraints         :    10757    10847
make_re_423_> Number of previous, current selected restraints:    10467    10557
make_re_417_> Restraint type to be calculated:  chi4_dihedral

Dynamically allocated memory at   amaxstructure [B,KiB,MiB]:      2712691    2649.112     2.587
openf___224_> Open           ${MODINSTALL9v19}/modlib/chi1234.bin
openf___224_> Open           ${MODINSTALL9v19}/modlib/chi4.mdt
mdtrsr__446W> A potential that relies on one protein is used, yet you have at
              least one known structure available. MDT, not library, potential is used.
getdata_643_> Protein accepted:  2GS7_A
getdata_289_> Proteins (all/accepted):        1        1
make_re_422_> Number of previous, current restraints         :    10847    10885
make_re_423_> Number of previous, current selected restraints:    10557    10595
make_re_417_> Restraint type to be calculated:  DISTANCE

Dynamically allocated memory at amaxhash_contac [B,KiB,MiB]:      3354319    3275.702     3.199

Dynamically allocated memory at  amaxrestraints [B,KiB,MiB]:      3616463    3531.702     3.449
make_re_422_> Number of previous, current restraints         :    10885    16470
make_re_423_> Number of previous, current selected restraints:    10595    16180
make_re_417_> Restraint type to be calculated:  DISTANCE

Dynamically allocated memory at  amaxrestraints [B,KiB,MiB]:      3878607    3787.702     3.699

Dynamically allocated memory at  amaxrestraints [B,KiB,MiB]:      4402895    4299.702     4.199
make_re_422_> Number of previous, current restraints         :    16470    22046
make_re_423_> Number of previous, current selected restraints:    16180    21756
make_re_417_> Restraint type to be calculated:  DISTANCE

Dynamically allocated memory at  amaxrestraints [B,KiB,MiB]:      4665039    4555.702     4.449
make_re_422_> Number of previous, current restraints         :    22046    26555
make_re_423_> Number of previous, current selected restraints:    21756    26265
make_re_417_> Restraint type to be calculated:  DISTANCE
make_re_422_> Number of previous, current restraints         :    26555    29336
make_re_423_> Number of previous, current selected restraints:    26265    29046
0 atoms in HETATM/BLK residues constrained
to protein atoms within 2.30 angstroms
and protein CA atoms within 10.00 angstroms
make_re_417_> Restraint type to be calculated:  DISTANCE
make_re_422_> Number of previous, current restraints         :    29336    29336
make_re_423_> Number of previous, current selected restraints:    29046    29046
make_re_417_> Restraint type to be calculated:  DISTANCE
make_re_422_> Number of previous, current restraints         :    29336    29336
make_re_423_> Number of previous, current selected restraints:    29046    29046
make_re_417_> Restraint type to be calculated:  DISTANCE
make_re_422_> Number of previous, current restraints         :    29336    29336
make_re_423_> Number of previous, current selected restraints:    29046    29046
make_re_417_> Restraint type to be calculated:  DISTANCE
make_re_422_> Number of previous, current restraints         :    29336    29336
make_re_423_> Number of previous, current selected restraints:    29046    29046
0 atoms in residues without defined topology
constrained to be rigid bodies
make_re_417_> Restraint type to be calculated:  DISTANCE
make_re_422_> Number of previous, current restraints         :    29336    29336
make_re_423_> Number of previous, current selected restraints:    29046    29046
rmdupl__427_>     1738 redundant cosine dihedral restraints were unselected.
condens_443_> Restraints marked for deletion were removed.
              Total number of restraints before, now:    29336    27308
openf___224_> Open           2GS7_A_full.rsr
openf___224_> Open           2GS7_A_full.rsr

Dynamically allocated memory at  amaxrestraints [B,KiB,MiB]:      4712161    4601.720     4.494
rdcsr2__307_> Number of restraints read    :    27308
              Number of excluded pairs read:        0
              Number of pseudo atoms read  :        0
rdcsrs__304_> Restraints in memory, selected restraints:    27308    27308
              Explicitly excluded atom pairs in memory :        0
              Pseudo atoms in memory                   :        0
22 (of 2228 total) atoms selected for optimization
openf___224_> Open           2GS7_A_full.ini

Dynamically allocated memory at       amaxmodel [B,KiB,MiB]:      4712185    4601.743     4.494
read_mo_297_> Segments, residues, atoms:        1      277     2228
read_mo_298_> Segment:        1     1   277     2228
randomi_498_> Atoms,selected atoms,random_seed,amplitude:     2228       22        1        4.0000
randomi_496_> Amplitude is > 0; randomization is done.
pick_re_612_> Number of MODEL atoms, selected restraints;       22       84
pick_re_612_> Number of MODEL atoms, selected restraints;       22       84
pick_re_612_> Number of MODEL atoms, selected restraints;       22       84
pick_re_612_> Number of MODEL atoms, selected restraints;       22       84
pick_re_612_> Number of MODEL atoms, selected restraints;       22       84
pick_re_612_> Number of MODEL atoms, selected restraints;       22       84
pick_re_612_> Number of MODEL atoms, selected restraints;       22       84
pick_re_612_> Number of MODEL atoms, selected restraints;       22       84

Dynamically allocated memory at  amaxrestraints [B,KiB,MiB]:      5058237    4939.685     4.824
pick_re_612_> Number of MODEL atoms, selected restraints;       22       84
pick_re_612_> Number of MODEL atoms, selected restraints;       22       84
pick_re_612_> Number of MODEL atoms, selected restraints;       22       84
iupac_m_486_> OE1/2 will be swapped:     -174.7683        7     7
iupac_m_486_> OE1/2 will be swapped:     -156.3776       44    44
iupac_m_486_> OE1/2 will be swapped:      178.9822       56    56
iupac_m_483_> CD1/2 CE1/2 swapped:      124.2837       62    62
iupac_m_397W> Atoms were not swapped because of the uncertainty of how to handle the H atom.
iupac_m_483_> CD1/2 CE1/2 swapped:     -107.2542      111   111
iupac_m_397W> Atoms were not swapped because of the uncertainty of how to handle the H atom.
iupac_m_486_> OE1/2 will be swapped:     -176.4588      127   127
iupac_m_486_> OE1/2 will be swapped:     -179.9604      164   164
iupac_m_486_> OE1/2 will be swapped:     -179.9558      166   166
iupac_m_486_> OE1/2 will be swapped:     -173.9311      170   170
iupac_m_483_> CD1/2 CE1/2 swapped:       92.3671      213   213
iupac_m_397W> Atoms were not swapped because of the uncertainty of how to handle the H atom.
iupac_m_483_> CD1/2 CE1/2 swapped:      114.1856      259   259
iupac_m_397W> Atoms were not swapped because of the uncertainty of how to handle the H atom.
iupac_m_486_> OE1/2 will be swapped:      180.0000      265   265
iupac_m_483_> CD1/2 CE1/2 swapped:       96.1269      276   276
iupac_m_397W> Atoms were not swapped because of the uncertainty of how to handle the H atom.


>> ENERGY; Differences between the model's features and restraints:
Number of all residues in MODEL                   :      277
Number of all, selected real atoms                :     2228      22
Number of all, selected pseudo atoms              :        0       0
Number of all static, selected restraints         :    27308      84
COVALENT_CYS                                      :        F
NONBONDED_SEL_ATOMS                               :        1
Number of non-bonded pairs (excluding 1-2,1-3,1-4):       28
Dynamic pairs routine                             : 5, NATM_SEL x NATM double loop
Atomic shift for contacts update (UPDATE_DYNAMIC) :    0.390
LENNARD_JONES_SWITCH                              :    6.500   7.500
COULOMB_JONES_SWITCH                              :    6.500   7.500
RESIDUE_SPAN_RANGE                                :        0   99999
NLOGN_USE                                         :       15
CONTACT_SHELL                                     :    4.000
DYNAMIC_PAIRS,_SPHERE,_COULOMB,_LENNARD,_MODELLER :        T       T       F       F       F
SPHERE_STDV                                       :    0.050
RADII_FACTOR                                      :    0.820
Current energy                                    :          21.4400





Summary of the restraint violations: 

   NUM     ... number of restraints.
   NUMVI   ... number of restraints with RVIOL > VIOL_REPORT_CUT[i].
   RVIOL   ... relative difference from the best value.
   NUMVP   ... number of restraints with -Ln(pdf) > VIOL_REPORT_CUT2[i].
   RMS_1   ... RMS(feature, minimally_violated_basis_restraint, NUMB).
   RMS_2   ... RMS(feature, best_value, NUMB).
   MOL.PDF ... scaled contribution to -Ln(Molecular pdf).

 #                     RESTRAINT_GROUP      NUM   NUMVI  NUMVP   RMS_1   RMS_2         MOL.PDF     S_i
------------------------------------------------------------------------------------------------------
 1 Bond length potential              :      23       0      0   0.005   0.005     0.21070       1.000
 2 Bond angle potential               :      32       0      0   1.910   1.910      2.1867       1.000
 3 Stereochemical cosine torsion poten:       7       0      1  75.160  75.160      7.1366       1.000
 4 Stereochemical improper torsion pot:       8       0      0   1.003   1.003     0.19144       1.000
 5 Soft-sphere overlap restraints     :      28       0      0   0.004   0.004     0.48444E-01   1.000
 6 Lennard-Jones 6-12 potential       :       0       0      0   0.000   0.000      0.0000       1.000
 7 Coulomb point-point electrostatic p:       0       0      0   0.000   0.000      0.0000       1.000
 8 H-bonding potential                :       0       0      0   0.000   0.000      0.0000       1.000
 9 Distance restraints 1 (CA-CA)      :       0       0      0   0.000   0.000      0.0000       1.000
10 Distance restraints 2 (N-O)        :       0       0      0   0.000   0.000      0.0000       1.000
11 Mainchain Phi dihedral restraints  :       0       0      0   0.000   0.000      0.0000       1.000
12 Mainchain Psi dihedral restraints  :       0       0      0   0.000   0.000      0.0000       1.000
13 Mainchain Omega dihedral restraints:       5       0      0   3.812   3.812     0.85701       1.000
14 Sidechain Chi_1 dihedral restraints:       1       0      0 102.625 102.625     0.41233       1.000
15 Sidechain Chi_2 dihedral restraints:       1       0      0  21.078  21.078     0.49326       1.000
16 Sidechain Chi_3 dihedral restraints:       1       0      0 174.424 174.424      1.1361       1.000
17 Sidechain Chi_4 dihedral restraints:       0       0      0   0.000   0.000      0.0000       1.000
18 Disulfide distance restraints      :       0       0      0   0.000   0.000      0.0000       1.000
19 Disulfide angle restraints         :       0       0      0   0.000   0.000      0.0000       1.000
20 Disulfide dihedral angle restraints:       0       0      0   0.000   0.000      0.0000       1.000
21 Lower bound distance restraints    :       0       0      0   0.000   0.000      0.0000       1.000
22 Upper bound distance restraints    :       0       0      0   0.000   0.000      0.0000       1.000
23 Distance restraints 3 (SDCH-MNCH)  :       0       0      0   0.000   0.000      0.0000       1.000
24 Sidechain Chi_5 dihedral restraints:       0       0      0   0.000   0.000      0.0000       1.000
25 Phi/Psi pair of dihedral restraints:       6       3      1  36.165 137.398      8.7674       1.000
26 Distance restraints 4 (SDCH-SDCH)  :       0       0      0   0.000   0.000      0.0000       1.000
27 Distance restraints 5 (X-Y)        :       0       0      0   0.000   0.000      0.0000       1.000
28 NMR distance restraints 6 (X-Y)    :       0       0      0   0.000   0.000      0.0000       1.000
29 NMR distance restraints 7 (X-Y)    :       0       0      0   0.000   0.000      0.0000       1.000
30 Minimal distance restraints        :       0       0      0   0.000   0.000      0.0000       1.000
31 Non-bonded restraints              :       0       0      0   0.000   0.000      0.0000       1.000
32 Atomic accessibility restraints    :       0       0      0   0.000   0.000      0.0000       1.000
33 Atomic density restraints          :       0       0      0   0.000   0.000      0.0000       1.000
34 Absolute position restraints       :       0       0      0   0.000   0.000      0.0000       1.000
35 Dihedral angle difference restraint:       0       0      0   0.000   0.000      0.0000       1.000
36 GBSA implicit solvent potential    :       0       0      0   0.000   0.000      0.0000       1.000
37 EM density fitting potential       :       0       0      0   0.000   0.000      0.0000       1.000
38 SAXS restraints                    :       0       0      0   0.000   0.000      0.0000       1.000
39 Symmetry restraints                :       0       0      0   0.000   0.000      0.0000       1.000



openf___224_> Open           2GS7_A_full.V99990001
# Heavy relative violation of each residue is written to: 2GS7_A_full.V99990001
# The profile is NOT normalized by the number of restraints.
# The profiles are smoothed over a window of residues:    1
# The sum of all numbers in the file:     715.9958



List of the violated restraints:
   A restraint is violated when the relative difference
   from the best value (RVIOL) is larger than CUTOFF.

   ICSR   ... index of a restraint in the current set.
   RESNO  ... residue numbers of the first two atoms.
   ATM    ... IUPAC atom names of the first two atoms.
   FEAT   ... the value of the feature in the model.
   restr  ... the mean of the basis restraint with the smallest
              difference from the model (local minimum).
   viol   ... difference from the local minimum.
   rviol  ... relative difference from the local minimum.
   RESTR  ... the best value (global minimum).
   VIOL   ... difference from the best value.
   RVIOL  ... relative difference from the best value.


-------------------------------------------------------------------------------------------------

Feature 25                           : Phi/Psi pair of dihedral restraints     
List of the RVIOL violations larger than   :       6.5000

    #   ICSR  RESNO1/2 ATM1/2   INDATM1/2    FEAT   restr    viol   rviol   RESTR    VIOL   RVIOL
    1   7909 168H 169A C   N    1336 1338 -152.13 -134.00   18.27    0.52  -62.50 -167.91   36.27
    1        169A 169A N   CA   1338 1339  149.21  147.00                  -40.90
    2   7910 169A 170E C   N    1341 1343 -100.41 -117.80   33.61    1.26  -63.60  152.84   18.61
    2        170E 170E N   CA   1343 1344  108.04  136.80                  -40.30
    3   7912 171G 172G C   N    1354 1356  -66.32  -80.20   24.70    0.61   82.20 -152.31    6.58
    3        172G 172G N   CA   1356 1357  153.67  174.10                    8.50


report______> Distribution of short non-bonded contacts:

  serious non-bonded atom clash:   786 1671   2.276

DISTANCE1:  0.00 2.10 2.20 2.30 2.40 2.50 2.60 2.70 2.80 2.90 3.00 3.10 3.20 3.30 3.40
DISTANCE2:  2.10 2.20 2.30 2.40 2.50 2.60 2.70 2.80 2.90 3.00 3.10 3.20 3.30 3.40 3.50
FREQUENCY:     0    0    1    2    8   15   33   59  119  133  170  220  241  288  332


<< end of ENERGY.
openf___224_> Open           2GS7_A_full.B99990001.pdb
wrpdb___568_> Residues, atoms, selected atoms:      277     2228     2228

>> Summary of successfully produced models:
Filename                          molpdf
----------------------------------------
2GS7_A_full.B99990001.pdb       21.44003


Dynamically allocated memory at          finish [B,KiB,MiB]:      5058237    4939.685     4.824
Starting time                                            : 2018/02/20 13:00:30
Closing time                                             : 2018/02/20 13:00:32
Total CPU time [seconds]                                 :       1.90
