
                         MODELLER 9.19, 2017/07/19, r11078

     PROTEIN STRUCTURE MODELLING BY SATISFACTION OF SPATIAL RESTRAINTS


                     Copyright(c) 1989-2017 Andrej Sali
                            All Rights Reserved

                             Written by A. Sali
                               with help from
              B. Webb, M.S. Madhusudhan, M-Y. Shen, G.Q. Dong,
          M.A. Marti-Renom, N. Eswar, F. Alber, M. Topf, B. Oliva,
             A. Fiser, R. Sanchez, B. Yerkovich, A. Badretdinov,
                     F. Melo, J.P. Overington, E. Feyfant
                 University of California, San Francisco, USA
                    Rockefeller University, New York, USA
                      Harvard University, Cambridge, USA
                   Imperial Cancer Research Fund, London, UK
              Birkbeck College, University of London, London, UK


Kind, OS, HostName, Kernel, Processor: 4, Linux german-xps 4.14.6-041406-generic x86_64
Date and time of compilation         : 2017/07/19 15:03:51
MODELLER executable type             : x86_64-intel8
Job starting time (YY/MM/DD HH:MM:SS): 2018/02/20 13:04:27

openf___224_> Open           $(LIB)/restyp.lib
openf___224_> Open           ${MODINSTALL9v19}/modlib/resgrp.lib
rdresgr_266_> Number of residue groups:        2
openf___224_> Open           ${MODINSTALL9v19}/modlib/sstruc.lib

Dynamically allocated memory at   amaxlibraries [B,KiB,MiB]:       191566     187.076     0.183

Dynamically allocated memory at   amaxlibraries [B,KiB,MiB]:       192094     187.592     0.183
openf___224_> Open           ${MODINSTALL9v19}/modlib/resdih.lib

Dynamically allocated memory at   amaxlibraries [B,KiB,MiB]:       240694     235.053     0.230
rdrdih__263_> Number of dihedral angle types         :        9
              Maximal number of dihedral angle optima:        3
              Dihedral angle names                   :  Alph Phi Psi Omeg chi1 chi2 chi3 chi4 chi5
openf___224_> Open           ${MODINSTALL9v19}/modlib/radii.lib

Dynamically allocated memory at   amaxlibraries [B,KiB,MiB]:       253994     248.041     0.242
openf___224_> Open           ${MODINSTALL9v19}/modlib/radii14.lib
openf___224_> Open           ${MODINSTALL9v19}/modlib/af_mnchdef.lib
rdwilmo_274_> Mainchain residue conformation classes:  APBLE
openf___224_> Open           ${MODINSTALL9v19}/modlib/mnch.lib
rdclass_257_> Number of classes:        5
openf___224_> Open           ${MODINSTALL9v19}/modlib/mnch1.lib
openf___224_> Open           ${MODINSTALL9v19}/modlib/mnch2.lib
openf___224_> Open           ${MODINSTALL9v19}/modlib/mnch3.lib
openf___224_> Open           ${MODINSTALL9v19}/modlib/xs4.mat
rdrrwgh_268_> Number of residue types:       21
openf___224_> Open           /home/german/labo/18/egfr/model/5HG8_A/to_model_5HG8_A

Dynamically allocated memory at   amaxalignment [B,KiB,MiB]:       265487     259.265     0.253

Dynamically allocated memory at   amaxalignment [B,KiB,MiB]:       266937     260.681     0.255

Dynamically allocated memory at   amaxalignment [B,KiB,MiB]:       269837     263.513     0.257

Dynamically allocated memory at   amaxalignment [B,KiB,MiB]:       275637     269.177     0.263

Dynamically allocated memory at   amaxalignment [B,KiB,MiB]:       392693     383.489     0.375

Dynamically allocated memory at    amaxsequence [B,KiB,MiB]:       393889     384.657     0.376

Dynamically allocated memory at    amaxsequence [B,KiB,MiB]:       394993     385.735     0.377

Read the alignment from file       : /home/german/labo/18/egfr/model/5HG8_A/to_model_5HG8_A
Total number of alignment positions:   300

  #  Code        #_Res #_Segm PDB_code    Name
-------------------------------------------------------------------------------
  1     5HG8_A     300      1      5HG8_A
  2  5HG8_A_fu     277      1
check_a_343_> >> BEGINNING OF COMMAND
openf___224_> Open           ./5HG8_A.pdb

Dynamically allocated memory at amaxcoordinates [B,KiB,MiB]:       486718     475.311     0.464

Dynamically allocated memory at    amaxsequence [B,KiB,MiB]:       486718     475.311     0.464

Dynamically allocated memory at amaxcoordinates [B,KiB,MiB]:       486889     475.478     0.464

Dynamically allocated memory at amaxcoordinates [B,KiB,MiB]:       487739     476.308     0.465

Dynamically allocated memory at amaxcoordinates [B,KiB,MiB]:       488997     477.536     0.466

Dynamically allocated memory at amaxcoordinates [B,KiB,MiB]:       490901     479.396     0.468

Dynamically allocated memory at    amaxsequence [B,KiB,MiB]:       490901     479.396     0.468

Dynamically allocated memory at amaxcoordinates [B,KiB,MiB]:       490991     479.483     0.468

Dynamically allocated memory at amaxcoordinates [B,KiB,MiB]:       493847     482.272     0.471

Dynamically allocated memory at    amaxsequence [B,KiB,MiB]:       493847     482.272     0.471

Dynamically allocated memory at amaxcoordinates [B,KiB,MiB]:       493982     482.404     0.471

Dynamically allocated memory at amaxcoordinates [B,KiB,MiB]:       498266     486.588     0.475

Dynamically allocated memory at    amaxsequence [B,KiB,MiB]:       498266     486.588     0.475

Dynamically allocated memory at amaxcoordinates [B,KiB,MiB]:       498464     486.781     0.475

Dynamically allocated memory at amaxcoordinates [B,KiB,MiB]:       504890     493.057     0.482

Dynamically allocated memory at    amaxsequence [B,KiB,MiB]:       504890     493.057     0.482

Dynamically allocated memory at amaxcoordinates [B,KiB,MiB]:       505187     493.347     0.482

Dynamically allocated memory at amaxcoordinates [B,KiB,MiB]:       514809     502.743     0.491

Dynamically allocated memory at    amaxsequence [B,KiB,MiB]:       514809     502.743     0.491

Dynamically allocated memory at amaxcoordinates [B,KiB,MiB]:       515259     503.183     0.491

Dynamically allocated memory at amaxcoordinates [B,KiB,MiB]:       529709     517.294     0.505

Dynamically allocated memory at    amaxsequence [B,KiB,MiB]:       529709     517.294     0.505

Dynamically allocated memory at amaxcoordinates [B,KiB,MiB]:       530384     517.953     0.506

Dynamically allocated memory at amaxcoordinates [B,KiB,MiB]:       552042     539.104     0.526

Dynamically allocated memory at    amaxsequence [B,KiB,MiB]:       552042     539.104     0.526

Dynamically allocated memory at amaxcoordinates [B,KiB,MiB]:       553050     540.088     0.527

Dynamically allocated memory at amaxcoordinates [B,KiB,MiB]:       585554     571.830     0.558

Dynamically allocated memory at   amaxstructure [B,KiB,MiB]:       585221     571.505     0.558

check_ali___> Checking the sequence-structure alignment. 

Implied intrachain target CA(i)-CA(i+1) distances longer than  8.0 angstroms:

ALN_POS  TMPL  RID1  RID2  NAM1  NAM2     DIST
----------------------------------------------
END OF TABLE
check_a_344_> << END OF COMMAND
openf___224_> Open           ${LIB}/top_heav.lib
read_to_681_> topology.submodel read from topology file:        3
openf___224_> Open           ${LIB}/par.lib

Dynamically allocated memory at  amaxparameters [B,KiB,MiB]:       724473     707.493     0.691

Dynamically allocated memory at  amaxparameters [B,KiB,MiB]:       726073     709.056     0.692

Dynamically allocated memory at  amaxparameters [B,KiB,MiB]:       730053     712.942     0.696

Dynamically allocated memory at  amaxparameters [B,KiB,MiB]:       732053     714.896     0.698

Dynamically allocated memory at  amaxparameters [B,KiB,MiB]:       735053     717.825     0.701

Dynamically allocated memory at  amaxparameters [B,KiB,MiB]:       739553     722.220     0.705

Dynamically allocated memory at  amaxparameters [B,KiB,MiB]:       745125     727.661     0.711

Dynamically allocated memory at  amaxparameters [B,KiB,MiB]:       747925     730.396     0.713

Dynamically allocated memory at  amaxparameters [B,KiB,MiB]:       752125     734.497     0.717

Dynamically allocated memory at  amaxparameters [B,KiB,MiB]:       758425     740.649     0.723

Dynamically allocated memory at  amaxparameters [B,KiB,MiB]:       761197     743.356     0.726

Dynamically allocated memory at  amaxparameters [B,KiB,MiB]:       762597     744.724     0.727
read_pa_232_> parameters    BONDS   ANGLS  DIHEDS IMPROPS    MODE
                              227     561     661     112       0

Dynamically allocated memory at       amaxmodel [B,KiB,MiB]:       805929     787.040     0.769

Dynamically allocated memory at       amaxmodel [B,KiB,MiB]:      1026429    1002.372     0.979

Dynamically allocated memory at       amaxmodel [B,KiB,MiB]:      1059461    1034.630     1.010

mkilst______> segment topology constructed from sequence and RTF:
              segments residues atoms bonds angles dihedrals impropers:
                     1      277  2231  2281      0         0       924

Dynamically allocated memory at       amaxmodel [B,KiB,MiB]:      1154965    1127.896     1.101

patch_______> segment topology patched using RTF:     1  ;  LEU  ;  NTER
              segments residues atoms bonds angles dihedrals impropers:
                     1      277  2231  2281   3081      3660       924


Dynamically allocated memory at       amaxmodel [B,KiB,MiB]:      1247061    1217.833     1.189
patch_______> segment topology patched using RTF:   277  ;  LEU  ;  CTER
              segments residues atoms bonds angles dihedrals impropers:
                     1      277  2232  2282   3083      3662       925

genseg______> segment topology constructed from sequence and RTF:
              segments residues atoms bonds angles dihedrals impropers:
                     1      277  2232  2282   3083      3662       925
transfe_506_> MODEL is an average of all templates.
transfe_511_> Number of templates for coordinate transfer:        1
              After transferring coordinates of the equivalent template atoms,
              there are defined, undefined atoms in MODEL:     2231        1
openf___224_> Open           5HG8_A_full.ini
wrpdb___568_> Residues, atoms, selected atoms:      277     2232     2232
make_re_417_> Restraint type to be calculated:  stereo

Dynamically allocated memory at  amaxrestraints [B,KiB,MiB]:      1354110    1322.373     1.291

Dynamically allocated memory at  amaxrestraints [B,KiB,MiB]:      1362302    1330.373     1.299

Dynamically allocated memory at  amaxrestraints [B,KiB,MiB]:      1378686    1346.373     1.315

Dynamically allocated memory at  amaxrestraints [B,KiB,MiB]:      1411454    1378.373     1.346

Dynamically allocated memory at  amaxrestraints [B,KiB,MiB]:      1444222    1410.373     1.377

Dynamically allocated memory at  amaxrestraints [B,KiB,MiB]:      1509758    1474.373     1.440

Dynamically allocated memory at  amaxrestraints [B,KiB,MiB]:      1542526    1506.373     1.471

Dynamically allocated memory at  amaxrestraints [B,KiB,MiB]:      1575294    1538.373     1.502

Dynamically allocated memory at  amaxrestraints [B,KiB,MiB]:      1640830    1602.373     1.565

Dynamically allocated memory at  amaxrestraints [B,KiB,MiB]:      1771902    1730.373     1.690

Dynamically allocated memory at  amaxrestraints [B,KiB,MiB]:      1837438    1794.373     1.752

Dynamically allocated memory at  amaxrestraints [B,KiB,MiB]:      1902974    1858.373     1.815

Dynamically allocated memory at  amaxrestraints [B,KiB,MiB]:      2034046    1986.373     1.940

Dynamically allocated memory at  amaxrestraints [B,KiB,MiB]:      2296190    2242.373     2.190
r_stere_606_> Stereochemical restraints were constructed from RTF & PRMF.
              Added bond,angle,dihedral,improper restraints  :     2282    3083    3502     911
              Total number of restraints before, now         :        0     9778
make_re_422_> Number of previous, current restraints         :        0     9778
make_re_423_> Number of previous, current selected restraints:        0     9778
make_re_417_> Restraint type to be calculated:  phi-psi_binormal

Dynamically allocated memory at   amaxstructure [B,KiB,MiB]:      2457106    2399.518     2.343
openf___224_> Open           ${MODINSTALL9v19}/modlib/mnch1.bin
openf___224_> Open           ${MODINSTALL9v19}/modlib/mnch1.mdt
getdata_643_> Protein accepted:  5HG8_A
getdata_289_> Proteins (all/accepted):        1        1

Dynamically allocated memory at  amaxrestraints [B,KiB,MiB]:      2588194    2527.533     2.468
make_re_422_> Number of previous, current restraints         :     9778    10053
make_re_423_> Number of previous, current selected restraints:     9778    10053
make_re_417_> Restraint type to be calculated:  omega_dihedral

Dynamically allocated memory at   amaxstructure [B,KiB,MiB]:      2588194    2527.533     2.468
openf___224_> Open           ${MODINSTALL9v19}/modlib/omega.bin
openf___224_> Open           ${MODINSTALL9v19}/modlib/omega.mdt
getdata_643_> Protein accepted:  5HG8_A
getdata_289_> Proteins (all/accepted):        1        1
omgdel__425_> Unselected all O C +N +CA dihedrals:      290
              (This is to avoid clashes between STEREO
              and OMEGA_DIHEDRAL restraints)
make_re_422_> Number of previous, current restraints         :    10053    10329
make_re_423_> Number of previous, current selected restraints:    10053    10039
make_re_417_> Restraint type to be calculated:  chi1_dihedral

Dynamically allocated memory at   amaxstructure [B,KiB,MiB]:      2588194    2527.533     2.468
openf___224_> Open           ${MODINSTALL9v19}/modlib/chi1234.bin
openf___224_> Open           ${MODINSTALL9v19}/modlib/chi1.mdt
getdata_643_> Protein accepted:  5HG8_A
getdata_289_> Proteins (all/accepted):        1        1

Dynamically allocated memory at  amaxrestraints [B,KiB,MiB]:      2719266    2655.533     2.593
make_re_422_> Number of previous, current restraints         :    10329    10573
make_re_423_> Number of previous, current selected restraints:    10039    10283
make_re_417_> Restraint type to be calculated:  chi2_dihedral

Dynamically allocated memory at   amaxstructure [B,KiB,MiB]:      2719266    2655.533     2.593
openf___224_> Open           ${MODINSTALL9v19}/modlib/chi1234.bin
openf___224_> Open           ${MODINSTALL9v19}/modlib/chi2.mdt
getdata_643_> Protein accepted:  5HG8_A
getdata_289_> Proteins (all/accepted):        1        1
make_re_422_> Number of previous, current restraints         :    10573    10767
make_re_423_> Number of previous, current selected restraints:    10283    10477
make_re_417_> Restraint type to be calculated:  chi3_dihedral

Dynamically allocated memory at   amaxstructure [B,KiB,MiB]:      2719266    2655.533     2.593
openf___224_> Open           ${MODINSTALL9v19}/modlib/chi1234.bin
openf___224_> Open           ${MODINSTALL9v19}/modlib/chi3.mdt
getdata_643_> Protein accepted:  5HG8_A
getdata_289_> Proteins (all/accepted):        1        1
make_re_422_> Number of previous, current restraints         :    10767    10859
make_re_423_> Number of previous, current selected restraints:    10477    10569
make_re_417_> Restraint type to be calculated:  chi4_dihedral

Dynamically allocated memory at   amaxstructure [B,KiB,MiB]:      2719266    2655.533     2.593
openf___224_> Open           ${MODINSTALL9v19}/modlib/chi1234.bin
openf___224_> Open           ${MODINSTALL9v19}/modlib/chi4.mdt
mdtrsr__446W> A potential that relies on one protein is used, yet you have at
              least one known structure available. MDT, not library, potential is used.
getdata_643_> Protein accepted:  5HG8_A
getdata_289_> Proteins (all/accepted):        1        1
make_re_422_> Number of previous, current restraints         :    10859    10898
make_re_423_> Number of previous, current selected restraints:    10569    10608
make_re_417_> Restraint type to be calculated:  DISTANCE

Dynamically allocated memory at amaxhash_contac [B,KiB,MiB]:      3362046    3283.248     3.206

Dynamically allocated memory at  amaxrestraints [B,KiB,MiB]:      3624190    3539.248     3.456
make_re_422_> Number of previous, current restraints         :    10898    16456
make_re_423_> Number of previous, current selected restraints:    10608    16166
make_re_417_> Restraint type to be calculated:  DISTANCE

Dynamically allocated memory at  amaxrestraints [B,KiB,MiB]:      3886334    3795.248     3.706

Dynamically allocated memory at  amaxrestraints [B,KiB,MiB]:      4410622    4307.248     4.206
make_re_422_> Number of previous, current restraints         :    16456    22036
make_re_423_> Number of previous, current selected restraints:    16166    21746
make_re_417_> Restraint type to be calculated:  DISTANCE

Dynamically allocated memory at  amaxrestraints [B,KiB,MiB]:      4672766    4563.248     4.456
make_re_422_> Number of previous, current restraints         :    22036    26761
make_re_423_> Number of previous, current selected restraints:    21746    26471
make_re_417_> Restraint type to be calculated:  DISTANCE
make_re_422_> Number of previous, current restraints         :    26761    29702
make_re_423_> Number of previous, current selected restraints:    26471    29412
0 atoms in HETATM/BLK residues constrained
to protein atoms within 2.30 angstroms
and protein CA atoms within 10.00 angstroms
make_re_417_> Restraint type to be calculated:  DISTANCE
make_re_422_> Number of previous, current restraints         :    29702    29702
make_re_423_> Number of previous, current selected restraints:    29412    29412
make_re_417_> Restraint type to be calculated:  DISTANCE
make_re_422_> Number of previous, current restraints         :    29702    29702
make_re_423_> Number of previous, current selected restraints:    29412    29412
make_re_417_> Restraint type to be calculated:  DISTANCE
make_re_422_> Number of previous, current restraints         :    29702    29702
make_re_423_> Number of previous, current selected restraints:    29412    29412
make_re_417_> Restraint type to be calculated:  DISTANCE
make_re_422_> Number of previous, current restraints         :    29702    29702
make_re_423_> Number of previous, current selected restraints:    29412    29412
0 atoms in residues without defined topology
constrained to be rigid bodies
make_re_417_> Restraint type to be calculated:  DISTANCE
make_re_422_> Number of previous, current restraints         :    29702    29702
make_re_423_> Number of previous, current selected restraints:    29412    29412
rmdupl__427_>     1742 redundant cosine dihedral restraints were unselected.
condens_443_> Restraints marked for deletion were removed.
              Total number of restraints before, now:    29702    27670
openf___224_> Open           5HG8_A_full.rsr
openf___224_> Open           5HG8_A_full.rsr

Dynamically allocated memory at  amaxrestraints [B,KiB,MiB]:      4713805    4603.325     4.495
rdcsr2__307_> Number of restraints read    :    27670
              Number of excluded pairs read:        0
              Number of pseudo atoms read  :        0
rdcsrs__304_> Restraints in memory, selected restraints:    27670    27670
              Explicitly excluded atom pairs in memory :        0
              Pseudo atoms in memory                   :        0
27 (of 2232 total) atoms selected for optimization
openf___224_> Open           5HG8_A_full.ini

Dynamically allocated memory at       amaxmodel [B,KiB,MiB]:      4713829    4603.349     4.495
read_mo_297_> Segments, residues, atoms:        1      277     2232
read_mo_298_> Segment:        1     1   277     2232
randomi_498_> Atoms,selected atoms,random_seed,amplitude:     2232       27        1        4.0000
randomi_496_> Amplitude is > 0; randomization is done.
pick_re_612_> Number of MODEL atoms, selected restraints;       27      189
pick_re_612_> Number of MODEL atoms, selected restraints;       27      201
pick_re_612_> Number of MODEL atoms, selected restraints;       27      204
pick_re_612_> Number of MODEL atoms, selected restraints;       27      206
pick_re_612_> Number of MODEL atoms, selected restraints;       27      206
pick_re_612_> Number of MODEL atoms, selected restraints;       27      231
pick_re_612_> Number of MODEL atoms, selected restraints;       27      246
pick_re_612_> Number of MODEL atoms, selected restraints;       27      414

Dynamically allocated memory at  amaxrestraints [B,KiB,MiB]:      5059977    4941.384     4.826
pick_re_612_> Number of MODEL atoms, selected restraints;       27      441
pick_re_612_> Number of MODEL atoms, selected restraints;       27      441
pick_re_612_> Number of MODEL atoms, selected restraints;       27      441
iupac_m_486_> OE1/2 will be swapped:      -90.4701        9     9
iupac_m_483_> CD1/2 CE1/2 swapped:       95.3631       10    10
iupac_m_397W> Atoms were not swapped because of the uncertainty of how to handle the H atom.
iupac_m_483_> CD1/2 CE1/2 swapped:       91.0779       21    21
iupac_m_397W> Atoms were not swapped because of the uncertainty of how to handle the H atom.
iupac_m_486_> OE1/2 will be swapped:     -132.4861       44    44
iupac_m_483_> CD1/2 CE1/2 swapped:       91.2520       93    93
iupac_m_397W> Atoms were not swapped because of the uncertainty of how to handle the H atom.
iupac_m_485_> OD1/2 will be swapped:     -178.5205       98    98
iupac_m_483_> CD1/2 CE1/2 swapped:      -91.0372       99    99
iupac_m_397W> Atoms were not swapped because of the uncertainty of how to handle the H atom.
iupac_m_486_> OE1/2 will be swapped:      178.5003      102   102
iupac_m_486_> OE1/2 will be swapped:     -176.0533      127   127
iupac_m_485_> OD1/2 will be swapped:      164.2888      128   128
iupac_m_487_> NH1/2 swapped:      179.9209      130   130
iupac_m_487_> NH1/2 swapped:     -179.8506      134   134
iupac_m_485_> OD1/2 will be swapped:     -178.2581      135   135
iupac_m_483_> CD1/2 CE1/2 swapped:     -100.4749      189   189
iupac_m_397W> Atoms were not swapped because of the uncertainty of how to handle the H atom.
iupac_m_485_> OD1/2 will be swapped:      167.4613      194   194
iupac_m_483_> CD1/2 CE1/2 swapped:      -91.4135      198   198
iupac_m_397W> Atoms were not swapped because of the uncertainty of how to handle the H atom.
iupac_m_486_> OE1/2 will be swapped:       97.1825      204   204
iupac_m_486_> OE1/2 will be swapped:      171.9977      220   220
iupac_m_486_> OE1/2 will be swapped:     -132.9228      229   229
iupac_m_483_> CD1/2 CE1/2 swapped:     -124.5795      242   242
iupac_m_397W> Atoms were not swapped because of the uncertainty of how to handle the H atom.
iupac_m_485_> OD1/2 will be swapped:      156.6111      252   252
iupac_m_485_> OD1/2 will be swapped:      145.5936      254   254
iupac_m_487_> NH1/2 swapped:     -179.0282      256   256
iupac_m_486_> OE1/2 will be swapped:      122.5107      265   265
iupac_m_487_> NH1/2 swapped:      180.0000      271   271
iupac_m_485_> OD1/2 will be swapped:     -174.0296      272   272
iupac_m_487_> NH1/2 swapped:      179.9234      275   275
iupac_m_483_> CD1/2 CE1/2 swapped:       99.4690      276   276
iupac_m_397W> Atoms were not swapped because of the uncertainty of how to handle the H atom.


>> ENERGY; Differences between the model's features and restraints:
Number of all residues in MODEL                   :      277
Number of all, selected real atoms                :     2232      27
Number of all, selected pseudo atoms              :        0       0
Number of all static, selected restraints         :    27670     441
COVALENT_CYS                                      :        F
NONBONDED_SEL_ATOMS                               :        1
Number of non-bonded pairs (excluding 1-2,1-3,1-4):       58
Dynamic pairs routine                             : 5, NATM_SEL x NATM double loop
Atomic shift for contacts update (UPDATE_DYNAMIC) :    0.390
LENNARD_JONES_SWITCH                              :    6.500   7.500
COULOMB_JONES_SWITCH                              :    6.500   7.500
RESIDUE_SPAN_RANGE                                :        0   99999
NLOGN_USE                                         :       15
CONTACT_SHELL                                     :    4.000
DYNAMIC_PAIRS,_SPHERE,_COULOMB,_LENNARD,_MODELLER :        T       T       F       F       F
SPHERE_STDV                                       :    0.050
RADII_FACTOR                                      :    0.820
Current energy                                    :          18.9198





Summary of the restraint violations: 

   NUM     ... number of restraints.
   NUMVI   ... number of restraints with RVIOL > VIOL_REPORT_CUT[i].
   RVIOL   ... relative difference from the best value.
   NUMVP   ... number of restraints with -Ln(pdf) > VIOL_REPORT_CUT2[i].
   RMS_1   ... RMS(feature, minimally_violated_basis_restraint, NUMB).
   RMS_2   ... RMS(feature, best_value, NUMB).
   MOL.PDF ... scaled contribution to -Ln(Molecular pdf).

 #                     RESTRAINT_GROUP      NUM   NUMVI  NUMVP   RMS_1   RMS_2         MOL.PDF     S_i
------------------------------------------------------------------------------------------------------
 1 Bond length potential              :      27       0      0   0.004   0.004     0.10905       1.000
 2 Bond angle potential               :      36       0      0   2.326   2.326      3.3352       1.000
 3 Stereochemical cosine torsion poten:      14       0      0  47.960  47.960      5.8634       1.000
 4 Stereochemical improper torsion pot:       9       0      0   2.850   2.850      1.3072       1.000
 5 Soft-sphere overlap restraints     :      58       0      0   0.002   0.002     0.21061E-01   1.000
 6 Lennard-Jones 6-12 potential       :       0       0      0   0.000   0.000      0.0000       1.000
 7 Coulomb point-point electrostatic p:       0       0      0   0.000   0.000      0.0000       1.000
 8 H-bonding potential                :       0       0      0   0.000   0.000      0.0000       1.000
 9 Distance restraints 1 (CA-CA)      :      93       0      0   0.110   0.110      1.2001       1.000
10 Distance restraints 2 (N-O)        :     106       0      0   0.087   0.087     0.72110       1.000
11 Mainchain Phi dihedral restraints  :       0       0      0   0.000   0.000      0.0000       1.000
12 Mainchain Psi dihedral restraints  :       0       0      0   0.000   0.000      0.0000       1.000
13 Mainchain Omega dihedral restraints:       3       0      0   3.448   3.448     0.42069       1.000
14 Sidechain Chi_1 dihedral restraints:       3       0      0  94.548  94.548     0.84523       1.000
15 Sidechain Chi_2 dihedral restraints:       3       0      0  66.506  66.506     0.36263       1.000
16 Sidechain Chi_3 dihedral restraints:       1       0      0   1.471   1.471     0.23380       1.000
17 Sidechain Chi_4 dihedral restraints:       1       0      0 119.032 119.032     0.78411       1.000
18 Disulfide distance restraints      :       0       0      0   0.000   0.000      0.0000       1.000
19 Disulfide angle restraints         :       0       0      0   0.000   0.000      0.0000       1.000
20 Disulfide dihedral angle restraints:       0       0      0   0.000   0.000      0.0000       1.000
21 Lower bound distance restraints    :       0       0      0   0.000   0.000      0.0000       1.000
22 Upper bound distance restraints    :       0       0      0   0.000   0.000      0.0000       1.000
23 Distance restraints 3 (SDCH-MNCH)  :      77       0      0   0.648   0.648     0.68367       1.000
24 Sidechain Chi_5 dihedral restraints:       0       0      0   0.000   0.000      0.0000       1.000
25 Phi/Psi pair of dihedral restraints:       3       0      0   8.157  18.427    -0.35255       1.000
26 Distance restraints 4 (SDCH-SDCH)  :      65       0      0   0.653   0.653      3.3852       1.000
27 Distance restraints 5 (X-Y)        :       0       0      0   0.000   0.000      0.0000       1.000
28 NMR distance restraints 6 (X-Y)    :       0       0      0   0.000   0.000      0.0000       1.000
29 NMR distance restraints 7 (X-Y)    :       0       0      0   0.000   0.000      0.0000       1.000
30 Minimal distance restraints        :       0       0      0   0.000   0.000      0.0000       1.000
31 Non-bonded restraints              :       0       0      0   0.000   0.000      0.0000       1.000
32 Atomic accessibility restraints    :       0       0      0   0.000   0.000      0.0000       1.000
33 Atomic density restraints          :       0       0      0   0.000   0.000      0.0000       1.000
34 Absolute position restraints       :       0       0      0   0.000   0.000      0.0000       1.000
35 Dihedral angle difference restraint:       0       0      0   0.000   0.000      0.0000       1.000
36 GBSA implicit solvent potential    :       0       0      0   0.000   0.000      0.0000       1.000
37 EM density fitting potential       :       0       0      0   0.000   0.000      0.0000       1.000
38 SAXS restraints                    :       0       0      0   0.000   0.000      0.0000       1.000
39 Symmetry restraints                :       0       0      0   0.000   0.000      0.0000       1.000



openf___224_> Open           5HG8_A_full.V99990001
# Heavy relative violation of each residue is written to: 5HG8_A_full.V99990001
# The profile is NOT normalized by the number of restraints.
# The profiles are smoothed over a window of residues:    1
# The sum of all numbers in the file:     392.7133



List of the violated restraints:
   A restraint is violated when the relative difference
   from the best value (RVIOL) is larger than CUTOFF.

   ICSR   ... index of a restraint in the current set.
   RESNO  ... residue numbers of the first two atoms.
   ATM    ... IUPAC atom names of the first two atoms.
   FEAT   ... the value of the feature in the model.
   restr  ... the mean of the basis restraint with the smallest
              difference from the model (local minimum).
   viol   ... difference from the local minimum.
   rviol  ... relative difference from the local minimum.
   RESTR  ... the best value (global minimum).
   VIOL   ... difference from the best value.
   RVIOL  ... relative difference from the best value.



report______> Distribution of short non-bonded contacts:


DISTANCE1:  0.00 2.10 2.20 2.30 2.40 2.50 2.60 2.70 2.80 2.90 3.00 3.10 3.20 3.30 3.40
DISTANCE2:  2.10 2.20 2.30 2.40 2.50 2.60 2.70 2.80 2.90 3.00 3.10 3.20 3.30 3.40 3.50
FREQUENCY:     0    0    0    0    0    1    9   29   82  142  143  187  248  327  374


<< end of ENERGY.
openf___224_> Open           5HG8_A_full.B99990001.pdb
wrpdb___568_> Residues, atoms, selected atoms:      277     2232     2232

>> Summary of successfully produced models:
Filename                          molpdf
----------------------------------------
5HG8_A_full.B99990001.pdb       18.91983


Dynamically allocated memory at          finish [B,KiB,MiB]:      5059977    4941.384     4.826
Starting time                                            : 2018/02/20 13:04:27
Closing time                                             : 2018/02/20 13:04:29
Total CPU time [seconds]                                 :       2.14
