
                         MODELLER 9.19, 2017/07/19, r11078

     PROTEIN STRUCTURE MODELLING BY SATISFACTION OF SPATIAL RESTRAINTS


                     Copyright(c) 1989-2017 Andrej Sali
                            All Rights Reserved

                             Written by A. Sali
                               with help from
              B. Webb, M.S. Madhusudhan, M-Y. Shen, G.Q. Dong,
          M.A. Marti-Renom, N. Eswar, F. Alber, M. Topf, B. Oliva,
             A. Fiser, R. Sanchez, B. Yerkovich, A. Badretdinov,
                     F. Melo, J.P. Overington, E. Feyfant
                 University of California, San Francisco, USA
                    Rockefeller University, New York, USA
                      Harvard University, Cambridge, USA
                   Imperial Cancer Research Fund, London, UK
              Birkbeck College, University of London, London, UK


Kind, OS, HostName, Kernel, Processor: 4, Linux german-xps 4.14.6-041406-generic x86_64
Date and time of compilation         : 2017/07/19 15:03:51
MODELLER executable type             : x86_64-intel8
Job starting time (YY/MM/DD HH:MM:SS): 2018/02/20 13:00:32

openf___224_> Open           $(LIB)/restyp.lib
openf___224_> Open           ${MODINSTALL9v19}/modlib/resgrp.lib
rdresgr_266_> Number of residue groups:        2
openf___224_> Open           ${MODINSTALL9v19}/modlib/sstruc.lib

Dynamically allocated memory at   amaxlibraries [B,KiB,MiB]:       191566     187.076     0.183

Dynamically allocated memory at   amaxlibraries [B,KiB,MiB]:       192094     187.592     0.183
openf___224_> Open           ${MODINSTALL9v19}/modlib/resdih.lib

Dynamically allocated memory at   amaxlibraries [B,KiB,MiB]:       240694     235.053     0.230
rdrdih__263_> Number of dihedral angle types         :        9
              Maximal number of dihedral angle optima:        3
              Dihedral angle names                   :  Alph Phi Psi Omeg chi1 chi2 chi3 chi4 chi5
openf___224_> Open           ${MODINSTALL9v19}/modlib/radii.lib

Dynamically allocated memory at   amaxlibraries [B,KiB,MiB]:       253994     248.041     0.242
openf___224_> Open           ${MODINSTALL9v19}/modlib/radii14.lib
openf___224_> Open           ${MODINSTALL9v19}/modlib/af_mnchdef.lib
rdwilmo_274_> Mainchain residue conformation classes:  APBLE
openf___224_> Open           ${MODINSTALL9v19}/modlib/mnch.lib
rdclass_257_> Number of classes:        5
openf___224_> Open           ${MODINSTALL9v19}/modlib/mnch1.lib
openf___224_> Open           ${MODINSTALL9v19}/modlib/mnch2.lib
openf___224_> Open           ${MODINSTALL9v19}/modlib/mnch3.lib
openf___224_> Open           ${MODINSTALL9v19}/modlib/xs4.mat
rdrrwgh_268_> Number of residue types:       21
openf___224_> Open           /home/german/labo/18/egfr/model/2ITN_A/to_model_2ITN_A

Dynamically allocated memory at   amaxalignment [B,KiB,MiB]:       265487     259.265     0.253

Dynamically allocated memory at   amaxalignment [B,KiB,MiB]:       266937     260.681     0.255

Dynamically allocated memory at   amaxalignment [B,KiB,MiB]:       269837     263.513     0.257

Dynamically allocated memory at   amaxalignment [B,KiB,MiB]:       275637     269.177     0.263

Dynamically allocated memory at   amaxalignment [B,KiB,MiB]:       392693     383.489     0.375

Dynamically allocated memory at    amaxsequence [B,KiB,MiB]:       393905     384.673     0.376

Dynamically allocated memory at    amaxsequence [B,KiB,MiB]:       395009     385.751     0.377

Read the alignment from file       : /home/german/labo/18/egfr/model/2ITN_A/to_model_2ITN_A
Total number of alignment positions:   313

  #  Code        #_Res #_Segm PDB_code    Name
-------------------------------------------------------------------------------
  1     2ITN_A     304      1      2ITN_A
  2  2ITN_A_fu     277      1
check_a_343_> >> BEGINNING OF COMMAND
openf___224_> Open           ./2ITN_A.pdb

Dynamically allocated memory at amaxcoordinates [B,KiB,MiB]:       487934     476.498     0.465

Dynamically allocated memory at    amaxsequence [B,KiB,MiB]:       487934     476.498     0.465

Dynamically allocated memory at amaxcoordinates [B,KiB,MiB]:       488105     476.665     0.465

Dynamically allocated memory at amaxcoordinates [B,KiB,MiB]:       488955     477.495     0.466

Dynamically allocated memory at amaxcoordinates [B,KiB,MiB]:       490213     478.724     0.468

Dynamically allocated memory at amaxcoordinates [B,KiB,MiB]:       492117     480.583     0.469

Dynamically allocated memory at    amaxsequence [B,KiB,MiB]:       492117     480.583     0.469

Dynamically allocated memory at amaxcoordinates [B,KiB,MiB]:       492207     480.671     0.469

Dynamically allocated memory at amaxcoordinates [B,KiB,MiB]:       495063     483.460     0.472

Dynamically allocated memory at    amaxsequence [B,KiB,MiB]:       495063     483.460     0.472

Dynamically allocated memory at amaxcoordinates [B,KiB,MiB]:       495198     483.592     0.472

Dynamically allocated memory at amaxcoordinates [B,KiB,MiB]:       499482     487.775     0.476

Dynamically allocated memory at    amaxsequence [B,KiB,MiB]:       499482     487.775     0.476

Dynamically allocated memory at amaxcoordinates [B,KiB,MiB]:       499680     487.969     0.477

Dynamically allocated memory at amaxcoordinates [B,KiB,MiB]:       506106     494.244     0.483

Dynamically allocated memory at    amaxsequence [B,KiB,MiB]:       506106     494.244     0.483

Dynamically allocated memory at amaxcoordinates [B,KiB,MiB]:       506403     494.534     0.483

Dynamically allocated memory at amaxcoordinates [B,KiB,MiB]:       516025     503.931     0.492

Dynamically allocated memory at    amaxsequence [B,KiB,MiB]:       516025     503.931     0.492

Dynamically allocated memory at amaxcoordinates [B,KiB,MiB]:       516475     504.370     0.493

Dynamically allocated memory at amaxcoordinates [B,KiB,MiB]:       530925     518.481     0.506

Dynamically allocated memory at    amaxsequence [B,KiB,MiB]:       530925     518.481     0.506

Dynamically allocated memory at amaxcoordinates [B,KiB,MiB]:       531600     519.141     0.507

Dynamically allocated memory at amaxcoordinates [B,KiB,MiB]:       553258     540.291     0.528

Dynamically allocated memory at    amaxsequence [B,KiB,MiB]:       553258     540.291     0.528

Dynamically allocated memory at amaxcoordinates [B,KiB,MiB]:       554266     541.275     0.529

Dynamically allocated memory at amaxcoordinates [B,KiB,MiB]:       586770     573.018     0.560

Dynamically allocated memory at   amaxstructure [B,KiB,MiB]:       586473     572.728     0.559

check_ali___> Checking the sequence-structure alignment. 

Implied intrachain target CA(i)-CA(i+1) distances longer than  8.0 angstroms:

ALN_POS  TMPL  RID1  RID2  NAM1  NAM2     DIST
----------------------------------------------
END OF TABLE
check_a_344_> << END OF COMMAND
openf___224_> Open           ${LIB}/top_heav.lib
read_to_681_> topology.submodel read from topology file:        3
openf___224_> Open           ${LIB}/par.lib

Dynamically allocated memory at  amaxparameters [B,KiB,MiB]:       725725     708.716     0.692

Dynamically allocated memory at  amaxparameters [B,KiB,MiB]:       727325     710.278     0.694

Dynamically allocated memory at  amaxparameters [B,KiB,MiB]:       731305     714.165     0.697

Dynamically allocated memory at  amaxparameters [B,KiB,MiB]:       733305     716.118     0.699

Dynamically allocated memory at  amaxparameters [B,KiB,MiB]:       736305     719.048     0.702

Dynamically allocated memory at  amaxparameters [B,KiB,MiB]:       740805     723.442     0.706

Dynamically allocated memory at  amaxparameters [B,KiB,MiB]:       746377     728.884     0.712

Dynamically allocated memory at  amaxparameters [B,KiB,MiB]:       749177     731.618     0.714

Dynamically allocated memory at  amaxparameters [B,KiB,MiB]:       753377     735.720     0.718

Dynamically allocated memory at  amaxparameters [B,KiB,MiB]:       759677     741.872     0.724

Dynamically allocated memory at  amaxparameters [B,KiB,MiB]:       762449     744.579     0.727

Dynamically allocated memory at  amaxparameters [B,KiB,MiB]:       763849     745.946     0.728
read_pa_232_> parameters    BONDS   ANGLS  DIHEDS IMPROPS    MODE
                              227     561     661     112       0

Dynamically allocated memory at       amaxmodel [B,KiB,MiB]:       807181     788.263     0.770

Dynamically allocated memory at       amaxmodel [B,KiB,MiB]:      1027093    1003.021     0.980

Dynamically allocated memory at       amaxmodel [B,KiB,MiB]:      1060109    1035.263     1.011

mkilst______> segment topology constructed from sequence and RTF:
              segments residues atoms bonds angles dihedrals impropers:
                     1      277  2225  2275      0         0       926

Dynamically allocated memory at       amaxmodel [B,KiB,MiB]:      1155549    1128.466     1.102

patch_______> segment topology patched using RTF:     1  ;  LEU  ;  NTER
              segments residues atoms bonds angles dihedrals impropers:
                     1      277  2225  2275   3077      3659       926


Dynamically allocated memory at       amaxmodel [B,KiB,MiB]:      1247645    1218.403     1.190
patch_______> segment topology patched using RTF:   277  ;  LEU  ;  CTER
              segments residues atoms bonds angles dihedrals impropers:
                     1      277  2226  2276   3079      3661       927

genseg______> segment topology constructed from sequence and RTF:
              segments residues atoms bonds angles dihedrals impropers:
                     1      277  2226  2276   3079      3661       927
transfe_506_> MODEL is an average of all templates.
transfe_511_> Number of templates for coordinate transfer:        1
              After transferring coordinates of the equivalent template atoms,
              there are defined, undefined atoms in MODEL:     2154       72
openf___224_> Open           2ITN_A_full.ini
wrpdb___568_> Residues, atoms, selected atoms:      277     2226     2226
make_re_417_> Restraint type to be calculated:  stereo

Dynamically allocated memory at  amaxrestraints [B,KiB,MiB]:      1354694    1322.943     1.292

Dynamically allocated memory at  amaxrestraints [B,KiB,MiB]:      1362886    1330.943     1.300

Dynamically allocated memory at  amaxrestraints [B,KiB,MiB]:      1379270    1346.943     1.315

Dynamically allocated memory at  amaxrestraints [B,KiB,MiB]:      1412038    1378.943     1.347

Dynamically allocated memory at  amaxrestraints [B,KiB,MiB]:      1444806    1410.943     1.378

Dynamically allocated memory at  amaxrestraints [B,KiB,MiB]:      1510342    1474.943     1.440

Dynamically allocated memory at  amaxrestraints [B,KiB,MiB]:      1543110    1506.943     1.472

Dynamically allocated memory at  amaxrestraints [B,KiB,MiB]:      1575878    1538.943     1.503

Dynamically allocated memory at  amaxrestraints [B,KiB,MiB]:      1641414    1602.943     1.565

Dynamically allocated memory at  amaxrestraints [B,KiB,MiB]:      1772486    1730.943     1.690

Dynamically allocated memory at  amaxrestraints [B,KiB,MiB]:      1838022    1794.943     1.753

Dynamically allocated memory at  amaxrestraints [B,KiB,MiB]:      1903558    1858.943     1.815

Dynamically allocated memory at  amaxrestraints [B,KiB,MiB]:      2034630    1986.943     1.940

Dynamically allocated memory at  amaxrestraints [B,KiB,MiB]:      2296774    2242.943     2.190
r_stere_606_> Stereochemical restraints were constructed from RTF & PRMF.
              Added bond,angle,dihedral,improper restraints  :     2276    3079    3501     913
              Total number of restraints before, now         :        0     9769
make_re_422_> Number of previous, current restraints         :        0     9769
make_re_423_> Number of previous, current selected restraints:        0     9769
make_re_417_> Restraint type to be calculated:  phi-psi_binormal

Dynamically allocated memory at   amaxstructure [B,KiB,MiB]:      2457486    2399.889     2.344
openf___224_> Open           ${MODINSTALL9v19}/modlib/mnch1.bin
openf___224_> Open           ${MODINSTALL9v19}/modlib/mnch1.mdt
errdih__638_> Missing atoms in a dihedral, residue index, residue type:        5      284  HIS
errdih__638_> Missing atoms in a dihedral, residue index, residue type:        5      286  LEU
errdih__638_> Missing atoms in a dihedral, residue index, residue type:        5      287  MET
errdih__638_> Missing atoms in a dihedral, residue index, residue type:        5      288  ASP
errdih__638_> Missing atoms in a dihedral, residue index, residue type:        5      290  GLU
errdih__638_> Missing atoms in a dihedral, residue index, residue type:        5      291  ASP
errdih__638_> Missing atoms in a dihedral, residue index, residue type:        6      284  HIS
errdih__638_> Missing atoms in a dihedral, residue index, residue type:        6      286  LEU
errdih__638_> Missing atoms in a dihedral, residue index, residue type:        6      287  MET
errdih__638_> Missing atoms in a dihedral, residue index, residue type:        6      288  ASP
errdih__638_> Missing atoms in a dihedral, residue index, residue type:        6      290  GLU
errdih__638_> Missing atoms in a dihedral, residue index, residue type:        6      291  ASP
errdih__638_> Missing atoms in a dihedral, residue index, residue type:        7      287  MET
errdih__638_> Missing atoms in a dihedral, residue index, residue type:        7      290  GLU
getdata_643_> Protein accepted:  2ITN_A
getdata_289_> Proteins (all/accepted):        1        1

Dynamically allocated memory at  amaxrestraints [B,KiB,MiB]:      2588574    2527.904     2.469
make_re_422_> Number of previous, current restraints         :     9769    10044
make_re_423_> Number of previous, current selected restraints:     9769    10044
make_re_417_> Restraint type to be calculated:  omega_dihedral

Dynamically allocated memory at   amaxstructure [B,KiB,MiB]:      2588574    2527.904     2.469
openf___224_> Open           ${MODINSTALL9v19}/modlib/omega.bin
openf___224_> Open           ${MODINSTALL9v19}/modlib/omega.mdt
getdata_643_> Protein accepted:  2ITN_A
getdata_289_> Proteins (all/accepted):        1        1
omgdel__425_> Unselected all O C +N +CA dihedrals:      290
              (This is to avoid clashes between STEREO
              and OMEGA_DIHEDRAL restraints)
make_re_422_> Number of previous, current restraints         :    10044    10320
make_re_423_> Number of previous, current selected restraints:    10044    10030
make_re_417_> Restraint type to be calculated:  chi1_dihedral

Dynamically allocated memory at   amaxstructure [B,KiB,MiB]:      2588574    2527.904     2.469
openf___224_> Open           ${MODINSTALL9v19}/modlib/chi1234.bin
openf___224_> Open           ${MODINSTALL9v19}/modlib/chi1.mdt
getdata_643_> Protein accepted:  2ITN_A
getdata_289_> Proteins (all/accepted):        1        1

Dynamically allocated memory at  amaxrestraints [B,KiB,MiB]:      2719646    2655.904     2.594
make_re_422_> Number of previous, current restraints         :    10320    10565
make_re_423_> Number of previous, current selected restraints:    10030    10275
make_re_417_> Restraint type to be calculated:  chi2_dihedral

Dynamically allocated memory at   amaxstructure [B,KiB,MiB]:      2719646    2655.904     2.594
openf___224_> Open           ${MODINSTALL9v19}/modlib/chi1234.bin
openf___224_> Open           ${MODINSTALL9v19}/modlib/chi2.mdt
getdata_643_> Protein accepted:  2ITN_A
getdata_289_> Proteins (all/accepted):        1        1
make_re_422_> Number of previous, current restraints         :    10565    10757
make_re_423_> Number of previous, current selected restraints:    10275    10467
make_re_417_> Restraint type to be calculated:  chi3_dihedral

Dynamically allocated memory at   amaxstructure [B,KiB,MiB]:      2719646    2655.904     2.594
openf___224_> Open           ${MODINSTALL9v19}/modlib/chi1234.bin
openf___224_> Open           ${MODINSTALL9v19}/modlib/chi3.mdt
getdata_643_> Protein accepted:  2ITN_A
getdata_289_> Proteins (all/accepted):        1        1
make_re_422_> Number of previous, current restraints         :    10757    10846
make_re_423_> Number of previous, current selected restraints:    10467    10556
make_re_417_> Restraint type to be calculated:  chi4_dihedral

Dynamically allocated memory at   amaxstructure [B,KiB,MiB]:      2719646    2655.904     2.594
openf___224_> Open           ${MODINSTALL9v19}/modlib/chi1234.bin
openf___224_> Open           ${MODINSTALL9v19}/modlib/chi4.mdt
mdtrsr__446W> A potential that relies on one protein is used, yet you have at
              least one known structure available. MDT, not library, potential is used.
getdata_643_> Protein accepted:  2ITN_A
getdata_289_> Proteins (all/accepted):        1        1
make_re_422_> Number of previous, current restraints         :    10846    10883
make_re_423_> Number of previous, current selected restraints:    10556    10593
make_re_417_> Restraint type to be calculated:  DISTANCE

Dynamically allocated memory at amaxhash_contac [B,KiB,MiB]:      3360698    3281.932     3.205
make_re_422_> Number of previous, current restraints         :    10883    16262
make_re_423_> Number of previous, current selected restraints:    10593    15972
make_re_417_> Restraint type to be calculated:  DISTANCE

Dynamically allocated memory at  amaxrestraints [B,KiB,MiB]:      3622842    3537.932     3.455

Dynamically allocated memory at  amaxrestraints [B,KiB,MiB]:      3884986    3793.932     3.705

Dynamically allocated memory at  amaxrestraints [B,KiB,MiB]:      4409274    4305.932     4.205
make_re_422_> Number of previous, current restraints         :    16262    21720
make_re_423_> Number of previous, current selected restraints:    15972    21430
make_re_417_> Restraint type to be calculated:  DISTANCE

Dynamically allocated memory at  amaxrestraints [B,KiB,MiB]:      4671418    4561.932     4.455
make_re_422_> Number of previous, current restraints         :    21720    26107
make_re_423_> Number of previous, current selected restraints:    21430    25817
make_re_417_> Restraint type to be calculated:  DISTANCE
make_re_422_> Number of previous, current restraints         :    26107    28796
make_re_423_> Number of previous, current selected restraints:    25817    28506
0 atoms in HETATM/BLK residues constrained
to protein atoms within 2.30 angstroms
and protein CA atoms within 10.00 angstroms
make_re_417_> Restraint type to be calculated:  DISTANCE
make_re_422_> Number of previous, current restraints         :    28796    28796
make_re_423_> Number of previous, current selected restraints:    28506    28506
make_re_417_> Restraint type to be calculated:  DISTANCE
make_re_422_> Number of previous, current restraints         :    28796    28796
make_re_423_> Number of previous, current selected restraints:    28506    28506
make_re_417_> Restraint type to be calculated:  DISTANCE
make_re_422_> Number of previous, current restraints         :    28796    28796
make_re_423_> Number of previous, current selected restraints:    28506    28506
make_re_417_> Restraint type to be calculated:  DISTANCE
make_re_422_> Number of previous, current restraints         :    28796    28796
make_re_423_> Number of previous, current selected restraints:    28506    28506
0 atoms in residues without defined topology
constrained to be rigid bodies
make_re_417_> Restraint type to be calculated:  DISTANCE
make_re_422_> Number of previous, current restraints         :    28796    28796
make_re_423_> Number of previous, current selected restraints:    28506    28506
rmdupl__427_>     1737 redundant cosine dihedral restraints were unselected.
condens_443_> Restraints marked for deletion were removed.
              Total number of restraints before, now:    28796    26769
openf___224_> Open           2ITN_A_full.rsr
openf___224_> Open           2ITN_A_full.rsr

Dynamically allocated memory at  amaxrestraints [B,KiB,MiB]:      4711409    4600.985     4.493
rdcsr2__307_> Number of restraints read    :    26769
              Number of excluded pairs read:        0
              Number of pseudo atoms read  :        0
rdcsrs__304_> Restraints in memory, selected restraints:    26769    26769
              Explicitly excluded atom pairs in memory :        0
              Pseudo atoms in memory                   :        0
132 (of 2226 total) atoms selected for optimization
openf___224_> Open           2ITN_A_full.ini

Dynamically allocated memory at       amaxmodel [B,KiB,MiB]:      4711433    4601.009     4.493
read_mo_297_> Segments, residues, atoms:        1      277     2226
read_mo_298_> Segment:        1     1   277     2226
randomi_498_> Atoms,selected atoms,random_seed,amplitude:     2226      132        1        4.0000
randomi_496_> Amplitude is > 0; randomization is done.
pick_re_612_> Number of MODEL atoms, selected restraints;      132      849
pick_re_612_> Number of MODEL atoms, selected restraints;      132      956
pick_re_612_> Number of MODEL atoms, selected restraints;      132     1016
pick_re_612_> Number of MODEL atoms, selected restraints;      132     1082
pick_re_612_> Number of MODEL atoms, selected restraints;      132     1205
pick_re_612_> Number of MODEL atoms, selected restraints;      132     1393
pick_re_612_> Number of MODEL atoms, selected restraints;      132     1726
pick_re_612_> Number of MODEL atoms, selected restraints;      132     2046

Dynamically allocated memory at  amaxrestraints [B,KiB,MiB]:      5057437    4938.903     4.823
pick_re_612_> Number of MODEL atoms, selected restraints;      132     2085
pick_re_612_> Number of MODEL atoms, selected restraints;      132     2085
pick_re_612_> Number of MODEL atoms, selected restraints;      132     2085
iupac_m_486_> OE1/2 will be swapped:     -113.7805        9     9
iupac_m_486_> OE1/2 will be swapped:       95.3061       34    34
iupac_m_486_> OE1/2 will be swapped:      165.7250       47    47
iupac_m_486_> OE1/2 will be swapped:     -104.3259       60    60
iupac_m_485_> OD1/2 will be swapped:      160.9595       98    98
iupac_m_486_> OE1/2 will be swapped:     -140.6376      102   102
iupac_m_483_> CD1/2 CE1/2 swapped:      -99.7593      111   111
iupac_m_397W> Atoms were not swapped because of the uncertainty of how to handle the H atom.
iupac_m_486_> OE1/2 will be swapped:     -170.7698      127   127
iupac_m_485_> OD1/2 will be swapped:      160.9607      128   128
iupac_m_486_> OE1/2 will be swapped:      179.9477      166   166
iupac_m_483_> CD1/2 CE1/2 swapped:       90.0183      167   167
iupac_m_397W> Atoms were not swapped because of the uncertainty of how to handle the H atom.
iupac_m_486_> OE1/2 will be swapped:      179.9344      170   170
iupac_m_485_> OD1/2 will be swapped:      166.5868      194   194
iupac_m_483_> CD1/2 CE1/2 swapped:      -90.1661      198   198
iupac_m_397W> Atoms were not swapped because of the uncertainty of how to handle the H atom.
iupac_m_485_> OD1/2 will be swapped:     -169.4862      214   214
iupac_m_486_> OE1/2 will be swapped:     -178.8461      229   229
iupac_m_483_> CD1/2 CE1/2 swapped:     -122.7456      242   242
iupac_m_397W> Atoms were not swapped because of the uncertainty of how to handle the H atom.
iupac_m_485_> OD1/2 will be swapped:     -133.4185      252   252
iupac_m_485_> OD1/2 will be swapped:      144.4393      254   254
iupac_m_487_> NH1/2 swapped:      178.5281      260   260
iupac_m_486_> OE1/2 will be swapped:      117.2159      265   265
iupac_m_485_> OD1/2 will be swapped:     -172.1202      272   272
iupac_m_483_> CD1/2 CE1/2 swapped:      101.6484      276   276
iupac_m_397W> Atoms were not swapped because of the uncertainty of how to handle the H atom.


>> ENERGY; Differences between the model's features and restraints:
Number of all residues in MODEL                   :      277
Number of all, selected real atoms                :     2226     132
Number of all, selected pseudo atoms              :        0       0
Number of all static, selected restraints         :    26769    2085
COVALENT_CYS                                      :        F
NONBONDED_SEL_ATOMS                               :        1
Number of non-bonded pairs (excluding 1-2,1-3,1-4):      246
Dynamic pairs routine                             : 5, NATM_SEL x NATM double loop
Atomic shift for contacts update (UPDATE_DYNAMIC) :    0.390
LENNARD_JONES_SWITCH                              :    6.500   7.500
COULOMB_JONES_SWITCH                              :    6.500   7.500
RESIDUE_SPAN_RANGE                                :        0   99999
NLOGN_USE                                         :       15
CONTACT_SHELL                                     :    4.000
DYNAMIC_PAIRS,_SPHERE,_COULOMB,_LENNARD,_MODELLER :        T       T       F       F       F
SPHERE_STDV                                       :    0.050
RADII_FACTOR                                      :    0.820
Current energy                                    :        6970.2783





Summary of the restraint violations: 

   NUM     ... number of restraints.
   NUMVI   ... number of restraints with RVIOL > VIOL_REPORT_CUT[i].
   RVIOL   ... relative difference from the best value.
   NUMVP   ... number of restraints with -Ln(pdf) > VIOL_REPORT_CUT2[i].
   RMS_1   ... RMS(feature, minimally_violated_basis_restraint, NUMB).
   RMS_2   ... RMS(feature, best_value, NUMB).
   MOL.PDF ... scaled contribution to -Ln(Molecular pdf).

 #                     RESTRAINT_GROUP      NUM   NUMVI  NUMVP   RMS_1   RMS_2         MOL.PDF     S_i
------------------------------------------------------------------------------------------------------
 1 Bond length potential              :     136      14     16   0.305   0.305      3804.4       1.000
 2 Bond angle potential               :     184      28     38  15.382  15.382      888.31       1.000
 3 Stereochemical cosine torsion poten:      88       0      3  47.852  47.852      33.121       1.000
 4 Stereochemical improper torsion pot:      47       3      5   7.861   7.861      64.639       1.000
 5 Soft-sphere overlap restraints     :     246       2      2   0.027   0.027      21.594       1.000
 6 Lennard-Jones 6-12 potential       :       0       0      0   0.000   0.000      0.0000       1.000
 7 Coulomb point-point electrostatic p:       0       0      0   0.000   0.000      0.0000       1.000
 8 H-bonding potential                :       0       0      0   0.000   0.000      0.0000       1.000
 9 Distance restraints 1 (CA-CA)      :     520      49     82   1.681   1.681      1244.7       1.000
10 Distance restraints 2 (N-O)        :     495      29     60   1.417   1.417      676.86       1.000
11 Mainchain Phi dihedral restraints  :       0       0      0   0.000   0.000      0.0000       1.000
12 Mainchain Psi dihedral restraints  :       0       0      0   0.000   0.000      0.0000       1.000
13 Mainchain Omega dihedral restraints:      17       0      2   8.833   8.833      15.642       1.000
14 Sidechain Chi_1 dihedral restraints:      14       0      4  97.517  97.517      25.222       1.000
15 Sidechain Chi_2 dihedral restraints:      13       0      2  50.464  50.464      9.2473       1.000
16 Sidechain Chi_3 dihedral restraints:       7       0      0  61.854  61.854      4.9920       1.000
17 Sidechain Chi_4 dihedral restraints:       4       0      1  62.729  62.729      3.9261       1.000
18 Disulfide distance restraints      :       0       0      0   0.000   0.000      0.0000       1.000
19 Disulfide angle restraints         :       0       0      0   0.000   0.000      0.0000       1.000
20 Disulfide dihedral angle restraints:       0       0      0   0.000   0.000      0.0000       1.000
21 Lower bound distance restraints    :       0       0      0   0.000   0.000      0.0000       1.000
22 Upper bound distance restraints    :       0       0      0   0.000   0.000      0.0000       1.000
23 Distance restraints 3 (SDCH-MNCH)  :     258       0      0   1.386   1.386      18.061       1.000
24 Sidechain Chi_5 dihedral restraints:       0       0      0   0.000   0.000      0.0000       1.000
25 Phi/Psi pair of dihedral restraints:      18       5      8  46.446  68.353      71.358       1.000
26 Distance restraints 4 (SDCH-SDCH)  :     284       0     13   1.982   1.982      88.209       1.000
27 Distance restraints 5 (X-Y)        :       0       0      0   0.000   0.000      0.0000       1.000
28 NMR distance restraints 6 (X-Y)    :       0       0      0   0.000   0.000      0.0000       1.000
29 NMR distance restraints 7 (X-Y)    :       0       0      0   0.000   0.000      0.0000       1.000
30 Minimal distance restraints        :       0       0      0   0.000   0.000      0.0000       1.000
31 Non-bonded restraints              :       0       0      0   0.000   0.000      0.0000       1.000
32 Atomic accessibility restraints    :       0       0      0   0.000   0.000      0.0000       1.000
33 Atomic density restraints          :       0       0      0   0.000   0.000      0.0000       1.000
34 Absolute position restraints       :       0       0      0   0.000   0.000      0.0000       1.000
35 Dihedral angle difference restraint:       0       0      0   0.000   0.000      0.0000       1.000
36 GBSA implicit solvent potential    :       0       0      0   0.000   0.000      0.0000       1.000
37 EM density fitting potential       :       0       0      0   0.000   0.000      0.0000       1.000
38 SAXS restraints                    :       0       0      0   0.000   0.000      0.0000       1.000
39 Symmetry restraints                :       0       0      0   0.000   0.000      0.0000       1.000



openf___224_> Open           2ITN_A_full.V99990001
# Heavy relative violation of each residue is written to: 2ITN_A_full.V99990001
# The profile is NOT normalized by the number of restraints.
# The profiles are smoothed over a window of residues:    1
# The sum of all numbers in the file:    6812.7490



List of the violated restraints:
   A restraint is violated when the relative difference
   from the best value (RVIOL) is larger than CUTOFF.

   ICSR   ... index of a restraint in the current set.
   RESNO  ... residue numbers of the first two atoms.
   ATM    ... IUPAC atom names of the first two atoms.
   FEAT   ... the value of the feature in the model.
   restr  ... the mean of the basis restraint with the smallest
              difference from the model (local minimum).
   viol   ... difference from the local minimum.
   rviol  ... relative difference from the local minimum.
   RESTR  ... the best value (global minimum).
   VIOL   ... difference from the best value.
   RVIOL  ... relative difference from the best value.


-------------------------------------------------------------------------------------------------

Feature  1                           : Bond length potential                   
List of the RVIOL violations larger than   :       4.5000

    #   ICSR  RESNO1/2 ATM1/2   INDATM1/2    FEAT   restr    viol   rviol   RESTR    VIOL   RVIOL
    1   1382 171G 172G C   N    1356 1358    2.35    1.35    1.00   35.47    1.35    1.00   35.47
    2   1383 172G 172G N   CA   1358 1359    2.58    1.43    1.15   37.85    1.43    1.15   37.85
    3   1385 172G 172G C   CA   1360 1359    2.92    1.49    1.43   41.62    1.49    1.43   41.62
    4   1386 172G 173K C   N    1360 1362    2.32    1.35    0.97   34.47    1.35    0.97   34.47
    5   1392 173K 173K N   CA   1362 1363    2.56    1.43    1.13   37.33    1.43    1.13   37.33
    6   1394 173K 173K C   CA   1369 1363    2.86    1.49    1.37   39.79    1.49    1.37   39.79
    7   1395 173K 174V C   N    1369 1371    2.30    1.35    0.95   33.74    1.35    0.95   33.74
    8   1399 174V 174V N   CA   1371 1372    2.46    1.43    1.03   33.85    1.43    1.03   33.85
    9   1401 174V 174V C   CA   1376 1372    2.43    1.49    0.94   27.32    1.49    0.94   27.32
   10   1402 174V 175P C   N    1376 1378    2.12    1.30    0.82   24.25    1.30    0.82   24.25
   11   1404 175P 175P C   CA   1383 1379    1.91    1.49    0.42   12.28    1.49    0.42   12.28
   12   1405 175P 176I C   N    1383 1385    1.56    1.35    0.22    7.74    1.35    0.22    7.74
   13   1406 175P 175P N   CA   1378 1379    2.01    1.43    0.57   18.88    1.43    0.57   18.88
   14   1415 176I 176I N   CA   1385 1386    1.64    1.43    0.21    6.86    1.43    0.21    6.86

-------------------------------------------------------------------------------------------------

Feature  2                           : Bond angle potential                    
List of the RVIOL violations larger than   :       4.5000

    #   ICSR  RESNO1/2 ATM1/2   INDATM1/2    FEAT   restr    viol   rviol   RESTR    VIOL   RVIOL
    1   4142 171G 172G C   N    1356 1358  179.02  120.00   59.02   13.41  120.00   59.02   13.41
    2   4144 172G 172G N   CA   1358 1359  159.15  107.00   52.15   14.99  107.00   52.15   14.99
    3   4146 172G 172G CA  C    1359 1360  163.51  116.50   47.01   13.52  116.50   47.01   13.52
    4   4147 172G 173K C   N    1360 1362  171.69  120.00   51.69   11.75  120.00   51.69   11.75
    5   4150 173K 173K N   CA   1362 1363  165.75  107.00   58.75   16.89  107.00   58.75   16.89
    6   4153 173K 173K CA  C    1363 1369  162.76  116.50   46.26   13.30  116.50   46.26   13.30
    7   4158 173K 174V C   N    1369 1371  162.49  120.00   42.49    9.66  120.00   42.49    9.66
    8   4161 174V 174V N   CA   1371 1372  158.77  107.00   51.77   14.88  107.00   51.77   14.88
    9   4163 174V 174V CA  CB   1372 1373  131.02  108.50   22.52    5.28  108.50   22.52    5.28
   10   4165 174V 174V CA  C    1372 1376  161.01  112.50   48.51    6.97  112.50   48.51    6.97
   11   4168 174V 175P C   N    1376 1378  153.27  117.00   36.28    9.03  117.00   36.28    9.03
   12   4171 175P 175P N   CA   1378 1379  152.98  108.20   44.78   10.18  108.20   44.78   10.18
   13   4175 175P 175P CA  C    1379 1383  134.11  116.50   17.61    5.06  116.50   17.61    5.06
   14   4183 176I 176I N   CA   1385 1386  147.47  107.00   40.47   11.64  107.00   40.47   11.64
   15   4194 177K 177K N   CA   1393 1394  123.27  107.00   16.27    4.68  107.00   16.27    4.68

-------------------------------------------------------------------------------------------------

Feature  4                           : Stereochemical improper torsion potentia
List of the RVIOL violations larger than   :       4.5000

    #   ICSR  RESNO1/2 ATM1/2   INDATM1/2    FEAT   restr    viol   rviol   RESTR    VIOL   RVIOL
    1   7383 171G 171G C   CA   1356 1355   22.62    0.00   22.62    7.96    0.00   22.62    7.96

-------------------------------------------------------------------------------------------------

Feature  9                           : Distance restraints 1 (CA-CA)           
List of the RVIOL violations larger than   :       4.5000

    #   ICSR  RESNO1/2 ATM1/2   INDATM1/2    FEAT   restr    viol   rviol   RESTR    VIOL   RVIOL
    1  12088 133H 174V CA  CA   1052 1372   18.17   13.28    4.89    8.55   13.28    4.89    8.55
    2  12128 134R 174V CA  CA   1062 1372   15.49    9.78    5.70   10.67    9.78    5.70   10.67
    3  12170 135D 174V CA  CA   1073 1372   15.14    8.96    6.19   11.90    8.96    6.19   11.90
    4  12171 135D 175P CA  CA   1073 1379   10.38    7.24    3.14    6.20    7.24    3.14    6.20
    5  12210 136L 174V CA  CA   1081 1372   18.79   12.15    6.65   12.01   12.15    6.65   12.01
    6  12211 136L 175P CA  CA   1081 1379   13.70    9.54    4.16    7.95    9.54    4.16    7.95
    7  12252 137A 174V CA  CA   1089 1372   19.44   12.51    6.93   12.47   12.51    6.93   12.47
    8  12253 137A 175P CA  CA   1089 1379   14.01    9.17    4.84    9.30    9.17    4.84    9.30
    9  12292 138A 175P CA  CA   1094 1379   16.92   12.17    4.74    8.70   12.17    4.74    8.70
   10  12325 139R 175P CA  CA   1099 1379   15.32   11.39    3.93    7.38   11.39    3.93    7.38
   11  12353 140N 175P CA  CA   1110 1379   15.30   11.77    3.52    6.57   11.77    3.52    6.57
   12  12587 174V 178W CA  CA   1372 1403   16.60    9.32    7.28    5.28    9.32    7.28    5.28
   13  12588 174V 179M CA  CA   1372 1417   16.48    8.78    7.70    7.53    8.78    7.70    7.53
   14  12589 174V 180A CA  CA   1372 1425   19.31   12.04    7.28    9.96   12.04    7.28    9.96
   15  12590 174V 181L CA  CA   1372 1430   20.01   13.09    6.93    9.64   13.09    6.93    9.64
   16  12591 174V 182E CA  CA   1372 1438   19.88   13.89    5.99    8.43   13.89    5.99    8.43
   17  12592 174V 183S CA  CA   1372 1447   16.29   10.33    5.96    9.73   10.33    5.96    9.73
   18  12593 174V 184I CA  CA   1372 1453   15.26    9.21    6.05   10.51    9.21    6.05   10.51
   19  12594 174V 185L CA  CA   1372 1461   17.26   12.44    4.82    7.77   12.44    4.82    7.77
   20  12595 174V 186H CA  CA   1372 1469   17.27   13.40    3.87    5.74   13.40    3.87    5.74
   21  12596 174V 187R CA  CA   1372 1479   14.65   10.71    3.94    6.32   10.71    3.94    6.32
   22  12597 174V 188I CA  CA   1372 1490   17.83   13.29    4.54    7.24   13.29    4.54    7.24
   23  12598 174V 189Y CA  CA   1372 1498   17.92   12.82    5.10    8.94   12.82    5.10    8.94
   24  12599 174V 197S CA  CA   1372 1571   20.78   13.00    7.78   14.04   13.00    7.78   14.04
   25  12600 174V 217P CA  CA   1372 1729   17.84   13.01    4.83    8.05   13.01    4.83    8.05
   26  12601 174V 218A CA  CA   1372 1736   15.25    9.74    5.52   10.75    9.74    5.52   10.75
   27  12602 174V 219S CA  CA   1372 1741   16.15   11.73    4.42    6.91   11.73    4.42    6.91
   28  12603 174V 221I CA  CA   1372 1756   19.16   12.60    6.56   12.93   12.60    6.56   12.93
   29  12604 174V 222S CA  CA   1372 1764   19.48   13.20    6.28   11.41   13.20    6.28   11.41
   30  12607 175P 179M CA  CA   1379 1417   10.42    6.68    3.74    5.49    6.68    3.74    5.49
   31  12608 175P 180A CA  CA   1379 1425   13.52   10.40    3.12    4.60   10.40    3.12    4.60
   32  12616 175P 193S CA  CA   1379 1536   15.70   12.63    3.07    5.73   12.63    3.07    5.73
   33  12617 175P 194D CA  CA   1379 1542   15.95   12.37    3.57    6.68   12.37    3.57    6.68
   34  12618 175P 196W CA  CA   1379 1557   17.04   12.61    4.43    8.18   12.61    4.43    8.18
   35  12619 175P 197S CA  CA   1379 1571   14.82   10.02    4.80    9.31   10.02    4.80    9.31
   36  12620 175P 198Y CA  CA   1379 1577   18.15   13.26    4.90    8.84   13.26    4.90    8.84
   37  12621 175P 200V CA  CA   1379 1593   16.96   11.55    5.41   10.05   11.55    5.41   10.05
   38  12622 175P 201T CA  CA   1379 1600   17.61   12.28    5.34    9.75   12.28    5.34    9.75
   39  12623 175P 211K CA  CA   1379 1681   16.84   12.21    4.63    8.88   12.21    4.63    8.88
   40  12624 175P 212P CA  CA   1379 1690   16.16   11.27    4.89   10.60   11.27    4.89   10.60
   41  12625 175P 213Y CA  CA   1379 1697   16.70   12.51    4.19    8.72   12.51    4.19    8.72
   42  12626 175P 214D CA  CA   1379 1709   17.47   13.64    3.83    6.93   13.64    3.83    6.93
   43  12627 175P 216I CA  CA   1379 1721   15.93   13.40    2.53    5.03   13.40    2.53    5.03
   44  12632 175P 221I CA  CA   1379 1756   13.61   11.21    2.39    5.20   11.21    2.39    5.20
   45  12655 176I 212P CA  CA   1386 1690   12.27   10.09    2.18    4.84   10.09    2.18    4.84
   46  12656 176I 213Y CA  CA   1386 1697   12.53   10.36    2.18    4.78   10.36    2.18    4.78
   47  12669 176I 230R CA  CA   1386 1823   15.99   13.56    2.43    4.91   13.56    2.43    4.91
   48  12670 176I 231L CA  CA   1386 1834   16.06   13.57    2.49    5.07   13.57    2.49    5.07
   49  12710 177K 231L CA  CA   1394 1834   12.19   10.10    2.10    4.65   10.10    2.10    4.65

-------------------------------------------------------------------------------------------------

Feature 10                           : Distance restraints 2 (N-O)             
List of the RVIOL violations larger than   :       4.5000

    #   ICSR  RESNO1/2 ATM1/2   INDATM1/2    FEAT   restr    viol   rviol   RESTR    VIOL   RVIOL
    1  16930 135D 174V N   O    1072 1377   13.85   10.33    3.52    5.73   10.33    3.52    5.73
    2  16989 137A 175P N   O    1088 1384   12.41    9.14    3.28    5.61    9.14    3.28    5.61
    3  17018 138A 175P N   O    1093 1384   14.43   10.82    3.61    6.00   10.82    3.61    6.00
    4  17589 174V 134R N   O    1371 1071   16.39    8.41    7.98   13.46    8.41    7.98   13.46
    5  17590 174V 135D N   O    1371 1079   18.88   10.70    8.17   13.18   10.70    8.17   13.18
    6  17591 174V 155G N   O    1371 1234   13.13    9.98    3.15    4.86    9.98    3.15    4.86
    7  17593 174V 183S N   O    1371 1451   16.34   10.17    6.17    9.51   10.17    6.17    9.51
    8  17595 175P 134R N   O    1378 1071   10.21    6.40    3.80    6.76    6.40    3.80    6.76
    9  17596 175P 135D N   O    1378 1079   12.95    8.59    4.37    7.49    8.59    4.37    7.49
   10  17597 175P 136L N   O    1378 1087   14.39    8.91    5.48    9.40    8.91    5.48    9.40
   11  17601 175P 178W N   O    1378 1415   13.86    7.89    5.97    5.76    7.89    5.97    5.76
   12  17602 175P 179M N   O    1378 1423   13.57    8.96    4.61    6.50    8.96    4.61    6.50
   13  17603 175P 180A N   O    1378 1428   13.76   10.01    3.75    5.44   10.01    3.75    5.44
   14  17606 175P 218A N   O    1378 1739   12.39    9.94    2.45    4.52    9.94    2.45    4.52
   15  17617 176I 212P N   O    1385 1695   11.88    8.89    2.99    5.98    8.89    2.99    5.98
   16  17618 176I 213Y N   O    1385 1707   12.98   10.41    2.57    4.84   10.41    2.57    4.84
   17  17679 179M 174V N   O    1416 1377   13.96    7.73    6.23    5.97    7.73    6.23    5.97
   18  17680 179M 175P N   O    1416 1384    7.43    3.66    3.77    5.87    3.66    3.77    5.87
   19  17705 180A 174V N   O    1424 1377   16.30   10.30    6.00    8.03   10.30    6.00    8.03
   20  17706 180A 175P N   O    1424 1384    9.61    6.67    2.95    4.58    6.67    2.95    4.58
   21  17811 184I 174V N   O    1452 1377   14.51    9.57    4.93    7.98    9.57    4.93    7.98
   22  18107 197S 175P N   O    1570 1384   12.97    8.95    4.02    7.13    8.95    4.02    7.13
   23  18143 198Y 175P N   O    1576 1384   14.59   10.51    4.07    6.94   10.51    4.07    6.94
   24  18203 200V 175P N   O    1592 1384   15.34   10.54    4.79    8.02   10.54    4.79    8.02
   25  18240 201T 175P N   O    1599 1384   15.25   10.61    4.64    7.70   10.61    4.64    7.70
   26  18519 212P 175P N   O    1689 1384   14.83   10.62    4.22    7.97   10.62    4.22    7.97
   27  18589 218A 174V N   O    1735 1377   13.39    8.53    4.86    8.63    8.53    4.86    8.63
   28  18600 219S 174V N   O    1740 1377   13.56    9.14    4.42    6.63    9.14    4.42    6.63
   29  18622 221I 174V N   O    1755 1377   16.68   10.87    5.82   10.37   10.87    5.82   10.37

-------------------------------------------------------------------------------------------------

Feature 25                           : Phi/Psi pair of dihedral restraints     
List of the RVIOL violations larger than   :       6.5000

    #   ICSR  RESNO1/2 ATM1/2   INDATM1/2    FEAT   restr    viol   rviol   RESTR    VIOL   RVIOL
    1   7912 170E 171G C   N    1352 1354 -179.94   82.20  108.28    8.39   82.20  108.28    8.39
    1        171G 171G N   CA   1354 1355   54.85    8.50                    8.50
    2   7913 171G 172G C   N    1356 1358  134.83 -167.20   57.98    1.13   82.20  173.18   10.92
    2        172G 172G N   CA   1358 1359  173.49  174.60                    8.50
    3   7914 172G 173K C   N    1360 1362  -40.23  -70.20   54.54    4.51  -62.90  135.15   16.44
    3        173K 173K N   CA   1362 1363 -174.03  140.40                  -40.80
    4   7916 174V 175P C   N    1376 1378 -146.28  -64.50   81.89    8.52  -64.50   81.89    8.52
    4        175P 175P N   CA   1378 1379  142.86  147.20                  147.20
    5   7917 175P 176I C   N    1383 1385 -101.44  -63.40   38.04    6.79  -63.40   38.04    6.79
    5        176I 176I N   CA   1385 1386  -43.43  -43.60                  -43.60


report______> Distribution of short non-bonded contacts:

  serious non-bonded atom clash:   410 1315   1.950

DISTANCE1:  0.00 2.10 2.20 2.30 2.40 2.50 2.60 2.70 2.80 2.90 3.00 3.10 3.20 3.30 3.40
DISTANCE2:  2.10 2.20 2.30 2.40 2.50 2.60 2.70 2.80 2.90 3.00 3.10 3.20 3.30 3.40 3.50
FREQUENCY:     1    0    0    3    5   13   19   44   75  116  156  195  247  297  332


<< end of ENERGY.
openf___224_> Open           2ITN_A_full.B99990001.pdb
wrpdb___568_> Residues, atoms, selected atoms:      277     2226     2226

>> Summary of successfully produced models:
Filename                          molpdf
----------------------------------------
2ITN_A_full.B99990001.pdb     6970.27832


Dynamically allocated memory at          finish [B,KiB,MiB]:      5057437    4938.903     4.823
Starting time                                            : 2018/02/20 13:00:32
Closing time                                             : 2018/02/20 13:00:42
Total CPU time [seconds]                                 :      10.70
