
                         MODELLER 9.19, 2017/07/19, r11078

     PROTEIN STRUCTURE MODELLING BY SATISFACTION OF SPATIAL RESTRAINTS


                     Copyright(c) 1989-2017 Andrej Sali
                            All Rights Reserved

                             Written by A. Sali
                               with help from
              B. Webb, M.S. Madhusudhan, M-Y. Shen, G.Q. Dong,
          M.A. Marti-Renom, N. Eswar, F. Alber, M. Topf, B. Oliva,
             A. Fiser, R. Sanchez, B. Yerkovich, A. Badretdinov,
                     F. Melo, J.P. Overington, E. Feyfant
                 University of California, San Francisco, USA
                    Rockefeller University, New York, USA
                      Harvard University, Cambridge, USA
                   Imperial Cancer Research Fund, London, UK
              Birkbeck College, University of London, London, UK


Kind, OS, HostName, Kernel, Processor: 4, Linux german-xps 4.14.6-041406-generic x86_64
Date and time of compilation         : 2017/07/19 15:03:51
MODELLER executable type             : x86_64-intel8
Job starting time (YY/MM/DD HH:MM:SS): 2018/02/20 13:02:06

openf___224_> Open           $(LIB)/restyp.lib
openf___224_> Open           ${MODINSTALL9v19}/modlib/resgrp.lib
rdresgr_266_> Number of residue groups:        2
openf___224_> Open           ${MODINSTALL9v19}/modlib/sstruc.lib

Dynamically allocated memory at   amaxlibraries [B,KiB,MiB]:       191566     187.076     0.183

Dynamically allocated memory at   amaxlibraries [B,KiB,MiB]:       192094     187.592     0.183
openf___224_> Open           ${MODINSTALL9v19}/modlib/resdih.lib

Dynamically allocated memory at   amaxlibraries [B,KiB,MiB]:       240694     235.053     0.230
rdrdih__263_> Number of dihedral angle types         :        9
              Maximal number of dihedral angle optima:        3
              Dihedral angle names                   :  Alph Phi Psi Omeg chi1 chi2 chi3 chi4 chi5
openf___224_> Open           ${MODINSTALL9v19}/modlib/radii.lib

Dynamically allocated memory at   amaxlibraries [B,KiB,MiB]:       253994     248.041     0.242
openf___224_> Open           ${MODINSTALL9v19}/modlib/radii14.lib
openf___224_> Open           ${MODINSTALL9v19}/modlib/af_mnchdef.lib
rdwilmo_274_> Mainchain residue conformation classes:  APBLE
openf___224_> Open           ${MODINSTALL9v19}/modlib/mnch.lib
rdclass_257_> Number of classes:        5
openf___224_> Open           ${MODINSTALL9v19}/modlib/mnch1.lib
openf___224_> Open           ${MODINSTALL9v19}/modlib/mnch2.lib
openf___224_> Open           ${MODINSTALL9v19}/modlib/mnch3.lib
openf___224_> Open           ${MODINSTALL9v19}/modlib/xs4.mat
rdrrwgh_268_> Number of residue types:       21
openf___224_> Open           /home/german/labo/18/egfr/model/4G5J_A/to_model_4G5J_A

Dynamically allocated memory at   amaxalignment [B,KiB,MiB]:       265487     259.265     0.253

Dynamically allocated memory at   amaxalignment [B,KiB,MiB]:       266937     260.681     0.255

Dynamically allocated memory at   amaxalignment [B,KiB,MiB]:       269837     263.513     0.257

Dynamically allocated memory at   amaxalignment [B,KiB,MiB]:       275637     269.177     0.263

Dynamically allocated memory at   amaxalignment [B,KiB,MiB]:       392693     383.489     0.375

Dynamically allocated memory at    amaxsequence [B,KiB,MiB]:       393917     384.685     0.376

Dynamically allocated memory at    amaxsequence [B,KiB,MiB]:       395021     385.763     0.377

Read the alignment from file       : /home/german/labo/18/egfr/model/4G5J_A/to_model_4G5J_A
Total number of alignment positions:   321

  #  Code        #_Res #_Segm PDB_code    Name
-------------------------------------------------------------------------------
  1     4G5J_A     307      1      4G5J_A
  2  4G5J_A_fu     277      1
check_a_343_> >> BEGINNING OF COMMAND
openf___224_> Open           ./4G5J_A.pdb

Dynamically allocated memory at amaxcoordinates [B,KiB,MiB]:       488846     477.389     0.466

Dynamically allocated memory at    amaxsequence [B,KiB,MiB]:       488846     477.389     0.466

Dynamically allocated memory at amaxcoordinates [B,KiB,MiB]:       489017     477.556     0.466

Dynamically allocated memory at amaxcoordinates [B,KiB,MiB]:       489867     478.386     0.467

Dynamically allocated memory at amaxcoordinates [B,KiB,MiB]:       491125     479.614     0.468

Dynamically allocated memory at amaxcoordinates [B,KiB,MiB]:       493029     481.474     0.470

Dynamically allocated memory at    amaxsequence [B,KiB,MiB]:       493029     481.474     0.470

Dynamically allocated memory at amaxcoordinates [B,KiB,MiB]:       493119     481.562     0.470

Dynamically allocated memory at amaxcoordinates [B,KiB,MiB]:       495975     484.351     0.473

Dynamically allocated memory at    amaxsequence [B,KiB,MiB]:       495975     484.351     0.473

Dynamically allocated memory at amaxcoordinates [B,KiB,MiB]:       496110     484.482     0.473

Dynamically allocated memory at amaxcoordinates [B,KiB,MiB]:       500394     488.666     0.477

Dynamically allocated memory at    amaxsequence [B,KiB,MiB]:       500394     488.666     0.477

Dynamically allocated memory at amaxcoordinates [B,KiB,MiB]:       500592     488.859     0.477

Dynamically allocated memory at amaxcoordinates [B,KiB,MiB]:       507018     495.135     0.484

Dynamically allocated memory at    amaxsequence [B,KiB,MiB]:       507018     495.135     0.484

Dynamically allocated memory at amaxcoordinates [B,KiB,MiB]:       507315     495.425     0.484

Dynamically allocated memory at amaxcoordinates [B,KiB,MiB]:       516937     504.821     0.493

Dynamically allocated memory at    amaxsequence [B,KiB,MiB]:       516937     504.821     0.493

Dynamically allocated memory at amaxcoordinates [B,KiB,MiB]:       517387     505.261     0.493

Dynamically allocated memory at amaxcoordinates [B,KiB,MiB]:       531837     519.372     0.507

Dynamically allocated memory at    amaxsequence [B,KiB,MiB]:       531837     519.372     0.507

Dynamically allocated memory at amaxcoordinates [B,KiB,MiB]:       532512     520.031     0.508

Dynamically allocated memory at amaxcoordinates [B,KiB,MiB]:       554170     541.182     0.528

Dynamically allocated memory at    amaxsequence [B,KiB,MiB]:       554170     541.182     0.528

Dynamically allocated memory at amaxcoordinates [B,KiB,MiB]:       555178     542.166     0.529

Dynamically allocated memory at amaxcoordinates [B,KiB,MiB]:       587682     573.908     0.560

Dynamically allocated memory at   amaxstructure [B,KiB,MiB]:       587412     573.645     0.560

check_ali___> Checking the sequence-structure alignment. 

Implied intrachain target CA(i)-CA(i+1) distances longer than  8.0 angstroms:

ALN_POS  TMPL  RID1  RID2  NAM1  NAM2     DIST
----------------------------------------------
END OF TABLE
check_a_344_> << END OF COMMAND
openf___224_> Open           ${LIB}/top_heav.lib
read_to_681_> topology.submodel read from topology file:        3
openf___224_> Open           ${LIB}/par.lib

Dynamically allocated memory at  amaxparameters [B,KiB,MiB]:       726664     709.633     0.693

Dynamically allocated memory at  amaxparameters [B,KiB,MiB]:       728264     711.195     0.695

Dynamically allocated memory at  amaxparameters [B,KiB,MiB]:       732244     715.082     0.698

Dynamically allocated memory at  amaxparameters [B,KiB,MiB]:       734244     717.035     0.700

Dynamically allocated memory at  amaxparameters [B,KiB,MiB]:       737244     719.965     0.703

Dynamically allocated memory at  amaxparameters [B,KiB,MiB]:       741744     724.359     0.707

Dynamically allocated memory at  amaxparameters [B,KiB,MiB]:       747316     729.801     0.713

Dynamically allocated memory at  amaxparameters [B,KiB,MiB]:       750116     732.535     0.715

Dynamically allocated memory at  amaxparameters [B,KiB,MiB]:       754316     736.637     0.719

Dynamically allocated memory at  amaxparameters [B,KiB,MiB]:       760616     742.789     0.725

Dynamically allocated memory at  amaxparameters [B,KiB,MiB]:       763388     745.496     0.728

Dynamically allocated memory at  amaxparameters [B,KiB,MiB]:       764788     746.863     0.729
read_pa_232_> parameters    BONDS   ANGLS  DIHEDS IMPROPS    MODE
                              227     561     661     112       0

Dynamically allocated memory at       amaxmodel [B,KiB,MiB]:       808120     789.180     0.771

Dynamically allocated memory at       amaxmodel [B,KiB,MiB]:      1027836    1003.746     0.980

Dynamically allocated memory at       amaxmodel [B,KiB,MiB]:      1060820    1035.957     1.012

mkilst______> segment topology constructed from sequence and RTF:
              segments residues atoms bonds angles dihedrals impropers:
                     1      277  2223  2273      0         0       925

Dynamically allocated memory at       amaxmodel [B,KiB,MiB]:      1156144    1129.047     1.103

patch_______> segment topology patched using RTF:     1  ;  LEU  ;  NTER
              segments residues atoms bonds angles dihedrals impropers:
                     1      277  2223  2273   3074      3654       925


Dynamically allocated memory at       amaxmodel [B,KiB,MiB]:      1248240    1218.984     1.190
patch_______> segment topology patched using RTF:   277  ;  LEU  ;  CTER
              segments residues atoms bonds angles dihedrals impropers:
                     1      277  2224  2274   3076      3656       926

genseg______> segment topology constructed from sequence and RTF:
              segments residues atoms bonds angles dihedrals impropers:
                     1      277  2224  2274   3076      3656       926
transfe_506_> MODEL is an average of all templates.
transfe_511_> Number of templates for coordinate transfer:        1
              After transferring coordinates of the equivalent template atoms,
              there are defined, undefined atoms in MODEL:     2124      100
openf___224_> Open           4G5J_A_full.ini
wrpdb___568_> Residues, atoms, selected atoms:      277     2224     2224
make_re_417_> Restraint type to be calculated:  stereo

Dynamically allocated memory at  amaxrestraints [B,KiB,MiB]:      1355289    1323.524     1.293

Dynamically allocated memory at  amaxrestraints [B,KiB,MiB]:      1363481    1331.524     1.300

Dynamically allocated memory at  amaxrestraints [B,KiB,MiB]:      1379865    1347.524     1.316

Dynamically allocated memory at  amaxrestraints [B,KiB,MiB]:      1412633    1379.524     1.347

Dynamically allocated memory at  amaxrestraints [B,KiB,MiB]:      1445401    1411.524     1.378

Dynamically allocated memory at  amaxrestraints [B,KiB,MiB]:      1510937    1475.524     1.441

Dynamically allocated memory at  amaxrestraints [B,KiB,MiB]:      1543705    1507.524     1.472

Dynamically allocated memory at  amaxrestraints [B,KiB,MiB]:      1576473    1539.524     1.503

Dynamically allocated memory at  amaxrestraints [B,KiB,MiB]:      1642009    1603.524     1.566

Dynamically allocated memory at  amaxrestraints [B,KiB,MiB]:      1773081    1731.524     1.691

Dynamically allocated memory at  amaxrestraints [B,KiB,MiB]:      1838617    1795.524     1.753

Dynamically allocated memory at  amaxrestraints [B,KiB,MiB]:      1904153    1859.524     1.816

Dynamically allocated memory at  amaxrestraints [B,KiB,MiB]:      2035225    1987.524     1.941

Dynamically allocated memory at  amaxrestraints [B,KiB,MiB]:      2297369    2243.524     2.191
r_stere_606_> Stereochemical restraints were constructed from RTF & PRMF.
              Added bond,angle,dihedral,improper restraints  :     2274    3076    3497     912
              Total number of restraints before, now         :        0     9759
make_re_422_> Number of previous, current restraints         :        0     9759
make_re_423_> Number of previous, current selected restraints:        0     9759
make_re_417_> Restraint type to be calculated:  phi-psi_binormal

Dynamically allocated memory at   amaxstructure [B,KiB,MiB]:      2458013    2400.403     2.344
openf___224_> Open           ${MODINSTALL9v19}/modlib/mnch1.bin
openf___224_> Open           ${MODINSTALL9v19}/modlib/mnch1.mdt
getdata_643_> Protein accepted:  4G5J_A
getdata_289_> Proteins (all/accepted):        1        1

Dynamically allocated memory at  amaxrestraints [B,KiB,MiB]:      2589101    2528.419     2.469
make_re_422_> Number of previous, current restraints         :     9759    10034
make_re_423_> Number of previous, current selected restraints:     9759    10034
make_re_417_> Restraint type to be calculated:  omega_dihedral

Dynamically allocated memory at   amaxstructure [B,KiB,MiB]:      2589101    2528.419     2.469
openf___224_> Open           ${MODINSTALL9v19}/modlib/omega.bin
openf___224_> Open           ${MODINSTALL9v19}/modlib/omega.mdt
getdata_643_> Protein accepted:  4G5J_A
getdata_289_> Proteins (all/accepted):        1        1
omgdel__425_> Unselected all O C +N +CA dihedrals:      290
              (This is to avoid clashes between STEREO
              and OMEGA_DIHEDRAL restraints)
make_re_422_> Number of previous, current restraints         :    10034    10310
make_re_423_> Number of previous, current selected restraints:    10034    10020
make_re_417_> Restraint type to be calculated:  chi1_dihedral

Dynamically allocated memory at   amaxstructure [B,KiB,MiB]:      2589101    2528.419     2.469
openf___224_> Open           ${MODINSTALL9v19}/modlib/chi1234.bin
openf___224_> Open           ${MODINSTALL9v19}/modlib/chi1.mdt
getdata_643_> Protein accepted:  4G5J_A
getdata_289_> Proteins (all/accepted):        1        1

Dynamically allocated memory at  amaxrestraints [B,KiB,MiB]:      2720173    2656.419     2.594
make_re_422_> Number of previous, current restraints         :    10310    10554
make_re_423_> Number of previous, current selected restraints:    10020    10264
make_re_417_> Restraint type to be calculated:  chi2_dihedral

Dynamically allocated memory at   amaxstructure [B,KiB,MiB]:      2720173    2656.419     2.594
openf___224_> Open           ${MODINSTALL9v19}/modlib/chi1234.bin
openf___224_> Open           ${MODINSTALL9v19}/modlib/chi2.mdt
getdata_643_> Protein accepted:  4G5J_A
getdata_289_> Proteins (all/accepted):        1        1
make_re_422_> Number of previous, current restraints         :    10554    10746
make_re_423_> Number of previous, current selected restraints:    10264    10456
make_re_417_> Restraint type to be calculated:  chi3_dihedral

Dynamically allocated memory at   amaxstructure [B,KiB,MiB]:      2720173    2656.419     2.594
openf___224_> Open           ${MODINSTALL9v19}/modlib/chi1234.bin
openf___224_> Open           ${MODINSTALL9v19}/modlib/chi3.mdt
getdata_643_> Protein accepted:  4G5J_A
getdata_289_> Proteins (all/accepted):        1        1
make_re_422_> Number of previous, current restraints         :    10746    10835
make_re_423_> Number of previous, current selected restraints:    10456    10545
make_re_417_> Restraint type to be calculated:  chi4_dihedral

Dynamically allocated memory at   amaxstructure [B,KiB,MiB]:      2720173    2656.419     2.594
openf___224_> Open           ${MODINSTALL9v19}/modlib/chi1234.bin
openf___224_> Open           ${MODINSTALL9v19}/modlib/chi4.mdt
mdtrsr__446W> A potential that relies on one protein is used, yet you have at
              least one known structure available. MDT, not library, potential is used.
getdata_643_> Protein accepted:  4G5J_A
getdata_289_> Proteins (all/accepted):        1        1
make_re_422_> Number of previous, current restraints         :    10835    10872
make_re_423_> Number of previous, current selected restraints:    10545    10582
make_re_417_> Restraint type to be calculated:  DISTANCE

Dynamically allocated memory at amaxhash_contac [B,KiB,MiB]:      3360649    3281.884     3.205
make_re_422_> Number of previous, current restraints         :    10872    16157
make_re_423_> Number of previous, current selected restraints:    10582    15867
make_re_417_> Restraint type to be calculated:  DISTANCE

Dynamically allocated memory at  amaxrestraints [B,KiB,MiB]:      3622793    3537.884     3.455

Dynamically allocated memory at  amaxrestraints [B,KiB,MiB]:      3884937    3793.884     3.705

Dynamically allocated memory at  amaxrestraints [B,KiB,MiB]:      4409225    4305.884     4.205
make_re_422_> Number of previous, current restraints         :    16157    21444
make_re_423_> Number of previous, current selected restraints:    15867    21154
make_re_417_> Restraint type to be calculated:  DISTANCE

Dynamically allocated memory at  amaxrestraints [B,KiB,MiB]:      4671369    4561.884     4.455
make_re_422_> Number of previous, current restraints         :    21444    25749
make_re_423_> Number of previous, current selected restraints:    21154    25459
make_re_417_> Restraint type to be calculated:  DISTANCE
make_re_422_> Number of previous, current restraints         :    25749    28324
make_re_423_> Number of previous, current selected restraints:    25459    28034
0 atoms in HETATM/BLK residues constrained
to protein atoms within 2.30 angstroms
and protein CA atoms within 10.00 angstroms
make_re_417_> Restraint type to be calculated:  DISTANCE
make_re_422_> Number of previous, current restraints         :    28324    28324
make_re_423_> Number of previous, current selected restraints:    28034    28034
make_re_417_> Restraint type to be calculated:  DISTANCE
make_re_422_> Number of previous, current restraints         :    28324    28324
make_re_423_> Number of previous, current selected restraints:    28034    28034
make_re_417_> Restraint type to be calculated:  DISTANCE
make_re_422_> Number of previous, current restraints         :    28324    28324
make_re_423_> Number of previous, current selected restraints:    28034    28034
make_re_417_> Restraint type to be calculated:  DISTANCE
make_re_422_> Number of previous, current restraints         :    28324    28324
make_re_423_> Number of previous, current selected restraints:    28034    28034
0 atoms in residues without defined topology
constrained to be rigid bodies
make_re_417_> Restraint type to be calculated:  DISTANCE
make_re_422_> Number of previous, current restraints         :    28324    28324
make_re_423_> Number of previous, current selected restraints:    28034    28034
rmdupl__427_>     1736 redundant cosine dihedral restraints were unselected.
condens_443_> Restraints marked for deletion were removed.
              Total number of restraints before, now:    28324    26298
openf___224_> Open           4G5J_A_full.rsr
openf___224_> Open           4G5J_A_full.rsr

Dynamically allocated memory at  amaxrestraints [B,KiB,MiB]:      4710489    4600.087     4.492
rdcsr2__307_> Number of restraints read    :    26298
              Number of excluded pairs read:        0
              Number of pseudo atoms read  :        0
rdcsrs__304_> Restraints in memory, selected restraints:    26298    26298
              Explicitly excluded atom pairs in memory :        0
              Pseudo atoms in memory                   :        0
174 (of 2224 total) atoms selected for optimization
openf___224_> Open           4G5J_A_full.ini

Dynamically allocated memory at       amaxmodel [B,KiB,MiB]:      4710513    4600.110     4.492
read_mo_297_> Segments, residues, atoms:        1      277     2224
read_mo_298_> Segment:        1     1   277     2224
randomi_498_> Atoms,selected atoms,random_seed,amplitude:     2224      174        1        4.0000
randomi_496_> Amplitude is > 0; randomization is done.
pick_re_612_> Number of MODEL atoms, selected restraints;      174     1124
pick_re_612_> Number of MODEL atoms, selected restraints;      174     1245
pick_re_612_> Number of MODEL atoms, selected restraints;      174     1302
pick_re_612_> Number of MODEL atoms, selected restraints;      174     1392
pick_re_612_> Number of MODEL atoms, selected restraints;      174     1673
pick_re_612_> Number of MODEL atoms, selected restraints;      174     1858
pick_re_612_> Number of MODEL atoms, selected restraints;      174     1890
pick_re_612_> Number of MODEL atoms, selected restraints;      174     2225

Dynamically allocated memory at  amaxrestraints [B,KiB,MiB]:      5056469    4937.958     4.822
pick_re_612_> Number of MODEL atoms, selected restraints;      174     2373
pick_re_612_> Number of MODEL atoms, selected restraints;      174     2373
pick_re_612_> Number of MODEL atoms, selected restraints;      174     2373
iupac_m_487_> NH1/2 swapped:     -179.9657       46    46
iupac_m_486_> OE1/2 will be swapped:      180.0000       47    47
iupac_m_487_> NH1/2 swapped:     -179.3514       74    74


>> ENERGY; Differences between the model's features and restraints:
Number of all residues in MODEL                   :      277
Number of all, selected real atoms                :     2224     174
Number of all, selected pseudo atoms              :        0       0
Number of all static, selected restraints         :    26298    2373
COVALENT_CYS                                      :        F
NONBONDED_SEL_ATOMS                               :        1
Number of non-bonded pairs (excluding 1-2,1-3,1-4):      388
Dynamic pairs routine                             : 5, NATM_SEL x NATM double loop
Atomic shift for contacts update (UPDATE_DYNAMIC) :    0.390
LENNARD_JONES_SWITCH                              :    6.500   7.500
COULOMB_JONES_SWITCH                              :    6.500   7.500
RESIDUE_SPAN_RANGE                                :        0   99999
NLOGN_USE                                         :       15
CONTACT_SHELL                                     :    4.000
DYNAMIC_PAIRS,_SPHERE,_COULOMB,_LENNARD,_MODELLER :        T       T       F       F       F
SPHERE_STDV                                       :    0.050
RADII_FACTOR                                      :    0.820
Current energy                                    :        1112.9836





Summary of the restraint violations: 

   NUM     ... number of restraints.
   NUMVI   ... number of restraints with RVIOL > VIOL_REPORT_CUT[i].
   RVIOL   ... relative difference from the best value.
   NUMVP   ... number of restraints with -Ln(pdf) > VIOL_REPORT_CUT2[i].
   RMS_1   ... RMS(feature, minimally_violated_basis_restraint, NUMB).
   RMS_2   ... RMS(feature, best_value, NUMB).
   MOL.PDF ... scaled contribution to -Ln(Molecular pdf).

 #                     RESTRAINT_GROUP      NUM   NUMVI  NUMVP   RMS_1   RMS_2         MOL.PDF     S_i
------------------------------------------------------------------------------------------------------
 1 Bond length potential              :     178      12     14   0.077   0.077      318.72       1.000
 2 Bond angle potential               :     241      14     22   7.645   7.645      300.05       1.000
 3 Stereochemical cosine torsion poten:     101       0      4  52.731  52.731      46.783       1.000
 4 Stereochemical improper torsion pot:      64       1      1   3.938   3.938      32.365       1.000
 5 Soft-sphere overlap restraints     :     388       2      4   0.022   0.022      23.121       1.000
 6 Lennard-Jones 6-12 potential       :       0       0      0   0.000   0.000      0.0000       1.000
 7 Coulomb point-point electrostatic p:       0       0      0   0.000   0.000      0.0000       1.000
 8 H-bonding potential                :       0       0      0   0.000   0.000      0.0000       1.000
 9 Distance restraints 1 (CA-CA)      :     525      10     13   0.625   0.625      137.06       1.000
10 Distance restraints 2 (N-O)        :     557       5     14   0.770   0.770      158.35       1.000
11 Mainchain Phi dihedral restraints  :       0       0      0   0.000   0.000      0.0000       1.000
12 Mainchain Psi dihedral restraints  :       0       0      0   0.000   0.000      0.0000       1.000
13 Mainchain Omega dihedral restraints:      23       1      2   7.332   7.332      14.580       1.000
14 Sidechain Chi_1 dihedral restraints:      18       0      0  48.294  48.294     -1.4239       1.000
15 Sidechain Chi_2 dihedral restraints:      18       0      1  58.435  58.435      8.7264       1.000
16 Sidechain Chi_3 dihedral restraints:       8       0      0  83.017  83.017      7.0761       1.000
17 Sidechain Chi_4 dihedral restraints:       5       0      0  53.614  53.614      2.7549       1.000
18 Disulfide distance restraints      :       0       0      0   0.000   0.000      0.0000       1.000
19 Disulfide angle restraints         :       0       0      0   0.000   0.000      0.0000       1.000
20 Disulfide dihedral angle restraints:       0       0      0   0.000   0.000      0.0000       1.000
21 Lower bound distance restraints    :       0       0      0   0.000   0.000      0.0000       1.000
22 Upper bound distance restraints    :       0       0      0   0.000   0.000      0.0000       1.000
23 Distance restraints 3 (SDCH-MNCH)  :     348       0      0   0.674   0.674      5.4838       1.000
24 Sidechain Chi_5 dihedral restraints:       0       0      0   0.000   0.000      0.0000       1.000
25 Phi/Psi pair of dihedral restraints:      25       4      6  41.848  75.295      46.122       1.000
26 Distance restraints 4 (SDCH-SDCH)  :     262       0      0   0.708   0.708      13.220       1.000
27 Distance restraints 5 (X-Y)        :       0       0      0   0.000   0.000      0.0000       1.000
28 NMR distance restraints 6 (X-Y)    :       0       0      0   0.000   0.000      0.0000       1.000
29 NMR distance restraints 7 (X-Y)    :       0       0      0   0.000   0.000      0.0000       1.000
30 Minimal distance restraints        :       0       0      0   0.000   0.000      0.0000       1.000
31 Non-bonded restraints              :       0       0      0   0.000   0.000      0.0000       1.000
32 Atomic accessibility restraints    :       0       0      0   0.000   0.000      0.0000       1.000
33 Atomic density restraints          :       0       0      0   0.000   0.000      0.0000       1.000
34 Absolute position restraints       :       0       0      0   0.000   0.000      0.0000       1.000
35 Dihedral angle difference restraint:       0       0      0   0.000   0.000      0.0000       1.000
36 GBSA implicit solvent potential    :       0       0      0   0.000   0.000      0.0000       1.000
37 EM density fitting potential       :       0       0      0   0.000   0.000      0.0000       1.000
38 SAXS restraints                    :       0       0      0   0.000   0.000      0.0000       1.000
39 Symmetry restraints                :       0       0      0   0.000   0.000      0.0000       1.000



openf___224_> Open           4G5J_A_full.V99990001
# Heavy relative violation of each residue is written to: 4G5J_A_full.V99990001
# The profile is NOT normalized by the number of restraints.
# The profiles are smoothed over a window of residues:    1
# The sum of all numbers in the file:    3878.1887



List of the violated restraints:
   A restraint is violated when the relative difference
   from the best value (RVIOL) is larger than CUTOFF.

   ICSR   ... index of a restraint in the current set.
   RESNO  ... residue numbers of the first two atoms.
   ATM    ... IUPAC atom names of the first two atoms.
   FEAT   ... the value of the feature in the model.
   restr  ... the mean of the basis restraint with the smallest
              difference from the model (local minimum).
   viol   ... difference from the local minimum.
   rviol  ... relative difference from the local minimum.
   RESTR  ... the best value (global minimum).
   VIOL   ... difference from the best value.
   RVIOL  ... relative difference from the best value.


-------------------------------------------------------------------------------------------------

Feature  1                           : Bond length potential                   
List of the RVIOL violations larger than   :       4.5000

    #   ICSR  RESNO1/2 ATM1/2   INDATM1/2    FEAT   restr    viol   rviol   RESTR    VIOL   RVIOL
    1    404  51P  52K C   N     400  402    1.60    1.35    0.25    8.96    1.35    0.25    8.96
    2    415  52K  52K N   CA    402  403    1.71    1.43    0.28    9.32    1.43    0.28    9.32
    3    417  52K  52K C   CA    409  403    1.90    1.49    0.41   11.88    1.49    0.41   11.88
    4    418  52K  53A C   N     409  411    1.59    1.35    0.24    8.55    1.35    0.24    8.55
    5    420  53A  53A N   CA    411  412    1.73    1.43    0.30    9.75    1.43    0.30    9.75
    6    422  53A  53A C   CA    414  412    1.86    1.49    0.37   10.73    1.49    0.37   10.73
    7    423  53A  54N C   N     414  416    1.59    1.35    0.25    8.83    1.35    0.25    8.83
    8    428  54N  54N N   CA    416  417    1.72    1.43    0.29    9.49    1.43    0.29    9.49
    9    430  54N  54N C   CA    422  417    1.85    1.49    0.36   10.36    1.49    0.36   10.36
   10    431  54N  55K C   N     422  424    1.58    1.35    0.24    8.40    1.35    0.24    8.40
   11    437  55K  55K N   CA    424  425    1.68    1.43    0.25    8.13    1.43    0.25    8.13
   12    439  55K  55K C   CA    431  425    1.70    1.49    0.21    6.10    1.49    0.21    6.10

-------------------------------------------------------------------------------------------------

Feature  2                           : Bond angle potential                    
List of the RVIOL violations larger than   :       4.5000

    #   ICSR  RESNO1/2 ATM1/2   INDATM1/2    FEAT   restr    viol   rviol   RESTR    VIOL   RVIOL
    1   2823  51P  52K C   N     400  402  163.68  120.00   43.68    9.93  120.00   43.68    9.93
    2   2826  52K  52K N   CA    402  403  123.35  107.00   16.35    4.70  107.00   16.35    4.70
    3   2829  52K  52K CA  C     403  409  137.71  116.50   21.21    6.10  116.50   21.21    6.10
    4   2834  52K  53A C   N     409  411  140.76  120.00   20.76    4.72  120.00   20.76    4.72
    5   2837  53A  53A N   CA    411  412  132.29  107.00   25.29    7.27  107.00   25.29    7.27
    6   2839  53A  53A CA  C     412  414  134.42  116.50   17.92    5.15  116.50   17.92    5.15
    7   2841  53A  54N C   N     414  416  142.72  120.00   22.72    5.16  120.00   22.72    5.16
    8   2844  54N  54N N   CA    416  417  137.43  107.00   30.43    8.75  107.00   30.43    8.75
    9   2847  54N  54N CA  C     417  422  133.55  116.50   17.05    4.90  116.50   17.05    4.90
   10   2852  54N  55K C   N     422  424  154.19  120.00   34.19    7.77  120.00   34.19    7.77
   11   2855  55K  55K N   CA    424  425  144.61  107.00   37.61   10.82  107.00   37.61   10.82
   12   2858  55K  55K CA  C     425  431  135.04  116.50   18.54    5.33  116.50   18.54    5.33
   13   2866  56E  56E N   CA    433  434  134.15  107.00   27.15    7.81  107.00   27.15    7.81

-------------------------------------------------------------------------------------------------

Feature  4                           : Stereochemical improper torsion potentia
List of the RVIOL violations larger than   :       4.5000

    #   ICSR  RESNO1/2 ATM1/2   INDATM1/2    FEAT   restr    viol   rviol   RESTR    VIOL   RVIOL
    1   6970  51P  51P C   CA    400  396   27.81    0.00   27.81    9.79    0.00   27.81    9.79

-------------------------------------------------------------------------------------------------

Feature  9                           : Distance restraints 1 (CA-CA)           
List of the RVIOL violations larger than   :       4.5000

    #   ICSR  RESNO1/2 ATM1/2   INDATM1/2    FEAT   restr    viol   rviol   RESTR    VIOL   RVIOL
    1   9663  55K  61A CA  CA    425  476   12.95    9.20    3.75    5.47    9.20    3.75    5.47
    2   9664  55K  62Y CA  CA    425  481   14.02   10.34    3.68    4.91   10.34    3.68    4.91
    3   9665  55K  63V CA  CA    425  493   16.16   12.75    3.41    4.98   12.75    3.41    4.98
    4   9666  55K  78I CA  CA    425  603   15.92   12.06    3.87    7.15   12.06    3.87    7.15
    5   9667  55K  79C CA  CA    425  611   16.39   12.99    3.39    6.11   12.99    3.39    6.11
    6   9668  55K  80L CA  CA    425  617   14.60   11.78    2.82    4.71   11.78    2.82    4.71
    7   9671  55K  84V CA  CA    425  645   11.28    8.45    2.84    5.43    8.45    2.84    5.43
    8   9672  55K  85Q CA  CA    425  652   14.05   10.83    3.21    5.72   10.83    3.21    5.72
    9   9673  55K  86L CA  CA    425  661   15.36   11.70    3.66    6.56   11.70    3.66    6.56
   10   9674  55K 154F CA  CA    425 1219   16.22   13.58    2.64    4.90   13.58    2.64    4.90

-------------------------------------------------------------------------------------------------

Feature 10                           : Distance restraints 2 (N-O)             
List of the RVIOL violations larger than   :       4.5000

    #   ICSR  RESNO1/2 ATM1/2   INDATM1/2    FEAT   restr    viol   rviol   RESTR    VIOL   RVIOL
    1  14761  55K  79C N   O     424  615   15.86   10.57    5.29    9.11   10.57    5.29    9.11
    2  14762  55K  83T N   O     424  643   14.60    9.92    4.69    7.09    9.92    4.69    7.09
    3  14763  55K  84V N   O     424  650   13.20    7.96    5.23    8.92    7.96    5.23    8.92
    4  14764  55K  85Q N   O     424  659   16.53   10.70    5.83    9.27   10.70    5.83    9.27
    5  14878  63V  55K N   O     492  432   12.74    9.68    3.06    4.54    9.68    3.06    4.54

-------------------------------------------------------------------------------------------------

Feature 13                           : Mainchain Omega dihedral restraints     
List of the RVIOL violations larger than   :       4.5000

    #   ICSR  RESNO1/2 ATM1/2   INDATM1/2    FEAT   restr    viol   rviol   RESTR    VIOL   RVIOL
    1   8063  55K  55K CA  C     425  431 -155.81 -180.00   24.19    4.84 -180.00   24.19    4.84

-------------------------------------------------------------------------------------------------

Feature 25                           : Phi/Psi pair of dihedral restraints     
List of the RVIOL violations larger than   :       6.5000

    #   ICSR  RESNO1/2 ATM1/2   INDATM1/2    FEAT   restr    viol   rviol   RESTR    VIOL   RVIOL
    1   7784  51P  52K C   N     400  402  141.73 -118.00  136.67    4.76  -62.90  178.18   31.12
    1         52K  52K N   CA    402  403 -128.02  139.10                  -40.80
    2   7785  52K  53A C   N     409  411 -161.55 -134.00   27.62    0.84  -62.50 -163.07   37.56
    2         53A  53A N   CA    411  412  148.89  147.00                  -40.90
    3   7786  53A  54N C   N     414  416  138.25 -119.90  101.85    4.22  -63.20 -121.41   26.23
    3         54N  54N N   CA    416  417  137.19  137.00                  -41.10
    4   7787  54N  55K C   N     422  424 -105.40  -62.90   58.75    7.20  -62.90   58.75    7.20
    4         55K  55K N   CA    424  425   -0.24  -40.80                  -40.80


report______> Distribution of short non-bonded contacts:

  serious non-bonded atom clash:   170 1362   2.245
  serious non-bonded atom clash:   170 1363   1.866
  serious non-bonded atom clash:   171 1362   1.558
  serious non-bonded atom clash:   171 1363   0.377
  serious non-bonded atom clash:   171 1364   1.477
  serious non-bonded atom clash:   172 1363   1.160
  serious non-bonded atom clash:   172 1364   0.769
  serious non-bonded atom clash:   172 1365   1.425
  serious non-bonded atom clash:   392  397   1.948

DISTANCE1:  0.00 2.10 2.20 2.30 2.40 2.50 2.60 2.70 2.80 2.90 3.00 3.10 3.20 3.30 3.40
DISTANCE2:  2.10 2.20 2.30 2.40 2.50 2.60 2.70 2.80 2.90 3.00 3.10 3.20 3.30 3.40 3.50
FREQUENCY:     8    0    1    3    4    9   14   50   89  110  159  192  253  279  376


<< end of ENERGY.
openf___224_> Open           4G5J_A_full.B99990001.pdb
wrpdb___568_> Residues, atoms, selected atoms:      277     2224     2224

>> Summary of successfully produced models:
Filename                          molpdf
----------------------------------------
4G5J_A_full.B99990001.pdb     1112.98364


Dynamically allocated memory at          finish [B,KiB,MiB]:      5056469    4937.958     4.822
Starting time                                            : 2018/02/20 13:02:06
Closing time                                             : 2018/02/20 13:02:15
Total CPU time [seconds]                                 :       9.28
