
                         MODELLER 9.19, 2017/07/19, r11078

     PROTEIN STRUCTURE MODELLING BY SATISFACTION OF SPATIAL RESTRAINTS


                     Copyright(c) 1989-2017 Andrej Sali
                            All Rights Reserved

                             Written by A. Sali
                               with help from
              B. Webb, M.S. Madhusudhan, M-Y. Shen, G.Q. Dong,
          M.A. Marti-Renom, N. Eswar, F. Alber, M. Topf, B. Oliva,
             A. Fiser, R. Sanchez, B. Yerkovich, A. Badretdinov,
                     F. Melo, J.P. Overington, E. Feyfant
                 University of California, San Francisco, USA
                    Rockefeller University, New York, USA
                      Harvard University, Cambridge, USA
                   Imperial Cancer Research Fund, London, UK
              Birkbeck College, University of London, London, UK


Kind, OS, HostName, Kernel, Processor: 4, Linux german-xps 4.14.6-041406-generic x86_64
Date and time of compilation         : 2017/07/19 15:03:51
MODELLER executable type             : x86_64-intel8
Job starting time (YY/MM/DD HH:MM:SS): 2018/02/20 13:02:39

openf___224_> Open           $(LIB)/restyp.lib
openf___224_> Open           ${MODINSTALL9v19}/modlib/resgrp.lib
rdresgr_266_> Number of residue groups:        2
openf___224_> Open           ${MODINSTALL9v19}/modlib/sstruc.lib

Dynamically allocated memory at   amaxlibraries [B,KiB,MiB]:       191566     187.076     0.183

Dynamically allocated memory at   amaxlibraries [B,KiB,MiB]:       192094     187.592     0.183
openf___224_> Open           ${MODINSTALL9v19}/modlib/resdih.lib

Dynamically allocated memory at   amaxlibraries [B,KiB,MiB]:       240694     235.053     0.230
rdrdih__263_> Number of dihedral angle types         :        9
              Maximal number of dihedral angle optima:        3
              Dihedral angle names                   :  Alph Phi Psi Omeg chi1 chi2 chi3 chi4 chi5
openf___224_> Open           ${MODINSTALL9v19}/modlib/radii.lib

Dynamically allocated memory at   amaxlibraries [B,KiB,MiB]:       253994     248.041     0.242
openf___224_> Open           ${MODINSTALL9v19}/modlib/radii14.lib
openf___224_> Open           ${MODINSTALL9v19}/modlib/af_mnchdef.lib
rdwilmo_274_> Mainchain residue conformation classes:  APBLE
openf___224_> Open           ${MODINSTALL9v19}/modlib/mnch.lib
rdclass_257_> Number of classes:        5
openf___224_> Open           ${MODINSTALL9v19}/modlib/mnch1.lib
openf___224_> Open           ${MODINSTALL9v19}/modlib/mnch2.lib
openf___224_> Open           ${MODINSTALL9v19}/modlib/mnch3.lib
openf___224_> Open           ${MODINSTALL9v19}/modlib/xs4.mat
rdrrwgh_268_> Number of residue types:       21
openf___224_> Open           /home/german/labo/18/egfr/model/4LQM_A/to_model_4LQM_A

Dynamically allocated memory at   amaxalignment [B,KiB,MiB]:       265487     259.265     0.253

Dynamically allocated memory at   amaxalignment [B,KiB,MiB]:       266937     260.681     0.255

Dynamically allocated memory at   amaxalignment [B,KiB,MiB]:       269837     263.513     0.257

Dynamically allocated memory at   amaxalignment [B,KiB,MiB]:       275637     269.177     0.263

Dynamically allocated memory at   amaxalignment [B,KiB,MiB]:       392693     383.489     0.375

Dynamically allocated memory at    amaxsequence [B,KiB,MiB]:       393909     384.677     0.376

Dynamically allocated memory at    amaxsequence [B,KiB,MiB]:       395013     385.755     0.377

Read the alignment from file       : /home/german/labo/18/egfr/model/4LQM_A/to_model_4LQM_A
Total number of alignment positions:   315

  #  Code        #_Res #_Segm PDB_code    Name
-------------------------------------------------------------------------------
  1     4LQM_A     305      1      4LQM_A
  2  4LQM_A_fu     277      1
check_a_343_> >> BEGINNING OF COMMAND
openf___224_> Open           ./4LQM_A.pdb

Dynamically allocated memory at amaxcoordinates [B,KiB,MiB]:       488238     476.795     0.466

Dynamically allocated memory at    amaxsequence [B,KiB,MiB]:       488238     476.795     0.466

Dynamically allocated memory at amaxcoordinates [B,KiB,MiB]:       488409     476.962     0.466

Dynamically allocated memory at amaxcoordinates [B,KiB,MiB]:       489259     477.792     0.467

Dynamically allocated memory at amaxcoordinates [B,KiB,MiB]:       490517     479.021     0.468

Dynamically allocated memory at amaxcoordinates [B,KiB,MiB]:       492421     480.880     0.470

Dynamically allocated memory at    amaxsequence [B,KiB,MiB]:       492421     480.880     0.470

Dynamically allocated memory at amaxcoordinates [B,KiB,MiB]:       492511     480.968     0.470

Dynamically allocated memory at amaxcoordinates [B,KiB,MiB]:       495367     483.757     0.472

Dynamically allocated memory at    amaxsequence [B,KiB,MiB]:       495367     483.757     0.472

Dynamically allocated memory at amaxcoordinates [B,KiB,MiB]:       495502     483.889     0.473

Dynamically allocated memory at amaxcoordinates [B,KiB,MiB]:       499786     488.072     0.477

Dynamically allocated memory at    amaxsequence [B,KiB,MiB]:       499786     488.072     0.477

Dynamically allocated memory at amaxcoordinates [B,KiB,MiB]:       499984     488.266     0.477

Dynamically allocated memory at amaxcoordinates [B,KiB,MiB]:       506410     494.541     0.483

Dynamically allocated memory at    amaxsequence [B,KiB,MiB]:       506410     494.541     0.483

Dynamically allocated memory at amaxcoordinates [B,KiB,MiB]:       506707     494.831     0.483

Dynamically allocated memory at amaxcoordinates [B,KiB,MiB]:       516329     504.228     0.492

Dynamically allocated memory at    amaxsequence [B,KiB,MiB]:       516329     504.228     0.492

Dynamically allocated memory at amaxcoordinates [B,KiB,MiB]:       516779     504.667     0.493

Dynamically allocated memory at amaxcoordinates [B,KiB,MiB]:       531229     518.778     0.507

Dynamically allocated memory at    amaxsequence [B,KiB,MiB]:       531229     518.778     0.507

Dynamically allocated memory at amaxcoordinates [B,KiB,MiB]:       531904     519.438     0.507

Dynamically allocated memory at amaxcoordinates [B,KiB,MiB]:       553562     540.588     0.528

Dynamically allocated memory at    amaxsequence [B,KiB,MiB]:       553562     540.588     0.528

Dynamically allocated memory at amaxcoordinates [B,KiB,MiB]:       554570     541.572     0.529

Dynamically allocated memory at amaxcoordinates [B,KiB,MiB]:       587074     573.314     0.560

Dynamically allocated memory at   amaxstructure [B,KiB,MiB]:       586786     573.033     0.560

check_ali___> Checking the sequence-structure alignment. 

Implied intrachain target CA(i)-CA(i+1) distances longer than  8.0 angstroms:

ALN_POS  TMPL  RID1  RID2  NAM1  NAM2     DIST
----------------------------------------------
END OF TABLE
check_a_344_> << END OF COMMAND
openf___224_> Open           ${LIB}/top_heav.lib
read_to_681_> topology.submodel read from topology file:        3
openf___224_> Open           ${LIB}/par.lib

Dynamically allocated memory at  amaxparameters [B,KiB,MiB]:       726038     709.021     0.692

Dynamically allocated memory at  amaxparameters [B,KiB,MiB]:       727638     710.584     0.694

Dynamically allocated memory at  amaxparameters [B,KiB,MiB]:       731618     714.471     0.698

Dynamically allocated memory at  amaxparameters [B,KiB,MiB]:       733618     716.424     0.700

Dynamically allocated memory at  amaxparameters [B,KiB,MiB]:       736618     719.354     0.702

Dynamically allocated memory at  amaxparameters [B,KiB,MiB]:       741118     723.748     0.707

Dynamically allocated memory at  amaxparameters [B,KiB,MiB]:       746690     729.189     0.712

Dynamically allocated memory at  amaxparameters [B,KiB,MiB]:       749490     731.924     0.715

Dynamically allocated memory at  amaxparameters [B,KiB,MiB]:       753690     736.025     0.719

Dynamically allocated memory at  amaxparameters [B,KiB,MiB]:       759990     742.178     0.725

Dynamically allocated memory at  amaxparameters [B,KiB,MiB]:       762762     744.885     0.727

Dynamically allocated memory at  amaxparameters [B,KiB,MiB]:       764162     746.252     0.729
read_pa_232_> parameters    BONDS   ANGLS  DIHEDS IMPROPS    MODE
                              227     561     661     112       0

Dynamically allocated memory at       amaxmodel [B,KiB,MiB]:       807494     788.568     0.770

Dynamically allocated memory at       amaxmodel [B,KiB,MiB]:      1027504    1003.422     0.980

Dynamically allocated memory at       amaxmodel [B,KiB,MiB]:      1060512    1035.656     1.011

mkilst______> segment topology constructed from sequence and RTF:
              segments residues atoms bonds angles dihedrals impropers:
                     1      277  2226  2276      0         0       925

Dynamically allocated memory at       amaxmodel [B,KiB,MiB]:      1155920    1128.828     1.102

patch_______> segment topology patched using RTF:     1  ;  LEU  ;  NTER
              segments residues atoms bonds angles dihedrals impropers:
                     1      277  2226  2276   3077      3657       925


Dynamically allocated memory at       amaxmodel [B,KiB,MiB]:      1248016    1218.766     1.190
patch_______> segment topology patched using RTF:   277  ;  LEU  ;  CTER
              segments residues atoms bonds angles dihedrals impropers:
                     1      277  2227  2277   3079      3659       926

genseg______> segment topology constructed from sequence and RTF:
              segments residues atoms bonds angles dihedrals impropers:
                     1      277  2227  2277   3079      3659       926
transfe_506_> MODEL is an average of all templates.
transfe_511_> Number of templates for coordinate transfer:        1
              After transferring coordinates of the equivalent template atoms,
              there are defined, undefined atoms in MODEL:     2143       84
openf___224_> Open           4LQM_A_full.ini
wrpdb___568_> Residues, atoms, selected atoms:      277     2227     2227
make_re_417_> Restraint type to be calculated:  stereo

Dynamically allocated memory at  amaxrestraints [B,KiB,MiB]:      1355065    1323.306     1.292

Dynamically allocated memory at  amaxrestraints [B,KiB,MiB]:      1363257    1331.306     1.300

Dynamically allocated memory at  amaxrestraints [B,KiB,MiB]:      1379641    1347.306     1.316

Dynamically allocated memory at  amaxrestraints [B,KiB,MiB]:      1412409    1379.306     1.347

Dynamically allocated memory at  amaxrestraints [B,KiB,MiB]:      1445177    1411.306     1.378

Dynamically allocated memory at  amaxrestraints [B,KiB,MiB]:      1510713    1475.306     1.441

Dynamically allocated memory at  amaxrestraints [B,KiB,MiB]:      1543481    1507.306     1.472

Dynamically allocated memory at  amaxrestraints [B,KiB,MiB]:      1576249    1539.306     1.503

Dynamically allocated memory at  amaxrestraints [B,KiB,MiB]:      1641785    1603.306     1.566

Dynamically allocated memory at  amaxrestraints [B,KiB,MiB]:      1772857    1731.306     1.691

Dynamically allocated memory at  amaxrestraints [B,KiB,MiB]:      1838393    1795.306     1.753

Dynamically allocated memory at  amaxrestraints [B,KiB,MiB]:      1903929    1859.306     1.816

Dynamically allocated memory at  amaxrestraints [B,KiB,MiB]:      2035001    1987.306     1.941

Dynamically allocated memory at  amaxrestraints [B,KiB,MiB]:      2297145    2243.306     2.191
r_stere_606_> Stereochemical restraints were constructed from RTF & PRMF.
              Added bond,angle,dihedral,improper restraints  :     2277    3079    3499     912
              Total number of restraints before, now         :        0     9767
make_re_422_> Number of previous, current restraints         :        0     9767
make_re_423_> Number of previous, current selected restraints:        0     9767
make_re_417_> Restraint type to be calculated:  phi-psi_binormal

Dynamically allocated memory at   amaxstructure [B,KiB,MiB]:      2457891    2400.284     2.344
openf___224_> Open           ${MODINSTALL9v19}/modlib/mnch1.bin
openf___224_> Open           ${MODINSTALL9v19}/modlib/mnch1.mdt
errdih__638_> Missing atoms in a dihedral, residue index, residue type:        5      280  ARG
errdih__638_> Missing atoms in a dihedral, residue index, residue type:        5      285  SER
errdih__638_> Missing atoms in a dihedral, residue index, residue type:        5      288  MET
errdih__638_> Missing atoms in a dihedral, residue index, residue type:        6      280  ARG
errdih__638_> Missing atoms in a dihedral, residue index, residue type:        6      282  HIS
errdih__638_> Missing atoms in a dihedral, residue index, residue type:        6      288  MET
errdih__638_> Missing atoms in a dihedral, residue index, residue type:        7      280  ARG
errdih__638_> Missing atoms in a dihedral, residue index, residue type:        7      288  MET
errdih__638_> Missing atoms in a dihedral, residue index, residue type:        8      280  ARG
getdata_643_> Protein accepted:  4LQM_A
getdata_289_> Proteins (all/accepted):        1        1

Dynamically allocated memory at  amaxrestraints [B,KiB,MiB]:      2588979    2528.300     2.469
make_re_422_> Number of previous, current restraints         :     9767    10042
make_re_423_> Number of previous, current selected restraints:     9767    10042
make_re_417_> Restraint type to be calculated:  omega_dihedral

Dynamically allocated memory at   amaxstructure [B,KiB,MiB]:      2588979    2528.300     2.469
openf___224_> Open           ${MODINSTALL9v19}/modlib/omega.bin
openf___224_> Open           ${MODINSTALL9v19}/modlib/omega.mdt
getdata_643_> Protein accepted:  4LQM_A
getdata_289_> Proteins (all/accepted):        1        1
omgdel__425_> Unselected all O C +N +CA dihedrals:      290
              (This is to avoid clashes between STEREO
              and OMEGA_DIHEDRAL restraints)
make_re_422_> Number of previous, current restraints         :    10042    10318
make_re_423_> Number of previous, current selected restraints:    10042    10028
make_re_417_> Restraint type to be calculated:  chi1_dihedral

Dynamically allocated memory at   amaxstructure [B,KiB,MiB]:      2588979    2528.300     2.469
openf___224_> Open           ${MODINSTALL9v19}/modlib/chi1234.bin
openf___224_> Open           ${MODINSTALL9v19}/modlib/chi1.mdt
getdata_643_> Protein accepted:  4LQM_A
getdata_289_> Proteins (all/accepted):        1        1

Dynamically allocated memory at  amaxrestraints [B,KiB,MiB]:      2720051    2656.300     2.594
make_re_422_> Number of previous, current restraints         :    10318    10562
make_re_423_> Number of previous, current selected restraints:    10028    10272
make_re_417_> Restraint type to be calculated:  chi2_dihedral

Dynamically allocated memory at   amaxstructure [B,KiB,MiB]:      2720051    2656.300     2.594
openf___224_> Open           ${MODINSTALL9v19}/modlib/chi1234.bin
openf___224_> Open           ${MODINSTALL9v19}/modlib/chi2.mdt
getdata_643_> Protein accepted:  4LQM_A
getdata_289_> Proteins (all/accepted):        1        1
make_re_422_> Number of previous, current restraints         :    10562    10754
make_re_423_> Number of previous, current selected restraints:    10272    10464
make_re_417_> Restraint type to be calculated:  chi3_dihedral

Dynamically allocated memory at   amaxstructure [B,KiB,MiB]:      2720051    2656.300     2.594
openf___224_> Open           ${MODINSTALL9v19}/modlib/chi1234.bin
openf___224_> Open           ${MODINSTALL9v19}/modlib/chi3.mdt
getdata_643_> Protein accepted:  4LQM_A
getdata_289_> Proteins (all/accepted):        1        1
make_re_422_> Number of previous, current restraints         :    10754    10844
make_re_423_> Number of previous, current selected restraints:    10464    10554
make_re_417_> Restraint type to be calculated:  chi4_dihedral

Dynamically allocated memory at   amaxstructure [B,KiB,MiB]:      2720051    2656.300     2.594
openf___224_> Open           ${MODINSTALL9v19}/modlib/chi1234.bin
openf___224_> Open           ${MODINSTALL9v19}/modlib/chi4.mdt
mdtrsr__446W> A potential that relies on one protein is used, yet you have at
              least one known structure available. MDT, not library, potential is used.
getdata_643_> Protein accepted:  4LQM_A
getdata_289_> Proteins (all/accepted):        1        1
make_re_422_> Number of previous, current restraints         :    10844    10882
make_re_423_> Number of previous, current selected restraints:    10554    10592
make_re_417_> Restraint type to be calculated:  DISTANCE

Dynamically allocated memory at amaxhash_contac [B,KiB,MiB]:      3361391    3282.608     3.206
make_re_422_> Number of previous, current restraints         :    10882    16278
make_re_423_> Number of previous, current selected restraints:    10592    15988
make_re_417_> Restraint type to be calculated:  DISTANCE

Dynamically allocated memory at  amaxrestraints [B,KiB,MiB]:      3623535    3538.608     3.456

Dynamically allocated memory at  amaxrestraints [B,KiB,MiB]:      3885679    3794.608     3.706

Dynamically allocated memory at  amaxrestraints [B,KiB,MiB]:      4409967    4306.608     4.206
make_re_422_> Number of previous, current restraints         :    16278    21697
make_re_423_> Number of previous, current selected restraints:    15988    21407
make_re_417_> Restraint type to be calculated:  DISTANCE

Dynamically allocated memory at  amaxrestraints [B,KiB,MiB]:      4672111    4562.608     4.456
make_re_422_> Number of previous, current restraints         :    21697    26175
make_re_423_> Number of previous, current selected restraints:    21407    25885
make_re_417_> Restraint type to be calculated:  DISTANCE
make_re_422_> Number of previous, current restraints         :    26175    28937
make_re_423_> Number of previous, current selected restraints:    25885    28647
0 atoms in HETATM/BLK residues constrained
to protein atoms within 2.30 angstroms
and protein CA atoms within 10.00 angstroms
make_re_417_> Restraint type to be calculated:  DISTANCE
make_re_422_> Number of previous, current restraints         :    28937    28937
make_re_423_> Number of previous, current selected restraints:    28647    28647
make_re_417_> Restraint type to be calculated:  DISTANCE
make_re_422_> Number of previous, current restraints         :    28937    28937
make_re_423_> Number of previous, current selected restraints:    28647    28647
make_re_417_> Restraint type to be calculated:  DISTANCE
make_re_422_> Number of previous, current restraints         :    28937    28937
make_re_423_> Number of previous, current selected restraints:    28647    28647
make_re_417_> Restraint type to be calculated:  DISTANCE
make_re_422_> Number of previous, current restraints         :    28937    28937
make_re_423_> Number of previous, current selected restraints:    28647    28647
0 atoms in residues without defined topology
constrained to be rigid bodies
make_re_417_> Restraint type to be calculated:  DISTANCE
make_re_422_> Number of previous, current restraints         :    28937    28937
make_re_423_> Number of previous, current selected restraints:    28647    28647
rmdupl__427_>     1737 redundant cosine dihedral restraints were unselected.
condens_443_> Restraints marked for deletion were removed.
              Total number of restraints before, now:    28937    26910
openf___224_> Open           4LQM_A_full.rsr
openf___224_> Open           4LQM_A_full.rsr

Dynamically allocated memory at  amaxrestraints [B,KiB,MiB]:      4711755    4601.323     4.493
rdcsr2__307_> Number of restraints read    :    26910
              Number of excluded pairs read:        0
              Number of pseudo atoms read  :        0
rdcsrs__304_> Restraints in memory, selected restraints:    26910    26910
              Explicitly excluded atom pairs in memory :        0
              Pseudo atoms in memory                   :        0
122 (of 2227 total) atoms selected for optimization
openf___224_> Open           4LQM_A_full.ini

Dynamically allocated memory at       amaxmodel [B,KiB,MiB]:      4711779    4601.347     4.494
read_mo_297_> Segments, residues, atoms:        1      277     2227
read_mo_298_> Segment:        1     1   277     2227
randomi_498_> Atoms,selected atoms,random_seed,amplitude:     2227      122        1        4.0000
randomi_496_> Amplitude is > 0; randomization is done.
pick_re_612_> Number of MODEL atoms, selected restraints;      122      820
pick_re_612_> Number of MODEL atoms, selected restraints;      122      949
pick_re_612_> Number of MODEL atoms, selected restraints;      122     1008
pick_re_612_> Number of MODEL atoms, selected restraints;      122     1074
pick_re_612_> Number of MODEL atoms, selected restraints;      122     1137
pick_re_612_> Number of MODEL atoms, selected restraints;      122     1287
pick_re_612_> Number of MODEL atoms, selected restraints;      122     1511
pick_re_612_> Number of MODEL atoms, selected restraints;      122     1738

Dynamically allocated memory at  amaxrestraints [B,KiB,MiB]:      5057807    4939.265     4.824
pick_re_612_> Number of MODEL atoms, selected restraints;      122     1786
pick_re_612_> Number of MODEL atoms, selected restraints;      122     1797
pick_re_612_> Number of MODEL atoms, selected restraints;      122     1797
iupac_m_487_> NH1/2 swapped:      177.4822        3     3
iupac_m_483_> CD1/2 CE1/2 swapped:       90.8511       25    25
iupac_m_397W> Atoms were not swapped because of the uncertainty of how to handle the H atom.
iupac_m_484W> Dihedral still outside +-90:      -90.8901
iupac_m_486_> OE1/2 will be swapped:      178.2743       32    32
iupac_m_486_> OE1/2 will be swapped:      175.8921       44    44
iupac_m_487_> NH1/2 swapped:      179.9720       46    46
iupac_m_486_> OE1/2 will be swapped:      179.9720       47    47
iupac_m_487_> NH1/2 swapped:      179.2651       74    74
iupac_m_485_> OD1/2 will be swapped:      166.1730       98    98
iupac_m_486_> OE1/2 will be swapped:      -98.8869      102   102
iupac_m_486_> OE1/2 will be swapped:     -171.2713      127   127
iupac_m_485_> OD1/2 will be swapped:      170.8762      128   128
iupac_m_487_> NH1/2 swapped:      179.7436      130   130
iupac_m_487_> NH1/2 swapped:      177.7933      139   139
iupac_m_487_> NH1/2 swapped:      179.7788      156   156
iupac_m_486_> OE1/2 will be swapped:     -180.0000      166   166
iupac_m_483_> CD1/2 CE1/2 swapped:       90.0155      167   167
iupac_m_397W> Atoms were not swapped because of the uncertainty of how to handle the H atom.
iupac_m_486_> OE1/2 will be swapped:     -180.0000      170   170
iupac_m_485_> OD1/2 will be swapped:      174.8528      194   194
iupac_m_483_> CD1/2 CE1/2 swapped:      -90.5970      198   198
iupac_m_397W> Atoms were not swapped because of the uncertainty of how to handle the H atom.
iupac_m_484W> Dihedral still outside +-90:       90.3542
iupac_m_486_> OE1/2 will be swapped:      101.4460      204   204
iupac_m_485_> OD1/2 will be swapped:      163.0816      214   214
iupac_m_486_> OE1/2 will be swapped:      157.2141      229   229
iupac_m_483_> CD1/2 CE1/2 swapped:     -121.7892      242   242
iupac_m_397W> Atoms were not swapped because of the uncertainty of how to handle the H atom.
iupac_m_485_> OD1/2 will be swapped:     -128.8036      252   252
iupac_m_485_> OD1/2 will be swapped:      147.5910      254   254
iupac_m_487_> NH1/2 swapped:      178.4974      260   260
iupac_m_486_> OE1/2 will be swapped:      129.4642      265   265
iupac_m_485_> OD1/2 will be swapped:     -168.1791      272   272
iupac_m_483_> CD1/2 CE1/2 swapped:       98.8058      276   276
iupac_m_397W> Atoms were not swapped because of the uncertainty of how to handle the H atom.


>> ENERGY; Differences between the model's features and restraints:
Number of all residues in MODEL                   :      277
Number of all, selected real atoms                :     2227     122
Number of all, selected pseudo atoms              :        0       0
Number of all static, selected restraints         :    26910    1797
COVALENT_CYS                                      :        F
NONBONDED_SEL_ATOMS                               :        1
Number of non-bonded pairs (excluding 1-2,1-3,1-4):      235
Dynamic pairs routine                             : 5, NATM_SEL x NATM double loop
Atomic shift for contacts update (UPDATE_DYNAMIC) :    0.390
LENNARD_JONES_SWITCH                              :    6.500   7.500
COULOMB_JONES_SWITCH                              :    6.500   7.500
RESIDUE_SPAN_RANGE                                :        0   99999
NLOGN_USE                                         :       15
CONTACT_SHELL                                     :    4.000
DYNAMIC_PAIRS,_SPHERE,_COULOMB,_LENNARD,_MODELLER :        T       T       F       F       F
SPHERE_STDV                                       :    0.050
RADII_FACTOR                                      :    0.820
Current energy                                    :        1853.6450





Summary of the restraint violations: 

   NUM     ... number of restraints.
   NUMVI   ... number of restraints with RVIOL > VIOL_REPORT_CUT[i].
   RVIOL   ... relative difference from the best value.
   NUMVP   ... number of restraints with -Ln(pdf) > VIOL_REPORT_CUT2[i].
   RMS_1   ... RMS(feature, minimally_violated_basis_restraint, NUMB).
   RMS_2   ... RMS(feature, best_value, NUMB).
   MOL.PDF ... scaled contribution to -Ln(Molecular pdf).

 #                     RESTRAINT_GROUP      NUM   NUMVI  NUMVP   RMS_1   RMS_2         MOL.PDF     S_i
------------------------------------------------------------------------------------------------------
 1 Bond length potential              :     125      14     15   0.144   0.144      787.49       1.000
 2 Bond angle potential               :     169      16     25  10.918  10.918      434.10       1.000
 3 Stereochemical cosine torsion poten:      66       0      2  51.781  51.781      31.444       1.000
 4 Stereochemical improper torsion pot:      41       1      2   4.437   4.437      27.630       1.000
 5 Soft-sphere overlap restraints     :     235       0      0   0.007   0.007      1.4740       1.000
 6 Lennard-Jones 6-12 potential       :       0       0      0   0.000   0.000      0.0000       1.000
 7 Coulomb point-point electrostatic p:       0       0      0   0.000   0.000      0.0000       1.000
 8 H-bonding potential                :       0       0      0   0.000   0.000      0.0000       1.000
 9 Distance restraints 1 (CA-CA)      :     432      14     49   1.083   1.083      334.74       1.000
10 Distance restraints 2 (N-O)        :     413       4     22   0.870   0.870      157.24       1.000
11 Mainchain Phi dihedral restraints  :       0       0      0   0.000   0.000      0.0000       1.000
12 Mainchain Psi dihedral restraints  :       0       0      0   0.000   0.000      0.0000       1.000
13 Mainchain Omega dihedral restraints:      18       0      1   5.482   5.482      6.3786       1.000
14 Sidechain Chi_1 dihedral restraints:      13       0      0  30.960  30.960     -1.7838       1.000
15 Sidechain Chi_2 dihedral restraints:      12       0      0  59.914  59.914      1.5840       1.000
16 Sidechain Chi_3 dihedral restraints:       6       0      0  49.980  49.980      2.8029       1.000
17 Sidechain Chi_4 dihedral restraints:       5       0      0  81.958  81.958      3.8490       1.000
18 Disulfide distance restraints      :       0       0      0   0.000   0.000      0.0000       1.000
19 Disulfide angle restraints         :       0       0      0   0.000   0.000      0.0000       1.000
20 Disulfide dihedral angle restraints:       0       0      0   0.000   0.000      0.0000       1.000
21 Lower bound distance restraints    :       0       0      0   0.000   0.000      0.0000       1.000
22 Upper bound distance restraints    :       0       0      0   0.000   0.000      0.0000       1.000
23 Distance restraints 3 (SDCH-MNCH)  :     279       0      0   0.669   0.669      6.7822       1.000
24 Sidechain Chi_5 dihedral restraints:       0       0      0   0.000   0.000      0.0000       1.000
25 Phi/Psi pair of dihedral restraints:      20       2      3  36.001  64.120      33.430       1.000
26 Distance restraints 4 (SDCH-SDCH)  :     198       0      0   1.050   1.050      26.482       1.000
27 Distance restraints 5 (X-Y)        :       0       0      0   0.000   0.000      0.0000       1.000
28 NMR distance restraints 6 (X-Y)    :       0       0      0   0.000   0.000      0.0000       1.000
29 NMR distance restraints 7 (X-Y)    :       0       0      0   0.000   0.000      0.0000       1.000
30 Minimal distance restraints        :       0       0      0   0.000   0.000      0.0000       1.000
31 Non-bonded restraints              :       0       0      0   0.000   0.000      0.0000       1.000
32 Atomic accessibility restraints    :       0       0      0   0.000   0.000      0.0000       1.000
33 Atomic density restraints          :       0       0      0   0.000   0.000      0.0000       1.000
34 Absolute position restraints       :       0       0      0   0.000   0.000      0.0000       1.000
35 Dihedral angle difference restraint:       0       0      0   0.000   0.000      0.0000       1.000
36 GBSA implicit solvent potential    :       0       0      0   0.000   0.000      0.0000       1.000
37 EM density fitting potential       :       0       0      0   0.000   0.000      0.0000       1.000
38 SAXS restraints                    :       0       0      0   0.000   0.000      0.0000       1.000
39 Symmetry restraints                :       0       0      0   0.000   0.000      0.0000       1.000



openf___224_> Open           4LQM_A_full.V99990001
# Heavy relative violation of each residue is written to: 4LQM_A_full.V99990001
# The profile is NOT normalized by the number of restraints.
# The profiles are smoothed over a window of residues:    1
# The sum of all numbers in the file:    3739.2646



List of the violated restraints:
   A restraint is violated when the relative difference
   from the best value (RVIOL) is larger than CUTOFF.

   ICSR   ... index of a restraint in the current set.
   RESNO  ... residue numbers of the first two atoms.
   ATM    ... IUPAC atom names of the first two atoms.
   FEAT   ... the value of the feature in the model.
   restr  ... the mean of the basis restraint with the smallest
              difference from the model (local minimum).
   viol   ... difference from the local minimum.
   rviol  ... relative difference from the local minimum.
   RESTR  ... the best value (global minimum).
   VIOL   ... difference from the best value.
   RVIOL  ... relative difference from the best value.


-------------------------------------------------------------------------------------------------

Feature  1                           : Bond length potential                   
List of the RVIOL violations larger than   :       4.5000

    #   ICSR  RESNO1/2 ATM1/2   INDATM1/2    FEAT   restr    viol   rviol   RESTR    VIOL   RVIOL
    1   1379 170E 171G C   N    1353 1355    1.82    1.35    0.47   16.68    1.35    0.47   16.68
    2   1380 171G 171G N   CA   1355 1356    1.94    1.43    0.51   16.86    1.43    0.51   16.86
    3   1382 171G 171G C   CA   1357 1356    2.14    1.49    0.65   18.76    1.49    0.65   18.76
    4   1383 171G 172G C   N    1357 1359    1.78    1.35    0.44   15.60    1.35    0.44   15.60
    5   1384 172G 172G N   CA   1359 1360    1.94    1.43    0.51   16.67    1.43    0.51   16.67
    6   1386 172G 172G C   CA   1361 1360    2.06    1.49    0.57   16.48    1.49    0.57   16.48
    7   1387 172G 173K C   N    1361 1363    1.72    1.35    0.38   13.41    1.35    0.38   13.41
    8   1393 173K 173K N   CA   1363 1364    1.88    1.43    0.45   14.70    1.43    0.45   14.70
    9   1395 173K 173K C   CA   1370 1364    1.95    1.49    0.46   13.47    1.49    0.46   13.47
   10   1396 173K 174V C   N    1370 1372    1.63    1.35    0.29   10.28    1.35    0.29   10.28
   11   1400 174V 174V N   CA   1372 1373    1.76    1.43    0.33   10.74    1.43    0.33   10.74
   12   1402 174V 174V C   CA   1377 1373    1.78    1.49    0.29    8.33    1.49    0.29    8.33
   13   1403 174V 175P C   N    1377 1379    1.53    1.30    0.23    6.68    1.30    0.23    6.68
   14   1407 175P 175P N   CA   1379 1380    1.60    1.43    0.17    5.54    1.43    0.17    5.54

-------------------------------------------------------------------------------------------------

Feature  2                           : Bond angle potential                    
List of the RVIOL violations larger than   :       4.5000

    #   ICSR  RESNO1/2 ATM1/2   INDATM1/2    FEAT   restr    viol   rviol   RESTR    VIOL   RVIOL
    1   4138 170E 171G C   N    1353 1355  162.44  120.00   42.44    9.65  120.00   42.44    9.65
    2   4140 171G 171G N   CA   1355 1356  145.27  107.00   38.27   11.00  107.00   38.27   11.00
    3   4142 171G 171G CA  C    1356 1357  146.29  116.50   29.79    8.57  116.50   29.79    8.57
    4   4143 171G 172G C   N    1357 1359  150.13  120.00   30.13    6.85  120.00   30.13    6.85
    5   4145 172G 172G N   CA   1359 1360  143.67  107.00   36.67   10.54  107.00   36.67   10.54
    6   4147 172G 172G CA  C    1360 1361  142.37  116.50   25.87    7.44  116.50   25.87    7.44
    7   4148 172G 173K C   N    1361 1363  146.85  120.00   26.85    6.10  120.00   26.85    6.10
    8   4151 173K 173K N   CA   1363 1364  142.68  107.00   35.68   10.26  107.00   35.68   10.26
    9   4154 173K 173K CA  C    1364 1370  136.88  116.50   20.38    5.86  116.50   20.38    5.86
   10   4159 173K 174V C   N    1370 1372  141.12  120.00   21.12    4.80  120.00   21.12    4.80
   11   4162 174V 174V N   CA   1372 1373  134.97  107.00   27.97    8.04  107.00   27.97    8.04
   12   4169 174V 175P C   N    1377 1379  135.52  117.00   18.52    4.61  117.00   18.52    4.61
   13   4172 175P 175P N   CA   1379 1380  135.50  108.20   27.31    6.21  108.20   27.31    6.21
   14   4184 176I 176I N   CA   1386 1387  126.98  107.00   19.98    5.74  107.00   19.98    5.74

-------------------------------------------------------------------------------------------------

Feature  9                           : Distance restraints 1 (CA-CA)           
List of the RVIOL violations larger than   :       4.5000

    #   ICSR  RESNO1/2 ATM1/2   INDATM1/2    FEAT   restr    viol   rviol   RESTR    VIOL   RVIOL
    1   9334  19G 172G CA  CA    150 1360   17.26   13.70    3.56    5.71   13.70    3.56    5.71
    2   9370  21F 172G CA  CA    159 1360   13.77   10.32    3.45    5.55   10.32    3.45    5.55
    3  12106 134R 173K CA  CA   1060 1364   15.92   12.87    3.04    5.06   12.87    3.04    5.06
    4  12150 135D 172G CA  CA   1071 1360   20.00   13.63    6.37   10.03   13.63    6.37   10.03
    5  12151 135D 173K CA  CA   1071 1364   15.29   11.45    3.84    6.61   11.45    3.84    6.61
    6  12475 155G 172G CA  CA   1230 1360   17.16   12.30    4.86    6.78   12.30    4.86    6.78
    7  12486 156R 172G CA  CA   1234 1360   16.68   11.50    5.18    7.26   11.50    5.18    7.26
    8  12589 172G 218A CA  CA   1360 1737   18.60   13.83    4.77    7.14   13.83    4.77    7.14
    9  12592 173K 177K CA  CA   1364 1395   15.63   11.52    4.11    5.37   11.52    4.11    5.37
   10  12593 173K 178W CA  CA   1364 1404   17.05   12.52    4.53    6.12   12.52    4.53    6.12
   11  12594 173K 179M CA  CA   1364 1418   16.28   12.47    3.81    5.49   12.47    3.81    5.49
   12  12597 173K 217P CA  CA   1364 1730   16.32   13.16    3.16    5.11   13.16    3.16    5.11
   13  12598 173K 218A CA  CA   1364 1737   13.73   10.48    3.25    5.71   10.48    3.25    5.71
   14  12614 174V 197S CA  CA   1373 1572   15.47   12.84    2.63    4.78   12.84    2.63    4.78

-------------------------------------------------------------------------------------------------

Feature 10                           : Distance restraints 2 (N-O)             
List of the RVIOL violations larger than   :       4.5000

    #   ICSR  RESNO1/2 ATM1/2   INDATM1/2    FEAT   restr    viol   rviol   RESTR    VIOL   RVIOL
    1  16863 135D 173K N   O    1070 1371   13.19    9.79    3.40    5.42    9.79    3.40    5.42
    2  17534 172G 155G N   O    1359 1232   17.66   10.85    6.81    9.29   10.85    6.81    9.29
    3  17605 178W 173K N   O    1403 1371   14.66   10.50    4.17    5.58   10.50    4.17    5.58
    4  17633 179M 173K N   O    1417 1371   14.59   10.92    3.66    5.17   10.92    3.66    5.17

-------------------------------------------------------------------------------------------------

Feature 25                           : Phi/Psi pair of dihedral restraints     
List of the RVIOL violations larger than   :       6.5000

    #   ICSR  RESNO1/2 ATM1/2   INDATM1/2    FEAT   restr    viol   rviol   RESTR    VIOL   RVIOL
    1   7909 169A 170E C   N    1344 1346 -179.98  -63.60  116.71   18.90  -63.60  116.71   18.90
    1        170E 170E N   CA   1346 1347  -49.03  -40.30                  -40.30
    2   7910 170E 171G C   N    1353 1355 -166.30 -167.20    2.69    0.11   82.20 -157.84   14.67
    2        171G 171G N   CA   1355 1356  177.13  174.60                    8.50


report______> Distribution of short non-bonded contacts:

  serious non-bonded atom clash:   630  634   2.299
  serious non-bonded atom clash:  1298 1309   2.254
  serious non-bonded atom clash:  1300 1303   2.167
  serious non-bonded atom clash:  1721 1726   2.298

DISTANCE1:  0.00 2.10 2.20 2.30 2.40 2.50 2.60 2.70 2.80 2.90 3.00 3.10 3.20 3.30 3.40
DISTANCE2:  2.10 2.20 2.30 2.40 2.50 2.60 2.70 2.80 2.90 3.00 3.10 3.20 3.30 3.40 3.50
FREQUENCY:     0    1    3    4    3    7   16   46   94  138  170  208  262  298  343


<< end of ENERGY.
openf___224_> Open           4LQM_A_full.B99990001.pdb
wrpdb___568_> Residues, atoms, selected atoms:      277     2227     2227

>> Summary of successfully produced models:
Filename                          molpdf
----------------------------------------
4LQM_A_full.B99990001.pdb     1853.64502


Dynamically allocated memory at          finish [B,KiB,MiB]:      5057807    4939.265     4.824
Starting time                                            : 2018/02/20 13:02:39
Closing time                                             : 2018/02/20 13:02:43
Total CPU time [seconds]                                 :       3.82
